[2024-06-19T09:01:43.602+0000] {taskinstance.py:1159} INFO - Dependencies all met for dep_context=non-requeueable deps ti=<TaskInstance: kafka_spark_dag.pyspark_consumer scheduled__2024-06-19T08:56:38.394942+00:00 [queued]>
[2024-06-19T09:01:43.608+0000] {taskinstance.py:1159} INFO - Dependencies all met for dep_context=requeueable deps ti=<TaskInstance: kafka_spark_dag.pyspark_consumer scheduled__2024-06-19T08:56:38.394942+00:00 [queued]>
[2024-06-19T09:01:43.608+0000] {taskinstance.py:1361} INFO - Starting attempt 1 of 2
[2024-06-19T09:01:43.614+0000] {taskinstance.py:1382} INFO - Executing <Task(DockerOperator): pyspark_consumer> on 2024-06-19 08:56:38.394942+00:00
[2024-06-19T09:01:43.618+0000] {standard_task_runner.py:57} INFO - Started process 2901 to run task
[2024-06-19T09:01:43.621+0000] {standard_task_runner.py:84} INFO - Running: ['***', 'tasks', 'run', 'kafka_spark_dag', 'pyspark_consumer', 'scheduled__2024-06-19T08:56:38.394942+00:00', '--job-id', '123', '--raw', '--subdir', 'DAGS_FOLDER/dag_kafka_spark.py', '--cfg-path', '/tmp/tmpfopgsskz']
[2024-06-19T09:01:43.622+0000] {standard_task_runner.py:85} INFO - Job 123: Subtask pyspark_consumer
[2024-06-19T09:01:43.652+0000] {task_command.py:416} INFO - Running <TaskInstance: kafka_spark_dag.pyspark_consumer scheduled__2024-06-19T08:56:38.394942+00:00 [running]> on host 2ad9230613d5
[2024-06-19T09:01:43.692+0000] {taskinstance.py:1662} INFO - Exporting env vars: AIRFLOW_CTX_DAG_OWNER='***' AIRFLOW_CTX_DAG_ID='kafka_spark_dag' AIRFLOW_CTX_TASK_ID='pyspark_consumer' AIRFLOW_CTX_EXECUTION_DATE='2024-06-19T08:56:38.394942+00:00' AIRFLOW_CTX_TRY_NUMBER='1' AIRFLOW_CTX_DAG_RUN_ID='scheduled__2024-06-19T08:56:38.394942+00:00'
[2024-06-19T09:01:43.764+0000] {docker.py:343} INFO - Starting docker container from image rappel-conso/spark:latest
[2024-06-19T09:01:43.817+0000] {docker.py:351} WARNING - Using remote engine or docker-in-docker and mounting temporary volume from host is not supported. Falling back to `mount_tmp_dir=False` mode. You can set `mount_tmp_dir` parameter to False to disable mounting and remove the warning
[2024-06-19T09:01:44.151+0000] {docker.py:413} INFO - [38;5;6mspark [38;5;5m09:01:44.14 [0m[38;5;2mINFO [0m ==>
[2024-06-19T09:01:44.152+0000] {docker.py:413} INFO - [38;5;6mspark [38;5;5m09:01:44.15 [0m[38;5;2mINFO [0m ==> [1mWelcome to the Bitnami spark container[0m
[2024-06-19T09:01:44.153+0000] {docker.py:413} INFO - [38;5;6mspark [38;5;5m09:01:44.15 [0m[38;5;2mINFO [0m ==> Subscribe to project updates by watching [1mhttps://github.com/bitnami/containers[0m
[2024-06-19T09:01:44.155+0000] {docker.py:413} INFO - [38;5;6mspark [38;5;5m09:01:44.15 [0m[38;5;2mINFO [0m ==> Submit issues and feature requests at [1mhttps://github.com/bitnami/containers/issues[0m
[2024-06-19T09:01:44.156+0000] {docker.py:413} INFO - [38;5;6mspark [38;5;5m09:01:44.15 [0m[38;5;2mINFO [0m ==>
[2024-06-19T09:01:44.163+0000] {docker.py:413} INFO - 
[2024-06-19T09:01:45.251+0000] {docker.py:413} INFO - :: loading settings :: url = jar:file:/opt/bitnami/spark/jars/ivy-2.5.1.jar!/org/apache/ivy/core/settings/ivysettings.xml
[2024-06-19T09:01:45.284+0000] {docker.py:413} INFO - Ivy Default Cache set to: /opt/bitnami/spark/.ivy2/cache
The jars for the packages stored in: /opt/bitnami/spark/.ivy2/jars
[2024-06-19T09:01:45.287+0000] {docker.py:413} INFO - org.postgresql#postgresql added as a dependency
org.apache.spark#spark-sql-kafka-0-10_2.12 added as a dependency
[2024-06-19T09:01:45.287+0000] {docker.py:413} INFO - :: resolving dependencies :: org.apache.spark#spark-submit-parent-7faa63a3-8a8f-4746-85a0-0335f2de4e78;1.0
	confs: [default]
[2024-06-19T09:01:46.869+0000] {docker.py:413} INFO - found org.postgresql#postgresql;42.5.4 in central
[2024-06-19T09:01:47.331+0000] {docker.py:413} INFO - found org.checkerframework#checker-qual;3.5.0 in central
[2024-06-19T09:01:52.111+0000] {docker.py:413} INFO - found org.apache.spark#spark-sql-kafka-0-10_2.12;3.5.0 in central
[2024-06-19T09:01:52.903+0000] {docker.py:413} INFO - found org.apache.spark#spark-token-provider-kafka-0-10_2.12;3.5.0 in central
[2024-06-19T09:01:53.555+0000] {docker.py:413} INFO - found org.apache.kafka#kafka-clients;3.4.1 in central
[2024-06-19T09:01:54.014+0000] {docker.py:413} INFO - found org.lz4#lz4-java;1.8.0 in central
[2024-06-19T09:01:54.498+0000] {docker.py:413} INFO - found org.xerial.snappy#snappy-java;1.1.10.3 in central
[2024-06-19T09:01:57.019+0000] {docker.py:413} INFO - found org.slf4j#slf4j-api;2.0.7 in central
[2024-06-19T09:02:01.134+0000] {docker.py:413} INFO - found org.apache.hadoop#hadoop-client-runtime;3.3.4 in central
[2024-06-19T09:02:01.667+0000] {docker.py:413} INFO - found org.apache.hadoop#hadoop-client-api;3.3.4 in central
[2024-06-19T09:02:06.014+0000] {docker.py:413} INFO - found commons-logging#commons-logging;1.1.3 in central
[2024-06-19T09:02:06.605+0000] {docker.py:413} INFO - found com.google.code.findbugs#jsr305;3.0.0 in central
[2024-06-19T09:02:12.690+0000] {docker.py:413} INFO - found org.apache.commons#commons-pool2;2.11.1 in central
[2024-06-19T09:02:12.927+0000] {docker.py:413} INFO - downloading https://repo1.maven.org/maven2/org/postgresql/postgresql/42.5.4/postgresql-42.5.4.jar ...
[2024-06-19T09:02:13.748+0000] {docker.py:413} INFO - [SUCCESSFUL ] org.postgresql#postgresql;42.5.4!postgresql.jar (1041ms)
[2024-06-19T09:02:14.019+0000] {docker.py:413} INFO - downloading https://repo1.maven.org/maven2/org/apache/spark/spark-sql-kafka-0-10_2.12/3.5.0/spark-sql-kafka-0-10_2.12-3.5.0.jar ...
[2024-06-19T09:02:14.289+0000] {docker.py:413} INFO - [SUCCESSFUL ] org.apache.spark#spark-sql-kafka-0-10_2.12;3.5.0!spark-sql-kafka-0-10_2.12.jar (539ms)
[2024-06-19T09:02:14.537+0000] {docker.py:413} INFO - downloading https://repo1.maven.org/maven2/org/checkerframework/checker-qual/3.5.0/checker-qual-3.5.0.jar ...
[2024-06-19T09:02:14.854+0000] {docker.py:413} INFO - [SUCCESSFUL ] org.checkerframework#checker-qual;3.5.0!checker-qual.jar (563ms)
[2024-06-19T09:02:15.147+0000] {docker.py:413} INFO - downloading https://repo1.maven.org/maven2/org/apache/spark/spark-token-provider-kafka-0-10_2.12/3.5.0/spark-token-provider-kafka-0-10_2.12-3.5.0.jar ...
[2024-06-19T09:02:15.466+0000] {docker.py:413} INFO - [SUCCESSFUL ] org.apache.spark#spark-token-provider-kafka-0-10_2.12;3.5.0!spark-token-provider-kafka-0-10_2.12.jar (608ms)
[2024-06-19T09:02:15.702+0000] {docker.py:413} INFO - downloading https://repo1.maven.org/maven2/org/apache/kafka/kafka-clients/3.4.1/kafka-clients-3.4.1.jar ...
[2024-06-19T09:02:16.471+0000] {docker.py:413} INFO - [SUCCESSFUL ] org.apache.kafka#kafka-clients;3.4.1!kafka-clients.jar (1004ms)
[2024-06-19T09:02:16.789+0000] {docker.py:413} INFO - downloading https://repo1.maven.org/maven2/com/google/code/findbugs/jsr305/3.0.0/jsr305-3.0.0.jar ...
[2024-06-19T09:02:17.101+0000] {docker.py:413} INFO - [SUCCESSFUL ] com.google.code.findbugs#jsr305;3.0.0!jsr305.jar (626ms)
[2024-06-19T09:02:17.401+0000] {docker.py:413} INFO - downloading https://repo1.maven.org/maven2/org/apache/commons/commons-pool2/2.11.1/commons-pool2-2.11.1.jar ...
[2024-06-19T09:02:17.722+0000] {docker.py:413} INFO - [SUCCESSFUL ] org.apache.commons#commons-pool2;2.11.1!commons-pool2.jar (616ms)
[2024-06-19T09:02:18.021+0000] {docker.py:413} INFO - downloading https://repo1.maven.org/maven2/org/apache/hadoop/hadoop-client-runtime/3.3.4/hadoop-client-runtime-3.3.4.jar ...
[2024-06-19T09:02:20.180+0000] {docker.py:413} INFO - [SUCCESSFUL ] org.apache.hadoop#hadoop-client-runtime;3.3.4!hadoop-client-runtime.jar (2457ms)
[2024-06-19T09:02:20.401+0000] {docker.py:413} INFO - downloading https://repo1.maven.org/maven2/org/lz4/lz4-java/1.8.0/lz4-java-1.8.0.jar ...
[2024-06-19T09:02:20.655+0000] {docker.py:413} INFO - [SUCCESSFUL ] org.lz4#lz4-java;1.8.0!lz4-java.jar (472ms)
[2024-06-19T09:02:20.884+0000] {docker.py:413} INFO - downloading https://repo1.maven.org/maven2/org/xerial/snappy/snappy-java/1.1.10.3/snappy-java-1.1.10.3.jar ...
[2024-06-19T09:02:21.197+0000] {docker.py:413} INFO - [SUCCESSFUL ] org.xerial.snappy#snappy-java;1.1.10.3!snappy-java.jar(bundle) (541ms)
[2024-06-19T09:02:21.498+0000] {docker.py:413} INFO - downloading https://repo1.maven.org/maven2/org/slf4j/slf4j-api/2.0.7/slf4j-api-2.0.7.jar ...
[2024-06-19T09:02:21.731+0000] {docker.py:413} INFO - [SUCCESSFUL ] org.slf4j#slf4j-api;2.0.7!slf4j-api.jar (528ms)
[2024-06-19T09:02:21.956+0000] {docker.py:413} INFO - downloading https://repo1.maven.org/maven2/org/apache/hadoop/hadoop-client-api/3.3.4/hadoop-client-api-3.3.4.jar ...
[2024-06-19T09:02:23.213+0000] {docker.py:413} INFO - [SUCCESSFUL ] org.apache.hadoop#hadoop-client-api;3.3.4!hadoop-client-api.jar (1482ms)
[2024-06-19T09:02:23.437+0000] {docker.py:413} INFO - downloading https://repo1.maven.org/maven2/commons-logging/commons-logging/1.1.3/commons-logging-1.1.3.jar ...
[2024-06-19T09:02:23.669+0000] {docker.py:413} INFO - [SUCCESSFUL ] commons-logging#commons-logging;1.1.3!commons-logging.jar (452ms)
[2024-06-19T09:02:23.672+0000] {docker.py:413} INFO - :: resolution report :: resolve 27418ms :: artifacts dl 10962ms
[2024-06-19T09:02:23.674+0000] {docker.py:413} INFO - :: modules in use:
[2024-06-19T09:02:23.675+0000] {docker.py:413} INFO - com.google.code.findbugs#jsr305;3.0.0 from central in [default]
	commons-logging#commons-logging;1.1.3 from central in [default]
	org.apache.commons#commons-pool2;2.11.1 from central in [default]
	org.apache.hadoop#hadoop-client-api;3.3.4 from central in [default]
	org.apache.hadoop#hadoop-client-runtime;3.3.4 from central in [default]
	org.apache.kafka#kafka-clients;3.4.1 from central in [default]
	org.apache.spark#spark-sql-kafka-0-10_2.12;3.5.0 from central in [default]
	org.apache.spark#spark-token-provider-kafka-0-10_2.12;3.5.0 from central in [default]
	org.checkerframework#checker-qual;3.5.0 from central in [default]
	org.lz4#lz4-java;1.8.0 from central in [default]
	org.postgresql#postgresql;42.5.4 from central in [default]
	org.slf4j#slf4j-api;2.0.7 from central in [default]
	org.xerial.snappy#snappy-java;1.1.10.3 from central in [default]
	---------------------------------------------------------------------
	|                  |            modules            ||   artifacts   |
	|       conf       | number| search|dwnlded|evicted|| number|dwnlded|
	---------------------------------------------------------------------
	|      default     |   13  |   13  |   13  |   0   ||   13  |   13  |
	---------------------------------------------------------------------
[2024-06-19T09:02:23.691+0000] {docker.py:413} INFO - :: retrieving :: org.apache.spark#spark-submit-parent-7faa63a3-8a8f-4746-85a0-0335f2de4e78
	confs: [default]
[2024-06-19T09:02:23.757+0000] {docker.py:413} INFO - 13 artifacts copied, 0 already retrieved (58001kB/67ms)
[2024-06-19T09:02:23.914+0000] {docker.py:413} INFO - 24/06/19 09:02:23 WARN NativeCodeLoader: Unable to load native-hadoop library for your platform... using builtin-java classes where applicable
[2024-06-19T09:02:24.599+0000] {docker.py:413} INFO - 24/06/19 09:02:24 INFO SparkContext: Running Spark version 3.5.0
[2024-06-19T09:02:24.599+0000] {docker.py:413} INFO - 24/06/19 09:02:24 INFO SparkContext: OS info Linux, 6.6.12-linuxkit, aarch64
[2024-06-19T09:02:24.600+0000] {docker.py:413} INFO - 24/06/19 09:02:24 INFO SparkContext: Java version 17.0.10
[2024-06-19T09:02:24.616+0000] {docker.py:413} INFO - 24/06/19 09:02:24 INFO ResourceUtils: ==============================================================
[2024-06-19T09:02:24.617+0000] {docker.py:413} INFO - 24/06/19 09:02:24 INFO ResourceUtils: No custom resources configured for spark.driver.
[2024-06-19T09:02:24.618+0000] {docker.py:413} INFO - 24/06/19 09:02:24 INFO ResourceUtils: ==============================================================
[2024-06-19T09:02:24.618+0000] {docker.py:413} INFO - 24/06/19 09:02:24 INFO SparkContext: Submitted application: PostgreSQL Connection with PySpark
[2024-06-19T09:02:24.634+0000] {docker.py:413} INFO - 24/06/19 09:02:24 INFO ResourceProfile: Default ResourceProfile created, executor resources: Map(cores -> name: cores, amount: 1, script: , vendor: , memory -> name: memory, amount: 1024, script: , vendor: , offHeap -> name: offHeap, amount: 0, script: , vendor: ), task resources: Map(cpus -> name: cpus, amount: 1.0)
[2024-06-19T09:02:24.639+0000] {docker.py:413} INFO - 24/06/19 09:02:24 INFO ResourceProfile: Limiting resource is cpu
[2024-06-19T09:02:24.640+0000] {docker.py:413} INFO - 24/06/19 09:02:24 INFO ResourceProfileManager: Added ResourceProfile id: 0
[2024-06-19T09:02:24.676+0000] {docker.py:413} INFO - 24/06/19 09:02:24 INFO SecurityManager: Changing view acls to: spark
[2024-06-19T09:02:24.678+0000] {docker.py:413} INFO - 24/06/19 09:02:24 INFO SecurityManager: Changing modify acls to: spark
[2024-06-19T09:02:24.678+0000] {docker.py:413} INFO - 24/06/19 09:02:24 INFO SecurityManager: Changing view acls groups to:
[2024-06-19T09:02:24.679+0000] {docker.py:413} INFO - 24/06/19 09:02:24 INFO SecurityManager: Changing modify acls groups to:
[2024-06-19T09:02:24.679+0000] {docker.py:413} INFO - 24/06/19 09:02:24 INFO SecurityManager: SecurityManager: authentication disabled; ui acls disabled; users with view permissions: spark; groups with view permissions: EMPTY; users with modify permissions: spark; groups with modify permissions: EMPTY
[2024-06-19T09:02:24.834+0000] {docker.py:413} INFO - 24/06/19 09:02:24 INFO Utils: Successfully started service 'sparkDriver' on port 39781.
[2024-06-19T09:02:24.851+0000] {docker.py:413} INFO - 24/06/19 09:02:24 INFO SparkEnv: Registering MapOutputTracker
[2024-06-19T09:02:24.871+0000] {docker.py:413} INFO - 24/06/19 09:02:24 INFO SparkEnv: Registering BlockManagerMaster
[2024-06-19T09:02:24.880+0000] {docker.py:413} INFO - 24/06/19 09:02:24 INFO BlockManagerMasterEndpoint: Using org.apache.spark.storage.DefaultTopologyMapper for getting topology information
[2024-06-19T09:02:24.881+0000] {docker.py:413} INFO - 24/06/19 09:02:24 INFO BlockManagerMasterEndpoint: BlockManagerMasterEndpoint up
[2024-06-19T09:02:24.883+0000] {docker.py:413} INFO - 24/06/19 09:02:24 INFO SparkEnv: Registering BlockManagerMasterHeartbeat
[2024-06-19T09:02:24.894+0000] {docker.py:413} INFO - 24/06/19 09:02:24 INFO DiskBlockManager: Created local directory at /tmp/blockmgr-762558ce-8a8f-4171-9ef4-8531763d98ee
[2024-06-19T09:02:24.902+0000] {docker.py:413} INFO - 24/06/19 09:02:24 INFO MemoryStore: MemoryStore started with capacity 434.4 MiB
[2024-06-19T09:02:24.911+0000] {docker.py:413} INFO - 24/06/19 09:02:24 INFO SparkEnv: Registering OutputCommitCoordinator
[2024-06-19T09:02:24.979+0000] {docker.py:413} INFO - 24/06/19 09:02:24 INFO JettyUtils: Start Jetty 0.0.0.0:4040 for SparkUI
[2024-06-19T09:02:25.019+0000] {docker.py:413} INFO - 24/06/19 09:02:25 INFO Utils: Successfully started service 'SparkUI' on port 4040.
[2024-06-19T09:02:25.042+0000] {docker.py:413} INFO - 24/06/19 09:02:25 INFO SparkContext: Added JAR file:///opt/bitnami/spark/.ivy2/jars/org.postgresql_postgresql-42.5.4.jar at spark://localhost:39781/jars/org.postgresql_postgresql-42.5.4.jar with timestamp 1718787744591
[2024-06-19T09:02:25.045+0000] {docker.py:413} INFO - 24/06/19 09:02:25 INFO SparkContext: Added JAR file:///opt/bitnami/spark/.ivy2/jars/org.apache.spark_spark-sql-kafka-0-10_2.12-3.5.0.jar at spark://localhost:39781/jars/org.apache.spark_spark-sql-kafka-0-10_2.12-3.5.0.jar with timestamp 1718787744591
24/06/19 09:02:25 INFO SparkContext: Added JAR file:///opt/bitnami/spark/.ivy2/jars/org.checkerframework_checker-qual-3.5.0.jar at spark://localhost:39781/jars/org.checkerframework_checker-qual-3.5.0.jar with timestamp 1718787744591
[2024-06-19T09:02:25.046+0000] {docker.py:413} INFO - 24/06/19 09:02:25 INFO SparkContext: Added JAR file:///opt/bitnami/spark/.ivy2/jars/org.apache.spark_spark-token-provider-kafka-0-10_2.12-3.5.0.jar at spark://localhost:39781/jars/org.apache.spark_spark-token-provider-kafka-0-10_2.12-3.5.0.jar with timestamp 1718787744591
[2024-06-19T09:02:25.046+0000] {docker.py:413} INFO - 24/06/19 09:02:25 INFO SparkContext: Added JAR file:///opt/bitnami/spark/.ivy2/jars/org.apache.kafka_kafka-clients-3.4.1.jar at spark://localhost:39781/jars/org.apache.kafka_kafka-clients-3.4.1.jar with timestamp 1718787744591
24/06/19 09:02:25 INFO SparkContext: Added JAR file:///opt/bitnami/spark/.ivy2/jars/com.google.code.findbugs_jsr305-3.0.0.jar at spark://localhost:39781/jars/com.google.code.findbugs_jsr305-3.0.0.jar with timestamp 1718787744591
[2024-06-19T09:02:25.046+0000] {docker.py:413} INFO - 24/06/19 09:02:25 INFO SparkContext: Added JAR file:///opt/bitnami/spark/.ivy2/jars/org.apache.commons_commons-pool2-2.11.1.jar at spark://localhost:39781/jars/org.apache.commons_commons-pool2-2.11.1.jar with timestamp 1718787744591
[2024-06-19T09:02:25.047+0000] {docker.py:413} INFO - 24/06/19 09:02:25 INFO SparkContext: Added JAR file:///opt/bitnami/spark/.ivy2/jars/org.apache.hadoop_hadoop-client-runtime-3.3.4.jar at spark://localhost:39781/jars/org.apache.hadoop_hadoop-client-runtime-3.3.4.jar with timestamp 1718787744591
24/06/19 09:02:25 INFO SparkContext: Added JAR file:///opt/bitnami/spark/.ivy2/jars/org.lz4_lz4-java-1.8.0.jar at spark://localhost:39781/jars/org.lz4_lz4-java-1.8.0.jar with timestamp 1718787744591
[2024-06-19T09:02:25.047+0000] {docker.py:413} INFO - 24/06/19 09:02:25 INFO SparkContext: Added JAR file:///opt/bitnami/spark/.ivy2/jars/org.xerial.snappy_snappy-java-1.1.10.3.jar at spark://localhost:39781/jars/org.xerial.snappy_snappy-java-1.1.10.3.jar with timestamp 1718787744591
24/06/19 09:02:25 INFO SparkContext: Added JAR file:///opt/bitnami/spark/.ivy2/jars/org.slf4j_slf4j-api-2.0.7.jar at spark://localhost:39781/jars/org.slf4j_slf4j-api-2.0.7.jar with timestamp 1718787744591
24/06/19 09:02:25 INFO SparkContext: Added JAR file:///opt/bitnami/spark/.ivy2/jars/org.apache.hadoop_hadoop-client-api-3.3.4.jar at spark://localhost:39781/jars/org.apache.hadoop_hadoop-client-api-3.3.4.jar with timestamp 1718787744591
24/06/19 09:02:25 INFO SparkContext: Added JAR file:///opt/bitnami/spark/.ivy2/jars/commons-logging_commons-logging-1.1.3.jar at spark://localhost:39781/jars/commons-logging_commons-logging-1.1.3.jar with timestamp 1718787744591
[2024-06-19T09:02:25.047+0000] {docker.py:413} INFO - 24/06/19 09:02:25 INFO SparkContext: Added file file:///opt/bitnami/spark/.ivy2/jars/org.postgresql_postgresql-42.5.4.jar at file:///opt/bitnami/spark/.ivy2/jars/org.postgresql_postgresql-42.5.4.jar with timestamp 1718787744591
[2024-06-19T09:02:25.047+0000] {docker.py:413} INFO - 24/06/19 09:02:25 INFO Utils: Copying /opt/bitnami/spark/.ivy2/jars/org.postgresql_postgresql-42.5.4.jar to /tmp/spark-99c9869c-036d-406a-aef4-dab2c4cffd15/userFiles-b23b2c9b-6770-4147-95a2-ad9f06b1bcf9/org.postgresql_postgresql-42.5.4.jar
[2024-06-19T09:02:25.052+0000] {docker.py:413} INFO - 24/06/19 09:02:25 INFO SparkContext: Added file file:///opt/bitnami/spark/.ivy2/jars/org.apache.spark_spark-sql-kafka-0-10_2.12-3.5.0.jar at file:///opt/bitnami/spark/.ivy2/jars/org.apache.spark_spark-sql-kafka-0-10_2.12-3.5.0.jar with timestamp 1718787744591
[2024-06-19T09:02:25.053+0000] {docker.py:413} INFO - 24/06/19 09:02:25 INFO Utils: Copying /opt/bitnami/spark/.ivy2/jars/org.apache.spark_spark-sql-kafka-0-10_2.12-3.5.0.jar to /tmp/spark-99c9869c-036d-406a-aef4-dab2c4cffd15/userFiles-b23b2c9b-6770-4147-95a2-ad9f06b1bcf9/org.apache.spark_spark-sql-kafka-0-10_2.12-3.5.0.jar
[2024-06-19T09:02:25.054+0000] {docker.py:413} INFO - 24/06/19 09:02:25 INFO SparkContext: Added file file:///opt/bitnami/spark/.ivy2/jars/org.checkerframework_checker-qual-3.5.0.jar at file:///opt/bitnami/spark/.ivy2/jars/org.checkerframework_checker-qual-3.5.0.jar with timestamp 1718787744591
[2024-06-19T09:02:25.055+0000] {docker.py:413} INFO - 24/06/19 09:02:25 INFO Utils: Copying /opt/bitnami/spark/.ivy2/jars/org.checkerframework_checker-qual-3.5.0.jar to /tmp/spark-99c9869c-036d-406a-aef4-dab2c4cffd15/userFiles-b23b2c9b-6770-4147-95a2-ad9f06b1bcf9/org.checkerframework_checker-qual-3.5.0.jar
[2024-06-19T09:02:25.057+0000] {docker.py:413} INFO - 24/06/19 09:02:25 INFO SparkContext: Added file file:///opt/bitnami/spark/.ivy2/jars/org.apache.spark_spark-token-provider-kafka-0-10_2.12-3.5.0.jar at file:///opt/bitnami/spark/.ivy2/jars/org.apache.spark_spark-token-provider-kafka-0-10_2.12-3.5.0.jar with timestamp 1718787744591
[2024-06-19T09:02:25.058+0000] {docker.py:413} INFO - 24/06/19 09:02:25 INFO Utils: Copying /opt/bitnami/spark/.ivy2/jars/org.apache.spark_spark-token-provider-kafka-0-10_2.12-3.5.0.jar to /tmp/spark-99c9869c-036d-406a-aef4-dab2c4cffd15/userFiles-b23b2c9b-6770-4147-95a2-ad9f06b1bcf9/org.apache.spark_spark-token-provider-kafka-0-10_2.12-3.5.0.jar
[2024-06-19T09:02:25.059+0000] {docker.py:413} INFO - 24/06/19 09:02:25 INFO SparkContext: Added file file:///opt/bitnami/spark/.ivy2/jars/org.apache.kafka_kafka-clients-3.4.1.jar at file:///opt/bitnami/spark/.ivy2/jars/org.apache.kafka_kafka-clients-3.4.1.jar with timestamp 1718787744591
[2024-06-19T09:02:25.059+0000] {docker.py:413} INFO - 24/06/19 09:02:25 INFO Utils: Copying /opt/bitnami/spark/.ivy2/jars/org.apache.kafka_kafka-clients-3.4.1.jar to /tmp/spark-99c9869c-036d-406a-aef4-dab2c4cffd15/userFiles-b23b2c9b-6770-4147-95a2-ad9f06b1bcf9/org.apache.kafka_kafka-clients-3.4.1.jar
[2024-06-19T09:02:25.064+0000] {docker.py:413} INFO - 24/06/19 09:02:25 INFO SparkContext: Added file file:///opt/bitnami/spark/.ivy2/jars/com.google.code.findbugs_jsr305-3.0.0.jar at file:///opt/bitnami/spark/.ivy2/jars/com.google.code.findbugs_jsr305-3.0.0.jar with timestamp 1718787744591
[2024-06-19T09:02:25.065+0000] {docker.py:413} INFO - 24/06/19 09:02:25 INFO Utils: Copying /opt/bitnami/spark/.ivy2/jars/com.google.code.findbugs_jsr305-3.0.0.jar to /tmp/spark-99c9869c-036d-406a-aef4-dab2c4cffd15/userFiles-b23b2c9b-6770-4147-95a2-ad9f06b1bcf9/com.google.code.findbugs_jsr305-3.0.0.jar
[2024-06-19T09:02:25.066+0000] {docker.py:413} INFO - 24/06/19 09:02:25 INFO SparkContext: Added file file:///opt/bitnami/spark/.ivy2/jars/org.apache.commons_commons-pool2-2.11.1.jar at file:///opt/bitnami/spark/.ivy2/jars/org.apache.commons_commons-pool2-2.11.1.jar with timestamp 1718787744591
[2024-06-19T09:02:25.066+0000] {docker.py:413} INFO - 24/06/19 09:02:25 INFO Utils: Copying /opt/bitnami/spark/.ivy2/jars/org.apache.commons_commons-pool2-2.11.1.jar to /tmp/spark-99c9869c-036d-406a-aef4-dab2c4cffd15/userFiles-b23b2c9b-6770-4147-95a2-ad9f06b1bcf9/org.apache.commons_commons-pool2-2.11.1.jar
[2024-06-19T09:02:25.069+0000] {docker.py:413} INFO - 24/06/19 09:02:25 INFO SparkContext: Added file file:///opt/bitnami/spark/.ivy2/jars/org.apache.hadoop_hadoop-client-runtime-3.3.4.jar at file:///opt/bitnami/spark/.ivy2/jars/org.apache.hadoop_hadoop-client-runtime-3.3.4.jar with timestamp 1718787744591
[2024-06-19T09:02:25.069+0000] {docker.py:413} INFO - 24/06/19 09:02:25 INFO Utils: Copying /opt/bitnami/spark/.ivy2/jars/org.apache.hadoop_hadoop-client-runtime-3.3.4.jar to /tmp/spark-99c9869c-036d-406a-aef4-dab2c4cffd15/userFiles-b23b2c9b-6770-4147-95a2-ad9f06b1bcf9/org.apache.hadoop_hadoop-client-runtime-3.3.4.jar
[2024-06-19T09:02:25.080+0000] {docker.py:413} INFO - 24/06/19 09:02:25 INFO SparkContext: Added file file:///opt/bitnami/spark/.ivy2/jars/org.lz4_lz4-java-1.8.0.jar at file:///opt/bitnami/spark/.ivy2/jars/org.lz4_lz4-java-1.8.0.jar with timestamp 1718787744591
[2024-06-19T09:02:25.081+0000] {docker.py:413} INFO - 24/06/19 09:02:25 INFO Utils: Copying /opt/bitnami/spark/.ivy2/jars/org.lz4_lz4-java-1.8.0.jar to /tmp/spark-99c9869c-036d-406a-aef4-dab2c4cffd15/userFiles-b23b2c9b-6770-4147-95a2-ad9f06b1bcf9/org.lz4_lz4-java-1.8.0.jar
[2024-06-19T09:02:25.083+0000] {docker.py:413} INFO - 24/06/19 09:02:25 INFO SparkContext: Added file file:///opt/bitnami/spark/.ivy2/jars/org.xerial.snappy_snappy-java-1.1.10.3.jar at file:///opt/bitnami/spark/.ivy2/jars/org.xerial.snappy_snappy-java-1.1.10.3.jar with timestamp 1718787744591
24/06/19 09:02:25 INFO Utils: Copying /opt/bitnami/spark/.ivy2/jars/org.xerial.snappy_snappy-java-1.1.10.3.jar to /tmp/spark-99c9869c-036d-406a-aef4-dab2c4cffd15/userFiles-b23b2c9b-6770-4147-95a2-ad9f06b1bcf9/org.xerial.snappy_snappy-java-1.1.10.3.jar
[2024-06-19T09:02:25.086+0000] {docker.py:413} INFO - 24/06/19 09:02:25 INFO SparkContext: Added file file:///opt/bitnami/spark/.ivy2/jars/org.slf4j_slf4j-api-2.0.7.jar at file:///opt/bitnami/spark/.ivy2/jars/org.slf4j_slf4j-api-2.0.7.jar with timestamp 1718787744591
[2024-06-19T09:02:25.087+0000] {docker.py:413} INFO - 24/06/19 09:02:25 INFO Utils: Copying /opt/bitnami/spark/.ivy2/jars/org.slf4j_slf4j-api-2.0.7.jar to /tmp/spark-99c9869c-036d-406a-aef4-dab2c4cffd15/userFiles-b23b2c9b-6770-4147-95a2-ad9f06b1bcf9/org.slf4j_slf4j-api-2.0.7.jar
[2024-06-19T09:02:25.087+0000] {docker.py:413} INFO - 24/06/19 09:02:25 INFO SparkContext: Added file file:///opt/bitnami/spark/.ivy2/jars/org.apache.hadoop_hadoop-client-api-3.3.4.jar at file:///opt/bitnami/spark/.ivy2/jars/org.apache.hadoop_hadoop-client-api-3.3.4.jar with timestamp 1718787744591
[2024-06-19T09:02:25.087+0000] {docker.py:413} INFO - 24/06/19 09:02:25 INFO Utils: Copying /opt/bitnami/spark/.ivy2/jars/org.apache.hadoop_hadoop-client-api-3.3.4.jar to /tmp/spark-99c9869c-036d-406a-aef4-dab2c4cffd15/userFiles-b23b2c9b-6770-4147-95a2-ad9f06b1bcf9/org.apache.hadoop_hadoop-client-api-3.3.4.jar
[2024-06-19T09:02:25.095+0000] {docker.py:413} INFO - 24/06/19 09:02:25 INFO SparkContext: Added file file:///opt/bitnami/spark/.ivy2/jars/commons-logging_commons-logging-1.1.3.jar at file:///opt/bitnami/spark/.ivy2/jars/commons-logging_commons-logging-1.1.3.jar with timestamp 1718787744591
24/06/19 09:02:25 INFO Utils: Copying /opt/bitnami/spark/.ivy2/jars/commons-logging_commons-logging-1.1.3.jar to /tmp/spark-99c9869c-036d-406a-aef4-dab2c4cffd15/userFiles-b23b2c9b-6770-4147-95a2-ad9f06b1bcf9/commons-logging_commons-logging-1.1.3.jar
[2024-06-19T09:02:25.126+0000] {docker.py:413} INFO - 24/06/19 09:02:25 INFO Executor: Starting executor ID driver on host localhost
[2024-06-19T09:02:25.126+0000] {docker.py:413} INFO - 24/06/19 09:02:25 INFO Executor: OS info Linux, 6.6.12-linuxkit, aarch64
[2024-06-19T09:02:25.126+0000] {docker.py:413} INFO - 24/06/19 09:02:25 INFO Executor: Java version 17.0.10
[2024-06-19T09:02:25.129+0000] {docker.py:413} INFO - 24/06/19 09:02:25 INFO Executor: Starting executor with user classpath (userClassPathFirst = false): ''
[2024-06-19T09:02:25.129+0000] {docker.py:413} INFO - 24/06/19 09:02:25 INFO Executor: Created or updated repl class loader org.apache.spark.util.MutableURLClassLoader@1b5673bd for default.
[2024-06-19T09:02:25.134+0000] {docker.py:413} INFO - 24/06/19 09:02:25 INFO Executor: Fetching file:///opt/bitnami/spark/.ivy2/jars/org.apache.spark_spark-token-provider-kafka-0-10_2.12-3.5.0.jar with timestamp 1718787744591
[2024-06-19T09:02:25.143+0000] {docker.py:413} INFO - 24/06/19 09:02:25 INFO Utils: /opt/bitnami/spark/.ivy2/jars/org.apache.spark_spark-token-provider-kafka-0-10_2.12-3.5.0.jar has been previously copied to /tmp/spark-99c9869c-036d-406a-aef4-dab2c4cffd15/userFiles-b23b2c9b-6770-4147-95a2-ad9f06b1bcf9/org.apache.spark_spark-token-provider-kafka-0-10_2.12-3.5.0.jar
[2024-06-19T09:02:25.144+0000] {docker.py:413} INFO - 24/06/19 09:02:25 INFO Executor: Fetching file:///opt/bitnami/spark/.ivy2/jars/org.apache.hadoop_hadoop-client-runtime-3.3.4.jar with timestamp 1718787744591
[2024-06-19T09:02:25.156+0000] {docker.py:413} INFO - 24/06/19 09:02:25 INFO Utils: /opt/bitnami/spark/.ivy2/jars/org.apache.hadoop_hadoop-client-runtime-3.3.4.jar has been previously copied to /tmp/spark-99c9869c-036d-406a-aef4-dab2c4cffd15/userFiles-b23b2c9b-6770-4147-95a2-ad9f06b1bcf9/org.apache.hadoop_hadoop-client-runtime-3.3.4.jar
[2024-06-19T09:02:25.158+0000] {docker.py:413} INFO - 24/06/19 09:02:25 INFO Executor: Fetching file:///opt/bitnami/spark/.ivy2/jars/org.apache.commons_commons-pool2-2.11.1.jar with timestamp 1718787744591
[2024-06-19T09:02:25.158+0000] {docker.py:413} INFO - 24/06/19 09:02:25 INFO Utils: /opt/bitnami/spark/.ivy2/jars/org.apache.commons_commons-pool2-2.11.1.jar has been previously copied to /tmp/spark-99c9869c-036d-406a-aef4-dab2c4cffd15/userFiles-b23b2c9b-6770-4147-95a2-ad9f06b1bcf9/org.apache.commons_commons-pool2-2.11.1.jar
[2024-06-19T09:02:25.159+0000] {docker.py:413} INFO - 24/06/19 09:02:25 INFO Executor: Fetching file:///opt/bitnami/spark/.ivy2/jars/org.postgresql_postgresql-42.5.4.jar with timestamp 1718787744591
[2024-06-19T09:02:25.160+0000] {docker.py:413} INFO - 24/06/19 09:02:25 INFO Utils: /opt/bitnami/spark/.ivy2/jars/org.postgresql_postgresql-42.5.4.jar has been previously copied to /tmp/spark-99c9869c-036d-406a-aef4-dab2c4cffd15/userFiles-b23b2c9b-6770-4147-95a2-ad9f06b1bcf9/org.postgresql_postgresql-42.5.4.jar
[2024-06-19T09:02:25.161+0000] {docker.py:413} INFO - 24/06/19 09:02:25 INFO Executor: Fetching file:///opt/bitnami/spark/.ivy2/jars/org.slf4j_slf4j-api-2.0.7.jar with timestamp 1718787744591
[2024-06-19T09:02:25.162+0000] {docker.py:413} INFO - 24/06/19 09:02:25 INFO Utils: /opt/bitnami/spark/.ivy2/jars/org.slf4j_slf4j-api-2.0.7.jar has been previously copied to /tmp/spark-99c9869c-036d-406a-aef4-dab2c4cffd15/userFiles-b23b2c9b-6770-4147-95a2-ad9f06b1bcf9/org.slf4j_slf4j-api-2.0.7.jar
[2024-06-19T09:02:25.163+0000] {docker.py:413} INFO - 24/06/19 09:02:25 INFO Executor: Fetching file:///opt/bitnami/spark/.ivy2/jars/org.apache.kafka_kafka-clients-3.4.1.jar with timestamp 1718787744591
[2024-06-19T09:02:25.165+0000] {docker.py:413} INFO - 24/06/19 09:02:25 INFO Utils: /opt/bitnami/spark/.ivy2/jars/org.apache.kafka_kafka-clients-3.4.1.jar has been previously copied to /tmp/spark-99c9869c-036d-406a-aef4-dab2c4cffd15/userFiles-b23b2c9b-6770-4147-95a2-ad9f06b1bcf9/org.apache.kafka_kafka-clients-3.4.1.jar
[2024-06-19T09:02:25.166+0000] {docker.py:413} INFO - 24/06/19 09:02:25 INFO Executor: Fetching file:///opt/bitnami/spark/.ivy2/jars/com.google.code.findbugs_jsr305-3.0.0.jar with timestamp 1718787744591
[2024-06-19T09:02:25.167+0000] {docker.py:413} INFO - 24/06/19 09:02:25 INFO Utils: /opt/bitnami/spark/.ivy2/jars/com.google.code.findbugs_jsr305-3.0.0.jar has been previously copied to /tmp/spark-99c9869c-036d-406a-aef4-dab2c4cffd15/userFiles-b23b2c9b-6770-4147-95a2-ad9f06b1bcf9/com.google.code.findbugs_jsr305-3.0.0.jar
[2024-06-19T09:02:25.168+0000] {docker.py:413} INFO - 24/06/19 09:02:25 INFO Executor: Fetching file:///opt/bitnami/spark/.ivy2/jars/org.lz4_lz4-java-1.8.0.jar with timestamp 1718787744591
[2024-06-19T09:02:25.168+0000] {docker.py:413} INFO - 24/06/19 09:02:25 INFO Utils: /opt/bitnami/spark/.ivy2/jars/org.lz4_lz4-java-1.8.0.jar has been previously copied to /tmp/spark-99c9869c-036d-406a-aef4-dab2c4cffd15/userFiles-b23b2c9b-6770-4147-95a2-ad9f06b1bcf9/org.lz4_lz4-java-1.8.0.jar
[2024-06-19T09:02:25.169+0000] {docker.py:413} INFO - 24/06/19 09:02:25 INFO Executor: Fetching file:///opt/bitnami/spark/.ivy2/jars/org.apache.spark_spark-sql-kafka-0-10_2.12-3.5.0.jar with timestamp 1718787744591
[2024-06-19T09:02:25.170+0000] {docker.py:413} INFO - 24/06/19 09:02:25 INFO Utils: /opt/bitnami/spark/.ivy2/jars/org.apache.spark_spark-sql-kafka-0-10_2.12-3.5.0.jar has been previously copied to /tmp/spark-99c9869c-036d-406a-aef4-dab2c4cffd15/userFiles-b23b2c9b-6770-4147-95a2-ad9f06b1bcf9/org.apache.spark_spark-sql-kafka-0-10_2.12-3.5.0.jar
[2024-06-19T09:02:25.171+0000] {docker.py:413} INFO - 24/06/19 09:02:25 INFO Executor: Fetching file:///opt/bitnami/spark/.ivy2/jars/org.apache.hadoop_hadoop-client-api-3.3.4.jar with timestamp 1718787744591
[2024-06-19T09:02:25.178+0000] {docker.py:413} INFO - 24/06/19 09:02:25 INFO Utils: /opt/bitnami/spark/.ivy2/jars/org.apache.hadoop_hadoop-client-api-3.3.4.jar has been previously copied to /tmp/spark-99c9869c-036d-406a-aef4-dab2c4cffd15/userFiles-b23b2c9b-6770-4147-95a2-ad9f06b1bcf9/org.apache.hadoop_hadoop-client-api-3.3.4.jar
[2024-06-19T09:02:25.180+0000] {docker.py:413} INFO - 24/06/19 09:02:25 INFO Executor: Fetching file:///opt/bitnami/spark/.ivy2/jars/commons-logging_commons-logging-1.1.3.jar with timestamp 1718787744591
[2024-06-19T09:02:25.180+0000] {docker.py:413} INFO - 24/06/19 09:02:25 INFO Utils: /opt/bitnami/spark/.ivy2/jars/commons-logging_commons-logging-1.1.3.jar has been previously copied to /tmp/spark-99c9869c-036d-406a-aef4-dab2c4cffd15/userFiles-b23b2c9b-6770-4147-95a2-ad9f06b1bcf9/commons-logging_commons-logging-1.1.3.jar
[2024-06-19T09:02:25.181+0000] {docker.py:413} INFO - 24/06/19 09:02:25 INFO Executor: Fetching file:///opt/bitnami/spark/.ivy2/jars/org.checkerframework_checker-qual-3.5.0.jar with timestamp 1718787744591
[2024-06-19T09:02:25.182+0000] {docker.py:413} INFO - 24/06/19 09:02:25 INFO Utils: /opt/bitnami/spark/.ivy2/jars/org.checkerframework_checker-qual-3.5.0.jar has been previously copied to /tmp/spark-99c9869c-036d-406a-aef4-dab2c4cffd15/userFiles-b23b2c9b-6770-4147-95a2-ad9f06b1bcf9/org.checkerframework_checker-qual-3.5.0.jar
[2024-06-19T09:02:25.183+0000] {docker.py:413} INFO - 24/06/19 09:02:25 INFO Executor: Fetching file:///opt/bitnami/spark/.ivy2/jars/org.xerial.snappy_snappy-java-1.1.10.3.jar with timestamp 1718787744591
[2024-06-19T09:02:25.184+0000] {docker.py:413} INFO - 24/06/19 09:02:25 INFO Utils: /opt/bitnami/spark/.ivy2/jars/org.xerial.snappy_snappy-java-1.1.10.3.jar has been previously copied to /tmp/spark-99c9869c-036d-406a-aef4-dab2c4cffd15/userFiles-b23b2c9b-6770-4147-95a2-ad9f06b1bcf9/org.xerial.snappy_snappy-java-1.1.10.3.jar
[2024-06-19T09:02:25.188+0000] {docker.py:413} INFO - 24/06/19 09:02:25 INFO Executor: Fetching spark://localhost:39781/jars/com.google.code.findbugs_jsr305-3.0.0.jar with timestamp 1718787744591
[2024-06-19T09:02:25.204+0000] {docker.py:413} INFO - 24/06/19 09:02:25 INFO TransportClientFactory: Successfully created connection to localhost/127.0.0.1:39781 after 12 ms (0 ms spent in bootstraps)
[2024-06-19T09:02:25.207+0000] {docker.py:413} INFO - 24/06/19 09:02:25 INFO Utils: Fetching spark://localhost:39781/jars/com.google.code.findbugs_jsr305-3.0.0.jar to /tmp/spark-99c9869c-036d-406a-aef4-dab2c4cffd15/userFiles-b23b2c9b-6770-4147-95a2-ad9f06b1bcf9/fetchFileTemp2389671359041173203.tmp
[2024-06-19T09:02:25.215+0000] {docker.py:413} INFO - 24/06/19 09:02:25 INFO Utils: /tmp/spark-99c9869c-036d-406a-aef4-dab2c4cffd15/userFiles-b23b2c9b-6770-4147-95a2-ad9f06b1bcf9/fetchFileTemp2389671359041173203.tmp has been previously copied to /tmp/spark-99c9869c-036d-406a-aef4-dab2c4cffd15/userFiles-b23b2c9b-6770-4147-95a2-ad9f06b1bcf9/com.google.code.findbugs_jsr305-3.0.0.jar
[2024-06-19T09:02:25.218+0000] {docker.py:413} INFO - 24/06/19 09:02:25 INFO Executor: Adding file:/tmp/spark-99c9869c-036d-406a-aef4-dab2c4cffd15/userFiles-b23b2c9b-6770-4147-95a2-ad9f06b1bcf9/com.google.code.findbugs_jsr305-3.0.0.jar to class loader default
[2024-06-19T09:02:25.219+0000] {docker.py:413} INFO - 24/06/19 09:02:25 INFO Executor: Fetching spark://localhost:39781/jars/org.postgresql_postgresql-42.5.4.jar with timestamp 1718787744591
[2024-06-19T09:02:25.220+0000] {docker.py:413} INFO - 24/06/19 09:02:25 INFO Utils: Fetching spark://localhost:39781/jars/org.postgresql_postgresql-42.5.4.jar to /tmp/spark-99c9869c-036d-406a-aef4-dab2c4cffd15/userFiles-b23b2c9b-6770-4147-95a2-ad9f06b1bcf9/fetchFileTemp5847077028370866394.tmp
[2024-06-19T09:02:25.222+0000] {docker.py:413} INFO - 24/06/19 09:02:25 INFO Utils: /tmp/spark-99c9869c-036d-406a-aef4-dab2c4cffd15/userFiles-b23b2c9b-6770-4147-95a2-ad9f06b1bcf9/fetchFileTemp5847077028370866394.tmp has been previously copied to /tmp/spark-99c9869c-036d-406a-aef4-dab2c4cffd15/userFiles-b23b2c9b-6770-4147-95a2-ad9f06b1bcf9/org.postgresql_postgresql-42.5.4.jar
[2024-06-19T09:02:25.224+0000] {docker.py:413} INFO - 24/06/19 09:02:25 INFO Executor: Adding file:/tmp/spark-99c9869c-036d-406a-aef4-dab2c4cffd15/userFiles-b23b2c9b-6770-4147-95a2-ad9f06b1bcf9/org.postgresql_postgresql-42.5.4.jar to class loader default
[2024-06-19T09:02:25.225+0000] {docker.py:413} INFO - 24/06/19 09:02:25 INFO Executor: Fetching spark://localhost:39781/jars/org.apache.hadoop_hadoop-client-runtime-3.3.4.jar with timestamp 1718787744591
[2024-06-19T09:02:25.225+0000] {docker.py:413} INFO - 24/06/19 09:02:25 INFO Utils: Fetching spark://localhost:39781/jars/org.apache.hadoop_hadoop-client-runtime-3.3.4.jar to /tmp/spark-99c9869c-036d-406a-aef4-dab2c4cffd15/userFiles-b23b2c9b-6770-4147-95a2-ad9f06b1bcf9/fetchFileTemp13414535914667342644.tmp
[2024-06-19T09:02:25.280+0000] {docker.py:413} INFO - 24/06/19 09:02:25 INFO Utils: /tmp/spark-99c9869c-036d-406a-aef4-dab2c4cffd15/userFiles-b23b2c9b-6770-4147-95a2-ad9f06b1bcf9/fetchFileTemp13414535914667342644.tmp has been previously copied to /tmp/spark-99c9869c-036d-406a-aef4-dab2c4cffd15/userFiles-b23b2c9b-6770-4147-95a2-ad9f06b1bcf9/org.apache.hadoop_hadoop-client-runtime-3.3.4.jar
[2024-06-19T09:02:25.288+0000] {docker.py:413} INFO - 24/06/19 09:02:25 INFO Executor: Adding file:/tmp/spark-99c9869c-036d-406a-aef4-dab2c4cffd15/userFiles-b23b2c9b-6770-4147-95a2-ad9f06b1bcf9/org.apache.hadoop_hadoop-client-runtime-3.3.4.jar to class loader default
[2024-06-19T09:02:25.288+0000] {docker.py:413} INFO - 24/06/19 09:02:25 INFO Executor: Fetching spark://localhost:39781/jars/org.apache.hadoop_hadoop-client-api-3.3.4.jar with timestamp 1718787744591
[2024-06-19T09:02:25.289+0000] {docker.py:413} INFO - 24/06/19 09:02:25 INFO Utils: Fetching spark://localhost:39781/jars/org.apache.hadoop_hadoop-client-api-3.3.4.jar to /tmp/spark-99c9869c-036d-406a-aef4-dab2c4cffd15/userFiles-b23b2c9b-6770-4147-95a2-ad9f06b1bcf9/fetchFileTemp14656176751461863616.tmp
[2024-06-19T09:02:25.323+0000] {docker.py:413} INFO - 24/06/19 09:02:25 INFO Utils: /tmp/spark-99c9869c-036d-406a-aef4-dab2c4cffd15/userFiles-b23b2c9b-6770-4147-95a2-ad9f06b1bcf9/fetchFileTemp14656176751461863616.tmp has been previously copied to /tmp/spark-99c9869c-036d-406a-aef4-dab2c4cffd15/userFiles-b23b2c9b-6770-4147-95a2-ad9f06b1bcf9/org.apache.hadoop_hadoop-client-api-3.3.4.jar
[2024-06-19T09:02:25.325+0000] {docker.py:413} INFO - 24/06/19 09:02:25 INFO Executor: Adding file:/tmp/spark-99c9869c-036d-406a-aef4-dab2c4cffd15/userFiles-b23b2c9b-6770-4147-95a2-ad9f06b1bcf9/org.apache.hadoop_hadoop-client-api-3.3.4.jar to class loader default
[2024-06-19T09:02:25.326+0000] {docker.py:413} INFO - 24/06/19 09:02:25 INFO Executor: Fetching spark://localhost:39781/jars/org.xerial.snappy_snappy-java-1.1.10.3.jar with timestamp 1718787744591
[2024-06-19T09:02:25.327+0000] {docker.py:413} INFO - 24/06/19 09:02:25 INFO Utils: Fetching spark://localhost:39781/jars/org.xerial.snappy_snappy-java-1.1.10.3.jar to /tmp/spark-99c9869c-036d-406a-aef4-dab2c4cffd15/userFiles-b23b2c9b-6770-4147-95a2-ad9f06b1bcf9/fetchFileTemp771726801452879211.tmp
[2024-06-19T09:02:25.329+0000] {docker.py:413} INFO - 24/06/19 09:02:25 INFO Utils: /tmp/spark-99c9869c-036d-406a-aef4-dab2c4cffd15/userFiles-b23b2c9b-6770-4147-95a2-ad9f06b1bcf9/fetchFileTemp771726801452879211.tmp has been previously copied to /tmp/spark-99c9869c-036d-406a-aef4-dab2c4cffd15/userFiles-b23b2c9b-6770-4147-95a2-ad9f06b1bcf9/org.xerial.snappy_snappy-java-1.1.10.3.jar
[2024-06-19T09:02:25.332+0000] {docker.py:413} INFO - 24/06/19 09:02:25 INFO Executor: Adding file:/tmp/spark-99c9869c-036d-406a-aef4-dab2c4cffd15/userFiles-b23b2c9b-6770-4147-95a2-ad9f06b1bcf9/org.xerial.snappy_snappy-java-1.1.10.3.jar to class loader default
[2024-06-19T09:02:25.333+0000] {docker.py:413} INFO - 24/06/19 09:02:25 INFO Executor: Fetching spark://localhost:39781/jars/org.apache.kafka_kafka-clients-3.4.1.jar with timestamp 1718787744591
[2024-06-19T09:02:25.333+0000] {docker.py:413} INFO - 24/06/19 09:02:25 INFO Utils: Fetching spark://localhost:39781/jars/org.apache.kafka_kafka-clients-3.4.1.jar to /tmp/spark-99c9869c-036d-406a-aef4-dab2c4cffd15/userFiles-b23b2c9b-6770-4147-95a2-ad9f06b1bcf9/fetchFileTemp9551200890529854330.tmp
[2024-06-19T09:02:25.340+0000] {docker.py:413} INFO - 24/06/19 09:02:25 INFO Utils: /tmp/spark-99c9869c-036d-406a-aef4-dab2c4cffd15/userFiles-b23b2c9b-6770-4147-95a2-ad9f06b1bcf9/fetchFileTemp9551200890529854330.tmp has been previously copied to /tmp/spark-99c9869c-036d-406a-aef4-dab2c4cffd15/userFiles-b23b2c9b-6770-4147-95a2-ad9f06b1bcf9/org.apache.kafka_kafka-clients-3.4.1.jar
[2024-06-19T09:02:25.342+0000] {docker.py:413} INFO - 24/06/19 09:02:25 INFO Executor: Adding file:/tmp/spark-99c9869c-036d-406a-aef4-dab2c4cffd15/userFiles-b23b2c9b-6770-4147-95a2-ad9f06b1bcf9/org.apache.kafka_kafka-clients-3.4.1.jar to class loader default
[2024-06-19T09:02:25.343+0000] {docker.py:413} INFO - 24/06/19 09:02:25 INFO Executor: Fetching spark://localhost:39781/jars/org.apache.spark_spark-token-provider-kafka-0-10_2.12-3.5.0.jar with timestamp 1718787744591
[2024-06-19T09:02:25.343+0000] {docker.py:413} INFO - 24/06/19 09:02:25 INFO Utils: Fetching spark://localhost:39781/jars/org.apache.spark_spark-token-provider-kafka-0-10_2.12-3.5.0.jar to /tmp/spark-99c9869c-036d-406a-aef4-dab2c4cffd15/userFiles-b23b2c9b-6770-4147-95a2-ad9f06b1bcf9/fetchFileTemp3057084634346823220.tmp
[2024-06-19T09:02:25.344+0000] {docker.py:413} INFO - 24/06/19 09:02:25 INFO Utils: /tmp/spark-99c9869c-036d-406a-aef4-dab2c4cffd15/userFiles-b23b2c9b-6770-4147-95a2-ad9f06b1bcf9/fetchFileTemp3057084634346823220.tmp has been previously copied to /tmp/spark-99c9869c-036d-406a-aef4-dab2c4cffd15/userFiles-b23b2c9b-6770-4147-95a2-ad9f06b1bcf9/org.apache.spark_spark-token-provider-kafka-0-10_2.12-3.5.0.jar
[2024-06-19T09:02:25.345+0000] {docker.py:413} INFO - 24/06/19 09:02:25 INFO Executor: Adding file:/tmp/spark-99c9869c-036d-406a-aef4-dab2c4cffd15/userFiles-b23b2c9b-6770-4147-95a2-ad9f06b1bcf9/org.apache.spark_spark-token-provider-kafka-0-10_2.12-3.5.0.jar to class loader default
[2024-06-19T09:02:25.346+0000] {docker.py:413} INFO - 24/06/19 09:02:25 INFO Executor: Fetching spark://localhost:39781/jars/org.checkerframework_checker-qual-3.5.0.jar with timestamp 1718787744591
[2024-06-19T09:02:25.346+0000] {docker.py:413} INFO - 24/06/19 09:02:25 INFO Utils: Fetching spark://localhost:39781/jars/org.checkerframework_checker-qual-3.5.0.jar to /tmp/spark-99c9869c-036d-406a-aef4-dab2c4cffd15/userFiles-b23b2c9b-6770-4147-95a2-ad9f06b1bcf9/fetchFileTemp3501062724552977321.tmp
[2024-06-19T09:02:25.347+0000] {docker.py:413} INFO - 24/06/19 09:02:25 INFO Utils: /tmp/spark-99c9869c-036d-406a-aef4-dab2c4cffd15/userFiles-b23b2c9b-6770-4147-95a2-ad9f06b1bcf9/fetchFileTemp3501062724552977321.tmp has been previously copied to /tmp/spark-99c9869c-036d-406a-aef4-dab2c4cffd15/userFiles-b23b2c9b-6770-4147-95a2-ad9f06b1bcf9/org.checkerframework_checker-qual-3.5.0.jar
[2024-06-19T09:02:25.348+0000] {docker.py:413} INFO - 24/06/19 09:02:25 INFO Executor: Adding file:/tmp/spark-99c9869c-036d-406a-aef4-dab2c4cffd15/userFiles-b23b2c9b-6770-4147-95a2-ad9f06b1bcf9/org.checkerframework_checker-qual-3.5.0.jar to class loader default
[2024-06-19T09:02:25.349+0000] {docker.py:413} INFO - 24/06/19 09:02:25 INFO Executor: Fetching spark://localhost:39781/jars/org.lz4_lz4-java-1.8.0.jar with timestamp 1718787744591
[2024-06-19T09:02:25.349+0000] {docker.py:413} INFO - 24/06/19 09:02:25 INFO Utils: Fetching spark://localhost:39781/jars/org.lz4_lz4-java-1.8.0.jar to /tmp/spark-99c9869c-036d-406a-aef4-dab2c4cffd15/userFiles-b23b2c9b-6770-4147-95a2-ad9f06b1bcf9/fetchFileTemp17285018957022337758.tmp
[2024-06-19T09:02:25.350+0000] {docker.py:413} INFO - 24/06/19 09:02:25 INFO Utils: /tmp/spark-99c9869c-036d-406a-aef4-dab2c4cffd15/userFiles-b23b2c9b-6770-4147-95a2-ad9f06b1bcf9/fetchFileTemp17285018957022337758.tmp has been previously copied to /tmp/spark-99c9869c-036d-406a-aef4-dab2c4cffd15/userFiles-b23b2c9b-6770-4147-95a2-ad9f06b1bcf9/org.lz4_lz4-java-1.8.0.jar
[2024-06-19T09:02:25.351+0000] {docker.py:413} INFO - 24/06/19 09:02:25 INFO Executor: Adding file:/tmp/spark-99c9869c-036d-406a-aef4-dab2c4cffd15/userFiles-b23b2c9b-6770-4147-95a2-ad9f06b1bcf9/org.lz4_lz4-java-1.8.0.jar to class loader default
[2024-06-19T09:02:25.351+0000] {docker.py:413} INFO - 24/06/19 09:02:25 INFO Executor: Fetching spark://localhost:39781/jars/org.apache.commons_commons-pool2-2.11.1.jar with timestamp 1718787744591
[2024-06-19T09:02:25.352+0000] {docker.py:413} INFO - 24/06/19 09:02:25 INFO Utils: Fetching spark://localhost:39781/jars/org.apache.commons_commons-pool2-2.11.1.jar to /tmp/spark-99c9869c-036d-406a-aef4-dab2c4cffd15/userFiles-b23b2c9b-6770-4147-95a2-ad9f06b1bcf9/fetchFileTemp5343547666598772413.tmp
[2024-06-19T09:02:25.352+0000] {docker.py:413} INFO - 24/06/19 09:02:25 INFO Utils: /tmp/spark-99c9869c-036d-406a-aef4-dab2c4cffd15/userFiles-b23b2c9b-6770-4147-95a2-ad9f06b1bcf9/fetchFileTemp5343547666598772413.tmp has been previously copied to /tmp/spark-99c9869c-036d-406a-aef4-dab2c4cffd15/userFiles-b23b2c9b-6770-4147-95a2-ad9f06b1bcf9/org.apache.commons_commons-pool2-2.11.1.jar
[2024-06-19T09:02:25.354+0000] {docker.py:413} INFO - 24/06/19 09:02:25 INFO Executor: Adding file:/tmp/spark-99c9869c-036d-406a-aef4-dab2c4cffd15/userFiles-b23b2c9b-6770-4147-95a2-ad9f06b1bcf9/org.apache.commons_commons-pool2-2.11.1.jar to class loader default
[2024-06-19T09:02:25.354+0000] {docker.py:413} INFO - 24/06/19 09:02:25 INFO Executor: Fetching spark://localhost:39781/jars/commons-logging_commons-logging-1.1.3.jar with timestamp 1718787744591
[2024-06-19T09:02:25.354+0000] {docker.py:413} INFO - 24/06/19 09:02:25 INFO Utils: Fetching spark://localhost:39781/jars/commons-logging_commons-logging-1.1.3.jar to /tmp/spark-99c9869c-036d-406a-aef4-dab2c4cffd15/userFiles-b23b2c9b-6770-4147-95a2-ad9f06b1bcf9/fetchFileTemp5750945115149270415.tmp
[2024-06-19T09:02:25.355+0000] {docker.py:413} INFO - 24/06/19 09:02:25 INFO Utils: /tmp/spark-99c9869c-036d-406a-aef4-dab2c4cffd15/userFiles-b23b2c9b-6770-4147-95a2-ad9f06b1bcf9/fetchFileTemp5750945115149270415.tmp has been previously copied to /tmp/spark-99c9869c-036d-406a-aef4-dab2c4cffd15/userFiles-b23b2c9b-6770-4147-95a2-ad9f06b1bcf9/commons-logging_commons-logging-1.1.3.jar
[2024-06-19T09:02:25.356+0000] {docker.py:413} INFO - 24/06/19 09:02:25 INFO Executor: Adding file:/tmp/spark-99c9869c-036d-406a-aef4-dab2c4cffd15/userFiles-b23b2c9b-6770-4147-95a2-ad9f06b1bcf9/commons-logging_commons-logging-1.1.3.jar to class loader default
[2024-06-19T09:02:25.357+0000] {docker.py:413} INFO - 24/06/19 09:02:25 INFO Executor: Fetching spark://localhost:39781/jars/org.slf4j_slf4j-api-2.0.7.jar with timestamp 1718787744591
[2024-06-19T09:02:25.357+0000] {docker.py:413} INFO - 24/06/19 09:02:25 INFO Utils: Fetching spark://localhost:39781/jars/org.slf4j_slf4j-api-2.0.7.jar to /tmp/spark-99c9869c-036d-406a-aef4-dab2c4cffd15/userFiles-b23b2c9b-6770-4147-95a2-ad9f06b1bcf9/fetchFileTemp720310477259144451.tmp
[2024-06-19T09:02:25.357+0000] {docker.py:413} INFO - 24/06/19 09:02:25 INFO Utils: /tmp/spark-99c9869c-036d-406a-aef4-dab2c4cffd15/userFiles-b23b2c9b-6770-4147-95a2-ad9f06b1bcf9/fetchFileTemp720310477259144451.tmp has been previously copied to /tmp/spark-99c9869c-036d-406a-aef4-dab2c4cffd15/userFiles-b23b2c9b-6770-4147-95a2-ad9f06b1bcf9/org.slf4j_slf4j-api-2.0.7.jar
[2024-06-19T09:02:25.359+0000] {docker.py:413} INFO - 24/06/19 09:02:25 INFO Executor: Adding file:/tmp/spark-99c9869c-036d-406a-aef4-dab2c4cffd15/userFiles-b23b2c9b-6770-4147-95a2-ad9f06b1bcf9/org.slf4j_slf4j-api-2.0.7.jar to class loader default
[2024-06-19T09:02:25.360+0000] {docker.py:413} INFO - 24/06/19 09:02:25 INFO Executor: Fetching spark://localhost:39781/jars/org.apache.spark_spark-sql-kafka-0-10_2.12-3.5.0.jar with timestamp 1718787744591
[2024-06-19T09:02:25.360+0000] {docker.py:413} INFO - 24/06/19 09:02:25 INFO Utils: Fetching spark://localhost:39781/jars/org.apache.spark_spark-sql-kafka-0-10_2.12-3.5.0.jar to /tmp/spark-99c9869c-036d-406a-aef4-dab2c4cffd15/userFiles-b23b2c9b-6770-4147-95a2-ad9f06b1bcf9/fetchFileTemp3665565801943093586.tmp
[2024-06-19T09:02:25.360+0000] {docker.py:413} INFO - 24/06/19 09:02:25 INFO Utils: /tmp/spark-99c9869c-036d-406a-aef4-dab2c4cffd15/userFiles-b23b2c9b-6770-4147-95a2-ad9f06b1bcf9/fetchFileTemp3665565801943093586.tmp has been previously copied to /tmp/spark-99c9869c-036d-406a-aef4-dab2c4cffd15/userFiles-b23b2c9b-6770-4147-95a2-ad9f06b1bcf9/org.apache.spark_spark-sql-kafka-0-10_2.12-3.5.0.jar
[2024-06-19T09:02:25.362+0000] {docker.py:413} INFO - 24/06/19 09:02:25 INFO Executor: Adding file:/tmp/spark-99c9869c-036d-406a-aef4-dab2c4cffd15/userFiles-b23b2c9b-6770-4147-95a2-ad9f06b1bcf9/org.apache.spark_spark-sql-kafka-0-10_2.12-3.5.0.jar to class loader default
[2024-06-19T09:02:25.367+0000] {docker.py:413} INFO - 24/06/19 09:02:25 INFO Utils: Successfully started service 'org.apache.spark.network.netty.NettyBlockTransferService' on port 46561.
[2024-06-19T09:02:25.368+0000] {docker.py:413} INFO - 24/06/19 09:02:25 INFO NettyBlockTransferService: Server created on localhost:46561
[2024-06-19T09:02:25.368+0000] {docker.py:413} INFO - 24/06/19 09:02:25 INFO BlockManager: Using org.apache.spark.storage.RandomBlockReplicationPolicy for block replication policy
[2024-06-19T09:02:25.371+0000] {docker.py:413} INFO - 24/06/19 09:02:25 INFO BlockManagerMaster: Registering BlockManager BlockManagerId(driver, localhost, 46561, None)
[2024-06-19T09:02:25.374+0000] {docker.py:413} INFO - 24/06/19 09:02:25 INFO BlockManagerMasterEndpoint: Registering block manager localhost:46561 with 434.4 MiB RAM, BlockManagerId(driver, localhost, 46561, None)
[2024-06-19T09:02:25.375+0000] {docker.py:413} INFO - 24/06/19 09:02:25 INFO BlockManagerMaster: Registered BlockManager BlockManagerId(driver, localhost, 46561, None)
[2024-06-19T09:02:25.376+0000] {docker.py:413} INFO - 24/06/19 09:02:25 INFO BlockManager: Initialized BlockManager: BlockManagerId(driver, localhost, 46561, None)
[2024-06-19T09:02:25.574+0000] {docker.py:413} INFO - 2024-06-19 09:02:25,573:create_spark_session:INFO:Spark session created successfully
[2024-06-19T09:02:25.578+0000] {docker.py:413} INFO - 24/06/19 09:02:25 INFO SharedState: Setting hive.metastore.warehouse.dir ('null') to the value of spark.sql.warehouse.dir.
[2024-06-19T09:02:25.579+0000] {docker.py:413} INFO - 24/06/19 09:02:25 INFO SharedState: Warehouse path is 'file:/opt/bitnami/spark/spark-warehouse'.
[2024-06-19T09:02:26.291+0000] {docker.py:413} INFO - 2024-06-19 09:02:26,290:create_initial_dataframe:INFO:Initial dataframe created successfully
[2024-06-19T09:02:26.300+0000] {docker.py:413} INFO - 2024-06-19 09:02:26,299:create_initial_dataframe:INFO:Initial dataframe created successfully
[2024-06-19T09:02:26.309+0000] {docker.py:413} INFO - 2024-06-19 09:02:26,308:create_initial_dataframe:INFO:Initial dataframe created successfully
[2024-06-19T09:02:26.471+0000] {docker.py:413} INFO - 24/06/19 09:02:26 WARN SparkStringUtils: Truncated the string representation of a plan since it was too large. This behavior can be adjusted by setting 'spark.sql.debug.maxToStringFields'.
[2024-06-19T09:02:26.621+0000] {docker.py:413} INFO - 2024-06-19 09:02:26,620:start_streaming:INFO:Start streaming into {keys}
[2024-06-19T09:02:26.775+0000] {docker.py:413} INFO - Traceback (most recent call last):
  File "/opt/bitnami/spark/spark_streaming.py", line 153, in <module>
[2024-06-19T09:02:26.776+0000] {docker.py:413} INFO - write_to_postgres()
  File "/opt/bitnami/spark/spark_streaming.py", line 149, in write_to_postgres
[2024-06-19T09:02:26.777+0000] {docker.py:413} INFO - start_streaming(df_final, spark=spark)
  File "/opt/bitnami/spark/spark_streaming.py", line 137, in start_streaming
    query = df.write.jdbc(
            ^^^^^^^^
  File "/opt/bitnami/spark/python/lib/pyspark.zip/pyspark/sql/dataframe.py", line 509, in write
  File "/opt/bitnami/spark/python/lib/pyspark.zip/pyspark/sql/readwriter.py", line 964, in __init__
[2024-06-19T09:02:26.778+0000] {docker.py:413} INFO - File "/opt/bitnami/spark/python/lib/py4j-0.10.9.7-src.zip/py4j/java_gateway.py", line 1322, in __call__
[2024-06-19T09:02:26.778+0000] {docker.py:413} INFO - File "/opt/bitnami/spark/python/lib/pyspark.zip/pyspark/errors/exceptions/captured.py", line 185, in deco
[2024-06-19T09:02:26.778+0000] {docker.py:413} INFO - pyspark.errors.exceptions.captured.AnalysisException
[2024-06-19T09:02:26.780+0000] {docker.py:413} INFO - : [CALL_ON_STREAMING_DATASET_UNSUPPORTED] The method `write` can not be called on streaming Dataset/DataFrame.
2024-06-19 09:02:26,779:close:INFO:Closing down clientserver connection
[2024-06-19T09:02:26.803+0000] {docker.py:413} INFO - 24/06/19 09:02:26 INFO SparkContext: Invoking stop() from shutdown hook
[2024-06-19T09:02:26.804+0000] {docker.py:413} INFO - 24/06/19 09:02:26 INFO SparkContext: SparkContext is stopping with exitCode 0.
[2024-06-19T09:02:26.808+0000] {docker.py:413} INFO - 24/06/19 09:02:26 INFO SparkUI: Stopped Spark web UI at http://localhost:4040
[2024-06-19T09:02:26.814+0000] {docker.py:413} INFO - 24/06/19 09:02:26 INFO MapOutputTrackerMasterEndpoint: MapOutputTrackerMasterEndpoint stopped!
[2024-06-19T09:02:26.827+0000] {docker.py:413} INFO - 24/06/19 09:02:26 INFO MemoryStore: MemoryStore cleared
[2024-06-19T09:02:26.828+0000] {docker.py:413} INFO - 24/06/19 09:02:26 INFO BlockManager: BlockManager stopped
[2024-06-19T09:02:26.834+0000] {docker.py:413} INFO - 24/06/19 09:02:26 INFO BlockManagerMaster: BlockManagerMaster stopped
[2024-06-19T09:02:26.837+0000] {docker.py:413} INFO - 24/06/19 09:02:26 INFO OutputCommitCoordinator$OutputCommitCoordinatorEndpoint: OutputCommitCoordinator stopped!
[2024-06-19T09:02:26.848+0000] {docker.py:413} INFO - 24/06/19 09:02:26 INFO SparkContext: Successfully stopped SparkContext
24/06/19 09:02:26 INFO ShutdownHookManager: Shutdown hook called
[2024-06-19T09:02:26.848+0000] {docker.py:413} INFO - 24/06/19 09:02:26 INFO ShutdownHookManager: Deleting directory /tmp/spark-078041e7-b918-4dc6-bc82-7633e66413ee
[2024-06-19T09:02:26.849+0000] {docker.py:413} INFO - 24/06/19 09:02:26 INFO ShutdownHookManager: Deleting directory /tmp/spark-99c9869c-036d-406a-aef4-dab2c4cffd15
[2024-06-19T09:02:26.851+0000] {docker.py:413} INFO - 24/06/19 09:02:26 INFO ShutdownHookManager: Deleting directory /tmp/spark-99c9869c-036d-406a-aef4-dab2c4cffd15/pyspark-3d2aabac-c365-4c34-84a5-59c9bd1cc512
[2024-06-19T09:02:27.133+0000] {taskinstance.py:1937} ERROR - Task failed with exception
Traceback (most recent call last):
  File "/home/airflow/.local/lib/python3.8/site-packages/docker/api/client.py", line 268, in _raise_for_status
    response.raise_for_status()
  File "/home/airflow/.local/lib/python3.8/site-packages/requests/models.py", line 1021, in raise_for_status
    raise HTTPError(http_error_msg, response=self)
requests.exceptions.HTTPError: 400 Client Error: Bad Request for url: http://docker-proxy:2375/v1.44/containers/create

The above exception was the direct cause of the following exception:

Traceback (most recent call last):
  File "/home/airflow/.local/lib/python3.8/site-packages/airflow/providers/docker/operators/docker.py", line 348, in _run_image
    return self._run_image_with_mounts([*self.mounts, tmp_mount], add_tmp_variable=True)
  File "/home/airflow/.local/lib/python3.8/site-packages/airflow/providers/docker/operators/docker.py", line 375, in _run_image_with_mounts
    self.container = self.cli.create_container(
  File "/home/airflow/.local/lib/python3.8/site-packages/docker/api/container.py", line 431, in create_container
    return self.create_container_from_config(config, name, platform)
  File "/home/airflow/.local/lib/python3.8/site-packages/docker/api/container.py", line 448, in create_container_from_config
    return self._result(res, True)
  File "/home/airflow/.local/lib/python3.8/site-packages/docker/api/client.py", line 274, in _result
    self._raise_for_status(response)
  File "/home/airflow/.local/lib/python3.8/site-packages/docker/api/client.py", line 270, in _raise_for_status
    raise create_api_error_from_http_exception(e) from e
  File "/home/airflow/.local/lib/python3.8/site-packages/docker/errors.py", line 39, in create_api_error_from_http_exception
    raise cls(e, response=response, explanation=explanation) from e
docker.errors.APIError: 400 Client Error for http://docker-proxy:2375/v1.44/containers/create: Bad Request ("invalid mount config for type "bind": bind source path does not exist: /host_mnt/private/tmp/airflowtmpy8elr_f6")

During handling of the above exception, another exception occurred:

Traceback (most recent call last):
  File "/home/airflow/.local/lib/python3.8/site-packages/airflow/providers/docker/operators/docker.py", line 486, in execute
    return self._run_image()
  File "/home/airflow/.local/lib/python3.8/site-packages/airflow/providers/docker/operators/docker.py", line 357, in _run_image
    return self._run_image_with_mounts(self.mounts, add_tmp_variable=False)
  File "/home/airflow/.local/lib/python3.8/site-packages/airflow/providers/docker/operators/docker.py", line 421, in _run_image_with_mounts
    raise DockerContainerFailedException(f"Docker container failed: {result!r}", logs=log_lines)
airflow.providers.docker.exceptions.DockerContainerFailedException: Docker container failed: {'StatusCode': 1}
[2024-06-19T09:02:27.153+0000] {taskinstance.py:1400} INFO - Marking task as UP_FOR_RETRY. dag_id=kafka_spark_dag, task_id=pyspark_consumer, execution_date=20240619T085638, start_date=20240619T090143, end_date=20240619T090227
[2024-06-19T09:02:27.166+0000] {standard_task_runner.py:104} ERROR - Failed to execute job 123 for task pyspark_consumer (Docker container failed: {'StatusCode': 1}; 2901)
[2024-06-19T09:02:27.178+0000] {local_task_job_runner.py:228} INFO - Task exited with return code 1
[2024-06-19T09:02:27.194+0000] {taskinstance.py:2778} INFO - 0 downstream tasks scheduled from follow-on schedule check
