[2024-06-19T06:19:10.986+0000] {taskinstance.py:1159} INFO - Dependencies all met for dep_context=non-requeueable deps ti=<TaskInstance: kafka_spark_dag.pyspark_consumer scheduled__2024-06-19T06:14:05.285155+00:00 [queued]>
[2024-06-19T06:19:10.990+0000] {taskinstance.py:1159} INFO - Dependencies all met for dep_context=requeueable deps ti=<TaskInstance: kafka_spark_dag.pyspark_consumer scheduled__2024-06-19T06:14:05.285155+00:00 [queued]>
[2024-06-19T06:19:10.990+0000] {taskinstance.py:1361} INFO - Starting attempt 1 of 2
[2024-06-19T06:19:10.995+0000] {taskinstance.py:1382} INFO - Executing <Task(DockerOperator): pyspark_consumer> on 2024-06-19 06:14:05.285155+00:00
[2024-06-19T06:19:10.998+0000] {standard_task_runner.py:57} INFO - Started process 9513 to run task
[2024-06-19T06:19:11.000+0000] {standard_task_runner.py:84} INFO - Running: ['***', 'tasks', 'run', 'kafka_spark_dag', 'pyspark_consumer', 'scheduled__2024-06-19T06:14:05.285155+00:00', '--job-id', '79', '--raw', '--subdir', 'DAGS_FOLDER/dag_kafka_spark.py', '--cfg-path', '/tmp/tmpl2qf43p7']
[2024-06-19T06:19:11.000+0000] {standard_task_runner.py:85} INFO - Job 79: Subtask pyspark_consumer
[2024-06-19T06:19:11.026+0000] {task_command.py:416} INFO - Running <TaskInstance: kafka_spark_dag.pyspark_consumer scheduled__2024-06-19T06:14:05.285155+00:00 [running]> on host 2ad9230613d5
[2024-06-19T06:19:11.065+0000] {taskinstance.py:1662} INFO - Exporting env vars: AIRFLOW_CTX_DAG_OWNER='***' AIRFLOW_CTX_DAG_ID='kafka_spark_dag' AIRFLOW_CTX_TASK_ID='pyspark_consumer' AIRFLOW_CTX_EXECUTION_DATE='2024-06-19T06:14:05.285155+00:00' AIRFLOW_CTX_TRY_NUMBER='1' AIRFLOW_CTX_DAG_RUN_ID='scheduled__2024-06-19T06:14:05.285155+00:00'
[2024-06-19T06:19:11.088+0000] {docker.py:343} INFO - Starting docker container from image rappel-conso/spark:latest
[2024-06-19T06:19:11.097+0000] {docker.py:351} WARNING - Using remote engine or docker-in-docker and mounting temporary volume from host is not supported. Falling back to `mount_tmp_dir=False` mode. You can set `mount_tmp_dir` parameter to False to disable mounting and remove the warning
[2024-06-19T06:19:11.335+0000] {docker.py:413} INFO - [38;5;6mspark [38;5;5m06:19:11.33 [0m[38;5;2mINFO [0m ==>
[2024-06-19T06:19:11.336+0000] {docker.py:413} INFO - [38;5;6mspark [38;5;5m06:19:11.33 [0m[38;5;2mINFO [0m ==> [1mWelcome to the Bitnami spark container[0m
[2024-06-19T06:19:11.336+0000] {docker.py:413} INFO - [38;5;6mspark [38;5;5m06:19:11.33 [0m[38;5;2mINFO [0m ==> Subscribe to project updates by watching [1mhttps://github.com/bitnami/containers[0m
[2024-06-19T06:19:11.337+0000] {docker.py:413} INFO - [38;5;6mspark [38;5;5m06:19:11.33 [0m[38;5;2mINFO [0m ==> Submit issues and feature requests at [1mhttps://github.com/bitnami/containers/issues[0m
[2024-06-19T06:19:11.337+0000] {docker.py:413} INFO - [38;5;6mspark [38;5;5m06:19:11.33 [0m[38;5;2mINFO [0m ==>
[2024-06-19T06:19:11.341+0000] {docker.py:413} INFO - 
[2024-06-19T06:19:12.207+0000] {docker.py:413} INFO - :: loading settings :: url = jar:file:/opt/bitnami/spark/jars/ivy-2.5.1.jar!/org/apache/ivy/core/settings/ivysettings.xml
[2024-06-19T06:19:12.237+0000] {docker.py:413} INFO - Ivy Default Cache set to: /opt/bitnami/spark/.ivy2/cache
The jars for the packages stored in: /opt/bitnami/spark/.ivy2/jars
[2024-06-19T06:19:12.239+0000] {docker.py:413} INFO - org.postgresql#postgresql added as a dependency
org.apache.spark#spark-sql-kafka-0-10_2.12 added as a dependency
[2024-06-19T06:19:12.240+0000] {docker.py:413} INFO - :: resolving dependencies :: org.apache.spark#spark-submit-parent-287d6d99-8008-4b00-92bd-e7c7c49f4649;1.0
	confs: [default]
[2024-06-19T06:19:14.170+0000] {docker.py:413} INFO - found org.postgresql#postgresql;42.5.4 in central
[2024-06-19T06:19:14.735+0000] {docker.py:413} INFO - found org.checkerframework#checker-qual;3.5.0 in central
[2024-06-19T06:19:17.189+0000] {docker.py:413} INFO - found org.apache.spark#spark-sql-kafka-0-10_2.12;3.5.0 in central
[2024-06-19T06:19:17.749+0000] {docker.py:413} INFO - found org.apache.spark#spark-token-provider-kafka-0-10_2.12;3.5.0 in central
[2024-06-19T06:19:18.169+0000] {docker.py:413} INFO - found org.apache.kafka#kafka-clients;3.4.1 in central
[2024-06-19T06:19:18.618+0000] {docker.py:413} INFO - found org.lz4#lz4-java;1.8.0 in central
[2024-06-19T06:19:19.077+0000] {docker.py:413} INFO - found org.xerial.snappy#snappy-java;1.1.10.3 in central
[2024-06-19T06:19:20.381+0000] {docker.py:413} INFO - found org.slf4j#slf4j-api;2.0.7 in central
[2024-06-19T06:19:23.753+0000] {docker.py:413} INFO - found org.apache.hadoop#hadoop-client-runtime;3.3.4 in central
[2024-06-19T06:19:24.250+0000] {docker.py:413} INFO - found org.apache.hadoop#hadoop-client-api;3.3.4 in central
[2024-06-19T06:19:26.963+0000] {docker.py:413} INFO - found commons-logging#commons-logging;1.1.3 in central
[2024-06-19T06:19:27.388+0000] {docker.py:413} INFO - found com.google.code.findbugs#jsr305;3.0.0 in central
[2024-06-19T06:19:32.433+0000] {docker.py:413} INFO - found org.apache.commons#commons-pool2;2.11.1 in central
[2024-06-19T06:19:32.651+0000] {docker.py:413} INFO - downloading https://repo1.maven.org/maven2/org/postgresql/postgresql/42.5.4/postgresql-42.5.4.jar ...
[2024-06-19T06:19:33.363+0000] {docker.py:413} INFO - [SUCCESSFUL ] org.postgresql#postgresql;42.5.4!postgresql.jar (916ms)
[2024-06-19T06:19:33.567+0000] {docker.py:413} INFO - downloading https://repo1.maven.org/maven2/org/apache/spark/spark-sql-kafka-0-10_2.12/3.5.0/spark-sql-kafka-0-10_2.12-3.5.0.jar ...
[2024-06-19T06:19:33.828+0000] {docker.py:413} INFO - [SUCCESSFUL ] org.apache.spark#spark-sql-kafka-0-10_2.12;3.5.0!spark-sql-kafka-0-10_2.12.jar (463ms)
[2024-06-19T06:19:34.032+0000] {docker.py:413} INFO - downloading https://repo1.maven.org/maven2/org/checkerframework/checker-qual/3.5.0/checker-qual-3.5.0.jar ...
[2024-06-19T06:19:34.263+0000] {docker.py:413} INFO - [SUCCESSFUL ] org.checkerframework#checker-qual;3.5.0!checker-qual.jar (434ms)
[2024-06-19T06:19:34.474+0000] {docker.py:413} INFO - downloading https://repo1.maven.org/maven2/org/apache/spark/spark-token-provider-kafka-0-10_2.12/3.5.0/spark-token-provider-kafka-0-10_2.12-3.5.0.jar ...
[2024-06-19T06:19:34.680+0000] {docker.py:413} INFO - [SUCCESSFUL ] org.apache.spark#spark-token-provider-kafka-0-10_2.12;3.5.0!spark-token-provider-kafka-0-10_2.12.jar (415ms)
[2024-06-19T06:19:34.892+0000] {docker.py:413} INFO - downloading https://repo1.maven.org/maven2/org/apache/kafka/kafka-clients/3.4.1/kafka-clients-3.4.1.jar ...
[2024-06-19T06:19:35.768+0000] {docker.py:413} INFO - [SUCCESSFUL ] org.apache.kafka#kafka-clients;3.4.1!kafka-clients.jar (1088ms)
[2024-06-19T06:19:35.971+0000] {docker.py:413} INFO - downloading https://repo1.maven.org/maven2/com/google/code/findbugs/jsr305/3.0.0/jsr305-3.0.0.jar ...
[2024-06-19T06:19:36.183+0000] {docker.py:413} INFO - [SUCCESSFUL ] com.google.code.findbugs#jsr305;3.0.0!jsr305.jar (411ms)
[2024-06-19T06:19:36.381+0000] {docker.py:413} INFO - downloading https://repo1.maven.org/maven2/org/apache/commons/commons-pool2/2.11.1/commons-pool2-2.11.1.jar ...
[2024-06-19T06:19:36.607+0000] {docker.py:413} INFO - [SUCCESSFUL ] org.apache.commons#commons-pool2;2.11.1!commons-pool2.jar (421ms)
[2024-06-19T06:19:36.810+0000] {docker.py:413} INFO - downloading https://repo1.maven.org/maven2/org/apache/hadoop/hadoop-client-runtime/3.3.4/hadoop-client-runtime-3.3.4.jar ...
[2024-06-19T06:19:40.709+0000] {docker.py:413} INFO - [SUCCESSFUL ] org.apache.hadoop#hadoop-client-runtime;3.3.4!hadoop-client-runtime.jar (4096ms)
[2024-06-19T06:19:40.918+0000] {docker.py:413} INFO - downloading https://repo1.maven.org/maven2/org/lz4/lz4-java/1.8.0/lz4-java-1.8.0.jar ...
[2024-06-19T06:19:41.192+0000] {docker.py:413} INFO - [SUCCESSFUL ] org.lz4#lz4-java;1.8.0!lz4-java.jar (481ms)
[2024-06-19T06:19:41.406+0000] {docker.py:413} INFO - downloading https://repo1.maven.org/maven2/org/xerial/snappy/snappy-java/1.1.10.3/snappy-java-1.1.10.3.jar ...
[2024-06-19T06:19:42.002+0000] {docker.py:413} INFO - [SUCCESSFUL ] org.xerial.snappy#snappy-java;1.1.10.3!snappy-java.jar(bundle) (808ms)
[2024-06-19T06:19:42.203+0000] {docker.py:413} INFO - downloading https://repo1.maven.org/maven2/org/slf4j/slf4j-api/2.0.7/slf4j-api-2.0.7.jar ...
[2024-06-19T06:19:42.435+0000] {docker.py:413} INFO - [SUCCESSFUL ] org.slf4j#slf4j-api;2.0.7!slf4j-api.jar (432ms)
[2024-06-19T06:19:42.639+0000] {docker.py:413} INFO - downloading https://repo1.maven.org/maven2/org/apache/hadoop/hadoop-client-api/3.3.4/hadoop-client-api-3.3.4.jar ...
[2024-06-19T06:19:47.938+0000] {docker.py:413} INFO - [SUCCESSFUL ] org.apache.hadoop#hadoop-client-api;3.3.4!hadoop-client-api.jar (5499ms)
[2024-06-19T06:19:48.140+0000] {docker.py:413} INFO - downloading https://repo1.maven.org/maven2/commons-logging/commons-logging/1.1.3/commons-logging-1.1.3.jar ...
[2024-06-19T06:19:48.357+0000] {docker.py:413} INFO - [SUCCESSFUL ] commons-logging#commons-logging;1.1.3!commons-logging.jar (417ms)
[2024-06-19T06:19:48.358+0000] {docker.py:413} INFO - :: resolution report :: resolve 20204ms :: artifacts dl 15913ms
[2024-06-19T06:19:48.358+0000] {docker.py:413} INFO - :: modules in use:
[2024-06-19T06:19:48.358+0000] {docker.py:413} INFO - com.google.code.findbugs#jsr305;3.0.0 from central in [default]
[2024-06-19T06:19:48.359+0000] {docker.py:413} INFO - commons-logging#commons-logging;1.1.3 from central in [default]
[2024-06-19T06:19:48.359+0000] {docker.py:413} INFO - org.apache.commons#commons-pool2;2.11.1 from central in [default]
	org.apache.hadoop#hadoop-client-api;3.3.4 from central in [default]
	org.apache.hadoop#hadoop-client-runtime;3.3.4 from central in [default]
	org.apache.kafka#kafka-clients;3.4.1 from central in [default]
	org.apache.spark#spark-sql-kafka-0-10_2.12;3.5.0 from central in [default]
	org.apache.spark#spark-token-provider-kafka-0-10_2.12;3.5.0 from central in [default]
	org.checkerframework#checker-qual;3.5.0 from central in [default]
	org.lz4#lz4-java;1.8.0 from central in [default]
[2024-06-19T06:19:48.359+0000] {docker.py:413} INFO - org.postgresql#postgresql;42.5.4 from central in [default]
	org.slf4j#slf4j-api;2.0.7 from central in [default]
	org.xerial.snappy#snappy-java;1.1.10.3 from central in [default]
	---------------------------------------------------------------------
	|                  |            modules            ||   artifacts   |
	|       conf       | number| search|dwnlded|evicted|| number|dwnlded|
	---------------------------------------------------------------------
[2024-06-19T06:19:48.359+0000] {docker.py:413} INFO - |      default     |   13  |   13  |   13  |   0   ||   13  |   13  |
	---------------------------------------------------------------------
[2024-06-19T06:19:48.366+0000] {docker.py:413} INFO - :: retrieving :: org.apache.spark#spark-submit-parent-287d6d99-8008-4b00-92bd-e7c7c49f4649
[2024-06-19T06:19:48.366+0000] {docker.py:413} INFO - confs: [default]
[2024-06-19T06:19:48.409+0000] {docker.py:413} INFO - 13 artifacts copied, 0 already retrieved (58001kB/43ms)
[2024-06-19T06:19:48.617+0000] {docker.py:413} INFO - 24/06/19 06:19:48 WARN NativeCodeLoader: Unable to load native-hadoop library for your platform... using builtin-java classes where applicable
[2024-06-19T06:19:49.209+0000] {docker.py:413} INFO - 24/06/19 06:19:49 INFO SparkContext: Running Spark version 3.5.0
[2024-06-19T06:19:49.212+0000] {docker.py:413} INFO - 24/06/19 06:19:49 INFO SparkContext: OS info Linux, 6.6.12-linuxkit, aarch64
24/06/19 06:19:49 INFO SparkContext: Java version 17.0.10
[2024-06-19T06:19:49.221+0000] {docker.py:413} INFO - 24/06/19 06:19:49 INFO ResourceUtils: ==============================================================
[2024-06-19T06:19:49.222+0000] {docker.py:413} INFO - 24/06/19 06:19:49 INFO ResourceUtils: No custom resources configured for spark.driver.
[2024-06-19T06:19:49.222+0000] {docker.py:413} INFO - 24/06/19 06:19:49 INFO ResourceUtils: ==============================================================
[2024-06-19T06:19:49.223+0000] {docker.py:413} INFO - 24/06/19 06:19:49 INFO SparkContext: Submitted application: PostgreSQL Connection with PySpark
[2024-06-19T06:19:49.233+0000] {docker.py:413} INFO - 24/06/19 06:19:49 INFO ResourceProfile: Default ResourceProfile created, executor resources: Map(cores -> name: cores, amount: 1, script: , vendor: , memory -> name: memory, amount: 1024, script: , vendor: , offHeap -> name: offHeap, amount: 0, script: , vendor: ), task resources: Map(cpus -> name: cpus, amount: 1.0)
[2024-06-19T06:19:49.238+0000] {docker.py:413} INFO - 24/06/19 06:19:49 INFO ResourceProfile: Limiting resource is cpu
[2024-06-19T06:19:49.239+0000] {docker.py:413} INFO - 24/06/19 06:19:49 INFO ResourceProfileManager: Added ResourceProfile id: 0
[2024-06-19T06:19:49.276+0000] {docker.py:413} INFO - 24/06/19 06:19:49 INFO SecurityManager: Changing view acls to: spark
[2024-06-19T06:19:49.276+0000] {docker.py:413} INFO - 24/06/19 06:19:49 INFO SecurityManager: Changing modify acls to: spark
[2024-06-19T06:19:49.278+0000] {docker.py:413} INFO - 24/06/19 06:19:49 INFO SecurityManager: Changing view acls groups to:
[2024-06-19T06:19:49.279+0000] {docker.py:413} INFO - 24/06/19 06:19:49 INFO SecurityManager: Changing modify acls groups to:
[2024-06-19T06:19:49.280+0000] {docker.py:413} INFO - 24/06/19 06:19:49 INFO SecurityManager: SecurityManager: authentication disabled; ui acls disabled; users with view permissions: spark; groups with view permissions: EMPTY; users with modify permissions: spark; groups with modify permissions: EMPTY
[2024-06-19T06:19:49.466+0000] {docker.py:413} INFO - 24/06/19 06:19:49 INFO Utils: Successfully started service 'sparkDriver' on port 44945.
[2024-06-19T06:19:49.485+0000] {docker.py:413} INFO - 24/06/19 06:19:49 INFO SparkEnv: Registering MapOutputTracker
[2024-06-19T06:19:49.508+0000] {docker.py:413} INFO - 24/06/19 06:19:49 INFO SparkEnv: Registering BlockManagerMaster
[2024-06-19T06:19:49.520+0000] {docker.py:413} INFO - 24/06/19 06:19:49 INFO BlockManagerMasterEndpoint: Using org.apache.spark.storage.DefaultTopologyMapper for getting topology information
[2024-06-19T06:19:49.520+0000] {docker.py:413} INFO - 24/06/19 06:19:49 INFO BlockManagerMasterEndpoint: BlockManagerMasterEndpoint up
[2024-06-19T06:19:49.525+0000] {docker.py:413} INFO - 24/06/19 06:19:49 INFO SparkEnv: Registering BlockManagerMasterHeartbeat
[2024-06-19T06:19:49.539+0000] {docker.py:413} INFO - 24/06/19 06:19:49 INFO DiskBlockManager: Created local directory at /tmp/blockmgr-62f54668-d683-43d0-9efc-e30ea088b73f
[2024-06-19T06:19:49.548+0000] {docker.py:413} INFO - 24/06/19 06:19:49 INFO MemoryStore: MemoryStore started with capacity 434.4 MiB
[2024-06-19T06:19:49.558+0000] {docker.py:413} INFO - 24/06/19 06:19:49 INFO SparkEnv: Registering OutputCommitCoordinator
[2024-06-19T06:19:49.645+0000] {docker.py:413} INFO - 24/06/19 06:19:49 INFO JettyUtils: Start Jetty 0.0.0.0:4040 for SparkUI
[2024-06-19T06:19:49.678+0000] {docker.py:413} INFO - 24/06/19 06:19:49 INFO Utils: Successfully started service 'SparkUI' on port 4040.
[2024-06-19T06:19:49.697+0000] {docker.py:413} INFO - 24/06/19 06:19:49 INFO SparkContext: Added JAR file:///opt/bitnami/spark/.ivy2/jars/org.postgresql_postgresql-42.5.4.jar at spark://localhost:44945/jars/org.postgresql_postgresql-42.5.4.jar with timestamp 1718777989203
[2024-06-19T06:19:49.700+0000] {docker.py:413} INFO - 24/06/19 06:19:49 INFO SparkContext: Added JAR file:///opt/bitnami/spark/.ivy2/jars/org.apache.spark_spark-sql-kafka-0-10_2.12-3.5.0.jar at spark://localhost:44945/jars/org.apache.spark_spark-sql-kafka-0-10_2.12-3.5.0.jar with timestamp 1718777989203
[2024-06-19T06:19:49.701+0000] {docker.py:413} INFO - 24/06/19 06:19:49 INFO SparkContext: Added JAR file:///opt/bitnami/spark/.ivy2/jars/org.checkerframework_checker-qual-3.5.0.jar at spark://localhost:44945/jars/org.checkerframework_checker-qual-3.5.0.jar with timestamp 1718777989203
[2024-06-19T06:19:49.701+0000] {docker.py:413} INFO - 24/06/19 06:19:49 INFO SparkContext: Added JAR file:///opt/bitnami/spark/.ivy2/jars/org.apache.spark_spark-token-provider-kafka-0-10_2.12-3.5.0.jar at spark://localhost:44945/jars/org.apache.spark_spark-token-provider-kafka-0-10_2.12-3.5.0.jar with timestamp 1718777989203
24/06/19 06:19:49 INFO SparkContext: Added JAR file:///opt/bitnami/spark/.ivy2/jars/org.apache.kafka_kafka-clients-3.4.1.jar at spark://localhost:44945/jars/org.apache.kafka_kafka-clients-3.4.1.jar with timestamp 1718777989203
24/06/19 06:19:49 INFO SparkContext: Added JAR file:///opt/bitnami/spark/.ivy2/jars/com.google.code.findbugs_jsr305-3.0.0.jar at spark://localhost:44945/jars/com.google.code.findbugs_jsr305-3.0.0.jar with timestamp 1718777989203
[2024-06-19T06:19:49.701+0000] {docker.py:413} INFO - 24/06/19 06:19:49 INFO SparkContext: Added JAR file:///opt/bitnami/spark/.ivy2/jars/org.apache.commons_commons-pool2-2.11.1.jar at spark://localhost:44945/jars/org.apache.commons_commons-pool2-2.11.1.jar with timestamp 1718777989203
[2024-06-19T06:19:49.701+0000] {docker.py:413} INFO - 24/06/19 06:19:49 INFO SparkContext: Added JAR file:///opt/bitnami/spark/.ivy2/jars/org.apache.hadoop_hadoop-client-runtime-3.3.4.jar at spark://localhost:44945/jars/org.apache.hadoop_hadoop-client-runtime-3.3.4.jar with timestamp 1718777989203
[2024-06-19T06:19:49.702+0000] {docker.py:413} INFO - 24/06/19 06:19:49 INFO SparkContext: Added JAR file:///opt/bitnami/spark/.ivy2/jars/org.lz4_lz4-java-1.8.0.jar at spark://localhost:44945/jars/org.lz4_lz4-java-1.8.0.jar with timestamp 1718777989203
24/06/19 06:19:49 INFO SparkContext: Added JAR file:///opt/bitnami/spark/.ivy2/jars/org.xerial.snappy_snappy-java-1.1.10.3.jar at spark://localhost:44945/jars/org.xerial.snappy_snappy-java-1.1.10.3.jar with timestamp 1718777989203
[2024-06-19T06:19:49.702+0000] {docker.py:413} INFO - 24/06/19 06:19:49 INFO SparkContext: Added JAR file:///opt/bitnami/spark/.ivy2/jars/org.slf4j_slf4j-api-2.0.7.jar at spark://localhost:44945/jars/org.slf4j_slf4j-api-2.0.7.jar with timestamp 1718777989203
24/06/19 06:19:49 INFO SparkContext: Added JAR file:///opt/bitnami/spark/.ivy2/jars/org.apache.hadoop_hadoop-client-api-3.3.4.jar at spark://localhost:44945/jars/org.apache.hadoop_hadoop-client-api-3.3.4.jar with timestamp 1718777989203
[2024-06-19T06:19:49.702+0000] {docker.py:413} INFO - 24/06/19 06:19:49 INFO SparkContext: Added JAR file:///opt/bitnami/spark/.ivy2/jars/commons-logging_commons-logging-1.1.3.jar at spark://localhost:44945/jars/commons-logging_commons-logging-1.1.3.jar with timestamp 1718777989203
[2024-06-19T06:19:49.702+0000] {docker.py:413} INFO - 24/06/19 06:19:49 INFO SparkContext: Added file file:///opt/bitnami/spark/.ivy2/jars/org.postgresql_postgresql-42.5.4.jar at file:///opt/bitnami/spark/.ivy2/jars/org.postgresql_postgresql-42.5.4.jar with timestamp 1718777989203
[2024-06-19T06:19:49.702+0000] {docker.py:413} INFO - 24/06/19 06:19:49 INFO Utils: Copying /opt/bitnami/spark/.ivy2/jars/org.postgresql_postgresql-42.5.4.jar to /tmp/spark-cc28e027-a505-4b34-a6d2-25869782d35c/userFiles-a7942cec-d7a3-4b90-8d0b-4da892cc85b6/org.postgresql_postgresql-42.5.4.jar
[2024-06-19T06:19:49.706+0000] {docker.py:413} INFO - 24/06/19 06:19:49 INFO SparkContext: Added file file:///opt/bitnami/spark/.ivy2/jars/org.apache.spark_spark-sql-kafka-0-10_2.12-3.5.0.jar at file:///opt/bitnami/spark/.ivy2/jars/org.apache.spark_spark-sql-kafka-0-10_2.12-3.5.0.jar with timestamp 1718777989203
[2024-06-19T06:19:49.707+0000] {docker.py:413} INFO - 24/06/19 06:19:49 INFO Utils: Copying /opt/bitnami/spark/.ivy2/jars/org.apache.spark_spark-sql-kafka-0-10_2.12-3.5.0.jar to /tmp/spark-cc28e027-a505-4b34-a6d2-25869782d35c/userFiles-a7942cec-d7a3-4b90-8d0b-4da892cc85b6/org.apache.spark_spark-sql-kafka-0-10_2.12-3.5.0.jar
[2024-06-19T06:19:49.710+0000] {docker.py:413} INFO - 24/06/19 06:19:49 INFO SparkContext: Added file file:///opt/bitnami/spark/.ivy2/jars/org.checkerframework_checker-qual-3.5.0.jar at file:///opt/bitnami/spark/.ivy2/jars/org.checkerframework_checker-qual-3.5.0.jar with timestamp 1718777989203
[2024-06-19T06:19:49.711+0000] {docker.py:413} INFO - 24/06/19 06:19:49 INFO Utils: Copying /opt/bitnami/spark/.ivy2/jars/org.checkerframework_checker-qual-3.5.0.jar to /tmp/spark-cc28e027-a505-4b34-a6d2-25869782d35c/userFiles-a7942cec-d7a3-4b90-8d0b-4da892cc85b6/org.checkerframework_checker-qual-3.5.0.jar
[2024-06-19T06:19:49.711+0000] {docker.py:413} INFO - 24/06/19 06:19:49 INFO SparkContext: Added file file:///opt/bitnami/spark/.ivy2/jars/org.apache.spark_spark-token-provider-kafka-0-10_2.12-3.5.0.jar at file:///opt/bitnami/spark/.ivy2/jars/org.apache.spark_spark-token-provider-kafka-0-10_2.12-3.5.0.jar with timestamp 1718777989203
[2024-06-19T06:19:49.711+0000] {docker.py:413} INFO - 24/06/19 06:19:49 INFO Utils: Copying /opt/bitnami/spark/.ivy2/jars/org.apache.spark_spark-token-provider-kafka-0-10_2.12-3.5.0.jar to /tmp/spark-cc28e027-a505-4b34-a6d2-25869782d35c/userFiles-a7942cec-d7a3-4b90-8d0b-4da892cc85b6/org.apache.spark_spark-token-provider-kafka-0-10_2.12-3.5.0.jar
[2024-06-19T06:19:49.713+0000] {docker.py:413} INFO - 24/06/19 06:19:49 INFO SparkContext: Added file file:///opt/bitnami/spark/.ivy2/jars/org.apache.kafka_kafka-clients-3.4.1.jar at file:///opt/bitnami/spark/.ivy2/jars/org.apache.kafka_kafka-clients-3.4.1.jar with timestamp 1718777989203
[2024-06-19T06:19:49.713+0000] {docker.py:413} INFO - 24/06/19 06:19:49 INFO Utils: Copying /opt/bitnami/spark/.ivy2/jars/org.apache.kafka_kafka-clients-3.4.1.jar to /tmp/spark-cc28e027-a505-4b34-a6d2-25869782d35c/userFiles-a7942cec-d7a3-4b90-8d0b-4da892cc85b6/org.apache.kafka_kafka-clients-3.4.1.jar
[2024-06-19T06:19:49.717+0000] {docker.py:413} INFO - 24/06/19 06:19:49 INFO SparkContext: Added file file:///opt/bitnami/spark/.ivy2/jars/com.google.code.findbugs_jsr305-3.0.0.jar at file:///opt/bitnami/spark/.ivy2/jars/com.google.code.findbugs_jsr305-3.0.0.jar with timestamp 1718777989203
[2024-06-19T06:19:49.718+0000] {docker.py:413} INFO - 24/06/19 06:19:49 INFO Utils: Copying /opt/bitnami/spark/.ivy2/jars/com.google.code.findbugs_jsr305-3.0.0.jar to /tmp/spark-cc28e027-a505-4b34-a6d2-25869782d35c/userFiles-a7942cec-d7a3-4b90-8d0b-4da892cc85b6/com.google.code.findbugs_jsr305-3.0.0.jar
[2024-06-19T06:19:49.720+0000] {docker.py:413} INFO - 24/06/19 06:19:49 INFO SparkContext: Added file file:///opt/bitnami/spark/.ivy2/jars/org.apache.commons_commons-pool2-2.11.1.jar at file:///opt/bitnami/spark/.ivy2/jars/org.apache.commons_commons-pool2-2.11.1.jar with timestamp 1718777989203
24/06/19 06:19:49 INFO Utils: Copying /opt/bitnami/spark/.ivy2/jars/org.apache.commons_commons-pool2-2.11.1.jar to /tmp/spark-cc28e027-a505-4b34-a6d2-25869782d35c/userFiles-a7942cec-d7a3-4b90-8d0b-4da892cc85b6/org.apache.commons_commons-pool2-2.11.1.jar
[2024-06-19T06:19:49.722+0000] {docker.py:413} INFO - 24/06/19 06:19:49 INFO SparkContext: Added file file:///opt/bitnami/spark/.ivy2/jars/org.apache.hadoop_hadoop-client-runtime-3.3.4.jar at file:///opt/bitnami/spark/.ivy2/jars/org.apache.hadoop_hadoop-client-runtime-3.3.4.jar with timestamp 1718777989203
[2024-06-19T06:19:49.722+0000] {docker.py:413} INFO - 24/06/19 06:19:49 INFO Utils: Copying /opt/bitnami/spark/.ivy2/jars/org.apache.hadoop_hadoop-client-runtime-3.3.4.jar to /tmp/spark-cc28e027-a505-4b34-a6d2-25869782d35c/userFiles-a7942cec-d7a3-4b90-8d0b-4da892cc85b6/org.apache.hadoop_hadoop-client-runtime-3.3.4.jar
[2024-06-19T06:19:49.740+0000] {docker.py:413} INFO - 24/06/19 06:19:49 INFO SparkContext: Added file file:///opt/bitnami/spark/.ivy2/jars/org.lz4_lz4-java-1.8.0.jar at file:///opt/bitnami/spark/.ivy2/jars/org.lz4_lz4-java-1.8.0.jar with timestamp 1718777989203
[2024-06-19T06:19:49.741+0000] {docker.py:413} INFO - 24/06/19 06:19:49 INFO Utils: Copying /opt/bitnami/spark/.ivy2/jars/org.lz4_lz4-java-1.8.0.jar to /tmp/spark-cc28e027-a505-4b34-a6d2-25869782d35c/userFiles-a7942cec-d7a3-4b90-8d0b-4da892cc85b6/org.lz4_lz4-java-1.8.0.jar
[2024-06-19T06:19:49.744+0000] {docker.py:413} INFO - 24/06/19 06:19:49 INFO SparkContext: Added file file:///opt/bitnami/spark/.ivy2/jars/org.xerial.snappy_snappy-java-1.1.10.3.jar at file:///opt/bitnami/spark/.ivy2/jars/org.xerial.snappy_snappy-java-1.1.10.3.jar with timestamp 1718777989203
[2024-06-19T06:19:49.745+0000] {docker.py:413} INFO - 24/06/19 06:19:49 INFO Utils: Copying /opt/bitnami/spark/.ivy2/jars/org.xerial.snappy_snappy-java-1.1.10.3.jar to /tmp/spark-cc28e027-a505-4b34-a6d2-25869782d35c/userFiles-a7942cec-d7a3-4b90-8d0b-4da892cc85b6/org.xerial.snappy_snappy-java-1.1.10.3.jar
[2024-06-19T06:19:49.747+0000] {docker.py:413} INFO - 24/06/19 06:19:49 INFO SparkContext: Added file file:///opt/bitnami/spark/.ivy2/jars/org.slf4j_slf4j-api-2.0.7.jar at file:///opt/bitnami/spark/.ivy2/jars/org.slf4j_slf4j-api-2.0.7.jar with timestamp 1718777989203
[2024-06-19T06:19:49.748+0000] {docker.py:413} INFO - 24/06/19 06:19:49 INFO Utils: Copying /opt/bitnami/spark/.ivy2/jars/org.slf4j_slf4j-api-2.0.7.jar to /tmp/spark-cc28e027-a505-4b34-a6d2-25869782d35c/userFiles-a7942cec-d7a3-4b90-8d0b-4da892cc85b6/org.slf4j_slf4j-api-2.0.7.jar
[2024-06-19T06:19:49.750+0000] {docker.py:413} INFO - 24/06/19 06:19:49 INFO SparkContext: Added file file:///opt/bitnami/spark/.ivy2/jars/org.apache.hadoop_hadoop-client-api-3.3.4.jar at file:///opt/bitnami/spark/.ivy2/jars/org.apache.hadoop_hadoop-client-api-3.3.4.jar with timestamp 1718777989203
[2024-06-19T06:19:49.750+0000] {docker.py:413} INFO - 24/06/19 06:19:49 INFO Utils: Copying /opt/bitnami/spark/.ivy2/jars/org.apache.hadoop_hadoop-client-api-3.3.4.jar to /tmp/spark-cc28e027-a505-4b34-a6d2-25869782d35c/userFiles-a7942cec-d7a3-4b90-8d0b-4da892cc85b6/org.apache.hadoop_hadoop-client-api-3.3.4.jar
[2024-06-19T06:19:49.760+0000] {docker.py:413} INFO - 24/06/19 06:19:49 INFO SparkContext: Added file file:///opt/bitnami/spark/.ivy2/jars/commons-logging_commons-logging-1.1.3.jar at file:///opt/bitnami/spark/.ivy2/jars/commons-logging_commons-logging-1.1.3.jar with timestamp 1718777989203
[2024-06-19T06:19:49.760+0000] {docker.py:413} INFO - 24/06/19 06:19:49 INFO Utils: Copying /opt/bitnami/spark/.ivy2/jars/commons-logging_commons-logging-1.1.3.jar to /tmp/spark-cc28e027-a505-4b34-a6d2-25869782d35c/userFiles-a7942cec-d7a3-4b90-8d0b-4da892cc85b6/commons-logging_commons-logging-1.1.3.jar
[2024-06-19T06:19:49.801+0000] {docker.py:413} INFO - 24/06/19 06:19:49 INFO Executor: Starting executor ID driver on host localhost
[2024-06-19T06:19:49.801+0000] {docker.py:413} INFO - 24/06/19 06:19:49 INFO Executor: OS info Linux, 6.6.12-linuxkit, aarch64
[2024-06-19T06:19:49.802+0000] {docker.py:413} INFO - 24/06/19 06:19:49 INFO Executor: Java version 17.0.10
[2024-06-19T06:19:49.804+0000] {docker.py:413} INFO - 24/06/19 06:19:49 INFO Executor: Starting executor with user classpath (userClassPathFirst = false): ''
[2024-06-19T06:19:49.805+0000] {docker.py:413} INFO - 24/06/19 06:19:49 INFO Executor: Created or updated repl class loader org.apache.spark.util.MutableURLClassLoader@3bc6e7df for default.
[2024-06-19T06:19:49.810+0000] {docker.py:413} INFO - 24/06/19 06:19:49 INFO Executor: Fetching file:///opt/bitnami/spark/.ivy2/jars/org.apache.spark_spark-token-provider-kafka-0-10_2.12-3.5.0.jar with timestamp 1718777989203
[2024-06-19T06:19:49.818+0000] {docker.py:413} INFO - 24/06/19 06:19:49 INFO Utils: /opt/bitnami/spark/.ivy2/jars/org.apache.spark_spark-token-provider-kafka-0-10_2.12-3.5.0.jar has been previously copied to /tmp/spark-cc28e027-a505-4b34-a6d2-25869782d35c/userFiles-a7942cec-d7a3-4b90-8d0b-4da892cc85b6/org.apache.spark_spark-token-provider-kafka-0-10_2.12-3.5.0.jar
[2024-06-19T06:19:49.819+0000] {docker.py:413} INFO - 24/06/19 06:19:49 INFO Executor: Fetching file:///opt/bitnami/spark/.ivy2/jars/org.apache.hadoop_hadoop-client-runtime-3.3.4.jar with timestamp 1718777989203
[2024-06-19T06:19:49.833+0000] {docker.py:413} INFO - 24/06/19 06:19:49 INFO Utils: /opt/bitnami/spark/.ivy2/jars/org.apache.hadoop_hadoop-client-runtime-3.3.4.jar has been previously copied to /tmp/spark-cc28e027-a505-4b34-a6d2-25869782d35c/userFiles-a7942cec-d7a3-4b90-8d0b-4da892cc85b6/org.apache.hadoop_hadoop-client-runtime-3.3.4.jar
[2024-06-19T06:19:49.834+0000] {docker.py:413} INFO - 24/06/19 06:19:49 INFO Executor: Fetching file:///opt/bitnami/spark/.ivy2/jars/org.apache.commons_commons-pool2-2.11.1.jar with timestamp 1718777989203
[2024-06-19T06:19:49.835+0000] {docker.py:413} INFO - 24/06/19 06:19:49 INFO Utils: /opt/bitnami/spark/.ivy2/jars/org.apache.commons_commons-pool2-2.11.1.jar has been previously copied to /tmp/spark-cc28e027-a505-4b34-a6d2-25869782d35c/userFiles-a7942cec-d7a3-4b90-8d0b-4da892cc85b6/org.apache.commons_commons-pool2-2.11.1.jar
[2024-06-19T06:19:49.836+0000] {docker.py:413} INFO - 24/06/19 06:19:49 INFO Executor: Fetching file:///opt/bitnami/spark/.ivy2/jars/org.postgresql_postgresql-42.5.4.jar with timestamp 1718777989203
[2024-06-19T06:19:49.836+0000] {docker.py:413} INFO - 24/06/19 06:19:49 INFO Utils: /opt/bitnami/spark/.ivy2/jars/org.postgresql_postgresql-42.5.4.jar has been previously copied to /tmp/spark-cc28e027-a505-4b34-a6d2-25869782d35c/userFiles-a7942cec-d7a3-4b90-8d0b-4da892cc85b6/org.postgresql_postgresql-42.5.4.jar
[2024-06-19T06:19:49.838+0000] {docker.py:413} INFO - 24/06/19 06:19:49 INFO Executor: Fetching file:///opt/bitnami/spark/.ivy2/jars/org.slf4j_slf4j-api-2.0.7.jar with timestamp 1718777989203
[2024-06-19T06:19:49.838+0000] {docker.py:413} INFO - 24/06/19 06:19:49 INFO Utils: /opt/bitnami/spark/.ivy2/jars/org.slf4j_slf4j-api-2.0.7.jar has been previously copied to /tmp/spark-cc28e027-a505-4b34-a6d2-25869782d35c/userFiles-a7942cec-d7a3-4b90-8d0b-4da892cc85b6/org.slf4j_slf4j-api-2.0.7.jar
[2024-06-19T06:19:49.839+0000] {docker.py:413} INFO - 24/06/19 06:19:49 INFO Executor: Fetching file:///opt/bitnami/spark/.ivy2/jars/org.apache.kafka_kafka-clients-3.4.1.jar with timestamp 1718777989203
[2024-06-19T06:19:49.842+0000] {docker.py:413} INFO - 24/06/19 06:19:49 INFO Utils: /opt/bitnami/spark/.ivy2/jars/org.apache.kafka_kafka-clients-3.4.1.jar has been previously copied to /tmp/spark-cc28e027-a505-4b34-a6d2-25869782d35c/userFiles-a7942cec-d7a3-4b90-8d0b-4da892cc85b6/org.apache.kafka_kafka-clients-3.4.1.jar
[2024-06-19T06:19:49.843+0000] {docker.py:413} INFO - 24/06/19 06:19:49 INFO Executor: Fetching file:///opt/bitnami/spark/.ivy2/jars/com.google.code.findbugs_jsr305-3.0.0.jar with timestamp 1718777989203
[2024-06-19T06:19:49.843+0000] {docker.py:413} INFO - 24/06/19 06:19:49 INFO Utils: /opt/bitnami/spark/.ivy2/jars/com.google.code.findbugs_jsr305-3.0.0.jar has been previously copied to /tmp/spark-cc28e027-a505-4b34-a6d2-25869782d35c/userFiles-a7942cec-d7a3-4b90-8d0b-4da892cc85b6/com.google.code.findbugs_jsr305-3.0.0.jar
[2024-06-19T06:19:49.844+0000] {docker.py:413} INFO - 24/06/19 06:19:49 INFO Executor: Fetching file:///opt/bitnami/spark/.ivy2/jars/org.lz4_lz4-java-1.8.0.jar with timestamp 1718777989203
[2024-06-19T06:19:49.845+0000] {docker.py:413} INFO - 24/06/19 06:19:49 INFO Utils: /opt/bitnami/spark/.ivy2/jars/org.lz4_lz4-java-1.8.0.jar has been previously copied to /tmp/spark-cc28e027-a505-4b34-a6d2-25869782d35c/userFiles-a7942cec-d7a3-4b90-8d0b-4da892cc85b6/org.lz4_lz4-java-1.8.0.jar
[2024-06-19T06:19:49.846+0000] {docker.py:413} INFO - 24/06/19 06:19:49 INFO Executor: Fetching file:///opt/bitnami/spark/.ivy2/jars/org.apache.spark_spark-sql-kafka-0-10_2.12-3.5.0.jar with timestamp 1718777989203
[2024-06-19T06:19:49.846+0000] {docker.py:413} INFO - 24/06/19 06:19:49 INFO Utils: /opt/bitnami/spark/.ivy2/jars/org.apache.spark_spark-sql-kafka-0-10_2.12-3.5.0.jar has been previously copied to /tmp/spark-cc28e027-a505-4b34-a6d2-25869782d35c/userFiles-a7942cec-d7a3-4b90-8d0b-4da892cc85b6/org.apache.spark_spark-sql-kafka-0-10_2.12-3.5.0.jar
[2024-06-19T06:19:49.848+0000] {docker.py:413} INFO - 24/06/19 06:19:49 INFO Executor: Fetching file:///opt/bitnami/spark/.ivy2/jars/org.apache.hadoop_hadoop-client-api-3.3.4.jar with timestamp 1718777989203
[2024-06-19T06:19:49.854+0000] {docker.py:413} INFO - 24/06/19 06:19:49 INFO Utils: /opt/bitnami/spark/.ivy2/jars/org.apache.hadoop_hadoop-client-api-3.3.4.jar has been previously copied to /tmp/spark-cc28e027-a505-4b34-a6d2-25869782d35c/userFiles-a7942cec-d7a3-4b90-8d0b-4da892cc85b6/org.apache.hadoop_hadoop-client-api-3.3.4.jar
[2024-06-19T06:19:49.856+0000] {docker.py:413} INFO - 24/06/19 06:19:49 INFO Executor: Fetching file:///opt/bitnami/spark/.ivy2/jars/commons-logging_commons-logging-1.1.3.jar with timestamp 1718777989203
[2024-06-19T06:19:49.856+0000] {docker.py:413} INFO - 24/06/19 06:19:49 INFO Utils: /opt/bitnami/spark/.ivy2/jars/commons-logging_commons-logging-1.1.3.jar has been previously copied to /tmp/spark-cc28e027-a505-4b34-a6d2-25869782d35c/userFiles-a7942cec-d7a3-4b90-8d0b-4da892cc85b6/commons-logging_commons-logging-1.1.3.jar
[2024-06-19T06:19:49.857+0000] {docker.py:413} INFO - 24/06/19 06:19:49 INFO Executor: Fetching file:///opt/bitnami/spark/.ivy2/jars/org.checkerframework_checker-qual-3.5.0.jar with timestamp 1718777989203
[2024-06-19T06:19:49.857+0000] {docker.py:413} INFO - 24/06/19 06:19:49 INFO Utils: /opt/bitnami/spark/.ivy2/jars/org.checkerframework_checker-qual-3.5.0.jar has been previously copied to /tmp/spark-cc28e027-a505-4b34-a6d2-25869782d35c/userFiles-a7942cec-d7a3-4b90-8d0b-4da892cc85b6/org.checkerframework_checker-qual-3.5.0.jar
[2024-06-19T06:19:49.859+0000] {docker.py:413} INFO - 24/06/19 06:19:49 INFO Executor: Fetching file:///opt/bitnami/spark/.ivy2/jars/org.xerial.snappy_snappy-java-1.1.10.3.jar with timestamp 1718777989203
[2024-06-19T06:19:49.860+0000] {docker.py:413} INFO - 24/06/19 06:19:49 INFO Utils: /opt/bitnami/spark/.ivy2/jars/org.xerial.snappy_snappy-java-1.1.10.3.jar has been previously copied to /tmp/spark-cc28e027-a505-4b34-a6d2-25869782d35c/userFiles-a7942cec-d7a3-4b90-8d0b-4da892cc85b6/org.xerial.snappy_snappy-java-1.1.10.3.jar
[2024-06-19T06:19:49.862+0000] {docker.py:413} INFO - 24/06/19 06:19:49 INFO Executor: Fetching spark://localhost:44945/jars/org.lz4_lz4-java-1.8.0.jar with timestamp 1718777989203
[2024-06-19T06:19:49.879+0000] {docker.py:413} INFO - 24/06/19 06:19:49 INFO TransportClientFactory: Successfully created connection to localhost/127.0.0.1:44945 after 11 ms (0 ms spent in bootstraps)
[2024-06-19T06:19:49.882+0000] {docker.py:413} INFO - 24/06/19 06:19:49 INFO Utils: Fetching spark://localhost:44945/jars/org.lz4_lz4-java-1.8.0.jar to /tmp/spark-cc28e027-a505-4b34-a6d2-25869782d35c/userFiles-a7942cec-d7a3-4b90-8d0b-4da892cc85b6/fetchFileTemp13229512713430325318.tmp
[2024-06-19T06:19:49.892+0000] {docker.py:413} INFO - 24/06/19 06:19:49 INFO Utils: /tmp/spark-cc28e027-a505-4b34-a6d2-25869782d35c/userFiles-a7942cec-d7a3-4b90-8d0b-4da892cc85b6/fetchFileTemp13229512713430325318.tmp has been previously copied to /tmp/spark-cc28e027-a505-4b34-a6d2-25869782d35c/userFiles-a7942cec-d7a3-4b90-8d0b-4da892cc85b6/org.lz4_lz4-java-1.8.0.jar
[2024-06-19T06:19:49.894+0000] {docker.py:413} INFO - 24/06/19 06:19:49 INFO Executor: Adding file:/tmp/spark-cc28e027-a505-4b34-a6d2-25869782d35c/userFiles-a7942cec-d7a3-4b90-8d0b-4da892cc85b6/org.lz4_lz4-java-1.8.0.jar to class loader default
[2024-06-19T06:19:49.895+0000] {docker.py:413} INFO - 24/06/19 06:19:49 INFO Executor: Fetching spark://localhost:44945/jars/org.checkerframework_checker-qual-3.5.0.jar with timestamp 1718777989203
[2024-06-19T06:19:49.895+0000] {docker.py:413} INFO - 24/06/19 06:19:49 INFO Utils: Fetching spark://localhost:44945/jars/org.checkerframework_checker-qual-3.5.0.jar to /tmp/spark-cc28e027-a505-4b34-a6d2-25869782d35c/userFiles-a7942cec-d7a3-4b90-8d0b-4da892cc85b6/fetchFileTemp13093463462615423836.tmp
[2024-06-19T06:19:49.897+0000] {docker.py:413} INFO - 24/06/19 06:19:49 INFO Utils: /tmp/spark-cc28e027-a505-4b34-a6d2-25869782d35c/userFiles-a7942cec-d7a3-4b90-8d0b-4da892cc85b6/fetchFileTemp13093463462615423836.tmp has been previously copied to /tmp/spark-cc28e027-a505-4b34-a6d2-25869782d35c/userFiles-a7942cec-d7a3-4b90-8d0b-4da892cc85b6/org.checkerframework_checker-qual-3.5.0.jar
[2024-06-19T06:19:49.899+0000] {docker.py:413} INFO - 24/06/19 06:19:49 INFO Executor: Adding file:/tmp/spark-cc28e027-a505-4b34-a6d2-25869782d35c/userFiles-a7942cec-d7a3-4b90-8d0b-4da892cc85b6/org.checkerframework_checker-qual-3.5.0.jar to class loader default
24/06/19 06:19:49 INFO Executor: Fetching spark://localhost:44945/jars/org.apache.spark_spark-sql-kafka-0-10_2.12-3.5.0.jar with timestamp 1718777989203
[2024-06-19T06:19:49.899+0000] {docker.py:413} INFO - 24/06/19 06:19:49 INFO Utils: Fetching spark://localhost:44945/jars/org.apache.spark_spark-sql-kafka-0-10_2.12-3.5.0.jar to /tmp/spark-cc28e027-a505-4b34-a6d2-25869782d35c/userFiles-a7942cec-d7a3-4b90-8d0b-4da892cc85b6/fetchFileTemp4720852781473858637.tmp
[2024-06-19T06:19:49.901+0000] {docker.py:413} INFO - 24/06/19 06:19:49 INFO Utils: /tmp/spark-cc28e027-a505-4b34-a6d2-25869782d35c/userFiles-a7942cec-d7a3-4b90-8d0b-4da892cc85b6/fetchFileTemp4720852781473858637.tmp has been previously copied to /tmp/spark-cc28e027-a505-4b34-a6d2-25869782d35c/userFiles-a7942cec-d7a3-4b90-8d0b-4da892cc85b6/org.apache.spark_spark-sql-kafka-0-10_2.12-3.5.0.jar
[2024-06-19T06:19:49.903+0000] {docker.py:413} INFO - 24/06/19 06:19:49 INFO Executor: Adding file:/tmp/spark-cc28e027-a505-4b34-a6d2-25869782d35c/userFiles-a7942cec-d7a3-4b90-8d0b-4da892cc85b6/org.apache.spark_spark-sql-kafka-0-10_2.12-3.5.0.jar to class loader default
[2024-06-19T06:19:49.903+0000] {docker.py:413} INFO - 24/06/19 06:19:49 INFO Executor: Fetching spark://localhost:44945/jars/org.slf4j_slf4j-api-2.0.7.jar with timestamp 1718777989203
[2024-06-19T06:19:49.904+0000] {docker.py:413} INFO - 24/06/19 06:19:49 INFO Utils: Fetching spark://localhost:44945/jars/org.slf4j_slf4j-api-2.0.7.jar to /tmp/spark-cc28e027-a505-4b34-a6d2-25869782d35c/userFiles-a7942cec-d7a3-4b90-8d0b-4da892cc85b6/fetchFileTemp9378858271262042025.tmp
[2024-06-19T06:19:49.904+0000] {docker.py:413} INFO - 24/06/19 06:19:49 INFO Utils: /tmp/spark-cc28e027-a505-4b34-a6d2-25869782d35c/userFiles-a7942cec-d7a3-4b90-8d0b-4da892cc85b6/fetchFileTemp9378858271262042025.tmp has been previously copied to /tmp/spark-cc28e027-a505-4b34-a6d2-25869782d35c/userFiles-a7942cec-d7a3-4b90-8d0b-4da892cc85b6/org.slf4j_slf4j-api-2.0.7.jar
[2024-06-19T06:19:49.907+0000] {docker.py:413} INFO - 24/06/19 06:19:49 INFO Executor: Adding file:/tmp/spark-cc28e027-a505-4b34-a6d2-25869782d35c/userFiles-a7942cec-d7a3-4b90-8d0b-4da892cc85b6/org.slf4j_slf4j-api-2.0.7.jar to class loader default
[2024-06-19T06:19:49.907+0000] {docker.py:413} INFO - 24/06/19 06:19:49 INFO Executor: Fetching spark://localhost:44945/jars/commons-logging_commons-logging-1.1.3.jar with timestamp 1718777989203
[2024-06-19T06:19:49.908+0000] {docker.py:413} INFO - 24/06/19 06:19:49 INFO Utils: Fetching spark://localhost:44945/jars/commons-logging_commons-logging-1.1.3.jar to /tmp/spark-cc28e027-a505-4b34-a6d2-25869782d35c/userFiles-a7942cec-d7a3-4b90-8d0b-4da892cc85b6/fetchFileTemp13601463489940838442.tmp
[2024-06-19T06:19:49.908+0000] {docker.py:413} INFO - 24/06/19 06:19:49 INFO Utils: /tmp/spark-cc28e027-a505-4b34-a6d2-25869782d35c/userFiles-a7942cec-d7a3-4b90-8d0b-4da892cc85b6/fetchFileTemp13601463489940838442.tmp has been previously copied to /tmp/spark-cc28e027-a505-4b34-a6d2-25869782d35c/userFiles-a7942cec-d7a3-4b90-8d0b-4da892cc85b6/commons-logging_commons-logging-1.1.3.jar
[2024-06-19T06:19:49.911+0000] {docker.py:413} INFO - 24/06/19 06:19:49 INFO Executor: Adding file:/tmp/spark-cc28e027-a505-4b34-a6d2-25869782d35c/userFiles-a7942cec-d7a3-4b90-8d0b-4da892cc85b6/commons-logging_commons-logging-1.1.3.jar to class loader default
[2024-06-19T06:19:49.912+0000] {docker.py:413} INFO - 24/06/19 06:19:49 INFO Executor: Fetching spark://localhost:44945/jars/org.apache.commons_commons-pool2-2.11.1.jar with timestamp 1718777989203
[2024-06-19T06:19:49.912+0000] {docker.py:413} INFO - 24/06/19 06:19:49 INFO Utils: Fetching spark://localhost:44945/jars/org.apache.commons_commons-pool2-2.11.1.jar to /tmp/spark-cc28e027-a505-4b34-a6d2-25869782d35c/userFiles-a7942cec-d7a3-4b90-8d0b-4da892cc85b6/fetchFileTemp13019205947759518678.tmp
[2024-06-19T06:19:49.913+0000] {docker.py:413} INFO - 24/06/19 06:19:49 INFO Utils: /tmp/spark-cc28e027-a505-4b34-a6d2-25869782d35c/userFiles-a7942cec-d7a3-4b90-8d0b-4da892cc85b6/fetchFileTemp13019205947759518678.tmp has been previously copied to /tmp/spark-cc28e027-a505-4b34-a6d2-25869782d35c/userFiles-a7942cec-d7a3-4b90-8d0b-4da892cc85b6/org.apache.commons_commons-pool2-2.11.1.jar
[2024-06-19T06:19:49.913+0000] {docker.py:413} INFO - 24/06/19 06:19:49 INFO Executor: Adding file:/tmp/spark-cc28e027-a505-4b34-a6d2-25869782d35c/userFiles-a7942cec-d7a3-4b90-8d0b-4da892cc85b6/org.apache.commons_commons-pool2-2.11.1.jar to class loader default
24/06/19 06:19:49 INFO Executor: Fetching spark://localhost:44945/jars/org.apache.spark_spark-token-provider-kafka-0-10_2.12-3.5.0.jar with timestamp 1718777989203
[2024-06-19T06:19:49.914+0000] {docker.py:413} INFO - 24/06/19 06:19:49 INFO Utils: Fetching spark://localhost:44945/jars/org.apache.spark_spark-token-provider-kafka-0-10_2.12-3.5.0.jar to /tmp/spark-cc28e027-a505-4b34-a6d2-25869782d35c/userFiles-a7942cec-d7a3-4b90-8d0b-4da892cc85b6/fetchFileTemp1350488635977270411.tmp
[2024-06-19T06:19:49.915+0000] {docker.py:413} INFO - 24/06/19 06:19:49 INFO Utils: /tmp/spark-cc28e027-a505-4b34-a6d2-25869782d35c/userFiles-a7942cec-d7a3-4b90-8d0b-4da892cc85b6/fetchFileTemp1350488635977270411.tmp has been previously copied to /tmp/spark-cc28e027-a505-4b34-a6d2-25869782d35c/userFiles-a7942cec-d7a3-4b90-8d0b-4da892cc85b6/org.apache.spark_spark-token-provider-kafka-0-10_2.12-3.5.0.jar
[2024-06-19T06:19:49.916+0000] {docker.py:413} INFO - 24/06/19 06:19:49 INFO Executor: Adding file:/tmp/spark-cc28e027-a505-4b34-a6d2-25869782d35c/userFiles-a7942cec-d7a3-4b90-8d0b-4da892cc85b6/org.apache.spark_spark-token-provider-kafka-0-10_2.12-3.5.0.jar to class loader default
[2024-06-19T06:19:49.917+0000] {docker.py:413} INFO - 24/06/19 06:19:49 INFO Executor: Fetching spark://localhost:44945/jars/org.apache.hadoop_hadoop-client-runtime-3.3.4.jar with timestamp 1718777989203
[2024-06-19T06:19:49.917+0000] {docker.py:413} INFO - 24/06/19 06:19:49 INFO Utils: Fetching spark://localhost:44945/jars/org.apache.hadoop_hadoop-client-runtime-3.3.4.jar to /tmp/spark-cc28e027-a505-4b34-a6d2-25869782d35c/userFiles-a7942cec-d7a3-4b90-8d0b-4da892cc85b6/fetchFileTemp14676268586189496912.tmp
[2024-06-19T06:19:49.973+0000] {docker.py:413} INFO - 24/06/19 06:19:49 INFO Utils: /tmp/spark-cc28e027-a505-4b34-a6d2-25869782d35c/userFiles-a7942cec-d7a3-4b90-8d0b-4da892cc85b6/fetchFileTemp14676268586189496912.tmp has been previously copied to /tmp/spark-cc28e027-a505-4b34-a6d2-25869782d35c/userFiles-a7942cec-d7a3-4b90-8d0b-4da892cc85b6/org.apache.hadoop_hadoop-client-runtime-3.3.4.jar
[2024-06-19T06:19:49.982+0000] {docker.py:413} INFO - 24/06/19 06:19:49 INFO Executor: Adding file:/tmp/spark-cc28e027-a505-4b34-a6d2-25869782d35c/userFiles-a7942cec-d7a3-4b90-8d0b-4da892cc85b6/org.apache.hadoop_hadoop-client-runtime-3.3.4.jar to class loader default
[2024-06-19T06:19:49.983+0000] {docker.py:413} INFO - 24/06/19 06:19:49 INFO Executor: Fetching spark://localhost:44945/jars/com.google.code.findbugs_jsr305-3.0.0.jar with timestamp 1718777989203
[2024-06-19T06:19:49.983+0000] {docker.py:413} INFO - 24/06/19 06:19:49 INFO Utils: Fetching spark://localhost:44945/jars/com.google.code.findbugs_jsr305-3.0.0.jar to /tmp/spark-cc28e027-a505-4b34-a6d2-25869782d35c/userFiles-a7942cec-d7a3-4b90-8d0b-4da892cc85b6/fetchFileTemp10429635293244457018.tmp
[2024-06-19T06:19:49.984+0000] {docker.py:413} INFO - 24/06/19 06:19:49 INFO Utils: /tmp/spark-cc28e027-a505-4b34-a6d2-25869782d35c/userFiles-a7942cec-d7a3-4b90-8d0b-4da892cc85b6/fetchFileTemp10429635293244457018.tmp has been previously copied to /tmp/spark-cc28e027-a505-4b34-a6d2-25869782d35c/userFiles-a7942cec-d7a3-4b90-8d0b-4da892cc85b6/com.google.code.findbugs_jsr305-3.0.0.jar
[2024-06-19T06:19:49.984+0000] {docker.py:413} INFO - 24/06/19 06:19:49 INFO Executor: Adding file:/tmp/spark-cc28e027-a505-4b34-a6d2-25869782d35c/userFiles-a7942cec-d7a3-4b90-8d0b-4da892cc85b6/com.google.code.findbugs_jsr305-3.0.0.jar to class loader default
[2024-06-19T06:19:49.985+0000] {docker.py:413} INFO - 24/06/19 06:19:49 INFO Executor: Fetching spark://localhost:44945/jars/org.apache.kafka_kafka-clients-3.4.1.jar with timestamp 1718777989203
[2024-06-19T06:19:49.985+0000] {docker.py:413} INFO - 24/06/19 06:19:49 INFO Utils: Fetching spark://localhost:44945/jars/org.apache.kafka_kafka-clients-3.4.1.jar to /tmp/spark-cc28e027-a505-4b34-a6d2-25869782d35c/userFiles-a7942cec-d7a3-4b90-8d0b-4da892cc85b6/fetchFileTemp4042498082973609028.tmp
[2024-06-19T06:19:50.001+0000] {docker.py:413} INFO - 24/06/19 06:19:49 INFO Utils: /tmp/spark-cc28e027-a505-4b34-a6d2-25869782d35c/userFiles-a7942cec-d7a3-4b90-8d0b-4da892cc85b6/fetchFileTemp4042498082973609028.tmp has been previously copied to /tmp/spark-cc28e027-a505-4b34-a6d2-25869782d35c/userFiles-a7942cec-d7a3-4b90-8d0b-4da892cc85b6/org.apache.kafka_kafka-clients-3.4.1.jar
[2024-06-19T06:19:50.013+0000] {docker.py:413} INFO - 24/06/19 06:19:50 INFO Executor: Adding file:/tmp/spark-cc28e027-a505-4b34-a6d2-25869782d35c/userFiles-a7942cec-d7a3-4b90-8d0b-4da892cc85b6/org.apache.kafka_kafka-clients-3.4.1.jar to class loader default
24/06/19 06:19:50 INFO Executor: Fetching spark://localhost:44945/jars/org.postgresql_postgresql-42.5.4.jar with timestamp 1718777989203
[2024-06-19T06:19:50.014+0000] {docker.py:413} INFO - 24/06/19 06:19:50 INFO Utils: Fetching spark://localhost:44945/jars/org.postgresql_postgresql-42.5.4.jar to /tmp/spark-cc28e027-a505-4b34-a6d2-25869782d35c/userFiles-a7942cec-d7a3-4b90-8d0b-4da892cc85b6/fetchFileTemp2094586823012785285.tmp
[2024-06-19T06:19:50.016+0000] {docker.py:413} INFO - 24/06/19 06:19:50 INFO Utils: /tmp/spark-cc28e027-a505-4b34-a6d2-25869782d35c/userFiles-a7942cec-d7a3-4b90-8d0b-4da892cc85b6/fetchFileTemp2094586823012785285.tmp has been previously copied to /tmp/spark-cc28e027-a505-4b34-a6d2-25869782d35c/userFiles-a7942cec-d7a3-4b90-8d0b-4da892cc85b6/org.postgresql_postgresql-42.5.4.jar
[2024-06-19T06:19:50.019+0000] {docker.py:413} INFO - 24/06/19 06:19:50 INFO Executor: Adding file:/tmp/spark-cc28e027-a505-4b34-a6d2-25869782d35c/userFiles-a7942cec-d7a3-4b90-8d0b-4da892cc85b6/org.postgresql_postgresql-42.5.4.jar to class loader default
24/06/19 06:19:50 INFO Executor: Fetching spark://localhost:44945/jars/org.xerial.snappy_snappy-java-1.1.10.3.jar with timestamp 1718777989203
[2024-06-19T06:19:50.020+0000] {docker.py:413} INFO - 24/06/19 06:19:50 INFO Utils: Fetching spark://localhost:44945/jars/org.xerial.snappy_snappy-java-1.1.10.3.jar to /tmp/spark-cc28e027-a505-4b34-a6d2-25869782d35c/userFiles-a7942cec-d7a3-4b90-8d0b-4da892cc85b6/fetchFileTemp17502257943843369913.tmp
[2024-06-19T06:19:50.026+0000] {docker.py:413} INFO - 24/06/19 06:19:50 INFO Utils: /tmp/spark-cc28e027-a505-4b34-a6d2-25869782d35c/userFiles-a7942cec-d7a3-4b90-8d0b-4da892cc85b6/fetchFileTemp17502257943843369913.tmp has been previously copied to /tmp/spark-cc28e027-a505-4b34-a6d2-25869782d35c/userFiles-a7942cec-d7a3-4b90-8d0b-4da892cc85b6/org.xerial.snappy_snappy-java-1.1.10.3.jar
[2024-06-19T06:19:50.028+0000] {docker.py:413} INFO - 24/06/19 06:19:50 INFO Executor: Adding file:/tmp/spark-cc28e027-a505-4b34-a6d2-25869782d35c/userFiles-a7942cec-d7a3-4b90-8d0b-4da892cc85b6/org.xerial.snappy_snappy-java-1.1.10.3.jar to class loader default
[2024-06-19T06:19:50.029+0000] {docker.py:413} INFO - 24/06/19 06:19:50 INFO Executor: Fetching spark://localhost:44945/jars/org.apache.hadoop_hadoop-client-api-3.3.4.jar with timestamp 1718777989203
[2024-06-19T06:19:50.030+0000] {docker.py:413} INFO - 24/06/19 06:19:50 INFO Utils: Fetching spark://localhost:44945/jars/org.apache.hadoop_hadoop-client-api-3.3.4.jar to /tmp/spark-cc28e027-a505-4b34-a6d2-25869782d35c/userFiles-a7942cec-d7a3-4b90-8d0b-4da892cc85b6/fetchFileTemp13216106957816933492.tmp
[2024-06-19T06:19:50.067+0000] {docker.py:413} INFO - 24/06/19 06:19:50 INFO Utils: /tmp/spark-cc28e027-a505-4b34-a6d2-25869782d35c/userFiles-a7942cec-d7a3-4b90-8d0b-4da892cc85b6/fetchFileTemp13216106957816933492.tmp has been previously copied to /tmp/spark-cc28e027-a505-4b34-a6d2-25869782d35c/userFiles-a7942cec-d7a3-4b90-8d0b-4da892cc85b6/org.apache.hadoop_hadoop-client-api-3.3.4.jar
[2024-06-19T06:19:50.070+0000] {docker.py:413} INFO - 24/06/19 06:19:50 INFO Executor: Adding file:/tmp/spark-cc28e027-a505-4b34-a6d2-25869782d35c/userFiles-a7942cec-d7a3-4b90-8d0b-4da892cc85b6/org.apache.hadoop_hadoop-client-api-3.3.4.jar to class loader default
[2024-06-19T06:19:50.084+0000] {docker.py:413} INFO - 24/06/19 06:19:50 INFO Utils: Successfully started service 'org.apache.spark.network.netty.NettyBlockTransferService' on port 41941.
24/06/19 06:19:50 INFO NettyBlockTransferService: Server created on localhost:41941
[2024-06-19T06:19:50.085+0000] {docker.py:413} INFO - 24/06/19 06:19:50 INFO BlockManager: Using org.apache.spark.storage.RandomBlockReplicationPolicy for block replication policy
[2024-06-19T06:19:50.089+0000] {docker.py:413} INFO - 24/06/19 06:19:50 INFO BlockManagerMaster: Registering BlockManager BlockManagerId(driver, localhost, 41941, None)
[2024-06-19T06:19:50.091+0000] {docker.py:413} INFO - 24/06/19 06:19:50 INFO BlockManagerMasterEndpoint: Registering block manager localhost:41941 with 434.4 MiB RAM, BlockManagerId(driver, localhost, 41941, None)
[2024-06-19T06:19:50.092+0000] {docker.py:413} INFO - 24/06/19 06:19:50 INFO BlockManagerMaster: Registered BlockManager BlockManagerId(driver, localhost, 41941, None)
[2024-06-19T06:19:50.092+0000] {docker.py:413} INFO - 24/06/19 06:19:50 INFO BlockManager: Initialized BlockManager: BlockManagerId(driver, localhost, 41941, None)
[2024-06-19T06:19:50.283+0000] {docker.py:413} INFO - 2024-06-19 06:19:50,279:create_spark_session:INFO:Spark session created successfully
[2024-06-19T06:19:50.284+0000] {docker.py:413} INFO - 24/06/19 06:19:50 INFO SharedState: Setting hive.metastore.warehouse.dir ('null') to the value of spark.sql.warehouse.dir.
[2024-06-19T06:19:50.284+0000] {docker.py:413} INFO - 24/06/19 06:19:50 INFO SharedState: Warehouse path is 'file:/opt/bitnami/spark/spark-warehouse'.
[2024-06-19T06:19:50.998+0000] {docker.py:413} INFO - 2024-06-19 06:19:50,997:create_initial_dataframe:INFO:Initial dataframe created successfully
[2024-06-19T06:19:51.007+0000] {docker.py:413} INFO - 2024-06-19 06:19:51,006:create_initial_dataframe:INFO:Initial dataframe created successfully
[2024-06-19T06:19:51.015+0000] {docker.py:413} INFO - 2024-06-19 06:19:51,014:create_initial_dataframe:INFO:Initial dataframe created successfully
[2024-06-19T06:19:51.191+0000] {docker.py:413} INFO - 24/06/19 06:19:51 WARN SparkStringUtils: Truncated the string representation of a plan since it was too large. This behavior can be adjusted by setting 'spark.sql.debug.maxToStringFields'.
[2024-06-19T06:19:51.246+0000] {docker.py:413} INFO - Traceback (most recent call last):
  File "/opt/bitnami/spark/spark_streaming.py", line 153, in <module>
[2024-06-19T06:19:51.246+0000] {docker.py:413} INFO - write_to_postgres()
[2024-06-19T06:19:51.247+0000] {docker.py:413} INFO - File "/opt/bitnami/spark/spark_streaming.py", line 148, in write_to_postgres
    df_final = create_final_dataframe(df)
               ^^^^^^^^^^^^^^^^^^^^^^^^^^
  File "/opt/bitnami/spark/spark_streaming.py", line 100, in create_final_dataframe
    df_out.update(df1)
TypeError: cannot convert dictionary update sequence element #0 to a sequence
2024-06-19 06:19:51,245:close:INFO:Closing down clientserver connection
[2024-06-19T06:19:51.267+0000] {docker.py:413} INFO - 24/06/19 06:19:51 INFO SparkContext: Invoking stop() from shutdown hook
[2024-06-19T06:19:51.267+0000] {docker.py:413} INFO - 24/06/19 06:19:51 INFO SparkContext: SparkContext is stopping with exitCode 0.
[2024-06-19T06:19:51.274+0000] {docker.py:413} INFO - 24/06/19 06:19:51 INFO SparkUI: Stopped Spark web UI at http://localhost:4040
[2024-06-19T06:19:51.279+0000] {docker.py:413} INFO - 24/06/19 06:19:51 INFO MapOutputTrackerMasterEndpoint: MapOutputTrackerMasterEndpoint stopped!
[2024-06-19T06:19:51.286+0000] {docker.py:413} INFO - 24/06/19 06:19:51 INFO MemoryStore: MemoryStore cleared
[2024-06-19T06:19:51.286+0000] {docker.py:413} INFO - 24/06/19 06:19:51 INFO BlockManager: BlockManager stopped
[2024-06-19T06:19:51.289+0000] {docker.py:413} INFO - 24/06/19 06:19:51 INFO BlockManagerMaster: BlockManagerMaster stopped
[2024-06-19T06:19:51.291+0000] {docker.py:413} INFO - 24/06/19 06:19:51 INFO OutputCommitCoordinator$OutputCommitCoordinatorEndpoint: OutputCommitCoordinator stopped!
[2024-06-19T06:19:51.298+0000] {docker.py:413} INFO - 24/06/19 06:19:51 INFO SparkContext: Successfully stopped SparkContext
24/06/19 06:19:51 INFO ShutdownHookManager: Shutdown hook called
[2024-06-19T06:19:51.299+0000] {docker.py:413} INFO - 24/06/19 06:19:51 INFO ShutdownHookManager: Deleting directory /tmp/spark-cc28e027-a505-4b34-a6d2-25869782d35c
[2024-06-19T06:19:51.300+0000] {docker.py:413} INFO - 24/06/19 06:19:51 INFO ShutdownHookManager: Deleting directory /tmp/spark-cc28e027-a505-4b34-a6d2-25869782d35c/pyspark-02b1c0a0-0f05-49d2-a956-43a80c0958e2
[2024-06-19T06:19:51.301+0000] {docker.py:413} INFO - 24/06/19 06:19:51 INFO ShutdownHookManager: Deleting directory /tmp/spark-71a9b316-266f-410f-8f3e-b255703b9da5
[2024-06-19T06:19:51.545+0000] {taskinstance.py:1937} ERROR - Task failed with exception
Traceback (most recent call last):
  File "/home/airflow/.local/lib/python3.8/site-packages/docker/api/client.py", line 268, in _raise_for_status
    response.raise_for_status()
  File "/home/airflow/.local/lib/python3.8/site-packages/requests/models.py", line 1021, in raise_for_status
    raise HTTPError(http_error_msg, response=self)
requests.exceptions.HTTPError: 400 Client Error: Bad Request for url: http://docker-proxy:2375/v1.44/containers/create

The above exception was the direct cause of the following exception:

Traceback (most recent call last):
  File "/home/airflow/.local/lib/python3.8/site-packages/airflow/providers/docker/operators/docker.py", line 348, in _run_image
    return self._run_image_with_mounts([*self.mounts, tmp_mount], add_tmp_variable=True)
  File "/home/airflow/.local/lib/python3.8/site-packages/airflow/providers/docker/operators/docker.py", line 375, in _run_image_with_mounts
    self.container = self.cli.create_container(
  File "/home/airflow/.local/lib/python3.8/site-packages/docker/api/container.py", line 431, in create_container
    return self.create_container_from_config(config, name, platform)
  File "/home/airflow/.local/lib/python3.8/site-packages/docker/api/container.py", line 448, in create_container_from_config
    return self._result(res, True)
  File "/home/airflow/.local/lib/python3.8/site-packages/docker/api/client.py", line 274, in _result
    self._raise_for_status(response)
  File "/home/airflow/.local/lib/python3.8/site-packages/docker/api/client.py", line 270, in _raise_for_status
    raise create_api_error_from_http_exception(e) from e
  File "/home/airflow/.local/lib/python3.8/site-packages/docker/errors.py", line 39, in create_api_error_from_http_exception
    raise cls(e, response=response, explanation=explanation) from e
docker.errors.APIError: 400 Client Error for http://docker-proxy:2375/v1.44/containers/create: Bad Request ("invalid mount config for type "bind": bind source path does not exist: /host_mnt/private/tmp/airflowtmpima_afuw")

During handling of the above exception, another exception occurred:

Traceback (most recent call last):
  File "/home/airflow/.local/lib/python3.8/site-packages/airflow/providers/docker/operators/docker.py", line 486, in execute
    return self._run_image()
  File "/home/airflow/.local/lib/python3.8/site-packages/airflow/providers/docker/operators/docker.py", line 357, in _run_image
    return self._run_image_with_mounts(self.mounts, add_tmp_variable=False)
  File "/home/airflow/.local/lib/python3.8/site-packages/airflow/providers/docker/operators/docker.py", line 421, in _run_image_with_mounts
    raise DockerContainerFailedException(f"Docker container failed: {result!r}", logs=log_lines)
airflow.providers.docker.exceptions.DockerContainerFailedException: Docker container failed: {'StatusCode': 1}
[2024-06-19T06:19:51.550+0000] {taskinstance.py:1400} INFO - Marking task as UP_FOR_RETRY. dag_id=kafka_spark_dag, task_id=pyspark_consumer, execution_date=20240619T061405, start_date=20240619T061910, end_date=20240619T061951
[2024-06-19T06:19:51.563+0000] {standard_task_runner.py:104} ERROR - Failed to execute job 79 for task pyspark_consumer (Docker container failed: {'StatusCode': 1}; 9513)
[2024-06-19T06:19:51.604+0000] {local_task_job_runner.py:228} INFO - Task exited with return code 1
[2024-06-19T06:19:51.627+0000] {taskinstance.py:2778} INFO - 0 downstream tasks scheduled from follow-on schedule check
