[2024-06-18T12:45:15.031+0000] {taskinstance.py:1159} INFO - Dependencies all met for dep_context=non-requeueable deps ti=<TaskInstance: kafka_spark_dag.pyspark_consumer scheduled__2024-06-18T12:40:08.262209+00:00 [queued]>
[2024-06-18T12:45:15.041+0000] {taskinstance.py:1159} INFO - Dependencies all met for dep_context=requeueable deps ti=<TaskInstance: kafka_spark_dag.pyspark_consumer scheduled__2024-06-18T12:40:08.262209+00:00 [queued]>
[2024-06-18T12:45:15.041+0000] {taskinstance.py:1361} INFO - Starting attempt 1 of 2
[2024-06-18T12:45:15.055+0000] {taskinstance.py:1382} INFO - Executing <Task(DockerOperator): pyspark_consumer> on 2024-06-18 12:40:08.262209+00:00
[2024-06-18T12:45:15.060+0000] {standard_task_runner.py:57} INFO - Started process 2736 to run task
[2024-06-18T12:45:15.063+0000] {standard_task_runner.py:84} INFO - Running: ['***', 'tasks', 'run', 'kafka_spark_dag', 'pyspark_consumer', 'scheduled__2024-06-18T12:40:08.262209+00:00', '--job-id', '52', '--raw', '--subdir', 'DAGS_FOLDER/dag_kafka_spark.py', '--cfg-path', '/tmp/tmp5yghh1jm']
[2024-06-18T12:45:15.065+0000] {standard_task_runner.py:85} INFO - Job 52: Subtask pyspark_consumer
[2024-06-18T12:45:15.102+0000] {task_command.py:416} INFO - Running <TaskInstance: kafka_spark_dag.pyspark_consumer scheduled__2024-06-18T12:40:08.262209+00:00 [running]> on host 2ad9230613d5
[2024-06-18T12:45:15.157+0000] {taskinstance.py:1662} INFO - Exporting env vars: AIRFLOW_CTX_DAG_OWNER='***' AIRFLOW_CTX_DAG_ID='kafka_spark_dag' AIRFLOW_CTX_TASK_ID='pyspark_consumer' AIRFLOW_CTX_EXECUTION_DATE='2024-06-18T12:40:08.262209+00:00' AIRFLOW_CTX_TRY_NUMBER='1' AIRFLOW_CTX_DAG_RUN_ID='scheduled__2024-06-18T12:40:08.262209+00:00'
[2024-06-18T12:45:15.235+0000] {docker.py:343} INFO - Starting docker container from image rappel-conso/spark:latest
[2024-06-18T12:45:15.247+0000] {docker.py:351} WARNING - Using remote engine or docker-in-docker and mounting temporary volume from host is not supported. Falling back to `mount_tmp_dir=False` mode. You can set `mount_tmp_dir` parameter to False to disable mounting and remove the warning
[2024-06-18T12:45:15.603+0000] {docker.py:413} INFO - [38;5;6mspark [38;5;5m12:45:15.59 [0m[38;5;2mINFO [0m ==>
[2024-06-18T12:45:15.605+0000] {docker.py:413} INFO - [38;5;6mspark [38;5;5m12:45:15.60 [0m[38;5;2mINFO [0m ==> [1mWelcome to the Bitnami spark container[0m
[2024-06-18T12:45:15.606+0000] {docker.py:413} INFO - [38;5;6mspark [38;5;5m12:45:15.60 [0m[38;5;2mINFO [0m ==> Subscribe to project updates by watching [1mhttps://github.com/bitnami/containers[0m
[2024-06-18T12:45:15.607+0000] {docker.py:413} INFO - [38;5;6mspark [38;5;5m12:45:15.60 [0m[38;5;2mINFO [0m ==> Submit issues and feature requests at [1mhttps://github.com/bitnami/containers/issues[0m
[2024-06-18T12:45:15.608+0000] {docker.py:413} INFO - [38;5;6mspark [38;5;5m12:45:15.60 [0m[38;5;2mINFO [0m ==>
[2024-06-18T12:45:15.617+0000] {docker.py:413} INFO - 
[2024-06-18T12:45:16.978+0000] {docker.py:413} INFO - :: loading settings :: url = jar:file:/opt/bitnami/spark/jars/ivy-2.5.1.jar!/org/apache/ivy/core/settings/ivysettings.xml
[2024-06-18T12:45:17.011+0000] {docker.py:413} INFO - Ivy Default Cache set to: /opt/bitnami/spark/.ivy2/cache
The jars for the packages stored in: /opt/bitnami/spark/.ivy2/jars
[2024-06-18T12:45:17.013+0000] {docker.py:413} INFO - org.postgresql#postgresql added as a dependency
org.apache.spark#spark-sql-kafka-0-10_2.12 added as a dependency
[2024-06-18T12:45:17.014+0000] {docker.py:413} INFO - :: resolving dependencies :: org.apache.spark#spark-submit-parent-92971d17-e550-4523-aa75-73463d94dd96;1.0
	confs: [default]
[2024-06-18T12:45:18.891+0000] {docker.py:413} INFO - found org.postgresql#postgresql;42.5.4 in central
[2024-06-18T12:45:19.568+0000] {docker.py:413} INFO - found org.checkerframework#checker-qual;3.5.0 in central
[2024-06-18T12:45:24.237+0000] {docker.py:413} INFO - found org.apache.spark#spark-sql-kafka-0-10_2.12;3.5.0 in central
[2024-06-18T12:45:25.242+0000] {docker.py:413} INFO - found org.apache.spark#spark-token-provider-kafka-0-10_2.12;3.5.0 in central
[2024-06-18T12:45:26.015+0000] {docker.py:413} INFO - found org.apache.kafka#kafka-clients;3.4.1 in central
[2024-06-18T12:45:26.716+0000] {docker.py:413} INFO - found org.lz4#lz4-java;1.8.0 in central
[2024-06-18T12:45:27.347+0000] {docker.py:413} INFO - found org.xerial.snappy#snappy-java;1.1.10.3 in central
[2024-06-18T12:45:28.891+0000] {docker.py:413} INFO - found org.slf4j#slf4j-api;2.0.7 in central
[2024-06-18T12:45:31.588+0000] {docker.py:413} INFO - found org.apache.hadoop#hadoop-client-runtime;3.3.4 in central
[2024-06-18T12:45:32.183+0000] {docker.py:413} INFO - found org.apache.hadoop#hadoop-client-api;3.3.4 in central
[2024-06-18T12:45:34.581+0000] {docker.py:413} INFO - found commons-logging#commons-logging;1.1.3 in central
[2024-06-18T12:45:35.194+0000] {docker.py:413} INFO - found com.google.code.findbugs#jsr305;3.0.0 in central
[2024-06-18T12:45:39.540+0000] {docker.py:413} INFO - found org.apache.commons#commons-pool2;2.11.1 in central
[2024-06-18T12:45:39.918+0000] {docker.py:413} INFO - downloading https://repo1.maven.org/maven2/org/postgresql/postgresql/42.5.4/postgresql-42.5.4.jar ...
[2024-06-18T12:45:42.507+0000] {docker.py:413} INFO - [SUCCESSFUL ] org.postgresql#postgresql;42.5.4!postgresql.jar (2933ms)
[2024-06-18T12:45:42.893+0000] {docker.py:413} INFO - downloading https://repo1.maven.org/maven2/org/apache/spark/spark-sql-kafka-0-10_2.12/3.5.0/spark-sql-kafka-0-10_2.12-3.5.0.jar ...
[2024-06-18T12:45:43.702+0000] {docker.py:413} INFO - [SUCCESSFUL ] org.apache.spark#spark-sql-kafka-0-10_2.12;3.5.0!spark-sql-kafka-0-10_2.12.jar (1197ms)
[2024-06-18T12:45:43.963+0000] {docker.py:413} INFO - downloading https://repo1.maven.org/maven2/org/checkerframework/checker-qual/3.5.0/checker-qual-3.5.0.jar ...
[2024-06-18T12:45:45.228+0000] {docker.py:413} INFO - [SUCCESSFUL ] org.checkerframework#checker-qual;3.5.0!checker-qual.jar (1525ms)
[2024-06-18T12:45:45.521+0000] {docker.py:413} INFO - downloading https://repo1.maven.org/maven2/org/apache/spark/spark-token-provider-kafka-0-10_2.12/3.5.0/spark-token-provider-kafka-0-10_2.12-3.5.0.jar ...
[2024-06-18T12:45:45.852+0000] {docker.py:413} INFO - [SUCCESSFUL ] org.apache.spark#spark-token-provider-kafka-0-10_2.12;3.5.0!spark-token-provider-kafka-0-10_2.12.jar (624ms)
[2024-06-18T12:45:46.161+0000] {docker.py:413} INFO - downloading https://repo1.maven.org/maven2/org/apache/kafka/kafka-clients/3.4.1/kafka-clients-3.4.1.jar ...
[2024-06-18T12:45:51.326+0000] {docker.py:413} INFO - [SUCCESSFUL ] org.apache.kafka#kafka-clients;3.4.1!kafka-clients.jar (5470ms)
[2024-06-18T12:45:51.596+0000] {docker.py:413} INFO - downloading https://repo1.maven.org/maven2/com/google/code/findbugs/jsr305/3.0.0/jsr305-3.0.0.jar ...
[2024-06-18T12:45:51.892+0000] {docker.py:413} INFO - [SUCCESSFUL ] com.google.code.findbugs#jsr305;3.0.0!jsr305.jar (563ms)
[2024-06-18T12:45:52.161+0000] {docker.py:413} INFO - downloading https://repo1.maven.org/maven2/org/apache/commons/commons-pool2/2.11.1/commons-pool2-2.11.1.jar ...
[2024-06-18T12:45:52.499+0000] {docker.py:413} INFO - [SUCCESSFUL ] org.apache.commons#commons-pool2;2.11.1!commons-pool2.jar (600ms)
[2024-06-18T12:45:52.759+0000] {docker.py:413} INFO - downloading https://repo1.maven.org/maven2/org/apache/hadoop/hadoop-client-runtime/3.3.4/hadoop-client-runtime-3.3.4.jar ...
[2024-06-18T12:46:01.107+0000] {docker.py:413} INFO - [SUCCESSFUL ] org.apache.hadoop#hadoop-client-runtime;3.3.4!hadoop-client-runtime.jar (8602ms)
[2024-06-18T12:46:02.182+0000] {docker.py:413} INFO - downloading https://repo1.maven.org/maven2/org/lz4/lz4-java/1.8.0/lz4-java-1.8.0.jar ...
[2024-06-18T12:46:02.665+0000] {docker.py:413} INFO - [SUCCESSFUL ] org.lz4#lz4-java;1.8.0!lz4-java.jar (1555ms)
[2024-06-18T12:46:03.012+0000] {docker.py:413} INFO - downloading https://repo1.maven.org/maven2/org/xerial/snappy/snappy-java/1.1.10.3/snappy-java-1.1.10.3.jar ...
[2024-06-18T12:46:03.599+0000] {docker.py:413} INFO - [SUCCESSFUL ] org.xerial.snappy#snappy-java;1.1.10.3!snappy-java.jar(bundle) (932ms)
[2024-06-18T12:46:03.909+0000] {docker.py:413} INFO - downloading https://repo1.maven.org/maven2/org/slf4j/slf4j-api/2.0.7/slf4j-api-2.0.7.jar ...
[2024-06-18T12:46:04.214+0000] {docker.py:413} INFO - [SUCCESSFUL ] org.slf4j#slf4j-api;2.0.7!slf4j-api.jar (611ms)
[2024-06-18T12:46:04.492+0000] {docker.py:413} INFO - downloading https://repo1.maven.org/maven2/org/apache/hadoop/hadoop-client-api/3.3.4/hadoop-client-api-3.3.4.jar ...
[2024-06-18T12:46:07.617+0000] {docker.py:413} INFO - [SUCCESSFUL ] org.apache.hadoop#hadoop-client-api;3.3.4!hadoop-client-api.jar (3400ms)
[2024-06-18T12:46:07.911+0000] {docker.py:413} INFO - downloading https://repo1.maven.org/maven2/commons-logging/commons-logging/1.1.3/commons-logging-1.1.3.jar ...
[2024-06-18T12:46:08.227+0000] {docker.py:413} INFO - [SUCCESSFUL ] commons-logging#commons-logging;1.1.3!commons-logging.jar (608ms)
[2024-06-18T12:46:08.232+0000] {docker.py:413} INFO - :: resolution report :: resolve 22535ms :: artifacts dl 28678ms
[2024-06-18T12:46:08.234+0000] {docker.py:413} INFO - :: modules in use:
[2024-06-18T12:46:08.235+0000] {docker.py:413} INFO - com.google.code.findbugs#jsr305;3.0.0 from central in [default]
	commons-logging#commons-logging;1.1.3 from central in [default]
	org.apache.commons#commons-pool2;2.11.1 from central in [default]
	org.apache.hadoop#hadoop-client-api;3.3.4 from central in [default]
	org.apache.hadoop#hadoop-client-runtime;3.3.4 from central in [default]
	org.apache.kafka#kafka-clients;3.4.1 from central in [default]
	org.apache.spark#spark-sql-kafka-0-10_2.12;3.5.0 from central in [default]
	org.apache.spark#spark-token-provider-kafka-0-10_2.12;3.5.0 from central in [default]
	org.checkerframework#checker-qual;3.5.0 from central in [default]
	org.lz4#lz4-java;1.8.0 from central in [default]
	org.postgresql#postgresql;42.5.4 from central in [default]
	org.slf4j#slf4j-api;2.0.7 from central in [default]
	org.xerial.snappy#snappy-java;1.1.10.3 from central in [default]
[2024-06-18T12:46:08.236+0000] {docker.py:413} INFO - ---------------------------------------------------------------------
	|                  |            modules            ||   artifacts   |
	|       conf       | number| search|dwnlded|evicted|| number|dwnlded|
	---------------------------------------------------------------------
[2024-06-18T12:46:08.237+0000] {docker.py:413} INFO - |      default     |   13  |   13  |   13  |   0   ||   13  |   13  |
	---------------------------------------------------------------------
[2024-06-18T12:46:08.255+0000] {docker.py:413} INFO - :: retrieving :: org.apache.spark#spark-submit-parent-92971d17-e550-4523-aa75-73463d94dd96
[2024-06-18T12:46:08.257+0000] {docker.py:413} INFO - confs: [default]
[2024-06-18T12:46:08.384+0000] {docker.py:413} INFO - 13 artifacts copied, 0 already retrieved (58001kB/129ms)
[2024-06-18T12:46:08.654+0000] {docker.py:413} INFO - 24/06/18 12:46:08 WARN NativeCodeLoader: Unable to load native-hadoop library for your platform... using builtin-java classes where applicable
[2024-06-18T12:46:09.338+0000] {docker.py:413} INFO - 24/06/18 12:46:09 INFO SparkContext: Running Spark version 3.5.0
[2024-06-18T12:46:09.339+0000] {docker.py:413} INFO - 24/06/18 12:46:09 INFO SparkContext: OS info Linux, 6.6.12-linuxkit, aarch64
[2024-06-18T12:46:09.339+0000] {docker.py:413} INFO - 24/06/18 12:46:09 INFO SparkContext: Java version 17.0.10
[2024-06-18T12:46:09.353+0000] {docker.py:413} INFO - 24/06/18 12:46:09 INFO ResourceUtils: ==============================================================
[2024-06-18T12:46:09.353+0000] {docker.py:413} INFO - 24/06/18 12:46:09 INFO ResourceUtils: No custom resources configured for spark.driver.
[2024-06-18T12:46:09.354+0000] {docker.py:413} INFO - 24/06/18 12:46:09 INFO ResourceUtils: ==============================================================
[2024-06-18T12:46:09.354+0000] {docker.py:413} INFO - 24/06/18 12:46:09 INFO SparkContext: Submitted application: PostgreSQL Connection with PySpark
[2024-06-18T12:46:09.369+0000] {docker.py:413} INFO - 24/06/18 12:46:09 INFO ResourceProfile: Default ResourceProfile created, executor resources: Map(cores -> name: cores, amount: 1, script: , vendor: , memory -> name: memory, amount: 1024, script: , vendor: , offHeap -> name: offHeap, amount: 0, script: , vendor: ), task resources: Map(cpus -> name: cpus, amount: 1.0)
[2024-06-18T12:46:09.374+0000] {docker.py:413} INFO - 24/06/18 12:46:09 INFO ResourceProfile: Limiting resource is cpu
[2024-06-18T12:46:09.374+0000] {docker.py:413} INFO - 24/06/18 12:46:09 INFO ResourceProfileManager: Added ResourceProfile id: 0
[2024-06-18T12:46:09.411+0000] {docker.py:413} INFO - 24/06/18 12:46:09 INFO SecurityManager: Changing view acls to: spark
[2024-06-18T12:46:09.412+0000] {docker.py:413} INFO - 24/06/18 12:46:09 INFO SecurityManager: Changing modify acls to: spark
[2024-06-18T12:46:09.413+0000] {docker.py:413} INFO - 24/06/18 12:46:09 INFO SecurityManager: Changing view acls groups to:
[2024-06-18T12:46:09.414+0000] {docker.py:413} INFO - 24/06/18 12:46:09 INFO SecurityManager: Changing modify acls groups to:
[2024-06-18T12:46:09.414+0000] {docker.py:413} INFO - 24/06/18 12:46:09 INFO SecurityManager: SecurityManager: authentication disabled; ui acls disabled; users with view permissions: spark; groups with view permissions: EMPTY; users with modify permissions: spark; groups with modify permissions: EMPTY
[2024-06-18T12:46:09.636+0000] {docker.py:413} INFO - 24/06/18 12:46:09 INFO Utils: Successfully started service 'sparkDriver' on port 44495.
[2024-06-18T12:46:09.652+0000] {docker.py:413} INFO - 24/06/18 12:46:09 INFO SparkEnv: Registering MapOutputTracker
[2024-06-18T12:46:09.671+0000] {docker.py:413} INFO - 24/06/18 12:46:09 INFO SparkEnv: Registering BlockManagerMaster
[2024-06-18T12:46:09.682+0000] {docker.py:413} INFO - 24/06/18 12:46:09 INFO BlockManagerMasterEndpoint: Using org.apache.spark.storage.DefaultTopologyMapper for getting topology information
[2024-06-18T12:46:09.682+0000] {docker.py:413} INFO - 24/06/18 12:46:09 INFO BlockManagerMasterEndpoint: BlockManagerMasterEndpoint up
[2024-06-18T12:46:09.684+0000] {docker.py:413} INFO - 24/06/18 12:46:09 INFO SparkEnv: Registering BlockManagerMasterHeartbeat
[2024-06-18T12:46:09.697+0000] {docker.py:413} INFO - 24/06/18 12:46:09 INFO DiskBlockManager: Created local directory at /tmp/blockmgr-e360d69c-0183-444b-ad3d-2a9c19a27235
[2024-06-18T12:46:09.704+0000] {docker.py:413} INFO - 24/06/18 12:46:09 INFO MemoryStore: MemoryStore started with capacity 434.4 MiB
[2024-06-18T12:46:09.714+0000] {docker.py:413} INFO - 24/06/18 12:46:09 INFO SparkEnv: Registering OutputCommitCoordinator
[2024-06-18T12:46:09.803+0000] {docker.py:413} INFO - 24/06/18 12:46:09 INFO JettyUtils: Start Jetty 0.0.0.0:4040 for SparkUI
[2024-06-18T12:46:09.853+0000] {docker.py:413} INFO - 24/06/18 12:46:09 INFO Utils: Successfully started service 'SparkUI' on port 4040.
[2024-06-18T12:46:09.875+0000] {docker.py:413} INFO - 24/06/18 12:46:09 INFO SparkContext: Added JAR file:///opt/bitnami/spark/.ivy2/jars/org.postgresql_postgresql-42.5.4.jar at spark://localhost:44495/jars/org.postgresql_postgresql-42.5.4.jar with timestamp 1718714769332
[2024-06-18T12:46:09.876+0000] {docker.py:413} INFO - 24/06/18 12:46:09 INFO SparkContext: Added JAR file:///opt/bitnami/spark/.ivy2/jars/org.apache.spark_spark-sql-kafka-0-10_2.12-3.5.0.jar at spark://localhost:44495/jars/org.apache.spark_spark-sql-kafka-0-10_2.12-3.5.0.jar with timestamp 1718714769332
24/06/18 12:46:09 INFO SparkContext: Added JAR file:///opt/bitnami/spark/.ivy2/jars/org.checkerframework_checker-qual-3.5.0.jar at spark://localhost:44495/jars/org.checkerframework_checker-qual-3.5.0.jar with timestamp 1718714769332
24/06/18 12:46:09 INFO SparkContext: Added JAR file:///opt/bitnami/spark/.ivy2/jars/org.apache.spark_spark-token-provider-kafka-0-10_2.12-3.5.0.jar at spark://localhost:44495/jars/org.apache.spark_spark-token-provider-kafka-0-10_2.12-3.5.0.jar with timestamp 1718714769332
[2024-06-18T12:46:09.877+0000] {docker.py:413} INFO - 24/06/18 12:46:09 INFO SparkContext: Added JAR file:///opt/bitnami/spark/.ivy2/jars/org.apache.kafka_kafka-clients-3.4.1.jar at spark://localhost:44495/jars/org.apache.kafka_kafka-clients-3.4.1.jar with timestamp 1718714769332
24/06/18 12:46:09 INFO SparkContext: Added JAR file:///opt/bitnami/spark/.ivy2/jars/com.google.code.findbugs_jsr305-3.0.0.jar at spark://localhost:44495/jars/com.google.code.findbugs_jsr305-3.0.0.jar with timestamp 1718714769332
[2024-06-18T12:46:09.877+0000] {docker.py:413} INFO - 24/06/18 12:46:09 INFO SparkContext: Added JAR file:///opt/bitnami/spark/.ivy2/jars/org.apache.commons_commons-pool2-2.11.1.jar at spark://localhost:44495/jars/org.apache.commons_commons-pool2-2.11.1.jar with timestamp 1718714769332
24/06/18 12:46:09 INFO SparkContext: Added JAR file:///opt/bitnami/spark/.ivy2/jars/org.apache.hadoop_hadoop-client-runtime-3.3.4.jar at spark://localhost:44495/jars/org.apache.hadoop_hadoop-client-runtime-3.3.4.jar with timestamp 1718714769332
24/06/18 12:46:09 INFO SparkContext: Added JAR file:///opt/bitnami/spark/.ivy2/jars/org.lz4_lz4-java-1.8.0.jar at spark://localhost:44495/jars/org.lz4_lz4-java-1.8.0.jar with timestamp 1718714769332
[2024-06-18T12:46:09.879+0000] {docker.py:413} INFO - 24/06/18 12:46:09 INFO SparkContext: Added JAR file:///opt/bitnami/spark/.ivy2/jars/org.xerial.snappy_snappy-java-1.1.10.3.jar at spark://localhost:44495/jars/org.xerial.snappy_snappy-java-1.1.10.3.jar with timestamp 1718714769332
[2024-06-18T12:46:09.879+0000] {docker.py:413} INFO - 24/06/18 12:46:09 INFO SparkContext: Added JAR file:///opt/bitnami/spark/.ivy2/jars/org.slf4j_slf4j-api-2.0.7.jar at spark://localhost:44495/jars/org.slf4j_slf4j-api-2.0.7.jar with timestamp 1718714769332
24/06/18 12:46:09 INFO SparkContext: Added JAR file:///opt/bitnami/spark/.ivy2/jars/org.apache.hadoop_hadoop-client-api-3.3.4.jar at spark://localhost:44495/jars/org.apache.hadoop_hadoop-client-api-3.3.4.jar with timestamp 1718714769332
[2024-06-18T12:46:09.880+0000] {docker.py:413} INFO - 24/06/18 12:46:09 INFO SparkContext: Added JAR file:///opt/bitnami/spark/.ivy2/jars/commons-logging_commons-logging-1.1.3.jar at spark://localhost:44495/jars/commons-logging_commons-logging-1.1.3.jar with timestamp 1718714769332
[2024-06-18T12:46:09.880+0000] {docker.py:413} INFO - 24/06/18 12:46:09 INFO SparkContext: Added file file:///opt/bitnami/spark/.ivy2/jars/org.postgresql_postgresql-42.5.4.jar at file:///opt/bitnami/spark/.ivy2/jars/org.postgresql_postgresql-42.5.4.jar with timestamp 1718714769332
[2024-06-18T12:46:09.880+0000] {docker.py:413} INFO - 24/06/18 12:46:09 INFO Utils: Copying /opt/bitnami/spark/.ivy2/jars/org.postgresql_postgresql-42.5.4.jar to /tmp/spark-9a656fad-ef50-4275-86b8-5663a6ddf90f/userFiles-8cb7feb9-8562-483f-9bba-617ebdadb0c4/org.postgresql_postgresql-42.5.4.jar
[2024-06-18T12:46:09.887+0000] {docker.py:413} INFO - 24/06/18 12:46:09 INFO SparkContext: Added file file:///opt/bitnami/spark/.ivy2/jars/org.apache.spark_spark-sql-kafka-0-10_2.12-3.5.0.jar at file:///opt/bitnami/spark/.ivy2/jars/org.apache.spark_spark-sql-kafka-0-10_2.12-3.5.0.jar with timestamp 1718714769332
[2024-06-18T12:46:09.887+0000] {docker.py:413} INFO - 24/06/18 12:46:09 INFO Utils: Copying /opt/bitnami/spark/.ivy2/jars/org.apache.spark_spark-sql-kafka-0-10_2.12-3.5.0.jar to /tmp/spark-9a656fad-ef50-4275-86b8-5663a6ddf90f/userFiles-8cb7feb9-8562-483f-9bba-617ebdadb0c4/org.apache.spark_spark-sql-kafka-0-10_2.12-3.5.0.jar
[2024-06-18T12:46:09.890+0000] {docker.py:413} INFO - 24/06/18 12:46:09 INFO SparkContext: Added file file:///opt/bitnami/spark/.ivy2/jars/org.checkerframework_checker-qual-3.5.0.jar at file:///opt/bitnami/spark/.ivy2/jars/org.checkerframework_checker-qual-3.5.0.jar with timestamp 1718714769332
[2024-06-18T12:46:09.891+0000] {docker.py:413} INFO - 24/06/18 12:46:09 INFO Utils: Copying /opt/bitnami/spark/.ivy2/jars/org.checkerframework_checker-qual-3.5.0.jar to /tmp/spark-9a656fad-ef50-4275-86b8-5663a6ddf90f/userFiles-8cb7feb9-8562-483f-9bba-617ebdadb0c4/org.checkerframework_checker-qual-3.5.0.jar
[2024-06-18T12:46:09.893+0000] {docker.py:413} INFO - 24/06/18 12:46:09 INFO SparkContext: Added file file:///opt/bitnami/spark/.ivy2/jars/org.apache.spark_spark-token-provider-kafka-0-10_2.12-3.5.0.jar at file:///opt/bitnami/spark/.ivy2/jars/org.apache.spark_spark-token-provider-kafka-0-10_2.12-3.5.0.jar with timestamp 1718714769332
[2024-06-18T12:46:09.894+0000] {docker.py:413} INFO - 24/06/18 12:46:09 INFO Utils: Copying /opt/bitnami/spark/.ivy2/jars/org.apache.spark_spark-token-provider-kafka-0-10_2.12-3.5.0.jar to /tmp/spark-9a656fad-ef50-4275-86b8-5663a6ddf90f/userFiles-8cb7feb9-8562-483f-9bba-617ebdadb0c4/org.apache.spark_spark-token-provider-kafka-0-10_2.12-3.5.0.jar
[2024-06-18T12:46:09.896+0000] {docker.py:413} INFO - 24/06/18 12:46:09 INFO SparkContext: Added file file:///opt/bitnami/spark/.ivy2/jars/org.apache.kafka_kafka-clients-3.4.1.jar at file:///opt/bitnami/spark/.ivy2/jars/org.apache.kafka_kafka-clients-3.4.1.jar with timestamp 1718714769332
[2024-06-18T12:46:09.896+0000] {docker.py:413} INFO - 24/06/18 12:46:09 INFO Utils: Copying /opt/bitnami/spark/.ivy2/jars/org.apache.kafka_kafka-clients-3.4.1.jar to /tmp/spark-9a656fad-ef50-4275-86b8-5663a6ddf90f/userFiles-8cb7feb9-8562-483f-9bba-617ebdadb0c4/org.apache.kafka_kafka-clients-3.4.1.jar
[2024-06-18T12:46:09.901+0000] {docker.py:413} INFO - 24/06/18 12:46:09 INFO SparkContext: Added file file:///opt/bitnami/spark/.ivy2/jars/com.google.code.findbugs_jsr305-3.0.0.jar at file:///opt/bitnami/spark/.ivy2/jars/com.google.code.findbugs_jsr305-3.0.0.jar with timestamp 1718714769332
[2024-06-18T12:46:09.901+0000] {docker.py:413} INFO - 24/06/18 12:46:09 INFO Utils: Copying /opt/bitnami/spark/.ivy2/jars/com.google.code.findbugs_jsr305-3.0.0.jar to /tmp/spark-9a656fad-ef50-4275-86b8-5663a6ddf90f/userFiles-8cb7feb9-8562-483f-9bba-617ebdadb0c4/com.google.code.findbugs_jsr305-3.0.0.jar
[2024-06-18T12:46:09.903+0000] {docker.py:413} INFO - 24/06/18 12:46:09 INFO SparkContext: Added file file:///opt/bitnami/spark/.ivy2/jars/org.apache.commons_commons-pool2-2.11.1.jar at file:///opt/bitnami/spark/.ivy2/jars/org.apache.commons_commons-pool2-2.11.1.jar with timestamp 1718714769332
24/06/18 12:46:09 INFO Utils: Copying /opt/bitnami/spark/.ivy2/jars/org.apache.commons_commons-pool2-2.11.1.jar to /tmp/spark-9a656fad-ef50-4275-86b8-5663a6ddf90f/userFiles-8cb7feb9-8562-483f-9bba-617ebdadb0c4/org.apache.commons_commons-pool2-2.11.1.jar
[2024-06-18T12:46:09.905+0000] {docker.py:413} INFO - 24/06/18 12:46:09 INFO SparkContext: Added file file:///opt/bitnami/spark/.ivy2/jars/org.apache.hadoop_hadoop-client-runtime-3.3.4.jar at file:///opt/bitnami/spark/.ivy2/jars/org.apache.hadoop_hadoop-client-runtime-3.3.4.jar with timestamp 1718714769332
[2024-06-18T12:46:09.906+0000] {docker.py:413} INFO - 24/06/18 12:46:09 INFO Utils: Copying /opt/bitnami/spark/.ivy2/jars/org.apache.hadoop_hadoop-client-runtime-3.3.4.jar to /tmp/spark-9a656fad-ef50-4275-86b8-5663a6ddf90f/userFiles-8cb7feb9-8562-483f-9bba-617ebdadb0c4/org.apache.hadoop_hadoop-client-runtime-3.3.4.jar
[2024-06-18T12:46:09.948+0000] {docker.py:413} INFO - 24/06/18 12:46:09 INFO SparkContext: Added file file:///opt/bitnami/spark/.ivy2/jars/org.lz4_lz4-java-1.8.0.jar at file:///opt/bitnami/spark/.ivy2/jars/org.lz4_lz4-java-1.8.0.jar with timestamp 1718714769332
[2024-06-18T12:46:09.948+0000] {docker.py:413} INFO - 24/06/18 12:46:09 INFO Utils: Copying /opt/bitnami/spark/.ivy2/jars/org.lz4_lz4-java-1.8.0.jar to /tmp/spark-9a656fad-ef50-4275-86b8-5663a6ddf90f/userFiles-8cb7feb9-8562-483f-9bba-617ebdadb0c4/org.lz4_lz4-java-1.8.0.jar
[2024-06-18T12:46:09.951+0000] {docker.py:413} INFO - 24/06/18 12:46:09 INFO SparkContext: Added file file:///opt/bitnami/spark/.ivy2/jars/org.xerial.snappy_snappy-java-1.1.10.3.jar at file:///opt/bitnami/spark/.ivy2/jars/org.xerial.snappy_snappy-java-1.1.10.3.jar with timestamp 1718714769332
[2024-06-18T12:46:09.951+0000] {docker.py:413} INFO - 24/06/18 12:46:09 INFO Utils: Copying /opt/bitnami/spark/.ivy2/jars/org.xerial.snappy_snappy-java-1.1.10.3.jar to /tmp/spark-9a656fad-ef50-4275-86b8-5663a6ddf90f/userFiles-8cb7feb9-8562-483f-9bba-617ebdadb0c4/org.xerial.snappy_snappy-java-1.1.10.3.jar
[2024-06-18T12:46:09.956+0000] {docker.py:413} INFO - 24/06/18 12:46:09 INFO SparkContext: Added file file:///opt/bitnami/spark/.ivy2/jars/org.slf4j_slf4j-api-2.0.7.jar at file:///opt/bitnami/spark/.ivy2/jars/org.slf4j_slf4j-api-2.0.7.jar with timestamp 1718714769332
[2024-06-18T12:46:09.959+0000] {docker.py:413} INFO - 24/06/18 12:46:09 INFO Utils: Copying /opt/bitnami/spark/.ivy2/jars/org.slf4j_slf4j-api-2.0.7.jar to /tmp/spark-9a656fad-ef50-4275-86b8-5663a6ddf90f/userFiles-8cb7feb9-8562-483f-9bba-617ebdadb0c4/org.slf4j_slf4j-api-2.0.7.jar
[2024-06-18T12:46:09.959+0000] {docker.py:413} INFO - 24/06/18 12:46:09 INFO SparkContext: Added file file:///opt/bitnami/spark/.ivy2/jars/org.apache.hadoop_hadoop-client-api-3.3.4.jar at file:///opt/bitnami/spark/.ivy2/jars/org.apache.hadoop_hadoop-client-api-3.3.4.jar with timestamp 1718714769332
[2024-06-18T12:46:09.960+0000] {docker.py:413} INFO - 24/06/18 12:46:09 INFO Utils: Copying /opt/bitnami/spark/.ivy2/jars/org.apache.hadoop_hadoop-client-api-3.3.4.jar to /tmp/spark-9a656fad-ef50-4275-86b8-5663a6ddf90f/userFiles-8cb7feb9-8562-483f-9bba-617ebdadb0c4/org.apache.hadoop_hadoop-client-api-3.3.4.jar
[2024-06-18T12:46:09.974+0000] {docker.py:413} INFO - 24/06/18 12:46:09 INFO SparkContext: Added file file:///opt/bitnami/spark/.ivy2/jars/commons-logging_commons-logging-1.1.3.jar at file:///opt/bitnami/spark/.ivy2/jars/commons-logging_commons-logging-1.1.3.jar with timestamp 1718714769332
24/06/18 12:46:09 INFO Utils: Copying /opt/bitnami/spark/.ivy2/jars/commons-logging_commons-logging-1.1.3.jar to /tmp/spark-9a656fad-ef50-4275-86b8-5663a6ddf90f/userFiles-8cb7feb9-8562-483f-9bba-617ebdadb0c4/commons-logging_commons-logging-1.1.3.jar
[2024-06-18T12:46:10.035+0000] {docker.py:413} INFO - 24/06/18 12:46:10 INFO Executor: Starting executor ID driver on host localhost
[2024-06-18T12:46:10.035+0000] {docker.py:413} INFO - 24/06/18 12:46:10 INFO Executor: OS info Linux, 6.6.12-linuxkit, aarch64
[2024-06-18T12:46:10.036+0000] {docker.py:413} INFO - 24/06/18 12:46:10 INFO Executor: Java version 17.0.10
[2024-06-18T12:46:10.038+0000] {docker.py:413} INFO - 24/06/18 12:46:10 INFO Executor: Starting executor with user classpath (userClassPathFirst = false): ''
[2024-06-18T12:46:10.038+0000] {docker.py:413} INFO - 24/06/18 12:46:10 INFO Executor: Created or updated repl class loader org.apache.spark.util.MutableURLClassLoader@77171833 for default.
[2024-06-18T12:46:10.043+0000] {docker.py:413} INFO - 24/06/18 12:46:10 INFO Executor: Fetching file:///opt/bitnami/spark/.ivy2/jars/org.apache.spark_spark-token-provider-kafka-0-10_2.12-3.5.0.jar with timestamp 1718714769332
[2024-06-18T12:46:10.051+0000] {docker.py:413} INFO - 24/06/18 12:46:10 INFO Utils: /opt/bitnami/spark/.ivy2/jars/org.apache.spark_spark-token-provider-kafka-0-10_2.12-3.5.0.jar has been previously copied to /tmp/spark-9a656fad-ef50-4275-86b8-5663a6ddf90f/userFiles-8cb7feb9-8562-483f-9bba-617ebdadb0c4/org.apache.spark_spark-token-provider-kafka-0-10_2.12-3.5.0.jar
[2024-06-18T12:46:10.053+0000] {docker.py:413} INFO - 24/06/18 12:46:10 INFO Executor: Fetching file:///opt/bitnami/spark/.ivy2/jars/org.apache.hadoop_hadoop-client-runtime-3.3.4.jar with timestamp 1718714769332
[2024-06-18T12:46:10.066+0000] {docker.py:413} INFO - 24/06/18 12:46:10 INFO Utils: /opt/bitnami/spark/.ivy2/jars/org.apache.hadoop_hadoop-client-runtime-3.3.4.jar has been previously copied to /tmp/spark-9a656fad-ef50-4275-86b8-5663a6ddf90f/userFiles-8cb7feb9-8562-483f-9bba-617ebdadb0c4/org.apache.hadoop_hadoop-client-runtime-3.3.4.jar
[2024-06-18T12:46:10.068+0000] {docker.py:413} INFO - 24/06/18 12:46:10 INFO Executor: Fetching file:///opt/bitnami/spark/.ivy2/jars/org.apache.commons_commons-pool2-2.11.1.jar with timestamp 1718714769332
[2024-06-18T12:46:10.068+0000] {docker.py:413} INFO - 24/06/18 12:46:10 INFO Utils: /opt/bitnami/spark/.ivy2/jars/org.apache.commons_commons-pool2-2.11.1.jar has been previously copied to /tmp/spark-9a656fad-ef50-4275-86b8-5663a6ddf90f/userFiles-8cb7feb9-8562-483f-9bba-617ebdadb0c4/org.apache.commons_commons-pool2-2.11.1.jar
[2024-06-18T12:46:10.070+0000] {docker.py:413} INFO - 24/06/18 12:46:10 INFO Executor: Fetching file:///opt/bitnami/spark/.ivy2/jars/org.postgresql_postgresql-42.5.4.jar with timestamp 1718714769332
[2024-06-18T12:46:10.070+0000] {docker.py:413} INFO - 24/06/18 12:46:10 INFO Utils: /opt/bitnami/spark/.ivy2/jars/org.postgresql_postgresql-42.5.4.jar has been previously copied to /tmp/spark-9a656fad-ef50-4275-86b8-5663a6ddf90f/userFiles-8cb7feb9-8562-483f-9bba-617ebdadb0c4/org.postgresql_postgresql-42.5.4.jar
[2024-06-18T12:46:10.072+0000] {docker.py:413} INFO - 24/06/18 12:46:10 INFO Executor: Fetching file:///opt/bitnami/spark/.ivy2/jars/org.slf4j_slf4j-api-2.0.7.jar with timestamp 1718714769332
[2024-06-18T12:46:10.073+0000] {docker.py:413} INFO - 24/06/18 12:46:10 INFO Utils: /opt/bitnami/spark/.ivy2/jars/org.slf4j_slf4j-api-2.0.7.jar has been previously copied to /tmp/spark-9a656fad-ef50-4275-86b8-5663a6ddf90f/userFiles-8cb7feb9-8562-483f-9bba-617ebdadb0c4/org.slf4j_slf4j-api-2.0.7.jar
[2024-06-18T12:46:10.075+0000] {docker.py:413} INFO - 24/06/18 12:46:10 INFO Executor: Fetching file:///opt/bitnami/spark/.ivy2/jars/org.apache.kafka_kafka-clients-3.4.1.jar with timestamp 1718714769332
[2024-06-18T12:46:10.076+0000] {docker.py:413} INFO - 24/06/18 12:46:10 INFO Utils: /opt/bitnami/spark/.ivy2/jars/org.apache.kafka_kafka-clients-3.4.1.jar has been previously copied to /tmp/spark-9a656fad-ef50-4275-86b8-5663a6ddf90f/userFiles-8cb7feb9-8562-483f-9bba-617ebdadb0c4/org.apache.kafka_kafka-clients-3.4.1.jar
[2024-06-18T12:46:10.078+0000] {docker.py:413} INFO - 24/06/18 12:46:10 INFO Executor: Fetching file:///opt/bitnami/spark/.ivy2/jars/com.google.code.findbugs_jsr305-3.0.0.jar with timestamp 1718714769332
[2024-06-18T12:46:10.079+0000] {docker.py:413} INFO - 24/06/18 12:46:10 INFO Utils: /opt/bitnami/spark/.ivy2/jars/com.google.code.findbugs_jsr305-3.0.0.jar has been previously copied to /tmp/spark-9a656fad-ef50-4275-86b8-5663a6ddf90f/userFiles-8cb7feb9-8562-483f-9bba-617ebdadb0c4/com.google.code.findbugs_jsr305-3.0.0.jar
[2024-06-18T12:46:10.080+0000] {docker.py:413} INFO - 24/06/18 12:46:10 INFO Executor: Fetching file:///opt/bitnami/spark/.ivy2/jars/org.lz4_lz4-java-1.8.0.jar with timestamp 1718714769332
[2024-06-18T12:46:10.080+0000] {docker.py:413} INFO - 24/06/18 12:46:10 INFO Utils: /opt/bitnami/spark/.ivy2/jars/org.lz4_lz4-java-1.8.0.jar has been previously copied to /tmp/spark-9a656fad-ef50-4275-86b8-5663a6ddf90f/userFiles-8cb7feb9-8562-483f-9bba-617ebdadb0c4/org.lz4_lz4-java-1.8.0.jar
[2024-06-18T12:46:10.081+0000] {docker.py:413} INFO - 24/06/18 12:46:10 INFO Executor: Fetching file:///opt/bitnami/spark/.ivy2/jars/org.apache.spark_spark-sql-kafka-0-10_2.12-3.5.0.jar with timestamp 1718714769332
[2024-06-18T12:46:10.082+0000] {docker.py:413} INFO - 24/06/18 12:46:10 INFO Utils: /opt/bitnami/spark/.ivy2/jars/org.apache.spark_spark-sql-kafka-0-10_2.12-3.5.0.jar has been previously copied to /tmp/spark-9a656fad-ef50-4275-86b8-5663a6ddf90f/userFiles-8cb7feb9-8562-483f-9bba-617ebdadb0c4/org.apache.spark_spark-sql-kafka-0-10_2.12-3.5.0.jar
[2024-06-18T12:46:10.083+0000] {docker.py:413} INFO - 24/06/18 12:46:10 INFO Executor: Fetching file:///opt/bitnami/spark/.ivy2/jars/org.apache.hadoop_hadoop-client-api-3.3.4.jar with timestamp 1718714769332
[2024-06-18T12:46:10.090+0000] {docker.py:413} INFO - 24/06/18 12:46:10 INFO Utils: /opt/bitnami/spark/.ivy2/jars/org.apache.hadoop_hadoop-client-api-3.3.4.jar has been previously copied to /tmp/spark-9a656fad-ef50-4275-86b8-5663a6ddf90f/userFiles-8cb7feb9-8562-483f-9bba-617ebdadb0c4/org.apache.hadoop_hadoop-client-api-3.3.4.jar
[2024-06-18T12:46:10.092+0000] {docker.py:413} INFO - 24/06/18 12:46:10 INFO Executor: Fetching file:///opt/bitnami/spark/.ivy2/jars/commons-logging_commons-logging-1.1.3.jar with timestamp 1718714769332
[2024-06-18T12:46:10.092+0000] {docker.py:413} INFO - 24/06/18 12:46:10 INFO Utils: /opt/bitnami/spark/.ivy2/jars/commons-logging_commons-logging-1.1.3.jar has been previously copied to /tmp/spark-9a656fad-ef50-4275-86b8-5663a6ddf90f/userFiles-8cb7feb9-8562-483f-9bba-617ebdadb0c4/commons-logging_commons-logging-1.1.3.jar
[2024-06-18T12:46:10.095+0000] {docker.py:413} INFO - 24/06/18 12:46:10 INFO Executor: Fetching file:///opt/bitnami/spark/.ivy2/jars/org.checkerframework_checker-qual-3.5.0.jar with timestamp 1718714769332
[2024-06-18T12:46:10.096+0000] {docker.py:413} INFO - 24/06/18 12:46:10 INFO Utils: /opt/bitnami/spark/.ivy2/jars/org.checkerframework_checker-qual-3.5.0.jar has been previously copied to /tmp/spark-9a656fad-ef50-4275-86b8-5663a6ddf90f/userFiles-8cb7feb9-8562-483f-9bba-617ebdadb0c4/org.checkerframework_checker-qual-3.5.0.jar
[2024-06-18T12:46:10.098+0000] {docker.py:413} INFO - 24/06/18 12:46:10 INFO Executor: Fetching file:///opt/bitnami/spark/.ivy2/jars/org.xerial.snappy_snappy-java-1.1.10.3.jar with timestamp 1718714769332
[2024-06-18T12:46:10.098+0000] {docker.py:413} INFO - 24/06/18 12:46:10 INFO Utils: /opt/bitnami/spark/.ivy2/jars/org.xerial.snappy_snappy-java-1.1.10.3.jar has been previously copied to /tmp/spark-9a656fad-ef50-4275-86b8-5663a6ddf90f/userFiles-8cb7feb9-8562-483f-9bba-617ebdadb0c4/org.xerial.snappy_snappy-java-1.1.10.3.jar
[2024-06-18T12:46:10.101+0000] {docker.py:413} INFO - 24/06/18 12:46:10 INFO Executor: Fetching spark://localhost:44495/jars/org.postgresql_postgresql-42.5.4.jar with timestamp 1718714769332
[2024-06-18T12:46:10.125+0000] {docker.py:413} INFO - 24/06/18 12:46:10 INFO TransportClientFactory: Successfully created connection to localhost/127.0.0.1:44495 after 15 ms (0 ms spent in bootstraps)
[2024-06-18T12:46:10.129+0000] {docker.py:413} INFO - 24/06/18 12:46:10 INFO Utils: Fetching spark://localhost:44495/jars/org.postgresql_postgresql-42.5.4.jar to /tmp/spark-9a656fad-ef50-4275-86b8-5663a6ddf90f/userFiles-8cb7feb9-8562-483f-9bba-617ebdadb0c4/fetchFileTemp10924709243719324781.tmp
[2024-06-18T12:46:10.144+0000] {docker.py:413} INFO - 24/06/18 12:46:10 INFO Utils: /tmp/spark-9a656fad-ef50-4275-86b8-5663a6ddf90f/userFiles-8cb7feb9-8562-483f-9bba-617ebdadb0c4/fetchFileTemp10924709243719324781.tmp has been previously copied to /tmp/spark-9a656fad-ef50-4275-86b8-5663a6ddf90f/userFiles-8cb7feb9-8562-483f-9bba-617ebdadb0c4/org.postgresql_postgresql-42.5.4.jar
[2024-06-18T12:46:10.148+0000] {docker.py:413} INFO - 24/06/18 12:46:10 INFO Executor: Adding file:/tmp/spark-9a656fad-ef50-4275-86b8-5663a6ddf90f/userFiles-8cb7feb9-8562-483f-9bba-617ebdadb0c4/org.postgresql_postgresql-42.5.4.jar to class loader default
[2024-06-18T12:46:10.148+0000] {docker.py:413} INFO - 24/06/18 12:46:10 INFO Executor: Fetching spark://localhost:44495/jars/org.apache.kafka_kafka-clients-3.4.1.jar with timestamp 1718714769332
[2024-06-18T12:46:10.149+0000] {docker.py:413} INFO - 24/06/18 12:46:10 INFO Utils: Fetching spark://localhost:44495/jars/org.apache.kafka_kafka-clients-3.4.1.jar to /tmp/spark-9a656fad-ef50-4275-86b8-5663a6ddf90f/userFiles-8cb7feb9-8562-483f-9bba-617ebdadb0c4/fetchFileTemp4777955985341131236.tmp
[2024-06-18T12:46:10.163+0000] {docker.py:413} INFO - 24/06/18 12:46:10 INFO Utils: /tmp/spark-9a656fad-ef50-4275-86b8-5663a6ddf90f/userFiles-8cb7feb9-8562-483f-9bba-617ebdadb0c4/fetchFileTemp4777955985341131236.tmp has been previously copied to /tmp/spark-9a656fad-ef50-4275-86b8-5663a6ddf90f/userFiles-8cb7feb9-8562-483f-9bba-617ebdadb0c4/org.apache.kafka_kafka-clients-3.4.1.jar
[2024-06-18T12:46:10.165+0000] {docker.py:413} INFO - 24/06/18 12:46:10 INFO Executor: Adding file:/tmp/spark-9a656fad-ef50-4275-86b8-5663a6ddf90f/userFiles-8cb7feb9-8562-483f-9bba-617ebdadb0c4/org.apache.kafka_kafka-clients-3.4.1.jar to class loader default
24/06/18 12:46:10 INFO Executor: Fetching spark://localhost:44495/jars/commons-logging_commons-logging-1.1.3.jar with timestamp 1718714769332
[2024-06-18T12:46:10.165+0000] {docker.py:413} INFO - 24/06/18 12:46:10 INFO Utils: Fetching spark://localhost:44495/jars/commons-logging_commons-logging-1.1.3.jar to /tmp/spark-9a656fad-ef50-4275-86b8-5663a6ddf90f/userFiles-8cb7feb9-8562-483f-9bba-617ebdadb0c4/fetchFileTemp12765628748644079315.tmp
[2024-06-18T12:46:10.166+0000] {docker.py:413} INFO - 24/06/18 12:46:10 INFO Utils: /tmp/spark-9a656fad-ef50-4275-86b8-5663a6ddf90f/userFiles-8cb7feb9-8562-483f-9bba-617ebdadb0c4/fetchFileTemp12765628748644079315.tmp has been previously copied to /tmp/spark-9a656fad-ef50-4275-86b8-5663a6ddf90f/userFiles-8cb7feb9-8562-483f-9bba-617ebdadb0c4/commons-logging_commons-logging-1.1.3.jar
[2024-06-18T12:46:10.168+0000] {docker.py:413} INFO - 24/06/18 12:46:10 INFO Executor: Adding file:/tmp/spark-9a656fad-ef50-4275-86b8-5663a6ddf90f/userFiles-8cb7feb9-8562-483f-9bba-617ebdadb0c4/commons-logging_commons-logging-1.1.3.jar to class loader default
[2024-06-18T12:46:10.168+0000] {docker.py:413} INFO - 24/06/18 12:46:10 INFO Executor: Fetching spark://localhost:44495/jars/org.apache.hadoop_hadoop-client-runtime-3.3.4.jar with timestamp 1718714769332
[2024-06-18T12:46:10.169+0000] {docker.py:413} INFO - 24/06/18 12:46:10 INFO Utils: Fetching spark://localhost:44495/jars/org.apache.hadoop_hadoop-client-runtime-3.3.4.jar to /tmp/spark-9a656fad-ef50-4275-86b8-5663a6ddf90f/userFiles-8cb7feb9-8562-483f-9bba-617ebdadb0c4/fetchFileTemp6585645185961628531.tmp
[2024-06-18T12:46:10.238+0000] {docker.py:413} INFO - 24/06/18 12:46:10 INFO Utils: /tmp/spark-9a656fad-ef50-4275-86b8-5663a6ddf90f/userFiles-8cb7feb9-8562-483f-9bba-617ebdadb0c4/fetchFileTemp6585645185961628531.tmp has been previously copied to /tmp/spark-9a656fad-ef50-4275-86b8-5663a6ddf90f/userFiles-8cb7feb9-8562-483f-9bba-617ebdadb0c4/org.apache.hadoop_hadoop-client-runtime-3.3.4.jar
[2024-06-18T12:46:10.240+0000] {docker.py:413} INFO - 24/06/18 12:46:10 INFO Executor: Adding file:/tmp/spark-9a656fad-ef50-4275-86b8-5663a6ddf90f/userFiles-8cb7feb9-8562-483f-9bba-617ebdadb0c4/org.apache.hadoop_hadoop-client-runtime-3.3.4.jar to class loader default
[2024-06-18T12:46:10.241+0000] {docker.py:413} INFO - 24/06/18 12:46:10 INFO Executor: Fetching spark://localhost:44495/jars/org.apache.hadoop_hadoop-client-api-3.3.4.jar with timestamp 1718714769332
[2024-06-18T12:46:10.242+0000] {docker.py:413} INFO - 24/06/18 12:46:10 INFO Utils: Fetching spark://localhost:44495/jars/org.apache.hadoop_hadoop-client-api-3.3.4.jar to /tmp/spark-9a656fad-ef50-4275-86b8-5663a6ddf90f/userFiles-8cb7feb9-8562-483f-9bba-617ebdadb0c4/fetchFileTemp12760219600188908870.tmp
[2024-06-18T12:46:10.286+0000] {docker.py:413} INFO - 24/06/18 12:46:10 INFO Utils: /tmp/spark-9a656fad-ef50-4275-86b8-5663a6ddf90f/userFiles-8cb7feb9-8562-483f-9bba-617ebdadb0c4/fetchFileTemp12760219600188908870.tmp has been previously copied to /tmp/spark-9a656fad-ef50-4275-86b8-5663a6ddf90f/userFiles-8cb7feb9-8562-483f-9bba-617ebdadb0c4/org.apache.hadoop_hadoop-client-api-3.3.4.jar
[2024-06-18T12:46:10.289+0000] {docker.py:413} INFO - 24/06/18 12:46:10 INFO Executor: Adding file:/tmp/spark-9a656fad-ef50-4275-86b8-5663a6ddf90f/userFiles-8cb7feb9-8562-483f-9bba-617ebdadb0c4/org.apache.hadoop_hadoop-client-api-3.3.4.jar to class loader default
[2024-06-18T12:46:10.290+0000] {docker.py:413} INFO - 24/06/18 12:46:10 INFO Executor: Fetching spark://localhost:44495/jars/org.slf4j_slf4j-api-2.0.7.jar with timestamp 1718714769332
[2024-06-18T12:46:10.290+0000] {docker.py:413} INFO - 24/06/18 12:46:10 INFO Utils: Fetching spark://localhost:44495/jars/org.slf4j_slf4j-api-2.0.7.jar to /tmp/spark-9a656fad-ef50-4275-86b8-5663a6ddf90f/userFiles-8cb7feb9-8562-483f-9bba-617ebdadb0c4/fetchFileTemp18055665590286668957.tmp
[2024-06-18T12:46:10.291+0000] {docker.py:413} INFO - 24/06/18 12:46:10 INFO Utils: /tmp/spark-9a656fad-ef50-4275-86b8-5663a6ddf90f/userFiles-8cb7feb9-8562-483f-9bba-617ebdadb0c4/fetchFileTemp18055665590286668957.tmp has been previously copied to /tmp/spark-9a656fad-ef50-4275-86b8-5663a6ddf90f/userFiles-8cb7feb9-8562-483f-9bba-617ebdadb0c4/org.slf4j_slf4j-api-2.0.7.jar
[2024-06-18T12:46:10.293+0000] {docker.py:413} INFO - 24/06/18 12:46:10 INFO Executor: Adding file:/tmp/spark-9a656fad-ef50-4275-86b8-5663a6ddf90f/userFiles-8cb7feb9-8562-483f-9bba-617ebdadb0c4/org.slf4j_slf4j-api-2.0.7.jar to class loader default
[2024-06-18T12:46:10.294+0000] {docker.py:413} INFO - 24/06/18 12:46:10 INFO Executor: Fetching spark://localhost:44495/jars/org.checkerframework_checker-qual-3.5.0.jar with timestamp 1718714769332
[2024-06-18T12:46:10.295+0000] {docker.py:413} INFO - 24/06/18 12:46:10 INFO Utils: Fetching spark://localhost:44495/jars/org.checkerframework_checker-qual-3.5.0.jar to /tmp/spark-9a656fad-ef50-4275-86b8-5663a6ddf90f/userFiles-8cb7feb9-8562-483f-9bba-617ebdadb0c4/fetchFileTemp16079982306903914930.tmp
[2024-06-18T12:46:10.295+0000] {docker.py:413} INFO - 24/06/18 12:46:10 INFO Utils: /tmp/spark-9a656fad-ef50-4275-86b8-5663a6ddf90f/userFiles-8cb7feb9-8562-483f-9bba-617ebdadb0c4/fetchFileTemp16079982306903914930.tmp has been previously copied to /tmp/spark-9a656fad-ef50-4275-86b8-5663a6ddf90f/userFiles-8cb7feb9-8562-483f-9bba-617ebdadb0c4/org.checkerframework_checker-qual-3.5.0.jar
[2024-06-18T12:46:10.296+0000] {docker.py:413} INFO - 24/06/18 12:46:10 INFO Executor: Adding file:/tmp/spark-9a656fad-ef50-4275-86b8-5663a6ddf90f/userFiles-8cb7feb9-8562-483f-9bba-617ebdadb0c4/org.checkerframework_checker-qual-3.5.0.jar to class loader default
[2024-06-18T12:46:10.297+0000] {docker.py:413} INFO - 24/06/18 12:46:10 INFO Executor: Fetching spark://localhost:44495/jars/org.apache.spark_spark-token-provider-kafka-0-10_2.12-3.5.0.jar with timestamp 1718714769332
[2024-06-18T12:46:10.297+0000] {docker.py:413} INFO - 24/06/18 12:46:10 INFO Utils: Fetching spark://localhost:44495/jars/org.apache.spark_spark-token-provider-kafka-0-10_2.12-3.5.0.jar to /tmp/spark-9a656fad-ef50-4275-86b8-5663a6ddf90f/userFiles-8cb7feb9-8562-483f-9bba-617ebdadb0c4/fetchFileTemp1906232754608173366.tmp
[2024-06-18T12:46:10.298+0000] {docker.py:413} INFO - 24/06/18 12:46:10 INFO Utils: /tmp/spark-9a656fad-ef50-4275-86b8-5663a6ddf90f/userFiles-8cb7feb9-8562-483f-9bba-617ebdadb0c4/fetchFileTemp1906232754608173366.tmp has been previously copied to /tmp/spark-9a656fad-ef50-4275-86b8-5663a6ddf90f/userFiles-8cb7feb9-8562-483f-9bba-617ebdadb0c4/org.apache.spark_spark-token-provider-kafka-0-10_2.12-3.5.0.jar
[2024-06-18T12:46:10.300+0000] {docker.py:413} INFO - 24/06/18 12:46:10 INFO Executor: Adding file:/tmp/spark-9a656fad-ef50-4275-86b8-5663a6ddf90f/userFiles-8cb7feb9-8562-483f-9bba-617ebdadb0c4/org.apache.spark_spark-token-provider-kafka-0-10_2.12-3.5.0.jar to class loader default
[2024-06-18T12:46:10.301+0000] {docker.py:413} INFO - 24/06/18 12:46:10 INFO Executor: Fetching spark://localhost:44495/jars/org.apache.spark_spark-sql-kafka-0-10_2.12-3.5.0.jar with timestamp 1718714769332
[2024-06-18T12:46:10.301+0000] {docker.py:413} INFO - 24/06/18 12:46:10 INFO Utils: Fetching spark://localhost:44495/jars/org.apache.spark_spark-sql-kafka-0-10_2.12-3.5.0.jar to /tmp/spark-9a656fad-ef50-4275-86b8-5663a6ddf90f/userFiles-8cb7feb9-8562-483f-9bba-617ebdadb0c4/fetchFileTemp7628503809090886840.tmp
[2024-06-18T12:46:10.302+0000] {docker.py:413} INFO - 24/06/18 12:46:10 INFO Utils: /tmp/spark-9a656fad-ef50-4275-86b8-5663a6ddf90f/userFiles-8cb7feb9-8562-483f-9bba-617ebdadb0c4/fetchFileTemp7628503809090886840.tmp has been previously copied to /tmp/spark-9a656fad-ef50-4275-86b8-5663a6ddf90f/userFiles-8cb7feb9-8562-483f-9bba-617ebdadb0c4/org.apache.spark_spark-sql-kafka-0-10_2.12-3.5.0.jar
[2024-06-18T12:46:10.305+0000] {docker.py:413} INFO - 24/06/18 12:46:10 INFO Executor: Adding file:/tmp/spark-9a656fad-ef50-4275-86b8-5663a6ddf90f/userFiles-8cb7feb9-8562-483f-9bba-617ebdadb0c4/org.apache.spark_spark-sql-kafka-0-10_2.12-3.5.0.jar to class loader default
24/06/18 12:46:10 INFO Executor: Fetching spark://localhost:44495/jars/org.xerial.snappy_snappy-java-1.1.10.3.jar with timestamp 1718714769332
[2024-06-18T12:46:10.306+0000] {docker.py:413} INFO - 24/06/18 12:46:10 INFO Utils: Fetching spark://localhost:44495/jars/org.xerial.snappy_snappy-java-1.1.10.3.jar to /tmp/spark-9a656fad-ef50-4275-86b8-5663a6ddf90f/userFiles-8cb7feb9-8562-483f-9bba-617ebdadb0c4/fetchFileTemp11585626614984018916.tmp
[2024-06-18T12:46:10.309+0000] {docker.py:413} INFO - 24/06/18 12:46:10 INFO Utils: /tmp/spark-9a656fad-ef50-4275-86b8-5663a6ddf90f/userFiles-8cb7feb9-8562-483f-9bba-617ebdadb0c4/fetchFileTemp11585626614984018916.tmp has been previously copied to /tmp/spark-9a656fad-ef50-4275-86b8-5663a6ddf90f/userFiles-8cb7feb9-8562-483f-9bba-617ebdadb0c4/org.xerial.snappy_snappy-java-1.1.10.3.jar
[2024-06-18T12:46:10.313+0000] {docker.py:413} INFO - 24/06/18 12:46:10 INFO Executor: Adding file:/tmp/spark-9a656fad-ef50-4275-86b8-5663a6ddf90f/userFiles-8cb7feb9-8562-483f-9bba-617ebdadb0c4/org.xerial.snappy_snappy-java-1.1.10.3.jar to class loader default
24/06/18 12:46:10 INFO Executor: Fetching spark://localhost:44495/jars/org.lz4_lz4-java-1.8.0.jar with timestamp 1718714769332
[2024-06-18T12:46:10.313+0000] {docker.py:413} INFO - 24/06/18 12:46:10 INFO Utils: Fetching spark://localhost:44495/jars/org.lz4_lz4-java-1.8.0.jar to /tmp/spark-9a656fad-ef50-4275-86b8-5663a6ddf90f/userFiles-8cb7feb9-8562-483f-9bba-617ebdadb0c4/fetchFileTemp15392243463022754842.tmp
[2024-06-18T12:46:10.315+0000] {docker.py:413} INFO - 24/06/18 12:46:10 INFO Utils: /tmp/spark-9a656fad-ef50-4275-86b8-5663a6ddf90f/userFiles-8cb7feb9-8562-483f-9bba-617ebdadb0c4/fetchFileTemp15392243463022754842.tmp has been previously copied to /tmp/spark-9a656fad-ef50-4275-86b8-5663a6ddf90f/userFiles-8cb7feb9-8562-483f-9bba-617ebdadb0c4/org.lz4_lz4-java-1.8.0.jar
[2024-06-18T12:46:10.317+0000] {docker.py:413} INFO - 24/06/18 12:46:10 INFO Executor: Adding file:/tmp/spark-9a656fad-ef50-4275-86b8-5663a6ddf90f/userFiles-8cb7feb9-8562-483f-9bba-617ebdadb0c4/org.lz4_lz4-java-1.8.0.jar to class loader default
[2024-06-18T12:46:10.318+0000] {docker.py:413} INFO - 24/06/18 12:46:10 INFO Executor: Fetching spark://localhost:44495/jars/com.google.code.findbugs_jsr305-3.0.0.jar with timestamp 1718714769332
[2024-06-18T12:46:10.318+0000] {docker.py:413} INFO - 24/06/18 12:46:10 INFO Utils: Fetching spark://localhost:44495/jars/com.google.code.findbugs_jsr305-3.0.0.jar to /tmp/spark-9a656fad-ef50-4275-86b8-5663a6ddf90f/userFiles-8cb7feb9-8562-483f-9bba-617ebdadb0c4/fetchFileTemp10683686069974598570.tmp
[2024-06-18T12:46:10.318+0000] {docker.py:413} INFO - 24/06/18 12:46:10 INFO Utils: /tmp/spark-9a656fad-ef50-4275-86b8-5663a6ddf90f/userFiles-8cb7feb9-8562-483f-9bba-617ebdadb0c4/fetchFileTemp10683686069974598570.tmp has been previously copied to /tmp/spark-9a656fad-ef50-4275-86b8-5663a6ddf90f/userFiles-8cb7feb9-8562-483f-9bba-617ebdadb0c4/com.google.code.findbugs_jsr305-3.0.0.jar
[2024-06-18T12:46:10.322+0000] {docker.py:413} INFO - 24/06/18 12:46:10 INFO Executor: Adding file:/tmp/spark-9a656fad-ef50-4275-86b8-5663a6ddf90f/userFiles-8cb7feb9-8562-483f-9bba-617ebdadb0c4/com.google.code.findbugs_jsr305-3.0.0.jar to class loader default
[2024-06-18T12:46:10.324+0000] {docker.py:413} INFO - 24/06/18 12:46:10 INFO Executor: Fetching spark://localhost:44495/jars/org.apache.commons_commons-pool2-2.11.1.jar with timestamp 1718714769332
[2024-06-18T12:46:10.325+0000] {docker.py:413} INFO - 24/06/18 12:46:10 INFO Utils: Fetching spark://localhost:44495/jars/org.apache.commons_commons-pool2-2.11.1.jar to /tmp/spark-9a656fad-ef50-4275-86b8-5663a6ddf90f/userFiles-8cb7feb9-8562-483f-9bba-617ebdadb0c4/fetchFileTemp15180960440024902055.tmp
[2024-06-18T12:46:10.325+0000] {docker.py:413} INFO - 24/06/18 12:46:10 INFO Utils: /tmp/spark-9a656fad-ef50-4275-86b8-5663a6ddf90f/userFiles-8cb7feb9-8562-483f-9bba-617ebdadb0c4/fetchFileTemp15180960440024902055.tmp has been previously copied to /tmp/spark-9a656fad-ef50-4275-86b8-5663a6ddf90f/userFiles-8cb7feb9-8562-483f-9bba-617ebdadb0c4/org.apache.commons_commons-pool2-2.11.1.jar
[2024-06-18T12:46:10.332+0000] {docker.py:413} INFO - 24/06/18 12:46:10 INFO Executor: Adding file:/tmp/spark-9a656fad-ef50-4275-86b8-5663a6ddf90f/userFiles-8cb7feb9-8562-483f-9bba-617ebdadb0c4/org.apache.commons_commons-pool2-2.11.1.jar to class loader default
[2024-06-18T12:46:10.336+0000] {docker.py:413} INFO - 24/06/18 12:46:10 INFO Utils: Successfully started service 'org.apache.spark.network.netty.NettyBlockTransferService' on port 43451.
24/06/18 12:46:10 INFO NettyBlockTransferService: Server created on localhost:43451
[2024-06-18T12:46:10.337+0000] {docker.py:413} INFO - 24/06/18 12:46:10 INFO BlockManager: Using org.apache.spark.storage.RandomBlockReplicationPolicy for block replication policy
[2024-06-18T12:46:10.339+0000] {docker.py:413} INFO - 24/06/18 12:46:10 INFO BlockManagerMaster: Registering BlockManager BlockManagerId(driver, localhost, 43451, None)
[2024-06-18T12:46:10.341+0000] {docker.py:413} INFO - 24/06/18 12:46:10 INFO BlockManagerMasterEndpoint: Registering block manager localhost:43451 with 434.4 MiB RAM, BlockManagerId(driver, localhost, 43451, None)
[2024-06-18T12:46:10.345+0000] {docker.py:413} INFO - 24/06/18 12:46:10 INFO BlockManagerMaster: Registered BlockManager BlockManagerId(driver, localhost, 43451, None)
[2024-06-18T12:46:10.346+0000] {docker.py:413} INFO - 24/06/18 12:46:10 INFO BlockManager: Initialized BlockManager: BlockManagerId(driver, localhost, 43451, None)
[2024-06-18T12:46:10.570+0000] {docker.py:413} INFO - 2024-06-18 12:46:10,569:create_spark_session:INFO:Spark session created successfully
Traceback (most recent call last):
  File "/opt/bitnami/spark/spark_streaming.py", line 153, in <module>
[2024-06-18T12:46:10.571+0000] {docker.py:413} INFO - write_to_postgres()
  File "/opt/bitnami/spark/spark_streaming.py", line 147, in write_to_postgres
[2024-06-18T12:46:10.571+0000] {docker.py:413} INFO - df = create_initial_dataframe(spark)
         ^^^^^^^^^^^^^^^^^^^^^^^^^^^^^^^
  File "/opt/bitnami/spark/spark_streaming.py", line 53, in create_initial_dataframe
    for topic in topic:
                 ^^^^^
UnboundLocalError: cannot access local variable 'topic' where it is not associated with a value
[2024-06-18T12:46:10.572+0000] {docker.py:413} INFO - 2024-06-18 12:46:10,569:close:INFO:Closing down clientserver connection
[2024-06-18T12:46:10.592+0000] {docker.py:413} INFO - 24/06/18 12:46:10 INFO SparkContext: Invoking stop() from shutdown hook
[2024-06-18T12:46:10.592+0000] {docker.py:413} INFO - 24/06/18 12:46:10 INFO SparkContext: SparkContext is stopping with exitCode 0.
[2024-06-18T12:46:10.598+0000] {docker.py:413} INFO - 24/06/18 12:46:10 INFO SparkUI: Stopped Spark web UI at http://localhost:4040
[2024-06-18T12:46:10.604+0000] {docker.py:413} INFO - 24/06/18 12:46:10 INFO MapOutputTrackerMasterEndpoint: MapOutputTrackerMasterEndpoint stopped!
[2024-06-18T12:46:10.612+0000] {docker.py:413} INFO - 24/06/18 12:46:10 INFO MemoryStore: MemoryStore cleared
[2024-06-18T12:46:10.612+0000] {docker.py:413} INFO - 24/06/18 12:46:10 INFO BlockManager: BlockManager stopped
[2024-06-18T12:46:10.615+0000] {docker.py:413} INFO - 24/06/18 12:46:10 INFO BlockManagerMaster: BlockManagerMaster stopped
[2024-06-18T12:46:10.616+0000] {docker.py:413} INFO - 24/06/18 12:46:10 INFO OutputCommitCoordinator$OutputCommitCoordinatorEndpoint: OutputCommitCoordinator stopped!
[2024-06-18T12:46:10.624+0000] {docker.py:413} INFO - 24/06/18 12:46:10 INFO SparkContext: Successfully stopped SparkContext
[2024-06-18T12:46:10.624+0000] {docker.py:413} INFO - 24/06/18 12:46:10 INFO ShutdownHookManager: Shutdown hook called
[2024-06-18T12:46:10.624+0000] {docker.py:413} INFO - 24/06/18 12:46:10 INFO ShutdownHookManager: Deleting directory /tmp/spark-b1f2682b-49c2-41dd-b0cc-a725b64b3704
[2024-06-18T12:46:10.625+0000] {docker.py:413} INFO - 24/06/18 12:46:10 INFO ShutdownHookManager: Deleting directory /tmp/spark-9a656fad-ef50-4275-86b8-5663a6ddf90f
[2024-06-18T12:46:10.627+0000] {docker.py:413} INFO - 24/06/18 12:46:10 INFO ShutdownHookManager: Deleting directory /tmp/spark-9a656fad-ef50-4275-86b8-5663a6ddf90f/pyspark-5b61da22-d84e-4915-8600-542260cf1b58
[2024-06-18T12:46:11.084+0000] {taskinstance.py:1937} ERROR - Task failed with exception
Traceback (most recent call last):
  File "/home/airflow/.local/lib/python3.8/site-packages/docker/api/client.py", line 268, in _raise_for_status
    response.raise_for_status()
  File "/home/airflow/.local/lib/python3.8/site-packages/requests/models.py", line 1021, in raise_for_status
    raise HTTPError(http_error_msg, response=self)
requests.exceptions.HTTPError: 400 Client Error: Bad Request for url: http://docker-proxy:2375/v1.44/containers/create

The above exception was the direct cause of the following exception:

Traceback (most recent call last):
  File "/home/airflow/.local/lib/python3.8/site-packages/airflow/providers/docker/operators/docker.py", line 348, in _run_image
    return self._run_image_with_mounts([*self.mounts, tmp_mount], add_tmp_variable=True)
  File "/home/airflow/.local/lib/python3.8/site-packages/airflow/providers/docker/operators/docker.py", line 375, in _run_image_with_mounts
    self.container = self.cli.create_container(
  File "/home/airflow/.local/lib/python3.8/site-packages/docker/api/container.py", line 431, in create_container
    return self.create_container_from_config(config, name, platform)
  File "/home/airflow/.local/lib/python3.8/site-packages/docker/api/container.py", line 448, in create_container_from_config
    return self._result(res, True)
  File "/home/airflow/.local/lib/python3.8/site-packages/docker/api/client.py", line 274, in _result
    self._raise_for_status(response)
  File "/home/airflow/.local/lib/python3.8/site-packages/docker/api/client.py", line 270, in _raise_for_status
    raise create_api_error_from_http_exception(e) from e
  File "/home/airflow/.local/lib/python3.8/site-packages/docker/errors.py", line 39, in create_api_error_from_http_exception
    raise cls(e, response=response, explanation=explanation) from e
docker.errors.APIError: 400 Client Error for http://docker-proxy:2375/v1.44/containers/create: Bad Request ("invalid mount config for type "bind": bind source path does not exist: /host_mnt/private/tmp/airflowtmpazsyhymd")

During handling of the above exception, another exception occurred:

Traceback (most recent call last):
  File "/home/airflow/.local/lib/python3.8/site-packages/airflow/providers/docker/operators/docker.py", line 486, in execute
    return self._run_image()
  File "/home/airflow/.local/lib/python3.8/site-packages/airflow/providers/docker/operators/docker.py", line 357, in _run_image
    return self._run_image_with_mounts(self.mounts, add_tmp_variable=False)
  File "/home/airflow/.local/lib/python3.8/site-packages/airflow/providers/docker/operators/docker.py", line 421, in _run_image_with_mounts
    raise DockerContainerFailedException(f"Docker container failed: {result!r}", logs=log_lines)
airflow.providers.docker.exceptions.DockerContainerFailedException: Docker container failed: {'StatusCode': 1}
[2024-06-18T12:46:11.089+0000] {taskinstance.py:1400} INFO - Marking task as UP_FOR_RETRY. dag_id=kafka_spark_dag, task_id=pyspark_consumer, execution_date=20240618T124008, start_date=20240618T124515, end_date=20240618T124611
[2024-06-18T12:46:11.116+0000] {standard_task_runner.py:104} ERROR - Failed to execute job 52 for task pyspark_consumer (Docker container failed: {'StatusCode': 1}; 2736)
[2024-06-18T12:46:11.157+0000] {local_task_job_runner.py:228} INFO - Task exited with return code 1
[2024-06-18T12:46:11.184+0000] {taskinstance.py:2778} INFO - 0 downstream tasks scheduled from follow-on schedule check
