[2024-06-19T07:07:17.915+0000] {taskinstance.py:1159} INFO - Dependencies all met for dep_context=non-requeueable deps ti=<TaskInstance: kafka_spark_dag.pyspark_consumer scheduled__2024-06-19T07:00:33.498234+00:00 [queued]>
[2024-06-19T07:07:17.918+0000] {taskinstance.py:1159} INFO - Dependencies all met for dep_context=requeueable deps ti=<TaskInstance: kafka_spark_dag.pyspark_consumer scheduled__2024-06-19T07:00:33.498234+00:00 [queued]>
[2024-06-19T07:07:17.918+0000] {taskinstance.py:1361} INFO - Starting attempt 2 of 2
[2024-06-19T07:07:17.924+0000] {taskinstance.py:1382} INFO - Executing <Task(DockerOperator): pyspark_consumer> on 2024-06-19 07:00:33.498234+00:00
[2024-06-19T07:07:17.927+0000] {standard_task_runner.py:57} INFO - Started process 10945 to run task
[2024-06-19T07:07:17.929+0000] {standard_task_runner.py:84} INFO - Running: ['***', 'tasks', 'run', 'kafka_spark_dag', 'pyspark_consumer', 'scheduled__2024-06-19T07:00:33.498234+00:00', '--job-id', '114', '--raw', '--subdir', 'DAGS_FOLDER/dag_kafka_spark.py', '--cfg-path', '/tmp/tmpeqdkzn1v']
[2024-06-19T07:07:17.930+0000] {standard_task_runner.py:85} INFO - Job 114: Subtask pyspark_consumer
[2024-06-19T07:07:17.955+0000] {task_command.py:416} INFO - Running <TaskInstance: kafka_spark_dag.pyspark_consumer scheduled__2024-06-19T07:00:33.498234+00:00 [running]> on host 2ad9230613d5
[2024-06-19T07:07:17.988+0000] {taskinstance.py:1662} INFO - Exporting env vars: AIRFLOW_CTX_DAG_OWNER='***' AIRFLOW_CTX_DAG_ID='kafka_spark_dag' AIRFLOW_CTX_TASK_ID='pyspark_consumer' AIRFLOW_CTX_EXECUTION_DATE='2024-06-19T07:00:33.498234+00:00' AIRFLOW_CTX_TRY_NUMBER='2' AIRFLOW_CTX_DAG_RUN_ID='scheduled__2024-06-19T07:00:33.498234+00:00'
[2024-06-19T07:07:18.054+0000] {docker.py:343} INFO - Starting docker container from image rappel-conso/spark:latest
[2024-06-19T07:07:18.105+0000] {docker.py:351} WARNING - Using remote engine or docker-in-docker and mounting temporary volume from host is not supported. Falling back to `mount_tmp_dir=False` mode. You can set `mount_tmp_dir` parameter to False to disable mounting and remove the warning
[2024-06-19T07:07:18.318+0000] {docker.py:413} INFO - [38;5;6mspark [38;5;5m07:07:18.31 [0m[38;5;2mINFO [0m ==>
[2024-06-19T07:07:18.319+0000] {docker.py:413} INFO - [38;5;6mspark [38;5;5m07:07:18.31 [0m[38;5;2mINFO [0m ==> [1mWelcome to the Bitnami spark container[0m
[2024-06-19T07:07:18.320+0000] {docker.py:413} INFO - [38;5;6mspark [38;5;5m07:07:18.31 [0m[38;5;2mINFO [0m ==> Subscribe to project updates by watching [1mhttps://github.com/bitnami/containers[0m
[2024-06-19T07:07:18.321+0000] {docker.py:413} INFO - [38;5;6mspark [38;5;5m07:07:18.32 [0m[38;5;2mINFO [0m ==> Submit issues and feature requests at [1mhttps://github.com/bitnami/containers/issues[0m
[2024-06-19T07:07:18.328+0000] {docker.py:413} INFO - [38;5;6mspark [38;5;5m07:07:18.32 [0m[38;5;2mINFO [0m ==>
[2024-06-19T07:07:18.333+0000] {docker.py:413} INFO - 
[2024-06-19T07:07:19.236+0000] {docker.py:413} INFO - :: loading settings :: url = jar:file:/opt/bitnami/spark/jars/ivy-2.5.1.jar!/org/apache/ivy/core/settings/ivysettings.xml
[2024-06-19T07:07:19.267+0000] {docker.py:413} INFO - Ivy Default Cache set to: /opt/bitnami/spark/.ivy2/cache
The jars for the packages stored in: /opt/bitnami/spark/.ivy2/jars
[2024-06-19T07:07:19.269+0000] {docker.py:413} INFO - org.postgresql#postgresql added as a dependency
org.apache.spark#spark-sql-kafka-0-10_2.12 added as a dependency
[2024-06-19T07:07:19.270+0000] {docker.py:413} INFO - :: resolving dependencies :: org.apache.spark#spark-submit-parent-9d67ca89-0112-4dcf-855b-3932b30830c7;1.0
	confs: [default]
[2024-06-19T07:07:20.893+0000] {docker.py:413} INFO - found org.postgresql#postgresql;42.5.4 in central
[2024-06-19T07:07:21.453+0000] {docker.py:413} INFO - found org.checkerframework#checker-qual;3.5.0 in central
[2024-06-19T07:07:24.910+0000] {docker.py:413} INFO - found org.apache.spark#spark-sql-kafka-0-10_2.12;3.5.0 in central
[2024-06-19T07:07:25.476+0000] {docker.py:413} INFO - found org.apache.spark#spark-token-provider-kafka-0-10_2.12;3.5.0 in central
[2024-06-19T07:07:25.895+0000] {docker.py:413} INFO - found org.apache.kafka#kafka-clients;3.4.1 in central
[2024-06-19T07:07:26.323+0000] {docker.py:413} INFO - found org.lz4#lz4-java;1.8.0 in central
[2024-06-19T07:07:26.773+0000] {docker.py:413} INFO - found org.xerial.snappy#snappy-java;1.1.10.3 in central
[2024-06-19T07:07:28.810+0000] {docker.py:413} INFO - found org.slf4j#slf4j-api;2.0.7 in central
[2024-06-19T07:07:32.647+0000] {docker.py:413} INFO - found org.apache.hadoop#hadoop-client-runtime;3.3.4 in central
[2024-06-19T07:07:33.122+0000] {docker.py:413} INFO - found org.apache.hadoop#hadoop-client-api;3.3.4 in central
[2024-06-19T07:07:36.787+0000] {docker.py:413} INFO - found commons-logging#commons-logging;1.1.3 in central
[2024-06-19T07:07:37.212+0000] {docker.py:413} INFO - found com.google.code.findbugs#jsr305;3.0.0 in central
[2024-06-19T07:07:43.075+0000] {docker.py:413} INFO - found org.apache.commons#commons-pool2;2.11.1 in central
[2024-06-19T07:07:43.284+0000] {docker.py:413} INFO - downloading https://repo1.maven.org/maven2/org/postgresql/postgresql/42.5.4/postgresql-42.5.4.jar ...
[2024-06-19T07:07:43.992+0000] {docker.py:413} INFO - [SUCCESSFUL ] org.postgresql#postgresql;42.5.4!postgresql.jar (903ms)
[2024-06-19T07:07:44.206+0000] {docker.py:413} INFO - downloading https://repo1.maven.org/maven2/org/apache/spark/spark-sql-kafka-0-10_2.12/3.5.0/spark-sql-kafka-0-10_2.12-3.5.0.jar ...
[2024-06-19T07:07:44.458+0000] {docker.py:413} INFO - [SUCCESSFUL ] org.apache.spark#spark-sql-kafka-0-10_2.12;3.5.0!spark-sql-kafka-0-10_2.12.jar (465ms)
[2024-06-19T07:07:44.687+0000] {docker.py:413} INFO - downloading https://repo1.maven.org/maven2/org/checkerframework/checker-qual/3.5.0/checker-qual-3.5.0.jar ...
[2024-06-19T07:07:44.974+0000] {docker.py:413} INFO - [SUCCESSFUL ] org.checkerframework#checker-qual;3.5.0!checker-qual.jar (515ms)
[2024-06-19T07:07:45.243+0000] {docker.py:413} INFO - downloading https://repo1.maven.org/maven2/org/apache/spark/spark-token-provider-kafka-0-10_2.12/3.5.0/spark-token-provider-kafka-0-10_2.12-3.5.0.jar ...
[2024-06-19T07:07:45.476+0000] {docker.py:413} INFO - [SUCCESSFUL ] org.apache.spark#spark-token-provider-kafka-0-10_2.12;3.5.0!spark-token-provider-kafka-0-10_2.12.jar (500ms)
[2024-06-19T07:07:45.675+0000] {docker.py:413} INFO - downloading https://repo1.maven.org/maven2/org/apache/kafka/kafka-clients/3.4.1/kafka-clients-3.4.1.jar ...
[2024-06-19T07:07:47.095+0000] {docker.py:413} INFO - [SUCCESSFUL ] org.apache.kafka#kafka-clients;3.4.1!kafka-clients.jar (1607ms)
[2024-06-19T07:07:47.361+0000] {docker.py:413} INFO - downloading https://repo1.maven.org/maven2/com/google/code/findbugs/jsr305/3.0.0/jsr305-3.0.0.jar ...
[2024-06-19T07:07:47.664+0000] {docker.py:413} INFO - [SUCCESSFUL ] com.google.code.findbugs#jsr305;3.0.0!jsr305.jar (573ms)
[2024-06-19T07:07:47.940+0000] {docker.py:413} INFO - downloading https://repo1.maven.org/maven2/org/apache/commons/commons-pool2/2.11.1/commons-pool2-2.11.1.jar ...
[2024-06-19T07:07:48.192+0000] {docker.py:413} INFO - [SUCCESSFUL ] org.apache.commons#commons-pool2;2.11.1!commons-pool2.jar (528ms)
[2024-06-19T07:07:48.387+0000] {docker.py:413} INFO - downloading https://repo1.maven.org/maven2/org/apache/hadoop/hadoop-client-runtime/3.3.4/hadoop-client-runtime-3.3.4.jar ...
[2024-06-19T07:07:53.567+0000] {docker.py:413} INFO - [SUCCESSFUL ] org.apache.hadoop#hadoop-client-runtime;3.3.4!hadoop-client-runtime.jar (5375ms)
[2024-06-19T07:07:53.769+0000] {docker.py:413} INFO - downloading https://repo1.maven.org/maven2/org/lz4/lz4-java/1.8.0/lz4-java-1.8.0.jar ...
[2024-06-19T07:07:54.071+0000] {docker.py:413} INFO - [SUCCESSFUL ] org.lz4#lz4-java;1.8.0!lz4-java.jar (500ms)
[2024-06-19T07:07:54.271+0000] {docker.py:413} INFO - downloading https://repo1.maven.org/maven2/org/xerial/snappy/snappy-java/1.1.10.3/snappy-java-1.1.10.3.jar ...
[2024-06-19T07:07:54.789+0000] {docker.py:413} INFO - [SUCCESSFUL ] org.xerial.snappy#snappy-java;1.1.10.3!snappy-java.jar(bundle) (716ms)
[2024-06-19T07:07:54.995+0000] {docker.py:413} INFO - downloading https://repo1.maven.org/maven2/org/slf4j/slf4j-api/2.0.7/slf4j-api-2.0.7.jar ...
[2024-06-19T07:07:55.203+0000] {docker.py:413} INFO - [SUCCESSFUL ] org.slf4j#slf4j-api;2.0.7!slf4j-api.jar (410ms)
[2024-06-19T07:07:55.401+0000] {docker.py:413} INFO - downloading https://repo1.maven.org/maven2/org/apache/hadoop/hadoop-client-api/3.3.4/hadoop-client-api-3.3.4.jar ...
[2024-06-19T07:07:58.296+0000] {docker.py:413} INFO - [SUCCESSFUL ] org.apache.hadoop#hadoop-client-api;3.3.4!hadoop-client-api.jar (3092ms)
[2024-06-19T07:07:58.497+0000] {docker.py:413} INFO - downloading https://repo1.maven.org/maven2/commons-logging/commons-logging/1.1.3/commons-logging-1.1.3.jar ...
[2024-06-19T07:07:58.705+0000] {docker.py:413} INFO - [SUCCESSFUL ] commons-logging#commons-logging;1.1.3!commons-logging.jar (406ms)
[2024-06-19T07:07:58.708+0000] {docker.py:413} INFO - :: resolution report :: resolve 23817ms :: artifacts dl 15617ms
[2024-06-19T07:07:58.709+0000] {docker.py:413} INFO - :: modules in use:
[2024-06-19T07:07:58.710+0000] {docker.py:413} INFO - com.google.code.findbugs#jsr305;3.0.0 from central in [default]
	commons-logging#commons-logging;1.1.3 from central in [default]
	org.apache.commons#commons-pool2;2.11.1 from central in [default]
	org.apache.hadoop#hadoop-client-api;3.3.4 from central in [default]
	org.apache.hadoop#hadoop-client-runtime;3.3.4 from central in [default]
	org.apache.kafka#kafka-clients;3.4.1 from central in [default]
	org.apache.spark#spark-sql-kafka-0-10_2.12;3.5.0 from central in [default]
	org.apache.spark#spark-token-provider-kafka-0-10_2.12;3.5.0 from central in [default]
	org.checkerframework#checker-qual;3.5.0 from central in [default]
	org.lz4#lz4-java;1.8.0 from central in [default]
	org.postgresql#postgresql;42.5.4 from central in [default]
[2024-06-19T07:07:58.712+0000] {docker.py:413} INFO - org.slf4j#slf4j-api;2.0.7 from central in [default]
	org.xerial.snappy#snappy-java;1.1.10.3 from central in [default]
[2024-06-19T07:07:58.715+0000] {docker.py:413} INFO - ---------------------------------------------------------------------
[2024-06-19T07:07:58.716+0000] {docker.py:413} INFO - |                  |            modules            ||   artifacts   |
[2024-06-19T07:07:58.717+0000] {docker.py:413} INFO - |       conf       | number| search|dwnlded|evicted|| number|dwnlded|
	---------------------------------------------------------------------
[2024-06-19T07:07:58.719+0000] {docker.py:413} INFO - |      default     |   13  |   13  |   13  |   0   ||   13  |   13  |
	---------------------------------------------------------------------
[2024-06-19T07:07:58.723+0000] {docker.py:413} INFO - :: retrieving :: org.apache.spark#spark-submit-parent-9d67ca89-0112-4dcf-855b-3932b30830c7
[2024-06-19T07:07:58.724+0000] {docker.py:413} INFO - confs: [default]
[2024-06-19T07:07:58.852+0000] {docker.py:413} INFO - 13 artifacts copied, 0 already retrieved (58001kB/132ms)
[2024-06-19T07:07:59.049+0000] {docker.py:413} INFO - 24/06/19 07:07:59 WARN NativeCodeLoader: Unable to load native-hadoop library for your platform... using builtin-java classes where applicable
[2024-06-19T07:07:59.718+0000] {docker.py:413} INFO - 24/06/19 07:07:59 INFO SparkContext: Running Spark version 3.5.0
[2024-06-19T07:07:59.720+0000] {docker.py:413} INFO - 24/06/19 07:07:59 INFO SparkContext: OS info Linux, 6.6.12-linuxkit, aarch64
[2024-06-19T07:07:59.722+0000] {docker.py:413} INFO - 24/06/19 07:07:59 INFO SparkContext: Java version 17.0.10
[2024-06-19T07:07:59.733+0000] {docker.py:413} INFO - 24/06/19 07:07:59 INFO ResourceUtils: ==============================================================
[2024-06-19T07:07:59.733+0000] {docker.py:413} INFO - 24/06/19 07:07:59 INFO ResourceUtils: No custom resources configured for spark.driver.
[2024-06-19T07:07:59.735+0000] {docker.py:413} INFO - 24/06/19 07:07:59 INFO ResourceUtils: ==============================================================
[2024-06-19T07:07:59.739+0000] {docker.py:413} INFO - 24/06/19 07:07:59 INFO SparkContext: Submitted application: PostgreSQL Connection with PySpark
[2024-06-19T07:07:59.745+0000] {docker.py:413} INFO - 24/06/19 07:07:59 INFO ResourceProfile: Default ResourceProfile created, executor resources: Map(cores -> name: cores, amount: 1, script: , vendor: , memory -> name: memory, amount: 1024, script: , vendor: , offHeap -> name: offHeap, amount: 0, script: , vendor: ), task resources: Map(cpus -> name: cpus, amount: 1.0)
[2024-06-19T07:07:59.750+0000] {docker.py:413} INFO - 24/06/19 07:07:59 INFO ResourceProfile: Limiting resource is cpu
[2024-06-19T07:07:59.750+0000] {docker.py:413} INFO - 24/06/19 07:07:59 INFO ResourceProfileManager: Added ResourceProfile id: 0
[2024-06-19T07:07:59.777+0000] {docker.py:413} INFO - 24/06/19 07:07:59 INFO SecurityManager: Changing view acls to: spark
[2024-06-19T07:07:59.778+0000] {docker.py:413} INFO - 24/06/19 07:07:59 INFO SecurityManager: Changing modify acls to: spark
[2024-06-19T07:07:59.778+0000] {docker.py:413} INFO - 24/06/19 07:07:59 INFO SecurityManager: Changing view acls groups to:
[2024-06-19T07:07:59.779+0000] {docker.py:413} INFO - 24/06/19 07:07:59 INFO SecurityManager: Changing modify acls groups to:
[2024-06-19T07:07:59.779+0000] {docker.py:413} INFO - 24/06/19 07:07:59 INFO SecurityManager: SecurityManager: authentication disabled; ui acls disabled; users with view permissions: spark; groups with view permissions: EMPTY; users with modify permissions: spark; groups with modify permissions: EMPTY
[2024-06-19T07:07:59.880+0000] {docker.py:413} INFO - 24/06/19 07:07:59 INFO Utils: Successfully started service 'sparkDriver' on port 45083.
[2024-06-19T07:07:59.894+0000] {docker.py:413} INFO - 24/06/19 07:07:59 INFO SparkEnv: Registering MapOutputTracker
[2024-06-19T07:07:59.916+0000] {docker.py:413} INFO - 24/06/19 07:07:59 INFO SparkEnv: Registering BlockManagerMaster
[2024-06-19T07:07:59.926+0000] {docker.py:413} INFO - 24/06/19 07:07:59 INFO BlockManagerMasterEndpoint: Using org.apache.spark.storage.DefaultTopologyMapper for getting topology information
[2024-06-19T07:07:59.927+0000] {docker.py:413} INFO - 24/06/19 07:07:59 INFO BlockManagerMasterEndpoint: BlockManagerMasterEndpoint up
[2024-06-19T07:07:59.929+0000] {docker.py:413} INFO - 24/06/19 07:07:59 INFO SparkEnv: Registering BlockManagerMasterHeartbeat
[2024-06-19T07:07:59.940+0000] {docker.py:413} INFO - 24/06/19 07:07:59 INFO DiskBlockManager: Created local directory at /tmp/blockmgr-2daee447-bdfa-4d27-ba69-0e0c416c8961
[2024-06-19T07:07:59.947+0000] {docker.py:413} INFO - 24/06/19 07:07:59 INFO MemoryStore: MemoryStore started with capacity 434.4 MiB
[2024-06-19T07:07:59.954+0000] {docker.py:413} INFO - 24/06/19 07:07:59 INFO SparkEnv: Registering OutputCommitCoordinator
[2024-06-19T07:08:00.016+0000] {docker.py:413} INFO - 24/06/19 07:08:00 INFO JettyUtils: Start Jetty 0.0.0.0:4040 for SparkUI
[2024-06-19T07:08:00.050+0000] {docker.py:413} INFO - 24/06/19 07:08:00 INFO Utils: Successfully started service 'SparkUI' on port 4040.
[2024-06-19T07:08:00.069+0000] {docker.py:413} INFO - 24/06/19 07:08:00 INFO SparkContext: Added JAR file:///opt/bitnami/spark/.ivy2/jars/org.postgresql_postgresql-42.5.4.jar at spark://localhost:45083/jars/org.postgresql_postgresql-42.5.4.jar with timestamp 1718780879712
[2024-06-19T07:08:00.070+0000] {docker.py:413} INFO - 24/06/19 07:08:00 INFO SparkContext: Added JAR file:///opt/bitnami/spark/.ivy2/jars/org.apache.spark_spark-sql-kafka-0-10_2.12-3.5.0.jar at spark://localhost:45083/jars/org.apache.spark_spark-sql-kafka-0-10_2.12-3.5.0.jar with timestamp 1718780879712
24/06/19 07:08:00 INFO SparkContext: Added JAR file:///opt/bitnami/spark/.ivy2/jars/org.checkerframework_checker-qual-3.5.0.jar at spark://localhost:45083/jars/org.checkerframework_checker-qual-3.5.0.jar with timestamp 1718780879712
24/06/19 07:08:00 INFO SparkContext: Added JAR file:///opt/bitnami/spark/.ivy2/jars/org.apache.spark_spark-token-provider-kafka-0-10_2.12-3.5.0.jar at spark://localhost:45083/jars/org.apache.spark_spark-token-provider-kafka-0-10_2.12-3.5.0.jar with timestamp 1718780879712
[2024-06-19T07:08:00.071+0000] {docker.py:413} INFO - 24/06/19 07:08:00 INFO SparkContext: Added JAR file:///opt/bitnami/spark/.ivy2/jars/org.apache.kafka_kafka-clients-3.4.1.jar at spark://localhost:45083/jars/org.apache.kafka_kafka-clients-3.4.1.jar with timestamp 1718780879712
[2024-06-19T07:08:00.071+0000] {docker.py:413} INFO - 24/06/19 07:08:00 INFO SparkContext: Added JAR file:///opt/bitnami/spark/.ivy2/jars/com.google.code.findbugs_jsr305-3.0.0.jar at spark://localhost:45083/jars/com.google.code.findbugs_jsr305-3.0.0.jar with timestamp 1718780879712
[2024-06-19T07:08:00.072+0000] {docker.py:413} INFO - 24/06/19 07:08:00 INFO SparkContext: Added JAR file:///opt/bitnami/spark/.ivy2/jars/org.apache.commons_commons-pool2-2.11.1.jar at spark://localhost:45083/jars/org.apache.commons_commons-pool2-2.11.1.jar with timestamp 1718780879712
24/06/19 07:08:00 INFO SparkContext: Added JAR file:///opt/bitnami/spark/.ivy2/jars/org.apache.hadoop_hadoop-client-runtime-3.3.4.jar at spark://localhost:45083/jars/org.apache.hadoop_hadoop-client-runtime-3.3.4.jar with timestamp 1718780879712
24/06/19 07:08:00 INFO SparkContext: Added JAR file:///opt/bitnami/spark/.ivy2/jars/org.lz4_lz4-java-1.8.0.jar at spark://localhost:45083/jars/org.lz4_lz4-java-1.8.0.jar with timestamp 1718780879712
[2024-06-19T07:08:00.073+0000] {docker.py:413} INFO - 24/06/19 07:08:00 INFO SparkContext: Added JAR file:///opt/bitnami/spark/.ivy2/jars/org.xerial.snappy_snappy-java-1.1.10.3.jar at spark://localhost:45083/jars/org.xerial.snappy_snappy-java-1.1.10.3.jar with timestamp 1718780879712
[2024-06-19T07:08:00.073+0000] {docker.py:413} INFO - 24/06/19 07:08:00 INFO SparkContext: Added JAR file:///opt/bitnami/spark/.ivy2/jars/org.slf4j_slf4j-api-2.0.7.jar at spark://localhost:45083/jars/org.slf4j_slf4j-api-2.0.7.jar with timestamp 1718780879712
24/06/19 07:08:00 INFO SparkContext: Added JAR file:///opt/bitnami/spark/.ivy2/jars/org.apache.hadoop_hadoop-client-api-3.3.4.jar at spark://localhost:45083/jars/org.apache.hadoop_hadoop-client-api-3.3.4.jar with timestamp 1718780879712
[2024-06-19T07:08:00.073+0000] {docker.py:413} INFO - 24/06/19 07:08:00 INFO SparkContext: Added JAR file:///opt/bitnami/spark/.ivy2/jars/commons-logging_commons-logging-1.1.3.jar at spark://localhost:45083/jars/commons-logging_commons-logging-1.1.3.jar with timestamp 1718780879712
[2024-06-19T07:08:00.074+0000] {docker.py:413} INFO - 24/06/19 07:08:00 INFO SparkContext: Added file file:///opt/bitnami/spark/.ivy2/jars/org.postgresql_postgresql-42.5.4.jar at file:///opt/bitnami/spark/.ivy2/jars/org.postgresql_postgresql-42.5.4.jar with timestamp 1718780879712
[2024-06-19T07:08:00.074+0000] {docker.py:413} INFO - 24/06/19 07:08:00 INFO Utils: Copying /opt/bitnami/spark/.ivy2/jars/org.postgresql_postgresql-42.5.4.jar to /tmp/spark-711be0b4-ee2c-498a-8f51-4a6af8b6b477/userFiles-8cb6e148-94b6-4c27-8448-935278b78494/org.postgresql_postgresql-42.5.4.jar
[2024-06-19T07:08:00.080+0000] {docker.py:413} INFO - 24/06/19 07:08:00 INFO SparkContext: Added file file:///opt/bitnami/spark/.ivy2/jars/org.apache.spark_spark-sql-kafka-0-10_2.12-3.5.0.jar at file:///opt/bitnami/spark/.ivy2/jars/org.apache.spark_spark-sql-kafka-0-10_2.12-3.5.0.jar with timestamp 1718780879712
[2024-06-19T07:08:00.080+0000] {docker.py:413} INFO - 24/06/19 07:08:00 INFO Utils: Copying /opt/bitnami/spark/.ivy2/jars/org.apache.spark_spark-sql-kafka-0-10_2.12-3.5.0.jar to /tmp/spark-711be0b4-ee2c-498a-8f51-4a6af8b6b477/userFiles-8cb6e148-94b6-4c27-8448-935278b78494/org.apache.spark_spark-sql-kafka-0-10_2.12-3.5.0.jar
[2024-06-19T07:08:00.081+0000] {docker.py:413} INFO - 24/06/19 07:08:00 INFO SparkContext: Added file file:///opt/bitnami/spark/.ivy2/jars/org.checkerframework_checker-qual-3.5.0.jar at file:///opt/bitnami/spark/.ivy2/jars/org.checkerframework_checker-qual-3.5.0.jar with timestamp 1718780879712
[2024-06-19T07:08:00.082+0000] {docker.py:413} INFO - 24/06/19 07:08:00 INFO Utils: Copying /opt/bitnami/spark/.ivy2/jars/org.checkerframework_checker-qual-3.5.0.jar to /tmp/spark-711be0b4-ee2c-498a-8f51-4a6af8b6b477/userFiles-8cb6e148-94b6-4c27-8448-935278b78494/org.checkerframework_checker-qual-3.5.0.jar
[2024-06-19T07:08:00.084+0000] {docker.py:413} INFO - 24/06/19 07:08:00 INFO SparkContext: Added file file:///opt/bitnami/spark/.ivy2/jars/org.apache.spark_spark-token-provider-kafka-0-10_2.12-3.5.0.jar at file:///opt/bitnami/spark/.ivy2/jars/org.apache.spark_spark-token-provider-kafka-0-10_2.12-3.5.0.jar with timestamp 1718780879712
[2024-06-19T07:08:00.086+0000] {docker.py:413} INFO - 24/06/19 07:08:00 INFO Utils: Copying /opt/bitnami/spark/.ivy2/jars/org.apache.spark_spark-token-provider-kafka-0-10_2.12-3.5.0.jar to /tmp/spark-711be0b4-ee2c-498a-8f51-4a6af8b6b477/userFiles-8cb6e148-94b6-4c27-8448-935278b78494/org.apache.spark_spark-token-provider-kafka-0-10_2.12-3.5.0.jar
[2024-06-19T07:08:00.087+0000] {docker.py:413} INFO - 24/06/19 07:08:00 INFO SparkContext: Added file file:///opt/bitnami/spark/.ivy2/jars/org.apache.kafka_kafka-clients-3.4.1.jar at file:///opt/bitnami/spark/.ivy2/jars/org.apache.kafka_kafka-clients-3.4.1.jar with timestamp 1718780879712
[2024-06-19T07:08:00.087+0000] {docker.py:413} INFO - 24/06/19 07:08:00 INFO Utils: Copying /opt/bitnami/spark/.ivy2/jars/org.apache.kafka_kafka-clients-3.4.1.jar to /tmp/spark-711be0b4-ee2c-498a-8f51-4a6af8b6b477/userFiles-8cb6e148-94b6-4c27-8448-935278b78494/org.apache.kafka_kafka-clients-3.4.1.jar
[2024-06-19T07:08:00.093+0000] {docker.py:413} INFO - 24/06/19 07:08:00 INFO SparkContext: Added file file:///opt/bitnami/spark/.ivy2/jars/com.google.code.findbugs_jsr305-3.0.0.jar at file:///opt/bitnami/spark/.ivy2/jars/com.google.code.findbugs_jsr305-3.0.0.jar with timestamp 1718780879712
[2024-06-19T07:08:00.093+0000] {docker.py:413} INFO - 24/06/19 07:08:00 INFO Utils: Copying /opt/bitnami/spark/.ivy2/jars/com.google.code.findbugs_jsr305-3.0.0.jar to /tmp/spark-711be0b4-ee2c-498a-8f51-4a6af8b6b477/userFiles-8cb6e148-94b6-4c27-8448-935278b78494/com.google.code.findbugs_jsr305-3.0.0.jar
[2024-06-19T07:08:00.095+0000] {docker.py:413} INFO - 24/06/19 07:08:00 INFO SparkContext: Added file file:///opt/bitnami/spark/.ivy2/jars/org.apache.commons_commons-pool2-2.11.1.jar at file:///opt/bitnami/spark/.ivy2/jars/org.apache.commons_commons-pool2-2.11.1.jar with timestamp 1718780879712
[2024-06-19T07:08:00.095+0000] {docker.py:413} INFO - 24/06/19 07:08:00 INFO Utils: Copying /opt/bitnami/spark/.ivy2/jars/org.apache.commons_commons-pool2-2.11.1.jar to /tmp/spark-711be0b4-ee2c-498a-8f51-4a6af8b6b477/userFiles-8cb6e148-94b6-4c27-8448-935278b78494/org.apache.commons_commons-pool2-2.11.1.jar
[2024-06-19T07:08:00.098+0000] {docker.py:413} INFO - 24/06/19 07:08:00 INFO SparkContext: Added file file:///opt/bitnami/spark/.ivy2/jars/org.apache.hadoop_hadoop-client-runtime-3.3.4.jar at file:///opt/bitnami/spark/.ivy2/jars/org.apache.hadoop_hadoop-client-runtime-3.3.4.jar with timestamp 1718780879712
[2024-06-19T07:08:00.098+0000] {docker.py:413} INFO - 24/06/19 07:08:00 INFO Utils: Copying /opt/bitnami/spark/.ivy2/jars/org.apache.hadoop_hadoop-client-runtime-3.3.4.jar to /tmp/spark-711be0b4-ee2c-498a-8f51-4a6af8b6b477/userFiles-8cb6e148-94b6-4c27-8448-935278b78494/org.apache.hadoop_hadoop-client-runtime-3.3.4.jar
[2024-06-19T07:08:00.112+0000] {docker.py:413} INFO - 24/06/19 07:08:00 INFO SparkContext: Added file file:///opt/bitnami/spark/.ivy2/jars/org.lz4_lz4-java-1.8.0.jar at file:///opt/bitnami/spark/.ivy2/jars/org.lz4_lz4-java-1.8.0.jar with timestamp 1718780879712
[2024-06-19T07:08:00.115+0000] {docker.py:413} INFO - 24/06/19 07:08:00 INFO Utils: Copying /opt/bitnami/spark/.ivy2/jars/org.lz4_lz4-java-1.8.0.jar to /tmp/spark-711be0b4-ee2c-498a-8f51-4a6af8b6b477/userFiles-8cb6e148-94b6-4c27-8448-935278b78494/org.lz4_lz4-java-1.8.0.jar
[2024-06-19T07:08:00.116+0000] {docker.py:413} INFO - 24/06/19 07:08:00 INFO SparkContext: Added file file:///opt/bitnami/spark/.ivy2/jars/org.xerial.snappy_snappy-java-1.1.10.3.jar at file:///opt/bitnami/spark/.ivy2/jars/org.xerial.snappy_snappy-java-1.1.10.3.jar with timestamp 1718780879712
[2024-06-19T07:08:00.116+0000] {docker.py:413} INFO - 24/06/19 07:08:00 INFO Utils: Copying /opt/bitnami/spark/.ivy2/jars/org.xerial.snappy_snappy-java-1.1.10.3.jar to /tmp/spark-711be0b4-ee2c-498a-8f51-4a6af8b6b477/userFiles-8cb6e148-94b6-4c27-8448-935278b78494/org.xerial.snappy_snappy-java-1.1.10.3.jar
[2024-06-19T07:08:00.121+0000] {docker.py:413} INFO - 24/06/19 07:08:00 INFO SparkContext: Added file file:///opt/bitnami/spark/.ivy2/jars/org.slf4j_slf4j-api-2.0.7.jar at file:///opt/bitnami/spark/.ivy2/jars/org.slf4j_slf4j-api-2.0.7.jar with timestamp 1718780879712
[2024-06-19T07:08:00.121+0000] {docker.py:413} INFO - 24/06/19 07:08:00 INFO Utils: Copying /opt/bitnami/spark/.ivy2/jars/org.slf4j_slf4j-api-2.0.7.jar to /tmp/spark-711be0b4-ee2c-498a-8f51-4a6af8b6b477/userFiles-8cb6e148-94b6-4c27-8448-935278b78494/org.slf4j_slf4j-api-2.0.7.jar
[2024-06-19T07:08:00.126+0000] {docker.py:413} INFO - 24/06/19 07:08:00 INFO SparkContext: Added file file:///opt/bitnami/spark/.ivy2/jars/org.apache.hadoop_hadoop-client-api-3.3.4.jar at file:///opt/bitnami/spark/.ivy2/jars/org.apache.hadoop_hadoop-client-api-3.3.4.jar with timestamp 1718780879712
[2024-06-19T07:08:00.126+0000] {docker.py:413} INFO - 24/06/19 07:08:00 INFO Utils: Copying /opt/bitnami/spark/.ivy2/jars/org.apache.hadoop_hadoop-client-api-3.3.4.jar to /tmp/spark-711be0b4-ee2c-498a-8f51-4a6af8b6b477/userFiles-8cb6e148-94b6-4c27-8448-935278b78494/org.apache.hadoop_hadoop-client-api-3.3.4.jar
[2024-06-19T07:08:00.132+0000] {docker.py:413} INFO - 24/06/19 07:08:00 INFO SparkContext: Added file file:///opt/bitnami/spark/.ivy2/jars/commons-logging_commons-logging-1.1.3.jar at file:///opt/bitnami/spark/.ivy2/jars/commons-logging_commons-logging-1.1.3.jar with timestamp 1718780879712
24/06/19 07:08:00 INFO Utils: Copying /opt/bitnami/spark/.ivy2/jars/commons-logging_commons-logging-1.1.3.jar to /tmp/spark-711be0b4-ee2c-498a-8f51-4a6af8b6b477/userFiles-8cb6e148-94b6-4c27-8448-935278b78494/commons-logging_commons-logging-1.1.3.jar
[2024-06-19T07:08:00.168+0000] {docker.py:413} INFO - 24/06/19 07:08:00 INFO Executor: Starting executor ID driver on host localhost
[2024-06-19T07:08:00.169+0000] {docker.py:413} INFO - 24/06/19 07:08:00 INFO Executor: OS info Linux, 6.6.12-linuxkit, aarch64
24/06/19 07:08:00 INFO Executor: Java version 17.0.10
[2024-06-19T07:08:00.172+0000] {docker.py:413} INFO - 24/06/19 07:08:00 INFO Executor: Starting executor with user classpath (userClassPathFirst = false): ''
[2024-06-19T07:08:00.172+0000] {docker.py:413} INFO - 24/06/19 07:08:00 INFO Executor: Created or updated repl class loader org.apache.spark.util.MutableURLClassLoader@368e5e97 for default.
[2024-06-19T07:08:00.178+0000] {docker.py:413} INFO - 24/06/19 07:08:00 INFO Executor: Fetching file:///opt/bitnami/spark/.ivy2/jars/org.apache.spark_spark-token-provider-kafka-0-10_2.12-3.5.0.jar with timestamp 1718780879712
[2024-06-19T07:08:00.187+0000] {docker.py:413} INFO - 24/06/19 07:08:00 INFO Utils: /opt/bitnami/spark/.ivy2/jars/org.apache.spark_spark-token-provider-kafka-0-10_2.12-3.5.0.jar has been previously copied to /tmp/spark-711be0b4-ee2c-498a-8f51-4a6af8b6b477/userFiles-8cb6e148-94b6-4c27-8448-935278b78494/org.apache.spark_spark-token-provider-kafka-0-10_2.12-3.5.0.jar
[2024-06-19T07:08:00.189+0000] {docker.py:413} INFO - 24/06/19 07:08:00 INFO Executor: Fetching file:///opt/bitnami/spark/.ivy2/jars/org.apache.hadoop_hadoop-client-runtime-3.3.4.jar with timestamp 1718780879712
[2024-06-19T07:08:00.204+0000] {docker.py:413} INFO - 24/06/19 07:08:00 INFO Utils: /opt/bitnami/spark/.ivy2/jars/org.apache.hadoop_hadoop-client-runtime-3.3.4.jar has been previously copied to /tmp/spark-711be0b4-ee2c-498a-8f51-4a6af8b6b477/userFiles-8cb6e148-94b6-4c27-8448-935278b78494/org.apache.hadoop_hadoop-client-runtime-3.3.4.jar
[2024-06-19T07:08:00.206+0000] {docker.py:413} INFO - 24/06/19 07:08:00 INFO Executor: Fetching file:///opt/bitnami/spark/.ivy2/jars/org.apache.commons_commons-pool2-2.11.1.jar with timestamp 1718780879712
[2024-06-19T07:08:00.207+0000] {docker.py:413} INFO - 24/06/19 07:08:00 INFO Utils: /opt/bitnami/spark/.ivy2/jars/org.apache.commons_commons-pool2-2.11.1.jar has been previously copied to /tmp/spark-711be0b4-ee2c-498a-8f51-4a6af8b6b477/userFiles-8cb6e148-94b6-4c27-8448-935278b78494/org.apache.commons_commons-pool2-2.11.1.jar
[2024-06-19T07:08:00.208+0000] {docker.py:413} INFO - 24/06/19 07:08:00 INFO Executor: Fetching file:///opt/bitnami/spark/.ivy2/jars/org.postgresql_postgresql-42.5.4.jar with timestamp 1718780879712
[2024-06-19T07:08:00.208+0000] {docker.py:413} INFO - 24/06/19 07:08:00 INFO Utils: /opt/bitnami/spark/.ivy2/jars/org.postgresql_postgresql-42.5.4.jar has been previously copied to /tmp/spark-711be0b4-ee2c-498a-8f51-4a6af8b6b477/userFiles-8cb6e148-94b6-4c27-8448-935278b78494/org.postgresql_postgresql-42.5.4.jar
[2024-06-19T07:08:00.210+0000] {docker.py:413} INFO - 24/06/19 07:08:00 INFO Executor: Fetching file:///opt/bitnami/spark/.ivy2/jars/org.slf4j_slf4j-api-2.0.7.jar with timestamp 1718780879712
[2024-06-19T07:08:00.211+0000] {docker.py:413} INFO - 24/06/19 07:08:00 INFO Utils: /opt/bitnami/spark/.ivy2/jars/org.slf4j_slf4j-api-2.0.7.jar has been previously copied to /tmp/spark-711be0b4-ee2c-498a-8f51-4a6af8b6b477/userFiles-8cb6e148-94b6-4c27-8448-935278b78494/org.slf4j_slf4j-api-2.0.7.jar
[2024-06-19T07:08:00.212+0000] {docker.py:413} INFO - 24/06/19 07:08:00 INFO Executor: Fetching file:///opt/bitnami/spark/.ivy2/jars/org.apache.kafka_kafka-clients-3.4.1.jar with timestamp 1718780879712
[2024-06-19T07:08:00.213+0000] {docker.py:413} INFO - 24/06/19 07:08:00 INFO Utils: /opt/bitnami/spark/.ivy2/jars/org.apache.kafka_kafka-clients-3.4.1.jar has been previously copied to /tmp/spark-711be0b4-ee2c-498a-8f51-4a6af8b6b477/userFiles-8cb6e148-94b6-4c27-8448-935278b78494/org.apache.kafka_kafka-clients-3.4.1.jar
[2024-06-19T07:08:00.215+0000] {docker.py:413} INFO - 24/06/19 07:08:00 INFO Executor: Fetching file:///opt/bitnami/spark/.ivy2/jars/com.google.code.findbugs_jsr305-3.0.0.jar with timestamp 1718780879712
[2024-06-19T07:08:00.216+0000] {docker.py:413} INFO - 24/06/19 07:08:00 INFO Utils: /opt/bitnami/spark/.ivy2/jars/com.google.code.findbugs_jsr305-3.0.0.jar has been previously copied to /tmp/spark-711be0b4-ee2c-498a-8f51-4a6af8b6b477/userFiles-8cb6e148-94b6-4c27-8448-935278b78494/com.google.code.findbugs_jsr305-3.0.0.jar
[2024-06-19T07:08:00.217+0000] {docker.py:413} INFO - 24/06/19 07:08:00 INFO Executor: Fetching file:///opt/bitnami/spark/.ivy2/jars/org.lz4_lz4-java-1.8.0.jar with timestamp 1718780879712
[2024-06-19T07:08:00.217+0000] {docker.py:413} INFO - 24/06/19 07:08:00 INFO Utils: /opt/bitnami/spark/.ivy2/jars/org.lz4_lz4-java-1.8.0.jar has been previously copied to /tmp/spark-711be0b4-ee2c-498a-8f51-4a6af8b6b477/userFiles-8cb6e148-94b6-4c27-8448-935278b78494/org.lz4_lz4-java-1.8.0.jar
[2024-06-19T07:08:00.219+0000] {docker.py:413} INFO - 24/06/19 07:08:00 INFO Executor: Fetching file:///opt/bitnami/spark/.ivy2/jars/org.apache.spark_spark-sql-kafka-0-10_2.12-3.5.0.jar with timestamp 1718780879712
[2024-06-19T07:08:00.219+0000] {docker.py:413} INFO - 24/06/19 07:08:00 INFO Utils: /opt/bitnami/spark/.ivy2/jars/org.apache.spark_spark-sql-kafka-0-10_2.12-3.5.0.jar has been previously copied to /tmp/spark-711be0b4-ee2c-498a-8f51-4a6af8b6b477/userFiles-8cb6e148-94b6-4c27-8448-935278b78494/org.apache.spark_spark-sql-kafka-0-10_2.12-3.5.0.jar
[2024-06-19T07:08:00.220+0000] {docker.py:413} INFO - 24/06/19 07:08:00 INFO Executor: Fetching file:///opt/bitnami/spark/.ivy2/jars/org.apache.hadoop_hadoop-client-api-3.3.4.jar with timestamp 1718780879712
[2024-06-19T07:08:00.227+0000] {docker.py:413} INFO - 24/06/19 07:08:00 INFO Utils: /opt/bitnami/spark/.ivy2/jars/org.apache.hadoop_hadoop-client-api-3.3.4.jar has been previously copied to /tmp/spark-711be0b4-ee2c-498a-8f51-4a6af8b6b477/userFiles-8cb6e148-94b6-4c27-8448-935278b78494/org.apache.hadoop_hadoop-client-api-3.3.4.jar
[2024-06-19T07:08:00.228+0000] {docker.py:413} INFO - 24/06/19 07:08:00 INFO Executor: Fetching file:///opt/bitnami/spark/.ivy2/jars/commons-logging_commons-logging-1.1.3.jar with timestamp 1718780879712
[2024-06-19T07:08:00.229+0000] {docker.py:413} INFO - 24/06/19 07:08:00 INFO Utils: /opt/bitnami/spark/.ivy2/jars/commons-logging_commons-logging-1.1.3.jar has been previously copied to /tmp/spark-711be0b4-ee2c-498a-8f51-4a6af8b6b477/userFiles-8cb6e148-94b6-4c27-8448-935278b78494/commons-logging_commons-logging-1.1.3.jar
[2024-06-19T07:08:00.230+0000] {docker.py:413} INFO - 24/06/19 07:08:00 INFO Executor: Fetching file:///opt/bitnami/spark/.ivy2/jars/org.checkerframework_checker-qual-3.5.0.jar with timestamp 1718780879712
[2024-06-19T07:08:00.231+0000] {docker.py:413} INFO - 24/06/19 07:08:00 INFO Utils: /opt/bitnami/spark/.ivy2/jars/org.checkerframework_checker-qual-3.5.0.jar has been previously copied to /tmp/spark-711be0b4-ee2c-498a-8f51-4a6af8b6b477/userFiles-8cb6e148-94b6-4c27-8448-935278b78494/org.checkerframework_checker-qual-3.5.0.jar
[2024-06-19T07:08:00.232+0000] {docker.py:413} INFO - 24/06/19 07:08:00 INFO Executor: Fetching file:///opt/bitnami/spark/.ivy2/jars/org.xerial.snappy_snappy-java-1.1.10.3.jar with timestamp 1718780879712
[2024-06-19T07:08:00.233+0000] {docker.py:413} INFO - 24/06/19 07:08:00 INFO Utils: /opt/bitnami/spark/.ivy2/jars/org.xerial.snappy_snappy-java-1.1.10.3.jar has been previously copied to /tmp/spark-711be0b4-ee2c-498a-8f51-4a6af8b6b477/userFiles-8cb6e148-94b6-4c27-8448-935278b78494/org.xerial.snappy_snappy-java-1.1.10.3.jar
[2024-06-19T07:08:00.235+0000] {docker.py:413} INFO - 24/06/19 07:08:00 INFO Executor: Fetching spark://localhost:45083/jars/org.xerial.snappy_snappy-java-1.1.10.3.jar with timestamp 1718780879712
[2024-06-19T07:08:00.259+0000] {docker.py:413} INFO - 24/06/19 07:08:00 INFO TransportClientFactory: Successfully created connection to localhost/127.0.0.1:45083 after 17 ms (0 ms spent in bootstraps)
[2024-06-19T07:08:00.266+0000] {docker.py:413} INFO - 24/06/19 07:08:00 INFO Utils: Fetching spark://localhost:45083/jars/org.xerial.snappy_snappy-java-1.1.10.3.jar to /tmp/spark-711be0b4-ee2c-498a-8f51-4a6af8b6b477/userFiles-8cb6e148-94b6-4c27-8448-935278b78494/fetchFileTemp17623920204113387207.tmp
[2024-06-19T07:08:00.280+0000] {docker.py:413} INFO - 24/06/19 07:08:00 INFO Utils: /tmp/spark-711be0b4-ee2c-498a-8f51-4a6af8b6b477/userFiles-8cb6e148-94b6-4c27-8448-935278b78494/fetchFileTemp17623920204113387207.tmp has been previously copied to /tmp/spark-711be0b4-ee2c-498a-8f51-4a6af8b6b477/userFiles-8cb6e148-94b6-4c27-8448-935278b78494/org.xerial.snappy_snappy-java-1.1.10.3.jar
[2024-06-19T07:08:00.284+0000] {docker.py:413} INFO - 24/06/19 07:08:00 INFO Executor: Adding file:/tmp/spark-711be0b4-ee2c-498a-8f51-4a6af8b6b477/userFiles-8cb6e148-94b6-4c27-8448-935278b78494/org.xerial.snappy_snappy-java-1.1.10.3.jar to class loader default
[2024-06-19T07:08:00.285+0000] {docker.py:413} INFO - 24/06/19 07:08:00 INFO Executor: Fetching spark://localhost:45083/jars/org.apache.kafka_kafka-clients-3.4.1.jar with timestamp 1718780879712
[2024-06-19T07:08:00.285+0000] {docker.py:413} INFO - 24/06/19 07:08:00 INFO Utils: Fetching spark://localhost:45083/jars/org.apache.kafka_kafka-clients-3.4.1.jar to /tmp/spark-711be0b4-ee2c-498a-8f51-4a6af8b6b477/userFiles-8cb6e148-94b6-4c27-8448-935278b78494/fetchFileTemp6755113531144353805.tmp
[2024-06-19T07:08:00.293+0000] {docker.py:413} INFO - 24/06/19 07:08:00 INFO Utils: /tmp/spark-711be0b4-ee2c-498a-8f51-4a6af8b6b477/userFiles-8cb6e148-94b6-4c27-8448-935278b78494/fetchFileTemp6755113531144353805.tmp has been previously copied to /tmp/spark-711be0b4-ee2c-498a-8f51-4a6af8b6b477/userFiles-8cb6e148-94b6-4c27-8448-935278b78494/org.apache.kafka_kafka-clients-3.4.1.jar
[2024-06-19T07:08:00.297+0000] {docker.py:413} INFO - 24/06/19 07:08:00 INFO Executor: Adding file:/tmp/spark-711be0b4-ee2c-498a-8f51-4a6af8b6b477/userFiles-8cb6e148-94b6-4c27-8448-935278b78494/org.apache.kafka_kafka-clients-3.4.1.jar to class loader default
[2024-06-19T07:08:00.298+0000] {docker.py:413} INFO - 24/06/19 07:08:00 INFO Executor: Fetching spark://localhost:45083/jars/org.checkerframework_checker-qual-3.5.0.jar with timestamp 1718780879712
[2024-06-19T07:08:00.298+0000] {docker.py:413} INFO - 24/06/19 07:08:00 INFO Utils: Fetching spark://localhost:45083/jars/org.checkerframework_checker-qual-3.5.0.jar to /tmp/spark-711be0b4-ee2c-498a-8f51-4a6af8b6b477/userFiles-8cb6e148-94b6-4c27-8448-935278b78494/fetchFileTemp17051026904939515331.tmp
[2024-06-19T07:08:00.299+0000] {docker.py:413} INFO - 24/06/19 07:08:00 INFO Utils: /tmp/spark-711be0b4-ee2c-498a-8f51-4a6af8b6b477/userFiles-8cb6e148-94b6-4c27-8448-935278b78494/fetchFileTemp17051026904939515331.tmp has been previously copied to /tmp/spark-711be0b4-ee2c-498a-8f51-4a6af8b6b477/userFiles-8cb6e148-94b6-4c27-8448-935278b78494/org.checkerframework_checker-qual-3.5.0.jar
[2024-06-19T07:08:00.300+0000] {docker.py:413} INFO - 24/06/19 07:08:00 INFO Executor: Adding file:/tmp/spark-711be0b4-ee2c-498a-8f51-4a6af8b6b477/userFiles-8cb6e148-94b6-4c27-8448-935278b78494/org.checkerframework_checker-qual-3.5.0.jar to class loader default
[2024-06-19T07:08:00.301+0000] {docker.py:413} INFO - 24/06/19 07:08:00 INFO Executor: Fetching spark://localhost:45083/jars/com.google.code.findbugs_jsr305-3.0.0.jar with timestamp 1718780879712
[2024-06-19T07:08:00.301+0000] {docker.py:413} INFO - 24/06/19 07:08:00 INFO Utils: Fetching spark://localhost:45083/jars/com.google.code.findbugs_jsr305-3.0.0.jar to /tmp/spark-711be0b4-ee2c-498a-8f51-4a6af8b6b477/userFiles-8cb6e148-94b6-4c27-8448-935278b78494/fetchFileTemp4378834877012144752.tmp
[2024-06-19T07:08:00.302+0000] {docker.py:413} INFO - 24/06/19 07:08:00 INFO Utils: /tmp/spark-711be0b4-ee2c-498a-8f51-4a6af8b6b477/userFiles-8cb6e148-94b6-4c27-8448-935278b78494/fetchFileTemp4378834877012144752.tmp has been previously copied to /tmp/spark-711be0b4-ee2c-498a-8f51-4a6af8b6b477/userFiles-8cb6e148-94b6-4c27-8448-935278b78494/com.google.code.findbugs_jsr305-3.0.0.jar
[2024-06-19T07:08:00.304+0000] {docker.py:413} INFO - 24/06/19 07:08:00 INFO Executor: Adding file:/tmp/spark-711be0b4-ee2c-498a-8f51-4a6af8b6b477/userFiles-8cb6e148-94b6-4c27-8448-935278b78494/com.google.code.findbugs_jsr305-3.0.0.jar to class loader default
24/06/19 07:08:00 INFO Executor: Fetching spark://localhost:45083/jars/commons-logging_commons-logging-1.1.3.jar with timestamp 1718780879712
[2024-06-19T07:08:00.305+0000] {docker.py:413} INFO - 24/06/19 07:08:00 INFO Utils: Fetching spark://localhost:45083/jars/commons-logging_commons-logging-1.1.3.jar to /tmp/spark-711be0b4-ee2c-498a-8f51-4a6af8b6b477/userFiles-8cb6e148-94b6-4c27-8448-935278b78494/fetchFileTemp18392547918453527275.tmp
[2024-06-19T07:08:00.305+0000] {docker.py:413} INFO - 24/06/19 07:08:00 INFO Utils: /tmp/spark-711be0b4-ee2c-498a-8f51-4a6af8b6b477/userFiles-8cb6e148-94b6-4c27-8448-935278b78494/fetchFileTemp18392547918453527275.tmp has been previously copied to /tmp/spark-711be0b4-ee2c-498a-8f51-4a6af8b6b477/userFiles-8cb6e148-94b6-4c27-8448-935278b78494/commons-logging_commons-logging-1.1.3.jar
[2024-06-19T07:08:00.307+0000] {docker.py:413} INFO - 24/06/19 07:08:00 INFO Executor: Adding file:/tmp/spark-711be0b4-ee2c-498a-8f51-4a6af8b6b477/userFiles-8cb6e148-94b6-4c27-8448-935278b78494/commons-logging_commons-logging-1.1.3.jar to class loader default
[2024-06-19T07:08:00.307+0000] {docker.py:413} INFO - 24/06/19 07:08:00 INFO Executor: Fetching spark://localhost:45083/jars/org.apache.commons_commons-pool2-2.11.1.jar with timestamp 1718780879712
[2024-06-19T07:08:00.308+0000] {docker.py:413} INFO - 24/06/19 07:08:00 INFO Utils: Fetching spark://localhost:45083/jars/org.apache.commons_commons-pool2-2.11.1.jar to /tmp/spark-711be0b4-ee2c-498a-8f51-4a6af8b6b477/userFiles-8cb6e148-94b6-4c27-8448-935278b78494/fetchFileTemp11698265691141950724.tmp
[2024-06-19T07:08:00.308+0000] {docker.py:413} INFO - 24/06/19 07:08:00 INFO Utils: /tmp/spark-711be0b4-ee2c-498a-8f51-4a6af8b6b477/userFiles-8cb6e148-94b6-4c27-8448-935278b78494/fetchFileTemp11698265691141950724.tmp has been previously copied to /tmp/spark-711be0b4-ee2c-498a-8f51-4a6af8b6b477/userFiles-8cb6e148-94b6-4c27-8448-935278b78494/org.apache.commons_commons-pool2-2.11.1.jar
[2024-06-19T07:08:00.312+0000] {docker.py:413} INFO - 24/06/19 07:08:00 INFO Executor: Adding file:/tmp/spark-711be0b4-ee2c-498a-8f51-4a6af8b6b477/userFiles-8cb6e148-94b6-4c27-8448-935278b78494/org.apache.commons_commons-pool2-2.11.1.jar to class loader default
[2024-06-19T07:08:00.312+0000] {docker.py:413} INFO - 24/06/19 07:08:00 INFO Executor: Fetching spark://localhost:45083/jars/org.apache.hadoop_hadoop-client-api-3.3.4.jar with timestamp 1718780879712
[2024-06-19T07:08:00.313+0000] {docker.py:413} INFO - 24/06/19 07:08:00 INFO Utils: Fetching spark://localhost:45083/jars/org.apache.hadoop_hadoop-client-api-3.3.4.jar to /tmp/spark-711be0b4-ee2c-498a-8f51-4a6af8b6b477/userFiles-8cb6e148-94b6-4c27-8448-935278b78494/fetchFileTemp4272126330014868614.tmp
[2024-06-19T07:08:00.340+0000] {docker.py:413} INFO - 24/06/19 07:08:00 INFO Utils: /tmp/spark-711be0b4-ee2c-498a-8f51-4a6af8b6b477/userFiles-8cb6e148-94b6-4c27-8448-935278b78494/fetchFileTemp4272126330014868614.tmp has been previously copied to /tmp/spark-711be0b4-ee2c-498a-8f51-4a6af8b6b477/userFiles-8cb6e148-94b6-4c27-8448-935278b78494/org.apache.hadoop_hadoop-client-api-3.3.4.jar
[2024-06-19T07:08:00.343+0000] {docker.py:413} INFO - 24/06/19 07:08:00 INFO Executor: Adding file:/tmp/spark-711be0b4-ee2c-498a-8f51-4a6af8b6b477/userFiles-8cb6e148-94b6-4c27-8448-935278b78494/org.apache.hadoop_hadoop-client-api-3.3.4.jar to class loader default
[2024-06-19T07:08:00.343+0000] {docker.py:413} INFO - 24/06/19 07:08:00 INFO Executor: Fetching spark://localhost:45083/jars/org.postgresql_postgresql-42.5.4.jar with timestamp 1718780879712
[2024-06-19T07:08:00.344+0000] {docker.py:413} INFO - 24/06/19 07:08:00 INFO Utils: Fetching spark://localhost:45083/jars/org.postgresql_postgresql-42.5.4.jar to /tmp/spark-711be0b4-ee2c-498a-8f51-4a6af8b6b477/userFiles-8cb6e148-94b6-4c27-8448-935278b78494/fetchFileTemp8329896449587038017.tmp
[2024-06-19T07:08:00.346+0000] {docker.py:413} INFO - 24/06/19 07:08:00 INFO Utils: /tmp/spark-711be0b4-ee2c-498a-8f51-4a6af8b6b477/userFiles-8cb6e148-94b6-4c27-8448-935278b78494/fetchFileTemp8329896449587038017.tmp has been previously copied to /tmp/spark-711be0b4-ee2c-498a-8f51-4a6af8b6b477/userFiles-8cb6e148-94b6-4c27-8448-935278b78494/org.postgresql_postgresql-42.5.4.jar
[2024-06-19T07:08:00.349+0000] {docker.py:413} INFO - 24/06/19 07:08:00 INFO Executor: Adding file:/tmp/spark-711be0b4-ee2c-498a-8f51-4a6af8b6b477/userFiles-8cb6e148-94b6-4c27-8448-935278b78494/org.postgresql_postgresql-42.5.4.jar to class loader default
[2024-06-19T07:08:00.349+0000] {docker.py:413} INFO - 24/06/19 07:08:00 INFO Executor: Fetching spark://localhost:45083/jars/org.slf4j_slf4j-api-2.0.7.jar with timestamp 1718780879712
[2024-06-19T07:08:00.349+0000] {docker.py:413} INFO - 24/06/19 07:08:00 INFO Utils: Fetching spark://localhost:45083/jars/org.slf4j_slf4j-api-2.0.7.jar to /tmp/spark-711be0b4-ee2c-498a-8f51-4a6af8b6b477/userFiles-8cb6e148-94b6-4c27-8448-935278b78494/fetchFileTemp18014439746593638273.tmp
[2024-06-19T07:08:00.350+0000] {docker.py:413} INFO - 24/06/19 07:08:00 INFO Utils: /tmp/spark-711be0b4-ee2c-498a-8f51-4a6af8b6b477/userFiles-8cb6e148-94b6-4c27-8448-935278b78494/fetchFileTemp18014439746593638273.tmp has been previously copied to /tmp/spark-711be0b4-ee2c-498a-8f51-4a6af8b6b477/userFiles-8cb6e148-94b6-4c27-8448-935278b78494/org.slf4j_slf4j-api-2.0.7.jar
[2024-06-19T07:08:00.350+0000] {docker.py:413} INFO - 24/06/19 07:08:00 INFO Executor: Adding file:/tmp/spark-711be0b4-ee2c-498a-8f51-4a6af8b6b477/userFiles-8cb6e148-94b6-4c27-8448-935278b78494/org.slf4j_slf4j-api-2.0.7.jar to class loader default
[2024-06-19T07:08:00.351+0000] {docker.py:413} INFO - 24/06/19 07:08:00 INFO Executor: Fetching spark://localhost:45083/jars/org.apache.spark_spark-token-provider-kafka-0-10_2.12-3.5.0.jar with timestamp 1718780879712
[2024-06-19T07:08:00.351+0000] {docker.py:413} INFO - 24/06/19 07:08:00 INFO Utils: Fetching spark://localhost:45083/jars/org.apache.spark_spark-token-provider-kafka-0-10_2.12-3.5.0.jar to /tmp/spark-711be0b4-ee2c-498a-8f51-4a6af8b6b477/userFiles-8cb6e148-94b6-4c27-8448-935278b78494/fetchFileTemp10425135881325356671.tmp
[2024-06-19T07:08:00.351+0000] {docker.py:413} INFO - 24/06/19 07:08:00 INFO Utils: /tmp/spark-711be0b4-ee2c-498a-8f51-4a6af8b6b477/userFiles-8cb6e148-94b6-4c27-8448-935278b78494/fetchFileTemp10425135881325356671.tmp has been previously copied to /tmp/spark-711be0b4-ee2c-498a-8f51-4a6af8b6b477/userFiles-8cb6e148-94b6-4c27-8448-935278b78494/org.apache.spark_spark-token-provider-kafka-0-10_2.12-3.5.0.jar
[2024-06-19T07:08:00.353+0000] {docker.py:413} INFO - 24/06/19 07:08:00 INFO Executor: Adding file:/tmp/spark-711be0b4-ee2c-498a-8f51-4a6af8b6b477/userFiles-8cb6e148-94b6-4c27-8448-935278b78494/org.apache.spark_spark-token-provider-kafka-0-10_2.12-3.5.0.jar to class loader default
[2024-06-19T07:08:00.353+0000] {docker.py:413} INFO - 24/06/19 07:08:00 INFO Executor: Fetching spark://localhost:45083/jars/org.apache.hadoop_hadoop-client-runtime-3.3.4.jar with timestamp 1718780879712
[2024-06-19T07:08:00.353+0000] {docker.py:413} INFO - 24/06/19 07:08:00 INFO Utils: Fetching spark://localhost:45083/jars/org.apache.hadoop_hadoop-client-runtime-3.3.4.jar to /tmp/spark-711be0b4-ee2c-498a-8f51-4a6af8b6b477/userFiles-8cb6e148-94b6-4c27-8448-935278b78494/fetchFileTemp14203646601722098355.tmp
[2024-06-19T07:08:00.401+0000] {docker.py:413} INFO - 24/06/19 07:08:00 INFO Utils: /tmp/spark-711be0b4-ee2c-498a-8f51-4a6af8b6b477/userFiles-8cb6e148-94b6-4c27-8448-935278b78494/fetchFileTemp14203646601722098355.tmp has been previously copied to /tmp/spark-711be0b4-ee2c-498a-8f51-4a6af8b6b477/userFiles-8cb6e148-94b6-4c27-8448-935278b78494/org.apache.hadoop_hadoop-client-runtime-3.3.4.jar
[2024-06-19T07:08:00.405+0000] {docker.py:413} INFO - 24/06/19 07:08:00 INFO Executor: Adding file:/tmp/spark-711be0b4-ee2c-498a-8f51-4a6af8b6b477/userFiles-8cb6e148-94b6-4c27-8448-935278b78494/org.apache.hadoop_hadoop-client-runtime-3.3.4.jar to class loader default
[2024-06-19T07:08:00.405+0000] {docker.py:413} INFO - 24/06/19 07:08:00 INFO Executor: Fetching spark://localhost:45083/jars/org.lz4_lz4-java-1.8.0.jar with timestamp 1718780879712
[2024-06-19T07:08:00.405+0000] {docker.py:413} INFO - 24/06/19 07:08:00 INFO Utils: Fetching spark://localhost:45083/jars/org.lz4_lz4-java-1.8.0.jar to /tmp/spark-711be0b4-ee2c-498a-8f51-4a6af8b6b477/userFiles-8cb6e148-94b6-4c27-8448-935278b78494/fetchFileTemp9066157211046867863.tmp
[2024-06-19T07:08:00.406+0000] {docker.py:413} INFO - 24/06/19 07:08:00 INFO Utils: /tmp/spark-711be0b4-ee2c-498a-8f51-4a6af8b6b477/userFiles-8cb6e148-94b6-4c27-8448-935278b78494/fetchFileTemp9066157211046867863.tmp has been previously copied to /tmp/spark-711be0b4-ee2c-498a-8f51-4a6af8b6b477/userFiles-8cb6e148-94b6-4c27-8448-935278b78494/org.lz4_lz4-java-1.8.0.jar
[2024-06-19T07:08:00.407+0000] {docker.py:413} INFO - 24/06/19 07:08:00 INFO Executor: Adding file:/tmp/spark-711be0b4-ee2c-498a-8f51-4a6af8b6b477/userFiles-8cb6e148-94b6-4c27-8448-935278b78494/org.lz4_lz4-java-1.8.0.jar to class loader default
[2024-06-19T07:08:00.408+0000] {docker.py:413} INFO - 24/06/19 07:08:00 INFO Executor: Fetching spark://localhost:45083/jars/org.apache.spark_spark-sql-kafka-0-10_2.12-3.5.0.jar with timestamp 1718780879712
[2024-06-19T07:08:00.408+0000] {docker.py:413} INFO - 24/06/19 07:08:00 INFO Utils: Fetching spark://localhost:45083/jars/org.apache.spark_spark-sql-kafka-0-10_2.12-3.5.0.jar to /tmp/spark-711be0b4-ee2c-498a-8f51-4a6af8b6b477/userFiles-8cb6e148-94b6-4c27-8448-935278b78494/fetchFileTemp13280990769861629372.tmp
[2024-06-19T07:08:00.410+0000] {docker.py:413} INFO - 24/06/19 07:08:00 INFO Utils: /tmp/spark-711be0b4-ee2c-498a-8f51-4a6af8b6b477/userFiles-8cb6e148-94b6-4c27-8448-935278b78494/fetchFileTemp13280990769861629372.tmp has been previously copied to /tmp/spark-711be0b4-ee2c-498a-8f51-4a6af8b6b477/userFiles-8cb6e148-94b6-4c27-8448-935278b78494/org.apache.spark_spark-sql-kafka-0-10_2.12-3.5.0.jar
[2024-06-19T07:08:00.411+0000] {docker.py:413} INFO - 24/06/19 07:08:00 INFO Executor: Adding file:/tmp/spark-711be0b4-ee2c-498a-8f51-4a6af8b6b477/userFiles-8cb6e148-94b6-4c27-8448-935278b78494/org.apache.spark_spark-sql-kafka-0-10_2.12-3.5.0.jar to class loader default
[2024-06-19T07:08:00.417+0000] {docker.py:413} INFO - 24/06/19 07:08:00 INFO Utils: Successfully started service 'org.apache.spark.network.netty.NettyBlockTransferService' on port 41123.
24/06/19 07:08:00 INFO NettyBlockTransferService: Server created on localhost:41123
[2024-06-19T07:08:00.417+0000] {docker.py:413} INFO - 24/06/19 07:08:00 INFO BlockManager: Using org.apache.spark.storage.RandomBlockReplicationPolicy for block replication policy
[2024-06-19T07:08:00.421+0000] {docker.py:413} INFO - 24/06/19 07:08:00 INFO BlockManagerMaster: Registering BlockManager BlockManagerId(driver, localhost, 41123, None)
[2024-06-19T07:08:00.423+0000] {docker.py:413} INFO - 24/06/19 07:08:00 INFO BlockManagerMasterEndpoint: Registering block manager localhost:41123 with 434.4 MiB RAM, BlockManagerId(driver, localhost, 41123, None)
[2024-06-19T07:08:00.425+0000] {docker.py:413} INFO - 24/06/19 07:08:00 INFO BlockManagerMaster: Registered BlockManager BlockManagerId(driver, localhost, 41123, None)
[2024-06-19T07:08:00.425+0000] {docker.py:413} INFO - 24/06/19 07:08:00 INFO BlockManager: Initialized BlockManager: BlockManagerId(driver, localhost, 41123, None)
[2024-06-19T07:08:00.647+0000] {docker.py:413} INFO - 2024-06-19 07:08:00,645:create_spark_session:INFO:Spark session created successfully
[2024-06-19T07:08:00.649+0000] {docker.py:413} INFO - 24/06/19 07:08:00 INFO SharedState: Setting hive.metastore.warehouse.dir ('null') to the value of spark.sql.warehouse.dir.
[2024-06-19T07:08:00.650+0000] {docker.py:413} INFO - 24/06/19 07:08:00 INFO SharedState: Warehouse path is 'file:/opt/bitnami/spark/spark-warehouse'.
[2024-06-19T07:08:01.301+0000] {docker.py:413} INFO - 2024-06-19 07:08:01,300:create_initial_dataframe:INFO:Initial dataframe created successfully
[2024-06-19T07:08:01.309+0000] {docker.py:413} INFO - 2024-06-19 07:08:01,309:create_initial_dataframe:INFO:Initial dataframe created successfully
[2024-06-19T07:08:01.317+0000] {docker.py:413} INFO - 2024-06-19 07:08:01,316:create_initial_dataframe:INFO:Initial dataframe created successfully
[2024-06-19T07:08:01.474+0000] {docker.py:413} INFO - 24/06/19 07:08:01 WARN SparkStringUtils: Truncated the string representation of a plan since it was too large. This behavior can be adjusted by setting 'spark.sql.debug.maxToStringFields'.
[2024-06-19T07:08:01.537+0000] {docker.py:413} INFO - Traceback (most recent call last):
  File "/opt/bitnami/spark/spark_streaming.py", line 153, in <module>
[2024-06-19T07:08:01.538+0000] {docker.py:413} INFO - write_to_postgres()
  File "/opt/bitnami/spark/spark_streaming.py", line 148, in write_to_postgres
    df_final = create_final_dataframe(df)
               ^^^^^^^^^^^^^^^^^^^^^^^^^^
  File "/opt/bitnami/spark/spark_streaming.py", line 100, in create_final_dataframe
    df_out.update(df1)
TypeError: cannot convert dictionary update sequence element #0 to a sequence
[2024-06-19T07:08:01.538+0000] {docker.py:413} INFO - 2024-06-19 07:08:01,536:close:INFO:Closing down clientserver connection
[2024-06-19T07:08:01.557+0000] {docker.py:413} INFO - 24/06/19 07:08:01 INFO SparkContext: Invoking stop() from shutdown hook
[2024-06-19T07:08:01.557+0000] {docker.py:413} INFO - 24/06/19 07:08:01 INFO SparkContext: SparkContext is stopping with exitCode 0.
[2024-06-19T07:08:01.568+0000] {docker.py:413} INFO - 24/06/19 07:08:01 INFO SparkUI: Stopped Spark web UI at http://localhost:4040
[2024-06-19T07:08:01.574+0000] {docker.py:413} INFO - 24/06/19 07:08:01 INFO MapOutputTrackerMasterEndpoint: MapOutputTrackerMasterEndpoint stopped!
[2024-06-19T07:08:01.582+0000] {docker.py:413} INFO - 24/06/19 07:08:01 INFO MemoryStore: MemoryStore cleared
[2024-06-19T07:08:01.583+0000] {docker.py:413} INFO - 24/06/19 07:08:01 INFO BlockManager: BlockManager stopped
[2024-06-19T07:08:01.589+0000] {docker.py:413} INFO - 24/06/19 07:08:01 INFO BlockManagerMaster: BlockManagerMaster stopped
[2024-06-19T07:08:01.590+0000] {docker.py:413} INFO - 24/06/19 07:08:01 INFO OutputCommitCoordinator$OutputCommitCoordinatorEndpoint: OutputCommitCoordinator stopped!
[2024-06-19T07:08:01.601+0000] {docker.py:413} INFO - 24/06/19 07:08:01 INFO SparkContext: Successfully stopped SparkContext
24/06/19 07:08:01 INFO ShutdownHookManager: Shutdown hook called
[2024-06-19T07:08:01.601+0000] {docker.py:413} INFO - 24/06/19 07:08:01 INFO ShutdownHookManager: Deleting directory /tmp/spark-711be0b4-ee2c-498a-8f51-4a6af8b6b477
[2024-06-19T07:08:01.603+0000] {docker.py:413} INFO - 24/06/19 07:08:01 INFO ShutdownHookManager: Deleting directory /tmp/spark-711be0b4-ee2c-498a-8f51-4a6af8b6b477/pyspark-fa9ddc5b-47d5-47b2-9a6a-2bfc316289ea
[2024-06-19T07:08:01.604+0000] {docker.py:413} INFO - 24/06/19 07:08:01 INFO ShutdownHookManager: Deleting directory /tmp/spark-0506c652-518c-4bf5-8d3c-b1f30d13b9ec
[2024-06-19T07:08:01.883+0000] {taskinstance.py:1937} ERROR - Task failed with exception
Traceback (most recent call last):
  File "/home/airflow/.local/lib/python3.8/site-packages/docker/api/client.py", line 268, in _raise_for_status
    response.raise_for_status()
  File "/home/airflow/.local/lib/python3.8/site-packages/requests/models.py", line 1021, in raise_for_status
    raise HTTPError(http_error_msg, response=self)
requests.exceptions.HTTPError: 400 Client Error: Bad Request for url: http://docker-proxy:2375/v1.44/containers/create

The above exception was the direct cause of the following exception:

Traceback (most recent call last):
  File "/home/airflow/.local/lib/python3.8/site-packages/airflow/providers/docker/operators/docker.py", line 348, in _run_image
    return self._run_image_with_mounts([*self.mounts, tmp_mount], add_tmp_variable=True)
  File "/home/airflow/.local/lib/python3.8/site-packages/airflow/providers/docker/operators/docker.py", line 375, in _run_image_with_mounts
    self.container = self.cli.create_container(
  File "/home/airflow/.local/lib/python3.8/site-packages/docker/api/container.py", line 431, in create_container
    return self.create_container_from_config(config, name, platform)
  File "/home/airflow/.local/lib/python3.8/site-packages/docker/api/container.py", line 448, in create_container_from_config
    return self._result(res, True)
  File "/home/airflow/.local/lib/python3.8/site-packages/docker/api/client.py", line 274, in _result
    self._raise_for_status(response)
  File "/home/airflow/.local/lib/python3.8/site-packages/docker/api/client.py", line 270, in _raise_for_status
    raise create_api_error_from_http_exception(e) from e
  File "/home/airflow/.local/lib/python3.8/site-packages/docker/errors.py", line 39, in create_api_error_from_http_exception
    raise cls(e, response=response, explanation=explanation) from e
docker.errors.APIError: 400 Client Error for http://docker-proxy:2375/v1.44/containers/create: Bad Request ("invalid mount config for type "bind": bind source path does not exist: /host_mnt/private/tmp/airflowtmp1mj7swwz")

During handling of the above exception, another exception occurred:

Traceback (most recent call last):
  File "/home/airflow/.local/lib/python3.8/site-packages/airflow/providers/docker/operators/docker.py", line 486, in execute
    return self._run_image()
  File "/home/airflow/.local/lib/python3.8/site-packages/airflow/providers/docker/operators/docker.py", line 357, in _run_image
    return self._run_image_with_mounts(self.mounts, add_tmp_variable=False)
  File "/home/airflow/.local/lib/python3.8/site-packages/airflow/providers/docker/operators/docker.py", line 421, in _run_image_with_mounts
    raise DockerContainerFailedException(f"Docker container failed: {result!r}", logs=log_lines)
airflow.providers.docker.exceptions.DockerContainerFailedException: Docker container failed: {'StatusCode': 1}
[2024-06-19T07:08:01.890+0000] {taskinstance.py:1400} INFO - Marking task as FAILED. dag_id=kafka_spark_dag, task_id=pyspark_consumer, execution_date=20240619T070033, start_date=20240619T070717, end_date=20240619T070801
[2024-06-19T07:08:01.908+0000] {standard_task_runner.py:104} ERROR - Failed to execute job 114 for task pyspark_consumer (Docker container failed: {'StatusCode': 1}; 10945)
[2024-06-19T07:08:01.938+0000] {local_task_job_runner.py:228} INFO - Task exited with return code 1
[2024-06-19T07:08:01.956+0000] {taskinstance.py:2778} INFO - 0 downstream tasks scheduled from follow-on schedule check
