[2024-06-19T07:05:39.122+0000] {taskinstance.py:1159} INFO - Dependencies all met for dep_context=non-requeueable deps ti=<TaskInstance: kafka_spark_dag.pyspark_consumer scheduled__2024-06-19T07:00:33.498234+00:00 [queued]>
[2024-06-19T07:05:39.127+0000] {taskinstance.py:1159} INFO - Dependencies all met for dep_context=requeueable deps ti=<TaskInstance: kafka_spark_dag.pyspark_consumer scheduled__2024-06-19T07:00:33.498234+00:00 [queued]>
[2024-06-19T07:05:39.127+0000] {taskinstance.py:1361} INFO - Starting attempt 1 of 2
[2024-06-19T07:05:39.132+0000] {taskinstance.py:1382} INFO - Executing <Task(DockerOperator): pyspark_consumer> on 2024-06-19 07:00:33.498234+00:00
[2024-06-19T07:05:39.136+0000] {standard_task_runner.py:57} INFO - Started process 10128 to run task
[2024-06-19T07:05:39.138+0000] {standard_task_runner.py:84} INFO - Running: ['***', 'tasks', 'run', 'kafka_spark_dag', 'pyspark_consumer', 'scheduled__2024-06-19T07:00:33.498234+00:00', '--job-id', '113', '--raw', '--subdir', 'DAGS_FOLDER/dag_kafka_spark.py', '--cfg-path', '/tmp/tmpaqv17esk']
[2024-06-19T07:05:39.138+0000] {standard_task_runner.py:85} INFO - Job 113: Subtask pyspark_consumer
[2024-06-19T07:05:39.164+0000] {task_command.py:416} INFO - Running <TaskInstance: kafka_spark_dag.pyspark_consumer scheduled__2024-06-19T07:00:33.498234+00:00 [running]> on host 2ad9230613d5
[2024-06-19T07:05:39.222+0000] {taskinstance.py:1662} INFO - Exporting env vars: AIRFLOW_CTX_DAG_OWNER='***' AIRFLOW_CTX_DAG_ID='kafka_spark_dag' AIRFLOW_CTX_TASK_ID='pyspark_consumer' AIRFLOW_CTX_EXECUTION_DATE='2024-06-19T07:00:33.498234+00:00' AIRFLOW_CTX_TRY_NUMBER='1' AIRFLOW_CTX_DAG_RUN_ID='scheduled__2024-06-19T07:00:33.498234+00:00'
[2024-06-19T07:05:39.289+0000] {docker.py:343} INFO - Starting docker container from image rappel-conso/spark:latest
[2024-06-19T07:05:39.300+0000] {docker.py:351} WARNING - Using remote engine or docker-in-docker and mounting temporary volume from host is not supported. Falling back to `mount_tmp_dir=False` mode. You can set `mount_tmp_dir` parameter to False to disable mounting and remove the warning
[2024-06-19T07:05:39.567+0000] {docker.py:413} INFO - [38;5;6mspark [38;5;5m07:05:39.56 [0m[38;5;2mINFO [0m ==>
[2024-06-19T07:05:39.568+0000] {docker.py:413} INFO - [38;5;6mspark [38;5;5m07:05:39.56 [0m[38;5;2mINFO [0m ==> [1mWelcome to the Bitnami spark container[0m
[2024-06-19T07:05:39.569+0000] {docker.py:413} INFO - [38;5;6mspark [38;5;5m07:05:39.56 [0m[38;5;2mINFO [0m ==> Subscribe to project updates by watching [1mhttps://github.com/bitnami/containers[0m
[2024-06-19T07:05:39.570+0000] {docker.py:413} INFO - [38;5;6mspark [38;5;5m07:05:39.56 [0m[38;5;2mINFO [0m ==> Submit issues and feature requests at [1mhttps://github.com/bitnami/containers/issues[0m
[2024-06-19T07:05:39.571+0000] {docker.py:413} INFO - [38;5;6mspark [38;5;5m07:05:39.56 [0m[38;5;2mINFO [0m ==>
[2024-06-19T07:05:39.576+0000] {docker.py:413} INFO - 
[2024-06-19T07:05:40.718+0000] {docker.py:413} INFO - :: loading settings :: url = jar:file:/opt/bitnami/spark/jars/ivy-2.5.1.jar!/org/apache/ivy/core/settings/ivysettings.xml
[2024-06-19T07:05:40.749+0000] {docker.py:413} INFO - Ivy Default Cache set to: /opt/bitnami/spark/.ivy2/cache
The jars for the packages stored in: /opt/bitnami/spark/.ivy2/jars
[2024-06-19T07:05:40.751+0000] {docker.py:413} INFO - org.postgresql#postgresql added as a dependency
org.apache.spark#spark-sql-kafka-0-10_2.12 added as a dependency
[2024-06-19T07:05:40.752+0000] {docker.py:413} INFO - :: resolving dependencies :: org.apache.spark#spark-submit-parent-2ad02d18-36fc-443d-86d6-330e0cf6419b;1.0
	confs: [default]
[2024-06-19T07:05:42.554+0000] {docker.py:413} INFO - found org.postgresql#postgresql;42.5.4 in central
[2024-06-19T07:05:43.098+0000] {docker.py:413} INFO - found org.checkerframework#checker-qual;3.5.0 in central
[2024-06-19T07:05:47.303+0000] {docker.py:413} INFO - found org.apache.spark#spark-sql-kafka-0-10_2.12;3.5.0 in central
[2024-06-19T07:05:48.235+0000] {docker.py:413} INFO - found org.apache.spark#spark-token-provider-kafka-0-10_2.12;3.5.0 in central
[2024-06-19T07:05:48.779+0000] {docker.py:413} INFO - found org.apache.kafka#kafka-clients;3.4.1 in central
[2024-06-19T07:05:49.318+0000] {docker.py:413} INFO - found org.lz4#lz4-java;1.8.0 in central
[2024-06-19T07:05:49.877+0000] {docker.py:413} INFO - found org.xerial.snappy#snappy-java;1.1.10.3 in central
[2024-06-19T07:05:52.172+0000] {docker.py:413} INFO - found org.slf4j#slf4j-api;2.0.7 in central
[2024-06-19T07:05:54.731+0000] {docker.py:413} INFO - found org.apache.hadoop#hadoop-client-runtime;3.3.4 in central
[2024-06-19T07:05:55.295+0000] {docker.py:413} INFO - found org.apache.hadoop#hadoop-client-api;3.3.4 in central
[2024-06-19T07:05:59.478+0000] {docker.py:413} INFO - found commons-logging#commons-logging;1.1.3 in central
[2024-06-19T07:06:00.014+0000] {docker.py:413} INFO - found com.google.code.findbugs#jsr305;3.0.0 in central
[2024-06-19T07:06:05.224+0000] {docker.py:413} INFO - found org.apache.commons#commons-pool2;2.11.1 in central
[2024-06-19T07:06:05.579+0000] {docker.py:413} INFO - downloading https://repo1.maven.org/maven2/org/postgresql/postgresql/42.5.4/postgresql-42.5.4.jar ...
[2024-06-19T07:06:08.335+0000] {docker.py:413} INFO - [SUCCESSFUL ] org.postgresql#postgresql;42.5.4!postgresql.jar (3097ms)
[2024-06-19T07:06:08.595+0000] {docker.py:413} INFO - downloading https://repo1.maven.org/maven2/org/apache/spark/spark-sql-kafka-0-10_2.12/3.5.0/spark-sql-kafka-0-10_2.12-3.5.0.jar ...
[2024-06-19T07:06:09.468+0000] {docker.py:413} INFO - [SUCCESSFUL ] org.apache.spark#spark-sql-kafka-0-10_2.12;3.5.0!spark-sql-kafka-0-10_2.12.jar (1133ms)
[2024-06-19T07:06:09.731+0000] {docker.py:413} INFO - downloading https://repo1.maven.org/maven2/org/checkerframework/checker-qual/3.5.0/checker-qual-3.5.0.jar ...
[2024-06-19T07:06:10.296+0000] {docker.py:413} INFO - [SUCCESSFUL ] org.checkerframework#checker-qual;3.5.0!checker-qual.jar (825ms)
[2024-06-19T07:06:10.551+0000] {docker.py:413} INFO - downloading https://repo1.maven.org/maven2/org/apache/spark/spark-token-provider-kafka-0-10_2.12/3.5.0/spark-token-provider-kafka-0-10_2.12-3.5.0.jar ...
[2024-06-19T07:06:10.875+0000] {docker.py:413} INFO - [SUCCESSFUL ] org.apache.spark#spark-token-provider-kafka-0-10_2.12;3.5.0!spark-token-provider-kafka-0-10_2.12.jar (579ms)
[2024-06-19T07:06:11.133+0000] {docker.py:413} INFO - downloading https://repo1.maven.org/maven2/org/apache/kafka/kafka-clients/3.4.1/kafka-clients-3.4.1.jar ...
[2024-06-19T07:06:18.930+0000] {docker.py:413} INFO - [SUCCESSFUL ] org.apache.kafka#kafka-clients;3.4.1!kafka-clients.jar (8044ms)
[2024-06-19T07:06:19.183+0000] {docker.py:413} INFO - downloading https://repo1.maven.org/maven2/com/google/code/findbugs/jsr305/3.0.0/jsr305-3.0.0.jar ...
[2024-06-19T07:06:19.472+0000] {docker.py:413} INFO - [SUCCESSFUL ] com.google.code.findbugs#jsr305;3.0.0!jsr305.jar (544ms)
[2024-06-19T07:06:19.731+0000] {docker.py:413} INFO - downloading https://repo1.maven.org/maven2/org/apache/commons/commons-pool2/2.11.1/commons-pool2-2.11.1.jar ...
[2024-06-19T07:06:20.150+0000] {docker.py:413} INFO - [SUCCESSFUL ] org.apache.commons#commons-pool2;2.11.1!commons-pool2.jar (674ms)
[2024-06-19T07:06:20.451+0000] {docker.py:413} INFO - downloading https://repo1.maven.org/maven2/org/apache/hadoop/hadoop-client-runtime/3.3.4/hadoop-client-runtime-3.3.4.jar ...
[2024-06-19T07:06:46.514+0000] {docker.py:413} INFO - [SUCCESSFUL ] org.apache.hadoop#hadoop-client-runtime;3.3.4!hadoop-client-runtime.jar (26357ms)
[2024-06-19T07:06:46.846+0000] {docker.py:413} INFO - downloading https://repo1.maven.org/maven2/org/lz4/lz4-java/1.8.0/lz4-java-1.8.0.jar ...
[2024-06-19T07:06:47.821+0000] {docker.py:413} INFO - [SUCCESSFUL ] org.lz4#lz4-java;1.8.0!lz4-java.jar (1303ms)
[2024-06-19T07:06:48.079+0000] {docker.py:413} INFO - downloading https://repo1.maven.org/maven2/org/xerial/snappy/snappy-java/1.1.10.3/snappy-java-1.1.10.3.jar ...
[2024-06-19T07:06:50.260+0000] {docker.py:413} INFO - [SUCCESSFUL ] org.xerial.snappy#snappy-java;1.1.10.3!snappy-java.jar(bundle) (2435ms)
[2024-06-19T07:06:50.519+0000] {docker.py:413} INFO - downloading https://repo1.maven.org/maven2/org/slf4j/slf4j-api/2.0.7/slf4j-api-2.0.7.jar ...
[2024-06-19T07:06:50.843+0000] {docker.py:413} INFO - [SUCCESSFUL ] org.slf4j#slf4j-api;2.0.7!slf4j-api.jar (582ms)
[2024-06-19T07:06:51.095+0000] {docker.py:413} INFO - downloading https://repo1.maven.org/maven2/org/apache/hadoop/hadoop-client-api/3.3.4/hadoop-client-api-3.3.4.jar ...
[2024-06-19T07:07:07.971+0000] {docker.py:413} INFO - [SUCCESSFUL ] org.apache.hadoop#hadoop-client-api;3.3.4!hadoop-client-api.jar (17120ms)
[2024-06-19T07:07:08.300+0000] {docker.py:413} INFO - downloading https://repo1.maven.org/maven2/commons-logging/commons-logging/1.1.3/commons-logging-1.1.3.jar ...
[2024-06-19T07:07:08.584+0000] {docker.py:413} INFO - [SUCCESSFUL ] commons-logging#commons-logging;1.1.3!commons-logging.jar (614ms)
[2024-06-19T07:07:08.586+0000] {docker.py:413} INFO - :: resolution report :: resolve 24480ms :: artifacts dl 63352ms
[2024-06-19T07:07:08.588+0000] {docker.py:413} INFO - :: modules in use:
[2024-06-19T07:07:08.588+0000] {docker.py:413} INFO - com.google.code.findbugs#jsr305;3.0.0 from central in [default]
[2024-06-19T07:07:08.590+0000] {docker.py:413} INFO - commons-logging#commons-logging;1.1.3 from central in [default]
[2024-06-19T07:07:08.590+0000] {docker.py:413} INFO - org.apache.commons#commons-pool2;2.11.1 from central in [default]
	org.apache.hadoop#hadoop-client-api;3.3.4 from central in [default]
	org.apache.hadoop#hadoop-client-runtime;3.3.4 from central in [default]
	org.apache.kafka#kafka-clients;3.4.1 from central in [default]
	org.apache.spark#spark-sql-kafka-0-10_2.12;3.5.0 from central in [default]
	org.apache.spark#spark-token-provider-kafka-0-10_2.12;3.5.0 from central in [default]
	org.checkerframework#checker-qual;3.5.0 from central in [default]
	org.lz4#lz4-java;1.8.0 from central in [default]
	org.postgresql#postgresql;42.5.4 from central in [default]
	org.slf4j#slf4j-api;2.0.7 from central in [default]
	org.xerial.snappy#snappy-java;1.1.10.3 from central in [default]
	---------------------------------------------------------------------
	|                  |            modules            ||   artifacts   |
	|       conf       | number| search|dwnlded|evicted|| number|dwnlded|
	---------------------------------------------------------------------
	|      default     |   13  |   13  |   13  |   0   ||   13  |   13  |
	---------------------------------------------------------------------
[2024-06-19T07:07:08.607+0000] {docker.py:413} INFO - :: retrieving :: org.apache.spark#spark-submit-parent-2ad02d18-36fc-443d-86d6-330e0cf6419b
[2024-06-19T07:07:08.608+0000] {docker.py:413} INFO - confs: [default]
[2024-06-19T07:07:08.719+0000] {docker.py:413} INFO - 13 artifacts copied, 0 already retrieved (58001kB/112ms)
[2024-06-19T07:07:08.918+0000] {docker.py:413} INFO - 24/06/19 07:07:08 WARN NativeCodeLoader: Unable to load native-hadoop library for your platform... using builtin-java classes where applicable
[2024-06-19T07:07:09.586+0000] {docker.py:413} INFO - 24/06/19 07:07:09 INFO SparkContext: Running Spark version 3.5.0
[2024-06-19T07:07:09.587+0000] {docker.py:413} INFO - 24/06/19 07:07:09 INFO SparkContext: OS info Linux, 6.6.12-linuxkit, aarch64
[2024-06-19T07:07:09.587+0000] {docker.py:413} INFO - 24/06/19 07:07:09 INFO SparkContext: Java version 17.0.10
[2024-06-19T07:07:09.599+0000] {docker.py:413} INFO - 24/06/19 07:07:09 INFO ResourceUtils: ==============================================================
[2024-06-19T07:07:09.600+0000] {docker.py:413} INFO - 24/06/19 07:07:09 INFO ResourceUtils: No custom resources configured for spark.driver.
[2024-06-19T07:07:09.601+0000] {docker.py:413} INFO - 24/06/19 07:07:09 INFO ResourceUtils: ==============================================================
[2024-06-19T07:07:09.601+0000] {docker.py:413} INFO - 24/06/19 07:07:09 INFO SparkContext: Submitted application: PostgreSQL Connection with PySpark
[2024-06-19T07:07:09.620+0000] {docker.py:413} INFO - 24/06/19 07:07:09 INFO ResourceProfile: Default ResourceProfile created, executor resources: Map(cores -> name: cores, amount: 1, script: , vendor: , memory -> name: memory, amount: 1024, script: , vendor: , offHeap -> name: offHeap, amount: 0, script: , vendor: ), task resources: Map(cpus -> name: cpus, amount: 1.0)
[2024-06-19T07:07:09.621+0000] {docker.py:413} INFO - 24/06/19 07:07:09 INFO ResourceProfile: Limiting resource is cpu
24/06/19 07:07:09 INFO ResourceProfileManager: Added ResourceProfile id: 0
[2024-06-19T07:07:09.654+0000] {docker.py:413} INFO - 24/06/19 07:07:09 INFO SecurityManager: Changing view acls to: spark
[2024-06-19T07:07:09.655+0000] {docker.py:413} INFO - 24/06/19 07:07:09 INFO SecurityManager: Changing modify acls to: spark
[2024-06-19T07:07:09.656+0000] {docker.py:413} INFO - 24/06/19 07:07:09 INFO SecurityManager: Changing view acls groups to:
[2024-06-19T07:07:09.656+0000] {docker.py:413} INFO - 24/06/19 07:07:09 INFO SecurityManager: Changing modify acls groups to:
[2024-06-19T07:07:09.657+0000] {docker.py:413} INFO - 24/06/19 07:07:09 INFO SecurityManager: SecurityManager: authentication disabled; ui acls disabled; users with view permissions: spark; groups with view permissions: EMPTY; users with modify permissions: spark; groups with modify permissions: EMPTY
[2024-06-19T07:07:09.777+0000] {docker.py:413} INFO - 24/06/19 07:07:09 INFO Utils: Successfully started service 'sparkDriver' on port 37015.
[2024-06-19T07:07:09.790+0000] {docker.py:413} INFO - 24/06/19 07:07:09 INFO SparkEnv: Registering MapOutputTracker
[2024-06-19T07:07:09.808+0000] {docker.py:413} INFO - 24/06/19 07:07:09 INFO SparkEnv: Registering BlockManagerMaster
[2024-06-19T07:07:09.817+0000] {docker.py:413} INFO - 24/06/19 07:07:09 INFO BlockManagerMasterEndpoint: Using org.apache.spark.storage.DefaultTopologyMapper for getting topology information
[2024-06-19T07:07:09.817+0000] {docker.py:413} INFO - 24/06/19 07:07:09 INFO BlockManagerMasterEndpoint: BlockManagerMasterEndpoint up
[2024-06-19T07:07:09.819+0000] {docker.py:413} INFO - 24/06/19 07:07:09 INFO SparkEnv: Registering BlockManagerMasterHeartbeat
[2024-06-19T07:07:09.830+0000] {docker.py:413} INFO - 24/06/19 07:07:09 INFO DiskBlockManager: Created local directory at /tmp/blockmgr-3f5e9ca4-455d-4cfd-8486-7d50c1866306
[2024-06-19T07:07:09.837+0000] {docker.py:413} INFO - 24/06/19 07:07:09 INFO MemoryStore: MemoryStore started with capacity 434.4 MiB
[2024-06-19T07:07:09.845+0000] {docker.py:413} INFO - 24/06/19 07:07:09 INFO SparkEnv: Registering OutputCommitCoordinator
[2024-06-19T07:07:09.913+0000] {docker.py:413} INFO - 24/06/19 07:07:09 INFO JettyUtils: Start Jetty 0.0.0.0:4040 for SparkUI
[2024-06-19T07:07:09.970+0000] {docker.py:413} INFO - 24/06/19 07:07:09 INFO Utils: Successfully started service 'SparkUI' on port 4040.
[2024-06-19T07:07:09.992+0000] {docker.py:413} INFO - 24/06/19 07:07:09 INFO SparkContext: Added JAR file:///opt/bitnami/spark/.ivy2/jars/org.postgresql_postgresql-42.5.4.jar at spark://localhost:37015/jars/org.postgresql_postgresql-42.5.4.jar with timestamp 1718780829581
[2024-06-19T07:07:09.992+0000] {docker.py:413} INFO - 24/06/19 07:07:09 INFO SparkContext: Added JAR file:///opt/bitnami/spark/.ivy2/jars/org.apache.spark_spark-sql-kafka-0-10_2.12-3.5.0.jar at spark://localhost:37015/jars/org.apache.spark_spark-sql-kafka-0-10_2.12-3.5.0.jar with timestamp 1718780829581
[2024-06-19T07:07:09.993+0000] {docker.py:413} INFO - 24/06/19 07:07:09 INFO SparkContext: Added JAR file:///opt/bitnami/spark/.ivy2/jars/org.checkerframework_checker-qual-3.5.0.jar at spark://localhost:37015/jars/org.checkerframework_checker-qual-3.5.0.jar with timestamp 1718780829581
24/06/19 07:07:09 INFO SparkContext: Added JAR file:///opt/bitnami/spark/.ivy2/jars/org.apache.spark_spark-token-provider-kafka-0-10_2.12-3.5.0.jar at spark://localhost:37015/jars/org.apache.spark_spark-token-provider-kafka-0-10_2.12-3.5.0.jar with timestamp 1718780829581
[2024-06-19T07:07:09.994+0000] {docker.py:413} INFO - 24/06/19 07:07:09 INFO SparkContext: Added JAR file:///opt/bitnami/spark/.ivy2/jars/org.apache.kafka_kafka-clients-3.4.1.jar at spark://localhost:37015/jars/org.apache.kafka_kafka-clients-3.4.1.jar with timestamp 1718780829581
[2024-06-19T07:07:09.994+0000] {docker.py:413} INFO - 24/06/19 07:07:09 INFO SparkContext: Added JAR file:///opt/bitnami/spark/.ivy2/jars/com.google.code.findbugs_jsr305-3.0.0.jar at spark://localhost:37015/jars/com.google.code.findbugs_jsr305-3.0.0.jar with timestamp 1718780829581
[2024-06-19T07:07:09.995+0000] {docker.py:413} INFO - 24/06/19 07:07:09 INFO SparkContext: Added JAR file:///opt/bitnami/spark/.ivy2/jars/org.apache.commons_commons-pool2-2.11.1.jar at spark://localhost:37015/jars/org.apache.commons_commons-pool2-2.11.1.jar with timestamp 1718780829581
[2024-06-19T07:07:09.995+0000] {docker.py:413} INFO - 24/06/19 07:07:09 INFO SparkContext: Added JAR file:///opt/bitnami/spark/.ivy2/jars/org.apache.hadoop_hadoop-client-runtime-3.3.4.jar at spark://localhost:37015/jars/org.apache.hadoop_hadoop-client-runtime-3.3.4.jar with timestamp 1718780829581
[2024-06-19T07:07:09.995+0000] {docker.py:413} INFO - 24/06/19 07:07:09 INFO SparkContext: Added JAR file:///opt/bitnami/spark/.ivy2/jars/org.lz4_lz4-java-1.8.0.jar at spark://localhost:37015/jars/org.lz4_lz4-java-1.8.0.jar with timestamp 1718780829581
[2024-06-19T07:07:09.996+0000] {docker.py:413} INFO - 24/06/19 07:07:09 INFO SparkContext: Added JAR file:///opt/bitnami/spark/.ivy2/jars/org.xerial.snappy_snappy-java-1.1.10.3.jar at spark://localhost:37015/jars/org.xerial.snappy_snappy-java-1.1.10.3.jar with timestamp 1718780829581
24/06/19 07:07:09 INFO SparkContext: Added JAR file:///opt/bitnami/spark/.ivy2/jars/org.slf4j_slf4j-api-2.0.7.jar at spark://localhost:37015/jars/org.slf4j_slf4j-api-2.0.7.jar with timestamp 1718780829581
[2024-06-19T07:07:09.996+0000] {docker.py:413} INFO - 24/06/19 07:07:09 INFO SparkContext: Added JAR file:///opt/bitnami/spark/.ivy2/jars/org.apache.hadoop_hadoop-client-api-3.3.4.jar at spark://localhost:37015/jars/org.apache.hadoop_hadoop-client-api-3.3.4.jar with timestamp 1718780829581
24/06/19 07:07:09 INFO SparkContext: Added JAR file:///opt/bitnami/spark/.ivy2/jars/commons-logging_commons-logging-1.1.3.jar at spark://localhost:37015/jars/commons-logging_commons-logging-1.1.3.jar with timestamp 1718780829581
[2024-06-19T07:07:09.996+0000] {docker.py:413} INFO - 24/06/19 07:07:09 INFO SparkContext: Added file file:///opt/bitnami/spark/.ivy2/jars/org.postgresql_postgresql-42.5.4.jar at file:///opt/bitnami/spark/.ivy2/jars/org.postgresql_postgresql-42.5.4.jar with timestamp 1718780829581
[2024-06-19T07:07:09.997+0000] {docker.py:413} INFO - 24/06/19 07:07:09 INFO Utils: Copying /opt/bitnami/spark/.ivy2/jars/org.postgresql_postgresql-42.5.4.jar to /tmp/spark-4e665db6-9604-4771-addb-256539bf173f/userFiles-65c5d9d5-05b6-4f9e-bf18-e6287814b109/org.postgresql_postgresql-42.5.4.jar
[2024-06-19T07:07:10.002+0000] {docker.py:413} INFO - 24/06/19 07:07:10 INFO SparkContext: Added file file:///opt/bitnami/spark/.ivy2/jars/org.apache.spark_spark-sql-kafka-0-10_2.12-3.5.0.jar at file:///opt/bitnami/spark/.ivy2/jars/org.apache.spark_spark-sql-kafka-0-10_2.12-3.5.0.jar with timestamp 1718780829581
24/06/19 07:07:10 INFO Utils: Copying /opt/bitnami/spark/.ivy2/jars/org.apache.spark_spark-sql-kafka-0-10_2.12-3.5.0.jar to /tmp/spark-4e665db6-9604-4771-addb-256539bf173f/userFiles-65c5d9d5-05b6-4f9e-bf18-e6287814b109/org.apache.spark_spark-sql-kafka-0-10_2.12-3.5.0.jar
[2024-06-19T07:07:10.007+0000] {docker.py:413} INFO - 24/06/19 07:07:10 INFO SparkContext: Added file file:///opt/bitnami/spark/.ivy2/jars/org.checkerframework_checker-qual-3.5.0.jar at file:///opt/bitnami/spark/.ivy2/jars/org.checkerframework_checker-qual-3.5.0.jar with timestamp 1718780829581
24/06/19 07:07:10 INFO Utils: Copying /opt/bitnami/spark/.ivy2/jars/org.checkerframework_checker-qual-3.5.0.jar to /tmp/spark-4e665db6-9604-4771-addb-256539bf173f/userFiles-65c5d9d5-05b6-4f9e-bf18-e6287814b109/org.checkerframework_checker-qual-3.5.0.jar
[2024-06-19T07:07:10.010+0000] {docker.py:413} INFO - 24/06/19 07:07:10 INFO SparkContext: Added file file:///opt/bitnami/spark/.ivy2/jars/org.apache.spark_spark-token-provider-kafka-0-10_2.12-3.5.0.jar at file:///opt/bitnami/spark/.ivy2/jars/org.apache.spark_spark-token-provider-kafka-0-10_2.12-3.5.0.jar with timestamp 1718780829581
[2024-06-19T07:07:10.010+0000] {docker.py:413} INFO - 24/06/19 07:07:10 INFO Utils: Copying /opt/bitnami/spark/.ivy2/jars/org.apache.spark_spark-token-provider-kafka-0-10_2.12-3.5.0.jar to /tmp/spark-4e665db6-9604-4771-addb-256539bf173f/userFiles-65c5d9d5-05b6-4f9e-bf18-e6287814b109/org.apache.spark_spark-token-provider-kafka-0-10_2.12-3.5.0.jar
[2024-06-19T07:07:10.011+0000] {docker.py:413} INFO - 24/06/19 07:07:10 INFO SparkContext: Added file file:///opt/bitnami/spark/.ivy2/jars/org.apache.kafka_kafka-clients-3.4.1.jar at file:///opt/bitnami/spark/.ivy2/jars/org.apache.kafka_kafka-clients-3.4.1.jar with timestamp 1718780829581
[2024-06-19T07:07:10.011+0000] {docker.py:413} INFO - 24/06/19 07:07:10 INFO Utils: Copying /opt/bitnami/spark/.ivy2/jars/org.apache.kafka_kafka-clients-3.4.1.jar to /tmp/spark-4e665db6-9604-4771-addb-256539bf173f/userFiles-65c5d9d5-05b6-4f9e-bf18-e6287814b109/org.apache.kafka_kafka-clients-3.4.1.jar
[2024-06-19T07:07:10.016+0000] {docker.py:413} INFO - 24/06/19 07:07:10 INFO SparkContext: Added file file:///opt/bitnami/spark/.ivy2/jars/com.google.code.findbugs_jsr305-3.0.0.jar at file:///opt/bitnami/spark/.ivy2/jars/com.google.code.findbugs_jsr305-3.0.0.jar with timestamp 1718780829581
[2024-06-19T07:07:10.016+0000] {docker.py:413} INFO - 24/06/19 07:07:10 INFO Utils: Copying /opt/bitnami/spark/.ivy2/jars/com.google.code.findbugs_jsr305-3.0.0.jar to /tmp/spark-4e665db6-9604-4771-addb-256539bf173f/userFiles-65c5d9d5-05b6-4f9e-bf18-e6287814b109/com.google.code.findbugs_jsr305-3.0.0.jar
[2024-06-19T07:07:10.017+0000] {docker.py:413} INFO - 24/06/19 07:07:10 INFO SparkContext: Added file file:///opt/bitnami/spark/.ivy2/jars/org.apache.commons_commons-pool2-2.11.1.jar at file:///opt/bitnami/spark/.ivy2/jars/org.apache.commons_commons-pool2-2.11.1.jar with timestamp 1718780829581
[2024-06-19T07:07:10.018+0000] {docker.py:413} INFO - 24/06/19 07:07:10 INFO Utils: Copying /opt/bitnami/spark/.ivy2/jars/org.apache.commons_commons-pool2-2.11.1.jar to /tmp/spark-4e665db6-9604-4771-addb-256539bf173f/userFiles-65c5d9d5-05b6-4f9e-bf18-e6287814b109/org.apache.commons_commons-pool2-2.11.1.jar
[2024-06-19T07:07:10.019+0000] {docker.py:413} INFO - 24/06/19 07:07:10 INFO SparkContext: Added file file:///opt/bitnami/spark/.ivy2/jars/org.apache.hadoop_hadoop-client-runtime-3.3.4.jar at file:///opt/bitnami/spark/.ivy2/jars/org.apache.hadoop_hadoop-client-runtime-3.3.4.jar with timestamp 1718780829581
[2024-06-19T07:07:10.020+0000] {docker.py:413} INFO - 24/06/19 07:07:10 INFO Utils: Copying /opt/bitnami/spark/.ivy2/jars/org.apache.hadoop_hadoop-client-runtime-3.3.4.jar to /tmp/spark-4e665db6-9604-4771-addb-256539bf173f/userFiles-65c5d9d5-05b6-4f9e-bf18-e6287814b109/org.apache.hadoop_hadoop-client-runtime-3.3.4.jar
[2024-06-19T07:07:10.037+0000] {docker.py:413} INFO - 24/06/19 07:07:10 INFO SparkContext: Added file file:///opt/bitnami/spark/.ivy2/jars/org.lz4_lz4-java-1.8.0.jar at file:///opt/bitnami/spark/.ivy2/jars/org.lz4_lz4-java-1.8.0.jar with timestamp 1718780829581
[2024-06-19T07:07:10.038+0000] {docker.py:413} INFO - 24/06/19 07:07:10 INFO Utils: Copying /opt/bitnami/spark/.ivy2/jars/org.lz4_lz4-java-1.8.0.jar to /tmp/spark-4e665db6-9604-4771-addb-256539bf173f/userFiles-65c5d9d5-05b6-4f9e-bf18-e6287814b109/org.lz4_lz4-java-1.8.0.jar
[2024-06-19T07:07:10.039+0000] {docker.py:413} INFO - 24/06/19 07:07:10 INFO SparkContext: Added file file:///opt/bitnami/spark/.ivy2/jars/org.xerial.snappy_snappy-java-1.1.10.3.jar at file:///opt/bitnami/spark/.ivy2/jars/org.xerial.snappy_snappy-java-1.1.10.3.jar with timestamp 1718780829581
[2024-06-19T07:07:10.041+0000] {docker.py:413} INFO - 24/06/19 07:07:10 INFO Utils: Copying /opt/bitnami/spark/.ivy2/jars/org.xerial.snappy_snappy-java-1.1.10.3.jar to /tmp/spark-4e665db6-9604-4771-addb-256539bf173f/userFiles-65c5d9d5-05b6-4f9e-bf18-e6287814b109/org.xerial.snappy_snappy-java-1.1.10.3.jar
[2024-06-19T07:07:10.043+0000] {docker.py:413} INFO - 24/06/19 07:07:10 INFO SparkContext: Added file file:///opt/bitnami/spark/.ivy2/jars/org.slf4j_slf4j-api-2.0.7.jar at file:///opt/bitnami/spark/.ivy2/jars/org.slf4j_slf4j-api-2.0.7.jar with timestamp 1718780829581
[2024-06-19T07:07:10.044+0000] {docker.py:413} INFO - 24/06/19 07:07:10 INFO Utils: Copying /opt/bitnami/spark/.ivy2/jars/org.slf4j_slf4j-api-2.0.7.jar to /tmp/spark-4e665db6-9604-4771-addb-256539bf173f/userFiles-65c5d9d5-05b6-4f9e-bf18-e6287814b109/org.slf4j_slf4j-api-2.0.7.jar
[2024-06-19T07:07:10.046+0000] {docker.py:413} INFO - 24/06/19 07:07:10 INFO SparkContext: Added file file:///opt/bitnami/spark/.ivy2/jars/org.apache.hadoop_hadoop-client-api-3.3.4.jar at file:///opt/bitnami/spark/.ivy2/jars/org.apache.hadoop_hadoop-client-api-3.3.4.jar with timestamp 1718780829581
24/06/19 07:07:10 INFO Utils: Copying /opt/bitnami/spark/.ivy2/jars/org.apache.hadoop_hadoop-client-api-3.3.4.jar to /tmp/spark-4e665db6-9604-4771-addb-256539bf173f/userFiles-65c5d9d5-05b6-4f9e-bf18-e6287814b109/org.apache.hadoop_hadoop-client-api-3.3.4.jar
[2024-06-19T07:07:10.066+0000] {docker.py:413} INFO - 24/06/19 07:07:10 INFO SparkContext: Added file file:///opt/bitnami/spark/.ivy2/jars/commons-logging_commons-logging-1.1.3.jar at file:///opt/bitnami/spark/.ivy2/jars/commons-logging_commons-logging-1.1.3.jar with timestamp 1718780829581
24/06/19 07:07:10 INFO Utils: Copying /opt/bitnami/spark/.ivy2/jars/commons-logging_commons-logging-1.1.3.jar to /tmp/spark-4e665db6-9604-4771-addb-256539bf173f/userFiles-65c5d9d5-05b6-4f9e-bf18-e6287814b109/commons-logging_commons-logging-1.1.3.jar
[2024-06-19T07:07:10.100+0000] {docker.py:413} INFO - 24/06/19 07:07:10 INFO Executor: Starting executor ID driver on host localhost
[2024-06-19T07:07:10.101+0000] {docker.py:413} INFO - 24/06/19 07:07:10 INFO Executor: OS info Linux, 6.6.12-linuxkit, aarch64
[2024-06-19T07:07:10.101+0000] {docker.py:413} INFO - 24/06/19 07:07:10 INFO Executor: Java version 17.0.10
[2024-06-19T07:07:10.103+0000] {docker.py:413} INFO - 24/06/19 07:07:10 INFO Executor: Starting executor with user classpath (userClassPathFirst = false): ''
[2024-06-19T07:07:10.104+0000] {docker.py:413} INFO - 24/06/19 07:07:10 INFO Executor: Created or updated repl class loader org.apache.spark.util.MutableURLClassLoader@2b92867a for default.
[2024-06-19T07:07:10.108+0000] {docker.py:413} INFO - 24/06/19 07:07:10 INFO Executor: Fetching file:///opt/bitnami/spark/.ivy2/jars/org.apache.spark_spark-token-provider-kafka-0-10_2.12-3.5.0.jar with timestamp 1718780829581
[2024-06-19T07:07:10.116+0000] {docker.py:413} INFO - 24/06/19 07:07:10 INFO Utils: /opt/bitnami/spark/.ivy2/jars/org.apache.spark_spark-token-provider-kafka-0-10_2.12-3.5.0.jar has been previously copied to /tmp/spark-4e665db6-9604-4771-addb-256539bf173f/userFiles-65c5d9d5-05b6-4f9e-bf18-e6287814b109/org.apache.spark_spark-token-provider-kafka-0-10_2.12-3.5.0.jar
[2024-06-19T07:07:10.118+0000] {docker.py:413} INFO - 24/06/19 07:07:10 INFO Executor: Fetching file:///opt/bitnami/spark/.ivy2/jars/org.apache.hadoop_hadoop-client-runtime-3.3.4.jar with timestamp 1718780829581
[2024-06-19T07:07:10.131+0000] {docker.py:413} INFO - 24/06/19 07:07:10 INFO Utils: /opt/bitnami/spark/.ivy2/jars/org.apache.hadoop_hadoop-client-runtime-3.3.4.jar has been previously copied to /tmp/spark-4e665db6-9604-4771-addb-256539bf173f/userFiles-65c5d9d5-05b6-4f9e-bf18-e6287814b109/org.apache.hadoop_hadoop-client-runtime-3.3.4.jar
[2024-06-19T07:07:10.132+0000] {docker.py:413} INFO - 24/06/19 07:07:10 INFO Executor: Fetching file:///opt/bitnami/spark/.ivy2/jars/org.apache.commons_commons-pool2-2.11.1.jar with timestamp 1718780829581
[2024-06-19T07:07:10.133+0000] {docker.py:413} INFO - 24/06/19 07:07:10 INFO Utils: /opt/bitnami/spark/.ivy2/jars/org.apache.commons_commons-pool2-2.11.1.jar has been previously copied to /tmp/spark-4e665db6-9604-4771-addb-256539bf173f/userFiles-65c5d9d5-05b6-4f9e-bf18-e6287814b109/org.apache.commons_commons-pool2-2.11.1.jar
[2024-06-19T07:07:10.134+0000] {docker.py:413} INFO - 24/06/19 07:07:10 INFO Executor: Fetching file:///opt/bitnami/spark/.ivy2/jars/org.postgresql_postgresql-42.5.4.jar with timestamp 1718780829581
[2024-06-19T07:07:10.135+0000] {docker.py:413} INFO - 24/06/19 07:07:10 INFO Utils: /opt/bitnami/spark/.ivy2/jars/org.postgresql_postgresql-42.5.4.jar has been previously copied to /tmp/spark-4e665db6-9604-4771-addb-256539bf173f/userFiles-65c5d9d5-05b6-4f9e-bf18-e6287814b109/org.postgresql_postgresql-42.5.4.jar
[2024-06-19T07:07:10.136+0000] {docker.py:413} INFO - 24/06/19 07:07:10 INFO Executor: Fetching file:///opt/bitnami/spark/.ivy2/jars/org.slf4j_slf4j-api-2.0.7.jar with timestamp 1718780829581
[2024-06-19T07:07:10.136+0000] {docker.py:413} INFO - 24/06/19 07:07:10 INFO Utils: /opt/bitnami/spark/.ivy2/jars/org.slf4j_slf4j-api-2.0.7.jar has been previously copied to /tmp/spark-4e665db6-9604-4771-addb-256539bf173f/userFiles-65c5d9d5-05b6-4f9e-bf18-e6287814b109/org.slf4j_slf4j-api-2.0.7.jar
[2024-06-19T07:07:10.137+0000] {docker.py:413} INFO - 24/06/19 07:07:10 INFO Executor: Fetching file:///opt/bitnami/spark/.ivy2/jars/org.apache.kafka_kafka-clients-3.4.1.jar with timestamp 1718780829581
[2024-06-19T07:07:10.139+0000] {docker.py:413} INFO - 24/06/19 07:07:10 INFO Utils: /opt/bitnami/spark/.ivy2/jars/org.apache.kafka_kafka-clients-3.4.1.jar has been previously copied to /tmp/spark-4e665db6-9604-4771-addb-256539bf173f/userFiles-65c5d9d5-05b6-4f9e-bf18-e6287814b109/org.apache.kafka_kafka-clients-3.4.1.jar
[2024-06-19T07:07:10.141+0000] {docker.py:413} INFO - 24/06/19 07:07:10 INFO Executor: Fetching file:///opt/bitnami/spark/.ivy2/jars/com.google.code.findbugs_jsr305-3.0.0.jar with timestamp 1718780829581
[2024-06-19T07:07:10.141+0000] {docker.py:413} INFO - 24/06/19 07:07:10 INFO Utils: /opt/bitnami/spark/.ivy2/jars/com.google.code.findbugs_jsr305-3.0.0.jar has been previously copied to /tmp/spark-4e665db6-9604-4771-addb-256539bf173f/userFiles-65c5d9d5-05b6-4f9e-bf18-e6287814b109/com.google.code.findbugs_jsr305-3.0.0.jar
[2024-06-19T07:07:10.143+0000] {docker.py:413} INFO - 24/06/19 07:07:10 INFO Executor: Fetching file:///opt/bitnami/spark/.ivy2/jars/org.lz4_lz4-java-1.8.0.jar with timestamp 1718780829581
[2024-06-19T07:07:10.143+0000] {docker.py:413} INFO - 24/06/19 07:07:10 INFO Utils: /opt/bitnami/spark/.ivy2/jars/org.lz4_lz4-java-1.8.0.jar has been previously copied to /tmp/spark-4e665db6-9604-4771-addb-256539bf173f/userFiles-65c5d9d5-05b6-4f9e-bf18-e6287814b109/org.lz4_lz4-java-1.8.0.jar
[2024-06-19T07:07:10.144+0000] {docker.py:413} INFO - 24/06/19 07:07:10 INFO Executor: Fetching file:///opt/bitnami/spark/.ivy2/jars/org.apache.spark_spark-sql-kafka-0-10_2.12-3.5.0.jar with timestamp 1718780829581
[2024-06-19T07:07:10.145+0000] {docker.py:413} INFO - 24/06/19 07:07:10 INFO Utils: /opt/bitnami/spark/.ivy2/jars/org.apache.spark_spark-sql-kafka-0-10_2.12-3.5.0.jar has been previously copied to /tmp/spark-4e665db6-9604-4771-addb-256539bf173f/userFiles-65c5d9d5-05b6-4f9e-bf18-e6287814b109/org.apache.spark_spark-sql-kafka-0-10_2.12-3.5.0.jar
[2024-06-19T07:07:10.146+0000] {docker.py:413} INFO - 24/06/19 07:07:10 INFO Executor: Fetching file:///opt/bitnami/spark/.ivy2/jars/org.apache.hadoop_hadoop-client-api-3.3.4.jar with timestamp 1718780829581
[2024-06-19T07:07:10.153+0000] {docker.py:413} INFO - 24/06/19 07:07:10 INFO Utils: /opt/bitnami/spark/.ivy2/jars/org.apache.hadoop_hadoop-client-api-3.3.4.jar has been previously copied to /tmp/spark-4e665db6-9604-4771-addb-256539bf173f/userFiles-65c5d9d5-05b6-4f9e-bf18-e6287814b109/org.apache.hadoop_hadoop-client-api-3.3.4.jar
[2024-06-19T07:07:10.154+0000] {docker.py:413} INFO - 24/06/19 07:07:10 INFO Executor: Fetching file:///opt/bitnami/spark/.ivy2/jars/commons-logging_commons-logging-1.1.3.jar with timestamp 1718780829581
[2024-06-19T07:07:10.154+0000] {docker.py:413} INFO - 24/06/19 07:07:10 INFO Utils: /opt/bitnami/spark/.ivy2/jars/commons-logging_commons-logging-1.1.3.jar has been previously copied to /tmp/spark-4e665db6-9604-4771-addb-256539bf173f/userFiles-65c5d9d5-05b6-4f9e-bf18-e6287814b109/commons-logging_commons-logging-1.1.3.jar
[2024-06-19T07:07:10.155+0000] {docker.py:413} INFO - 24/06/19 07:07:10 INFO Executor: Fetching file:///opt/bitnami/spark/.ivy2/jars/org.checkerframework_checker-qual-3.5.0.jar with timestamp 1718780829581
[2024-06-19T07:07:10.156+0000] {docker.py:413} INFO - 24/06/19 07:07:10 INFO Utils: /opt/bitnami/spark/.ivy2/jars/org.checkerframework_checker-qual-3.5.0.jar has been previously copied to /tmp/spark-4e665db6-9604-4771-addb-256539bf173f/userFiles-65c5d9d5-05b6-4f9e-bf18-e6287814b109/org.checkerframework_checker-qual-3.5.0.jar
[2024-06-19T07:07:10.157+0000] {docker.py:413} INFO - 24/06/19 07:07:10 INFO Executor: Fetching file:///opt/bitnami/spark/.ivy2/jars/org.xerial.snappy_snappy-java-1.1.10.3.jar with timestamp 1718780829581
[2024-06-19T07:07:10.158+0000] {docker.py:413} INFO - 24/06/19 07:07:10 INFO Utils: /opt/bitnami/spark/.ivy2/jars/org.xerial.snappy_snappy-java-1.1.10.3.jar has been previously copied to /tmp/spark-4e665db6-9604-4771-addb-256539bf173f/userFiles-65c5d9d5-05b6-4f9e-bf18-e6287814b109/org.xerial.snappy_snappy-java-1.1.10.3.jar
[2024-06-19T07:07:10.160+0000] {docker.py:413} INFO - 24/06/19 07:07:10 INFO Executor: Fetching spark://localhost:37015/jars/org.apache.kafka_kafka-clients-3.4.1.jar with timestamp 1718780829581
[2024-06-19T07:07:10.179+0000] {docker.py:413} INFO - 24/06/19 07:07:10 INFO TransportClientFactory: Successfully created connection to localhost/127.0.0.1:37015 after 12 ms (0 ms spent in bootstraps)
[2024-06-19T07:07:10.182+0000] {docker.py:413} INFO - 24/06/19 07:07:10 INFO Utils: Fetching spark://localhost:37015/jars/org.apache.kafka_kafka-clients-3.4.1.jar to /tmp/spark-4e665db6-9604-4771-addb-256539bf173f/userFiles-65c5d9d5-05b6-4f9e-bf18-e6287814b109/fetchFileTemp3886142707991720001.tmp
[2024-06-19T07:07:10.217+0000] {docker.py:413} INFO - 24/06/19 07:07:10 INFO Utils: /tmp/spark-4e665db6-9604-4771-addb-256539bf173f/userFiles-65c5d9d5-05b6-4f9e-bf18-e6287814b109/fetchFileTemp3886142707991720001.tmp has been previously copied to /tmp/spark-4e665db6-9604-4771-addb-256539bf173f/userFiles-65c5d9d5-05b6-4f9e-bf18-e6287814b109/org.apache.kafka_kafka-clients-3.4.1.jar
[2024-06-19T07:07:10.222+0000] {docker.py:413} INFO - 24/06/19 07:07:10 INFO Executor: Adding file:/tmp/spark-4e665db6-9604-4771-addb-256539bf173f/userFiles-65c5d9d5-05b6-4f9e-bf18-e6287814b109/org.apache.kafka_kafka-clients-3.4.1.jar to class loader default
[2024-06-19T07:07:10.223+0000] {docker.py:413} INFO - 24/06/19 07:07:10 INFO Executor: Fetching spark://localhost:37015/jars/org.apache.spark_spark-token-provider-kafka-0-10_2.12-3.5.0.jar with timestamp 1718780829581
24/06/19 07:07:10 INFO Utils: Fetching spark://localhost:37015/jars/org.apache.spark_spark-token-provider-kafka-0-10_2.12-3.5.0.jar to /tmp/spark-4e665db6-9604-4771-addb-256539bf173f/userFiles-65c5d9d5-05b6-4f9e-bf18-e6287814b109/fetchFileTemp13264257629371702778.tmp
[2024-06-19T07:07:10.225+0000] {docker.py:413} INFO - 24/06/19 07:07:10 INFO Utils: /tmp/spark-4e665db6-9604-4771-addb-256539bf173f/userFiles-65c5d9d5-05b6-4f9e-bf18-e6287814b109/fetchFileTemp13264257629371702778.tmp has been previously copied to /tmp/spark-4e665db6-9604-4771-addb-256539bf173f/userFiles-65c5d9d5-05b6-4f9e-bf18-e6287814b109/org.apache.spark_spark-token-provider-kafka-0-10_2.12-3.5.0.jar
[2024-06-19T07:07:10.227+0000] {docker.py:413} INFO - 24/06/19 07:07:10 INFO Executor: Adding file:/tmp/spark-4e665db6-9604-4771-addb-256539bf173f/userFiles-65c5d9d5-05b6-4f9e-bf18-e6287814b109/org.apache.spark_spark-token-provider-kafka-0-10_2.12-3.5.0.jar to class loader default
[2024-06-19T07:07:10.229+0000] {docker.py:413} INFO - 24/06/19 07:07:10 INFO Executor: Fetching spark://localhost:37015/jars/commons-logging_commons-logging-1.1.3.jar with timestamp 1718780829581
[2024-06-19T07:07:10.229+0000] {docker.py:413} INFO - 24/06/19 07:07:10 INFO Utils: Fetching spark://localhost:37015/jars/commons-logging_commons-logging-1.1.3.jar to /tmp/spark-4e665db6-9604-4771-addb-256539bf173f/userFiles-65c5d9d5-05b6-4f9e-bf18-e6287814b109/fetchFileTemp3453119878831513583.tmp
[2024-06-19T07:07:10.230+0000] {docker.py:413} INFO - 24/06/19 07:07:10 INFO Utils: /tmp/spark-4e665db6-9604-4771-addb-256539bf173f/userFiles-65c5d9d5-05b6-4f9e-bf18-e6287814b109/fetchFileTemp3453119878831513583.tmp has been previously copied to /tmp/spark-4e665db6-9604-4771-addb-256539bf173f/userFiles-65c5d9d5-05b6-4f9e-bf18-e6287814b109/commons-logging_commons-logging-1.1.3.jar
[2024-06-19T07:07:10.232+0000] {docker.py:413} INFO - 24/06/19 07:07:10 INFO Executor: Adding file:/tmp/spark-4e665db6-9604-4771-addb-256539bf173f/userFiles-65c5d9d5-05b6-4f9e-bf18-e6287814b109/commons-logging_commons-logging-1.1.3.jar to class loader default
[2024-06-19T07:07:10.232+0000] {docker.py:413} INFO - 24/06/19 07:07:10 INFO Executor: Fetching spark://localhost:37015/jars/org.lz4_lz4-java-1.8.0.jar with timestamp 1718780829581
[2024-06-19T07:07:10.233+0000] {docker.py:413} INFO - 24/06/19 07:07:10 INFO Utils: Fetching spark://localhost:37015/jars/org.lz4_lz4-java-1.8.0.jar to /tmp/spark-4e665db6-9604-4771-addb-256539bf173f/userFiles-65c5d9d5-05b6-4f9e-bf18-e6287814b109/fetchFileTemp11232012359418703161.tmp
[2024-06-19T07:07:10.235+0000] {docker.py:413} INFO - 24/06/19 07:07:10 INFO Utils: /tmp/spark-4e665db6-9604-4771-addb-256539bf173f/userFiles-65c5d9d5-05b6-4f9e-bf18-e6287814b109/fetchFileTemp11232012359418703161.tmp has been previously copied to /tmp/spark-4e665db6-9604-4771-addb-256539bf173f/userFiles-65c5d9d5-05b6-4f9e-bf18-e6287814b109/org.lz4_lz4-java-1.8.0.jar
[2024-06-19T07:07:10.252+0000] {docker.py:413} INFO - 24/06/19 07:07:10 INFO Executor: Adding file:/tmp/spark-4e665db6-9604-4771-addb-256539bf173f/userFiles-65c5d9d5-05b6-4f9e-bf18-e6287814b109/org.lz4_lz4-java-1.8.0.jar to class loader default
[2024-06-19T07:07:10.253+0000] {docker.py:413} INFO - 24/06/19 07:07:10 INFO Executor: Fetching spark://localhost:37015/jars/com.google.code.findbugs_jsr305-3.0.0.jar with timestamp 1718780829581
[2024-06-19T07:07:10.254+0000] {docker.py:413} INFO - 24/06/19 07:07:10 INFO Utils: Fetching spark://localhost:37015/jars/com.google.code.findbugs_jsr305-3.0.0.jar to /tmp/spark-4e665db6-9604-4771-addb-256539bf173f/userFiles-65c5d9d5-05b6-4f9e-bf18-e6287814b109/fetchFileTemp1371483935908683878.tmp
[2024-06-19T07:07:10.254+0000] {docker.py:413} INFO - 24/06/19 07:07:10 INFO Utils: /tmp/spark-4e665db6-9604-4771-addb-256539bf173f/userFiles-65c5d9d5-05b6-4f9e-bf18-e6287814b109/fetchFileTemp1371483935908683878.tmp has been previously copied to /tmp/spark-4e665db6-9604-4771-addb-256539bf173f/userFiles-65c5d9d5-05b6-4f9e-bf18-e6287814b109/com.google.code.findbugs_jsr305-3.0.0.jar
[2024-06-19T07:07:10.256+0000] {docker.py:413} INFO - 24/06/19 07:07:10 INFO Executor: Adding file:/tmp/spark-4e665db6-9604-4771-addb-256539bf173f/userFiles-65c5d9d5-05b6-4f9e-bf18-e6287814b109/com.google.code.findbugs_jsr305-3.0.0.jar to class loader default
[2024-06-19T07:07:10.257+0000] {docker.py:413} INFO - 24/06/19 07:07:10 INFO Executor: Fetching spark://localhost:37015/jars/org.slf4j_slf4j-api-2.0.7.jar with timestamp 1718780829581
[2024-06-19T07:07:10.258+0000] {docker.py:413} INFO - 24/06/19 07:07:10 INFO Utils: Fetching spark://localhost:37015/jars/org.slf4j_slf4j-api-2.0.7.jar to /tmp/spark-4e665db6-9604-4771-addb-256539bf173f/userFiles-65c5d9d5-05b6-4f9e-bf18-e6287814b109/fetchFileTemp9000784541358005275.tmp
[2024-06-19T07:07:10.259+0000] {docker.py:413} INFO - 24/06/19 07:07:10 INFO Utils: /tmp/spark-4e665db6-9604-4771-addb-256539bf173f/userFiles-65c5d9d5-05b6-4f9e-bf18-e6287814b109/fetchFileTemp9000784541358005275.tmp has been previously copied to /tmp/spark-4e665db6-9604-4771-addb-256539bf173f/userFiles-65c5d9d5-05b6-4f9e-bf18-e6287814b109/org.slf4j_slf4j-api-2.0.7.jar
[2024-06-19T07:07:10.263+0000] {docker.py:413} INFO - 24/06/19 07:07:10 INFO Executor: Adding file:/tmp/spark-4e665db6-9604-4771-addb-256539bf173f/userFiles-65c5d9d5-05b6-4f9e-bf18-e6287814b109/org.slf4j_slf4j-api-2.0.7.jar to class loader default
[2024-06-19T07:07:10.264+0000] {docker.py:413} INFO - 24/06/19 07:07:10 INFO Executor: Fetching spark://localhost:37015/jars/org.checkerframework_checker-qual-3.5.0.jar with timestamp 1718780829581
24/06/19 07:07:10 INFO Utils: Fetching spark://localhost:37015/jars/org.checkerframework_checker-qual-3.5.0.jar to /tmp/spark-4e665db6-9604-4771-addb-256539bf173f/userFiles-65c5d9d5-05b6-4f9e-bf18-e6287814b109/fetchFileTemp16215957783874592266.tmp
[2024-06-19T07:07:10.266+0000] {docker.py:413} INFO - 24/06/19 07:07:10 INFO Utils: /tmp/spark-4e665db6-9604-4771-addb-256539bf173f/userFiles-65c5d9d5-05b6-4f9e-bf18-e6287814b109/fetchFileTemp16215957783874592266.tmp has been previously copied to /tmp/spark-4e665db6-9604-4771-addb-256539bf173f/userFiles-65c5d9d5-05b6-4f9e-bf18-e6287814b109/org.checkerframework_checker-qual-3.5.0.jar
[2024-06-19T07:07:10.268+0000] {docker.py:413} INFO - 24/06/19 07:07:10 INFO Executor: Adding file:/tmp/spark-4e665db6-9604-4771-addb-256539bf173f/userFiles-65c5d9d5-05b6-4f9e-bf18-e6287814b109/org.checkerframework_checker-qual-3.5.0.jar to class loader default
[2024-06-19T07:07:10.268+0000] {docker.py:413} INFO - 24/06/19 07:07:10 INFO Executor: Fetching spark://localhost:37015/jars/org.apache.hadoop_hadoop-client-runtime-3.3.4.jar with timestamp 1718780829581
[2024-06-19T07:07:10.270+0000] {docker.py:413} INFO - 24/06/19 07:07:10 INFO Utils: Fetching spark://localhost:37015/jars/org.apache.hadoop_hadoop-client-runtime-3.3.4.jar to /tmp/spark-4e665db6-9604-4771-addb-256539bf173f/userFiles-65c5d9d5-05b6-4f9e-bf18-e6287814b109/fetchFileTemp13804808717468365408.tmp
[2024-06-19T07:07:10.342+0000] {docker.py:413} INFO - 24/06/19 07:07:10 INFO Utils: /tmp/spark-4e665db6-9604-4771-addb-256539bf173f/userFiles-65c5d9d5-05b6-4f9e-bf18-e6287814b109/fetchFileTemp13804808717468365408.tmp has been previously copied to /tmp/spark-4e665db6-9604-4771-addb-256539bf173f/userFiles-65c5d9d5-05b6-4f9e-bf18-e6287814b109/org.apache.hadoop_hadoop-client-runtime-3.3.4.jar
[2024-06-19T07:07:10.347+0000] {docker.py:413} INFO - 24/06/19 07:07:10 INFO Executor: Adding file:/tmp/spark-4e665db6-9604-4771-addb-256539bf173f/userFiles-65c5d9d5-05b6-4f9e-bf18-e6287814b109/org.apache.hadoop_hadoop-client-runtime-3.3.4.jar to class loader default
24/06/19 07:07:10 INFO Executor: Fetching spark://localhost:37015/jars/org.apache.commons_commons-pool2-2.11.1.jar with timestamp 1718780829581
[2024-06-19T07:07:10.348+0000] {docker.py:413} INFO - 24/06/19 07:07:10 INFO Utils: Fetching spark://localhost:37015/jars/org.apache.commons_commons-pool2-2.11.1.jar to /tmp/spark-4e665db6-9604-4771-addb-256539bf173f/userFiles-65c5d9d5-05b6-4f9e-bf18-e6287814b109/fetchFileTemp14079404681187221625.tmp
[2024-06-19T07:07:10.349+0000] {docker.py:413} INFO - 24/06/19 07:07:10 INFO Utils: /tmp/spark-4e665db6-9604-4771-addb-256539bf173f/userFiles-65c5d9d5-05b6-4f9e-bf18-e6287814b109/fetchFileTemp14079404681187221625.tmp has been previously copied to /tmp/spark-4e665db6-9604-4771-addb-256539bf173f/userFiles-65c5d9d5-05b6-4f9e-bf18-e6287814b109/org.apache.commons_commons-pool2-2.11.1.jar
[2024-06-19T07:07:10.351+0000] {docker.py:413} INFO - 24/06/19 07:07:10 INFO Executor: Adding file:/tmp/spark-4e665db6-9604-4771-addb-256539bf173f/userFiles-65c5d9d5-05b6-4f9e-bf18-e6287814b109/org.apache.commons_commons-pool2-2.11.1.jar to class loader default
24/06/19 07:07:10 INFO Executor: Fetching spark://localhost:37015/jars/org.apache.hadoop_hadoop-client-api-3.3.4.jar with timestamp 1718780829581
[2024-06-19T07:07:10.352+0000] {docker.py:413} INFO - 24/06/19 07:07:10 INFO Utils: Fetching spark://localhost:37015/jars/org.apache.hadoop_hadoop-client-api-3.3.4.jar to /tmp/spark-4e665db6-9604-4771-addb-256539bf173f/userFiles-65c5d9d5-05b6-4f9e-bf18-e6287814b109/fetchFileTemp375950684024515638.tmp
[2024-06-19T07:07:10.415+0000] {docker.py:413} INFO - 24/06/19 07:07:10 INFO Utils: /tmp/spark-4e665db6-9604-4771-addb-256539bf173f/userFiles-65c5d9d5-05b6-4f9e-bf18-e6287814b109/fetchFileTemp375950684024515638.tmp has been previously copied to /tmp/spark-4e665db6-9604-4771-addb-256539bf173f/userFiles-65c5d9d5-05b6-4f9e-bf18-e6287814b109/org.apache.hadoop_hadoop-client-api-3.3.4.jar
[2024-06-19T07:07:10.417+0000] {docker.py:413} INFO - 24/06/19 07:07:10 INFO Executor: Adding file:/tmp/spark-4e665db6-9604-4771-addb-256539bf173f/userFiles-65c5d9d5-05b6-4f9e-bf18-e6287814b109/org.apache.hadoop_hadoop-client-api-3.3.4.jar to class loader default
24/06/19 07:07:10 INFO Executor: Fetching spark://localhost:37015/jars/org.xerial.snappy_snappy-java-1.1.10.3.jar with timestamp 1718780829581
[2024-06-19T07:07:10.418+0000] {docker.py:413} INFO - 24/06/19 07:07:10 INFO Utils: Fetching spark://localhost:37015/jars/org.xerial.snappy_snappy-java-1.1.10.3.jar to /tmp/spark-4e665db6-9604-4771-addb-256539bf173f/userFiles-65c5d9d5-05b6-4f9e-bf18-e6287814b109/fetchFileTemp12011346364810999988.tmp
[2024-06-19T07:07:10.423+0000] {docker.py:413} INFO - 24/06/19 07:07:10 INFO Utils: /tmp/spark-4e665db6-9604-4771-addb-256539bf173f/userFiles-65c5d9d5-05b6-4f9e-bf18-e6287814b109/fetchFileTemp12011346364810999988.tmp has been previously copied to /tmp/spark-4e665db6-9604-4771-addb-256539bf173f/userFiles-65c5d9d5-05b6-4f9e-bf18-e6287814b109/org.xerial.snappy_snappy-java-1.1.10.3.jar
[2024-06-19T07:07:10.425+0000] {docker.py:413} INFO - 24/06/19 07:07:10 INFO Executor: Adding file:/tmp/spark-4e665db6-9604-4771-addb-256539bf173f/userFiles-65c5d9d5-05b6-4f9e-bf18-e6287814b109/org.xerial.snappy_snappy-java-1.1.10.3.jar to class loader default
24/06/19 07:07:10 INFO Executor: Fetching spark://localhost:37015/jars/org.postgresql_postgresql-42.5.4.jar with timestamp 1718780829581
[2024-06-19T07:07:10.426+0000] {docker.py:413} INFO - 24/06/19 07:07:10 INFO Utils: Fetching spark://localhost:37015/jars/org.postgresql_postgresql-42.5.4.jar to /tmp/spark-4e665db6-9604-4771-addb-256539bf173f/userFiles-65c5d9d5-05b6-4f9e-bf18-e6287814b109/fetchFileTemp9499300292807741751.tmp
[2024-06-19T07:07:10.430+0000] {docker.py:413} INFO - 24/06/19 07:07:10 INFO Utils: /tmp/spark-4e665db6-9604-4771-addb-256539bf173f/userFiles-65c5d9d5-05b6-4f9e-bf18-e6287814b109/fetchFileTemp9499300292807741751.tmp has been previously copied to /tmp/spark-4e665db6-9604-4771-addb-256539bf173f/userFiles-65c5d9d5-05b6-4f9e-bf18-e6287814b109/org.postgresql_postgresql-42.5.4.jar
[2024-06-19T07:07:10.433+0000] {docker.py:413} INFO - 24/06/19 07:07:10 INFO Executor: Adding file:/tmp/spark-4e665db6-9604-4771-addb-256539bf173f/userFiles-65c5d9d5-05b6-4f9e-bf18-e6287814b109/org.postgresql_postgresql-42.5.4.jar to class loader default
[2024-06-19T07:07:10.433+0000] {docker.py:413} INFO - 24/06/19 07:07:10 INFO Executor: Fetching spark://localhost:37015/jars/org.apache.spark_spark-sql-kafka-0-10_2.12-3.5.0.jar with timestamp 1718780829581
[2024-06-19T07:07:10.434+0000] {docker.py:413} INFO - 24/06/19 07:07:10 INFO Utils: Fetching spark://localhost:37015/jars/org.apache.spark_spark-sql-kafka-0-10_2.12-3.5.0.jar to /tmp/spark-4e665db6-9604-4771-addb-256539bf173f/userFiles-65c5d9d5-05b6-4f9e-bf18-e6287814b109/fetchFileTemp17735038444523717293.tmp
[2024-06-19T07:07:10.435+0000] {docker.py:413} INFO - 24/06/19 07:07:10 INFO Utils: /tmp/spark-4e665db6-9604-4771-addb-256539bf173f/userFiles-65c5d9d5-05b6-4f9e-bf18-e6287814b109/fetchFileTemp17735038444523717293.tmp has been previously copied to /tmp/spark-4e665db6-9604-4771-addb-256539bf173f/userFiles-65c5d9d5-05b6-4f9e-bf18-e6287814b109/org.apache.spark_spark-sql-kafka-0-10_2.12-3.5.0.jar
[2024-06-19T07:07:10.437+0000] {docker.py:413} INFO - 24/06/19 07:07:10 INFO Executor: Adding file:/tmp/spark-4e665db6-9604-4771-addb-256539bf173f/userFiles-65c5d9d5-05b6-4f9e-bf18-e6287814b109/org.apache.spark_spark-sql-kafka-0-10_2.12-3.5.0.jar to class loader default
[2024-06-19T07:07:10.443+0000] {docker.py:413} INFO - 24/06/19 07:07:10 INFO Utils: Successfully started service 'org.apache.spark.network.netty.NettyBlockTransferService' on port 35185.
[2024-06-19T07:07:10.444+0000] {docker.py:413} INFO - 24/06/19 07:07:10 INFO NettyBlockTransferService: Server created on localhost:35185
[2024-06-19T07:07:10.444+0000] {docker.py:413} INFO - 24/06/19 07:07:10 INFO BlockManager: Using org.apache.spark.storage.RandomBlockReplicationPolicy for block replication policy
[2024-06-19T07:07:10.449+0000] {docker.py:413} INFO - 24/06/19 07:07:10 INFO BlockManagerMaster: Registering BlockManager BlockManagerId(driver, localhost, 35185, None)
[2024-06-19T07:07:10.451+0000] {docker.py:413} INFO - 24/06/19 07:07:10 INFO BlockManagerMasterEndpoint: Registering block manager localhost:35185 with 434.4 MiB RAM, BlockManagerId(driver, localhost, 35185, None)
[2024-06-19T07:07:10.452+0000] {docker.py:413} INFO - 24/06/19 07:07:10 INFO BlockManagerMaster: Registered BlockManager BlockManagerId(driver, localhost, 35185, None)
[2024-06-19T07:07:10.453+0000] {docker.py:413} INFO - 24/06/19 07:07:10 INFO BlockManager: Initialized BlockManager: BlockManagerId(driver, localhost, 35185, None)
[2024-06-19T07:07:10.659+0000] {docker.py:413} INFO - 2024-06-19 07:07:10,658:create_spark_session:INFO:Spark session created successfully
[2024-06-19T07:07:10.663+0000] {docker.py:413} INFO - 24/06/19 07:07:10 INFO SharedState: Setting hive.metastore.warehouse.dir ('null') to the value of spark.sql.warehouse.dir.
[2024-06-19T07:07:10.664+0000] {docker.py:413} INFO - 24/06/19 07:07:10 INFO SharedState: Warehouse path is 'file:/opt/bitnami/spark/spark-warehouse'.
[2024-06-19T07:07:11.323+0000] {docker.py:413} INFO - 2024-06-19 07:07:11,322:create_initial_dataframe:INFO:Initial dataframe created successfully
[2024-06-19T07:07:11.336+0000] {docker.py:413} INFO - 2024-06-19 07:07:11,335:create_initial_dataframe:INFO:Initial dataframe created successfully
[2024-06-19T07:07:11.344+0000] {docker.py:413} INFO - 2024-06-19 07:07:11,343:create_initial_dataframe:INFO:Initial dataframe created successfully
[2024-06-19T07:07:11.520+0000] {docker.py:413} INFO - 24/06/19 07:07:11 WARN SparkStringUtils: Truncated the string representation of a plan since it was too large. This behavior can be adjusted by setting 'spark.sql.debug.maxToStringFields'.
[2024-06-19T07:07:11.591+0000] {docker.py:413} INFO - Traceback (most recent call last):
  File "/opt/bitnami/spark/spark_streaming.py", line 153, in <module>
[2024-06-19T07:07:11.592+0000] {docker.py:413} INFO - write_to_postgres()
  File "/opt/bitnami/spark/spark_streaming.py", line 148, in write_to_postgres
    df_final = create_final_dataframe(df)
               ^^^^^^^^^^^^^^^^^^^^^^^^^^
  File "/opt/bitnami/spark/spark_streaming.py", line 100, in create_final_dataframe
    df_out.update(df1)
TypeError: cannot convert dictionary update sequence element #0 to a sequence
[2024-06-19T07:07:11.592+0000] {docker.py:413} INFO - 2024-06-19 07:07:11,588:close:INFO:Closing down clientserver connection
[2024-06-19T07:07:11.618+0000] {docker.py:413} INFO - 24/06/19 07:07:11 INFO SparkContext: Invoking stop() from shutdown hook
24/06/19 07:07:11 INFO SparkContext: SparkContext is stopping with exitCode 0.
[2024-06-19T07:07:11.631+0000] {docker.py:413} INFO - 24/06/19 07:07:11 INFO SparkUI: Stopped Spark web UI at http://localhost:4040
[2024-06-19T07:07:11.652+0000] {docker.py:413} INFO - 24/06/19 07:07:11 INFO MapOutputTrackerMasterEndpoint: MapOutputTrackerMasterEndpoint stopped!
[2024-06-19T07:07:11.665+0000] {docker.py:413} INFO - 24/06/19 07:07:11 INFO MemoryStore: MemoryStore cleared
24/06/19 07:07:11 INFO BlockManager: BlockManager stopped
[2024-06-19T07:07:11.672+0000] {docker.py:413} INFO - 24/06/19 07:07:11 INFO BlockManagerMaster: BlockManagerMaster stopped
[2024-06-19T07:07:11.674+0000] {docker.py:413} INFO - 24/06/19 07:07:11 INFO OutputCommitCoordinator$OutputCommitCoordinatorEndpoint: OutputCommitCoordinator stopped!
[2024-06-19T07:07:11.684+0000] {docker.py:413} INFO - 24/06/19 07:07:11 INFO SparkContext: Successfully stopped SparkContext
[2024-06-19T07:07:11.684+0000] {docker.py:413} INFO - 24/06/19 07:07:11 INFO ShutdownHookManager: Shutdown hook called
[2024-06-19T07:07:11.685+0000] {docker.py:413} INFO - 24/06/19 07:07:11 INFO ShutdownHookManager: Deleting directory /tmp/spark-7d74fbc3-bcf7-4009-b557-32850d7962e6
[2024-06-19T07:07:11.688+0000] {docker.py:413} INFO - 24/06/19 07:07:11 INFO ShutdownHookManager: Deleting directory /tmp/spark-4e665db6-9604-4771-addb-256539bf173f/pyspark-03eff8e0-d4f8-48f9-85fa-ba30de50b028
[2024-06-19T07:07:11.689+0000] {docker.py:413} INFO - 24/06/19 07:07:11 INFO ShutdownHookManager: Deleting directory /tmp/spark-4e665db6-9604-4771-addb-256539bf173f
[2024-06-19T07:07:11.947+0000] {taskinstance.py:1937} ERROR - Task failed with exception
Traceback (most recent call last):
  File "/home/airflow/.local/lib/python3.8/site-packages/docker/api/client.py", line 268, in _raise_for_status
    response.raise_for_status()
  File "/home/airflow/.local/lib/python3.8/site-packages/requests/models.py", line 1021, in raise_for_status
    raise HTTPError(http_error_msg, response=self)
requests.exceptions.HTTPError: 400 Client Error: Bad Request for url: http://docker-proxy:2375/v1.44/containers/create

The above exception was the direct cause of the following exception:

Traceback (most recent call last):
  File "/home/airflow/.local/lib/python3.8/site-packages/airflow/providers/docker/operators/docker.py", line 348, in _run_image
    return self._run_image_with_mounts([*self.mounts, tmp_mount], add_tmp_variable=True)
  File "/home/airflow/.local/lib/python3.8/site-packages/airflow/providers/docker/operators/docker.py", line 375, in _run_image_with_mounts
    self.container = self.cli.create_container(
  File "/home/airflow/.local/lib/python3.8/site-packages/docker/api/container.py", line 431, in create_container
    return self.create_container_from_config(config, name, platform)
  File "/home/airflow/.local/lib/python3.8/site-packages/docker/api/container.py", line 448, in create_container_from_config
    return self._result(res, True)
  File "/home/airflow/.local/lib/python3.8/site-packages/docker/api/client.py", line 274, in _result
    self._raise_for_status(response)
  File "/home/airflow/.local/lib/python3.8/site-packages/docker/api/client.py", line 270, in _raise_for_status
    raise create_api_error_from_http_exception(e) from e
  File "/home/airflow/.local/lib/python3.8/site-packages/docker/errors.py", line 39, in create_api_error_from_http_exception
    raise cls(e, response=response, explanation=explanation) from e
docker.errors.APIError: 400 Client Error for http://docker-proxy:2375/v1.44/containers/create: Bad Request ("invalid mount config for type "bind": bind source path does not exist: /host_mnt/private/tmp/airflowtmp2_ixses_")

During handling of the above exception, another exception occurred:

Traceback (most recent call last):
  File "/home/airflow/.local/lib/python3.8/site-packages/airflow/providers/docker/operators/docker.py", line 486, in execute
    return self._run_image()
  File "/home/airflow/.local/lib/python3.8/site-packages/airflow/providers/docker/operators/docker.py", line 357, in _run_image
    return self._run_image_with_mounts(self.mounts, add_tmp_variable=False)
  File "/home/airflow/.local/lib/python3.8/site-packages/airflow/providers/docker/operators/docker.py", line 421, in _run_image_with_mounts
    raise DockerContainerFailedException(f"Docker container failed: {result!r}", logs=log_lines)
airflow.providers.docker.exceptions.DockerContainerFailedException: Docker container failed: {'StatusCode': 1}
[2024-06-19T07:07:11.952+0000] {taskinstance.py:1400} INFO - Marking task as UP_FOR_RETRY. dag_id=kafka_spark_dag, task_id=pyspark_consumer, execution_date=20240619T070033, start_date=20240619T070539, end_date=20240619T070711
[2024-06-19T07:07:11.969+0000] {standard_task_runner.py:104} ERROR - Failed to execute job 113 for task pyspark_consumer (Docker container failed: {'StatusCode': 1}; 10128)
[2024-06-19T07:07:12.014+0000] {local_task_job_runner.py:228} INFO - Task exited with return code 1
[2024-06-19T07:07:12.049+0000] {taskinstance.py:2778} INFO - 0 downstream tasks scheduled from follow-on schedule check
