[2024-06-19T08:57:11.012+0000] {taskinstance.py:1159} INFO - Dependencies all met for dep_context=non-requeueable deps ti=<TaskInstance: kafka_spark_dag.pyspark_consumer scheduled__2024-06-19T08:51:38.394942+00:00 [queued]>
[2024-06-19T08:57:11.032+0000] {taskinstance.py:1159} INFO - Dependencies all met for dep_context=requeueable deps ti=<TaskInstance: kafka_spark_dag.pyspark_consumer scheduled__2024-06-19T08:51:38.394942+00:00 [queued]>
[2024-06-19T08:57:11.033+0000] {taskinstance.py:1361} INFO - Starting attempt 1 of 2
[2024-06-19T08:57:11.058+0000] {taskinstance.py:1382} INFO - Executing <Task(DockerOperator): pyspark_consumer> on 2024-06-19 08:51:38.394942+00:00
[2024-06-19T08:57:11.068+0000] {standard_task_runner.py:57} INFO - Started process 729 to run task
[2024-06-19T08:57:11.073+0000] {standard_task_runner.py:84} INFO - Running: ['***', 'tasks', 'run', 'kafka_spark_dag', 'pyspark_consumer', 'scheduled__2024-06-19T08:51:38.394942+00:00', '--job-id', '118', '--raw', '--subdir', 'DAGS_FOLDER/dag_kafka_spark.py', '--cfg-path', '/tmp/tmpp2i27rf_']
[2024-06-19T08:57:11.074+0000] {standard_task_runner.py:85} INFO - Job 118: Subtask pyspark_consumer
[2024-06-19T08:57:11.158+0000] {task_command.py:416} INFO - Running <TaskInstance: kafka_spark_dag.pyspark_consumer scheduled__2024-06-19T08:51:38.394942+00:00 [running]> on host 2ad9230613d5
[2024-06-19T08:57:11.279+0000] {taskinstance.py:1662} INFO - Exporting env vars: AIRFLOW_CTX_DAG_OWNER='***' AIRFLOW_CTX_DAG_ID='kafka_spark_dag' AIRFLOW_CTX_TASK_ID='pyspark_consumer' AIRFLOW_CTX_EXECUTION_DATE='2024-06-19T08:51:38.394942+00:00' AIRFLOW_CTX_TRY_NUMBER='1' AIRFLOW_CTX_DAG_RUN_ID='scheduled__2024-06-19T08:51:38.394942+00:00'
[2024-06-19T08:57:11.444+0000] {docker.py:343} INFO - Starting docker container from image rappel-conso/spark:latest
[2024-06-19T08:57:11.540+0000] {docker.py:351} WARNING - Using remote engine or docker-in-docker and mounting temporary volume from host is not supported. Falling back to `mount_tmp_dir=False` mode. You can set `mount_tmp_dir` parameter to False to disable mounting and remove the warning
[2024-06-19T08:57:12.775+0000] {docker.py:413} INFO - [38;5;6mspark [38;5;5m08:57:12.77 [0m[38;5;2mINFO [0m ==>
[2024-06-19T08:57:12.779+0000] {docker.py:413} INFO - [38;5;6mspark [38;5;5m08:57:12.77 [0m[38;5;2mINFO [0m ==> [1mWelcome to the Bitnami spark container[0m
[2024-06-19T08:57:12.780+0000] {docker.py:413} INFO - [38;5;6mspark [38;5;5m08:57:12.77 [0m[38;5;2mINFO [0m ==> Subscribe to project updates by watching [1mhttps://github.com/bitnami/containers[0m
[2024-06-19T08:57:12.784+0000] {docker.py:413} INFO - [38;5;6mspark [38;5;5m08:57:12.78 [0m[38;5;2mINFO [0m ==> Submit issues and feature requests at [1mhttps://github.com/bitnami/containers/issues[0m
[2024-06-19T08:57:12.798+0000] {docker.py:413} INFO - [38;5;6mspark [38;5;5m08:57:12.78 [0m[38;5;2mINFO [0m ==>
[2024-06-19T08:57:12.801+0000] {docker.py:413} INFO - 
[2024-06-19T08:57:17.434+0000] {docker.py:413} INFO - :: loading settings :: url = jar:file:/opt/bitnami/spark/jars/ivy-2.5.1.jar!/org/apache/ivy/core/settings/ivysettings.xml
[2024-06-19T08:57:17.933+0000] {docker.py:413} INFO - Ivy Default Cache set to: /opt/bitnami/spark/.ivy2/cache
The jars for the packages stored in: /opt/bitnami/spark/.ivy2/jars
[2024-06-19T08:57:17.934+0000] {docker.py:413} INFO - org.postgresql#postgresql added as a dependency
org.apache.spark#spark-sql-kafka-0-10_2.12 added as a dependency
[2024-06-19T08:57:17.934+0000] {docker.py:413} INFO - :: resolving dependencies :: org.apache.spark#spark-submit-parent-767aa0a4-89e4-46d3-b778-50051bd7c5d7;1.0
	confs: [default]
[2024-06-19T08:57:20.243+0000] {docker.py:413} INFO - found org.postgresql#postgresql;42.5.4 in central
[2024-06-19T08:57:20.750+0000] {docker.py:413} INFO - found org.checkerframework#checker-qual;3.5.0 in central
[2024-06-19T08:57:25.318+0000] {docker.py:413} INFO - found org.apache.spark#spark-sql-kafka-0-10_2.12;3.5.0 in central
[2024-06-19T08:57:26.577+0000] {docker.py:413} INFO - found org.apache.spark#spark-token-provider-kafka-0-10_2.12;3.5.0 in central
[2024-06-19T08:57:27.259+0000] {docker.py:413} INFO - found org.apache.kafka#kafka-clients;3.4.1 in central
[2024-06-19T08:57:27.869+0000] {docker.py:413} INFO - found org.lz4#lz4-java;1.8.0 in central
[2024-06-19T08:57:28.352+0000] {docker.py:413} INFO - found org.xerial.snappy#snappy-java;1.1.10.3 in central
[2024-06-19T08:57:30.632+0000] {docker.py:413} INFO - found org.slf4j#slf4j-api;2.0.7 in central
[2024-06-19T08:57:34.607+0000] {docker.py:413} INFO - found org.apache.hadoop#hadoop-client-runtime;3.3.4 in central
[2024-06-19T08:57:35.164+0000] {docker.py:413} INFO - found org.apache.hadoop#hadoop-client-api;3.3.4 in central
[2024-06-19T08:57:38.084+0000] {docker.py:413} INFO - found commons-logging#commons-logging;1.1.3 in central
[2024-06-19T08:57:38.581+0000] {docker.py:413} INFO - found com.google.code.findbugs#jsr305;3.0.0 in central
[2024-06-19T08:57:44.653+0000] {docker.py:413} INFO - found org.apache.commons#commons-pool2;2.11.1 in central
[2024-06-19T08:57:44.893+0000] {docker.py:413} INFO - downloading https://repo1.maven.org/maven2/org/postgresql/postgresql/42.5.4/postgresql-42.5.4.jar ...
[2024-06-19T08:57:45.739+0000] {docker.py:413} INFO - [SUCCESSFUL ] org.postgresql#postgresql;42.5.4!postgresql.jar (1078ms)
[2024-06-19T08:57:45.973+0000] {docker.py:413} INFO - downloading https://repo1.maven.org/maven2/org/apache/spark/spark-sql-kafka-0-10_2.12/3.5.0/spark-sql-kafka-0-10_2.12-3.5.0.jar ...
[2024-06-19T08:57:46.252+0000] {docker.py:413} INFO - [SUCCESSFUL ] org.apache.spark#spark-sql-kafka-0-10_2.12;3.5.0!spark-sql-kafka-0-10_2.12.jar (512ms)
[2024-06-19T08:57:46.486+0000] {docker.py:413} INFO - downloading https://repo1.maven.org/maven2/org/checkerframework/checker-qual/3.5.0/checker-qual-3.5.0.jar ...
[2024-06-19T08:57:46.740+0000] {docker.py:413} INFO - [SUCCESSFUL ] org.checkerframework#checker-qual;3.5.0!checker-qual.jar (487ms)
[2024-06-19T08:57:46.978+0000] {docker.py:413} INFO - downloading https://repo1.maven.org/maven2/org/apache/spark/spark-token-provider-kafka-0-10_2.12/3.5.0/spark-token-provider-kafka-0-10_2.12-3.5.0.jar ...
[2024-06-19T08:57:47.219+0000] {docker.py:413} INFO - [SUCCESSFUL ] org.apache.spark#spark-token-provider-kafka-0-10_2.12;3.5.0!spark-token-provider-kafka-0-10_2.12.jar (477ms)
[2024-06-19T08:57:47.454+0000] {docker.py:413} INFO - downloading https://repo1.maven.org/maven2/org/apache/kafka/kafka-clients/3.4.1/kafka-clients-3.4.1.jar ...
[2024-06-19T08:57:48.267+0000] {docker.py:413} INFO - [SUCCESSFUL ] org.apache.kafka#kafka-clients;3.4.1!kafka-clients.jar (1046ms)
[2024-06-19T08:57:48.503+0000] {docker.py:413} INFO - downloading https://repo1.maven.org/maven2/com/google/code/findbugs/jsr305/3.0.0/jsr305-3.0.0.jar ...
[2024-06-19T08:57:48.750+0000] {docker.py:413} INFO - [SUCCESSFUL ] com.google.code.findbugs#jsr305;3.0.0!jsr305.jar (475ms)
[2024-06-19T08:57:48.985+0000] {docker.py:413} INFO - downloading https://repo1.maven.org/maven2/org/apache/commons/commons-pool2/2.11.1/commons-pool2-2.11.1.jar ...
[2024-06-19T08:57:49.229+0000] {docker.py:413} INFO - [SUCCESSFUL ] org.apache.commons#commons-pool2;2.11.1!commons-pool2.jar (482ms)
[2024-06-19T08:57:49.463+0000] {docker.py:413} INFO - downloading https://repo1.maven.org/maven2/org/apache/hadoop/hadoop-client-runtime/3.3.4/hadoop-client-runtime-3.3.4.jar ...
[2024-06-19T08:57:53.391+0000] {docker.py:413} INFO - [SUCCESSFUL ] org.apache.hadoop#hadoop-client-runtime;3.3.4!hadoop-client-runtime.jar (4163ms)
[2024-06-19T08:57:53.628+0000] {docker.py:413} INFO - downloading https://repo1.maven.org/maven2/org/lz4/lz4-java/1.8.0/lz4-java-1.8.0.jar ...
[2024-06-19T08:57:53.935+0000] {docker.py:413} INFO - [SUCCESSFUL ] org.lz4#lz4-java;1.8.0!lz4-java.jar (540ms)
[2024-06-19T08:57:54.170+0000] {docker.py:413} INFO - downloading https://repo1.maven.org/maven2/org/xerial/snappy/snappy-java/1.1.10.3/snappy-java-1.1.10.3.jar ...
[2024-06-19T08:57:54.662+0000] {docker.py:413} INFO - [SUCCESSFUL ] org.xerial.snappy#snappy-java;1.1.10.3!snappy-java.jar(bundle) (724ms)
[2024-06-19T08:57:54.895+0000] {docker.py:413} INFO - downloading https://repo1.maven.org/maven2/org/slf4j/slf4j-api/2.0.7/slf4j-api-2.0.7.jar ...
[2024-06-19T08:57:55.137+0000] {docker.py:413} INFO - [SUCCESSFUL ] org.slf4j#slf4j-api;2.0.7!slf4j-api.jar (474ms)
[2024-06-19T08:57:55.370+0000] {docker.py:413} INFO - downloading https://repo1.maven.org/maven2/org/apache/hadoop/hadoop-client-api/3.3.4/hadoop-client-api-3.3.4.jar ...
[2024-06-19T08:57:57.925+0000] {docker.py:413} INFO - [SUCCESSFUL ] org.apache.hadoop#hadoop-client-api;3.3.4!hadoop-client-api.jar (2786ms)
[2024-06-19T08:57:58.159+0000] {docker.py:413} INFO - downloading https://repo1.maven.org/maven2/commons-logging/commons-logging/1.1.3/commons-logging-1.1.3.jar ...
[2024-06-19T08:57:58.393+0000] {docker.py:413} INFO - [SUCCESSFUL ] commons-logging#commons-logging;1.1.3!commons-logging.jar (468ms)
[2024-06-19T08:57:58.394+0000] {docker.py:413} INFO - :: resolution report :: resolve 26730ms :: artifacts dl 13735ms
[2024-06-19T08:57:58.395+0000] {docker.py:413} INFO - :: modules in use:
[2024-06-19T08:57:58.395+0000] {docker.py:413} INFO - com.google.code.findbugs#jsr305;3.0.0 from central in [default]
	commons-logging#commons-logging;1.1.3 from central in [default]
	org.apache.commons#commons-pool2;2.11.1 from central in [default]
	org.apache.hadoop#hadoop-client-api;3.3.4 from central in [default]
	org.apache.hadoop#hadoop-client-runtime;3.3.4 from central in [default]
	org.apache.kafka#kafka-clients;3.4.1 from central in [default]
	org.apache.spark#spark-sql-kafka-0-10_2.12;3.5.0 from central in [default]
	org.apache.spark#spark-token-provider-kafka-0-10_2.12;3.5.0 from central in [default]
	org.checkerframework#checker-qual;3.5.0 from central in [default]
	org.lz4#lz4-java;1.8.0 from central in [default]
	org.postgresql#postgresql;42.5.4 from central in [default]
[2024-06-19T08:57:58.395+0000] {docker.py:413} INFO - org.slf4j#slf4j-api;2.0.7 from central in [default]
	org.xerial.snappy#snappy-java;1.1.10.3 from central in [default]
	---------------------------------------------------------------------
	|                  |            modules            ||   artifacts   |
	|       conf       | number| search|dwnlded|evicted|| number|dwnlded|
	---------------------------------------------------------------------
	|      default     |   13  |   13  |   13  |   0   ||   13  |   13  |
	---------------------------------------------------------------------
[2024-06-19T08:57:58.400+0000] {docker.py:413} INFO - :: retrieving :: org.apache.spark#spark-submit-parent-767aa0a4-89e4-46d3-b778-50051bd7c5d7
	confs: [default]
[2024-06-19T08:57:58.537+0000] {docker.py:413} INFO - 13 artifacts copied, 0 already retrieved (58001kB/135ms)
[2024-06-19T08:57:58.725+0000] {docker.py:413} INFO - 24/06/19 08:57:58 WARN NativeCodeLoader: Unable to load native-hadoop library for your platform... using builtin-java classes where applicable
[2024-06-19T08:57:59.664+0000] {docker.py:413} INFO - 24/06/19 08:57:59 INFO SparkContext: Running Spark version 3.5.0
[2024-06-19T08:57:59.665+0000] {docker.py:413} INFO - 24/06/19 08:57:59 INFO SparkContext: OS info Linux, 6.6.12-linuxkit, aarch64
[2024-06-19T08:57:59.665+0000] {docker.py:413} INFO - 24/06/19 08:57:59 INFO SparkContext: Java version 17.0.10
[2024-06-19T08:57:59.678+0000] {docker.py:413} INFO - 24/06/19 08:57:59 INFO ResourceUtils: ==============================================================
[2024-06-19T08:57:59.679+0000] {docker.py:413} INFO - 24/06/19 08:57:59 INFO ResourceUtils: No custom resources configured for spark.driver.
24/06/19 08:57:59 INFO ResourceUtils: ==============================================================
[2024-06-19T08:57:59.679+0000] {docker.py:413} INFO - 24/06/19 08:57:59 INFO SparkContext: Submitted application: PostgreSQL Connection with PySpark
[2024-06-19T08:57:59.697+0000] {docker.py:413} INFO - 24/06/19 08:57:59 INFO ResourceProfile: Default ResourceProfile created, executor resources: Map(cores -> name: cores, amount: 1, script: , vendor: , memory -> name: memory, amount: 1024, script: , vendor: , offHeap -> name: offHeap, amount: 0, script: , vendor: ), task resources: Map(cpus -> name: cpus, amount: 1.0)
[2024-06-19T08:57:59.702+0000] {docker.py:413} INFO - 24/06/19 08:57:59 INFO ResourceProfile: Limiting resource is cpu
[2024-06-19T08:57:59.703+0000] {docker.py:413} INFO - 24/06/19 08:57:59 INFO ResourceProfileManager: Added ResourceProfile id: 0
[2024-06-19T08:57:59.743+0000] {docker.py:413} INFO - 24/06/19 08:57:59 INFO SecurityManager: Changing view acls to: spark
[2024-06-19T08:57:59.744+0000] {docker.py:413} INFO - 24/06/19 08:57:59 INFO SecurityManager: Changing modify acls to: spark
[2024-06-19T08:57:59.744+0000] {docker.py:413} INFO - 24/06/19 08:57:59 INFO SecurityManager: Changing view acls groups to:
[2024-06-19T08:57:59.745+0000] {docker.py:413} INFO - 24/06/19 08:57:59 INFO SecurityManager: Changing modify acls groups to: 
24/06/19 08:57:59 INFO SecurityManager: SecurityManager: authentication disabled; ui acls disabled; users with view permissions: spark; groups with view permissions: EMPTY; users with modify permissions: spark; groups with modify permissions: EMPTY
[2024-06-19T08:57:59.899+0000] {docker.py:413} INFO - 24/06/19 08:57:59 INFO Utils: Successfully started service 'sparkDriver' on port 34131.
[2024-06-19T08:57:59.918+0000] {docker.py:413} INFO - 24/06/19 08:57:59 INFO SparkEnv: Registering MapOutputTracker
[2024-06-19T08:57:59.945+0000] {docker.py:413} INFO - 24/06/19 08:57:59 INFO SparkEnv: Registering BlockManagerMaster
[2024-06-19T08:57:59.960+0000] {docker.py:413} INFO - 24/06/19 08:57:59 INFO BlockManagerMasterEndpoint: Using org.apache.spark.storage.DefaultTopologyMapper for getting topology information
24/06/19 08:57:59 INFO BlockManagerMasterEndpoint: BlockManagerMasterEndpoint up
[2024-06-19T08:57:59.963+0000] {docker.py:413} INFO - 24/06/19 08:57:59 INFO SparkEnv: Registering BlockManagerMasterHeartbeat
[2024-06-19T08:57:59.980+0000] {docker.py:413} INFO - 24/06/19 08:57:59 INFO DiskBlockManager: Created local directory at /tmp/blockmgr-7329ac73-e222-40aa-a34c-59a71f094452
[2024-06-19T08:57:59.991+0000] {docker.py:413} INFO - 24/06/19 08:57:59 INFO MemoryStore: MemoryStore started with capacity 434.4 MiB
[2024-06-19T08:58:00.002+0000] {docker.py:413} INFO - 24/06/19 08:58:00 INFO SparkEnv: Registering OutputCommitCoordinator
[2024-06-19T08:58:00.104+0000] {docker.py:413} INFO - 24/06/19 08:58:00 INFO JettyUtils: Start Jetty 0.0.0.0:4040 for SparkUI
[2024-06-19T08:58:00.154+0000] {docker.py:413} INFO - 24/06/19 08:58:00 INFO Utils: Successfully started service 'SparkUI' on port 4040.
[2024-06-19T08:58:00.187+0000] {docker.py:413} INFO - 24/06/19 08:58:00 INFO SparkContext: Added JAR file:///opt/bitnami/spark/.ivy2/jars/org.postgresql_postgresql-42.5.4.jar at spark://localhost:34131/jars/org.postgresql_postgresql-42.5.4.jar with timestamp 1718787479658
24/06/19 08:58:00 INFO SparkContext: Added JAR file:///opt/bitnami/spark/.ivy2/jars/org.apache.spark_spark-sql-kafka-0-10_2.12-3.5.0.jar at spark://localhost:34131/jars/org.apache.spark_spark-sql-kafka-0-10_2.12-3.5.0.jar with timestamp 1718787479658
24/06/19 08:58:00 INFO SparkContext: Added JAR file:///opt/bitnami/spark/.ivy2/jars/org.checkerframework_checker-qual-3.5.0.jar at spark://localhost:34131/jars/org.checkerframework_checker-qual-3.5.0.jar with timestamp 1718787479658
24/06/19 08:58:00 INFO SparkContext: Added JAR file:///opt/bitnami/spark/.ivy2/jars/org.apache.spark_spark-token-provider-kafka-0-10_2.12-3.5.0.jar at spark://localhost:34131/jars/org.apache.spark_spark-token-provider-kafka-0-10_2.12-3.5.0.jar with timestamp 1718787479658
24/06/19 08:58:00 INFO SparkContext: Added JAR file:///opt/bitnami/spark/.ivy2/jars/org.apache.kafka_kafka-clients-3.4.1.jar at spark://localhost:34131/jars/org.apache.kafka_kafka-clients-3.4.1.jar with timestamp 1718787479658
24/06/19 08:58:00 INFO SparkContext: Added JAR file:///opt/bitnami/spark/.ivy2/jars/com.google.code.findbugs_jsr305-3.0.0.jar at spark://localhost:34131/jars/com.google.code.findbugs_jsr305-3.0.0.jar with timestamp 1718787479658
24/06/19 08:58:00 INFO SparkContext: Added JAR file:///opt/bitnami/spark/.ivy2/jars/org.apache.commons_commons-pool2-2.11.1.jar at spark://localhost:34131/jars/org.apache.commons_commons-pool2-2.11.1.jar with timestamp 1718787479658
24/06/19 08:58:00 INFO SparkContext: Added JAR file:///opt/bitnami/spark/.ivy2/jars/org.apache.hadoop_hadoop-client-runtime-3.3.4.jar at spark://localhost:34131/jars/org.apache.hadoop_hadoop-client-runtime-3.3.4.jar with timestamp 1718787479658
24/06/19 08:58:00 INFO SparkContext: Added JAR file:///opt/bitnami/spark/.ivy2/jars/org.lz4_lz4-java-1.8.0.jar at spark://localhost:34131/jars/org.lz4_lz4-java-1.8.0.jar with timestamp 1718787479658
24/06/19 08:58:00 INFO SparkContext: Added JAR file:///opt/bitnami/spark/.ivy2/jars/org.xerial.snappy_snappy-java-1.1.10.3.jar at spark://localhost:34131/jars/org.xerial.snappy_snappy-java-1.1.10.3.jar with timestamp 1718787479658
24/06/19 08:58:00 INFO SparkContext: Added JAR file:///opt/bitnami/spark/.ivy2/jars/org.slf4j_slf4j-api-2.0.7.jar at spark://localhost:34131/jars/org.slf4j_slf4j-api-2.0.7.jar with timestamp 1718787479658
24/06/19 08:58:00 INFO SparkContext: Added JAR file:///opt/bitnami/spark/.ivy2/jars/org.apache.hadoop_hadoop-client-api-3.3.4.jar at spark://localhost:34131/jars/org.apache.hadoop_hadoop-client-api-3.3.4.jar with timestamp 1718787479658
24/06/19 08:58:00 INFO SparkContext: Added JAR file:///opt/bitnami/spark/.ivy2/jars/commons-logging_commons-logging-1.1.3.jar at spark://localhost:34131/jars/commons-logging_commons-logging-1.1.3.jar with timestamp 1718787479658
[2024-06-19T08:58:00.189+0000] {docker.py:413} INFO - 24/06/19 08:58:00 INFO SparkContext: Added file file:///opt/bitnami/spark/.ivy2/jars/org.postgresql_postgresql-42.5.4.jar at file:///opt/bitnami/spark/.ivy2/jars/org.postgresql_postgresql-42.5.4.jar with timestamp 1718787479658
[2024-06-19T08:58:00.191+0000] {docker.py:413} INFO - 24/06/19 08:58:00 INFO Utils: Copying /opt/bitnami/spark/.ivy2/jars/org.postgresql_postgresql-42.5.4.jar to /tmp/spark-664965c8-d75b-4354-9d3f-4b0951ef7704/userFiles-4ef67552-e533-40bb-95f1-df9d10d00fba/org.postgresql_postgresql-42.5.4.jar
[2024-06-19T08:58:00.204+0000] {docker.py:413} INFO - 24/06/19 08:58:00 INFO SparkContext: Added file file:///opt/bitnami/spark/.ivy2/jars/org.apache.spark_spark-sql-kafka-0-10_2.12-3.5.0.jar at file:///opt/bitnami/spark/.ivy2/jars/org.apache.spark_spark-sql-kafka-0-10_2.12-3.5.0.jar with timestamp 1718787479658
[2024-06-19T08:58:00.204+0000] {docker.py:413} INFO - 24/06/19 08:58:00 INFO Utils: Copying /opt/bitnami/spark/.ivy2/jars/org.apache.spark_spark-sql-kafka-0-10_2.12-3.5.0.jar to /tmp/spark-664965c8-d75b-4354-9d3f-4b0951ef7704/userFiles-4ef67552-e533-40bb-95f1-df9d10d00fba/org.apache.spark_spark-sql-kafka-0-10_2.12-3.5.0.jar
[2024-06-19T08:58:00.208+0000] {docker.py:413} INFO - 24/06/19 08:58:00 INFO SparkContext: Added file file:///opt/bitnami/spark/.ivy2/jars/org.checkerframework_checker-qual-3.5.0.jar at file:///opt/bitnami/spark/.ivy2/jars/org.checkerframework_checker-qual-3.5.0.jar with timestamp 1718787479658
[2024-06-19T08:58:00.208+0000] {docker.py:413} INFO - 24/06/19 08:58:00 INFO Utils: Copying /opt/bitnami/spark/.ivy2/jars/org.checkerframework_checker-qual-3.5.0.jar to /tmp/spark-664965c8-d75b-4354-9d3f-4b0951ef7704/userFiles-4ef67552-e533-40bb-95f1-df9d10d00fba/org.checkerframework_checker-qual-3.5.0.jar
[2024-06-19T08:58:00.214+0000] {docker.py:413} INFO - 24/06/19 08:58:00 INFO SparkContext: Added file file:///opt/bitnami/spark/.ivy2/jars/org.apache.spark_spark-token-provider-kafka-0-10_2.12-3.5.0.jar at file:///opt/bitnami/spark/.ivy2/jars/org.apache.spark_spark-token-provider-kafka-0-10_2.12-3.5.0.jar with timestamp 1718787479658
[2024-06-19T08:58:00.214+0000] {docker.py:413} INFO - 24/06/19 08:58:00 INFO Utils: Copying /opt/bitnami/spark/.ivy2/jars/org.apache.spark_spark-token-provider-kafka-0-10_2.12-3.5.0.jar to /tmp/spark-664965c8-d75b-4354-9d3f-4b0951ef7704/userFiles-4ef67552-e533-40bb-95f1-df9d10d00fba/org.apache.spark_spark-token-provider-kafka-0-10_2.12-3.5.0.jar
[2024-06-19T08:58:00.219+0000] {docker.py:413} INFO - 24/06/19 08:58:00 INFO SparkContext: Added file file:///opt/bitnami/spark/.ivy2/jars/org.apache.kafka_kafka-clients-3.4.1.jar at file:///opt/bitnami/spark/.ivy2/jars/org.apache.kafka_kafka-clients-3.4.1.jar with timestamp 1718787479658
[2024-06-19T08:58:00.219+0000] {docker.py:413} INFO - 24/06/19 08:58:00 INFO Utils: Copying /opt/bitnami/spark/.ivy2/jars/org.apache.kafka_kafka-clients-3.4.1.jar to /tmp/spark-664965c8-d75b-4354-9d3f-4b0951ef7704/userFiles-4ef67552-e533-40bb-95f1-df9d10d00fba/org.apache.kafka_kafka-clients-3.4.1.jar
[2024-06-19T08:58:00.224+0000] {docker.py:413} INFO - 24/06/19 08:58:00 INFO SparkContext: Added file file:///opt/bitnami/spark/.ivy2/jars/com.google.code.findbugs_jsr305-3.0.0.jar at file:///opt/bitnami/spark/.ivy2/jars/com.google.code.findbugs_jsr305-3.0.0.jar with timestamp 1718787479658
[2024-06-19T08:58:00.224+0000] {docker.py:413} INFO - 24/06/19 08:58:00 INFO Utils: Copying /opt/bitnami/spark/.ivy2/jars/com.google.code.findbugs_jsr305-3.0.0.jar to /tmp/spark-664965c8-d75b-4354-9d3f-4b0951ef7704/userFiles-4ef67552-e533-40bb-95f1-df9d10d00fba/com.google.code.findbugs_jsr305-3.0.0.jar
[2024-06-19T08:58:00.231+0000] {docker.py:413} INFO - 24/06/19 08:58:00 INFO SparkContext: Added file file:///opt/bitnami/spark/.ivy2/jars/org.apache.commons_commons-pool2-2.11.1.jar at file:///opt/bitnami/spark/.ivy2/jars/org.apache.commons_commons-pool2-2.11.1.jar with timestamp 1718787479658
[2024-06-19T08:58:00.231+0000] {docker.py:413} INFO - 24/06/19 08:58:00 INFO Utils: Copying /opt/bitnami/spark/.ivy2/jars/org.apache.commons_commons-pool2-2.11.1.jar to /tmp/spark-664965c8-d75b-4354-9d3f-4b0951ef7704/userFiles-4ef67552-e533-40bb-95f1-df9d10d00fba/org.apache.commons_commons-pool2-2.11.1.jar
[2024-06-19T08:58:00.232+0000] {docker.py:413} INFO - 24/06/19 08:58:00 INFO SparkContext: Added file file:///opt/bitnami/spark/.ivy2/jars/org.apache.hadoop_hadoop-client-runtime-3.3.4.jar at file:///opt/bitnami/spark/.ivy2/jars/org.apache.hadoop_hadoop-client-runtime-3.3.4.jar with timestamp 1718787479658
[2024-06-19T08:58:00.232+0000] {docker.py:413} INFO - 24/06/19 08:58:00 INFO Utils: Copying /opt/bitnami/spark/.ivy2/jars/org.apache.hadoop_hadoop-client-runtime-3.3.4.jar to /tmp/spark-664965c8-d75b-4354-9d3f-4b0951ef7704/userFiles-4ef67552-e533-40bb-95f1-df9d10d00fba/org.apache.hadoop_hadoop-client-runtime-3.3.4.jar
[2024-06-19T08:58:00.285+0000] {docker.py:413} INFO - 24/06/19 08:58:00 INFO SparkContext: Added file file:///opt/bitnami/spark/.ivy2/jars/org.lz4_lz4-java-1.8.0.jar at file:///opt/bitnami/spark/.ivy2/jars/org.lz4_lz4-java-1.8.0.jar with timestamp 1718787479658
[2024-06-19T08:58:00.285+0000] {docker.py:413} INFO - 24/06/19 08:58:00 INFO Utils: Copying /opt/bitnami/spark/.ivy2/jars/org.lz4_lz4-java-1.8.0.jar to /tmp/spark-664965c8-d75b-4354-9d3f-4b0951ef7704/userFiles-4ef67552-e533-40bb-95f1-df9d10d00fba/org.lz4_lz4-java-1.8.0.jar
[2024-06-19T08:58:00.290+0000] {docker.py:413} INFO - 24/06/19 08:58:00 INFO SparkContext: Added file file:///opt/bitnami/spark/.ivy2/jars/org.xerial.snappy_snappy-java-1.1.10.3.jar at file:///opt/bitnami/spark/.ivy2/jars/org.xerial.snappy_snappy-java-1.1.10.3.jar with timestamp 1718787479658
[2024-06-19T08:58:00.290+0000] {docker.py:413} INFO - 24/06/19 08:58:00 INFO Utils: Copying /opt/bitnami/spark/.ivy2/jars/org.xerial.snappy_snappy-java-1.1.10.3.jar to /tmp/spark-664965c8-d75b-4354-9d3f-4b0951ef7704/userFiles-4ef67552-e533-40bb-95f1-df9d10d00fba/org.xerial.snappy_snappy-java-1.1.10.3.jar
[2024-06-19T08:58:00.304+0000] {docker.py:413} INFO - 24/06/19 08:58:00 INFO SparkContext: Added file file:///opt/bitnami/spark/.ivy2/jars/org.slf4j_slf4j-api-2.0.7.jar at file:///opt/bitnami/spark/.ivy2/jars/org.slf4j_slf4j-api-2.0.7.jar with timestamp 1718787479658
[2024-06-19T08:58:00.304+0000] {docker.py:413} INFO - 24/06/19 08:58:00 INFO Utils: Copying /opt/bitnami/spark/.ivy2/jars/org.slf4j_slf4j-api-2.0.7.jar to /tmp/spark-664965c8-d75b-4354-9d3f-4b0951ef7704/userFiles-4ef67552-e533-40bb-95f1-df9d10d00fba/org.slf4j_slf4j-api-2.0.7.jar
[2024-06-19T08:58:00.306+0000] {docker.py:413} INFO - 24/06/19 08:58:00 INFO SparkContext: Added file file:///opt/bitnami/spark/.ivy2/jars/org.apache.hadoop_hadoop-client-api-3.3.4.jar at file:///opt/bitnami/spark/.ivy2/jars/org.apache.hadoop_hadoop-client-api-3.3.4.jar with timestamp 1718787479658
[2024-06-19T08:58:00.307+0000] {docker.py:413} INFO - 24/06/19 08:58:00 INFO Utils: Copying /opt/bitnami/spark/.ivy2/jars/org.apache.hadoop_hadoop-client-api-3.3.4.jar to /tmp/spark-664965c8-d75b-4354-9d3f-4b0951ef7704/userFiles-4ef67552-e533-40bb-95f1-df9d10d00fba/org.apache.hadoop_hadoop-client-api-3.3.4.jar
[2024-06-19T08:58:00.373+0000] {docker.py:413} INFO - 24/06/19 08:58:00 INFO SparkContext: Added file file:///opt/bitnami/spark/.ivy2/jars/commons-logging_commons-logging-1.1.3.jar at file:///opt/bitnami/spark/.ivy2/jars/commons-logging_commons-logging-1.1.3.jar with timestamp 1718787479658
[2024-06-19T08:58:00.375+0000] {docker.py:413} INFO - 24/06/19 08:58:00 INFO Utils: Copying /opt/bitnami/spark/.ivy2/jars/commons-logging_commons-logging-1.1.3.jar to /tmp/spark-664965c8-d75b-4354-9d3f-4b0951ef7704/userFiles-4ef67552-e533-40bb-95f1-df9d10d00fba/commons-logging_commons-logging-1.1.3.jar
[2024-06-19T08:58:00.424+0000] {docker.py:413} INFO - 24/06/19 08:58:00 INFO Executor: Starting executor ID driver on host localhost
[2024-06-19T08:58:00.425+0000] {docker.py:413} INFO - 24/06/19 08:58:00 INFO Executor: OS info Linux, 6.6.12-linuxkit, aarch64
24/06/19 08:58:00 INFO Executor: Java version 17.0.10
[2024-06-19T08:58:00.429+0000] {docker.py:413} INFO - 24/06/19 08:58:00 INFO Executor: Starting executor with user classpath (userClassPathFirst = false): ''
[2024-06-19T08:58:00.429+0000] {docker.py:413} INFO - 24/06/19 08:58:00 INFO Executor: Created or updated repl class loader org.apache.spark.util.MutableURLClassLoader@5cc52b1 for default.
[2024-06-19T08:58:00.438+0000] {docker.py:413} INFO - 24/06/19 08:58:00 INFO Executor: Fetching file:///opt/bitnami/spark/.ivy2/jars/org.apache.spark_spark-token-provider-kafka-0-10_2.12-3.5.0.jar with timestamp 1718787479658
[2024-06-19T08:58:00.452+0000] {docker.py:413} INFO - 24/06/19 08:58:00 INFO Utils: /opt/bitnami/spark/.ivy2/jars/org.apache.spark_spark-token-provider-kafka-0-10_2.12-3.5.0.jar has been previously copied to /tmp/spark-664965c8-d75b-4354-9d3f-4b0951ef7704/userFiles-4ef67552-e533-40bb-95f1-df9d10d00fba/org.apache.spark_spark-token-provider-kafka-0-10_2.12-3.5.0.jar
[2024-06-19T08:58:00.456+0000] {docker.py:413} INFO - 24/06/19 08:58:00 INFO Executor: Fetching file:///opt/bitnami/spark/.ivy2/jars/org.apache.hadoop_hadoop-client-runtime-3.3.4.jar with timestamp 1718787479658
[2024-06-19T08:58:00.475+0000] {docker.py:413} INFO - 24/06/19 08:58:00 INFO Utils: /opt/bitnami/spark/.ivy2/jars/org.apache.hadoop_hadoop-client-runtime-3.3.4.jar has been previously copied to /tmp/spark-664965c8-d75b-4354-9d3f-4b0951ef7704/userFiles-4ef67552-e533-40bb-95f1-df9d10d00fba/org.apache.hadoop_hadoop-client-runtime-3.3.4.jar
[2024-06-19T08:58:00.479+0000] {docker.py:413} INFO - 24/06/19 08:58:00 INFO Executor: Fetching file:///opt/bitnami/spark/.ivy2/jars/org.apache.commons_commons-pool2-2.11.1.jar with timestamp 1718787479658
[2024-06-19T08:58:00.482+0000] {docker.py:413} INFO - 24/06/19 08:58:00 INFO Utils: /opt/bitnami/spark/.ivy2/jars/org.apache.commons_commons-pool2-2.11.1.jar has been previously copied to /tmp/spark-664965c8-d75b-4354-9d3f-4b0951ef7704/userFiles-4ef67552-e533-40bb-95f1-df9d10d00fba/org.apache.commons_commons-pool2-2.11.1.jar
[2024-06-19T08:58:00.483+0000] {docker.py:413} INFO - 24/06/19 08:58:00 INFO Executor: Fetching file:///opt/bitnami/spark/.ivy2/jars/org.postgresql_postgresql-42.5.4.jar with timestamp 1718787479658
24/06/19 08:58:00 INFO Utils: /opt/bitnami/spark/.ivy2/jars/org.postgresql_postgresql-42.5.4.jar has been previously copied to /tmp/spark-664965c8-d75b-4354-9d3f-4b0951ef7704/userFiles-4ef67552-e533-40bb-95f1-df9d10d00fba/org.postgresql_postgresql-42.5.4.jar
[2024-06-19T08:58:00.484+0000] {docker.py:413} INFO - 24/06/19 08:58:00 INFO Executor: Fetching file:///opt/bitnami/spark/.ivy2/jars/org.slf4j_slf4j-api-2.0.7.jar with timestamp 1718787479658
[2024-06-19T08:58:00.485+0000] {docker.py:413} INFO - 24/06/19 08:58:00 INFO Utils: /opt/bitnami/spark/.ivy2/jars/org.slf4j_slf4j-api-2.0.7.jar has been previously copied to /tmp/spark-664965c8-d75b-4354-9d3f-4b0951ef7704/userFiles-4ef67552-e533-40bb-95f1-df9d10d00fba/org.slf4j_slf4j-api-2.0.7.jar
[2024-06-19T08:58:00.489+0000] {docker.py:413} INFO - 24/06/19 08:58:00 INFO Executor: Fetching file:///opt/bitnami/spark/.ivy2/jars/org.apache.kafka_kafka-clients-3.4.1.jar with timestamp 1718787479658
[2024-06-19T08:58:00.491+0000] {docker.py:413} INFO - 24/06/19 08:58:00 INFO Utils: /opt/bitnami/spark/.ivy2/jars/org.apache.kafka_kafka-clients-3.4.1.jar has been previously copied to /tmp/spark-664965c8-d75b-4354-9d3f-4b0951ef7704/userFiles-4ef67552-e533-40bb-95f1-df9d10d00fba/org.apache.kafka_kafka-clients-3.4.1.jar
[2024-06-19T08:58:00.495+0000] {docker.py:413} INFO - 24/06/19 08:58:00 INFO Executor: Fetching file:///opt/bitnami/spark/.ivy2/jars/com.google.code.findbugs_jsr305-3.0.0.jar with timestamp 1718787479658
[2024-06-19T08:58:00.495+0000] {docker.py:413} INFO - 24/06/19 08:58:00 INFO Utils: /opt/bitnami/spark/.ivy2/jars/com.google.code.findbugs_jsr305-3.0.0.jar has been previously copied to /tmp/spark-664965c8-d75b-4354-9d3f-4b0951ef7704/userFiles-4ef67552-e533-40bb-95f1-df9d10d00fba/com.google.code.findbugs_jsr305-3.0.0.jar
[2024-06-19T08:58:00.497+0000] {docker.py:413} INFO - 24/06/19 08:58:00 INFO Executor: Fetching file:///opt/bitnami/spark/.ivy2/jars/org.lz4_lz4-java-1.8.0.jar with timestamp 1718787479658
[2024-06-19T08:58:00.497+0000] {docker.py:413} INFO - 24/06/19 08:58:00 INFO Utils: /opt/bitnami/spark/.ivy2/jars/org.lz4_lz4-java-1.8.0.jar has been previously copied to /tmp/spark-664965c8-d75b-4354-9d3f-4b0951ef7704/userFiles-4ef67552-e533-40bb-95f1-df9d10d00fba/org.lz4_lz4-java-1.8.0.jar
[2024-06-19T08:58:00.500+0000] {docker.py:413} INFO - 24/06/19 08:58:00 INFO Executor: Fetching file:///opt/bitnami/spark/.ivy2/jars/org.apache.spark_spark-sql-kafka-0-10_2.12-3.5.0.jar with timestamp 1718787479658
[2024-06-19T08:58:00.500+0000] {docker.py:413} INFO - 24/06/19 08:58:00 INFO Utils: /opt/bitnami/spark/.ivy2/jars/org.apache.spark_spark-sql-kafka-0-10_2.12-3.5.0.jar has been previously copied to /tmp/spark-664965c8-d75b-4354-9d3f-4b0951ef7704/userFiles-4ef67552-e533-40bb-95f1-df9d10d00fba/org.apache.spark_spark-sql-kafka-0-10_2.12-3.5.0.jar
[2024-06-19T08:58:00.502+0000] {docker.py:413} INFO - 24/06/19 08:58:00 INFO Executor: Fetching file:///opt/bitnami/spark/.ivy2/jars/org.apache.hadoop_hadoop-client-api-3.3.4.jar with timestamp 1718787479658
[2024-06-19T08:58:00.508+0000] {docker.py:413} INFO - 24/06/19 08:58:00 INFO Utils: /opt/bitnami/spark/.ivy2/jars/org.apache.hadoop_hadoop-client-api-3.3.4.jar has been previously copied to /tmp/spark-664965c8-d75b-4354-9d3f-4b0951ef7704/userFiles-4ef67552-e533-40bb-95f1-df9d10d00fba/org.apache.hadoop_hadoop-client-api-3.3.4.jar
[2024-06-19T08:58:00.510+0000] {docker.py:413} INFO - 24/06/19 08:58:00 INFO Executor: Fetching file:///opt/bitnami/spark/.ivy2/jars/commons-logging_commons-logging-1.1.3.jar with timestamp 1718787479658
[2024-06-19T08:58:00.511+0000] {docker.py:413} INFO - 24/06/19 08:58:00 INFO Utils: /opt/bitnami/spark/.ivy2/jars/commons-logging_commons-logging-1.1.3.jar has been previously copied to /tmp/spark-664965c8-d75b-4354-9d3f-4b0951ef7704/userFiles-4ef67552-e533-40bb-95f1-df9d10d00fba/commons-logging_commons-logging-1.1.3.jar
[2024-06-19T08:58:00.513+0000] {docker.py:413} INFO - 24/06/19 08:58:00 INFO Executor: Fetching file:///opt/bitnami/spark/.ivy2/jars/org.checkerframework_checker-qual-3.5.0.jar with timestamp 1718787479658
[2024-06-19T08:58:00.514+0000] {docker.py:413} INFO - 24/06/19 08:58:00 INFO Utils: /opt/bitnami/spark/.ivy2/jars/org.checkerframework_checker-qual-3.5.0.jar has been previously copied to /tmp/spark-664965c8-d75b-4354-9d3f-4b0951ef7704/userFiles-4ef67552-e533-40bb-95f1-df9d10d00fba/org.checkerframework_checker-qual-3.5.0.jar
[2024-06-19T08:58:00.517+0000] {docker.py:413} INFO - 24/06/19 08:58:00 INFO Executor: Fetching file:///opt/bitnami/spark/.ivy2/jars/org.xerial.snappy_snappy-java-1.1.10.3.jar with timestamp 1718787479658
[2024-06-19T08:58:00.518+0000] {docker.py:413} INFO - 24/06/19 08:58:00 INFO Utils: /opt/bitnami/spark/.ivy2/jars/org.xerial.snappy_snappy-java-1.1.10.3.jar has been previously copied to /tmp/spark-664965c8-d75b-4354-9d3f-4b0951ef7704/userFiles-4ef67552-e533-40bb-95f1-df9d10d00fba/org.xerial.snappy_snappy-java-1.1.10.3.jar
[2024-06-19T08:58:00.524+0000] {docker.py:413} INFO - 24/06/19 08:58:00 INFO Executor: Fetching spark://localhost:34131/jars/commons-logging_commons-logging-1.1.3.jar with timestamp 1718787479658
[2024-06-19T08:58:00.548+0000] {docker.py:413} INFO - 24/06/19 08:58:00 INFO TransportClientFactory: Successfully created connection to localhost/127.0.0.1:34131 after 18 ms (0 ms spent in bootstraps)
[2024-06-19T08:58:00.552+0000] {docker.py:413} INFO - 24/06/19 08:58:00 INFO Utils: Fetching spark://localhost:34131/jars/commons-logging_commons-logging-1.1.3.jar to /tmp/spark-664965c8-d75b-4354-9d3f-4b0951ef7704/userFiles-4ef67552-e533-40bb-95f1-df9d10d00fba/fetchFileTemp17660206315098652276.tmp
[2024-06-19T08:58:00.600+0000] {docker.py:413} INFO - 24/06/19 08:58:00 INFO Utils: /tmp/spark-664965c8-d75b-4354-9d3f-4b0951ef7704/userFiles-4ef67552-e533-40bb-95f1-df9d10d00fba/fetchFileTemp17660206315098652276.tmp has been previously copied to /tmp/spark-664965c8-d75b-4354-9d3f-4b0951ef7704/userFiles-4ef67552-e533-40bb-95f1-df9d10d00fba/commons-logging_commons-logging-1.1.3.jar
[2024-06-19T08:58:00.604+0000] {docker.py:413} INFO - 24/06/19 08:58:00 INFO Executor: Adding file:/tmp/spark-664965c8-d75b-4354-9d3f-4b0951ef7704/userFiles-4ef67552-e533-40bb-95f1-df9d10d00fba/commons-logging_commons-logging-1.1.3.jar to class loader default
[2024-06-19T08:58:00.605+0000] {docker.py:413} INFO - 24/06/19 08:58:00 INFO Executor: Fetching spark://localhost:34131/jars/org.postgresql_postgresql-42.5.4.jar with timestamp 1718787479658
24/06/19 08:58:00 INFO Utils: Fetching spark://localhost:34131/jars/org.postgresql_postgresql-42.5.4.jar to /tmp/spark-664965c8-d75b-4354-9d3f-4b0951ef7704/userFiles-4ef67552-e533-40bb-95f1-df9d10d00fba/fetchFileTemp16008244744578991168.tmp
[2024-06-19T08:58:00.613+0000] {docker.py:413} INFO - 24/06/19 08:58:00 INFO Utils: /tmp/spark-664965c8-d75b-4354-9d3f-4b0951ef7704/userFiles-4ef67552-e533-40bb-95f1-df9d10d00fba/fetchFileTemp16008244744578991168.tmp has been previously copied to /tmp/spark-664965c8-d75b-4354-9d3f-4b0951ef7704/userFiles-4ef67552-e533-40bb-95f1-df9d10d00fba/org.postgresql_postgresql-42.5.4.jar
[2024-06-19T08:58:00.616+0000] {docker.py:413} INFO - 24/06/19 08:58:00 INFO Executor: Adding file:/tmp/spark-664965c8-d75b-4354-9d3f-4b0951ef7704/userFiles-4ef67552-e533-40bb-95f1-df9d10d00fba/org.postgresql_postgresql-42.5.4.jar to class loader default
24/06/19 08:58:00 INFO Executor: Fetching spark://localhost:34131/jars/com.google.code.findbugs_jsr305-3.0.0.jar with timestamp 1718787479658
[2024-06-19T08:58:00.617+0000] {docker.py:413} INFO - 24/06/19 08:58:00 INFO Utils: Fetching spark://localhost:34131/jars/com.google.code.findbugs_jsr305-3.0.0.jar to /tmp/spark-664965c8-d75b-4354-9d3f-4b0951ef7704/userFiles-4ef67552-e533-40bb-95f1-df9d10d00fba/fetchFileTemp1501342191802520186.tmp
[2024-06-19T08:58:00.618+0000] {docker.py:413} INFO - 24/06/19 08:58:00 INFO Utils: /tmp/spark-664965c8-d75b-4354-9d3f-4b0951ef7704/userFiles-4ef67552-e533-40bb-95f1-df9d10d00fba/fetchFileTemp1501342191802520186.tmp has been previously copied to /tmp/spark-664965c8-d75b-4354-9d3f-4b0951ef7704/userFiles-4ef67552-e533-40bb-95f1-df9d10d00fba/com.google.code.findbugs_jsr305-3.0.0.jar
[2024-06-19T08:58:00.621+0000] {docker.py:413} INFO - 24/06/19 08:58:00 INFO Executor: Adding file:/tmp/spark-664965c8-d75b-4354-9d3f-4b0951ef7704/userFiles-4ef67552-e533-40bb-95f1-df9d10d00fba/com.google.code.findbugs_jsr305-3.0.0.jar to class loader default
[2024-06-19T08:58:00.622+0000] {docker.py:413} INFO - 24/06/19 08:58:00 INFO Executor: Fetching spark://localhost:34131/jars/org.checkerframework_checker-qual-3.5.0.jar with timestamp 1718787479658
[2024-06-19T08:58:00.622+0000] {docker.py:413} INFO - 24/06/19 08:58:00 INFO Utils: Fetching spark://localhost:34131/jars/org.checkerframework_checker-qual-3.5.0.jar to /tmp/spark-664965c8-d75b-4354-9d3f-4b0951ef7704/userFiles-4ef67552-e533-40bb-95f1-df9d10d00fba/fetchFileTemp10587219547906265047.tmp
[2024-06-19T08:58:00.623+0000] {docker.py:413} INFO - 24/06/19 08:58:00 INFO Utils: /tmp/spark-664965c8-d75b-4354-9d3f-4b0951ef7704/userFiles-4ef67552-e533-40bb-95f1-df9d10d00fba/fetchFileTemp10587219547906265047.tmp has been previously copied to /tmp/spark-664965c8-d75b-4354-9d3f-4b0951ef7704/userFiles-4ef67552-e533-40bb-95f1-df9d10d00fba/org.checkerframework_checker-qual-3.5.0.jar
[2024-06-19T08:58:00.625+0000] {docker.py:413} INFO - 24/06/19 08:58:00 INFO Executor: Adding file:/tmp/spark-664965c8-d75b-4354-9d3f-4b0951ef7704/userFiles-4ef67552-e533-40bb-95f1-df9d10d00fba/org.checkerframework_checker-qual-3.5.0.jar to class loader default
[2024-06-19T08:58:00.626+0000] {docker.py:413} INFO - 24/06/19 08:58:00 INFO Executor: Fetching spark://localhost:34131/jars/org.apache.spark_spark-token-provider-kafka-0-10_2.12-3.5.0.jar with timestamp 1718787479658
[2024-06-19T08:58:00.626+0000] {docker.py:413} INFO - 24/06/19 08:58:00 INFO Utils: Fetching spark://localhost:34131/jars/org.apache.spark_spark-token-provider-kafka-0-10_2.12-3.5.0.jar to /tmp/spark-664965c8-d75b-4354-9d3f-4b0951ef7704/userFiles-4ef67552-e533-40bb-95f1-df9d10d00fba/fetchFileTemp3368441471962110739.tmp
[2024-06-19T08:58:00.629+0000] {docker.py:413} INFO - 24/06/19 08:58:00 INFO Utils: /tmp/spark-664965c8-d75b-4354-9d3f-4b0951ef7704/userFiles-4ef67552-e533-40bb-95f1-df9d10d00fba/fetchFileTemp3368441471962110739.tmp has been previously copied to /tmp/spark-664965c8-d75b-4354-9d3f-4b0951ef7704/userFiles-4ef67552-e533-40bb-95f1-df9d10d00fba/org.apache.spark_spark-token-provider-kafka-0-10_2.12-3.5.0.jar
[2024-06-19T08:58:00.630+0000] {docker.py:413} INFO - 24/06/19 08:58:00 INFO Executor: Adding file:/tmp/spark-664965c8-d75b-4354-9d3f-4b0951ef7704/userFiles-4ef67552-e533-40bb-95f1-df9d10d00fba/org.apache.spark_spark-token-provider-kafka-0-10_2.12-3.5.0.jar to class loader default
[2024-06-19T08:58:00.631+0000] {docker.py:413} INFO - 24/06/19 08:58:00 INFO Executor: Fetching spark://localhost:34131/jars/org.xerial.snappy_snappy-java-1.1.10.3.jar with timestamp 1718787479658
[2024-06-19T08:58:00.631+0000] {docker.py:413} INFO - 24/06/19 08:58:00 INFO Utils: Fetching spark://localhost:34131/jars/org.xerial.snappy_snappy-java-1.1.10.3.jar to /tmp/spark-664965c8-d75b-4354-9d3f-4b0951ef7704/userFiles-4ef67552-e533-40bb-95f1-df9d10d00fba/fetchFileTemp18179914458266184536.tmp
[2024-06-19T08:58:00.644+0000] {docker.py:413} INFO - 24/06/19 08:58:00 INFO Utils: /tmp/spark-664965c8-d75b-4354-9d3f-4b0951ef7704/userFiles-4ef67552-e533-40bb-95f1-df9d10d00fba/fetchFileTemp18179914458266184536.tmp has been previously copied to /tmp/spark-664965c8-d75b-4354-9d3f-4b0951ef7704/userFiles-4ef67552-e533-40bb-95f1-df9d10d00fba/org.xerial.snappy_snappy-java-1.1.10.3.jar
[2024-06-19T08:58:00.650+0000] {docker.py:413} INFO - 24/06/19 08:58:00 INFO Executor: Adding file:/tmp/spark-664965c8-d75b-4354-9d3f-4b0951ef7704/userFiles-4ef67552-e533-40bb-95f1-df9d10d00fba/org.xerial.snappy_snappy-java-1.1.10.3.jar to class loader default
[2024-06-19T08:58:00.650+0000] {docker.py:413} INFO - 24/06/19 08:58:00 INFO Executor: Fetching spark://localhost:34131/jars/org.slf4j_slf4j-api-2.0.7.jar with timestamp 1718787479658
[2024-06-19T08:58:00.651+0000] {docker.py:413} INFO - 24/06/19 08:58:00 INFO Utils: Fetching spark://localhost:34131/jars/org.slf4j_slf4j-api-2.0.7.jar to /tmp/spark-664965c8-d75b-4354-9d3f-4b0951ef7704/userFiles-4ef67552-e533-40bb-95f1-df9d10d00fba/fetchFileTemp12947885738532612087.tmp
[2024-06-19T08:58:00.652+0000] {docker.py:413} INFO - 24/06/19 08:58:00 INFO Utils: /tmp/spark-664965c8-d75b-4354-9d3f-4b0951ef7704/userFiles-4ef67552-e533-40bb-95f1-df9d10d00fba/fetchFileTemp12947885738532612087.tmp has been previously copied to /tmp/spark-664965c8-d75b-4354-9d3f-4b0951ef7704/userFiles-4ef67552-e533-40bb-95f1-df9d10d00fba/org.slf4j_slf4j-api-2.0.7.jar
[2024-06-19T08:58:00.655+0000] {docker.py:413} INFO - 24/06/19 08:58:00 INFO Executor: Adding file:/tmp/spark-664965c8-d75b-4354-9d3f-4b0951ef7704/userFiles-4ef67552-e533-40bb-95f1-df9d10d00fba/org.slf4j_slf4j-api-2.0.7.jar to class loader default
24/06/19 08:58:00 INFO Executor: Fetching spark://localhost:34131/jars/org.apache.spark_spark-sql-kafka-0-10_2.12-3.5.0.jar with timestamp 1718787479658
24/06/19 08:58:00 INFO Utils: Fetching spark://localhost:34131/jars/org.apache.spark_spark-sql-kafka-0-10_2.12-3.5.0.jar to /tmp/spark-664965c8-d75b-4354-9d3f-4b0951ef7704/userFiles-4ef67552-e533-40bb-95f1-df9d10d00fba/fetchFileTemp3372765403726437028.tmp
[2024-06-19T08:58:00.658+0000] {docker.py:413} INFO - 24/06/19 08:58:00 INFO Utils: /tmp/spark-664965c8-d75b-4354-9d3f-4b0951ef7704/userFiles-4ef67552-e533-40bb-95f1-df9d10d00fba/fetchFileTemp3372765403726437028.tmp has been previously copied to /tmp/spark-664965c8-d75b-4354-9d3f-4b0951ef7704/userFiles-4ef67552-e533-40bb-95f1-df9d10d00fba/org.apache.spark_spark-sql-kafka-0-10_2.12-3.5.0.jar
[2024-06-19T08:58:00.660+0000] {docker.py:413} INFO - 24/06/19 08:58:00 INFO Executor: Adding file:/tmp/spark-664965c8-d75b-4354-9d3f-4b0951ef7704/userFiles-4ef67552-e533-40bb-95f1-df9d10d00fba/org.apache.spark_spark-sql-kafka-0-10_2.12-3.5.0.jar to class loader default
[2024-06-19T08:58:00.661+0000] {docker.py:413} INFO - 24/06/19 08:58:00 INFO Executor: Fetching spark://localhost:34131/jars/org.apache.kafka_kafka-clients-3.4.1.jar with timestamp 1718787479658
[2024-06-19T08:58:00.661+0000] {docker.py:413} INFO - 24/06/19 08:58:00 INFO Utils: Fetching spark://localhost:34131/jars/org.apache.kafka_kafka-clients-3.4.1.jar to /tmp/spark-664965c8-d75b-4354-9d3f-4b0951ef7704/userFiles-4ef67552-e533-40bb-95f1-df9d10d00fba/fetchFileTemp9359887246063717124.tmp
[2024-06-19T08:58:00.694+0000] {docker.py:413} INFO - 24/06/19 08:58:00 INFO Utils: /tmp/spark-664965c8-d75b-4354-9d3f-4b0951ef7704/userFiles-4ef67552-e533-40bb-95f1-df9d10d00fba/fetchFileTemp9359887246063717124.tmp has been previously copied to /tmp/spark-664965c8-d75b-4354-9d3f-4b0951ef7704/userFiles-4ef67552-e533-40bb-95f1-df9d10d00fba/org.apache.kafka_kafka-clients-3.4.1.jar
[2024-06-19T08:58:00.697+0000] {docker.py:413} INFO - 24/06/19 08:58:00 INFO Executor: Adding file:/tmp/spark-664965c8-d75b-4354-9d3f-4b0951ef7704/userFiles-4ef67552-e533-40bb-95f1-df9d10d00fba/org.apache.kafka_kafka-clients-3.4.1.jar to class loader default
24/06/19 08:58:00 INFO Executor: Fetching spark://localhost:34131/jars/org.apache.hadoop_hadoop-client-api-3.3.4.jar with timestamp 1718787479658
[2024-06-19T08:58:00.698+0000] {docker.py:413} INFO - 24/06/19 08:58:00 INFO Utils: Fetching spark://localhost:34131/jars/org.apache.hadoop_hadoop-client-api-3.3.4.jar to /tmp/spark-664965c8-d75b-4354-9d3f-4b0951ef7704/userFiles-4ef67552-e533-40bb-95f1-df9d10d00fba/fetchFileTemp4286902365686271791.tmp
[2024-06-19T08:58:00.785+0000] {docker.py:413} INFO - 24/06/19 08:58:00 INFO Utils: /tmp/spark-664965c8-d75b-4354-9d3f-4b0951ef7704/userFiles-4ef67552-e533-40bb-95f1-df9d10d00fba/fetchFileTemp4286902365686271791.tmp has been previously copied to /tmp/spark-664965c8-d75b-4354-9d3f-4b0951ef7704/userFiles-4ef67552-e533-40bb-95f1-df9d10d00fba/org.apache.hadoop_hadoop-client-api-3.3.4.jar
[2024-06-19T08:58:00.788+0000] {docker.py:413} INFO - 24/06/19 08:58:00 INFO Executor: Adding file:/tmp/spark-664965c8-d75b-4354-9d3f-4b0951ef7704/userFiles-4ef67552-e533-40bb-95f1-df9d10d00fba/org.apache.hadoop_hadoop-client-api-3.3.4.jar to class loader default
[2024-06-19T08:58:00.788+0000] {docker.py:413} INFO - 24/06/19 08:58:00 INFO Executor: Fetching spark://localhost:34131/jars/org.apache.commons_commons-pool2-2.11.1.jar with timestamp 1718787479658
[2024-06-19T08:58:00.788+0000] {docker.py:413} INFO - 24/06/19 08:58:00 INFO Utils: Fetching spark://localhost:34131/jars/org.apache.commons_commons-pool2-2.11.1.jar to /tmp/spark-664965c8-d75b-4354-9d3f-4b0951ef7704/userFiles-4ef67552-e533-40bb-95f1-df9d10d00fba/fetchFileTemp2109787278158663772.tmp
[2024-06-19T08:58:00.789+0000] {docker.py:413} INFO - 24/06/19 08:58:00 INFO Utils: /tmp/spark-664965c8-d75b-4354-9d3f-4b0951ef7704/userFiles-4ef67552-e533-40bb-95f1-df9d10d00fba/fetchFileTemp2109787278158663772.tmp has been previously copied to /tmp/spark-664965c8-d75b-4354-9d3f-4b0951ef7704/userFiles-4ef67552-e533-40bb-95f1-df9d10d00fba/org.apache.commons_commons-pool2-2.11.1.jar
[2024-06-19T08:58:00.792+0000] {docker.py:413} INFO - 24/06/19 08:58:00 INFO Executor: Adding file:/tmp/spark-664965c8-d75b-4354-9d3f-4b0951ef7704/userFiles-4ef67552-e533-40bb-95f1-df9d10d00fba/org.apache.commons_commons-pool2-2.11.1.jar to class loader default
24/06/19 08:58:00 INFO Executor: Fetching spark://localhost:34131/jars/org.apache.hadoop_hadoop-client-runtime-3.3.4.jar with timestamp 1718787479658
[2024-06-19T08:58:00.793+0000] {docker.py:413} INFO - 24/06/19 08:58:00 INFO Utils: Fetching spark://localhost:34131/jars/org.apache.hadoop_hadoop-client-runtime-3.3.4.jar to /tmp/spark-664965c8-d75b-4354-9d3f-4b0951ef7704/userFiles-4ef67552-e533-40bb-95f1-df9d10d00fba/fetchFileTemp17245442614144818479.tmp
[2024-06-19T08:58:00.860+0000] {docker.py:413} INFO - 24/06/19 08:58:00 INFO Utils: /tmp/spark-664965c8-d75b-4354-9d3f-4b0951ef7704/userFiles-4ef67552-e533-40bb-95f1-df9d10d00fba/fetchFileTemp17245442614144818479.tmp has been previously copied to /tmp/spark-664965c8-d75b-4354-9d3f-4b0951ef7704/userFiles-4ef67552-e533-40bb-95f1-df9d10d00fba/org.apache.hadoop_hadoop-client-runtime-3.3.4.jar
[2024-06-19T08:58:00.863+0000] {docker.py:413} INFO - 24/06/19 08:58:00 INFO Executor: Adding file:/tmp/spark-664965c8-d75b-4354-9d3f-4b0951ef7704/userFiles-4ef67552-e533-40bb-95f1-df9d10d00fba/org.apache.hadoop_hadoop-client-runtime-3.3.4.jar to class loader default
24/06/19 08:58:00 INFO Executor: Fetching spark://localhost:34131/jars/org.lz4_lz4-java-1.8.0.jar with timestamp 1718787479658
[2024-06-19T08:58:00.864+0000] {docker.py:413} INFO - 24/06/19 08:58:00 INFO Utils: Fetching spark://localhost:34131/jars/org.lz4_lz4-java-1.8.0.jar to /tmp/spark-664965c8-d75b-4354-9d3f-4b0951ef7704/userFiles-4ef67552-e533-40bb-95f1-df9d10d00fba/fetchFileTemp16633663610353378032.tmp
[2024-06-19T08:58:00.867+0000] {docker.py:413} INFO - 24/06/19 08:58:00 INFO Utils: /tmp/spark-664965c8-d75b-4354-9d3f-4b0951ef7704/userFiles-4ef67552-e533-40bb-95f1-df9d10d00fba/fetchFileTemp16633663610353378032.tmp has been previously copied to /tmp/spark-664965c8-d75b-4354-9d3f-4b0951ef7704/userFiles-4ef67552-e533-40bb-95f1-df9d10d00fba/org.lz4_lz4-java-1.8.0.jar
[2024-06-19T08:58:00.870+0000] {docker.py:413} INFO - 24/06/19 08:58:00 INFO Executor: Adding file:/tmp/spark-664965c8-d75b-4354-9d3f-4b0951ef7704/userFiles-4ef67552-e533-40bb-95f1-df9d10d00fba/org.lz4_lz4-java-1.8.0.jar to class loader default
[2024-06-19T08:58:00.874+0000] {docker.py:413} INFO - 24/06/19 08:58:00 INFO Utils: Successfully started service 'org.apache.spark.network.netty.NettyBlockTransferService' on port 45447.
[2024-06-19T08:58:00.877+0000] {docker.py:413} INFO - 24/06/19 08:58:00 INFO NettyBlockTransferService: Server created on localhost:45447
24/06/19 08:58:00 INFO BlockManager: Using org.apache.spark.storage.RandomBlockReplicationPolicy for block replication policy
[2024-06-19T08:58:00.881+0000] {docker.py:413} INFO - 24/06/19 08:58:00 INFO BlockManagerMaster: Registering BlockManager BlockManagerId(driver, localhost, 45447, None)
[2024-06-19T08:58:00.885+0000] {docker.py:413} INFO - 24/06/19 08:58:00 INFO BlockManagerMasterEndpoint: Registering block manager localhost:45447 with 434.4 MiB RAM, BlockManagerId(driver, localhost, 45447, None)
[2024-06-19T08:58:00.888+0000] {docker.py:413} INFO - 24/06/19 08:58:00 INFO BlockManagerMaster: Registered BlockManager BlockManagerId(driver, localhost, 45447, None)
[2024-06-19T08:58:00.889+0000] {docker.py:413} INFO - 24/06/19 08:58:00 INFO BlockManager: Initialized BlockManager: BlockManagerId(driver, localhost, 45447, None)
[2024-06-19T08:58:01.312+0000] {docker.py:413} INFO - 2024-06-19 08:58:01,310:create_spark_session:INFO:Spark session created successfully
[2024-06-19T08:58:01.319+0000] {docker.py:413} INFO - 24/06/19 08:58:01 INFO SharedState: Setting hive.metastore.warehouse.dir ('null') to the value of spark.sql.warehouse.dir.
[2024-06-19T08:58:01.321+0000] {docker.py:413} INFO - 24/06/19 08:58:01 INFO SharedState: Warehouse path is 'file:/opt/bitnami/spark/spark-warehouse'.
[2024-06-19T08:58:02.349+0000] {docker.py:413} INFO - 2024-06-19 08:58:02,347:create_initial_dataframe:INFO:Initial dataframe created successfully
[2024-06-19T08:58:02.362+0000] {docker.py:413} INFO - 2024-06-19 08:58:02,361:create_initial_dataframe:INFO:Initial dataframe created successfully
[2024-06-19T08:58:02.375+0000] {docker.py:413} INFO - 2024-06-19 08:58:02,373:create_initial_dataframe:INFO:Initial dataframe created successfully
[2024-06-19T08:58:02.724+0000] {docker.py:413} INFO - 24/06/19 08:58:02 WARN SparkStringUtils: Truncated the string representation of a plan since it was too large. This behavior can be adjusted by setting 'spark.sql.debug.maxToStringFields'.
[2024-06-19T08:58:02.891+0000] {docker.py:413} INFO - 2024-06-19 08:58:02,890:start_streaming:INFO:Start streaming into {keys}
[2024-06-19T08:58:03.126+0000] {docker.py:413} INFO - Traceback (most recent call last):
  File "/opt/bitnami/spark/spark_streaming.py", line 153, in <module>
    write_to_postgres()
  File "/opt/bitnami/spark/spark_streaming.py", line 149, in write_to_postgres
    start_streaming(df_final, spark=spark)
  File "/opt/bitnami/spark/spark_streaming.py", line 137, in start_streaming
    query = df.write.jdbc(
            ^^^^^^^^
  File "/opt/bitnami/spark/python/lib/pyspark.zip/pyspark/sql/dataframe.py", line 509, in write
  File "/opt/bitnami/spark/python/lib/pyspark.zip/pyspark/sql/readwriter.py", line 964, in __init__
  File "/opt/bitnami/spark/python/lib/py4j-0.10.9.7-src.zip/py4j/java_gateway.py", line 1322, in __call__
  File "/opt/bitnami/spark/python/lib/pyspark.zip/pyspark/errors/exceptions/captured.py", line 185, in deco
pyspark.errors.exceptions.captured.AnalysisException
[2024-06-19T08:58:03.134+0000] {docker.py:413} INFO - : [CALL_ON_STREAMING_DATASET_UNSUPPORTED] The method `write` can not be called on streaming Dataset/DataFrame.
[2024-06-19T08:58:03.135+0000] {docker.py:413} INFO - 2024-06-19 08:58:03,131:close:INFO:Closing down clientserver connection
[2024-06-19T08:58:03.164+0000] {docker.py:413} INFO - 24/06/19 08:58:03 INFO SparkContext: Invoking stop() from shutdown hook
[2024-06-19T08:58:03.165+0000] {docker.py:413} INFO - 24/06/19 08:58:03 INFO SparkContext: SparkContext is stopping with exitCode 0.
[2024-06-19T08:58:03.173+0000] {docker.py:413} INFO - 24/06/19 08:58:03 INFO SparkUI: Stopped Spark web UI at http://localhost:4040
[2024-06-19T08:58:03.179+0000] {docker.py:413} INFO - 24/06/19 08:58:03 INFO MapOutputTrackerMasterEndpoint: MapOutputTrackerMasterEndpoint stopped!
[2024-06-19T08:58:03.186+0000] {docker.py:413} INFO - 24/06/19 08:58:03 INFO MemoryStore: MemoryStore cleared
[2024-06-19T08:58:03.186+0000] {docker.py:413} INFO - 24/06/19 08:58:03 INFO BlockManager: BlockManager stopped
[2024-06-19T08:58:03.189+0000] {docker.py:413} INFO - 24/06/19 08:58:03 INFO BlockManagerMaster: BlockManagerMaster stopped
[2024-06-19T08:58:03.195+0000] {docker.py:413} INFO - 24/06/19 08:58:03 INFO OutputCommitCoordinator$OutputCommitCoordinatorEndpoint: OutputCommitCoordinator stopped!
[2024-06-19T08:58:03.204+0000] {docker.py:413} INFO - 24/06/19 08:58:03 INFO SparkContext: Successfully stopped SparkContext
[2024-06-19T08:58:03.205+0000] {docker.py:413} INFO - 24/06/19 08:58:03 INFO ShutdownHookManager: Shutdown hook called
[2024-06-19T08:58:03.205+0000] {docker.py:413} INFO - 24/06/19 08:58:03 INFO ShutdownHookManager: Deleting directory /tmp/spark-664965c8-d75b-4354-9d3f-4b0951ef7704
[2024-06-19T08:58:03.207+0000] {docker.py:413} INFO - 24/06/19 08:58:03 INFO ShutdownHookManager: Deleting directory /tmp/spark-4141016e-e9ce-4519-87d6-b75089b4c11a
[2024-06-19T08:58:03.208+0000] {docker.py:413} INFO - 24/06/19 08:58:03 INFO ShutdownHookManager: Deleting directory /tmp/spark-664965c8-d75b-4354-9d3f-4b0951ef7704/pyspark-92eeb955-de23-42e7-9586-06dc3d4ba7ae
[2024-06-19T08:58:03.510+0000] {taskinstance.py:1937} ERROR - Task failed with exception
Traceback (most recent call last):
  File "/home/airflow/.local/lib/python3.8/site-packages/docker/api/client.py", line 268, in _raise_for_status
    response.raise_for_status()
  File "/home/airflow/.local/lib/python3.8/site-packages/requests/models.py", line 1021, in raise_for_status
    raise HTTPError(http_error_msg, response=self)
requests.exceptions.HTTPError: 400 Client Error: Bad Request for url: http://docker-proxy:2375/v1.44/containers/create

The above exception was the direct cause of the following exception:

Traceback (most recent call last):
  File "/home/airflow/.local/lib/python3.8/site-packages/airflow/providers/docker/operators/docker.py", line 348, in _run_image
    return self._run_image_with_mounts([*self.mounts, tmp_mount], add_tmp_variable=True)
  File "/home/airflow/.local/lib/python3.8/site-packages/airflow/providers/docker/operators/docker.py", line 375, in _run_image_with_mounts
    self.container = self.cli.create_container(
  File "/home/airflow/.local/lib/python3.8/site-packages/docker/api/container.py", line 431, in create_container
    return self.create_container_from_config(config, name, platform)
  File "/home/airflow/.local/lib/python3.8/site-packages/docker/api/container.py", line 448, in create_container_from_config
    return self._result(res, True)
  File "/home/airflow/.local/lib/python3.8/site-packages/docker/api/client.py", line 274, in _result
    self._raise_for_status(response)
  File "/home/airflow/.local/lib/python3.8/site-packages/docker/api/client.py", line 270, in _raise_for_status
    raise create_api_error_from_http_exception(e) from e
  File "/home/airflow/.local/lib/python3.8/site-packages/docker/errors.py", line 39, in create_api_error_from_http_exception
    raise cls(e, response=response, explanation=explanation) from e
docker.errors.APIError: 400 Client Error for http://docker-proxy:2375/v1.44/containers/create: Bad Request ("invalid mount config for type "bind": bind source path does not exist: /host_mnt/private/tmp/airflowtmpb7o5l67k")

During handling of the above exception, another exception occurred:

Traceback (most recent call last):
  File "/home/airflow/.local/lib/python3.8/site-packages/airflow/providers/docker/operators/docker.py", line 486, in execute
    return self._run_image()
  File "/home/airflow/.local/lib/python3.8/site-packages/airflow/providers/docker/operators/docker.py", line 357, in _run_image
    return self._run_image_with_mounts(self.mounts, add_tmp_variable=False)
  File "/home/airflow/.local/lib/python3.8/site-packages/airflow/providers/docker/operators/docker.py", line 421, in _run_image_with_mounts
    raise DockerContainerFailedException(f"Docker container failed: {result!r}", logs=log_lines)
airflow.providers.docker.exceptions.DockerContainerFailedException: Docker container failed: {'StatusCode': 1}
[2024-06-19T08:58:03.518+0000] {taskinstance.py:1400} INFO - Marking task as UP_FOR_RETRY. dag_id=kafka_spark_dag, task_id=pyspark_consumer, execution_date=20240619T085138, start_date=20240619T085711, end_date=20240619T085803
[2024-06-19T08:58:03.544+0000] {standard_task_runner.py:104} ERROR - Failed to execute job 118 for task pyspark_consumer (Docker container failed: {'StatusCode': 1}; 729)
[2024-06-19T08:58:03.569+0000] {local_task_job_runner.py:228} INFO - Task exited with return code 1
[2024-06-19T08:58:03.585+0000] {taskinstance.py:2778} INFO - 0 downstream tasks scheduled from follow-on schedule check
