[2024-06-20T12:41:42.306+0000] {taskinstance.py:1159} INFO - Dependencies all met for dep_context=non-requeueable deps ti=<TaskInstance: kafka_spark_dag.pyspark_consumer scheduled__2024-06-20T12:11:31.359342+00:00 [queued]>
[2024-06-20T12:41:42.323+0000] {taskinstance.py:1159} INFO - Dependencies all met for dep_context=requeueable deps ti=<TaskInstance: kafka_spark_dag.pyspark_consumer scheduled__2024-06-20T12:11:31.359342+00:00 [queued]>
[2024-06-20T12:41:42.324+0000] {taskinstance.py:1361} INFO - Starting attempt 1 of 2
[2024-06-20T12:41:42.341+0000] {taskinstance.py:1382} INFO - Executing <Task(DockerOperator): pyspark_consumer> on 2024-06-20 12:11:31.359342+00:00
[2024-06-20T12:41:42.349+0000] {standard_task_runner.py:57} INFO - Started process 1162 to run task
[2024-06-20T12:41:42.354+0000] {standard_task_runner.py:84} INFO - Running: ['***', 'tasks', 'run', 'kafka_spark_dag', 'pyspark_consumer', 'scheduled__2024-06-20T12:11:31.359342+00:00', '--job-id', '223', '--raw', '--subdir', 'DAGS_FOLDER/dag_kafka_spark.py', '--cfg-path', '/tmp/tmpvsk6apxs']
[2024-06-20T12:41:42.356+0000] {standard_task_runner.py:85} INFO - Job 223: Subtask pyspark_consumer
[2024-06-20T12:41:42.414+0000] {task_command.py:416} INFO - Running <TaskInstance: kafka_spark_dag.pyspark_consumer scheduled__2024-06-20T12:11:31.359342+00:00 [running]> on host 2ad9230613d5
[2024-06-20T12:41:42.480+0000] {taskinstance.py:1662} INFO - Exporting env vars: AIRFLOW_CTX_DAG_OWNER='***' AIRFLOW_CTX_DAG_ID='kafka_spark_dag' AIRFLOW_CTX_TASK_ID='pyspark_consumer' AIRFLOW_CTX_EXECUTION_DATE='2024-06-20T12:11:31.359342+00:00' AIRFLOW_CTX_TRY_NUMBER='1' AIRFLOW_CTX_DAG_RUN_ID='scheduled__2024-06-20T12:11:31.359342+00:00'
[2024-06-20T12:41:42.560+0000] {docker.py:343} INFO - Starting docker container from image rappel-conso/spark:latest
[2024-06-20T12:41:42.584+0000] {docker.py:351} WARNING - Using remote engine or docker-in-docker and mounting temporary volume from host is not supported. Falling back to `mount_tmp_dir=False` mode. You can set `mount_tmp_dir` parameter to False to disable mounting and remove the warning
[2024-06-20T12:41:42.904+0000] {docker.py:413} INFO - [38;5;6mspark [38;5;5m12:41:42.89 [0m[38;5;2mINFO [0m ==>
[2024-06-20T12:41:42.905+0000] {docker.py:413} INFO - [38;5;6mspark [38;5;5m12:41:42.90 [0m[38;5;2mINFO [0m ==> [1mWelcome to the Bitnami spark container[0m
[2024-06-20T12:41:42.906+0000] {docker.py:413} INFO - [38;5;6mspark [38;5;5m12:41:42.90 [0m[38;5;2mINFO [0m ==> Subscribe to project updates by watching [1mhttps://github.com/bitnami/containers[0m
[2024-06-20T12:41:42.907+0000] {docker.py:413} INFO - [38;5;6mspark [38;5;5m12:41:42.90 [0m[38;5;2mINFO [0m ==> Submit issues and feature requests at [1mhttps://github.com/bitnami/containers/issues[0m
[2024-06-20T12:41:42.908+0000] {docker.py:413} INFO - [38;5;6mspark [38;5;5m12:41:42.90 [0m[38;5;2mINFO [0m ==>
[2024-06-20T12:41:42.915+0000] {docker.py:413} INFO - 
[2024-06-20T12:41:44.072+0000] {docker.py:413} INFO - :: loading settings :: url = jar:file:/opt/bitnami/spark/jars/ivy-2.5.1.jar!/org/apache/ivy/core/settings/ivysettings.xml
[2024-06-20T12:41:44.129+0000] {docker.py:413} INFO - Ivy Default Cache set to: /opt/bitnami/spark/.ivy2/cache
[2024-06-20T12:41:44.132+0000] {docker.py:413} INFO - The jars for the packages stored in: /opt/bitnami/spark/.ivy2/jars
[2024-06-20T12:41:44.136+0000] {docker.py:413} INFO - org.postgresql#postgresql added as a dependency
org.apache.spark#spark-sql-kafka-0-10_2.12 added as a dependency
[2024-06-20T12:41:44.137+0000] {docker.py:413} INFO - :: resolving dependencies :: org.apache.spark#spark-submit-parent-73728fa1-b93f-45fc-96f3-6179c598d9c4;1.0
	confs: [default]
[2024-06-20T12:41:46.195+0000] {docker.py:413} INFO - found org.postgresql#postgresql;42.5.4 in central
[2024-06-20T12:41:46.795+0000] {docker.py:413} INFO - found org.checkerframework#checker-qual;3.5.0 in central
[2024-06-20T12:41:49.531+0000] {docker.py:413} INFO - found org.apache.spark#spark-sql-kafka-0-10_2.12;3.5.0 in central
[2024-06-20T12:41:50.180+0000] {docker.py:413} INFO - found org.apache.spark#spark-token-provider-kafka-0-10_2.12;3.5.0 in central
[2024-06-20T12:41:50.723+0000] {docker.py:413} INFO - found org.apache.kafka#kafka-clients;3.4.1 in central
[2024-06-20T12:41:51.257+0000] {docker.py:413} INFO - found org.lz4#lz4-java;1.8.0 in central
[2024-06-20T12:41:51.777+0000] {docker.py:413} INFO - found org.xerial.snappy#snappy-java;1.1.10.3 in central
[2024-06-20T12:41:53.087+0000] {docker.py:413} INFO - found org.slf4j#slf4j-api;2.0.7 in central
[2024-06-20T12:41:55.254+0000] {docker.py:413} INFO - found org.apache.hadoop#hadoop-client-runtime;3.3.4 in central
[2024-06-20T12:41:55.803+0000] {docker.py:413} INFO - found org.apache.hadoop#hadoop-client-api;3.3.4 in central
[2024-06-20T12:41:58.037+0000] {docker.py:413} INFO - found commons-logging#commons-logging;1.1.3 in central
[2024-06-20T12:41:58.751+0000] {docker.py:413} INFO - found com.google.code.findbugs#jsr305;3.0.0 in central
[2024-06-20T12:42:01.854+0000] {docker.py:413} INFO - found org.apache.commons#commons-pool2;2.11.1 in central
[2024-06-20T12:42:02.292+0000] {docker.py:413} INFO - downloading https://repo1.maven.org/maven2/org/postgresql/postgresql/42.5.4/postgresql-42.5.4.jar ...
[2024-06-20T12:42:03.498+0000] {docker.py:413} INFO - [SUCCESSFUL ] org.postgresql#postgresql;42.5.4!postgresql.jar (1635ms)
[2024-06-20T12:42:03.742+0000] {docker.py:413} INFO - downloading https://repo1.maven.org/maven2/org/apache/spark/spark-sql-kafka-0-10_2.12/3.5.0/spark-sql-kafka-0-10_2.12-3.5.0.jar ...
[2024-06-20T12:42:04.400+0000] {docker.py:413} INFO - [SUCCESSFUL ] org.apache.spark#spark-sql-kafka-0-10_2.12;3.5.0!spark-sql-kafka-0-10_2.12.jar (888ms)
[2024-06-20T12:42:04.636+0000] {docker.py:413} INFO - downloading https://repo1.maven.org/maven2/org/checkerframework/checker-qual/3.5.0/checker-qual-3.5.0.jar ...
[2024-06-20T12:42:05.033+0000] {docker.py:413} INFO - [SUCCESSFUL ] org.checkerframework#checker-qual;3.5.0!checker-qual.jar (641ms)
[2024-06-20T12:42:05.274+0000] {docker.py:413} INFO - downloading https://repo1.maven.org/maven2/org/apache/spark/spark-token-provider-kafka-0-10_2.12/3.5.0/spark-token-provider-kafka-0-10_2.12-3.5.0.jar ...
[2024-06-20T12:42:05.555+0000] {docker.py:413} INFO - [SUCCESSFUL ] org.apache.spark#spark-token-provider-kafka-0-10_2.12;3.5.0!spark-token-provider-kafka-0-10_2.12.jar (522ms)
[2024-06-20T12:42:05.800+0000] {docker.py:413} INFO - downloading https://repo1.maven.org/maven2/org/apache/kafka/kafka-clients/3.4.1/kafka-clients-3.4.1.jar ...
[2024-06-20T12:42:09.278+0000] {docker.py:413} INFO - [SUCCESSFUL ] org.apache.kafka#kafka-clients;3.4.1!kafka-clients.jar (3721ms)
[2024-06-20T12:42:09.523+0000] {docker.py:413} INFO - downloading https://repo1.maven.org/maven2/com/google/code/findbugs/jsr305/3.0.0/jsr305-3.0.0.jar ...
[2024-06-20T12:42:09.784+0000] {docker.py:413} INFO - [SUCCESSFUL ] com.google.code.findbugs#jsr305;3.0.0!jsr305.jar (505ms)
[2024-06-20T12:42:10.048+0000] {docker.py:413} INFO - downloading https://repo1.maven.org/maven2/org/apache/commons/commons-pool2/2.11.1/commons-pool2-2.11.1.jar ...
[2024-06-20T12:42:10.349+0000] {docker.py:413} INFO - [SUCCESSFUL ] org.apache.commons#commons-pool2;2.11.1!commons-pool2.jar (564ms)
[2024-06-20T12:42:10.591+0000] {docker.py:413} INFO - downloading https://repo1.maven.org/maven2/org/apache/hadoop/hadoop-client-runtime/3.3.4/hadoop-client-runtime-3.3.4.jar ...
[2024-06-20T12:42:17.638+0000] {docker.py:413} INFO - [SUCCESSFUL ] org.apache.hadoop#hadoop-client-runtime;3.3.4!hadoop-client-runtime.jar (7288ms)
[2024-06-20T12:42:17.873+0000] {docker.py:413} INFO - downloading https://repo1.maven.org/maven2/org/lz4/lz4-java/1.8.0/lz4-java-1.8.0.jar ...
[2024-06-20T12:42:18.176+0000] {docker.py:413} INFO - [SUCCESSFUL ] org.lz4#lz4-java;1.8.0!lz4-java.jar (535ms)
[2024-06-20T12:42:18.416+0000] {docker.py:413} INFO - downloading https://repo1.maven.org/maven2/org/xerial/snappy/snappy-java/1.1.10.3/snappy-java-1.1.10.3.jar ...
[2024-06-20T12:42:18.898+0000] {docker.py:413} INFO - [SUCCESSFUL ] org.xerial.snappy#snappy-java;1.1.10.3!snappy-java.jar(bundle) (723ms)
[2024-06-20T12:42:19.136+0000] {docker.py:413} INFO - downloading https://repo1.maven.org/maven2/org/slf4j/slf4j-api/2.0.7/slf4j-api-2.0.7.jar ...
[2024-06-20T12:42:19.383+0000] {docker.py:413} INFO - [SUCCESSFUL ] org.slf4j#slf4j-api;2.0.7!slf4j-api.jar (482ms)
[2024-06-20T12:42:19.624+0000] {docker.py:413} INFO - downloading https://repo1.maven.org/maven2/org/apache/hadoop/hadoop-client-api/3.3.4/hadoop-client-api-3.3.4.jar ...
[2024-06-20T12:42:21.883+0000] {docker.py:413} INFO - [SUCCESSFUL ] org.apache.hadoop#hadoop-client-api;3.3.4!hadoop-client-api.jar (2497ms)
[2024-06-20T12:42:22.119+0000] {docker.py:413} INFO - downloading https://repo1.maven.org/maven2/commons-logging/commons-logging/1.1.3/commons-logging-1.1.3.jar ...
[2024-06-20T12:42:22.365+0000] {docker.py:413} INFO - [SUCCESSFUL ] commons-logging#commons-logging;1.1.3!commons-logging.jar (477ms)
[2024-06-20T12:42:22.370+0000] {docker.py:413} INFO - :: resolution report :: resolve 17724ms :: artifacts dl 20501ms
[2024-06-20T12:42:22.373+0000] {docker.py:413} INFO - :: modules in use:
[2024-06-20T12:42:22.375+0000] {docker.py:413} INFO - com.google.code.findbugs#jsr305;3.0.0 from central in [default]
	commons-logging#commons-logging;1.1.3 from central in [default]
	org.apache.commons#commons-pool2;2.11.1 from central in [default]
	org.apache.hadoop#hadoop-client-api;3.3.4 from central in [default]
	org.apache.hadoop#hadoop-client-runtime;3.3.4 from central in [default]
	org.apache.kafka#kafka-clients;3.4.1 from central in [default]
	org.apache.spark#spark-sql-kafka-0-10_2.12;3.5.0 from central in [default]
	org.apache.spark#spark-token-provider-kafka-0-10_2.12;3.5.0 from central in [default]
	org.checkerframework#checker-qual;3.5.0 from central in [default]
[2024-06-20T12:42:22.377+0000] {docker.py:413} INFO - org.lz4#lz4-java;1.8.0 from central in [default]
	org.postgresql#postgresql;42.5.4 from central in [default]
	org.slf4j#slf4j-api;2.0.7 from central in [default]
	org.xerial.snappy#snappy-java;1.1.10.3 from central in [default]
	---------------------------------------------------------------------
	|                  |            modules            ||   artifacts   |
	|       conf       | number| search|dwnlded|evicted|| number|dwnlded|
	---------------------------------------------------------------------
	|      default     |   13  |   13  |   13  |   0   ||   13  |   13  |
	---------------------------------------------------------------------
[2024-06-20T12:42:22.390+0000] {docker.py:413} INFO - :: retrieving :: org.apache.spark#spark-submit-parent-73728fa1-b93f-45fc-96f3-6179c598d9c4
[2024-06-20T12:42:22.391+0000] {docker.py:413} INFO - confs: [default]
[2024-06-20T12:42:22.497+0000] {docker.py:413} INFO - 13 artifacts copied, 0 already retrieved (58001kB/107ms)
[2024-06-20T12:42:22.669+0000] {docker.py:413} INFO - 24/06/20 12:42:22 WARN NativeCodeLoader: Unable to load native-hadoop library for your platform... using builtin-java classes where applicable
[2024-06-20T12:42:23.352+0000] {docker.py:413} INFO - 24/06/20 12:42:23 INFO SparkContext: Running Spark version 3.5.0
[2024-06-20T12:42:23.353+0000] {docker.py:413} INFO - 24/06/20 12:42:23 INFO SparkContext: OS info Linux, 6.6.12-linuxkit, aarch64
[2024-06-20T12:42:23.354+0000] {docker.py:413} INFO - 24/06/20 12:42:23 INFO SparkContext: Java version 17.0.10
[2024-06-20T12:42:23.366+0000] {docker.py:413} INFO - 24/06/20 12:42:23 INFO ResourceUtils: ==============================================================
[2024-06-20T12:42:23.367+0000] {docker.py:413} INFO - 24/06/20 12:42:23 INFO ResourceUtils: No custom resources configured for spark.driver.
[2024-06-20T12:42:23.367+0000] {docker.py:413} INFO - 24/06/20 12:42:23 INFO ResourceUtils: ==============================================================
24/06/20 12:42:23 INFO SparkContext: Submitted application: PostgreSQL Connection with PySpark
[2024-06-20T12:42:23.380+0000] {docker.py:413} INFO - 24/06/20 12:42:23 INFO ResourceProfile: Default ResourceProfile created, executor resources: Map(cores -> name: cores, amount: 1, script: , vendor: , memory -> name: memory, amount: 1024, script: , vendor: , offHeap -> name: offHeap, amount: 0, script: , vendor: ), task resources: Map(cpus -> name: cpus, amount: 1.0)
[2024-06-20T12:42:23.385+0000] {docker.py:413} INFO - 24/06/20 12:42:23 INFO ResourceProfile: Limiting resource is cpu
[2024-06-20T12:42:23.386+0000] {docker.py:413} INFO - 24/06/20 12:42:23 INFO ResourceProfileManager: Added ResourceProfile id: 0
[2024-06-20T12:42:23.422+0000] {docker.py:413} INFO - 24/06/20 12:42:23 INFO SecurityManager: Changing view acls to: spark
[2024-06-20T12:42:23.423+0000] {docker.py:413} INFO - 24/06/20 12:42:23 INFO SecurityManager: Changing modify acls to: spark
[2024-06-20T12:42:23.423+0000] {docker.py:413} INFO - 24/06/20 12:42:23 INFO SecurityManager: Changing view acls groups to: 
24/06/20 12:42:23 INFO SecurityManager: Changing modify acls groups to:
[2024-06-20T12:42:23.424+0000] {docker.py:413} INFO - 24/06/20 12:42:23 INFO SecurityManager: SecurityManager: authentication disabled; ui acls disabled; users with view permissions: spark; groups with view permissions: EMPTY; users with modify permissions: spark; groups with modify permissions: EMPTY
[2024-06-20T12:42:23.554+0000] {docker.py:413} INFO - 24/06/20 12:42:23 INFO Utils: Successfully started service 'sparkDriver' on port 44329.
[2024-06-20T12:42:23.570+0000] {docker.py:413} INFO - 24/06/20 12:42:23 INFO SparkEnv: Registering MapOutputTracker
[2024-06-20T12:42:23.587+0000] {docker.py:413} INFO - 24/06/20 12:42:23 INFO SparkEnv: Registering BlockManagerMaster
[2024-06-20T12:42:23.595+0000] {docker.py:413} INFO - 24/06/20 12:42:23 INFO BlockManagerMasterEndpoint: Using org.apache.spark.storage.DefaultTopologyMapper for getting topology information
[2024-06-20T12:42:23.596+0000] {docker.py:413} INFO - 24/06/20 12:42:23 INFO BlockManagerMasterEndpoint: BlockManagerMasterEndpoint up
[2024-06-20T12:42:23.597+0000] {docker.py:413} INFO - 24/06/20 12:42:23 INFO SparkEnv: Registering BlockManagerMasterHeartbeat
[2024-06-20T12:42:23.612+0000] {docker.py:413} INFO - 24/06/20 12:42:23 INFO DiskBlockManager: Created local directory at /tmp/blockmgr-815d3da6-bb7e-44bf-be7d-af7d47ecae23
[2024-06-20T12:42:23.622+0000] {docker.py:413} INFO - 24/06/20 12:42:23 INFO MemoryStore: MemoryStore started with capacity 434.4 MiB
[2024-06-20T12:42:23.631+0000] {docker.py:413} INFO - 24/06/20 12:42:23 INFO SparkEnv: Registering OutputCommitCoordinator
[2024-06-20T12:42:23.698+0000] {docker.py:413} INFO - 24/06/20 12:42:23 INFO JettyUtils: Start Jetty 0.0.0.0:4040 for SparkUI
[2024-06-20T12:42:23.733+0000] {docker.py:413} INFO - 24/06/20 12:42:23 INFO Utils: Successfully started service 'SparkUI' on port 4040.
[2024-06-20T12:42:23.752+0000] {docker.py:413} INFO - 24/06/20 12:42:23 INFO SparkContext: Added JAR file:///opt/bitnami/spark/.ivy2/jars/org.postgresql_postgresql-42.5.4.jar at spark://localhost:44329/jars/org.postgresql_postgresql-42.5.4.jar with timestamp 1718887343346
[2024-06-20T12:42:23.753+0000] {docker.py:413} INFO - 24/06/20 12:42:23 INFO SparkContext: Added JAR file:///opt/bitnami/spark/.ivy2/jars/org.apache.spark_spark-sql-kafka-0-10_2.12-3.5.0.jar at spark://localhost:44329/jars/org.apache.spark_spark-sql-kafka-0-10_2.12-3.5.0.jar with timestamp 1718887343346
24/06/20 12:42:23 INFO SparkContext: Added JAR file:///opt/bitnami/spark/.ivy2/jars/org.checkerframework_checker-qual-3.5.0.jar at spark://localhost:44329/jars/org.checkerframework_checker-qual-3.5.0.jar with timestamp 1718887343346
[2024-06-20T12:42:23.753+0000] {docker.py:413} INFO - 24/06/20 12:42:23 INFO SparkContext: Added JAR file:///opt/bitnami/spark/.ivy2/jars/org.apache.spark_spark-token-provider-kafka-0-10_2.12-3.5.0.jar at spark://localhost:44329/jars/org.apache.spark_spark-token-provider-kafka-0-10_2.12-3.5.0.jar with timestamp 1718887343346
24/06/20 12:42:23 INFO SparkContext: Added JAR file:///opt/bitnami/spark/.ivy2/jars/org.apache.kafka_kafka-clients-3.4.1.jar at spark://localhost:44329/jars/org.apache.kafka_kafka-clients-3.4.1.jar with timestamp 1718887343346
[2024-06-20T12:42:23.754+0000] {docker.py:413} INFO - 24/06/20 12:42:23 INFO SparkContext: Added JAR file:///opt/bitnami/spark/.ivy2/jars/com.google.code.findbugs_jsr305-3.0.0.jar at spark://localhost:44329/jars/com.google.code.findbugs_jsr305-3.0.0.jar with timestamp 1718887343346
24/06/20 12:42:23 INFO SparkContext: Added JAR file:///opt/bitnami/spark/.ivy2/jars/org.apache.commons_commons-pool2-2.11.1.jar at spark://localhost:44329/jars/org.apache.commons_commons-pool2-2.11.1.jar with timestamp 1718887343346
24/06/20 12:42:23 INFO SparkContext: Added JAR file:///opt/bitnami/spark/.ivy2/jars/org.apache.hadoop_hadoop-client-runtime-3.3.4.jar at spark://localhost:44329/jars/org.apache.hadoop_hadoop-client-runtime-3.3.4.jar with timestamp 1718887343346
24/06/20 12:42:23 INFO SparkContext: Added JAR file:///opt/bitnami/spark/.ivy2/jars/org.lz4_lz4-java-1.8.0.jar at spark://localhost:44329/jars/org.lz4_lz4-java-1.8.0.jar with timestamp 1718887343346
[2024-06-20T12:42:23.754+0000] {docker.py:413} INFO - 24/06/20 12:42:23 INFO SparkContext: Added JAR file:///opt/bitnami/spark/.ivy2/jars/org.xerial.snappy_snappy-java-1.1.10.3.jar at spark://localhost:44329/jars/org.xerial.snappy_snappy-java-1.1.10.3.jar with timestamp 1718887343346
[2024-06-20T12:42:23.755+0000] {docker.py:413} INFO - 24/06/20 12:42:23 INFO SparkContext: Added JAR file:///opt/bitnami/spark/.ivy2/jars/org.slf4j_slf4j-api-2.0.7.jar at spark://localhost:44329/jars/org.slf4j_slf4j-api-2.0.7.jar with timestamp 1718887343346
[2024-06-20T12:42:23.755+0000] {docker.py:413} INFO - 24/06/20 12:42:23 INFO SparkContext: Added JAR file:///opt/bitnami/spark/.ivy2/jars/org.apache.hadoop_hadoop-client-api-3.3.4.jar at spark://localhost:44329/jars/org.apache.hadoop_hadoop-client-api-3.3.4.jar with timestamp 1718887343346
[2024-06-20T12:42:23.756+0000] {docker.py:413} INFO - 24/06/20 12:42:23 INFO SparkContext: Added JAR file:///opt/bitnami/spark/.ivy2/jars/commons-logging_commons-logging-1.1.3.jar at spark://localhost:44329/jars/commons-logging_commons-logging-1.1.3.jar with timestamp 1718887343346
[2024-06-20T12:42:23.756+0000] {docker.py:413} INFO - 24/06/20 12:42:23 INFO SparkContext: Added file file:///opt/bitnami/spark/.ivy2/jars/org.postgresql_postgresql-42.5.4.jar at file:///opt/bitnami/spark/.ivy2/jars/org.postgresql_postgresql-42.5.4.jar with timestamp 1718887343346
[2024-06-20T12:42:23.756+0000] {docker.py:413} INFO - 24/06/20 12:42:23 INFO Utils: Copying /opt/bitnami/spark/.ivy2/jars/org.postgresql_postgresql-42.5.4.jar to /tmp/spark-191aa513-bbea-49d0-a7d8-4feccec5ff21/userFiles-c9880f94-b3ef-4fd6-935f-3ded3385867a/org.postgresql_postgresql-42.5.4.jar
[2024-06-20T12:42:23.763+0000] {docker.py:413} INFO - 24/06/20 12:42:23 INFO SparkContext: Added file file:///opt/bitnami/spark/.ivy2/jars/org.apache.spark_spark-sql-kafka-0-10_2.12-3.5.0.jar at file:///opt/bitnami/spark/.ivy2/jars/org.apache.spark_spark-sql-kafka-0-10_2.12-3.5.0.jar with timestamp 1718887343346
[2024-06-20T12:42:23.763+0000] {docker.py:413} INFO - 24/06/20 12:42:23 INFO Utils: Copying /opt/bitnami/spark/.ivy2/jars/org.apache.spark_spark-sql-kafka-0-10_2.12-3.5.0.jar to /tmp/spark-191aa513-bbea-49d0-a7d8-4feccec5ff21/userFiles-c9880f94-b3ef-4fd6-935f-3ded3385867a/org.apache.spark_spark-sql-kafka-0-10_2.12-3.5.0.jar
[2024-06-20T12:42:23.765+0000] {docker.py:413} INFO - 24/06/20 12:42:23 INFO SparkContext: Added file file:///opt/bitnami/spark/.ivy2/jars/org.checkerframework_checker-qual-3.5.0.jar at file:///opt/bitnami/spark/.ivy2/jars/org.checkerframework_checker-qual-3.5.0.jar with timestamp 1718887343346
[2024-06-20T12:42:23.765+0000] {docker.py:413} INFO - 24/06/20 12:42:23 INFO Utils: Copying /opt/bitnami/spark/.ivy2/jars/org.checkerframework_checker-qual-3.5.0.jar to /tmp/spark-191aa513-bbea-49d0-a7d8-4feccec5ff21/userFiles-c9880f94-b3ef-4fd6-935f-3ded3385867a/org.checkerframework_checker-qual-3.5.0.jar
[2024-06-20T12:42:23.767+0000] {docker.py:413} INFO - 24/06/20 12:42:23 INFO SparkContext: Added file file:///opt/bitnami/spark/.ivy2/jars/org.apache.spark_spark-token-provider-kafka-0-10_2.12-3.5.0.jar at file:///opt/bitnami/spark/.ivy2/jars/org.apache.spark_spark-token-provider-kafka-0-10_2.12-3.5.0.jar with timestamp 1718887343346
24/06/20 12:42:23 INFO Utils: Copying /opt/bitnami/spark/.ivy2/jars/org.apache.spark_spark-token-provider-kafka-0-10_2.12-3.5.0.jar to /tmp/spark-191aa513-bbea-49d0-a7d8-4feccec5ff21/userFiles-c9880f94-b3ef-4fd6-935f-3ded3385867a/org.apache.spark_spark-token-provider-kafka-0-10_2.12-3.5.0.jar
[2024-06-20T12:42:23.769+0000] {docker.py:413} INFO - 24/06/20 12:42:23 INFO SparkContext: Added file file:///opt/bitnami/spark/.ivy2/jars/org.apache.kafka_kafka-clients-3.4.1.jar at file:///opt/bitnami/spark/.ivy2/jars/org.apache.kafka_kafka-clients-3.4.1.jar with timestamp 1718887343346
[2024-06-20T12:42:23.769+0000] {docker.py:413} INFO - 24/06/20 12:42:23 INFO Utils: Copying /opt/bitnami/spark/.ivy2/jars/org.apache.kafka_kafka-clients-3.4.1.jar to /tmp/spark-191aa513-bbea-49d0-a7d8-4feccec5ff21/userFiles-c9880f94-b3ef-4fd6-935f-3ded3385867a/org.apache.kafka_kafka-clients-3.4.1.jar
[2024-06-20T12:42:23.775+0000] {docker.py:413} INFO - 24/06/20 12:42:23 INFO SparkContext: Added file file:///opt/bitnami/spark/.ivy2/jars/com.google.code.findbugs_jsr305-3.0.0.jar at file:///opt/bitnami/spark/.ivy2/jars/com.google.code.findbugs_jsr305-3.0.0.jar with timestamp 1718887343346
[2024-06-20T12:42:23.775+0000] {docker.py:413} INFO - 24/06/20 12:42:23 INFO Utils: Copying /opt/bitnami/spark/.ivy2/jars/com.google.code.findbugs_jsr305-3.0.0.jar to /tmp/spark-191aa513-bbea-49d0-a7d8-4feccec5ff21/userFiles-c9880f94-b3ef-4fd6-935f-3ded3385867a/com.google.code.findbugs_jsr305-3.0.0.jar
[2024-06-20T12:42:23.777+0000] {docker.py:413} INFO - 24/06/20 12:42:23 INFO SparkContext: Added file file:///opt/bitnami/spark/.ivy2/jars/org.apache.commons_commons-pool2-2.11.1.jar at file:///opt/bitnami/spark/.ivy2/jars/org.apache.commons_commons-pool2-2.11.1.jar with timestamp 1718887343346
24/06/20 12:42:23 INFO Utils: Copying /opt/bitnami/spark/.ivy2/jars/org.apache.commons_commons-pool2-2.11.1.jar to /tmp/spark-191aa513-bbea-49d0-a7d8-4feccec5ff21/userFiles-c9880f94-b3ef-4fd6-935f-3ded3385867a/org.apache.commons_commons-pool2-2.11.1.jar
[2024-06-20T12:42:23.779+0000] {docker.py:413} INFO - 24/06/20 12:42:23 INFO SparkContext: Added file file:///opt/bitnami/spark/.ivy2/jars/org.apache.hadoop_hadoop-client-runtime-3.3.4.jar at file:///opt/bitnami/spark/.ivy2/jars/org.apache.hadoop_hadoop-client-runtime-3.3.4.jar with timestamp 1718887343346
[2024-06-20T12:42:23.779+0000] {docker.py:413} INFO - 24/06/20 12:42:23 INFO Utils: Copying /opt/bitnami/spark/.ivy2/jars/org.apache.hadoop_hadoop-client-runtime-3.3.4.jar to /tmp/spark-191aa513-bbea-49d0-a7d8-4feccec5ff21/userFiles-c9880f94-b3ef-4fd6-935f-3ded3385867a/org.apache.hadoop_hadoop-client-runtime-3.3.4.jar
[2024-06-20T12:42:23.803+0000] {docker.py:413} INFO - 24/06/20 12:42:23 INFO SparkContext: Added file file:///opt/bitnami/spark/.ivy2/jars/org.lz4_lz4-java-1.8.0.jar at file:///opt/bitnami/spark/.ivy2/jars/org.lz4_lz4-java-1.8.0.jar with timestamp 1718887343346
[2024-06-20T12:42:23.803+0000] {docker.py:413} INFO - 24/06/20 12:42:23 INFO Utils: Copying /opt/bitnami/spark/.ivy2/jars/org.lz4_lz4-java-1.8.0.jar to /tmp/spark-191aa513-bbea-49d0-a7d8-4feccec5ff21/userFiles-c9880f94-b3ef-4fd6-935f-3ded3385867a/org.lz4_lz4-java-1.8.0.jar
[2024-06-20T12:42:23.805+0000] {docker.py:413} INFO - 24/06/20 12:42:23 INFO SparkContext: Added file file:///opt/bitnami/spark/.ivy2/jars/org.xerial.snappy_snappy-java-1.1.10.3.jar at file:///opt/bitnami/spark/.ivy2/jars/org.xerial.snappy_snappy-java-1.1.10.3.jar with timestamp 1718887343346
24/06/20 12:42:23 INFO Utils: Copying /opt/bitnami/spark/.ivy2/jars/org.xerial.snappy_snappy-java-1.1.10.3.jar to /tmp/spark-191aa513-bbea-49d0-a7d8-4feccec5ff21/userFiles-c9880f94-b3ef-4fd6-935f-3ded3385867a/org.xerial.snappy_snappy-java-1.1.10.3.jar
[2024-06-20T12:42:23.810+0000] {docker.py:413} INFO - 24/06/20 12:42:23 INFO SparkContext: Added file file:///opt/bitnami/spark/.ivy2/jars/org.slf4j_slf4j-api-2.0.7.jar at file:///opt/bitnami/spark/.ivy2/jars/org.slf4j_slf4j-api-2.0.7.jar with timestamp 1718887343346
[2024-06-20T12:42:23.814+0000] {docker.py:413} INFO - 24/06/20 12:42:23 INFO Utils: Copying /opt/bitnami/spark/.ivy2/jars/org.slf4j_slf4j-api-2.0.7.jar to /tmp/spark-191aa513-bbea-49d0-a7d8-4feccec5ff21/userFiles-c9880f94-b3ef-4fd6-935f-3ded3385867a/org.slf4j_slf4j-api-2.0.7.jar
[2024-06-20T12:42:23.814+0000] {docker.py:413} INFO - 24/06/20 12:42:23 INFO SparkContext: Added file file:///opt/bitnami/spark/.ivy2/jars/org.apache.hadoop_hadoop-client-api-3.3.4.jar at file:///opt/bitnami/spark/.ivy2/jars/org.apache.hadoop_hadoop-client-api-3.3.4.jar with timestamp 1718887343346
[2024-06-20T12:42:23.814+0000] {docker.py:413} INFO - 24/06/20 12:42:23 INFO Utils: Copying /opt/bitnami/spark/.ivy2/jars/org.apache.hadoop_hadoop-client-api-3.3.4.jar to /tmp/spark-191aa513-bbea-49d0-a7d8-4feccec5ff21/userFiles-c9880f94-b3ef-4fd6-935f-3ded3385867a/org.apache.hadoop_hadoop-client-api-3.3.4.jar
[2024-06-20T12:42:23.850+0000] {docker.py:413} INFO - 24/06/20 12:42:23 INFO SparkContext: Added file file:///opt/bitnami/spark/.ivy2/jars/commons-logging_commons-logging-1.1.3.jar at file:///opt/bitnami/spark/.ivy2/jars/commons-logging_commons-logging-1.1.3.jar with timestamp 1718887343346
[2024-06-20T12:42:23.851+0000] {docker.py:413} INFO - 24/06/20 12:42:23 INFO Utils: Copying /opt/bitnami/spark/.ivy2/jars/commons-logging_commons-logging-1.1.3.jar to /tmp/spark-191aa513-bbea-49d0-a7d8-4feccec5ff21/userFiles-c9880f94-b3ef-4fd6-935f-3ded3385867a/commons-logging_commons-logging-1.1.3.jar
[2024-06-20T12:42:23.892+0000] {docker.py:413} INFO - 24/06/20 12:42:23 INFO Executor: Starting executor ID driver on host localhost
[2024-06-20T12:42:23.892+0000] {docker.py:413} INFO - 24/06/20 12:42:23 INFO Executor: OS info Linux, 6.6.12-linuxkit, aarch64
[2024-06-20T12:42:23.893+0000] {docker.py:413} INFO - 24/06/20 12:42:23 INFO Executor: Java version 17.0.10
[2024-06-20T12:42:23.896+0000] {docker.py:413} INFO - 24/06/20 12:42:23 INFO Executor: Starting executor with user classpath (userClassPathFirst = false): ''
[2024-06-20T12:42:23.896+0000] {docker.py:413} INFO - 24/06/20 12:42:23 INFO Executor: Created or updated repl class loader org.apache.spark.util.MutableURLClassLoader@3d8bc468 for default.
[2024-06-20T12:42:23.901+0000] {docker.py:413} INFO - 24/06/20 12:42:23 INFO Executor: Fetching file:///opt/bitnami/spark/.ivy2/jars/org.apache.spark_spark-token-provider-kafka-0-10_2.12-3.5.0.jar with timestamp 1718887343346
[2024-06-20T12:42:23.910+0000] {docker.py:413} INFO - 24/06/20 12:42:23 INFO Utils: /opt/bitnami/spark/.ivy2/jars/org.apache.spark_spark-token-provider-kafka-0-10_2.12-3.5.0.jar has been previously copied to /tmp/spark-191aa513-bbea-49d0-a7d8-4feccec5ff21/userFiles-c9880f94-b3ef-4fd6-935f-3ded3385867a/org.apache.spark_spark-token-provider-kafka-0-10_2.12-3.5.0.jar
[2024-06-20T12:42:23.915+0000] {docker.py:413} INFO - 24/06/20 12:42:23 INFO Executor: Fetching file:///opt/bitnami/spark/.ivy2/jars/org.apache.hadoop_hadoop-client-runtime-3.3.4.jar with timestamp 1718887343346
[2024-06-20T12:42:23.925+0000] {docker.py:413} INFO - 24/06/20 12:42:23 INFO Utils: /opt/bitnami/spark/.ivy2/jars/org.apache.hadoop_hadoop-client-runtime-3.3.4.jar has been previously copied to /tmp/spark-191aa513-bbea-49d0-a7d8-4feccec5ff21/userFiles-c9880f94-b3ef-4fd6-935f-3ded3385867a/org.apache.hadoop_hadoop-client-runtime-3.3.4.jar
[2024-06-20T12:42:23.927+0000] {docker.py:413} INFO - 24/06/20 12:42:23 INFO Executor: Fetching file:///opt/bitnami/spark/.ivy2/jars/org.apache.commons_commons-pool2-2.11.1.jar with timestamp 1718887343346
[2024-06-20T12:42:23.927+0000] {docker.py:413} INFO - 24/06/20 12:42:23 INFO Utils: /opt/bitnami/spark/.ivy2/jars/org.apache.commons_commons-pool2-2.11.1.jar has been previously copied to /tmp/spark-191aa513-bbea-49d0-a7d8-4feccec5ff21/userFiles-c9880f94-b3ef-4fd6-935f-3ded3385867a/org.apache.commons_commons-pool2-2.11.1.jar
[2024-06-20T12:42:23.928+0000] {docker.py:413} INFO - 24/06/20 12:42:23 INFO Executor: Fetching file:///opt/bitnami/spark/.ivy2/jars/org.postgresql_postgresql-42.5.4.jar with timestamp 1718887343346
[2024-06-20T12:42:23.929+0000] {docker.py:413} INFO - 24/06/20 12:42:23 INFO Utils: /opt/bitnami/spark/.ivy2/jars/org.postgresql_postgresql-42.5.4.jar has been previously copied to /tmp/spark-191aa513-bbea-49d0-a7d8-4feccec5ff21/userFiles-c9880f94-b3ef-4fd6-935f-3ded3385867a/org.postgresql_postgresql-42.5.4.jar
[2024-06-20T12:42:23.930+0000] {docker.py:413} INFO - 24/06/20 12:42:23 INFO Executor: Fetching file:///opt/bitnami/spark/.ivy2/jars/org.slf4j_slf4j-api-2.0.7.jar with timestamp 1718887343346
[2024-06-20T12:42:23.931+0000] {docker.py:413} INFO - 24/06/20 12:42:23 INFO Utils: /opt/bitnami/spark/.ivy2/jars/org.slf4j_slf4j-api-2.0.7.jar has been previously copied to /tmp/spark-191aa513-bbea-49d0-a7d8-4feccec5ff21/userFiles-c9880f94-b3ef-4fd6-935f-3ded3385867a/org.slf4j_slf4j-api-2.0.7.jar
[2024-06-20T12:42:23.934+0000] {docker.py:413} INFO - 24/06/20 12:42:23 INFO Executor: Fetching file:///opt/bitnami/spark/.ivy2/jars/org.apache.kafka_kafka-clients-3.4.1.jar with timestamp 1718887343346
[2024-06-20T12:42:23.934+0000] {docker.py:413} INFO - 24/06/20 12:42:23 INFO Utils: /opt/bitnami/spark/.ivy2/jars/org.apache.kafka_kafka-clients-3.4.1.jar has been previously copied to /tmp/spark-191aa513-bbea-49d0-a7d8-4feccec5ff21/userFiles-c9880f94-b3ef-4fd6-935f-3ded3385867a/org.apache.kafka_kafka-clients-3.4.1.jar
[2024-06-20T12:42:23.936+0000] {docker.py:413} INFO - 24/06/20 12:42:23 INFO Executor: Fetching file:///opt/bitnami/spark/.ivy2/jars/com.google.code.findbugs_jsr305-3.0.0.jar with timestamp 1718887343346
[2024-06-20T12:42:23.936+0000] {docker.py:413} INFO - 24/06/20 12:42:23 INFO Utils: /opt/bitnami/spark/.ivy2/jars/com.google.code.findbugs_jsr305-3.0.0.jar has been previously copied to /tmp/spark-191aa513-bbea-49d0-a7d8-4feccec5ff21/userFiles-c9880f94-b3ef-4fd6-935f-3ded3385867a/com.google.code.findbugs_jsr305-3.0.0.jar
[2024-06-20T12:42:23.937+0000] {docker.py:413} INFO - 24/06/20 12:42:23 INFO Executor: Fetching file:///opt/bitnami/spark/.ivy2/jars/org.lz4_lz4-java-1.8.0.jar with timestamp 1718887343346
[2024-06-20T12:42:23.939+0000] {docker.py:413} INFO - 24/06/20 12:42:23 INFO Utils: /opt/bitnami/spark/.ivy2/jars/org.lz4_lz4-java-1.8.0.jar has been previously copied to /tmp/spark-191aa513-bbea-49d0-a7d8-4feccec5ff21/userFiles-c9880f94-b3ef-4fd6-935f-3ded3385867a/org.lz4_lz4-java-1.8.0.jar
[2024-06-20T12:42:23.939+0000] {docker.py:413} INFO - 24/06/20 12:42:23 INFO Executor: Fetching file:///opt/bitnami/spark/.ivy2/jars/org.apache.spark_spark-sql-kafka-0-10_2.12-3.5.0.jar with timestamp 1718887343346
[2024-06-20T12:42:23.940+0000] {docker.py:413} INFO - 24/06/20 12:42:23 INFO Utils: /opt/bitnami/spark/.ivy2/jars/org.apache.spark_spark-sql-kafka-0-10_2.12-3.5.0.jar has been previously copied to /tmp/spark-191aa513-bbea-49d0-a7d8-4feccec5ff21/userFiles-c9880f94-b3ef-4fd6-935f-3ded3385867a/org.apache.spark_spark-sql-kafka-0-10_2.12-3.5.0.jar
[2024-06-20T12:42:23.941+0000] {docker.py:413} INFO - 24/06/20 12:42:23 INFO Executor: Fetching file:///opt/bitnami/spark/.ivy2/jars/org.apache.hadoop_hadoop-client-api-3.3.4.jar with timestamp 1718887343346
[2024-06-20T12:42:23.949+0000] {docker.py:413} INFO - 24/06/20 12:42:23 INFO Utils: /opt/bitnami/spark/.ivy2/jars/org.apache.hadoop_hadoop-client-api-3.3.4.jar has been previously copied to /tmp/spark-191aa513-bbea-49d0-a7d8-4feccec5ff21/userFiles-c9880f94-b3ef-4fd6-935f-3ded3385867a/org.apache.hadoop_hadoop-client-api-3.3.4.jar
[2024-06-20T12:42:23.950+0000] {docker.py:413} INFO - 24/06/20 12:42:23 INFO Executor: Fetching file:///opt/bitnami/spark/.ivy2/jars/commons-logging_commons-logging-1.1.3.jar with timestamp 1718887343346
[2024-06-20T12:42:23.950+0000] {docker.py:413} INFO - 24/06/20 12:42:23 INFO Utils: /opt/bitnami/spark/.ivy2/jars/commons-logging_commons-logging-1.1.3.jar has been previously copied to /tmp/spark-191aa513-bbea-49d0-a7d8-4feccec5ff21/userFiles-c9880f94-b3ef-4fd6-935f-3ded3385867a/commons-logging_commons-logging-1.1.3.jar
[2024-06-20T12:42:23.952+0000] {docker.py:413} INFO - 24/06/20 12:42:23 INFO Executor: Fetching file:///opt/bitnami/spark/.ivy2/jars/org.checkerframework_checker-qual-3.5.0.jar with timestamp 1718887343346
[2024-06-20T12:42:23.952+0000] {docker.py:413} INFO - 24/06/20 12:42:23 INFO Utils: /opt/bitnami/spark/.ivy2/jars/org.checkerframework_checker-qual-3.5.0.jar has been previously copied to /tmp/spark-191aa513-bbea-49d0-a7d8-4feccec5ff21/userFiles-c9880f94-b3ef-4fd6-935f-3ded3385867a/org.checkerframework_checker-qual-3.5.0.jar
[2024-06-20T12:42:23.953+0000] {docker.py:413} INFO - 24/06/20 12:42:23 INFO Executor: Fetching file:///opt/bitnami/spark/.ivy2/jars/org.xerial.snappy_snappy-java-1.1.10.3.jar with timestamp 1718887343346
[2024-06-20T12:42:23.955+0000] {docker.py:413} INFO - 24/06/20 12:42:23 INFO Utils: /opt/bitnami/spark/.ivy2/jars/org.xerial.snappy_snappy-java-1.1.10.3.jar has been previously copied to /tmp/spark-191aa513-bbea-49d0-a7d8-4feccec5ff21/userFiles-c9880f94-b3ef-4fd6-935f-3ded3385867a/org.xerial.snappy_snappy-java-1.1.10.3.jar
[2024-06-20T12:42:23.958+0000] {docker.py:413} INFO - 24/06/20 12:42:23 INFO Executor: Fetching spark://localhost:44329/jars/commons-logging_commons-logging-1.1.3.jar with timestamp 1718887343346
[2024-06-20T12:42:23.989+0000] {docker.py:413} INFO - 24/06/20 12:42:23 INFO TransportClientFactory: Successfully created connection to localhost/127.0.0.1:44329 after 23 ms (2 ms spent in bootstraps)
[2024-06-20T12:42:23.992+0000] {docker.py:413} INFO - 24/06/20 12:42:23 INFO Utils: Fetching spark://localhost:44329/jars/commons-logging_commons-logging-1.1.3.jar to /tmp/spark-191aa513-bbea-49d0-a7d8-4feccec5ff21/userFiles-c9880f94-b3ef-4fd6-935f-3ded3385867a/fetchFileTemp1234630997455463914.tmp
[2024-06-20T12:42:24.002+0000] {docker.py:413} INFO - 24/06/20 12:42:24 INFO Utils: /tmp/spark-191aa513-bbea-49d0-a7d8-4feccec5ff21/userFiles-c9880f94-b3ef-4fd6-935f-3ded3385867a/fetchFileTemp1234630997455463914.tmp has been previously copied to /tmp/spark-191aa513-bbea-49d0-a7d8-4feccec5ff21/userFiles-c9880f94-b3ef-4fd6-935f-3ded3385867a/commons-logging_commons-logging-1.1.3.jar
[2024-06-20T12:42:24.005+0000] {docker.py:413} INFO - 24/06/20 12:42:24 INFO Executor: Adding file:/tmp/spark-191aa513-bbea-49d0-a7d8-4feccec5ff21/userFiles-c9880f94-b3ef-4fd6-935f-3ded3385867a/commons-logging_commons-logging-1.1.3.jar to class loader default
[2024-06-20T12:42:24.005+0000] {docker.py:413} INFO - 24/06/20 12:42:24 INFO Executor: Fetching spark://localhost:44329/jars/org.xerial.snappy_snappy-java-1.1.10.3.jar with timestamp 1718887343346
[2024-06-20T12:42:24.006+0000] {docker.py:413} INFO - 24/06/20 12:42:24 INFO Utils: Fetching spark://localhost:44329/jars/org.xerial.snappy_snappy-java-1.1.10.3.jar to /tmp/spark-191aa513-bbea-49d0-a7d8-4feccec5ff21/userFiles-c9880f94-b3ef-4fd6-935f-3ded3385867a/fetchFileTemp296824523401867927.tmp
[2024-06-20T12:42:24.011+0000] {docker.py:413} INFO - 24/06/20 12:42:24 INFO Utils: /tmp/spark-191aa513-bbea-49d0-a7d8-4feccec5ff21/userFiles-c9880f94-b3ef-4fd6-935f-3ded3385867a/fetchFileTemp296824523401867927.tmp has been previously copied to /tmp/spark-191aa513-bbea-49d0-a7d8-4feccec5ff21/userFiles-c9880f94-b3ef-4fd6-935f-3ded3385867a/org.xerial.snappy_snappy-java-1.1.10.3.jar
[2024-06-20T12:42:24.014+0000] {docker.py:413} INFO - 24/06/20 12:42:24 INFO Executor: Adding file:/tmp/spark-191aa513-bbea-49d0-a7d8-4feccec5ff21/userFiles-c9880f94-b3ef-4fd6-935f-3ded3385867a/org.xerial.snappy_snappy-java-1.1.10.3.jar to class loader default
[2024-06-20T12:42:24.014+0000] {docker.py:413} INFO - 24/06/20 12:42:24 INFO Executor: Fetching spark://localhost:44329/jars/org.apache.commons_commons-pool2-2.11.1.jar with timestamp 1718887343346
[2024-06-20T12:42:24.014+0000] {docker.py:413} INFO - 24/06/20 12:42:24 INFO Utils: Fetching spark://localhost:44329/jars/org.apache.commons_commons-pool2-2.11.1.jar to /tmp/spark-191aa513-bbea-49d0-a7d8-4feccec5ff21/userFiles-c9880f94-b3ef-4fd6-935f-3ded3385867a/fetchFileTemp17134853034941294983.tmp
[2024-06-20T12:42:24.015+0000] {docker.py:413} INFO - 24/06/20 12:42:24 INFO Utils: /tmp/spark-191aa513-bbea-49d0-a7d8-4feccec5ff21/userFiles-c9880f94-b3ef-4fd6-935f-3ded3385867a/fetchFileTemp17134853034941294983.tmp has been previously copied to /tmp/spark-191aa513-bbea-49d0-a7d8-4feccec5ff21/userFiles-c9880f94-b3ef-4fd6-935f-3ded3385867a/org.apache.commons_commons-pool2-2.11.1.jar
[2024-06-20T12:42:24.017+0000] {docker.py:413} INFO - 24/06/20 12:42:24 INFO Executor: Adding file:/tmp/spark-191aa513-bbea-49d0-a7d8-4feccec5ff21/userFiles-c9880f94-b3ef-4fd6-935f-3ded3385867a/org.apache.commons_commons-pool2-2.11.1.jar to class loader default
[2024-06-20T12:42:24.017+0000] {docker.py:413} INFO - 24/06/20 12:42:24 INFO Executor: Fetching spark://localhost:44329/jars/org.lz4_lz4-java-1.8.0.jar with timestamp 1718887343346
[2024-06-20T12:42:24.018+0000] {docker.py:413} INFO - 24/06/20 12:42:24 INFO Utils: Fetching spark://localhost:44329/jars/org.lz4_lz4-java-1.8.0.jar to /tmp/spark-191aa513-bbea-49d0-a7d8-4feccec5ff21/userFiles-c9880f94-b3ef-4fd6-935f-3ded3385867a/fetchFileTemp4892215580969110227.tmp
[2024-06-20T12:42:24.020+0000] {docker.py:413} INFO - 24/06/20 12:42:24 INFO Utils: /tmp/spark-191aa513-bbea-49d0-a7d8-4feccec5ff21/userFiles-c9880f94-b3ef-4fd6-935f-3ded3385867a/fetchFileTemp4892215580969110227.tmp has been previously copied to /tmp/spark-191aa513-bbea-49d0-a7d8-4feccec5ff21/userFiles-c9880f94-b3ef-4fd6-935f-3ded3385867a/org.lz4_lz4-java-1.8.0.jar
[2024-06-20T12:42:24.021+0000] {docker.py:413} INFO - 24/06/20 12:42:24 INFO Executor: Adding file:/tmp/spark-191aa513-bbea-49d0-a7d8-4feccec5ff21/userFiles-c9880f94-b3ef-4fd6-935f-3ded3385867a/org.lz4_lz4-java-1.8.0.jar to class loader default
24/06/20 12:42:24 INFO Executor: Fetching spark://localhost:44329/jars/org.apache.hadoop_hadoop-client-runtime-3.3.4.jar with timestamp 1718887343346
[2024-06-20T12:42:24.023+0000] {docker.py:413} INFO - 24/06/20 12:42:24 INFO Utils: Fetching spark://localhost:44329/jars/org.apache.hadoop_hadoop-client-runtime-3.3.4.jar to /tmp/spark-191aa513-bbea-49d0-a7d8-4feccec5ff21/userFiles-c9880f94-b3ef-4fd6-935f-3ded3385867a/fetchFileTemp856250045975207799.tmp
[2024-06-20T12:42:24.117+0000] {docker.py:413} INFO - 24/06/20 12:42:24 INFO Utils: /tmp/spark-191aa513-bbea-49d0-a7d8-4feccec5ff21/userFiles-c9880f94-b3ef-4fd6-935f-3ded3385867a/fetchFileTemp856250045975207799.tmp has been previously copied to /tmp/spark-191aa513-bbea-49d0-a7d8-4feccec5ff21/userFiles-c9880f94-b3ef-4fd6-935f-3ded3385867a/org.apache.hadoop_hadoop-client-runtime-3.3.4.jar
[2024-06-20T12:42:24.121+0000] {docker.py:413} INFO - 24/06/20 12:42:24 INFO Executor: Adding file:/tmp/spark-191aa513-bbea-49d0-a7d8-4feccec5ff21/userFiles-c9880f94-b3ef-4fd6-935f-3ded3385867a/org.apache.hadoop_hadoop-client-runtime-3.3.4.jar to class loader default
[2024-06-20T12:42:24.122+0000] {docker.py:413} INFO - 24/06/20 12:42:24 INFO Executor: Fetching spark://localhost:44329/jars/com.google.code.findbugs_jsr305-3.0.0.jar with timestamp 1718887343346
[2024-06-20T12:42:24.123+0000] {docker.py:413} INFO - 24/06/20 12:42:24 INFO Utils: Fetching spark://localhost:44329/jars/com.google.code.findbugs_jsr305-3.0.0.jar to /tmp/spark-191aa513-bbea-49d0-a7d8-4feccec5ff21/userFiles-c9880f94-b3ef-4fd6-935f-3ded3385867a/fetchFileTemp12308956803385369021.tmp
[2024-06-20T12:42:24.123+0000] {docker.py:413} INFO - 24/06/20 12:42:24 INFO Utils: /tmp/spark-191aa513-bbea-49d0-a7d8-4feccec5ff21/userFiles-c9880f94-b3ef-4fd6-935f-3ded3385867a/fetchFileTemp12308956803385369021.tmp has been previously copied to /tmp/spark-191aa513-bbea-49d0-a7d8-4feccec5ff21/userFiles-c9880f94-b3ef-4fd6-935f-3ded3385867a/com.google.code.findbugs_jsr305-3.0.0.jar
[2024-06-20T12:42:24.125+0000] {docker.py:413} INFO - 24/06/20 12:42:24 INFO Executor: Adding file:/tmp/spark-191aa513-bbea-49d0-a7d8-4feccec5ff21/userFiles-c9880f94-b3ef-4fd6-935f-3ded3385867a/com.google.code.findbugs_jsr305-3.0.0.jar to class loader default
[2024-06-20T12:42:24.125+0000] {docker.py:413} INFO - 24/06/20 12:42:24 INFO Executor: Fetching spark://localhost:44329/jars/org.postgresql_postgresql-42.5.4.jar with timestamp 1718887343346
[2024-06-20T12:42:24.126+0000] {docker.py:413} INFO - 24/06/20 12:42:24 INFO Utils: Fetching spark://localhost:44329/jars/org.postgresql_postgresql-42.5.4.jar to /tmp/spark-191aa513-bbea-49d0-a7d8-4feccec5ff21/userFiles-c9880f94-b3ef-4fd6-935f-3ded3385867a/fetchFileTemp14990997428764844852.tmp
[2024-06-20T12:42:24.128+0000] {docker.py:413} INFO - 24/06/20 12:42:24 INFO Utils: /tmp/spark-191aa513-bbea-49d0-a7d8-4feccec5ff21/userFiles-c9880f94-b3ef-4fd6-935f-3ded3385867a/fetchFileTemp14990997428764844852.tmp has been previously copied to /tmp/spark-191aa513-bbea-49d0-a7d8-4feccec5ff21/userFiles-c9880f94-b3ef-4fd6-935f-3ded3385867a/org.postgresql_postgresql-42.5.4.jar
[2024-06-20T12:42:24.130+0000] {docker.py:413} INFO - 24/06/20 12:42:24 INFO Executor: Adding file:/tmp/spark-191aa513-bbea-49d0-a7d8-4feccec5ff21/userFiles-c9880f94-b3ef-4fd6-935f-3ded3385867a/org.postgresql_postgresql-42.5.4.jar to class loader default
[2024-06-20T12:42:24.130+0000] {docker.py:413} INFO - 24/06/20 12:42:24 INFO Executor: Fetching spark://localhost:44329/jars/org.apache.spark_spark-sql-kafka-0-10_2.12-3.5.0.jar with timestamp 1718887343346
[2024-06-20T12:42:24.130+0000] {docker.py:413} INFO - 24/06/20 12:42:24 INFO Utils: Fetching spark://localhost:44329/jars/org.apache.spark_spark-sql-kafka-0-10_2.12-3.5.0.jar to /tmp/spark-191aa513-bbea-49d0-a7d8-4feccec5ff21/userFiles-c9880f94-b3ef-4fd6-935f-3ded3385867a/fetchFileTemp1823750503061557185.tmp
[2024-06-20T12:42:24.132+0000] {docker.py:413} INFO - 24/06/20 12:42:24 INFO Utils: /tmp/spark-191aa513-bbea-49d0-a7d8-4feccec5ff21/userFiles-c9880f94-b3ef-4fd6-935f-3ded3385867a/fetchFileTemp1823750503061557185.tmp has been previously copied to /tmp/spark-191aa513-bbea-49d0-a7d8-4feccec5ff21/userFiles-c9880f94-b3ef-4fd6-935f-3ded3385867a/org.apache.spark_spark-sql-kafka-0-10_2.12-3.5.0.jar
[2024-06-20T12:42:24.135+0000] {docker.py:413} INFO - 24/06/20 12:42:24 INFO Executor: Adding file:/tmp/spark-191aa513-bbea-49d0-a7d8-4feccec5ff21/userFiles-c9880f94-b3ef-4fd6-935f-3ded3385867a/org.apache.spark_spark-sql-kafka-0-10_2.12-3.5.0.jar to class loader default
[2024-06-20T12:42:24.135+0000] {docker.py:413} INFO - 24/06/20 12:42:24 INFO Executor: Fetching spark://localhost:44329/jars/org.slf4j_slf4j-api-2.0.7.jar with timestamp 1718887343346
[2024-06-20T12:42:24.135+0000] {docker.py:413} INFO - 24/06/20 12:42:24 INFO Utils: Fetching spark://localhost:44329/jars/org.slf4j_slf4j-api-2.0.7.jar to /tmp/spark-191aa513-bbea-49d0-a7d8-4feccec5ff21/userFiles-c9880f94-b3ef-4fd6-935f-3ded3385867a/fetchFileTemp13770812839700478290.tmp
[2024-06-20T12:42:24.136+0000] {docker.py:413} INFO - 24/06/20 12:42:24 INFO Utils: /tmp/spark-191aa513-bbea-49d0-a7d8-4feccec5ff21/userFiles-c9880f94-b3ef-4fd6-935f-3ded3385867a/fetchFileTemp13770812839700478290.tmp has been previously copied to /tmp/spark-191aa513-bbea-49d0-a7d8-4feccec5ff21/userFiles-c9880f94-b3ef-4fd6-935f-3ded3385867a/org.slf4j_slf4j-api-2.0.7.jar
[2024-06-20T12:42:24.136+0000] {docker.py:413} INFO - 24/06/20 12:42:24 INFO Executor: Adding file:/tmp/spark-191aa513-bbea-49d0-a7d8-4feccec5ff21/userFiles-c9880f94-b3ef-4fd6-935f-3ded3385867a/org.slf4j_slf4j-api-2.0.7.jar to class loader default
[2024-06-20T12:42:24.136+0000] {docker.py:413} INFO - 24/06/20 12:42:24 INFO Executor: Fetching spark://localhost:44329/jars/org.checkerframework_checker-qual-3.5.0.jar with timestamp 1718887343346
[2024-06-20T12:42:24.136+0000] {docker.py:413} INFO - 24/06/20 12:42:24 INFO Utils: Fetching spark://localhost:44329/jars/org.checkerframework_checker-qual-3.5.0.jar to /tmp/spark-191aa513-bbea-49d0-a7d8-4feccec5ff21/userFiles-c9880f94-b3ef-4fd6-935f-3ded3385867a/fetchFileTemp5616809409597191980.tmp
[2024-06-20T12:42:24.137+0000] {docker.py:413} INFO - 24/06/20 12:42:24 INFO Utils: /tmp/spark-191aa513-bbea-49d0-a7d8-4feccec5ff21/userFiles-c9880f94-b3ef-4fd6-935f-3ded3385867a/fetchFileTemp5616809409597191980.tmp has been previously copied to /tmp/spark-191aa513-bbea-49d0-a7d8-4feccec5ff21/userFiles-c9880f94-b3ef-4fd6-935f-3ded3385867a/org.checkerframework_checker-qual-3.5.0.jar
[2024-06-20T12:42:24.138+0000] {docker.py:413} INFO - 24/06/20 12:42:24 INFO Executor: Adding file:/tmp/spark-191aa513-bbea-49d0-a7d8-4feccec5ff21/userFiles-c9880f94-b3ef-4fd6-935f-3ded3385867a/org.checkerframework_checker-qual-3.5.0.jar to class loader default
[2024-06-20T12:42:24.139+0000] {docker.py:413} INFO - 24/06/20 12:42:24 INFO Executor: Fetching spark://localhost:44329/jars/org.apache.kafka_kafka-clients-3.4.1.jar with timestamp 1718887343346
[2024-06-20T12:42:24.139+0000] {docker.py:413} INFO - 24/06/20 12:42:24 INFO Utils: Fetching spark://localhost:44329/jars/org.apache.kafka_kafka-clients-3.4.1.jar to /tmp/spark-191aa513-bbea-49d0-a7d8-4feccec5ff21/userFiles-c9880f94-b3ef-4fd6-935f-3ded3385867a/fetchFileTemp14528383888475354913.tmp
[2024-06-20T12:42:24.147+0000] {docker.py:413} INFO - 24/06/20 12:42:24 INFO Utils: /tmp/spark-191aa513-bbea-49d0-a7d8-4feccec5ff21/userFiles-c9880f94-b3ef-4fd6-935f-3ded3385867a/fetchFileTemp14528383888475354913.tmp has been previously copied to /tmp/spark-191aa513-bbea-49d0-a7d8-4feccec5ff21/userFiles-c9880f94-b3ef-4fd6-935f-3ded3385867a/org.apache.kafka_kafka-clients-3.4.1.jar
[2024-06-20T12:42:24.148+0000] {docker.py:413} INFO - 24/06/20 12:42:24 INFO Executor: Adding file:/tmp/spark-191aa513-bbea-49d0-a7d8-4feccec5ff21/userFiles-c9880f94-b3ef-4fd6-935f-3ded3385867a/org.apache.kafka_kafka-clients-3.4.1.jar to class loader default
[2024-06-20T12:42:24.149+0000] {docker.py:413} INFO - 24/06/20 12:42:24 INFO Executor: Fetching spark://localhost:44329/jars/org.apache.spark_spark-token-provider-kafka-0-10_2.12-3.5.0.jar with timestamp 1718887343346
[2024-06-20T12:42:24.149+0000] {docker.py:413} INFO - 24/06/20 12:42:24 INFO Utils: Fetching spark://localhost:44329/jars/org.apache.spark_spark-token-provider-kafka-0-10_2.12-3.5.0.jar to /tmp/spark-191aa513-bbea-49d0-a7d8-4feccec5ff21/userFiles-c9880f94-b3ef-4fd6-935f-3ded3385867a/fetchFileTemp5683649404441277285.tmp
[2024-06-20T12:42:24.150+0000] {docker.py:413} INFO - 24/06/20 12:42:24 INFO Utils: /tmp/spark-191aa513-bbea-49d0-a7d8-4feccec5ff21/userFiles-c9880f94-b3ef-4fd6-935f-3ded3385867a/fetchFileTemp5683649404441277285.tmp has been previously copied to /tmp/spark-191aa513-bbea-49d0-a7d8-4feccec5ff21/userFiles-c9880f94-b3ef-4fd6-935f-3ded3385867a/org.apache.spark_spark-token-provider-kafka-0-10_2.12-3.5.0.jar
[2024-06-20T12:42:24.151+0000] {docker.py:413} INFO - 24/06/20 12:42:24 INFO Executor: Adding file:/tmp/spark-191aa513-bbea-49d0-a7d8-4feccec5ff21/userFiles-c9880f94-b3ef-4fd6-935f-3ded3385867a/org.apache.spark_spark-token-provider-kafka-0-10_2.12-3.5.0.jar to class loader default
[2024-06-20T12:42:24.152+0000] {docker.py:413} INFO - 24/06/20 12:42:24 INFO Executor: Fetching spark://localhost:44329/jars/org.apache.hadoop_hadoop-client-api-3.3.4.jar with timestamp 1718887343346
[2024-06-20T12:42:24.152+0000] {docker.py:413} INFO - 24/06/20 12:42:24 INFO Utils: Fetching spark://localhost:44329/jars/org.apache.hadoop_hadoop-client-api-3.3.4.jar to /tmp/spark-191aa513-bbea-49d0-a7d8-4feccec5ff21/userFiles-c9880f94-b3ef-4fd6-935f-3ded3385867a/fetchFileTemp9206732641345869970.tmp
[2024-06-20T12:42:24.184+0000] {docker.py:413} INFO - 24/06/20 12:42:24 INFO Utils: /tmp/spark-191aa513-bbea-49d0-a7d8-4feccec5ff21/userFiles-c9880f94-b3ef-4fd6-935f-3ded3385867a/fetchFileTemp9206732641345869970.tmp has been previously copied to /tmp/spark-191aa513-bbea-49d0-a7d8-4feccec5ff21/userFiles-c9880f94-b3ef-4fd6-935f-3ded3385867a/org.apache.hadoop_hadoop-client-api-3.3.4.jar
[2024-06-20T12:42:24.188+0000] {docker.py:413} INFO - 24/06/20 12:42:24 INFO Executor: Adding file:/tmp/spark-191aa513-bbea-49d0-a7d8-4feccec5ff21/userFiles-c9880f94-b3ef-4fd6-935f-3ded3385867a/org.apache.hadoop_hadoop-client-api-3.3.4.jar to class loader default
[2024-06-20T12:42:24.194+0000] {docker.py:413} INFO - 24/06/20 12:42:24 INFO Utils: Successfully started service 'org.apache.spark.network.netty.NettyBlockTransferService' on port 35331.
24/06/20 12:42:24 INFO NettyBlockTransferService: Server created on localhost:35331
[2024-06-20T12:42:24.197+0000] {docker.py:413} INFO - 24/06/20 12:42:24 INFO BlockManager: Using org.apache.spark.storage.RandomBlockReplicationPolicy for block replication policy
[2024-06-20T12:42:24.203+0000] {docker.py:413} INFO - 24/06/20 12:42:24 INFO BlockManagerMaster: Registering BlockManager BlockManagerId(driver, localhost, 35331, None)
[2024-06-20T12:42:24.206+0000] {docker.py:413} INFO - 24/06/20 12:42:24 INFO BlockManagerMasterEndpoint: Registering block manager localhost:35331 with 434.4 MiB RAM, BlockManagerId(driver, localhost, 35331, None)
[2024-06-20T12:42:24.209+0000] {docker.py:413} INFO - 24/06/20 12:42:24 INFO BlockManagerMaster: Registered BlockManager BlockManagerId(driver, localhost, 35331, None)
[2024-06-20T12:42:24.211+0000] {docker.py:413} INFO - 24/06/20 12:42:24 INFO BlockManager: Initialized BlockManager: BlockManagerId(driver, localhost, 35331, None)
[2024-06-20T12:42:24.520+0000] {docker.py:413} INFO - 2024-06-20 12:42:24,518:create_spark_session:INFO:Spark session created successfully
[2024-06-20T12:42:24.526+0000] {docker.py:413} INFO - 24/06/20 12:42:24 INFO SharedState: Setting hive.metastore.warehouse.dir ('null') to the value of spark.sql.warehouse.dir.
[2024-06-20T12:42:24.537+0000] {docker.py:413} INFO - 24/06/20 12:42:24 INFO SharedState: Warehouse path is 'file:/opt/bitnami/spark/spark-warehouse'.
[2024-06-20T12:42:25.414+0000] {docker.py:413} INFO - 2024-06-20 12:42:25,412:create_initial_dataframe:INFO:Initial dataframe for topic 'elements' created successfully
[2024-06-20T12:42:25.425+0000] {docker.py:413} INFO - 2024-06-20 12:42:25,424:create_initial_dataframe:INFO:Initial dataframe for topic 'teams' created successfully
[2024-06-20T12:42:25.435+0000] {docker.py:413} INFO - 2024-06-20 12:42:25,434:create_initial_dataframe:INFO:Initial dataframe for topic 'fixtures' created successfully
[2024-06-20T12:42:25.645+0000] {docker.py:413} INFO - 24/06/20 12:42:25 WARN SparkStringUtils: Truncated the string representation of a plan since it was too large. This behavior can be adjusted by setting 'spark.sql.debug.maxToStringFields'.
[2024-06-20T12:42:26.053+0000] {docker.py:413} INFO - 2024-06-20 12:42:26,052:write_to_postgres:ERROR:Error writing data to elements: [CALL_ON_STREAMING_DATASET_UNSUPPORTED] The method `write` can not be called on streaming Dataset/DataFrame.
[2024-06-20T12:42:26.059+0000] {docker.py:413} INFO - 2024-06-20 12:42:26,058:write_to_postgres:ERROR:Error writing data to teams: [CALL_ON_STREAMING_DATASET_UNSUPPORTED] The method `write` can not be called on streaming Dataset/DataFrame.
[2024-06-20T12:42:26.065+0000] {docker.py:413} INFO - 2024-06-20 12:42:26,064:write_to_postgres:ERROR:Error writing data to fixtures: [CALL_ON_STREAMING_DATASET_UNSUPPORTED] The method `write` can not be called on streaming Dataset/DataFrame.
[2024-06-20T12:42:26.065+0000] {docker.py:413} INFO - 2024-06-20 12:42:26,064:close:INFO:Closing down clientserver connection
[2024-06-20T12:42:26.096+0000] {docker.py:413} INFO - 24/06/20 12:42:26 INFO SparkContext: Invoking stop() from shutdown hook
[2024-06-20T12:42:26.099+0000] {docker.py:413} INFO - 24/06/20 12:42:26 INFO SparkContext: SparkContext is stopping with exitCode 0.
[2024-06-20T12:42:26.108+0000] {docker.py:413} INFO - 24/06/20 12:42:26 INFO SparkUI: Stopped Spark web UI at http://localhost:4040
[2024-06-20T12:42:26.122+0000] {docker.py:413} INFO - 24/06/20 12:42:26 INFO MapOutputTrackerMasterEndpoint: MapOutputTrackerMasterEndpoint stopped!
[2024-06-20T12:42:26.135+0000] {docker.py:413} INFO - 24/06/20 12:42:26 INFO MemoryStore: MemoryStore cleared
[2024-06-20T12:42:26.136+0000] {docker.py:413} INFO - 24/06/20 12:42:26 INFO BlockManager: BlockManager stopped
[2024-06-20T12:42:26.141+0000] {docker.py:413} INFO - 24/06/20 12:42:26 INFO BlockManagerMaster: BlockManagerMaster stopped
[2024-06-20T12:42:26.149+0000] {docker.py:413} INFO - 24/06/20 12:42:26 INFO OutputCommitCoordinator$OutputCommitCoordinatorEndpoint: OutputCommitCoordinator stopped!
[2024-06-20T12:42:26.173+0000] {docker.py:413} INFO - 24/06/20 12:42:26 INFO SparkContext: Successfully stopped SparkContext
24/06/20 12:42:26 INFO ShutdownHookManager: Shutdown hook called
24/06/20 12:42:26 INFO ShutdownHookManager: Deleting directory /tmp/spark-13651dfd-1017-4da8-9527-12c6dfeba80a
[2024-06-20T12:42:26.175+0000] {docker.py:413} INFO - 24/06/20 12:42:26 INFO ShutdownHookManager: Deleting directory /tmp/spark-191aa513-bbea-49d0-a7d8-4feccec5ff21
[2024-06-20T12:42:26.175+0000] {docker.py:413} INFO - 24/06/20 12:42:26 INFO ShutdownHookManager: Deleting directory /tmp/spark-191aa513-bbea-49d0-a7d8-4feccec5ff21/pyspark-1f89a698-4733-48b9-8f1e-b246dfefe749
[2024-06-20T12:42:26.669+0000] {taskinstance.py:1400} INFO - Marking task as SUCCESS. dag_id=kafka_spark_dag, task_id=pyspark_consumer, execution_date=20240620T121131, start_date=20240620T124142, end_date=20240620T124226
[2024-06-20T12:42:26.703+0000] {local_task_job_runner.py:228} INFO - Task exited with return code 0
[2024-06-20T12:42:26.734+0000] {taskinstance.py:2778} INFO - 0 downstream tasks scheduled from follow-on schedule check
