[2024-06-19T06:02:06.088+0000] {taskinstance.py:1159} INFO - Dependencies all met for dep_context=non-requeueable deps ti=<TaskInstance: kafka_spark_dag.pyspark_consumer manual__2024-06-19T06:02:00.914017+00:00 [queued]>
[2024-06-19T06:02:06.093+0000] {taskinstance.py:1159} INFO - Dependencies all met for dep_context=requeueable deps ti=<TaskInstance: kafka_spark_dag.pyspark_consumer manual__2024-06-19T06:02:00.914017+00:00 [queued]>
[2024-06-19T06:02:06.094+0000] {taskinstance.py:1361} INFO - Starting attempt 1 of 2
[2024-06-19T06:02:06.106+0000] {taskinstance.py:1382} INFO - Executing <Task(DockerOperator): pyspark_consumer> on 2024-06-19 06:02:00.914017+00:00
[2024-06-19T06:02:06.112+0000] {standard_task_runner.py:57} INFO - Started process 1214 to run task
[2024-06-19T06:02:06.114+0000] {standard_task_runner.py:84} INFO - Running: ['***', 'tasks', 'run', 'kafka_spark_dag', 'pyspark_consumer', 'manual__2024-06-19T06:02:00.914017+00:00', '--job-id', '63', '--raw', '--subdir', 'DAGS_FOLDER/dag_kafka_spark.py', '--cfg-path', '/tmp/tmple_leqc5']
[2024-06-19T06:02:06.116+0000] {standard_task_runner.py:85} INFO - Job 63: Subtask pyspark_consumer
[2024-06-19T06:02:06.151+0000] {task_command.py:416} INFO - Running <TaskInstance: kafka_spark_dag.pyspark_consumer manual__2024-06-19T06:02:00.914017+00:00 [running]> on host 2ad9230613d5
[2024-06-19T06:02:06.209+0000] {taskinstance.py:1662} INFO - Exporting env vars: AIRFLOW_CTX_DAG_OWNER='***' AIRFLOW_CTX_DAG_ID='kafka_spark_dag' AIRFLOW_CTX_TASK_ID='pyspark_consumer' AIRFLOW_CTX_EXECUTION_DATE='2024-06-19T06:02:00.914017+00:00' AIRFLOW_CTX_TRY_NUMBER='1' AIRFLOW_CTX_DAG_RUN_ID='manual__2024-06-19T06:02:00.914017+00:00'
[2024-06-19T06:02:06.309+0000] {docker.py:343} INFO - Starting docker container from image rappel-conso/spark:latest
[2024-06-19T06:02:06.336+0000] {docker.py:351} WARNING - Using remote engine or docker-in-docker and mounting temporary volume from host is not supported. Falling back to `mount_tmp_dir=False` mode. You can set `mount_tmp_dir` parameter to False to disable mounting and remove the warning
[2024-06-19T06:02:06.967+0000] {docker.py:413} INFO - [38;5;6mspark [38;5;5m06:02:06.93 [0m[38;5;2mINFO [0m ==>
[2024-06-19T06:02:06.975+0000] {docker.py:413} INFO - [38;5;6mspark [38;5;5m06:02:06.95 [0m[38;5;2mINFO [0m ==> [1mWelcome to the Bitnami spark container[0m
[2024-06-19T06:02:06.977+0000] {docker.py:413} INFO - [38;5;6mspark [38;5;5m06:02:06.96 [0m[38;5;2mINFO [0m ==> Subscribe to project updates by watching [1mhttps://github.com/bitnami/containers[0m
[38;5;6mspark [38;5;5m06:02:06.96 [0m[38;5;2mINFO [0m ==> Submit issues and feature requests at [1mhttps://github.com/bitnami/containers/issues[0m
[2024-06-19T06:02:06.981+0000] {docker.py:413} INFO - [38;5;6mspark [38;5;5m06:02:06.96 [0m[38;5;2mINFO [0m ==>
[2024-06-19T06:02:06.998+0000] {docker.py:413} INFO - 
[2024-06-19T06:02:09.702+0000] {docker.py:413} INFO - :: loading settings :: url = jar:file:/opt/bitnami/spark/jars/ivy-2.5.1.jar!/org/apache/ivy/core/settings/ivysettings.xml
[2024-06-19T06:02:09.770+0000] {docker.py:413} INFO - Ivy Default Cache set to: /opt/bitnami/spark/.ivy2/cache
The jars for the packages stored in: /opt/bitnami/spark/.ivy2/jars
[2024-06-19T06:02:09.775+0000] {docker.py:413} INFO - org.postgresql#postgresql added as a dependency
[2024-06-19T06:02:09.779+0000] {docker.py:413} INFO - org.apache.spark#spark-sql-kafka-0-10_2.12 added as a dependency
[2024-06-19T06:02:09.780+0000] {docker.py:413} INFO - :: resolving dependencies :: org.apache.spark#spark-submit-parent-3ac711e8-dc9a-4763-8c84-34e1d6953d3c;1.0
	confs: [default]
[2024-06-19T06:02:11.975+0000] {docker.py:413} INFO - found org.postgresql#postgresql;42.5.4 in central
[2024-06-19T06:02:12.822+0000] {docker.py:413} INFO - found org.checkerframework#checker-qual;3.5.0 in central
[2024-06-19T06:02:18.177+0000] {docker.py:413} INFO - found org.apache.spark#spark-sql-kafka-0-10_2.12;3.5.0 in central
[2024-06-19T06:02:19.604+0000] {docker.py:413} INFO - found org.apache.spark#spark-token-provider-kafka-0-10_2.12;3.5.0 in central
[2024-06-19T06:02:20.290+0000] {docker.py:413} INFO - found org.apache.kafka#kafka-clients;3.4.1 in central
[2024-06-19T06:02:21.010+0000] {docker.py:413} INFO - found org.lz4#lz4-java;1.8.0 in central
[2024-06-19T06:02:21.800+0000] {docker.py:413} INFO - found org.xerial.snappy#snappy-java;1.1.10.3 in central
[2024-06-19T06:02:25.026+0000] {docker.py:413} INFO - found org.slf4j#slf4j-api;2.0.7 in central
[2024-06-19T06:02:30.713+0000] {docker.py:413} INFO - found org.apache.hadoop#hadoop-client-runtime;3.3.4 in central
[2024-06-19T06:02:31.475+0000] {docker.py:413} INFO - found org.apache.hadoop#hadoop-client-api;3.3.4 in central
[2024-06-19T06:02:36.157+0000] {docker.py:413} INFO - found commons-logging#commons-logging;1.1.3 in central
[2024-06-19T06:02:37.164+0000] {docker.py:413} INFO - found com.google.code.findbugs#jsr305;3.0.0 in central
[2024-06-19T06:02:44.011+0000] {docker.py:413} INFO - found org.apache.commons#commons-pool2;2.11.1 in central
[2024-06-19T06:02:44.512+0000] {docker.py:413} INFO - downloading https://repo1.maven.org/maven2/org/postgresql/postgresql/42.5.4/postgresql-42.5.4.jar ...
[2024-06-19T06:02:50.951+0000] {docker.py:413} INFO - [SUCCESSFUL ] org.postgresql#postgresql;42.5.4!postgresql.jar (6917ms)
[2024-06-19T06:02:51.323+0000] {docker.py:413} INFO - downloading https://repo1.maven.org/maven2/org/apache/spark/spark-sql-kafka-0-10_2.12/3.5.0/spark-sql-kafka-0-10_2.12-3.5.0.jar ...
[2024-06-19T06:02:52.896+0000] {docker.py:413} INFO - [SUCCESSFUL ] org.apache.spark#spark-sql-kafka-0-10_2.12;3.5.0!spark-sql-kafka-0-10_2.12.jar (1943ms)
[2024-06-19T06:02:53.343+0000] {docker.py:413} INFO - downloading https://repo1.maven.org/maven2/org/checkerframework/checker-qual/3.5.0/checker-qual-3.5.0.jar ...
[2024-06-19T06:02:54.092+0000] {docker.py:413} INFO - [SUCCESSFUL ] org.checkerframework#checker-qual;3.5.0!checker-qual.jar (1192ms)
[2024-06-19T06:02:54.422+0000] {docker.py:413} INFO - downloading https://repo1.maven.org/maven2/org/apache/spark/spark-token-provider-kafka-0-10_2.12/3.5.0/spark-token-provider-kafka-0-10_2.12-3.5.0.jar ...
[2024-06-19T06:02:54.822+0000] {docker.py:413} INFO - [SUCCESSFUL ] org.apache.spark#spark-token-provider-kafka-0-10_2.12;3.5.0!spark-token-provider-kafka-0-10_2.12.jar (727ms)
[2024-06-19T06:02:55.168+0000] {docker.py:413} INFO - downloading https://repo1.maven.org/maven2/org/apache/kafka/kafka-clients/3.4.1/kafka-clients-3.4.1.jar ...
[2024-06-19T06:03:03.171+0000] {docker.py:413} INFO - [SUCCESSFUL ] org.apache.kafka#kafka-clients;3.4.1!kafka-clients.jar (8343ms)
[2024-06-19T06:03:03.497+0000] {docker.py:413} INFO - downloading https://repo1.maven.org/maven2/com/google/code/findbugs/jsr305/3.0.0/jsr305-3.0.0.jar ...
[2024-06-19T06:03:03.890+0000] {docker.py:413} INFO - [SUCCESSFUL ] com.google.code.findbugs#jsr305;3.0.0!jsr305.jar (718ms)
[2024-06-19T06:03:04.282+0000] {docker.py:413} INFO - downloading https://repo1.maven.org/maven2/org/apache/commons/commons-pool2/2.11.1/commons-pool2-2.11.1.jar ...
[2024-06-19T06:03:04.940+0000] {docker.py:413} INFO - [SUCCESSFUL ] org.apache.commons#commons-pool2;2.11.1!commons-pool2.jar (1045ms)
[2024-06-19T06:03:05.257+0000] {docker.py:413} INFO - downloading https://repo1.maven.org/maven2/org/apache/hadoop/hadoop-client-runtime/3.3.4/hadoop-client-runtime-3.3.4.jar ...
[2024-06-19T06:03:26.675+0000] {docker.py:413} INFO - [SUCCESSFUL ] org.apache.hadoop#hadoop-client-runtime;3.3.4!hadoop-client-runtime.jar (21719ms)
[2024-06-19T06:03:26.933+0000] {docker.py:413} INFO - downloading https://repo1.maven.org/maven2/org/lz4/lz4-java/1.8.0/lz4-java-1.8.0.jar ...
[2024-06-19T06:03:27.587+0000] {docker.py:413} INFO - [SUCCESSFUL ] org.lz4#lz4-java;1.8.0!lz4-java.jar (911ms)
[2024-06-19T06:03:27.864+0000] {docker.py:413} INFO - downloading https://repo1.maven.org/maven2/org/xerial/snappy/snappy-java/1.1.10.3/snappy-java-1.1.10.3.jar ...
[2024-06-19T06:03:28.961+0000] {docker.py:413} INFO - [SUCCESSFUL ] org.xerial.snappy#snappy-java;1.1.10.3!snappy-java.jar(bundle) (1371ms)
[2024-06-19T06:03:29.171+0000] {docker.py:413} INFO - downloading https://repo1.maven.org/maven2/org/slf4j/slf4j-api/2.0.7/slf4j-api-2.0.7.jar ...
[2024-06-19T06:03:29.435+0000] {docker.py:413} INFO - [SUCCESSFUL ] org.slf4j#slf4j-api;2.0.7!slf4j-api.jar (467ms)
[2024-06-19T06:03:29.673+0000] {docker.py:413} INFO - downloading https://repo1.maven.org/maven2/org/apache/hadoop/hadoop-client-api/3.3.4/hadoop-client-api-3.3.4.jar ...
[2024-06-19T06:03:42.516+0000] {docker.py:413} INFO - [SUCCESSFUL ] org.apache.hadoop#hadoop-client-api;3.3.4!hadoop-client-api.jar (13073ms)
[2024-06-19T06:03:42.801+0000] {docker.py:413} INFO - downloading https://repo1.maven.org/maven2/commons-logging/commons-logging/1.1.3/commons-logging-1.1.3.jar ...
[2024-06-19T06:03:43.152+0000] {docker.py:413} INFO - [SUCCESSFUL ] commons-logging#commons-logging;1.1.3!commons-logging.jar (637ms)
[2024-06-19T06:03:43.154+0000] {docker.py:413} INFO - :: resolution report :: resolve 34252ms :: artifacts dl 59127ms
[2024-06-19T06:03:43.154+0000] {docker.py:413} INFO - :: modules in use:
[2024-06-19T06:03:43.155+0000] {docker.py:413} INFO - com.google.code.findbugs#jsr305;3.0.0 from central in [default]
[2024-06-19T06:03:43.156+0000] {docker.py:413} INFO - commons-logging#commons-logging;1.1.3 from central in [default]
[2024-06-19T06:03:43.157+0000] {docker.py:413} INFO - org.apache.commons#commons-pool2;2.11.1 from central in [default]
	org.apache.hadoop#hadoop-client-api;3.3.4 from central in [default]
	org.apache.hadoop#hadoop-client-runtime;3.3.4 from central in [default]
[2024-06-19T06:03:43.157+0000] {docker.py:413} INFO - org.apache.kafka#kafka-clients;3.4.1 from central in [default]
	org.apache.spark#spark-sql-kafka-0-10_2.12;3.5.0 from central in [default]
	org.apache.spark#spark-token-provider-kafka-0-10_2.12;3.5.0 from central in [default]
	org.checkerframework#checker-qual;3.5.0 from central in [default]
	org.lz4#lz4-java;1.8.0 from central in [default]
	org.postgresql#postgresql;42.5.4 from central in [default]
[2024-06-19T06:03:43.158+0000] {docker.py:413} INFO - org.slf4j#slf4j-api;2.0.7 from central in [default]
	org.xerial.snappy#snappy-java;1.1.10.3 from central in [default]
[2024-06-19T06:03:43.158+0000] {docker.py:413} INFO - ---------------------------------------------------------------------
[2024-06-19T06:03:43.158+0000] {docker.py:413} INFO - |                  |            modules            ||   artifacts   |
[2024-06-19T06:03:43.159+0000] {docker.py:413} INFO - |       conf       | number| search|dwnlded|evicted|| number|dwnlded|
	---------------------------------------------------------------------
[2024-06-19T06:03:43.159+0000] {docker.py:413} INFO - |      default     |   13  |   13  |   13  |   0   ||   13  |   13  |
	---------------------------------------------------------------------
[2024-06-19T06:03:43.172+0000] {docker.py:413} INFO - :: retrieving :: org.apache.spark#spark-submit-parent-3ac711e8-dc9a-4763-8c84-34e1d6953d3c
[2024-06-19T06:03:43.173+0000] {docker.py:413} INFO - confs: [default]
[2024-06-19T06:03:43.276+0000] {docker.py:413} INFO - 13 artifacts copied, 0 already retrieved (58001kB/104ms)
[2024-06-19T06:03:43.469+0000] {docker.py:413} INFO - 24/06/19 06:03:43 WARN NativeCodeLoader: Unable to load native-hadoop library for your platform... using builtin-java classes where applicable
[2024-06-19T06:03:44.218+0000] {docker.py:413} INFO - 24/06/19 06:03:44 INFO SparkContext: Running Spark version 3.5.0
[2024-06-19T06:03:44.219+0000] {docker.py:413} INFO - 24/06/19 06:03:44 INFO SparkContext: OS info Linux, 6.6.12-linuxkit, aarch64
[2024-06-19T06:03:44.219+0000] {docker.py:413} INFO - 24/06/19 06:03:44 INFO SparkContext: Java version 17.0.10
[2024-06-19T06:03:44.232+0000] {docker.py:413} INFO - 24/06/19 06:03:44 INFO ResourceUtils: ==============================================================
[2024-06-19T06:03:44.232+0000] {docker.py:413} INFO - 24/06/19 06:03:44 INFO ResourceUtils: No custom resources configured for spark.driver.
[2024-06-19T06:03:44.232+0000] {docker.py:413} INFO - 24/06/19 06:03:44 INFO ResourceUtils: ==============================================================
[2024-06-19T06:03:44.233+0000] {docker.py:413} INFO - 24/06/19 06:03:44 INFO SparkContext: Submitted application: PostgreSQL Connection with PySpark
[2024-06-19T06:03:44.245+0000] {docker.py:413} INFO - 24/06/19 06:03:44 INFO ResourceProfile: Default ResourceProfile created, executor resources: Map(cores -> name: cores, amount: 1, script: , vendor: , memory -> name: memory, amount: 1024, script: , vendor: , offHeap -> name: offHeap, amount: 0, script: , vendor: ), task resources: Map(cpus -> name: cpus, amount: 1.0)
[2024-06-19T06:03:44.250+0000] {docker.py:413} INFO - 24/06/19 06:03:44 INFO ResourceProfile: Limiting resource is cpu
[2024-06-19T06:03:44.251+0000] {docker.py:413} INFO - 24/06/19 06:03:44 INFO ResourceProfileManager: Added ResourceProfile id: 0
[2024-06-19T06:03:44.286+0000] {docker.py:413} INFO - 24/06/19 06:03:44 INFO SecurityManager: Changing view acls to: spark
[2024-06-19T06:03:44.287+0000] {docker.py:413} INFO - 24/06/19 06:03:44 INFO SecurityManager: Changing modify acls to: spark
[2024-06-19T06:03:44.287+0000] {docker.py:413} INFO - 24/06/19 06:03:44 INFO SecurityManager: Changing view acls groups to:
[2024-06-19T06:03:44.287+0000] {docker.py:413} INFO - 24/06/19 06:03:44 INFO SecurityManager: Changing modify acls groups to:
[2024-06-19T06:03:44.287+0000] {docker.py:413} INFO - 24/06/19 06:03:44 INFO SecurityManager: SecurityManager: authentication disabled; ui acls disabled; users with view permissions: spark; groups with view permissions: EMPTY; users with modify permissions: spark; groups with modify permissions: EMPTY
[2024-06-19T06:03:44.427+0000] {docker.py:413} INFO - 24/06/19 06:03:44 INFO Utils: Successfully started service 'sparkDriver' on port 41189.
[2024-06-19T06:03:44.445+0000] {docker.py:413} INFO - 24/06/19 06:03:44 INFO SparkEnv: Registering MapOutputTracker
[2024-06-19T06:03:44.466+0000] {docker.py:413} INFO - 24/06/19 06:03:44 INFO SparkEnv: Registering BlockManagerMaster
[2024-06-19T06:03:44.478+0000] {docker.py:413} INFO - 24/06/19 06:03:44 INFO BlockManagerMasterEndpoint: Using org.apache.spark.storage.DefaultTopologyMapper for getting topology information
[2024-06-19T06:03:44.478+0000] {docker.py:413} INFO - 24/06/19 06:03:44 INFO BlockManagerMasterEndpoint: BlockManagerMasterEndpoint up
[2024-06-19T06:03:44.482+0000] {docker.py:413} INFO - 24/06/19 06:03:44 INFO SparkEnv: Registering BlockManagerMasterHeartbeat
[2024-06-19T06:03:44.501+0000] {docker.py:413} INFO - 24/06/19 06:03:44 INFO DiskBlockManager: Created local directory at /tmp/blockmgr-83a1685e-eaf8-49e7-9e0c-a91dfce5efdd
[2024-06-19T06:03:44.510+0000] {docker.py:413} INFO - 24/06/19 06:03:44 INFO MemoryStore: MemoryStore started with capacity 434.4 MiB
[2024-06-19T06:03:44.520+0000] {docker.py:413} INFO - 24/06/19 06:03:44 INFO SparkEnv: Registering OutputCommitCoordinator
[2024-06-19T06:03:44.606+0000] {docker.py:413} INFO - 24/06/19 06:03:44 INFO JettyUtils: Start Jetty 0.0.0.0:4040 for SparkUI
[2024-06-19T06:03:44.641+0000] {docker.py:413} INFO - 24/06/19 06:03:44 INFO Utils: Successfully started service 'SparkUI' on port 4040.
[2024-06-19T06:03:44.661+0000] {docker.py:413} INFO - 24/06/19 06:03:44 INFO SparkContext: Added JAR file:///opt/bitnami/spark/.ivy2/jars/org.postgresql_postgresql-42.5.4.jar at spark://localhost:41189/jars/org.postgresql_postgresql-42.5.4.jar with timestamp 1718777024212
24/06/19 06:03:44 INFO SparkContext: Added JAR file:///opt/bitnami/spark/.ivy2/jars/org.apache.spark_spark-sql-kafka-0-10_2.12-3.5.0.jar at spark://localhost:41189/jars/org.apache.spark_spark-sql-kafka-0-10_2.12-3.5.0.jar with timestamp 1718777024212
[2024-06-19T06:03:44.661+0000] {docker.py:413} INFO - 24/06/19 06:03:44 INFO SparkContext: Added JAR file:///opt/bitnami/spark/.ivy2/jars/org.checkerframework_checker-qual-3.5.0.jar at spark://localhost:41189/jars/org.checkerframework_checker-qual-3.5.0.jar with timestamp 1718777024212
[2024-06-19T06:03:44.662+0000] {docker.py:413} INFO - 24/06/19 06:03:44 INFO SparkContext: Added JAR file:///opt/bitnami/spark/.ivy2/jars/org.apache.spark_spark-token-provider-kafka-0-10_2.12-3.5.0.jar at spark://localhost:41189/jars/org.apache.spark_spark-token-provider-kafka-0-10_2.12-3.5.0.jar with timestamp 1718777024212
[2024-06-19T06:03:44.662+0000] {docker.py:413} INFO - 24/06/19 06:03:44 INFO SparkContext: Added JAR file:///opt/bitnami/spark/.ivy2/jars/org.apache.kafka_kafka-clients-3.4.1.jar at spark://localhost:41189/jars/org.apache.kafka_kafka-clients-3.4.1.jar with timestamp 1718777024212
24/06/19 06:03:44 INFO SparkContext: Added JAR file:///opt/bitnami/spark/.ivy2/jars/com.google.code.findbugs_jsr305-3.0.0.jar at spark://localhost:41189/jars/com.google.code.findbugs_jsr305-3.0.0.jar with timestamp 1718777024212
[2024-06-19T06:03:44.662+0000] {docker.py:413} INFO - 24/06/19 06:03:44 INFO SparkContext: Added JAR file:///opt/bitnami/spark/.ivy2/jars/org.apache.commons_commons-pool2-2.11.1.jar at spark://localhost:41189/jars/org.apache.commons_commons-pool2-2.11.1.jar with timestamp 1718777024212
24/06/19 06:03:44 INFO SparkContext: Added JAR file:///opt/bitnami/spark/.ivy2/jars/org.apache.hadoop_hadoop-client-runtime-3.3.4.jar at spark://localhost:41189/jars/org.apache.hadoop_hadoop-client-runtime-3.3.4.jar with timestamp 1718777024212
[2024-06-19T06:03:44.663+0000] {docker.py:413} INFO - 24/06/19 06:03:44 INFO SparkContext: Added JAR file:///opt/bitnami/spark/.ivy2/jars/org.lz4_lz4-java-1.8.0.jar at spark://localhost:41189/jars/org.lz4_lz4-java-1.8.0.jar with timestamp 1718777024212
24/06/19 06:03:44 INFO SparkContext: Added JAR file:///opt/bitnami/spark/.ivy2/jars/org.xerial.snappy_snappy-java-1.1.10.3.jar at spark://localhost:41189/jars/org.xerial.snappy_snappy-java-1.1.10.3.jar with timestamp 1718777024212
24/06/19 06:03:44 INFO SparkContext: Added JAR file:///opt/bitnami/spark/.ivy2/jars/org.slf4j_slf4j-api-2.0.7.jar at spark://localhost:41189/jars/org.slf4j_slf4j-api-2.0.7.jar with timestamp 1718777024212
[2024-06-19T06:03:44.663+0000] {docker.py:413} INFO - 24/06/19 06:03:44 INFO SparkContext: Added JAR file:///opt/bitnami/spark/.ivy2/jars/org.apache.hadoop_hadoop-client-api-3.3.4.jar at spark://localhost:41189/jars/org.apache.hadoop_hadoop-client-api-3.3.4.jar with timestamp 1718777024212
24/06/19 06:03:44 INFO SparkContext: Added JAR file:///opt/bitnami/spark/.ivy2/jars/commons-logging_commons-logging-1.1.3.jar at spark://localhost:41189/jars/commons-logging_commons-logging-1.1.3.jar with timestamp 1718777024212
[2024-06-19T06:03:44.663+0000] {docker.py:413} INFO - 24/06/19 06:03:44 INFO SparkContext: Added file file:///opt/bitnami/spark/.ivy2/jars/org.postgresql_postgresql-42.5.4.jar at file:///opt/bitnami/spark/.ivy2/jars/org.postgresql_postgresql-42.5.4.jar with timestamp 1718777024212
[2024-06-19T06:03:44.664+0000] {docker.py:413} INFO - 24/06/19 06:03:44 INFO Utils: Copying /opt/bitnami/spark/.ivy2/jars/org.postgresql_postgresql-42.5.4.jar to /tmp/spark-4a295fb1-a1b0-46c7-9580-7b4efe3310d3/userFiles-5e0544fa-edc7-4a52-b6ee-095d27cb93ec/org.postgresql_postgresql-42.5.4.jar
[2024-06-19T06:03:44.672+0000] {docker.py:413} INFO - 24/06/19 06:03:44 INFO SparkContext: Added file file:///opt/bitnami/spark/.ivy2/jars/org.apache.spark_spark-sql-kafka-0-10_2.12-3.5.0.jar at file:///opt/bitnami/spark/.ivy2/jars/org.apache.spark_spark-sql-kafka-0-10_2.12-3.5.0.jar with timestamp 1718777024212
[2024-06-19T06:03:44.672+0000] {docker.py:413} INFO - 24/06/19 06:03:44 INFO Utils: Copying /opt/bitnami/spark/.ivy2/jars/org.apache.spark_spark-sql-kafka-0-10_2.12-3.5.0.jar to /tmp/spark-4a295fb1-a1b0-46c7-9580-7b4efe3310d3/userFiles-5e0544fa-edc7-4a52-b6ee-095d27cb93ec/org.apache.spark_spark-sql-kafka-0-10_2.12-3.5.0.jar
[2024-06-19T06:03:44.675+0000] {docker.py:413} INFO - 24/06/19 06:03:44 INFO SparkContext: Added file file:///opt/bitnami/spark/.ivy2/jars/org.checkerframework_checker-qual-3.5.0.jar at file:///opt/bitnami/spark/.ivy2/jars/org.checkerframework_checker-qual-3.5.0.jar with timestamp 1718777024212
[2024-06-19T06:03:44.675+0000] {docker.py:413} INFO - 24/06/19 06:03:44 INFO Utils: Copying /opt/bitnami/spark/.ivy2/jars/org.checkerframework_checker-qual-3.5.0.jar to /tmp/spark-4a295fb1-a1b0-46c7-9580-7b4efe3310d3/userFiles-5e0544fa-edc7-4a52-b6ee-095d27cb93ec/org.checkerframework_checker-qual-3.5.0.jar
[2024-06-19T06:03:44.678+0000] {docker.py:413} INFO - 24/06/19 06:03:44 INFO SparkContext: Added file file:///opt/bitnami/spark/.ivy2/jars/org.apache.spark_spark-token-provider-kafka-0-10_2.12-3.5.0.jar at file:///opt/bitnami/spark/.ivy2/jars/org.apache.spark_spark-token-provider-kafka-0-10_2.12-3.5.0.jar with timestamp 1718777024212
[2024-06-19T06:03:44.679+0000] {docker.py:413} INFO - 24/06/19 06:03:44 INFO Utils: Copying /opt/bitnami/spark/.ivy2/jars/org.apache.spark_spark-token-provider-kafka-0-10_2.12-3.5.0.jar to /tmp/spark-4a295fb1-a1b0-46c7-9580-7b4efe3310d3/userFiles-5e0544fa-edc7-4a52-b6ee-095d27cb93ec/org.apache.spark_spark-token-provider-kafka-0-10_2.12-3.5.0.jar
[2024-06-19T06:03:44.683+0000] {docker.py:413} INFO - 24/06/19 06:03:44 INFO SparkContext: Added file file:///opt/bitnami/spark/.ivy2/jars/org.apache.kafka_kafka-clients-3.4.1.jar at file:///opt/bitnami/spark/.ivy2/jars/org.apache.kafka_kafka-clients-3.4.1.jar with timestamp 1718777024212
[2024-06-19T06:03:44.683+0000] {docker.py:413} INFO - 24/06/19 06:03:44 INFO Utils: Copying /opt/bitnami/spark/.ivy2/jars/org.apache.kafka_kafka-clients-3.4.1.jar to /tmp/spark-4a295fb1-a1b0-46c7-9580-7b4efe3310d3/userFiles-5e0544fa-edc7-4a52-b6ee-095d27cb93ec/org.apache.kafka_kafka-clients-3.4.1.jar
[2024-06-19T06:03:44.686+0000] {docker.py:413} INFO - 24/06/19 06:03:44 INFO SparkContext: Added file file:///opt/bitnami/spark/.ivy2/jars/com.google.code.findbugs_jsr305-3.0.0.jar at file:///opt/bitnami/spark/.ivy2/jars/com.google.code.findbugs_jsr305-3.0.0.jar with timestamp 1718777024212
[2024-06-19T06:03:44.686+0000] {docker.py:413} INFO - 24/06/19 06:03:44 INFO Utils: Copying /opt/bitnami/spark/.ivy2/jars/com.google.code.findbugs_jsr305-3.0.0.jar to /tmp/spark-4a295fb1-a1b0-46c7-9580-7b4efe3310d3/userFiles-5e0544fa-edc7-4a52-b6ee-095d27cb93ec/com.google.code.findbugs_jsr305-3.0.0.jar
[2024-06-19T06:03:44.688+0000] {docker.py:413} INFO - 24/06/19 06:03:44 INFO SparkContext: Added file file:///opt/bitnami/spark/.ivy2/jars/org.apache.commons_commons-pool2-2.11.1.jar at file:///opt/bitnami/spark/.ivy2/jars/org.apache.commons_commons-pool2-2.11.1.jar with timestamp 1718777024212
[2024-06-19T06:03:44.688+0000] {docker.py:413} INFO - 24/06/19 06:03:44 INFO Utils: Copying /opt/bitnami/spark/.ivy2/jars/org.apache.commons_commons-pool2-2.11.1.jar to /tmp/spark-4a295fb1-a1b0-46c7-9580-7b4efe3310d3/userFiles-5e0544fa-edc7-4a52-b6ee-095d27cb93ec/org.apache.commons_commons-pool2-2.11.1.jar
[2024-06-19T06:03:44.693+0000] {docker.py:413} INFO - 24/06/19 06:03:44 INFO SparkContext: Added file file:///opt/bitnami/spark/.ivy2/jars/org.apache.hadoop_hadoop-client-runtime-3.3.4.jar at file:///opt/bitnami/spark/.ivy2/jars/org.apache.hadoop_hadoop-client-runtime-3.3.4.jar with timestamp 1718777024212
[2024-06-19T06:03:44.694+0000] {docker.py:413} INFO - 24/06/19 06:03:44 INFO Utils: Copying /opt/bitnami/spark/.ivy2/jars/org.apache.hadoop_hadoop-client-runtime-3.3.4.jar to /tmp/spark-4a295fb1-a1b0-46c7-9580-7b4efe3310d3/userFiles-5e0544fa-edc7-4a52-b6ee-095d27cb93ec/org.apache.hadoop_hadoop-client-runtime-3.3.4.jar
[2024-06-19T06:03:44.706+0000] {docker.py:413} INFO - 24/06/19 06:03:44 INFO SparkContext: Added file file:///opt/bitnami/spark/.ivy2/jars/org.lz4_lz4-java-1.8.0.jar at file:///opt/bitnami/spark/.ivy2/jars/org.lz4_lz4-java-1.8.0.jar with timestamp 1718777024212
[2024-06-19T06:03:44.707+0000] {docker.py:413} INFO - 24/06/19 06:03:44 INFO Utils: Copying /opt/bitnami/spark/.ivy2/jars/org.lz4_lz4-java-1.8.0.jar to /tmp/spark-4a295fb1-a1b0-46c7-9580-7b4efe3310d3/userFiles-5e0544fa-edc7-4a52-b6ee-095d27cb93ec/org.lz4_lz4-java-1.8.0.jar
[2024-06-19T06:03:44.710+0000] {docker.py:413} INFO - 24/06/19 06:03:44 INFO SparkContext: Added file file:///opt/bitnami/spark/.ivy2/jars/org.xerial.snappy_snappy-java-1.1.10.3.jar at file:///opt/bitnami/spark/.ivy2/jars/org.xerial.snappy_snappy-java-1.1.10.3.jar with timestamp 1718777024212
[2024-06-19T06:03:44.710+0000] {docker.py:413} INFO - 24/06/19 06:03:44 INFO Utils: Copying /opt/bitnami/spark/.ivy2/jars/org.xerial.snappy_snappy-java-1.1.10.3.jar to /tmp/spark-4a295fb1-a1b0-46c7-9580-7b4efe3310d3/userFiles-5e0544fa-edc7-4a52-b6ee-095d27cb93ec/org.xerial.snappy_snappy-java-1.1.10.3.jar
[2024-06-19T06:03:44.713+0000] {docker.py:413} INFO - 24/06/19 06:03:44 INFO SparkContext: Added file file:///opt/bitnami/spark/.ivy2/jars/org.slf4j_slf4j-api-2.0.7.jar at file:///opt/bitnami/spark/.ivy2/jars/org.slf4j_slf4j-api-2.0.7.jar with timestamp 1718777024212
[2024-06-19T06:03:44.713+0000] {docker.py:413} INFO - 24/06/19 06:03:44 INFO Utils: Copying /opt/bitnami/spark/.ivy2/jars/org.slf4j_slf4j-api-2.0.7.jar to /tmp/spark-4a295fb1-a1b0-46c7-9580-7b4efe3310d3/userFiles-5e0544fa-edc7-4a52-b6ee-095d27cb93ec/org.slf4j_slf4j-api-2.0.7.jar
[2024-06-19T06:03:44.715+0000] {docker.py:413} INFO - 24/06/19 06:03:44 INFO SparkContext: Added file file:///opt/bitnami/spark/.ivy2/jars/org.apache.hadoop_hadoop-client-api-3.3.4.jar at file:///opt/bitnami/spark/.ivy2/jars/org.apache.hadoop_hadoop-client-api-3.3.4.jar with timestamp 1718777024212
[2024-06-19T06:03:44.715+0000] {docker.py:413} INFO - 24/06/19 06:03:44 INFO Utils: Copying /opt/bitnami/spark/.ivy2/jars/org.apache.hadoop_hadoop-client-api-3.3.4.jar to /tmp/spark-4a295fb1-a1b0-46c7-9580-7b4efe3310d3/userFiles-5e0544fa-edc7-4a52-b6ee-095d27cb93ec/org.apache.hadoop_hadoop-client-api-3.3.4.jar
[2024-06-19T06:03:44.729+0000] {docker.py:413} INFO - 24/06/19 06:03:44 INFO SparkContext: Added file file:///opt/bitnami/spark/.ivy2/jars/commons-logging_commons-logging-1.1.3.jar at file:///opt/bitnami/spark/.ivy2/jars/commons-logging_commons-logging-1.1.3.jar with timestamp 1718777024212
[2024-06-19T06:03:44.729+0000] {docker.py:413} INFO - 24/06/19 06:03:44 INFO Utils: Copying /opt/bitnami/spark/.ivy2/jars/commons-logging_commons-logging-1.1.3.jar to /tmp/spark-4a295fb1-a1b0-46c7-9580-7b4efe3310d3/userFiles-5e0544fa-edc7-4a52-b6ee-095d27cb93ec/commons-logging_commons-logging-1.1.3.jar
[2024-06-19T06:03:44.783+0000] {docker.py:413} INFO - 24/06/19 06:03:44 INFO Executor: Starting executor ID driver on host localhost
24/06/19 06:03:44 INFO Executor: OS info Linux, 6.6.12-linuxkit, aarch64
[2024-06-19T06:03:44.784+0000] {docker.py:413} INFO - 24/06/19 06:03:44 INFO Executor: Java version 17.0.10
[2024-06-19T06:03:44.789+0000] {docker.py:413} INFO - 24/06/19 06:03:44 INFO Executor: Starting executor with user classpath (userClassPathFirst = false): ''
[2024-06-19T06:03:44.789+0000] {docker.py:413} INFO - 24/06/19 06:03:44 INFO Executor: Created or updated repl class loader org.apache.spark.util.MutableURLClassLoader@1817df59 for default.
[2024-06-19T06:03:44.796+0000] {docker.py:413} INFO - 24/06/19 06:03:44 INFO Executor: Fetching file:///opt/bitnami/spark/.ivy2/jars/org.apache.spark_spark-token-provider-kafka-0-10_2.12-3.5.0.jar with timestamp 1718777024212
[2024-06-19T06:03:44.806+0000] {docker.py:413} INFO - 24/06/19 06:03:44 INFO Utils: /opt/bitnami/spark/.ivy2/jars/org.apache.spark_spark-token-provider-kafka-0-10_2.12-3.5.0.jar has been previously copied to /tmp/spark-4a295fb1-a1b0-46c7-9580-7b4efe3310d3/userFiles-5e0544fa-edc7-4a52-b6ee-095d27cb93ec/org.apache.spark_spark-token-provider-kafka-0-10_2.12-3.5.0.jar
[2024-06-19T06:03:44.810+0000] {docker.py:413} INFO - 24/06/19 06:03:44 INFO Executor: Fetching file:///opt/bitnami/spark/.ivy2/jars/org.apache.hadoop_hadoop-client-runtime-3.3.4.jar with timestamp 1718777024212
[2024-06-19T06:03:44.823+0000] {docker.py:413} INFO - 24/06/19 06:03:44 INFO Utils: /opt/bitnami/spark/.ivy2/jars/org.apache.hadoop_hadoop-client-runtime-3.3.4.jar has been previously copied to /tmp/spark-4a295fb1-a1b0-46c7-9580-7b4efe3310d3/userFiles-5e0544fa-edc7-4a52-b6ee-095d27cb93ec/org.apache.hadoop_hadoop-client-runtime-3.3.4.jar
[2024-06-19T06:03:44.826+0000] {docker.py:413} INFO - 24/06/19 06:03:44 INFO Executor: Fetching file:///opt/bitnami/spark/.ivy2/jars/org.apache.commons_commons-pool2-2.11.1.jar with timestamp 1718777024212
[2024-06-19T06:03:44.826+0000] {docker.py:413} INFO - 24/06/19 06:03:44 INFO Utils: /opt/bitnami/spark/.ivy2/jars/org.apache.commons_commons-pool2-2.11.1.jar has been previously copied to /tmp/spark-4a295fb1-a1b0-46c7-9580-7b4efe3310d3/userFiles-5e0544fa-edc7-4a52-b6ee-095d27cb93ec/org.apache.commons_commons-pool2-2.11.1.jar
[2024-06-19T06:03:44.829+0000] {docker.py:413} INFO - 24/06/19 06:03:44 INFO Executor: Fetching file:///opt/bitnami/spark/.ivy2/jars/org.postgresql_postgresql-42.5.4.jar with timestamp 1718777024212
[2024-06-19T06:03:44.829+0000] {docker.py:413} INFO - 24/06/19 06:03:44 INFO Utils: /opt/bitnami/spark/.ivy2/jars/org.postgresql_postgresql-42.5.4.jar has been previously copied to /tmp/spark-4a295fb1-a1b0-46c7-9580-7b4efe3310d3/userFiles-5e0544fa-edc7-4a52-b6ee-095d27cb93ec/org.postgresql_postgresql-42.5.4.jar
[2024-06-19T06:03:44.831+0000] {docker.py:413} INFO - 24/06/19 06:03:44 INFO Executor: Fetching file:///opt/bitnami/spark/.ivy2/jars/org.slf4j_slf4j-api-2.0.7.jar with timestamp 1718777024212
[2024-06-19T06:03:44.832+0000] {docker.py:413} INFO - 24/06/19 06:03:44 INFO Utils: /opt/bitnami/spark/.ivy2/jars/org.slf4j_slf4j-api-2.0.7.jar has been previously copied to /tmp/spark-4a295fb1-a1b0-46c7-9580-7b4efe3310d3/userFiles-5e0544fa-edc7-4a52-b6ee-095d27cb93ec/org.slf4j_slf4j-api-2.0.7.jar
[2024-06-19T06:03:44.834+0000] {docker.py:413} INFO - 24/06/19 06:03:44 INFO Executor: Fetching file:///opt/bitnami/spark/.ivy2/jars/org.apache.kafka_kafka-clients-3.4.1.jar with timestamp 1718777024212
[2024-06-19T06:03:44.836+0000] {docker.py:413} INFO - 24/06/19 06:03:44 INFO Utils: /opt/bitnami/spark/.ivy2/jars/org.apache.kafka_kafka-clients-3.4.1.jar has been previously copied to /tmp/spark-4a295fb1-a1b0-46c7-9580-7b4efe3310d3/userFiles-5e0544fa-edc7-4a52-b6ee-095d27cb93ec/org.apache.kafka_kafka-clients-3.4.1.jar
[2024-06-19T06:03:44.839+0000] {docker.py:413} INFO - 24/06/19 06:03:44 INFO Executor: Fetching file:///opt/bitnami/spark/.ivy2/jars/com.google.code.findbugs_jsr305-3.0.0.jar with timestamp 1718777024212
[2024-06-19T06:03:44.839+0000] {docker.py:413} INFO - 24/06/19 06:03:44 INFO Utils: /opt/bitnami/spark/.ivy2/jars/com.google.code.findbugs_jsr305-3.0.0.jar has been previously copied to /tmp/spark-4a295fb1-a1b0-46c7-9580-7b4efe3310d3/userFiles-5e0544fa-edc7-4a52-b6ee-095d27cb93ec/com.google.code.findbugs_jsr305-3.0.0.jar
[2024-06-19T06:03:44.841+0000] {docker.py:413} INFO - 24/06/19 06:03:44 INFO Executor: Fetching file:///opt/bitnami/spark/.ivy2/jars/org.lz4_lz4-java-1.8.0.jar with timestamp 1718777024212
[2024-06-19T06:03:44.841+0000] {docker.py:413} INFO - 24/06/19 06:03:44 INFO Utils: /opt/bitnami/spark/.ivy2/jars/org.lz4_lz4-java-1.8.0.jar has been previously copied to /tmp/spark-4a295fb1-a1b0-46c7-9580-7b4efe3310d3/userFiles-5e0544fa-edc7-4a52-b6ee-095d27cb93ec/org.lz4_lz4-java-1.8.0.jar
[2024-06-19T06:03:44.843+0000] {docker.py:413} INFO - 24/06/19 06:03:44 INFO Executor: Fetching file:///opt/bitnami/spark/.ivy2/jars/org.apache.spark_spark-sql-kafka-0-10_2.12-3.5.0.jar with timestamp 1718777024212
[2024-06-19T06:03:44.843+0000] {docker.py:413} INFO - 24/06/19 06:03:44 INFO Utils: /opt/bitnami/spark/.ivy2/jars/org.apache.spark_spark-sql-kafka-0-10_2.12-3.5.0.jar has been previously copied to /tmp/spark-4a295fb1-a1b0-46c7-9580-7b4efe3310d3/userFiles-5e0544fa-edc7-4a52-b6ee-095d27cb93ec/org.apache.spark_spark-sql-kafka-0-10_2.12-3.5.0.jar
[2024-06-19T06:03:44.844+0000] {docker.py:413} INFO - 24/06/19 06:03:44 INFO Executor: Fetching file:///opt/bitnami/spark/.ivy2/jars/org.apache.hadoop_hadoop-client-api-3.3.4.jar with timestamp 1718777024212
[2024-06-19T06:03:44.851+0000] {docker.py:413} INFO - 24/06/19 06:03:44 INFO Utils: /opt/bitnami/spark/.ivy2/jars/org.apache.hadoop_hadoop-client-api-3.3.4.jar has been previously copied to /tmp/spark-4a295fb1-a1b0-46c7-9580-7b4efe3310d3/userFiles-5e0544fa-edc7-4a52-b6ee-095d27cb93ec/org.apache.hadoop_hadoop-client-api-3.3.4.jar
[2024-06-19T06:03:44.852+0000] {docker.py:413} INFO - 24/06/19 06:03:44 INFO Executor: Fetching file:///opt/bitnami/spark/.ivy2/jars/commons-logging_commons-logging-1.1.3.jar with timestamp 1718777024212
[2024-06-19T06:03:44.852+0000] {docker.py:413} INFO - 24/06/19 06:03:44 INFO Utils: /opt/bitnami/spark/.ivy2/jars/commons-logging_commons-logging-1.1.3.jar has been previously copied to /tmp/spark-4a295fb1-a1b0-46c7-9580-7b4efe3310d3/userFiles-5e0544fa-edc7-4a52-b6ee-095d27cb93ec/commons-logging_commons-logging-1.1.3.jar
[2024-06-19T06:03:44.853+0000] {docker.py:413} INFO - 24/06/19 06:03:44 INFO Executor: Fetching file:///opt/bitnami/spark/.ivy2/jars/org.checkerframework_checker-qual-3.5.0.jar with timestamp 1718777024212
[2024-06-19T06:03:44.854+0000] {docker.py:413} INFO - 24/06/19 06:03:44 INFO Utils: /opt/bitnami/spark/.ivy2/jars/org.checkerframework_checker-qual-3.5.0.jar has been previously copied to /tmp/spark-4a295fb1-a1b0-46c7-9580-7b4efe3310d3/userFiles-5e0544fa-edc7-4a52-b6ee-095d27cb93ec/org.checkerframework_checker-qual-3.5.0.jar
[2024-06-19T06:03:44.855+0000] {docker.py:413} INFO - 24/06/19 06:03:44 INFO Executor: Fetching file:///opt/bitnami/spark/.ivy2/jars/org.xerial.snappy_snappy-java-1.1.10.3.jar with timestamp 1718777024212
[2024-06-19T06:03:44.856+0000] {docker.py:413} INFO - 24/06/19 06:03:44 INFO Utils: /opt/bitnami/spark/.ivy2/jars/org.xerial.snappy_snappy-java-1.1.10.3.jar has been previously copied to /tmp/spark-4a295fb1-a1b0-46c7-9580-7b4efe3310d3/userFiles-5e0544fa-edc7-4a52-b6ee-095d27cb93ec/org.xerial.snappy_snappy-java-1.1.10.3.jar
[2024-06-19T06:03:44.858+0000] {docker.py:413} INFO - 24/06/19 06:03:44 INFO Executor: Fetching spark://localhost:41189/jars/com.google.code.findbugs_jsr305-3.0.0.jar with timestamp 1718777024212
[2024-06-19T06:03:44.880+0000] {docker.py:413} INFO - 24/06/19 06:03:44 INFO TransportClientFactory: Successfully created connection to localhost/127.0.0.1:41189 after 15 ms (0 ms spent in bootstraps)
[2024-06-19T06:03:44.883+0000] {docker.py:413} INFO - 24/06/19 06:03:44 INFO Utils: Fetching spark://localhost:41189/jars/com.google.code.findbugs_jsr305-3.0.0.jar to /tmp/spark-4a295fb1-a1b0-46c7-9580-7b4efe3310d3/userFiles-5e0544fa-edc7-4a52-b6ee-095d27cb93ec/fetchFileTemp542222648132156723.tmp
[2024-06-19T06:03:44.903+0000] {docker.py:413} INFO - 24/06/19 06:03:44 INFO Utils: /tmp/spark-4a295fb1-a1b0-46c7-9580-7b4efe3310d3/userFiles-5e0544fa-edc7-4a52-b6ee-095d27cb93ec/fetchFileTemp542222648132156723.tmp has been previously copied to /tmp/spark-4a295fb1-a1b0-46c7-9580-7b4efe3310d3/userFiles-5e0544fa-edc7-4a52-b6ee-095d27cb93ec/com.google.code.findbugs_jsr305-3.0.0.jar
[2024-06-19T06:03:44.906+0000] {docker.py:413} INFO - 24/06/19 06:03:44 INFO Executor: Adding file:/tmp/spark-4a295fb1-a1b0-46c7-9580-7b4efe3310d3/userFiles-5e0544fa-edc7-4a52-b6ee-095d27cb93ec/com.google.code.findbugs_jsr305-3.0.0.jar to class loader default
[2024-06-19T06:03:44.907+0000] {docker.py:413} INFO - 24/06/19 06:03:44 INFO Executor: Fetching spark://localhost:41189/jars/org.xerial.snappy_snappy-java-1.1.10.3.jar with timestamp 1718777024212
[2024-06-19T06:03:44.907+0000] {docker.py:413} INFO - 24/06/19 06:03:44 INFO Utils: Fetching spark://localhost:41189/jars/org.xerial.snappy_snappy-java-1.1.10.3.jar to /tmp/spark-4a295fb1-a1b0-46c7-9580-7b4efe3310d3/userFiles-5e0544fa-edc7-4a52-b6ee-095d27cb93ec/fetchFileTemp14291407239421085049.tmp
[2024-06-19T06:03:44.920+0000] {docker.py:413} INFO - 24/06/19 06:03:44 INFO Utils: /tmp/spark-4a295fb1-a1b0-46c7-9580-7b4efe3310d3/userFiles-5e0544fa-edc7-4a52-b6ee-095d27cb93ec/fetchFileTemp14291407239421085049.tmp has been previously copied to /tmp/spark-4a295fb1-a1b0-46c7-9580-7b4efe3310d3/userFiles-5e0544fa-edc7-4a52-b6ee-095d27cb93ec/org.xerial.snappy_snappy-java-1.1.10.3.jar
[2024-06-19T06:03:44.930+0000] {docker.py:413} INFO - 24/06/19 06:03:44 INFO Executor: Adding file:/tmp/spark-4a295fb1-a1b0-46c7-9580-7b4efe3310d3/userFiles-5e0544fa-edc7-4a52-b6ee-095d27cb93ec/org.xerial.snappy_snappy-java-1.1.10.3.jar to class loader default
24/06/19 06:03:44 INFO Executor: Fetching spark://localhost:41189/jars/org.checkerframework_checker-qual-3.5.0.jar with timestamp 1718777024212
[2024-06-19T06:03:44.932+0000] {docker.py:413} INFO - 24/06/19 06:03:44 INFO Utils: Fetching spark://localhost:41189/jars/org.checkerframework_checker-qual-3.5.0.jar to /tmp/spark-4a295fb1-a1b0-46c7-9580-7b4efe3310d3/userFiles-5e0544fa-edc7-4a52-b6ee-095d27cb93ec/fetchFileTemp7192110112542496266.tmp
[2024-06-19T06:03:44.940+0000] {docker.py:413} INFO - 24/06/19 06:03:44 INFO Utils: /tmp/spark-4a295fb1-a1b0-46c7-9580-7b4efe3310d3/userFiles-5e0544fa-edc7-4a52-b6ee-095d27cb93ec/fetchFileTemp7192110112542496266.tmp has been previously copied to /tmp/spark-4a295fb1-a1b0-46c7-9580-7b4efe3310d3/userFiles-5e0544fa-edc7-4a52-b6ee-095d27cb93ec/org.checkerframework_checker-qual-3.5.0.jar
[2024-06-19T06:03:44.946+0000] {docker.py:413} INFO - 24/06/19 06:03:44 INFO Executor: Adding file:/tmp/spark-4a295fb1-a1b0-46c7-9580-7b4efe3310d3/userFiles-5e0544fa-edc7-4a52-b6ee-095d27cb93ec/org.checkerframework_checker-qual-3.5.0.jar to class loader default
[2024-06-19T06:03:44.947+0000] {docker.py:413} INFO - 24/06/19 06:03:44 INFO Executor: Fetching spark://localhost:41189/jars/org.apache.hadoop_hadoop-client-api-3.3.4.jar with timestamp 1718777024212
[2024-06-19T06:03:44.947+0000] {docker.py:413} INFO - 24/06/19 06:03:44 INFO Utils: Fetching spark://localhost:41189/jars/org.apache.hadoop_hadoop-client-api-3.3.4.jar to /tmp/spark-4a295fb1-a1b0-46c7-9580-7b4efe3310d3/userFiles-5e0544fa-edc7-4a52-b6ee-095d27cb93ec/fetchFileTemp4832779574842860800.tmp
[2024-06-19T06:03:45.015+0000] {docker.py:413} INFO - 24/06/19 06:03:45 INFO Utils: /tmp/spark-4a295fb1-a1b0-46c7-9580-7b4efe3310d3/userFiles-5e0544fa-edc7-4a52-b6ee-095d27cb93ec/fetchFileTemp4832779574842860800.tmp has been previously copied to /tmp/spark-4a295fb1-a1b0-46c7-9580-7b4efe3310d3/userFiles-5e0544fa-edc7-4a52-b6ee-095d27cb93ec/org.apache.hadoop_hadoop-client-api-3.3.4.jar
[2024-06-19T06:03:45.019+0000] {docker.py:413} INFO - 24/06/19 06:03:45 INFO Executor: Adding file:/tmp/spark-4a295fb1-a1b0-46c7-9580-7b4efe3310d3/userFiles-5e0544fa-edc7-4a52-b6ee-095d27cb93ec/org.apache.hadoop_hadoop-client-api-3.3.4.jar to class loader default
[2024-06-19T06:03:45.019+0000] {docker.py:413} INFO - 24/06/19 06:03:45 INFO Executor: Fetching spark://localhost:41189/jars/org.postgresql_postgresql-42.5.4.jar with timestamp 1718777024212
[2024-06-19T06:03:45.019+0000] {docker.py:413} INFO - 24/06/19 06:03:45 INFO Utils: Fetching spark://localhost:41189/jars/org.postgresql_postgresql-42.5.4.jar to /tmp/spark-4a295fb1-a1b0-46c7-9580-7b4efe3310d3/userFiles-5e0544fa-edc7-4a52-b6ee-095d27cb93ec/fetchFileTemp4318519174746688863.tmp
[2024-06-19T06:03:45.021+0000] {docker.py:413} INFO - 24/06/19 06:03:45 INFO Utils: /tmp/spark-4a295fb1-a1b0-46c7-9580-7b4efe3310d3/userFiles-5e0544fa-edc7-4a52-b6ee-095d27cb93ec/fetchFileTemp4318519174746688863.tmp has been previously copied to /tmp/spark-4a295fb1-a1b0-46c7-9580-7b4efe3310d3/userFiles-5e0544fa-edc7-4a52-b6ee-095d27cb93ec/org.postgresql_postgresql-42.5.4.jar
[2024-06-19T06:03:45.024+0000] {docker.py:413} INFO - 24/06/19 06:03:45 INFO Executor: Adding file:/tmp/spark-4a295fb1-a1b0-46c7-9580-7b4efe3310d3/userFiles-5e0544fa-edc7-4a52-b6ee-095d27cb93ec/org.postgresql_postgresql-42.5.4.jar to class loader default
[2024-06-19T06:03:45.025+0000] {docker.py:413} INFO - 24/06/19 06:03:45 INFO Executor: Fetching spark://localhost:41189/jars/org.slf4j_slf4j-api-2.0.7.jar with timestamp 1718777024212
[2024-06-19T06:03:45.025+0000] {docker.py:413} INFO - 24/06/19 06:03:45 INFO Utils: Fetching spark://localhost:41189/jars/org.slf4j_slf4j-api-2.0.7.jar to /tmp/spark-4a295fb1-a1b0-46c7-9580-7b4efe3310d3/userFiles-5e0544fa-edc7-4a52-b6ee-095d27cb93ec/fetchFileTemp3989103711125569355.tmp
[2024-06-19T06:03:45.026+0000] {docker.py:413} INFO - 24/06/19 06:03:45 INFO Utils: /tmp/spark-4a295fb1-a1b0-46c7-9580-7b4efe3310d3/userFiles-5e0544fa-edc7-4a52-b6ee-095d27cb93ec/fetchFileTemp3989103711125569355.tmp has been previously copied to /tmp/spark-4a295fb1-a1b0-46c7-9580-7b4efe3310d3/userFiles-5e0544fa-edc7-4a52-b6ee-095d27cb93ec/org.slf4j_slf4j-api-2.0.7.jar
[2024-06-19T06:03:45.027+0000] {docker.py:413} INFO - 24/06/19 06:03:45 INFO Executor: Adding file:/tmp/spark-4a295fb1-a1b0-46c7-9580-7b4efe3310d3/userFiles-5e0544fa-edc7-4a52-b6ee-095d27cb93ec/org.slf4j_slf4j-api-2.0.7.jar to class loader default
[2024-06-19T06:03:45.028+0000] {docker.py:413} INFO - 24/06/19 06:03:45 INFO Executor: Fetching spark://localhost:41189/jars/commons-logging_commons-logging-1.1.3.jar with timestamp 1718777024212
24/06/19 06:03:45 INFO Utils: Fetching spark://localhost:41189/jars/commons-logging_commons-logging-1.1.3.jar to /tmp/spark-4a295fb1-a1b0-46c7-9580-7b4efe3310d3/userFiles-5e0544fa-edc7-4a52-b6ee-095d27cb93ec/fetchFileTemp5864016521850651086.tmp
[2024-06-19T06:03:45.029+0000] {docker.py:413} INFO - 24/06/19 06:03:45 INFO Utils: /tmp/spark-4a295fb1-a1b0-46c7-9580-7b4efe3310d3/userFiles-5e0544fa-edc7-4a52-b6ee-095d27cb93ec/fetchFileTemp5864016521850651086.tmp has been previously copied to /tmp/spark-4a295fb1-a1b0-46c7-9580-7b4efe3310d3/userFiles-5e0544fa-edc7-4a52-b6ee-095d27cb93ec/commons-logging_commons-logging-1.1.3.jar
[2024-06-19T06:03:45.031+0000] {docker.py:413} INFO - 24/06/19 06:03:45 INFO Executor: Adding file:/tmp/spark-4a295fb1-a1b0-46c7-9580-7b4efe3310d3/userFiles-5e0544fa-edc7-4a52-b6ee-095d27cb93ec/commons-logging_commons-logging-1.1.3.jar to class loader default
[2024-06-19T06:03:45.031+0000] {docker.py:413} INFO - 24/06/19 06:03:45 INFO Executor: Fetching spark://localhost:41189/jars/org.apache.spark_spark-sql-kafka-0-10_2.12-3.5.0.jar with timestamp 1718777024212
[2024-06-19T06:03:45.032+0000] {docker.py:413} INFO - 24/06/19 06:03:45 INFO Utils: Fetching spark://localhost:41189/jars/org.apache.spark_spark-sql-kafka-0-10_2.12-3.5.0.jar to /tmp/spark-4a295fb1-a1b0-46c7-9580-7b4efe3310d3/userFiles-5e0544fa-edc7-4a52-b6ee-095d27cb93ec/fetchFileTemp18282343976145212499.tmp
[2024-06-19T06:03:45.034+0000] {docker.py:413} INFO - 24/06/19 06:03:45 INFO Utils: /tmp/spark-4a295fb1-a1b0-46c7-9580-7b4efe3310d3/userFiles-5e0544fa-edc7-4a52-b6ee-095d27cb93ec/fetchFileTemp18282343976145212499.tmp has been previously copied to /tmp/spark-4a295fb1-a1b0-46c7-9580-7b4efe3310d3/userFiles-5e0544fa-edc7-4a52-b6ee-095d27cb93ec/org.apache.spark_spark-sql-kafka-0-10_2.12-3.5.0.jar
[2024-06-19T06:03:45.037+0000] {docker.py:413} INFO - 24/06/19 06:03:45 INFO Executor: Adding file:/tmp/spark-4a295fb1-a1b0-46c7-9580-7b4efe3310d3/userFiles-5e0544fa-edc7-4a52-b6ee-095d27cb93ec/org.apache.spark_spark-sql-kafka-0-10_2.12-3.5.0.jar to class loader default
[2024-06-19T06:03:45.037+0000] {docker.py:413} INFO - 24/06/19 06:03:45 INFO Executor: Fetching spark://localhost:41189/jars/org.apache.spark_spark-token-provider-kafka-0-10_2.12-3.5.0.jar with timestamp 1718777024212
[2024-06-19T06:03:45.037+0000] {docker.py:413} INFO - 24/06/19 06:03:45 INFO Utils: Fetching spark://localhost:41189/jars/org.apache.spark_spark-token-provider-kafka-0-10_2.12-3.5.0.jar to /tmp/spark-4a295fb1-a1b0-46c7-9580-7b4efe3310d3/userFiles-5e0544fa-edc7-4a52-b6ee-095d27cb93ec/fetchFileTemp16605366302899806263.tmp
[2024-06-19T06:03:45.038+0000] {docker.py:413} INFO - 24/06/19 06:03:45 INFO Utils: /tmp/spark-4a295fb1-a1b0-46c7-9580-7b4efe3310d3/userFiles-5e0544fa-edc7-4a52-b6ee-095d27cb93ec/fetchFileTemp16605366302899806263.tmp has been previously copied to /tmp/spark-4a295fb1-a1b0-46c7-9580-7b4efe3310d3/userFiles-5e0544fa-edc7-4a52-b6ee-095d27cb93ec/org.apache.spark_spark-token-provider-kafka-0-10_2.12-3.5.0.jar
[2024-06-19T06:03:45.040+0000] {docker.py:413} INFO - 24/06/19 06:03:45 INFO Executor: Adding file:/tmp/spark-4a295fb1-a1b0-46c7-9580-7b4efe3310d3/userFiles-5e0544fa-edc7-4a52-b6ee-095d27cb93ec/org.apache.spark_spark-token-provider-kafka-0-10_2.12-3.5.0.jar to class loader default
[2024-06-19T06:03:45.042+0000] {docker.py:413} INFO - 24/06/19 06:03:45 INFO Executor: Fetching spark://localhost:41189/jars/org.apache.hadoop_hadoop-client-runtime-3.3.4.jar with timestamp 1718777024212
[2024-06-19T06:03:45.043+0000] {docker.py:413} INFO - 24/06/19 06:03:45 INFO Utils: Fetching spark://localhost:41189/jars/org.apache.hadoop_hadoop-client-runtime-3.3.4.jar to /tmp/spark-4a295fb1-a1b0-46c7-9580-7b4efe3310d3/userFiles-5e0544fa-edc7-4a52-b6ee-095d27cb93ec/fetchFileTemp10440584776804684251.tmp
[2024-06-19T06:03:45.092+0000] {docker.py:413} INFO - 24/06/19 06:03:45 INFO Utils: /tmp/spark-4a295fb1-a1b0-46c7-9580-7b4efe3310d3/userFiles-5e0544fa-edc7-4a52-b6ee-095d27cb93ec/fetchFileTemp10440584776804684251.tmp has been previously copied to /tmp/spark-4a295fb1-a1b0-46c7-9580-7b4efe3310d3/userFiles-5e0544fa-edc7-4a52-b6ee-095d27cb93ec/org.apache.hadoop_hadoop-client-runtime-3.3.4.jar
[2024-06-19T06:03:45.097+0000] {docker.py:413} INFO - 24/06/19 06:03:45 INFO Executor: Adding file:/tmp/spark-4a295fb1-a1b0-46c7-9580-7b4efe3310d3/userFiles-5e0544fa-edc7-4a52-b6ee-095d27cb93ec/org.apache.hadoop_hadoop-client-runtime-3.3.4.jar to class loader default
[2024-06-19T06:03:45.098+0000] {docker.py:413} INFO - 24/06/19 06:03:45 INFO Executor: Fetching spark://localhost:41189/jars/org.apache.kafka_kafka-clients-3.4.1.jar with timestamp 1718777024212
[2024-06-19T06:03:45.099+0000] {docker.py:413} INFO - 24/06/19 06:03:45 INFO Utils: Fetching spark://localhost:41189/jars/org.apache.kafka_kafka-clients-3.4.1.jar to /tmp/spark-4a295fb1-a1b0-46c7-9580-7b4efe3310d3/userFiles-5e0544fa-edc7-4a52-b6ee-095d27cb93ec/fetchFileTemp15166735892770965719.tmp
[2024-06-19T06:03:45.107+0000] {docker.py:413} INFO - 24/06/19 06:03:45 INFO Utils: /tmp/spark-4a295fb1-a1b0-46c7-9580-7b4efe3310d3/userFiles-5e0544fa-edc7-4a52-b6ee-095d27cb93ec/fetchFileTemp15166735892770965719.tmp has been previously copied to /tmp/spark-4a295fb1-a1b0-46c7-9580-7b4efe3310d3/userFiles-5e0544fa-edc7-4a52-b6ee-095d27cb93ec/org.apache.kafka_kafka-clients-3.4.1.jar
[2024-06-19T06:03:45.109+0000] {docker.py:413} INFO - 24/06/19 06:03:45 INFO Executor: Adding file:/tmp/spark-4a295fb1-a1b0-46c7-9580-7b4efe3310d3/userFiles-5e0544fa-edc7-4a52-b6ee-095d27cb93ec/org.apache.kafka_kafka-clients-3.4.1.jar to class loader default
[2024-06-19T06:03:45.110+0000] {docker.py:413} INFO - 24/06/19 06:03:45 INFO Executor: Fetching spark://localhost:41189/jars/org.lz4_lz4-java-1.8.0.jar with timestamp 1718777024212
[2024-06-19T06:03:45.110+0000] {docker.py:413} INFO - 24/06/19 06:03:45 INFO Utils: Fetching spark://localhost:41189/jars/org.lz4_lz4-java-1.8.0.jar to /tmp/spark-4a295fb1-a1b0-46c7-9580-7b4efe3310d3/userFiles-5e0544fa-edc7-4a52-b6ee-095d27cb93ec/fetchFileTemp6648661666457557489.tmp
[2024-06-19T06:03:45.110+0000] {docker.py:413} INFO - 24/06/19 06:03:45 INFO Utils: /tmp/spark-4a295fb1-a1b0-46c7-9580-7b4efe3310d3/userFiles-5e0544fa-edc7-4a52-b6ee-095d27cb93ec/fetchFileTemp6648661666457557489.tmp has been previously copied to /tmp/spark-4a295fb1-a1b0-46c7-9580-7b4efe3310d3/userFiles-5e0544fa-edc7-4a52-b6ee-095d27cb93ec/org.lz4_lz4-java-1.8.0.jar
[2024-06-19T06:03:45.113+0000] {docker.py:413} INFO - 24/06/19 06:03:45 INFO Executor: Adding file:/tmp/spark-4a295fb1-a1b0-46c7-9580-7b4efe3310d3/userFiles-5e0544fa-edc7-4a52-b6ee-095d27cb93ec/org.lz4_lz4-java-1.8.0.jar to class loader default
[2024-06-19T06:03:45.113+0000] {docker.py:413} INFO - 24/06/19 06:03:45 INFO Executor: Fetching spark://localhost:41189/jars/org.apache.commons_commons-pool2-2.11.1.jar with timestamp 1718777024212
[2024-06-19T06:03:45.114+0000] {docker.py:413} INFO - 24/06/19 06:03:45 INFO Utils: Fetching spark://localhost:41189/jars/org.apache.commons_commons-pool2-2.11.1.jar to /tmp/spark-4a295fb1-a1b0-46c7-9580-7b4efe3310d3/userFiles-5e0544fa-edc7-4a52-b6ee-095d27cb93ec/fetchFileTemp14565297054398801770.tmp
[2024-06-19T06:03:45.114+0000] {docker.py:413} INFO - 24/06/19 06:03:45 INFO Utils: /tmp/spark-4a295fb1-a1b0-46c7-9580-7b4efe3310d3/userFiles-5e0544fa-edc7-4a52-b6ee-095d27cb93ec/fetchFileTemp14565297054398801770.tmp has been previously copied to /tmp/spark-4a295fb1-a1b0-46c7-9580-7b4efe3310d3/userFiles-5e0544fa-edc7-4a52-b6ee-095d27cb93ec/org.apache.commons_commons-pool2-2.11.1.jar
[2024-06-19T06:03:45.116+0000] {docker.py:413} INFO - 24/06/19 06:03:45 INFO Executor: Adding file:/tmp/spark-4a295fb1-a1b0-46c7-9580-7b4efe3310d3/userFiles-5e0544fa-edc7-4a52-b6ee-095d27cb93ec/org.apache.commons_commons-pool2-2.11.1.jar to class loader default
[2024-06-19T06:03:45.121+0000] {docker.py:413} INFO - 24/06/19 06:03:45 INFO Utils: Successfully started service 'org.apache.spark.network.netty.NettyBlockTransferService' on port 42911.
[2024-06-19T06:03:45.122+0000] {docker.py:413} INFO - 24/06/19 06:03:45 INFO NettyBlockTransferService: Server created on localhost:42911
[2024-06-19T06:03:45.123+0000] {docker.py:413} INFO - 24/06/19 06:03:45 INFO BlockManager: Using org.apache.spark.storage.RandomBlockReplicationPolicy for block replication policy
[2024-06-19T06:03:45.127+0000] {docker.py:413} INFO - 24/06/19 06:03:45 INFO BlockManagerMaster: Registering BlockManager BlockManagerId(driver, localhost, 42911, None)
[2024-06-19T06:03:45.129+0000] {docker.py:413} INFO - 24/06/19 06:03:45 INFO BlockManagerMasterEndpoint: Registering block manager localhost:42911 with 434.4 MiB RAM, BlockManagerId(driver, localhost, 42911, None)
[2024-06-19T06:03:45.130+0000] {docker.py:413} INFO - 24/06/19 06:03:45 INFO BlockManagerMaster: Registered BlockManager BlockManagerId(driver, localhost, 42911, None)
[2024-06-19T06:03:45.131+0000] {docker.py:413} INFO - 24/06/19 06:03:45 INFO BlockManager: Initialized BlockManager: BlockManagerId(driver, localhost, 42911, None)
[2024-06-19T06:03:45.345+0000] {docker.py:413} INFO - 2024-06-19 06:03:45,344:create_spark_session:INFO:Spark session created successfully
[2024-06-19T06:03:45.350+0000] {docker.py:413} INFO - 24/06/19 06:03:45 INFO SharedState: Setting hive.metastore.warehouse.dir ('null') to the value of spark.sql.warehouse.dir.
[2024-06-19T06:03:45.351+0000] {docker.py:413} INFO - 24/06/19 06:03:45 INFO SharedState: Warehouse path is 'file:/opt/bitnami/spark/spark-warehouse'.
[2024-06-19T06:03:46.166+0000] {docker.py:413} INFO - 2024-06-19 06:03:46,166:create_initial_dataframe:INFO:Initial dataframe created successfully
[2024-06-19T06:03:46.175+0000] {docker.py:413} INFO - 2024-06-19 06:03:46,174:create_initial_dataframe:INFO:Initial dataframe created successfully
[2024-06-19T06:03:46.183+0000] {docker.py:413} INFO - 2024-06-19 06:03:46,182:create_initial_dataframe:INFO:Initial dataframe created successfully
[2024-06-19T06:03:46.368+0000] {docker.py:413} INFO - 24/06/19 06:03:46 WARN SparkStringUtils: Truncated the string representation of a plan since it was too large. This behavior can be adjusted by setting 'spark.sql.debug.maxToStringFields'.
[2024-06-19T06:03:46.439+0000] {docker.py:413} INFO - Traceback (most recent call last):
  File "/opt/bitnami/spark/spark_streaming.py", line 153, in <module>
[2024-06-19T06:03:46.439+0000] {docker.py:413} INFO - write_to_postgres()
  File "/opt/bitnami/spark/spark_streaming.py", line 148, in write_to_postgres
    df_final = create_final_dataframe(df)
               ^^^^^^^^^^^^^^^^^^^^^^^^^^
  File "/opt/bitnami/spark/spark_streaming.py", line 100, in create_final_dataframe
    df_out.update(df1)
TypeError: cannot convert dictionary update sequence element #0 to a sequence
[2024-06-19T06:03:46.439+0000] {docker.py:413} INFO - 2024-06-19 06:03:46,436:close:INFO:Closing down clientserver connection
[2024-06-19T06:03:46.457+0000] {docker.py:413} INFO - 24/06/19 06:03:46 INFO SparkContext: Invoking stop() from shutdown hook
[2024-06-19T06:03:46.457+0000] {docker.py:413} INFO - 24/06/19 06:03:46 INFO SparkContext: SparkContext is stopping with exitCode 0.
[2024-06-19T06:03:46.463+0000] {docker.py:413} INFO - 24/06/19 06:03:46 INFO SparkUI: Stopped Spark web UI at http://localhost:4040
[2024-06-19T06:03:46.469+0000] {docker.py:413} INFO - 24/06/19 06:03:46 INFO MapOutputTrackerMasterEndpoint: MapOutputTrackerMasterEndpoint stopped!
[2024-06-19T06:03:46.476+0000] {docker.py:413} INFO - 24/06/19 06:03:46 INFO MemoryStore: MemoryStore cleared
[2024-06-19T06:03:46.477+0000] {docker.py:413} INFO - 24/06/19 06:03:46 INFO BlockManager: BlockManager stopped
[2024-06-19T06:03:46.480+0000] {docker.py:413} INFO - 24/06/19 06:03:46 INFO BlockManagerMaster: BlockManagerMaster stopped
[2024-06-19T06:03:46.481+0000] {docker.py:413} INFO - 24/06/19 06:03:46 INFO OutputCommitCoordinator$OutputCommitCoordinatorEndpoint: OutputCommitCoordinator stopped!
[2024-06-19T06:03:46.488+0000] {docker.py:413} INFO - 24/06/19 06:03:46 INFO SparkContext: Successfully stopped SparkContext
[2024-06-19T06:03:46.488+0000] {docker.py:413} INFO - 24/06/19 06:03:46 INFO ShutdownHookManager: Shutdown hook called
[2024-06-19T06:03:46.488+0000] {docker.py:413} INFO - 24/06/19 06:03:46 INFO ShutdownHookManager: Deleting directory /tmp/spark-4a295fb1-a1b0-46c7-9580-7b4efe3310d3/pyspark-c37b0ccf-79cd-4d30-82ff-6ea263771d68
[2024-06-19T06:03:46.489+0000] {docker.py:413} INFO - 24/06/19 06:03:46 INFO ShutdownHookManager: Deleting directory /tmp/spark-4a295fb1-a1b0-46c7-9580-7b4efe3310d3
[2024-06-19T06:03:46.491+0000] {docker.py:413} INFO - 24/06/19 06:03:46 INFO ShutdownHookManager: Deleting directory /tmp/spark-4ec559e0-420f-4f77-ad50-fdc1cc216600
[2024-06-19T06:03:46.752+0000] {taskinstance.py:1937} ERROR - Task failed with exception
Traceback (most recent call last):
  File "/home/airflow/.local/lib/python3.8/site-packages/docker/api/client.py", line 268, in _raise_for_status
    response.raise_for_status()
  File "/home/airflow/.local/lib/python3.8/site-packages/requests/models.py", line 1021, in raise_for_status
    raise HTTPError(http_error_msg, response=self)
requests.exceptions.HTTPError: 400 Client Error: Bad Request for url: http://docker-proxy:2375/v1.44/containers/create

The above exception was the direct cause of the following exception:

Traceback (most recent call last):
  File "/home/airflow/.local/lib/python3.8/site-packages/airflow/providers/docker/operators/docker.py", line 348, in _run_image
    return self._run_image_with_mounts([*self.mounts, tmp_mount], add_tmp_variable=True)
  File "/home/airflow/.local/lib/python3.8/site-packages/airflow/providers/docker/operators/docker.py", line 375, in _run_image_with_mounts
    self.container = self.cli.create_container(
  File "/home/airflow/.local/lib/python3.8/site-packages/docker/api/container.py", line 431, in create_container
    return self.create_container_from_config(config, name, platform)
  File "/home/airflow/.local/lib/python3.8/site-packages/docker/api/container.py", line 448, in create_container_from_config
    return self._result(res, True)
  File "/home/airflow/.local/lib/python3.8/site-packages/docker/api/client.py", line 274, in _result
    self._raise_for_status(response)
  File "/home/airflow/.local/lib/python3.8/site-packages/docker/api/client.py", line 270, in _raise_for_status
    raise create_api_error_from_http_exception(e) from e
  File "/home/airflow/.local/lib/python3.8/site-packages/docker/errors.py", line 39, in create_api_error_from_http_exception
    raise cls(e, response=response, explanation=explanation) from e
docker.errors.APIError: 400 Client Error for http://docker-proxy:2375/v1.44/containers/create: Bad Request ("invalid mount config for type "bind": bind source path does not exist: /host_mnt/private/tmp/airflowtmpyug526c3")

During handling of the above exception, another exception occurred:

Traceback (most recent call last):
  File "/home/airflow/.local/lib/python3.8/site-packages/airflow/providers/docker/operators/docker.py", line 486, in execute
    return self._run_image()
  File "/home/airflow/.local/lib/python3.8/site-packages/airflow/providers/docker/operators/docker.py", line 357, in _run_image
    return self._run_image_with_mounts(self.mounts, add_tmp_variable=False)
  File "/home/airflow/.local/lib/python3.8/site-packages/airflow/providers/docker/operators/docker.py", line 421, in _run_image_with_mounts
    raise DockerContainerFailedException(f"Docker container failed: {result!r}", logs=log_lines)
airflow.providers.docker.exceptions.DockerContainerFailedException: Docker container failed: {'StatusCode': 1}
[2024-06-19T06:03:46.762+0000] {taskinstance.py:1400} INFO - Marking task as UP_FOR_RETRY. dag_id=kafka_spark_dag, task_id=pyspark_consumer, execution_date=20240619T060200, start_date=20240619T060206, end_date=20240619T060346
[2024-06-19T06:03:46.798+0000] {standard_task_runner.py:104} ERROR - Failed to execute job 63 for task pyspark_consumer (Docker container failed: {'StatusCode': 1}; 1214)
[2024-06-19T06:03:46.855+0000] {local_task_job_runner.py:228} INFO - Task exited with return code 1
[2024-06-19T06:03:46.874+0000] {taskinstance.py:2778} INFO - 0 downstream tasks scheduled from follow-on schedule check
