[2024-06-19T09:11:42.842+0000] {taskinstance.py:1159} INFO - Dependencies all met for dep_context=non-requeueable deps ti=<TaskInstance: kafka_spark_dag.pyspark_consumer scheduled__2024-06-19T09:06:38.394942+00:00 [queued]>
[2024-06-19T09:11:42.845+0000] {taskinstance.py:1159} INFO - Dependencies all met for dep_context=requeueable deps ti=<TaskInstance: kafka_spark_dag.pyspark_consumer scheduled__2024-06-19T09:06:38.394942+00:00 [queued]>
[2024-06-19T09:11:42.845+0000] {taskinstance.py:1361} INFO - Starting attempt 1 of 2
[2024-06-19T09:11:42.851+0000] {taskinstance.py:1382} INFO - Executing <Task(DockerOperator): pyspark_consumer> on 2024-06-19 09:06:38.394942+00:00
[2024-06-19T09:11:42.853+0000] {standard_task_runner.py:57} INFO - Started process 7783 to run task
[2024-06-19T09:11:42.855+0000] {standard_task_runner.py:84} INFO - Running: ['***', 'tasks', 'run', 'kafka_spark_dag', 'pyspark_consumer', 'scheduled__2024-06-19T09:06:38.394942+00:00', '--job-id', '129', '--raw', '--subdir', 'DAGS_FOLDER/dag_kafka_spark.py', '--cfg-path', '/tmp/tmp3rexl2i1']
[2024-06-19T09:11:42.856+0000] {standard_task_runner.py:85} INFO - Job 129: Subtask pyspark_consumer
[2024-06-19T09:11:42.876+0000] {task_command.py:416} INFO - Running <TaskInstance: kafka_spark_dag.pyspark_consumer scheduled__2024-06-19T09:06:38.394942+00:00 [running]> on host 2ad9230613d5
[2024-06-19T09:11:42.907+0000] {taskinstance.py:1662} INFO - Exporting env vars: AIRFLOW_CTX_DAG_OWNER='***' AIRFLOW_CTX_DAG_ID='kafka_spark_dag' AIRFLOW_CTX_TASK_ID='pyspark_consumer' AIRFLOW_CTX_EXECUTION_DATE='2024-06-19T09:06:38.394942+00:00' AIRFLOW_CTX_TRY_NUMBER='1' AIRFLOW_CTX_DAG_RUN_ID='scheduled__2024-06-19T09:06:38.394942+00:00'
[2024-06-19T09:11:42.980+0000] {docker.py:343} INFO - Starting docker container from image rappel-conso/spark:latest
[2024-06-19T09:11:42.989+0000] {docker.py:351} WARNING - Using remote engine or docker-in-docker and mounting temporary volume from host is not supported. Falling back to `mount_tmp_dir=False` mode. You can set `mount_tmp_dir` parameter to False to disable mounting and remove the warning
[2024-06-19T09:11:43.269+0000] {docker.py:413} INFO - [38;5;6mspark [38;5;5m09:11:43.26 [0m[38;5;2mINFO [0m ==>
[2024-06-19T09:11:43.270+0000] {docker.py:413} INFO - [38;5;6mspark [38;5;5m09:11:43.26 [0m[38;5;2mINFO [0m ==> [1mWelcome to the Bitnami spark container[0m
[2024-06-19T09:11:43.270+0000] {docker.py:413} INFO - [38;5;6mspark [38;5;5m09:11:43.26 [0m[38;5;2mINFO [0m ==> Subscribe to project updates by watching [1mhttps://github.com/bitnami/containers[0m
[2024-06-19T09:11:43.270+0000] {docker.py:413} INFO - [38;5;6mspark [38;5;5m09:11:43.27 [0m[38;5;2mINFO [0m ==> Submit issues and feature requests at [1mhttps://github.com/bitnami/containers/issues[0m
[2024-06-19T09:11:43.271+0000] {docker.py:413} INFO - [38;5;6mspark [38;5;5m09:11:43.27 [0m[38;5;2mINFO [0m ==>
[2024-06-19T09:11:43.276+0000] {docker.py:413} INFO - 
[2024-06-19T09:11:44.111+0000] {docker.py:413} INFO - :: loading settings :: url = jar:file:/opt/bitnami/spark/jars/ivy-2.5.1.jar!/org/apache/ivy/core/settings/ivysettings.xml
[2024-06-19T09:11:44.140+0000] {docker.py:413} INFO - Ivy Default Cache set to: /opt/bitnami/spark/.ivy2/cache
The jars for the packages stored in: /opt/bitnami/spark/.ivy2/jars
[2024-06-19T09:11:44.142+0000] {docker.py:413} INFO - org.postgresql#postgresql added as a dependency
org.apache.spark#spark-sql-kafka-0-10_2.12 added as a dependency
[2024-06-19T09:11:44.142+0000] {docker.py:413} INFO - :: resolving dependencies :: org.apache.spark#spark-submit-parent-591c9bd1-27d1-4f82-8141-80c5fd1a8801;1.0
	confs: [default]
[2024-06-19T09:11:45.669+0000] {docker.py:413} INFO - found org.postgresql#postgresql;42.5.4 in central
[2024-06-19T09:11:46.176+0000] {docker.py:413} INFO - found org.checkerframework#checker-qual;3.5.0 in central
[2024-06-19T09:11:50.710+0000] {docker.py:413} INFO - found org.apache.spark#spark-sql-kafka-0-10_2.12;3.5.0 in central
[2024-06-19T09:11:51.279+0000] {docker.py:413} INFO - found org.apache.spark#spark-token-provider-kafka-0-10_2.12;3.5.0 in central
[2024-06-19T09:11:51.719+0000] {docker.py:413} INFO - found org.apache.kafka#kafka-clients;3.4.1 in central
[2024-06-19T09:11:52.183+0000] {docker.py:413} INFO - found org.lz4#lz4-java;1.8.0 in central
[2024-06-19T09:11:52.690+0000] {docker.py:413} INFO - found org.xerial.snappy#snappy-java;1.1.10.3 in central
[2024-06-19T09:11:54.871+0000] {docker.py:413} INFO - found org.slf4j#slf4j-api;2.0.7 in central
[2024-06-19T09:11:59.154+0000] {docker.py:413} INFO - found org.apache.hadoop#hadoop-client-runtime;3.3.4 in central
[2024-06-19T09:11:59.638+0000] {docker.py:413} INFO - found org.apache.hadoop#hadoop-client-api;3.3.4 in central
[2024-06-19T09:12:03.553+0000] {docker.py:413} INFO - found commons-logging#commons-logging;1.1.3 in central
[2024-06-19T09:12:04.021+0000] {docker.py:413} INFO - found com.google.code.findbugs#jsr305;3.0.0 in central
[2024-06-19T09:12:10.011+0000] {docker.py:413} INFO - found org.apache.commons#commons-pool2;2.11.1 in central
[2024-06-19T09:12:10.237+0000] {docker.py:413} INFO - downloading https://repo1.maven.org/maven2/org/postgresql/postgresql/42.5.4/postgresql-42.5.4.jar ...
[2024-06-19T09:12:10.981+0000] {docker.py:413} INFO - [SUCCESSFUL ] org.postgresql#postgresql;42.5.4!postgresql.jar (955ms)
[2024-06-19T09:12:11.196+0000] {docker.py:413} INFO - downloading https://repo1.maven.org/maven2/org/apache/spark/spark-sql-kafka-0-10_2.12/3.5.0/spark-sql-kafka-0-10_2.12-3.5.0.jar ...
[2024-06-19T09:12:11.452+0000] {docker.py:413} INFO - [SUCCESSFUL ] org.apache.spark#spark-sql-kafka-0-10_2.12;3.5.0!spark-sql-kafka-0-10_2.12.jar (470ms)
[2024-06-19T09:12:11.668+0000] {docker.py:413} INFO - downloading https://repo1.maven.org/maven2/org/checkerframework/checker-qual/3.5.0/checker-qual-3.5.0.jar ...
[2024-06-19T09:12:11.899+0000] {docker.py:413} INFO - [SUCCESSFUL ] org.checkerframework#checker-qual;3.5.0!checker-qual.jar (447ms)
[2024-06-19T09:12:12.113+0000] {docker.py:413} INFO - downloading https://repo1.maven.org/maven2/org/apache/spark/spark-token-provider-kafka-0-10_2.12/3.5.0/spark-token-provider-kafka-0-10_2.12-3.5.0.jar ...
[2024-06-19T09:12:12.331+0000] {docker.py:413} INFO - [SUCCESSFUL ] org.apache.spark#spark-token-provider-kafka-0-10_2.12;3.5.0!spark-token-provider-kafka-0-10_2.12.jar (431ms)
[2024-06-19T09:12:12.545+0000] {docker.py:413} INFO - downloading https://repo1.maven.org/maven2/org/apache/kafka/kafka-clients/3.4.1/kafka-clients-3.4.1.jar ...
[2024-06-19T09:12:13.488+0000] {docker.py:413} INFO - [SUCCESSFUL ] org.apache.kafka#kafka-clients;3.4.1!kafka-clients.jar (1152ms)
[2024-06-19T09:12:13.697+0000] {docker.py:413} INFO - downloading https://repo1.maven.org/maven2/com/google/code/findbugs/jsr305/3.0.0/jsr305-3.0.0.jar ...
[2024-06-19T09:12:13.920+0000] {docker.py:413} INFO - [SUCCESSFUL ] com.google.code.findbugs#jsr305;3.0.0!jsr305.jar (429ms)
[2024-06-19T09:12:14.135+0000] {docker.py:413} INFO - downloading https://repo1.maven.org/maven2/org/apache/commons/commons-pool2/2.11.1/commons-pool2-2.11.1.jar ...
[2024-06-19T09:12:14.362+0000] {docker.py:413} INFO - [SUCCESSFUL ] org.apache.commons#commons-pool2;2.11.1!commons-pool2.jar (441ms)
[2024-06-19T09:12:14.579+0000] {docker.py:413} INFO - downloading https://repo1.maven.org/maven2/org/apache/hadoop/hadoop-client-runtime/3.3.4/hadoop-client-runtime-3.3.4.jar ...
[2024-06-19T09:12:17.168+0000] {docker.py:413} INFO - [SUCCESSFUL ] org.apache.hadoop#hadoop-client-runtime;3.3.4!hadoop-client-runtime.jar (2806ms)
[2024-06-19T09:12:17.384+0000] {docker.py:413} INFO - downloading https://repo1.maven.org/maven2/org/lz4/lz4-java/1.8.0/lz4-java-1.8.0.jar ...
[2024-06-19T09:12:17.633+0000] {docker.py:413} INFO - [SUCCESSFUL ] org.lz4#lz4-java;1.8.0!lz4-java.jar (463ms)
[2024-06-19T09:12:17.848+0000] {docker.py:413} INFO - downloading https://repo1.maven.org/maven2/org/xerial/snappy/snappy-java/1.1.10.3/snappy-java-1.1.10.3.jar ...
[2024-06-19T09:12:18.233+0000] {docker.py:413} INFO - [SUCCESSFUL ] org.xerial.snappy#snappy-java;1.1.10.3!snappy-java.jar(bundle) (598ms)
[2024-06-19T09:12:18.448+0000] {docker.py:413} INFO - downloading https://repo1.maven.org/maven2/org/slf4j/slf4j-api/2.0.7/slf4j-api-2.0.7.jar ...
[2024-06-19T09:12:18.666+0000] {docker.py:413} INFO - [SUCCESSFUL ] org.slf4j#slf4j-api;2.0.7!slf4j-api.jar (431ms)
[2024-06-19T09:12:18.879+0000] {docker.py:413} INFO - downloading https://repo1.maven.org/maven2/org/apache/hadoop/hadoop-client-api/3.3.4/hadoop-client-api-3.3.4.jar ...
[2024-06-19T09:12:20.154+0000] {docker.py:413} INFO - [SUCCESSFUL ] org.apache.hadoop#hadoop-client-api;3.3.4!hadoop-client-api.jar (1486ms)
[2024-06-19T09:12:20.369+0000] {docker.py:413} INFO - downloading https://repo1.maven.org/maven2/commons-logging/commons-logging/1.1.3/commons-logging-1.1.3.jar ...
[2024-06-19T09:12:20.586+0000] {docker.py:413} INFO - [SUCCESSFUL ] commons-logging#commons-logging;1.1.3!commons-logging.jar (430ms)
[2024-06-19T09:12:20.590+0000] {docker.py:413} INFO - :: resolution report :: resolve 25878ms :: artifacts dl 10566ms
[2024-06-19T09:12:20.593+0000] {docker.py:413} INFO - :: modules in use:
[2024-06-19T09:12:20.595+0000] {docker.py:413} INFO - com.google.code.findbugs#jsr305;3.0.0 from central in [default]
[2024-06-19T09:12:20.597+0000] {docker.py:413} INFO - commons-logging#commons-logging;1.1.3 from central in [default]
	org.apache.commons#commons-pool2;2.11.1 from central in [default]
	org.apache.hadoop#hadoop-client-api;3.3.4 from central in [default]
	org.apache.hadoop#hadoop-client-runtime;3.3.4 from central in [default]
	org.apache.kafka#kafka-clients;3.4.1 from central in [default]
	org.apache.spark#spark-sql-kafka-0-10_2.12;3.5.0 from central in [default]
	org.apache.spark#spark-token-provider-kafka-0-10_2.12;3.5.0 from central in [default]
	org.checkerframework#checker-qual;3.5.0 from central in [default]
[2024-06-19T09:12:20.599+0000] {docker.py:413} INFO - org.lz4#lz4-java;1.8.0 from central in [default]
	org.postgresql#postgresql;42.5.4 from central in [default]
	org.slf4j#slf4j-api;2.0.7 from central in [default]
	org.xerial.snappy#snappy-java;1.1.10.3 from central in [default]
[2024-06-19T09:12:20.604+0000] {docker.py:413} INFO - ---------------------------------------------------------------------
	|                  |            modules            ||   artifacts   |
	|       conf       | number| search|dwnlded|evicted|| number|dwnlded|
	---------------------------------------------------------------------
	|      default     |   13  |   13  |   13  |   0   ||   13  |   13  |
	---------------------------------------------------------------------
[2024-06-19T09:12:20.609+0000] {docker.py:413} INFO - :: retrieving :: org.apache.spark#spark-submit-parent-591c9bd1-27d1-4f82-8141-80c5fd1a8801
	confs: [default]
[2024-06-19T09:12:20.680+0000] {docker.py:413} INFO - 13 artifacts copied, 0 already retrieved (58001kB/72ms)
[2024-06-19T09:12:20.820+0000] {docker.py:413} INFO - 24/06/19 09:12:20 WARN NativeCodeLoader: Unable to load native-hadoop library for your platform... using builtin-java classes where applicable
[2024-06-19T09:12:21.416+0000] {docker.py:413} INFO - 24/06/19 09:12:21 INFO SparkContext: Running Spark version 3.5.0
[2024-06-19T09:12:21.416+0000] {docker.py:413} INFO - 24/06/19 09:12:21 INFO SparkContext: OS info Linux, 6.6.12-linuxkit, aarch64
[2024-06-19T09:12:21.417+0000] {docker.py:413} INFO - 24/06/19 09:12:21 INFO SparkContext: Java version 17.0.10
[2024-06-19T09:12:21.428+0000] {docker.py:413} INFO - 24/06/19 09:12:21 INFO ResourceUtils: ==============================================================
[2024-06-19T09:12:21.429+0000] {docker.py:413} INFO - 24/06/19 09:12:21 INFO ResourceUtils: No custom resources configured for spark.driver.
[2024-06-19T09:12:21.429+0000] {docker.py:413} INFO - 24/06/19 09:12:21 INFO ResourceUtils: ==============================================================
[2024-06-19T09:12:21.429+0000] {docker.py:413} INFO - 24/06/19 09:12:21 INFO SparkContext: Submitted application: PostgreSQL Connection with PySpark
[2024-06-19T09:12:21.439+0000] {docker.py:413} INFO - 24/06/19 09:12:21 INFO ResourceProfile: Default ResourceProfile created, executor resources: Map(cores -> name: cores, amount: 1, script: , vendor: , memory -> name: memory, amount: 1024, script: , vendor: , offHeap -> name: offHeap, amount: 0, script: , vendor: ), task resources: Map(cpus -> name: cpus, amount: 1.0)
[2024-06-19T09:12:21.443+0000] {docker.py:413} INFO - 24/06/19 09:12:21 INFO ResourceProfile: Limiting resource is cpu
[2024-06-19T09:12:21.444+0000] {docker.py:413} INFO - 24/06/19 09:12:21 INFO ResourceProfileManager: Added ResourceProfile id: 0
[2024-06-19T09:12:21.472+0000] {docker.py:413} INFO - 24/06/19 09:12:21 INFO SecurityManager: Changing view acls to: spark
[2024-06-19T09:12:21.472+0000] {docker.py:413} INFO - 24/06/19 09:12:21 INFO SecurityManager: Changing modify acls to: spark
[2024-06-19T09:12:21.472+0000] {docker.py:413} INFO - 24/06/19 09:12:21 INFO SecurityManager: Changing view acls groups to:
[2024-06-19T09:12:21.472+0000] {docker.py:413} INFO - 24/06/19 09:12:21 INFO SecurityManager: Changing modify acls groups to:
[2024-06-19T09:12:21.473+0000] {docker.py:413} INFO - 24/06/19 09:12:21 INFO SecurityManager: SecurityManager: authentication disabled; ui acls disabled; users with view permissions: spark; groups with view permissions: EMPTY; users with modify permissions: spark; groups with modify permissions: EMPTY
[2024-06-19T09:12:21.580+0000] {docker.py:413} INFO - 24/06/19 09:12:21 INFO Utils: Successfully started service 'sparkDriver' on port 32839.
[2024-06-19T09:12:21.596+0000] {docker.py:413} INFO - 24/06/19 09:12:21 INFO SparkEnv: Registering MapOutputTracker
[2024-06-19T09:12:21.613+0000] {docker.py:413} INFO - 24/06/19 09:12:21 INFO SparkEnv: Registering BlockManagerMaster
[2024-06-19T09:12:21.622+0000] {docker.py:413} INFO - 24/06/19 09:12:21 INFO BlockManagerMasterEndpoint: Using org.apache.spark.storage.DefaultTopologyMapper for getting topology information
[2024-06-19T09:12:21.623+0000] {docker.py:413} INFO - 24/06/19 09:12:21 INFO BlockManagerMasterEndpoint: BlockManagerMasterEndpoint up
[2024-06-19T09:12:21.624+0000] {docker.py:413} INFO - 24/06/19 09:12:21 INFO SparkEnv: Registering BlockManagerMasterHeartbeat
[2024-06-19T09:12:21.636+0000] {docker.py:413} INFO - 24/06/19 09:12:21 INFO DiskBlockManager: Created local directory at /tmp/blockmgr-82c71dde-6b6e-41d6-9838-a1526f2ac4f7
[2024-06-19T09:12:21.642+0000] {docker.py:413} INFO - 24/06/19 09:12:21 INFO MemoryStore: MemoryStore started with capacity 434.4 MiB
[2024-06-19T09:12:21.650+0000] {docker.py:413} INFO - 24/06/19 09:12:21 INFO SparkEnv: Registering OutputCommitCoordinator
[2024-06-19T09:12:21.723+0000] {docker.py:413} INFO - 24/06/19 09:12:21 INFO JettyUtils: Start Jetty 0.0.0.0:4040 for SparkUI
[2024-06-19T09:12:21.763+0000] {docker.py:413} INFO - 24/06/19 09:12:21 INFO Utils: Successfully started service 'SparkUI' on port 4040.
[2024-06-19T09:12:21.785+0000] {docker.py:413} INFO - 24/06/19 09:12:21 INFO SparkContext: Added JAR file:///opt/bitnami/spark/.ivy2/jars/org.postgresql_postgresql-42.5.4.jar at spark://localhost:32839/jars/org.postgresql_postgresql-42.5.4.jar with timestamp 1718788341410
24/06/19 09:12:21 INFO SparkContext: Added JAR file:///opt/bitnami/spark/.ivy2/jars/org.apache.spark_spark-sql-kafka-0-10_2.12-3.5.0.jar at spark://localhost:32839/jars/org.apache.spark_spark-sql-kafka-0-10_2.12-3.5.0.jar with timestamp 1718788341410
[2024-06-19T09:12:21.786+0000] {docker.py:413} INFO - 24/06/19 09:12:21 INFO SparkContext: Added JAR file:///opt/bitnami/spark/.ivy2/jars/org.checkerframework_checker-qual-3.5.0.jar at spark://localhost:32839/jars/org.checkerframework_checker-qual-3.5.0.jar with timestamp 1718788341410
[2024-06-19T09:12:21.786+0000] {docker.py:413} INFO - 24/06/19 09:12:21 INFO SparkContext: Added JAR file:///opt/bitnami/spark/.ivy2/jars/org.apache.spark_spark-token-provider-kafka-0-10_2.12-3.5.0.jar at spark://localhost:32839/jars/org.apache.spark_spark-token-provider-kafka-0-10_2.12-3.5.0.jar with timestamp 1718788341410
24/06/19 09:12:21 INFO SparkContext: Added JAR file:///opt/bitnami/spark/.ivy2/jars/org.apache.kafka_kafka-clients-3.4.1.jar at spark://localhost:32839/jars/org.apache.kafka_kafka-clients-3.4.1.jar with timestamp 1718788341410
[2024-06-19T09:12:21.787+0000] {docker.py:413} INFO - 24/06/19 09:12:21 INFO SparkContext: Added JAR file:///opt/bitnami/spark/.ivy2/jars/com.google.code.findbugs_jsr305-3.0.0.jar at spark://localhost:32839/jars/com.google.code.findbugs_jsr305-3.0.0.jar with timestamp 1718788341410
24/06/19 09:12:21 INFO SparkContext: Added JAR file:///opt/bitnami/spark/.ivy2/jars/org.apache.commons_commons-pool2-2.11.1.jar at spark://localhost:32839/jars/org.apache.commons_commons-pool2-2.11.1.jar with timestamp 1718788341410
24/06/19 09:12:21 INFO SparkContext: Added JAR file:///opt/bitnami/spark/.ivy2/jars/org.apache.hadoop_hadoop-client-runtime-3.3.4.jar at spark://localhost:32839/jars/org.apache.hadoop_hadoop-client-runtime-3.3.4.jar with timestamp 1718788341410
24/06/19 09:12:21 INFO SparkContext: Added JAR file:///opt/bitnami/spark/.ivy2/jars/org.lz4_lz4-java-1.8.0.jar at spark://localhost:32839/jars/org.lz4_lz4-java-1.8.0.jar with timestamp 1718788341410
[2024-06-19T09:12:21.787+0000] {docker.py:413} INFO - 24/06/19 09:12:21 INFO SparkContext: Added JAR file:///opt/bitnami/spark/.ivy2/jars/org.xerial.snappy_snappy-java-1.1.10.3.jar at spark://localhost:32839/jars/org.xerial.snappy_snappy-java-1.1.10.3.jar with timestamp 1718788341410
24/06/19 09:12:21 INFO SparkContext: Added JAR file:///opt/bitnami/spark/.ivy2/jars/org.slf4j_slf4j-api-2.0.7.jar at spark://localhost:32839/jars/org.slf4j_slf4j-api-2.0.7.jar with timestamp 1718788341410
[2024-06-19T09:12:21.787+0000] {docker.py:413} INFO - 24/06/19 09:12:21 INFO SparkContext: Added JAR file:///opt/bitnami/spark/.ivy2/jars/org.apache.hadoop_hadoop-client-api-3.3.4.jar at spark://localhost:32839/jars/org.apache.hadoop_hadoop-client-api-3.3.4.jar with timestamp 1718788341410
[2024-06-19T09:12:21.788+0000] {docker.py:413} INFO - 24/06/19 09:12:21 INFO SparkContext: Added JAR file:///opt/bitnami/spark/.ivy2/jars/commons-logging_commons-logging-1.1.3.jar at spark://localhost:32839/jars/commons-logging_commons-logging-1.1.3.jar with timestamp 1718788341410
[2024-06-19T09:12:21.788+0000] {docker.py:413} INFO - 24/06/19 09:12:21 INFO SparkContext: Added file file:///opt/bitnami/spark/.ivy2/jars/org.postgresql_postgresql-42.5.4.jar at file:///opt/bitnami/spark/.ivy2/jars/org.postgresql_postgresql-42.5.4.jar with timestamp 1718788341410
[2024-06-19T09:12:21.789+0000] {docker.py:413} INFO - 24/06/19 09:12:21 INFO Utils: Copying /opt/bitnami/spark/.ivy2/jars/org.postgresql_postgresql-42.5.4.jar to /tmp/spark-6a8eeb49-5dc3-4f10-9b74-ec198ac25b31/userFiles-f8d6489d-cde0-4d48-a717-9929c4f21189/org.postgresql_postgresql-42.5.4.jar
[2024-06-19T09:12:21.799+0000] {docker.py:413} INFO - 24/06/19 09:12:21 INFO SparkContext: Added file file:///opt/bitnami/spark/.ivy2/jars/org.apache.spark_spark-sql-kafka-0-10_2.12-3.5.0.jar at file:///opt/bitnami/spark/.ivy2/jars/org.apache.spark_spark-sql-kafka-0-10_2.12-3.5.0.jar with timestamp 1718788341410
[2024-06-19T09:12:21.799+0000] {docker.py:413} INFO - 24/06/19 09:12:21 INFO Utils: Copying /opt/bitnami/spark/.ivy2/jars/org.apache.spark_spark-sql-kafka-0-10_2.12-3.5.0.jar to /tmp/spark-6a8eeb49-5dc3-4f10-9b74-ec198ac25b31/userFiles-f8d6489d-cde0-4d48-a717-9929c4f21189/org.apache.spark_spark-sql-kafka-0-10_2.12-3.5.0.jar
[2024-06-19T09:12:21.801+0000] {docker.py:413} INFO - 24/06/19 09:12:21 INFO SparkContext: Added file file:///opt/bitnami/spark/.ivy2/jars/org.checkerframework_checker-qual-3.5.0.jar at file:///opt/bitnami/spark/.ivy2/jars/org.checkerframework_checker-qual-3.5.0.jar with timestamp 1718788341410
[2024-06-19T09:12:21.801+0000] {docker.py:413} INFO - 24/06/19 09:12:21 INFO Utils: Copying /opt/bitnami/spark/.ivy2/jars/org.checkerframework_checker-qual-3.5.0.jar to /tmp/spark-6a8eeb49-5dc3-4f10-9b74-ec198ac25b31/userFiles-f8d6489d-cde0-4d48-a717-9929c4f21189/org.checkerframework_checker-qual-3.5.0.jar
[2024-06-19T09:12:21.804+0000] {docker.py:413} INFO - 24/06/19 09:12:21 INFO SparkContext: Added file file:///opt/bitnami/spark/.ivy2/jars/org.apache.spark_spark-token-provider-kafka-0-10_2.12-3.5.0.jar at file:///opt/bitnami/spark/.ivy2/jars/org.apache.spark_spark-token-provider-kafka-0-10_2.12-3.5.0.jar with timestamp 1718788341410
[2024-06-19T09:12:21.804+0000] {docker.py:413} INFO - 24/06/19 09:12:21 INFO Utils: Copying /opt/bitnami/spark/.ivy2/jars/org.apache.spark_spark-token-provider-kafka-0-10_2.12-3.5.0.jar to /tmp/spark-6a8eeb49-5dc3-4f10-9b74-ec198ac25b31/userFiles-f8d6489d-cde0-4d48-a717-9929c4f21189/org.apache.spark_spark-token-provider-kafka-0-10_2.12-3.5.0.jar
[2024-06-19T09:12:21.806+0000] {docker.py:413} INFO - 24/06/19 09:12:21 INFO SparkContext: Added file file:///opt/bitnami/spark/.ivy2/jars/org.apache.kafka_kafka-clients-3.4.1.jar at file:///opt/bitnami/spark/.ivy2/jars/org.apache.kafka_kafka-clients-3.4.1.jar with timestamp 1718788341410
[2024-06-19T09:12:21.806+0000] {docker.py:413} INFO - 24/06/19 09:12:21 INFO Utils: Copying /opt/bitnami/spark/.ivy2/jars/org.apache.kafka_kafka-clients-3.4.1.jar to /tmp/spark-6a8eeb49-5dc3-4f10-9b74-ec198ac25b31/userFiles-f8d6489d-cde0-4d48-a717-9929c4f21189/org.apache.kafka_kafka-clients-3.4.1.jar
[2024-06-19T09:12:21.811+0000] {docker.py:413} INFO - 24/06/19 09:12:21 INFO SparkContext: Added file file:///opt/bitnami/spark/.ivy2/jars/com.google.code.findbugs_jsr305-3.0.0.jar at file:///opt/bitnami/spark/.ivy2/jars/com.google.code.findbugs_jsr305-3.0.0.jar with timestamp 1718788341410
[2024-06-19T09:12:21.812+0000] {docker.py:413} INFO - 24/06/19 09:12:21 INFO Utils: Copying /opt/bitnami/spark/.ivy2/jars/com.google.code.findbugs_jsr305-3.0.0.jar to /tmp/spark-6a8eeb49-5dc3-4f10-9b74-ec198ac25b31/userFiles-f8d6489d-cde0-4d48-a717-9929c4f21189/com.google.code.findbugs_jsr305-3.0.0.jar
[2024-06-19T09:12:21.812+0000] {docker.py:413} INFO - 24/06/19 09:12:21 INFO SparkContext: Added file file:///opt/bitnami/spark/.ivy2/jars/org.apache.commons_commons-pool2-2.11.1.jar at file:///opt/bitnami/spark/.ivy2/jars/org.apache.commons_commons-pool2-2.11.1.jar with timestamp 1718788341410
[2024-06-19T09:12:21.812+0000] {docker.py:413} INFO - 24/06/19 09:12:21 INFO Utils: Copying /opt/bitnami/spark/.ivy2/jars/org.apache.commons_commons-pool2-2.11.1.jar to /tmp/spark-6a8eeb49-5dc3-4f10-9b74-ec198ac25b31/userFiles-f8d6489d-cde0-4d48-a717-9929c4f21189/org.apache.commons_commons-pool2-2.11.1.jar
[2024-06-19T09:12:21.815+0000] {docker.py:413} INFO - 24/06/19 09:12:21 INFO SparkContext: Added file file:///opt/bitnami/spark/.ivy2/jars/org.apache.hadoop_hadoop-client-runtime-3.3.4.jar at file:///opt/bitnami/spark/.ivy2/jars/org.apache.hadoop_hadoop-client-runtime-3.3.4.jar with timestamp 1718788341410
[2024-06-19T09:12:21.815+0000] {docker.py:413} INFO - 24/06/19 09:12:21 INFO Utils: Copying /opt/bitnami/spark/.ivy2/jars/org.apache.hadoop_hadoop-client-runtime-3.3.4.jar to /tmp/spark-6a8eeb49-5dc3-4f10-9b74-ec198ac25b31/userFiles-f8d6489d-cde0-4d48-a717-9929c4f21189/org.apache.hadoop_hadoop-client-runtime-3.3.4.jar
[2024-06-19T09:12:21.860+0000] {docker.py:413} INFO - 24/06/19 09:12:21 INFO SparkContext: Added file file:///opt/bitnami/spark/.ivy2/jars/org.lz4_lz4-java-1.8.0.jar at file:///opt/bitnami/spark/.ivy2/jars/org.lz4_lz4-java-1.8.0.jar with timestamp 1718788341410
[2024-06-19T09:12:21.860+0000] {docker.py:413} INFO - 24/06/19 09:12:21 INFO Utils: Copying /opt/bitnami/spark/.ivy2/jars/org.lz4_lz4-java-1.8.0.jar to /tmp/spark-6a8eeb49-5dc3-4f10-9b74-ec198ac25b31/userFiles-f8d6489d-cde0-4d48-a717-9929c4f21189/org.lz4_lz4-java-1.8.0.jar
[2024-06-19T09:12:21.863+0000] {docker.py:413} INFO - 24/06/19 09:12:21 INFO SparkContext: Added file file:///opt/bitnami/spark/.ivy2/jars/org.xerial.snappy_snappy-java-1.1.10.3.jar at file:///opt/bitnami/spark/.ivy2/jars/org.xerial.snappy_snappy-java-1.1.10.3.jar with timestamp 1718788341410
[2024-06-19T09:12:21.863+0000] {docker.py:413} INFO - 24/06/19 09:12:21 INFO Utils: Copying /opt/bitnami/spark/.ivy2/jars/org.xerial.snappy_snappy-java-1.1.10.3.jar to /tmp/spark-6a8eeb49-5dc3-4f10-9b74-ec198ac25b31/userFiles-f8d6489d-cde0-4d48-a717-9929c4f21189/org.xerial.snappy_snappy-java-1.1.10.3.jar
[2024-06-19T09:12:21.867+0000] {docker.py:413} INFO - 24/06/19 09:12:21 INFO SparkContext: Added file file:///opt/bitnami/spark/.ivy2/jars/org.slf4j_slf4j-api-2.0.7.jar at file:///opt/bitnami/spark/.ivy2/jars/org.slf4j_slf4j-api-2.0.7.jar with timestamp 1718788341410
[2024-06-19T09:12:21.867+0000] {docker.py:413} INFO - 24/06/19 09:12:21 INFO Utils: Copying /opt/bitnami/spark/.ivy2/jars/org.slf4j_slf4j-api-2.0.7.jar to /tmp/spark-6a8eeb49-5dc3-4f10-9b74-ec198ac25b31/userFiles-f8d6489d-cde0-4d48-a717-9929c4f21189/org.slf4j_slf4j-api-2.0.7.jar
[2024-06-19T09:12:21.869+0000] {docker.py:413} INFO - 24/06/19 09:12:21 INFO SparkContext: Added file file:///opt/bitnami/spark/.ivy2/jars/org.apache.hadoop_hadoop-client-api-3.3.4.jar at file:///opt/bitnami/spark/.ivy2/jars/org.apache.hadoop_hadoop-client-api-3.3.4.jar with timestamp 1718788341410
[2024-06-19T09:12:21.869+0000] {docker.py:413} INFO - 24/06/19 09:12:21 INFO Utils: Copying /opt/bitnami/spark/.ivy2/jars/org.apache.hadoop_hadoop-client-api-3.3.4.jar to /tmp/spark-6a8eeb49-5dc3-4f10-9b74-ec198ac25b31/userFiles-f8d6489d-cde0-4d48-a717-9929c4f21189/org.apache.hadoop_hadoop-client-api-3.3.4.jar
[2024-06-19T09:12:21.884+0000] {docker.py:413} INFO - 24/06/19 09:12:21 INFO SparkContext: Added file file:///opt/bitnami/spark/.ivy2/jars/commons-logging_commons-logging-1.1.3.jar at file:///opt/bitnami/spark/.ivy2/jars/commons-logging_commons-logging-1.1.3.jar with timestamp 1718788341410
[2024-06-19T09:12:21.884+0000] {docker.py:413} INFO - 24/06/19 09:12:21 INFO Utils: Copying /opt/bitnami/spark/.ivy2/jars/commons-logging_commons-logging-1.1.3.jar to /tmp/spark-6a8eeb49-5dc3-4f10-9b74-ec198ac25b31/userFiles-f8d6489d-cde0-4d48-a717-9929c4f21189/commons-logging_commons-logging-1.1.3.jar
[2024-06-19T09:12:21.923+0000] {docker.py:413} INFO - 24/06/19 09:12:21 INFO Executor: Starting executor ID driver on host localhost
[2024-06-19T09:12:21.923+0000] {docker.py:413} INFO - 24/06/19 09:12:21 INFO Executor: OS info Linux, 6.6.12-linuxkit, aarch64
[2024-06-19T09:12:21.923+0000] {docker.py:413} INFO - 24/06/19 09:12:21 INFO Executor: Java version 17.0.10
[2024-06-19T09:12:21.926+0000] {docker.py:413} INFO - 24/06/19 09:12:21 INFO Executor: Starting executor with user classpath (userClassPathFirst = false): ''
[2024-06-19T09:12:21.926+0000] {docker.py:413} INFO - 24/06/19 09:12:21 INFO Executor: Created or updated repl class loader org.apache.spark.util.MutableURLClassLoader@2d722eb for default.
[2024-06-19T09:12:21.932+0000] {docker.py:413} INFO - 24/06/19 09:12:21 INFO Executor: Fetching file:///opt/bitnami/spark/.ivy2/jars/org.apache.spark_spark-token-provider-kafka-0-10_2.12-3.5.0.jar with timestamp 1718788341410
[2024-06-19T09:12:21.939+0000] {docker.py:413} INFO - 24/06/19 09:12:21 INFO Utils: /opt/bitnami/spark/.ivy2/jars/org.apache.spark_spark-token-provider-kafka-0-10_2.12-3.5.0.jar has been previously copied to /tmp/spark-6a8eeb49-5dc3-4f10-9b74-ec198ac25b31/userFiles-f8d6489d-cde0-4d48-a717-9929c4f21189/org.apache.spark_spark-token-provider-kafka-0-10_2.12-3.5.0.jar
[2024-06-19T09:12:21.941+0000] {docker.py:413} INFO - 24/06/19 09:12:21 INFO Executor: Fetching file:///opt/bitnami/spark/.ivy2/jars/org.apache.hadoop_hadoop-client-runtime-3.3.4.jar with timestamp 1718788341410
[2024-06-19T09:12:21.953+0000] {docker.py:413} INFO - 24/06/19 09:12:21 INFO Utils: /opt/bitnami/spark/.ivy2/jars/org.apache.hadoop_hadoop-client-runtime-3.3.4.jar has been previously copied to /tmp/spark-6a8eeb49-5dc3-4f10-9b74-ec198ac25b31/userFiles-f8d6489d-cde0-4d48-a717-9929c4f21189/org.apache.hadoop_hadoop-client-runtime-3.3.4.jar
[2024-06-19T09:12:21.956+0000] {docker.py:413} INFO - 24/06/19 09:12:21 INFO Executor: Fetching file:///opt/bitnami/spark/.ivy2/jars/org.apache.commons_commons-pool2-2.11.1.jar with timestamp 1718788341410
[2024-06-19T09:12:21.956+0000] {docker.py:413} INFO - 24/06/19 09:12:21 INFO Utils: /opt/bitnami/spark/.ivy2/jars/org.apache.commons_commons-pool2-2.11.1.jar has been previously copied to /tmp/spark-6a8eeb49-5dc3-4f10-9b74-ec198ac25b31/userFiles-f8d6489d-cde0-4d48-a717-9929c4f21189/org.apache.commons_commons-pool2-2.11.1.jar
[2024-06-19T09:12:21.957+0000] {docker.py:413} INFO - 24/06/19 09:12:21 INFO Executor: Fetching file:///opt/bitnami/spark/.ivy2/jars/org.postgresql_postgresql-42.5.4.jar with timestamp 1718788341410
[2024-06-19T09:12:21.958+0000] {docker.py:413} INFO - 24/06/19 09:12:21 INFO Utils: /opt/bitnami/spark/.ivy2/jars/org.postgresql_postgresql-42.5.4.jar has been previously copied to /tmp/spark-6a8eeb49-5dc3-4f10-9b74-ec198ac25b31/userFiles-f8d6489d-cde0-4d48-a717-9929c4f21189/org.postgresql_postgresql-42.5.4.jar
[2024-06-19T09:12:21.959+0000] {docker.py:413} INFO - 24/06/19 09:12:21 INFO Executor: Fetching file:///opt/bitnami/spark/.ivy2/jars/org.slf4j_slf4j-api-2.0.7.jar with timestamp 1718788341410
[2024-06-19T09:12:21.960+0000] {docker.py:413} INFO - 24/06/19 09:12:21 INFO Utils: /opt/bitnami/spark/.ivy2/jars/org.slf4j_slf4j-api-2.0.7.jar has been previously copied to /tmp/spark-6a8eeb49-5dc3-4f10-9b74-ec198ac25b31/userFiles-f8d6489d-cde0-4d48-a717-9929c4f21189/org.slf4j_slf4j-api-2.0.7.jar
[2024-06-19T09:12:21.961+0000] {docker.py:413} INFO - 24/06/19 09:12:21 INFO Executor: Fetching file:///opt/bitnami/spark/.ivy2/jars/org.apache.kafka_kafka-clients-3.4.1.jar with timestamp 1718788341410
[2024-06-19T09:12:21.963+0000] {docker.py:413} INFO - 24/06/19 09:12:21 INFO Utils: /opt/bitnami/spark/.ivy2/jars/org.apache.kafka_kafka-clients-3.4.1.jar has been previously copied to /tmp/spark-6a8eeb49-5dc3-4f10-9b74-ec198ac25b31/userFiles-f8d6489d-cde0-4d48-a717-9929c4f21189/org.apache.kafka_kafka-clients-3.4.1.jar
[2024-06-19T09:12:21.964+0000] {docker.py:413} INFO - 24/06/19 09:12:21 INFO Executor: Fetching file:///opt/bitnami/spark/.ivy2/jars/com.google.code.findbugs_jsr305-3.0.0.jar with timestamp 1718788341410
[2024-06-19T09:12:21.964+0000] {docker.py:413} INFO - 24/06/19 09:12:21 INFO Utils: /opt/bitnami/spark/.ivy2/jars/com.google.code.findbugs_jsr305-3.0.0.jar has been previously copied to /tmp/spark-6a8eeb49-5dc3-4f10-9b74-ec198ac25b31/userFiles-f8d6489d-cde0-4d48-a717-9929c4f21189/com.google.code.findbugs_jsr305-3.0.0.jar
[2024-06-19T09:12:21.965+0000] {docker.py:413} INFO - 24/06/19 09:12:21 INFO Executor: Fetching file:///opt/bitnami/spark/.ivy2/jars/org.lz4_lz4-java-1.8.0.jar with timestamp 1718788341410
[2024-06-19T09:12:21.966+0000] {docker.py:413} INFO - 24/06/19 09:12:21 INFO Utils: /opt/bitnami/spark/.ivy2/jars/org.lz4_lz4-java-1.8.0.jar has been previously copied to /tmp/spark-6a8eeb49-5dc3-4f10-9b74-ec198ac25b31/userFiles-f8d6489d-cde0-4d48-a717-9929c4f21189/org.lz4_lz4-java-1.8.0.jar
[2024-06-19T09:12:21.970+0000] {docker.py:413} INFO - 24/06/19 09:12:21 INFO Executor: Fetching file:///opt/bitnami/spark/.ivy2/jars/org.apache.spark_spark-sql-kafka-0-10_2.12-3.5.0.jar with timestamp 1718788341410
[2024-06-19T09:12:21.973+0000] {docker.py:413} INFO - 24/06/19 09:12:21 INFO Utils: /opt/bitnami/spark/.ivy2/jars/org.apache.spark_spark-sql-kafka-0-10_2.12-3.5.0.jar has been previously copied to /tmp/spark-6a8eeb49-5dc3-4f10-9b74-ec198ac25b31/userFiles-f8d6489d-cde0-4d48-a717-9929c4f21189/org.apache.spark_spark-sql-kafka-0-10_2.12-3.5.0.jar
[2024-06-19T09:12:21.973+0000] {docker.py:413} INFO - 24/06/19 09:12:21 INFO Executor: Fetching file:///opt/bitnami/spark/.ivy2/jars/org.apache.hadoop_hadoop-client-api-3.3.4.jar with timestamp 1718788341410
[2024-06-19T09:12:21.977+0000] {docker.py:413} INFO - 24/06/19 09:12:21 INFO Utils: /opt/bitnami/spark/.ivy2/jars/org.apache.hadoop_hadoop-client-api-3.3.4.jar has been previously copied to /tmp/spark-6a8eeb49-5dc3-4f10-9b74-ec198ac25b31/userFiles-f8d6489d-cde0-4d48-a717-9929c4f21189/org.apache.hadoop_hadoop-client-api-3.3.4.jar
[2024-06-19T09:12:21.979+0000] {docker.py:413} INFO - 24/06/19 09:12:21 INFO Executor: Fetching file:///opt/bitnami/spark/.ivy2/jars/commons-logging_commons-logging-1.1.3.jar with timestamp 1718788341410
[2024-06-19T09:12:21.979+0000] {docker.py:413} INFO - 24/06/19 09:12:21 INFO Utils: /opt/bitnami/spark/.ivy2/jars/commons-logging_commons-logging-1.1.3.jar has been previously copied to /tmp/spark-6a8eeb49-5dc3-4f10-9b74-ec198ac25b31/userFiles-f8d6489d-cde0-4d48-a717-9929c4f21189/commons-logging_commons-logging-1.1.3.jar
[2024-06-19T09:12:21.980+0000] {docker.py:413} INFO - 24/06/19 09:12:21 INFO Executor: Fetching file:///opt/bitnami/spark/.ivy2/jars/org.checkerframework_checker-qual-3.5.0.jar with timestamp 1718788341410
[2024-06-19T09:12:21.981+0000] {docker.py:413} INFO - 24/06/19 09:12:21 INFO Utils: /opt/bitnami/spark/.ivy2/jars/org.checkerframework_checker-qual-3.5.0.jar has been previously copied to /tmp/spark-6a8eeb49-5dc3-4f10-9b74-ec198ac25b31/userFiles-f8d6489d-cde0-4d48-a717-9929c4f21189/org.checkerframework_checker-qual-3.5.0.jar
[2024-06-19T09:12:21.982+0000] {docker.py:413} INFO - 24/06/19 09:12:21 INFO Executor: Fetching file:///opt/bitnami/spark/.ivy2/jars/org.xerial.snappy_snappy-java-1.1.10.3.jar with timestamp 1718788341410
[2024-06-19T09:12:21.983+0000] {docker.py:413} INFO - 24/06/19 09:12:21 INFO Utils: /opt/bitnami/spark/.ivy2/jars/org.xerial.snappy_snappy-java-1.1.10.3.jar has been previously copied to /tmp/spark-6a8eeb49-5dc3-4f10-9b74-ec198ac25b31/userFiles-f8d6489d-cde0-4d48-a717-9929c4f21189/org.xerial.snappy_snappy-java-1.1.10.3.jar
[2024-06-19T09:12:21.985+0000] {docker.py:413} INFO - 24/06/19 09:12:21 INFO Executor: Fetching spark://localhost:32839/jars/org.apache.spark_spark-token-provider-kafka-0-10_2.12-3.5.0.jar with timestamp 1718788341410
[2024-06-19T09:12:22.003+0000] {docker.py:413} INFO - 24/06/19 09:12:22 INFO TransportClientFactory: Successfully created connection to localhost/127.0.0.1:32839 after 11 ms (0 ms spent in bootstraps)
[2024-06-19T09:12:22.005+0000] {docker.py:413} INFO - 24/06/19 09:12:22 INFO Utils: Fetching spark://localhost:32839/jars/org.apache.spark_spark-token-provider-kafka-0-10_2.12-3.5.0.jar to /tmp/spark-6a8eeb49-5dc3-4f10-9b74-ec198ac25b31/userFiles-f8d6489d-cde0-4d48-a717-9929c4f21189/fetchFileTemp4740847718924138673.tmp
[2024-06-19T09:12:22.017+0000] {docker.py:413} INFO - 24/06/19 09:12:22 INFO Utils: /tmp/spark-6a8eeb49-5dc3-4f10-9b74-ec198ac25b31/userFiles-f8d6489d-cde0-4d48-a717-9929c4f21189/fetchFileTemp4740847718924138673.tmp has been previously copied to /tmp/spark-6a8eeb49-5dc3-4f10-9b74-ec198ac25b31/userFiles-f8d6489d-cde0-4d48-a717-9929c4f21189/org.apache.spark_spark-token-provider-kafka-0-10_2.12-3.5.0.jar
[2024-06-19T09:12:22.018+0000] {docker.py:413} INFO - 24/06/19 09:12:22 INFO Executor: Adding file:/tmp/spark-6a8eeb49-5dc3-4f10-9b74-ec198ac25b31/userFiles-f8d6489d-cde0-4d48-a717-9929c4f21189/org.apache.spark_spark-token-provider-kafka-0-10_2.12-3.5.0.jar to class loader default
24/06/19 09:12:22 INFO Executor: Fetching spark://localhost:32839/jars/commons-logging_commons-logging-1.1.3.jar with timestamp 1718788341410
[2024-06-19T09:12:22.019+0000] {docker.py:413} INFO - 24/06/19 09:12:22 INFO Utils: Fetching spark://localhost:32839/jars/commons-logging_commons-logging-1.1.3.jar to /tmp/spark-6a8eeb49-5dc3-4f10-9b74-ec198ac25b31/userFiles-f8d6489d-cde0-4d48-a717-9929c4f21189/fetchFileTemp10403952802283181283.tmp
[2024-06-19T09:12:22.020+0000] {docker.py:413} INFO - 24/06/19 09:12:22 INFO Utils: /tmp/spark-6a8eeb49-5dc3-4f10-9b74-ec198ac25b31/userFiles-f8d6489d-cde0-4d48-a717-9929c4f21189/fetchFileTemp10403952802283181283.tmp has been previously copied to /tmp/spark-6a8eeb49-5dc3-4f10-9b74-ec198ac25b31/userFiles-f8d6489d-cde0-4d48-a717-9929c4f21189/commons-logging_commons-logging-1.1.3.jar
[2024-06-19T09:12:22.022+0000] {docker.py:413} INFO - 24/06/19 09:12:22 INFO Executor: Adding file:/tmp/spark-6a8eeb49-5dc3-4f10-9b74-ec198ac25b31/userFiles-f8d6489d-cde0-4d48-a717-9929c4f21189/commons-logging_commons-logging-1.1.3.jar to class loader default
[2024-06-19T09:12:22.023+0000] {docker.py:413} INFO - 24/06/19 09:12:22 INFO Executor: Fetching spark://localhost:32839/jars/org.slf4j_slf4j-api-2.0.7.jar with timestamp 1718788341410
[2024-06-19T09:12:22.023+0000] {docker.py:413} INFO - 24/06/19 09:12:22 INFO Utils: Fetching spark://localhost:32839/jars/org.slf4j_slf4j-api-2.0.7.jar to /tmp/spark-6a8eeb49-5dc3-4f10-9b74-ec198ac25b31/userFiles-f8d6489d-cde0-4d48-a717-9929c4f21189/fetchFileTemp5992348426700992421.tmp
[2024-06-19T09:12:22.023+0000] {docker.py:413} INFO - 24/06/19 09:12:22 INFO Utils: /tmp/spark-6a8eeb49-5dc3-4f10-9b74-ec198ac25b31/userFiles-f8d6489d-cde0-4d48-a717-9929c4f21189/fetchFileTemp5992348426700992421.tmp has been previously copied to /tmp/spark-6a8eeb49-5dc3-4f10-9b74-ec198ac25b31/userFiles-f8d6489d-cde0-4d48-a717-9929c4f21189/org.slf4j_slf4j-api-2.0.7.jar
[2024-06-19T09:12:22.025+0000] {docker.py:413} INFO - 24/06/19 09:12:22 INFO Executor: Adding file:/tmp/spark-6a8eeb49-5dc3-4f10-9b74-ec198ac25b31/userFiles-f8d6489d-cde0-4d48-a717-9929c4f21189/org.slf4j_slf4j-api-2.0.7.jar to class loader default
[2024-06-19T09:12:22.026+0000] {docker.py:413} INFO - 24/06/19 09:12:22 INFO Executor: Fetching spark://localhost:32839/jars/org.postgresql_postgresql-42.5.4.jar with timestamp 1718788341410
[2024-06-19T09:12:22.027+0000] {docker.py:413} INFO - 24/06/19 09:12:22 INFO Utils: Fetching spark://localhost:32839/jars/org.postgresql_postgresql-42.5.4.jar to /tmp/spark-6a8eeb49-5dc3-4f10-9b74-ec198ac25b31/userFiles-f8d6489d-cde0-4d48-a717-9929c4f21189/fetchFileTemp3878107518553368070.tmp
[2024-06-19T09:12:22.029+0000] {docker.py:413} INFO - 24/06/19 09:12:22 INFO Utils: /tmp/spark-6a8eeb49-5dc3-4f10-9b74-ec198ac25b31/userFiles-f8d6489d-cde0-4d48-a717-9929c4f21189/fetchFileTemp3878107518553368070.tmp has been previously copied to /tmp/spark-6a8eeb49-5dc3-4f10-9b74-ec198ac25b31/userFiles-f8d6489d-cde0-4d48-a717-9929c4f21189/org.postgresql_postgresql-42.5.4.jar
[2024-06-19T09:12:22.031+0000] {docker.py:413} INFO - 24/06/19 09:12:22 INFO Executor: Adding file:/tmp/spark-6a8eeb49-5dc3-4f10-9b74-ec198ac25b31/userFiles-f8d6489d-cde0-4d48-a717-9929c4f21189/org.postgresql_postgresql-42.5.4.jar to class loader default
[2024-06-19T09:12:22.031+0000] {docker.py:413} INFO - 24/06/19 09:12:22 INFO Executor: Fetching spark://localhost:32839/jars/org.apache.commons_commons-pool2-2.11.1.jar with timestamp 1718788341410
[2024-06-19T09:12:22.032+0000] {docker.py:413} INFO - 24/06/19 09:12:22 INFO Utils: Fetching spark://localhost:32839/jars/org.apache.commons_commons-pool2-2.11.1.jar to /tmp/spark-6a8eeb49-5dc3-4f10-9b74-ec198ac25b31/userFiles-f8d6489d-cde0-4d48-a717-9929c4f21189/fetchFileTemp1089100201583844236.tmp
[2024-06-19T09:12:22.032+0000] {docker.py:413} INFO - 24/06/19 09:12:22 INFO Utils: /tmp/spark-6a8eeb49-5dc3-4f10-9b74-ec198ac25b31/userFiles-f8d6489d-cde0-4d48-a717-9929c4f21189/fetchFileTemp1089100201583844236.tmp has been previously copied to /tmp/spark-6a8eeb49-5dc3-4f10-9b74-ec198ac25b31/userFiles-f8d6489d-cde0-4d48-a717-9929c4f21189/org.apache.commons_commons-pool2-2.11.1.jar
[2024-06-19T09:12:22.035+0000] {docker.py:413} INFO - 24/06/19 09:12:22 INFO Executor: Adding file:/tmp/spark-6a8eeb49-5dc3-4f10-9b74-ec198ac25b31/userFiles-f8d6489d-cde0-4d48-a717-9929c4f21189/org.apache.commons_commons-pool2-2.11.1.jar to class loader default
[2024-06-19T09:12:22.035+0000] {docker.py:413} INFO - 24/06/19 09:12:22 INFO Executor: Fetching spark://localhost:32839/jars/org.apache.kafka_kafka-clients-3.4.1.jar with timestamp 1718788341410
[2024-06-19T09:12:22.036+0000] {docker.py:413} INFO - 24/06/19 09:12:22 INFO Utils: Fetching spark://localhost:32839/jars/org.apache.kafka_kafka-clients-3.4.1.jar to /tmp/spark-6a8eeb49-5dc3-4f10-9b74-ec198ac25b31/userFiles-f8d6489d-cde0-4d48-a717-9929c4f21189/fetchFileTemp2675090405180550941.tmp
[2024-06-19T09:12:22.074+0000] {docker.py:413} INFO - 24/06/19 09:12:22 INFO Utils: /tmp/spark-6a8eeb49-5dc3-4f10-9b74-ec198ac25b31/userFiles-f8d6489d-cde0-4d48-a717-9929c4f21189/fetchFileTemp2675090405180550941.tmp has been previously copied to /tmp/spark-6a8eeb49-5dc3-4f10-9b74-ec198ac25b31/userFiles-f8d6489d-cde0-4d48-a717-9929c4f21189/org.apache.kafka_kafka-clients-3.4.1.jar
[2024-06-19T09:12:22.077+0000] {docker.py:413} INFO - 24/06/19 09:12:22 INFO Executor: Adding file:/tmp/spark-6a8eeb49-5dc3-4f10-9b74-ec198ac25b31/userFiles-f8d6489d-cde0-4d48-a717-9929c4f21189/org.apache.kafka_kafka-clients-3.4.1.jar to class loader default
[2024-06-19T09:12:22.079+0000] {docker.py:413} INFO - 24/06/19 09:12:22 INFO Executor: Fetching spark://localhost:32839/jars/org.apache.hadoop_hadoop-client-api-3.3.4.jar with timestamp 1718788341410
[2024-06-19T09:12:22.080+0000] {docker.py:413} INFO - 24/06/19 09:12:22 INFO Utils: Fetching spark://localhost:32839/jars/org.apache.hadoop_hadoop-client-api-3.3.4.jar to /tmp/spark-6a8eeb49-5dc3-4f10-9b74-ec198ac25b31/userFiles-f8d6489d-cde0-4d48-a717-9929c4f21189/fetchFileTemp13536889958299893530.tmp
[2024-06-19T09:12:22.141+0000] {docker.py:413} INFO - 24/06/19 09:12:22 INFO Utils: /tmp/spark-6a8eeb49-5dc3-4f10-9b74-ec198ac25b31/userFiles-f8d6489d-cde0-4d48-a717-9929c4f21189/fetchFileTemp13536889958299893530.tmp has been previously copied to /tmp/spark-6a8eeb49-5dc3-4f10-9b74-ec198ac25b31/userFiles-f8d6489d-cde0-4d48-a717-9929c4f21189/org.apache.hadoop_hadoop-client-api-3.3.4.jar
[2024-06-19T09:12:22.144+0000] {docker.py:413} INFO - 24/06/19 09:12:22 INFO Executor: Adding file:/tmp/spark-6a8eeb49-5dc3-4f10-9b74-ec198ac25b31/userFiles-f8d6489d-cde0-4d48-a717-9929c4f21189/org.apache.hadoop_hadoop-client-api-3.3.4.jar to class loader default
[2024-06-19T09:12:22.147+0000] {docker.py:413} INFO - 24/06/19 09:12:22 INFO Executor: Fetching spark://localhost:32839/jars/org.xerial.snappy_snappy-java-1.1.10.3.jar with timestamp 1718788341410
[2024-06-19T09:12:22.148+0000] {docker.py:413} INFO - 24/06/19 09:12:22 INFO Utils: Fetching spark://localhost:32839/jars/org.xerial.snappy_snappy-java-1.1.10.3.jar to /tmp/spark-6a8eeb49-5dc3-4f10-9b74-ec198ac25b31/userFiles-f8d6489d-cde0-4d48-a717-9929c4f21189/fetchFileTemp11126167253662044115.tmp
[2024-06-19T09:12:22.153+0000] {docker.py:413} INFO - 24/06/19 09:12:22 INFO Utils: /tmp/spark-6a8eeb49-5dc3-4f10-9b74-ec198ac25b31/userFiles-f8d6489d-cde0-4d48-a717-9929c4f21189/fetchFileTemp11126167253662044115.tmp has been previously copied to /tmp/spark-6a8eeb49-5dc3-4f10-9b74-ec198ac25b31/userFiles-f8d6489d-cde0-4d48-a717-9929c4f21189/org.xerial.snappy_snappy-java-1.1.10.3.jar
[2024-06-19T09:12:22.158+0000] {docker.py:413} INFO - 24/06/19 09:12:22 INFO Executor: Adding file:/tmp/spark-6a8eeb49-5dc3-4f10-9b74-ec198ac25b31/userFiles-f8d6489d-cde0-4d48-a717-9929c4f21189/org.xerial.snappy_snappy-java-1.1.10.3.jar to class loader default
24/06/19 09:12:22 INFO Executor: Fetching spark://localhost:32839/jars/com.google.code.findbugs_jsr305-3.0.0.jar with timestamp 1718788341410
[2024-06-19T09:12:22.160+0000] {docker.py:413} INFO - 24/06/19 09:12:22 INFO Utils: Fetching spark://localhost:32839/jars/com.google.code.findbugs_jsr305-3.0.0.jar to /tmp/spark-6a8eeb49-5dc3-4f10-9b74-ec198ac25b31/userFiles-f8d6489d-cde0-4d48-a717-9929c4f21189/fetchFileTemp3290896773974403668.tmp
[2024-06-19T09:12:22.161+0000] {docker.py:413} INFO - 24/06/19 09:12:22 INFO Utils: /tmp/spark-6a8eeb49-5dc3-4f10-9b74-ec198ac25b31/userFiles-f8d6489d-cde0-4d48-a717-9929c4f21189/fetchFileTemp3290896773974403668.tmp has been previously copied to /tmp/spark-6a8eeb49-5dc3-4f10-9b74-ec198ac25b31/userFiles-f8d6489d-cde0-4d48-a717-9929c4f21189/com.google.code.findbugs_jsr305-3.0.0.jar
[2024-06-19T09:12:22.163+0000] {docker.py:413} INFO - 24/06/19 09:12:22 INFO Executor: Adding file:/tmp/spark-6a8eeb49-5dc3-4f10-9b74-ec198ac25b31/userFiles-f8d6489d-cde0-4d48-a717-9929c4f21189/com.google.code.findbugs_jsr305-3.0.0.jar to class loader default
24/06/19 09:12:22 INFO Executor: Fetching spark://localhost:32839/jars/org.apache.hadoop_hadoop-client-runtime-3.3.4.jar with timestamp 1718788341410
[2024-06-19T09:12:22.164+0000] {docker.py:413} INFO - 24/06/19 09:12:22 INFO Utils: Fetching spark://localhost:32839/jars/org.apache.hadoop_hadoop-client-runtime-3.3.4.jar to /tmp/spark-6a8eeb49-5dc3-4f10-9b74-ec198ac25b31/userFiles-f8d6489d-cde0-4d48-a717-9929c4f21189/fetchFileTemp7140436603345966956.tmp
[2024-06-19T09:12:22.225+0000] {docker.py:413} INFO - 24/06/19 09:12:22 INFO Utils: /tmp/spark-6a8eeb49-5dc3-4f10-9b74-ec198ac25b31/userFiles-f8d6489d-cde0-4d48-a717-9929c4f21189/fetchFileTemp7140436603345966956.tmp has been previously copied to /tmp/spark-6a8eeb49-5dc3-4f10-9b74-ec198ac25b31/userFiles-f8d6489d-cde0-4d48-a717-9929c4f21189/org.apache.hadoop_hadoop-client-runtime-3.3.4.jar
[2024-06-19T09:12:22.228+0000] {docker.py:413} INFO - 24/06/19 09:12:22 INFO Executor: Adding file:/tmp/spark-6a8eeb49-5dc3-4f10-9b74-ec198ac25b31/userFiles-f8d6489d-cde0-4d48-a717-9929c4f21189/org.apache.hadoop_hadoop-client-runtime-3.3.4.jar to class loader default
[2024-06-19T09:12:22.228+0000] {docker.py:413} INFO - 24/06/19 09:12:22 INFO Executor: Fetching spark://localhost:32839/jars/org.checkerframework_checker-qual-3.5.0.jar with timestamp 1718788341410
[2024-06-19T09:12:22.228+0000] {docker.py:413} INFO - 24/06/19 09:12:22 INFO Utils: Fetching spark://localhost:32839/jars/org.checkerframework_checker-qual-3.5.0.jar to /tmp/spark-6a8eeb49-5dc3-4f10-9b74-ec198ac25b31/userFiles-f8d6489d-cde0-4d48-a717-9929c4f21189/fetchFileTemp18380353333128553707.tmp
[2024-06-19T09:12:22.229+0000] {docker.py:413} INFO - 24/06/19 09:12:22 INFO Utils: /tmp/spark-6a8eeb49-5dc3-4f10-9b74-ec198ac25b31/userFiles-f8d6489d-cde0-4d48-a717-9929c4f21189/fetchFileTemp18380353333128553707.tmp has been previously copied to /tmp/spark-6a8eeb49-5dc3-4f10-9b74-ec198ac25b31/userFiles-f8d6489d-cde0-4d48-a717-9929c4f21189/org.checkerframework_checker-qual-3.5.0.jar
[2024-06-19T09:12:22.231+0000] {docker.py:413} INFO - 24/06/19 09:12:22 INFO Executor: Adding file:/tmp/spark-6a8eeb49-5dc3-4f10-9b74-ec198ac25b31/userFiles-f8d6489d-cde0-4d48-a717-9929c4f21189/org.checkerframework_checker-qual-3.5.0.jar to class loader default
24/06/19 09:12:22 INFO Executor: Fetching spark://localhost:32839/jars/org.lz4_lz4-java-1.8.0.jar with timestamp 1718788341410
[2024-06-19T09:12:22.232+0000] {docker.py:413} INFO - 24/06/19 09:12:22 INFO Utils: Fetching spark://localhost:32839/jars/org.lz4_lz4-java-1.8.0.jar to /tmp/spark-6a8eeb49-5dc3-4f10-9b74-ec198ac25b31/userFiles-f8d6489d-cde0-4d48-a717-9929c4f21189/fetchFileTemp15618671833128757625.tmp
[2024-06-19T09:12:22.232+0000] {docker.py:413} INFO - 24/06/19 09:12:22 INFO Utils: /tmp/spark-6a8eeb49-5dc3-4f10-9b74-ec198ac25b31/userFiles-f8d6489d-cde0-4d48-a717-9929c4f21189/fetchFileTemp15618671833128757625.tmp has been previously copied to /tmp/spark-6a8eeb49-5dc3-4f10-9b74-ec198ac25b31/userFiles-f8d6489d-cde0-4d48-a717-9929c4f21189/org.lz4_lz4-java-1.8.0.jar
[2024-06-19T09:12:22.234+0000] {docker.py:413} INFO - 24/06/19 09:12:22 INFO Executor: Adding file:/tmp/spark-6a8eeb49-5dc3-4f10-9b74-ec198ac25b31/userFiles-f8d6489d-cde0-4d48-a717-9929c4f21189/org.lz4_lz4-java-1.8.0.jar to class loader default
[2024-06-19T09:12:22.234+0000] {docker.py:413} INFO - 24/06/19 09:12:22 INFO Executor: Fetching spark://localhost:32839/jars/org.apache.spark_spark-sql-kafka-0-10_2.12-3.5.0.jar with timestamp 1718788341410
[2024-06-19T09:12:22.234+0000] {docker.py:413} INFO - 24/06/19 09:12:22 INFO Utils: Fetching spark://localhost:32839/jars/org.apache.spark_spark-sql-kafka-0-10_2.12-3.5.0.jar to /tmp/spark-6a8eeb49-5dc3-4f10-9b74-ec198ac25b31/userFiles-f8d6489d-cde0-4d48-a717-9929c4f21189/fetchFileTemp592385351945031429.tmp
[2024-06-19T09:12:22.235+0000] {docker.py:413} INFO - 24/06/19 09:12:22 INFO Utils: /tmp/spark-6a8eeb49-5dc3-4f10-9b74-ec198ac25b31/userFiles-f8d6489d-cde0-4d48-a717-9929c4f21189/fetchFileTemp592385351945031429.tmp has been previously copied to /tmp/spark-6a8eeb49-5dc3-4f10-9b74-ec198ac25b31/userFiles-f8d6489d-cde0-4d48-a717-9929c4f21189/org.apache.spark_spark-sql-kafka-0-10_2.12-3.5.0.jar
[2024-06-19T09:12:22.237+0000] {docker.py:413} INFO - 24/06/19 09:12:22 INFO Executor: Adding file:/tmp/spark-6a8eeb49-5dc3-4f10-9b74-ec198ac25b31/userFiles-f8d6489d-cde0-4d48-a717-9929c4f21189/org.apache.spark_spark-sql-kafka-0-10_2.12-3.5.0.jar to class loader default
[2024-06-19T09:12:22.241+0000] {docker.py:413} INFO - 24/06/19 09:12:22 INFO Utils: Successfully started service 'org.apache.spark.network.netty.NettyBlockTransferService' on port 45533.
[2024-06-19T09:12:22.242+0000] {docker.py:413} INFO - 24/06/19 09:12:22 INFO NettyBlockTransferService: Server created on localhost:45533
[2024-06-19T09:12:22.242+0000] {docker.py:413} INFO - 24/06/19 09:12:22 INFO BlockManager: Using org.apache.spark.storage.RandomBlockReplicationPolicy for block replication policy
[2024-06-19T09:12:22.246+0000] {docker.py:413} INFO - 24/06/19 09:12:22 INFO BlockManagerMaster: Registering BlockManager BlockManagerId(driver, localhost, 45533, None)
[2024-06-19T09:12:22.247+0000] {docker.py:413} INFO - 24/06/19 09:12:22 INFO BlockManagerMasterEndpoint: Registering block manager localhost:45533 with 434.4 MiB RAM, BlockManagerId(driver, localhost, 45533, None)
[2024-06-19T09:12:22.248+0000] {docker.py:413} INFO - 24/06/19 09:12:22 INFO BlockManagerMaster: Registered BlockManager BlockManagerId(driver, localhost, 45533, None)
[2024-06-19T09:12:22.249+0000] {docker.py:413} INFO - 24/06/19 09:12:22 INFO BlockManager: Initialized BlockManager: BlockManagerId(driver, localhost, 45533, None)
[2024-06-19T09:12:22.435+0000] {docker.py:413} INFO - 2024-06-19 09:12:22,434:create_spark_session:INFO:Spark session created successfully
[2024-06-19T09:12:22.438+0000] {docker.py:413} INFO - 24/06/19 09:12:22 INFO SharedState: Setting hive.metastore.warehouse.dir ('null') to the value of spark.sql.warehouse.dir.
[2024-06-19T09:12:22.439+0000] {docker.py:413} INFO - 24/06/19 09:12:22 INFO SharedState: Warehouse path is 'file:/opt/bitnami/spark/spark-warehouse'.
[2024-06-19T09:12:23.092+0000] {docker.py:413} INFO - 2024-06-19 09:12:23,091:create_initial_dataframe:INFO:Initial dataframe created successfully
[2024-06-19T09:12:23.101+0000] {docker.py:413} INFO - 2024-06-19 09:12:23,100:create_initial_dataframe:INFO:Initial dataframe created successfully
[2024-06-19T09:12:23.109+0000] {docker.py:413} INFO - 2024-06-19 09:12:23,108:create_initial_dataframe:INFO:Initial dataframe created successfully
[2024-06-19T09:12:23.313+0000] {docker.py:413} INFO - 24/06/19 09:12:23 WARN SparkStringUtils: Truncated the string representation of a plan since it was too large. This behavior can be adjusted by setting 'spark.sql.debug.maxToStringFields'.
[2024-06-19T09:12:23.431+0000] {docker.py:413} INFO - 2024-06-19 09:12:23,429:start_streaming:INFO:Start streaming into {keys}
[2024-06-19T09:12:23.601+0000] {docker.py:413} INFO - Traceback (most recent call last):
  File "/opt/bitnami/spark/spark_streaming.py", line 153, in <module>
    write_to_postgres()
  File "/opt/bitnami/spark/spark_streaming.py", line 149, in write_to_postgres
[2024-06-19T09:12:23.602+0000] {docker.py:413} INFO - start_streaming(df_final, spark=spark)
  File "/opt/bitnami/spark/spark_streaming.py", line 137, in start_streaming
    query = df.write.jdbc(
            ^^^^^^^^
  File "/opt/bitnami/spark/python/lib/pyspark.zip/pyspark/sql/dataframe.py", line 509, in write
[2024-06-19T09:12:23.602+0000] {docker.py:413} INFO - File "/opt/bitnami/spark/python/lib/pyspark.zip/pyspark/sql/readwriter.py", line 964, in __init__
  File "/opt/bitnami/spark/python/lib/py4j-0.10.9.7-src.zip/py4j/java_gateway.py", line 1322, in __call__
[2024-06-19T09:12:23.602+0000] {docker.py:413} INFO - File "/opt/bitnami/spark/python/lib/pyspark.zip/pyspark/errors/exceptions/captured.py", line 185, in deco
[2024-06-19T09:12:23.603+0000] {docker.py:413} INFO - pyspark.errors.exceptions.captured.AnalysisException
[2024-06-19T09:12:23.605+0000] {docker.py:413} INFO - : [CALL_ON_STREAMING_DATASET_UNSUPPORTED] The method `write` can not be called on streaming Dataset/DataFrame.
[2024-06-19T09:12:23.605+0000] {docker.py:413} INFO - 2024-06-19 09:12:23,604:close:INFO:Closing down clientserver connection
[2024-06-19T09:12:23.623+0000] {docker.py:413} INFO - 24/06/19 09:12:23 INFO SparkContext: Invoking stop() from shutdown hook
[2024-06-19T09:12:23.623+0000] {docker.py:413} INFO - 24/06/19 09:12:23 INFO SparkContext: SparkContext is stopping with exitCode 0.
[2024-06-19T09:12:23.628+0000] {docker.py:413} INFO - 24/06/19 09:12:23 INFO SparkUI: Stopped Spark web UI at http://localhost:4040
[2024-06-19T09:12:23.633+0000] {docker.py:413} INFO - 24/06/19 09:12:23 INFO MapOutputTrackerMasterEndpoint: MapOutputTrackerMasterEndpoint stopped!
[2024-06-19T09:12:23.640+0000] {docker.py:413} INFO - 24/06/19 09:12:23 INFO MemoryStore: MemoryStore cleared
[2024-06-19T09:12:23.640+0000] {docker.py:413} INFO - 24/06/19 09:12:23 INFO BlockManager: BlockManager stopped
[2024-06-19T09:12:23.643+0000] {docker.py:413} INFO - 24/06/19 09:12:23 INFO BlockManagerMaster: BlockManagerMaster stopped
[2024-06-19T09:12:23.645+0000] {docker.py:413} INFO - 24/06/19 09:12:23 INFO OutputCommitCoordinator$OutputCommitCoordinatorEndpoint: OutputCommitCoordinator stopped!
[2024-06-19T09:12:23.653+0000] {docker.py:413} INFO - 24/06/19 09:12:23 INFO SparkContext: Successfully stopped SparkContext
[2024-06-19T09:12:23.653+0000] {docker.py:413} INFO - 24/06/19 09:12:23 INFO ShutdownHookManager: Shutdown hook called
[2024-06-19T09:12:23.654+0000] {docker.py:413} INFO - 24/06/19 09:12:23 INFO ShutdownHookManager: Deleting directory /tmp/spark-7daeb1b1-e53d-443a-a5a6-23ec49f6ae79
[2024-06-19T09:12:23.656+0000] {docker.py:413} INFO - 24/06/19 09:12:23 INFO ShutdownHookManager: Deleting directory /tmp/spark-6a8eeb49-5dc3-4f10-9b74-ec198ac25b31/pyspark-419ea3eb-0e7d-4a46-aea0-febd130c815f
[2024-06-19T09:12:23.657+0000] {docker.py:413} INFO - 24/06/19 09:12:23 INFO ShutdownHookManager: Deleting directory /tmp/spark-6a8eeb49-5dc3-4f10-9b74-ec198ac25b31
[2024-06-19T09:12:23.927+0000] {taskinstance.py:1937} ERROR - Task failed with exception
Traceback (most recent call last):
  File "/home/airflow/.local/lib/python3.8/site-packages/docker/api/client.py", line 268, in _raise_for_status
    response.raise_for_status()
  File "/home/airflow/.local/lib/python3.8/site-packages/requests/models.py", line 1021, in raise_for_status
    raise HTTPError(http_error_msg, response=self)
requests.exceptions.HTTPError: 400 Client Error: Bad Request for url: http://docker-proxy:2375/v1.44/containers/create

The above exception was the direct cause of the following exception:

Traceback (most recent call last):
  File "/home/airflow/.local/lib/python3.8/site-packages/airflow/providers/docker/operators/docker.py", line 348, in _run_image
    return self._run_image_with_mounts([*self.mounts, tmp_mount], add_tmp_variable=True)
  File "/home/airflow/.local/lib/python3.8/site-packages/airflow/providers/docker/operators/docker.py", line 375, in _run_image_with_mounts
    self.container = self.cli.create_container(
  File "/home/airflow/.local/lib/python3.8/site-packages/docker/api/container.py", line 431, in create_container
    return self.create_container_from_config(config, name, platform)
  File "/home/airflow/.local/lib/python3.8/site-packages/docker/api/container.py", line 448, in create_container_from_config
    return self._result(res, True)
  File "/home/airflow/.local/lib/python3.8/site-packages/docker/api/client.py", line 274, in _result
    self._raise_for_status(response)
  File "/home/airflow/.local/lib/python3.8/site-packages/docker/api/client.py", line 270, in _raise_for_status
    raise create_api_error_from_http_exception(e) from e
  File "/home/airflow/.local/lib/python3.8/site-packages/docker/errors.py", line 39, in create_api_error_from_http_exception
    raise cls(e, response=response, explanation=explanation) from e
docker.errors.APIError: 400 Client Error for http://docker-proxy:2375/v1.44/containers/create: Bad Request ("invalid mount config for type "bind": bind source path does not exist: /host_mnt/private/tmp/airflowtmpphx3107o")

During handling of the above exception, another exception occurred:

Traceback (most recent call last):
  File "/home/airflow/.local/lib/python3.8/site-packages/airflow/providers/docker/operators/docker.py", line 486, in execute
    return self._run_image()
  File "/home/airflow/.local/lib/python3.8/site-packages/airflow/providers/docker/operators/docker.py", line 357, in _run_image
    return self._run_image_with_mounts(self.mounts, add_tmp_variable=False)
  File "/home/airflow/.local/lib/python3.8/site-packages/airflow/providers/docker/operators/docker.py", line 421, in _run_image_with_mounts
    raise DockerContainerFailedException(f"Docker container failed: {result!r}", logs=log_lines)
airflow.providers.docker.exceptions.DockerContainerFailedException: Docker container failed: {'StatusCode': 1}
[2024-06-19T09:12:23.939+0000] {taskinstance.py:1400} INFO - Marking task as UP_FOR_RETRY. dag_id=kafka_spark_dag, task_id=pyspark_consumer, execution_date=20240619T090638, start_date=20240619T091142, end_date=20240619T091223
[2024-06-19T09:12:23.969+0000] {standard_task_runner.py:104} ERROR - Failed to execute job 129 for task pyspark_consumer (Docker container failed: {'StatusCode': 1}; 7783)
[2024-06-19T09:12:23.995+0000] {local_task_job_runner.py:228} INFO - Task exited with return code 1
[2024-06-19T09:12:24.011+0000] {taskinstance.py:2778} INFO - 0 downstream tasks scheduled from follow-on schedule check
