[2024-06-19T09:12:30.657+0000] {taskinstance.py:1159} INFO - Dependencies all met for dep_context=non-requeueable deps ti=<TaskInstance: kafka_spark_dag.pyspark_consumer scheduled__2024-06-19T09:06:38.394942+00:00 [queued]>
[2024-06-19T09:12:30.660+0000] {taskinstance.py:1159} INFO - Dependencies all met for dep_context=requeueable deps ti=<TaskInstance: kafka_spark_dag.pyspark_consumer scheduled__2024-06-19T09:06:38.394942+00:00 [queued]>
[2024-06-19T09:12:30.661+0000] {taskinstance.py:1361} INFO - Starting attempt 2 of 2
[2024-06-19T09:12:30.666+0000] {taskinstance.py:1382} INFO - Executing <Task(DockerOperator): pyspark_consumer> on 2024-06-19 09:06:38.394942+00:00
[2024-06-19T09:12:30.670+0000] {standard_task_runner.py:57} INFO - Started process 8233 to run task
[2024-06-19T09:12:30.672+0000] {standard_task_runner.py:84} INFO - Running: ['***', 'tasks', 'run', 'kafka_spark_dag', 'pyspark_consumer', 'scheduled__2024-06-19T09:06:38.394942+00:00', '--job-id', '130', '--raw', '--subdir', 'DAGS_FOLDER/dag_kafka_spark.py', '--cfg-path', '/tmp/tmpb0fuc20t']
[2024-06-19T09:12:30.673+0000] {standard_task_runner.py:85} INFO - Job 130: Subtask pyspark_consumer
[2024-06-19T09:12:30.706+0000] {task_command.py:416} INFO - Running <TaskInstance: kafka_spark_dag.pyspark_consumer scheduled__2024-06-19T09:06:38.394942+00:00 [running]> on host 2ad9230613d5
[2024-06-19T09:12:30.743+0000] {taskinstance.py:1662} INFO - Exporting env vars: AIRFLOW_CTX_DAG_OWNER='***' AIRFLOW_CTX_DAG_ID='kafka_spark_dag' AIRFLOW_CTX_TASK_ID='pyspark_consumer' AIRFLOW_CTX_EXECUTION_DATE='2024-06-19T09:06:38.394942+00:00' AIRFLOW_CTX_TRY_NUMBER='2' AIRFLOW_CTX_DAG_RUN_ID='scheduled__2024-06-19T09:06:38.394942+00:00'
[2024-06-19T09:12:30.808+0000] {docker.py:343} INFO - Starting docker container from image rappel-conso/spark:latest
[2024-06-19T09:12:30.816+0000] {docker.py:351} WARNING - Using remote engine or docker-in-docker and mounting temporary volume from host is not supported. Falling back to `mount_tmp_dir=False` mode. You can set `mount_tmp_dir` parameter to False to disable mounting and remove the warning
[2024-06-19T09:12:31.019+0000] {docker.py:413} INFO - [38;5;6mspark [38;5;5m09:12:31.01 [0m[38;5;2mINFO [0m ==>
[2024-06-19T09:12:31.020+0000] {docker.py:413} INFO - [38;5;6mspark [38;5;5m09:12:31.01 [0m[38;5;2mINFO [0m ==> [1mWelcome to the Bitnami spark container[0m
[2024-06-19T09:12:31.021+0000] {docker.py:413} INFO - [38;5;6mspark [38;5;5m09:12:31.01 [0m[38;5;2mINFO [0m ==> Subscribe to project updates by watching [1mhttps://github.com/bitnami/containers[0m
[2024-06-19T09:12:31.021+0000] {docker.py:413} INFO - [38;5;6mspark [38;5;5m09:12:31.02 [0m[38;5;2mINFO [0m ==> Submit issues and feature requests at [1mhttps://github.com/bitnami/containers/issues[0m
[2024-06-19T09:12:31.021+0000] {docker.py:413} INFO - [38;5;6mspark [38;5;5m09:12:31.02 [0m[38;5;2mINFO [0m ==>
[2024-06-19T09:12:31.027+0000] {docker.py:413} INFO - 
[2024-06-19T09:12:31.844+0000] {docker.py:413} INFO - :: loading settings :: url = jar:file:/opt/bitnami/spark/jars/ivy-2.5.1.jar!/org/apache/ivy/core/settings/ivysettings.xml
[2024-06-19T09:12:31.872+0000] {docker.py:413} INFO - Ivy Default Cache set to: /opt/bitnami/spark/.ivy2/cache
The jars for the packages stored in: /opt/bitnami/spark/.ivy2/jars
[2024-06-19T09:12:31.874+0000] {docker.py:413} INFO - org.postgresql#postgresql added as a dependency
org.apache.spark#spark-sql-kafka-0-10_2.12 added as a dependency
[2024-06-19T09:12:31.874+0000] {docker.py:413} INFO - :: resolving dependencies :: org.apache.spark#spark-submit-parent-9f703f90-30f8-43cf-852d-452e08409647;1.0
	confs: [default]
[2024-06-19T09:12:33.370+0000] {docker.py:413} INFO - found org.postgresql#postgresql;42.5.4 in central
[2024-06-19T09:12:33.887+0000] {docker.py:413} INFO - found org.checkerframework#checker-qual;3.5.0 in central
[2024-06-19T09:12:38.488+0000] {docker.py:413} INFO - found org.apache.spark#spark-sql-kafka-0-10_2.12;3.5.0 in central
[2024-06-19T09:12:39.111+0000] {docker.py:413} INFO - found org.apache.spark#spark-token-provider-kafka-0-10_2.12;3.5.0 in central
[2024-06-19T09:12:39.613+0000] {docker.py:413} INFO - found org.apache.kafka#kafka-clients;3.4.1 in central
[2024-06-19T09:12:40.106+0000] {docker.py:413} INFO - found org.lz4#lz4-java;1.8.0 in central
[2024-06-19T09:12:40.603+0000] {docker.py:413} INFO - found org.xerial.snappy#snappy-java;1.1.10.3 in central
[2024-06-19T09:12:42.894+0000] {docker.py:413} INFO - found org.slf4j#slf4j-api;2.0.7 in central
[2024-06-19T09:12:47.004+0000] {docker.py:413} INFO - found org.apache.hadoop#hadoop-client-runtime;3.3.4 in central
[2024-06-19T09:12:47.578+0000] {docker.py:413} INFO - found org.apache.hadoop#hadoop-client-api;3.3.4 in central
[2024-06-19T09:12:51.536+0000] {docker.py:413} INFO - found commons-logging#commons-logging;1.1.3 in central
[2024-06-19T09:12:52.025+0000] {docker.py:413} INFO - found com.google.code.findbugs#jsr305;3.0.0 in central
[2024-06-19T09:12:55.895+0000] {docker.py:413} INFO - found org.apache.commons#commons-pool2;2.11.1 in central
[2024-06-19T09:12:56.135+0000] {docker.py:413} INFO - downloading https://repo1.maven.org/maven2/org/postgresql/postgresql/42.5.4/postgresql-42.5.4.jar ...
[2024-06-19T09:12:57.037+0000] {docker.py:413} INFO - [SUCCESSFUL ] org.postgresql#postgresql;42.5.4!postgresql.jar (1119ms)
[2024-06-19T09:12:57.265+0000] {docker.py:413} INFO - downloading https://repo1.maven.org/maven2/org/apache/spark/spark-sql-kafka-0-10_2.12/3.5.0/spark-sql-kafka-0-10_2.12-3.5.0.jar ...
[2024-06-19T09:12:57.548+0000] {docker.py:413} INFO - [SUCCESSFUL ] org.apache.spark#spark-sql-kafka-0-10_2.12;3.5.0!spark-sql-kafka-0-10_2.12.jar (517ms)
[2024-06-19T09:12:57.786+0000] {docker.py:413} INFO - downloading https://repo1.maven.org/maven2/org/checkerframework/checker-qual/3.5.0/checker-qual-3.5.0.jar ...
[2024-06-19T09:12:58.045+0000] {docker.py:413} INFO - [SUCCESSFUL ] org.checkerframework#checker-qual;3.5.0!checker-qual.jar (495ms)
[2024-06-19T09:12:58.277+0000] {docker.py:413} INFO - downloading https://repo1.maven.org/maven2/org/apache/spark/spark-token-provider-kafka-0-10_2.12/3.5.0/spark-token-provider-kafka-0-10_2.12-3.5.0.jar ...
[2024-06-19T09:12:58.533+0000] {docker.py:413} INFO - [SUCCESSFUL ] org.apache.spark#spark-token-provider-kafka-0-10_2.12;3.5.0!spark-token-provider-kafka-0-10_2.12.jar (480ms)
[2024-06-19T09:12:58.772+0000] {docker.py:413} INFO - downloading https://repo1.maven.org/maven2/org/apache/kafka/kafka-clients/3.4.1/kafka-clients-3.4.1.jar ...
[2024-06-19T09:12:59.536+0000] {docker.py:413} INFO - [SUCCESSFUL ] org.apache.kafka#kafka-clients;3.4.1!kafka-clients.jar (1008ms)
[2024-06-19T09:12:59.771+0000] {docker.py:413} INFO - downloading https://repo1.maven.org/maven2/com/google/code/findbugs/jsr305/3.0.0/jsr305-3.0.0.jar ...
[2024-06-19T09:13:00.008+0000] {docker.py:413} INFO - [SUCCESSFUL ] com.google.code.findbugs#jsr305;3.0.0!jsr305.jar (471ms)
[2024-06-19T09:13:00.249+0000] {docker.py:413} INFO - downloading https://repo1.maven.org/maven2/org/apache/commons/commons-pool2/2.11.1/commons-pool2-2.11.1.jar ...
[2024-06-19T09:13:00.489+0000] {docker.py:413} INFO - [SUCCESSFUL ] org.apache.commons#commons-pool2;2.11.1!commons-pool2.jar (479ms)
[2024-06-19T09:13:00.721+0000] {docker.py:413} INFO - downloading https://repo1.maven.org/maven2/org/apache/hadoop/hadoop-client-runtime/3.3.4/hadoop-client-runtime-3.3.4.jar ...
[2024-06-19T09:13:02.944+0000] {docker.py:413} INFO - [SUCCESSFUL ] org.apache.hadoop#hadoop-client-runtime;3.3.4!hadoop-client-runtime.jar (2452ms)
[2024-06-19T09:13:03.183+0000] {docker.py:413} INFO - downloading https://repo1.maven.org/maven2/org/lz4/lz4-java/1.8.0/lz4-java-1.8.0.jar ...
[2024-06-19T09:13:03.447+0000] {docker.py:413} INFO - [SUCCESSFUL ] org.lz4#lz4-java;1.8.0!lz4-java.jar (501ms)
[2024-06-19T09:13:03.690+0000] {docker.py:413} INFO - downloading https://repo1.maven.org/maven2/org/xerial/snappy/snappy-java/1.1.10.3/snappy-java-1.1.10.3.jar ...
[2024-06-19T09:13:04.002+0000] {docker.py:413} INFO - [SUCCESSFUL ] org.xerial.snappy#snappy-java;1.1.10.3!snappy-java.jar(bundle) (552ms)
[2024-06-19T09:13:04.237+0000] {docker.py:413} INFO - downloading https://repo1.maven.org/maven2/org/slf4j/slf4j-api/2.0.7/slf4j-api-2.0.7.jar ...
[2024-06-19T09:13:04.477+0000] {docker.py:413} INFO - [SUCCESSFUL ] org.slf4j#slf4j-api;2.0.7!slf4j-api.jar (473ms)
[2024-06-19T09:13:04.714+0000] {docker.py:413} INFO - downloading https://repo1.maven.org/maven2/org/apache/hadoop/hadoop-client-api/3.3.4/hadoop-client-api-3.3.4.jar ...
[2024-06-19T09:13:06.305+0000] {docker.py:413} INFO - [SUCCESSFUL ] org.apache.hadoop#hadoop-client-api;3.3.4!hadoop-client-api.jar (1824ms)
[2024-06-19T09:13:06.544+0000] {docker.py:413} INFO - downloading https://repo1.maven.org/maven2/commons-logging/commons-logging/1.1.3/commons-logging-1.1.3.jar ...
[2024-06-19T09:13:06.788+0000] {docker.py:413} INFO - [SUCCESSFUL ] commons-logging#commons-logging;1.1.3!commons-logging.jar (476ms)
[2024-06-19T09:13:06.792+0000] {docker.py:413} INFO - :: resolution report :: resolve 24026ms :: artifacts dl 10883ms
[2024-06-19T09:13:06.793+0000] {docker.py:413} INFO - :: modules in use:
[2024-06-19T09:13:06.795+0000] {docker.py:413} INFO - com.google.code.findbugs#jsr305;3.0.0 from central in [default]
[2024-06-19T09:13:06.796+0000] {docker.py:413} INFO - commons-logging#commons-logging;1.1.3 from central in [default]
	org.apache.commons#commons-pool2;2.11.1 from central in [default]
	org.apache.hadoop#hadoop-client-api;3.3.4 from central in [default]
	org.apache.hadoop#hadoop-client-runtime;3.3.4 from central in [default]
	org.apache.kafka#kafka-clients;3.4.1 from central in [default]
	org.apache.spark#spark-sql-kafka-0-10_2.12;3.5.0 from central in [default]
[2024-06-19T09:13:06.797+0000] {docker.py:413} INFO - org.apache.spark#spark-token-provider-kafka-0-10_2.12;3.5.0 from central in [default]
	org.checkerframework#checker-qual;3.5.0 from central in [default]
	org.lz4#lz4-java;1.8.0 from central in [default]
	org.postgresql#postgresql;42.5.4 from central in [default]
	org.slf4j#slf4j-api;2.0.7 from central in [default]
	org.xerial.snappy#snappy-java;1.1.10.3 from central in [default]
	---------------------------------------------------------------------
	|                  |            modules            ||   artifacts   |
	|       conf       | number| search|dwnlded|evicted|| number|dwnlded|
	---------------------------------------------------------------------
	|      default     |   13  |   13  |   13  |   0   ||   13  |   13  |
	---------------------------------------------------------------------
[2024-06-19T09:13:06.812+0000] {docker.py:413} INFO - :: retrieving :: org.apache.spark#spark-submit-parent-9f703f90-30f8-43cf-852d-452e08409647
[2024-06-19T09:13:06.813+0000] {docker.py:413} INFO - confs: [default]
[2024-06-19T09:13:06.881+0000] {docker.py:413} INFO - 13 artifacts copied, 0 already retrieved (58001kB/69ms)
[2024-06-19T09:13:07.013+0000] {docker.py:413} INFO - 24/06/19 09:13:07 WARN NativeCodeLoader: Unable to load native-hadoop library for your platform... using builtin-java classes where applicable
[2024-06-19T09:13:07.701+0000] {docker.py:413} INFO - 24/06/19 09:13:07 INFO SparkContext: Running Spark version 3.5.0
[2024-06-19T09:13:07.702+0000] {docker.py:413} INFO - 24/06/19 09:13:07 INFO SparkContext: OS info Linux, 6.6.12-linuxkit, aarch64
[2024-06-19T09:13:07.702+0000] {docker.py:413} INFO - 24/06/19 09:13:07 INFO SparkContext: Java version 17.0.10
[2024-06-19T09:13:07.713+0000] {docker.py:413} INFO - 24/06/19 09:13:07 INFO ResourceUtils: ==============================================================
[2024-06-19T09:13:07.714+0000] {docker.py:413} INFO - 24/06/19 09:13:07 INFO ResourceUtils: No custom resources configured for spark.driver.
[2024-06-19T09:13:07.714+0000] {docker.py:413} INFO - 24/06/19 09:13:07 INFO ResourceUtils: ==============================================================
[2024-06-19T09:13:07.714+0000] {docker.py:413} INFO - 24/06/19 09:13:07 INFO SparkContext: Submitted application: PostgreSQL Connection with PySpark
[2024-06-19T09:13:07.726+0000] {docker.py:413} INFO - 24/06/19 09:13:07 INFO ResourceProfile: Default ResourceProfile created, executor resources: Map(cores -> name: cores, amount: 1, script: , vendor: , memory -> name: memory, amount: 1024, script: , vendor: , offHeap -> name: offHeap, amount: 0, script: , vendor: ), task resources: Map(cpus -> name: cpus, amount: 1.0)
[2024-06-19T09:13:07.730+0000] {docker.py:413} INFO - 24/06/19 09:13:07 INFO ResourceProfile: Limiting resource is cpu
[2024-06-19T09:13:07.731+0000] {docker.py:413} INFO - 24/06/19 09:13:07 INFO ResourceProfileManager: Added ResourceProfile id: 0
[2024-06-19T09:13:07.757+0000] {docker.py:413} INFO - 24/06/19 09:13:07 INFO SecurityManager: Changing view acls to: spark
[2024-06-19T09:13:07.758+0000] {docker.py:413} INFO - 24/06/19 09:13:07 INFO SecurityManager: Changing modify acls to: spark
[2024-06-19T09:13:07.758+0000] {docker.py:413} INFO - 24/06/19 09:13:07 INFO SecurityManager: Changing view acls groups to:
[2024-06-19T09:13:07.758+0000] {docker.py:413} INFO - 24/06/19 09:13:07 INFO SecurityManager: Changing modify acls groups to:
[2024-06-19T09:13:07.759+0000] {docker.py:413} INFO - 24/06/19 09:13:07 INFO SecurityManager: SecurityManager: authentication disabled; ui acls disabled; users with view permissions: spark; groups with view permissions: EMPTY; users with modify permissions: spark; groups with modify permissions: EMPTY
[2024-06-19T09:13:07.869+0000] {docker.py:413} INFO - 24/06/19 09:13:07 INFO Utils: Successfully started service 'sparkDriver' on port 34539.
[2024-06-19T09:13:07.884+0000] {docker.py:413} INFO - 24/06/19 09:13:07 INFO SparkEnv: Registering MapOutputTracker
[2024-06-19T09:13:07.901+0000] {docker.py:413} INFO - 24/06/19 09:13:07 INFO SparkEnv: Registering BlockManagerMaster
[2024-06-19T09:13:07.910+0000] {docker.py:413} INFO - 24/06/19 09:13:07 INFO BlockManagerMasterEndpoint: Using org.apache.spark.storage.DefaultTopologyMapper for getting topology information
[2024-06-19T09:13:07.910+0000] {docker.py:413} INFO - 24/06/19 09:13:07 INFO BlockManagerMasterEndpoint: BlockManagerMasterEndpoint up
[2024-06-19T09:13:07.912+0000] {docker.py:413} INFO - 24/06/19 09:13:07 INFO SparkEnv: Registering BlockManagerMasterHeartbeat
[2024-06-19T09:13:07.924+0000] {docker.py:413} INFO - 24/06/19 09:13:07 INFO DiskBlockManager: Created local directory at /tmp/blockmgr-87990ac8-6b62-49d2-be2c-69b5d7dfd968
[2024-06-19T09:13:07.931+0000] {docker.py:413} INFO - 24/06/19 09:13:07 INFO MemoryStore: MemoryStore started with capacity 434.4 MiB
[2024-06-19T09:13:07.938+0000] {docker.py:413} INFO - 24/06/19 09:13:07 INFO SparkEnv: Registering OutputCommitCoordinator
[2024-06-19T09:13:08.001+0000] {docker.py:413} INFO - 24/06/19 09:13:08 INFO JettyUtils: Start Jetty 0.0.0.0:4040 for SparkUI
[2024-06-19T09:13:08.041+0000] {docker.py:413} INFO - 24/06/19 09:13:08 INFO Utils: Successfully started service 'SparkUI' on port 4040.
[2024-06-19T09:13:08.060+0000] {docker.py:413} INFO - 24/06/19 09:13:08 INFO SparkContext: Added JAR file:///opt/bitnami/spark/.ivy2/jars/org.postgresql_postgresql-42.5.4.jar at spark://localhost:34539/jars/org.postgresql_postgresql-42.5.4.jar with timestamp 1718788387694
[2024-06-19T09:13:08.061+0000] {docker.py:413} INFO - 24/06/19 09:13:08 INFO SparkContext: Added JAR file:///opt/bitnami/spark/.ivy2/jars/org.apache.spark_spark-sql-kafka-0-10_2.12-3.5.0.jar at spark://localhost:34539/jars/org.apache.spark_spark-sql-kafka-0-10_2.12-3.5.0.jar with timestamp 1718788387694
[2024-06-19T09:13:08.062+0000] {docker.py:413} INFO - 24/06/19 09:13:08 INFO SparkContext: Added JAR file:///opt/bitnami/spark/.ivy2/jars/org.checkerframework_checker-qual-3.5.0.jar at spark://localhost:34539/jars/org.checkerframework_checker-qual-3.5.0.jar with timestamp 1718788387694
24/06/19 09:13:08 INFO SparkContext: Added JAR file:///opt/bitnami/spark/.ivy2/jars/org.apache.spark_spark-token-provider-kafka-0-10_2.12-3.5.0.jar at spark://localhost:34539/jars/org.apache.spark_spark-token-provider-kafka-0-10_2.12-3.5.0.jar with timestamp 1718788387694
[2024-06-19T09:13:08.062+0000] {docker.py:413} INFO - 24/06/19 09:13:08 INFO SparkContext: Added JAR file:///opt/bitnami/spark/.ivy2/jars/org.apache.kafka_kafka-clients-3.4.1.jar at spark://localhost:34539/jars/org.apache.kafka_kafka-clients-3.4.1.jar with timestamp 1718788387694
[2024-06-19T09:13:08.063+0000] {docker.py:413} INFO - 24/06/19 09:13:08 INFO SparkContext: Added JAR file:///opt/bitnami/spark/.ivy2/jars/com.google.code.findbugs_jsr305-3.0.0.jar at spark://localhost:34539/jars/com.google.code.findbugs_jsr305-3.0.0.jar with timestamp 1718788387694
[2024-06-19T09:13:08.064+0000] {docker.py:413} INFO - 24/06/19 09:13:08 INFO SparkContext: Added JAR file:///opt/bitnami/spark/.ivy2/jars/org.apache.commons_commons-pool2-2.11.1.jar at spark://localhost:34539/jars/org.apache.commons_commons-pool2-2.11.1.jar with timestamp 1718788387694
[2024-06-19T09:13:08.065+0000] {docker.py:413} INFO - 24/06/19 09:13:08 INFO SparkContext: Added JAR file:///opt/bitnami/spark/.ivy2/jars/org.apache.hadoop_hadoop-client-runtime-3.3.4.jar at spark://localhost:34539/jars/org.apache.hadoop_hadoop-client-runtime-3.3.4.jar with timestamp 1718788387694
24/06/19 09:13:08 INFO SparkContext: Added JAR file:///opt/bitnami/spark/.ivy2/jars/org.lz4_lz4-java-1.8.0.jar at spark://localhost:34539/jars/org.lz4_lz4-java-1.8.0.jar with timestamp 1718788387694
[2024-06-19T09:13:08.065+0000] {docker.py:413} INFO - 24/06/19 09:13:08 INFO SparkContext: Added JAR file:///opt/bitnami/spark/.ivy2/jars/org.xerial.snappy_snappy-java-1.1.10.3.jar at spark://localhost:34539/jars/org.xerial.snappy_snappy-java-1.1.10.3.jar with timestamp 1718788387694
24/06/19 09:13:08 INFO SparkContext: Added JAR file:///opt/bitnami/spark/.ivy2/jars/org.slf4j_slf4j-api-2.0.7.jar at spark://localhost:34539/jars/org.slf4j_slf4j-api-2.0.7.jar with timestamp 1718788387694
[2024-06-19T09:13:08.065+0000] {docker.py:413} INFO - 24/06/19 09:13:08 INFO SparkContext: Added JAR file:///opt/bitnami/spark/.ivy2/jars/org.apache.hadoop_hadoop-client-api-3.3.4.jar at spark://localhost:34539/jars/org.apache.hadoop_hadoop-client-api-3.3.4.jar with timestamp 1718788387694
[2024-06-19T09:13:08.066+0000] {docker.py:413} INFO - 24/06/19 09:13:08 INFO SparkContext: Added JAR file:///opt/bitnami/spark/.ivy2/jars/commons-logging_commons-logging-1.1.3.jar at spark://localhost:34539/jars/commons-logging_commons-logging-1.1.3.jar with timestamp 1718788387694
[2024-06-19T09:13:08.066+0000] {docker.py:413} INFO - 24/06/19 09:13:08 INFO SparkContext: Added file file:///opt/bitnami/spark/.ivy2/jars/org.postgresql_postgresql-42.5.4.jar at file:///opt/bitnami/spark/.ivy2/jars/org.postgresql_postgresql-42.5.4.jar with timestamp 1718788387694
[2024-06-19T09:13:08.066+0000] {docker.py:413} INFO - 24/06/19 09:13:08 INFO Utils: Copying /opt/bitnami/spark/.ivy2/jars/org.postgresql_postgresql-42.5.4.jar to /tmp/spark-70cff432-3f5e-407a-b424-33ac0b5a110a/userFiles-dd7cf425-9fa1-4822-ac50-c4215993536c/org.postgresql_postgresql-42.5.4.jar
[2024-06-19T09:13:08.071+0000] {docker.py:413} INFO - 24/06/19 09:13:08 INFO SparkContext: Added file file:///opt/bitnami/spark/.ivy2/jars/org.apache.spark_spark-sql-kafka-0-10_2.12-3.5.0.jar at file:///opt/bitnami/spark/.ivy2/jars/org.apache.spark_spark-sql-kafka-0-10_2.12-3.5.0.jar with timestamp 1718788387694
[2024-06-19T09:13:08.072+0000] {docker.py:413} INFO - 24/06/19 09:13:08 INFO Utils: Copying /opt/bitnami/spark/.ivy2/jars/org.apache.spark_spark-sql-kafka-0-10_2.12-3.5.0.jar to /tmp/spark-70cff432-3f5e-407a-b424-33ac0b5a110a/userFiles-dd7cf425-9fa1-4822-ac50-c4215993536c/org.apache.spark_spark-sql-kafka-0-10_2.12-3.5.0.jar
[2024-06-19T09:13:08.074+0000] {docker.py:413} INFO - 24/06/19 09:13:08 INFO SparkContext: Added file file:///opt/bitnami/spark/.ivy2/jars/org.checkerframework_checker-qual-3.5.0.jar at file:///opt/bitnami/spark/.ivy2/jars/org.checkerframework_checker-qual-3.5.0.jar with timestamp 1718788387694
[2024-06-19T09:13:08.074+0000] {docker.py:413} INFO - 24/06/19 09:13:08 INFO Utils: Copying /opt/bitnami/spark/.ivy2/jars/org.checkerframework_checker-qual-3.5.0.jar to /tmp/spark-70cff432-3f5e-407a-b424-33ac0b5a110a/userFiles-dd7cf425-9fa1-4822-ac50-c4215993536c/org.checkerframework_checker-qual-3.5.0.jar
[2024-06-19T09:13:08.080+0000] {docker.py:413} INFO - 24/06/19 09:13:08 INFO SparkContext: Added file file:///opt/bitnami/spark/.ivy2/jars/org.apache.spark_spark-token-provider-kafka-0-10_2.12-3.5.0.jar at file:///opt/bitnami/spark/.ivy2/jars/org.apache.spark_spark-token-provider-kafka-0-10_2.12-3.5.0.jar with timestamp 1718788387694
[2024-06-19T09:13:08.081+0000] {docker.py:413} INFO - 24/06/19 09:13:08 INFO Utils: Copying /opt/bitnami/spark/.ivy2/jars/org.apache.spark_spark-token-provider-kafka-0-10_2.12-3.5.0.jar to /tmp/spark-70cff432-3f5e-407a-b424-33ac0b5a110a/userFiles-dd7cf425-9fa1-4822-ac50-c4215993536c/org.apache.spark_spark-token-provider-kafka-0-10_2.12-3.5.0.jar
[2024-06-19T09:13:08.086+0000] {docker.py:413} INFO - 24/06/19 09:13:08 INFO SparkContext: Added file file:///opt/bitnami/spark/.ivy2/jars/org.apache.kafka_kafka-clients-3.4.1.jar at file:///opt/bitnami/spark/.ivy2/jars/org.apache.kafka_kafka-clients-3.4.1.jar with timestamp 1718788387694
[2024-06-19T09:13:08.086+0000] {docker.py:413} INFO - 24/06/19 09:13:08 INFO Utils: Copying /opt/bitnami/spark/.ivy2/jars/org.apache.kafka_kafka-clients-3.4.1.jar to /tmp/spark-70cff432-3f5e-407a-b424-33ac0b5a110a/userFiles-dd7cf425-9fa1-4822-ac50-c4215993536c/org.apache.kafka_kafka-clients-3.4.1.jar
[2024-06-19T09:13:08.098+0000] {docker.py:413} INFO - 24/06/19 09:13:08 INFO SparkContext: Added file file:///opt/bitnami/spark/.ivy2/jars/com.google.code.findbugs_jsr305-3.0.0.jar at file:///opt/bitnami/spark/.ivy2/jars/com.google.code.findbugs_jsr305-3.0.0.jar with timestamp 1718788387694
[2024-06-19T09:13:08.098+0000] {docker.py:413} INFO - 24/06/19 09:13:08 INFO Utils: Copying /opt/bitnami/spark/.ivy2/jars/com.google.code.findbugs_jsr305-3.0.0.jar to /tmp/spark-70cff432-3f5e-407a-b424-33ac0b5a110a/userFiles-dd7cf425-9fa1-4822-ac50-c4215993536c/com.google.code.findbugs_jsr305-3.0.0.jar
[2024-06-19T09:13:08.100+0000] {docker.py:413} INFO - 24/06/19 09:13:08 INFO SparkContext: Added file file:///opt/bitnami/spark/.ivy2/jars/org.apache.commons_commons-pool2-2.11.1.jar at file:///opt/bitnami/spark/.ivy2/jars/org.apache.commons_commons-pool2-2.11.1.jar with timestamp 1718788387694
24/06/19 09:13:08 INFO Utils: Copying /opt/bitnami/spark/.ivy2/jars/org.apache.commons_commons-pool2-2.11.1.jar to /tmp/spark-70cff432-3f5e-407a-b424-33ac0b5a110a/userFiles-dd7cf425-9fa1-4822-ac50-c4215993536c/org.apache.commons_commons-pool2-2.11.1.jar
[2024-06-19T09:13:08.102+0000] {docker.py:413} INFO - 24/06/19 09:13:08 INFO SparkContext: Added file file:///opt/bitnami/spark/.ivy2/jars/org.apache.hadoop_hadoop-client-runtime-3.3.4.jar at file:///opt/bitnami/spark/.ivy2/jars/org.apache.hadoop_hadoop-client-runtime-3.3.4.jar with timestamp 1718788387694
[2024-06-19T09:13:08.102+0000] {docker.py:413} INFO - 24/06/19 09:13:08 INFO Utils: Copying /opt/bitnami/spark/.ivy2/jars/org.apache.hadoop_hadoop-client-runtime-3.3.4.jar to /tmp/spark-70cff432-3f5e-407a-b424-33ac0b5a110a/userFiles-dd7cf425-9fa1-4822-ac50-c4215993536c/org.apache.hadoop_hadoop-client-runtime-3.3.4.jar
[2024-06-19T09:13:08.121+0000] {docker.py:413} INFO - 24/06/19 09:13:08 INFO SparkContext: Added file file:///opt/bitnami/spark/.ivy2/jars/org.lz4_lz4-java-1.8.0.jar at file:///opt/bitnami/spark/.ivy2/jars/org.lz4_lz4-java-1.8.0.jar with timestamp 1718788387694
[2024-06-19T09:13:08.121+0000] {docker.py:413} INFO - 24/06/19 09:13:08 INFO Utils: Copying /opt/bitnami/spark/.ivy2/jars/org.lz4_lz4-java-1.8.0.jar to /tmp/spark-70cff432-3f5e-407a-b424-33ac0b5a110a/userFiles-dd7cf425-9fa1-4822-ac50-c4215993536c/org.lz4_lz4-java-1.8.0.jar
[2024-06-19T09:13:08.123+0000] {docker.py:413} INFO - 24/06/19 09:13:08 INFO SparkContext: Added file file:///opt/bitnami/spark/.ivy2/jars/org.xerial.snappy_snappy-java-1.1.10.3.jar at file:///opt/bitnami/spark/.ivy2/jars/org.xerial.snappy_snappy-java-1.1.10.3.jar with timestamp 1718788387694
[2024-06-19T09:13:08.123+0000] {docker.py:413} INFO - 24/06/19 09:13:08 INFO Utils: Copying /opt/bitnami/spark/.ivy2/jars/org.xerial.snappy_snappy-java-1.1.10.3.jar to /tmp/spark-70cff432-3f5e-407a-b424-33ac0b5a110a/userFiles-dd7cf425-9fa1-4822-ac50-c4215993536c/org.xerial.snappy_snappy-java-1.1.10.3.jar
[2024-06-19T09:13:08.126+0000] {docker.py:413} INFO - 24/06/19 09:13:08 INFO SparkContext: Added file file:///opt/bitnami/spark/.ivy2/jars/org.slf4j_slf4j-api-2.0.7.jar at file:///opt/bitnami/spark/.ivy2/jars/org.slf4j_slf4j-api-2.0.7.jar with timestamp 1718788387694
[2024-06-19T09:13:08.126+0000] {docker.py:413} INFO - 24/06/19 09:13:08 INFO Utils: Copying /opt/bitnami/spark/.ivy2/jars/org.slf4j_slf4j-api-2.0.7.jar to /tmp/spark-70cff432-3f5e-407a-b424-33ac0b5a110a/userFiles-dd7cf425-9fa1-4822-ac50-c4215993536c/org.slf4j_slf4j-api-2.0.7.jar
[2024-06-19T09:13:08.128+0000] {docker.py:413} INFO - 24/06/19 09:13:08 INFO SparkContext: Added file file:///opt/bitnami/spark/.ivy2/jars/org.apache.hadoop_hadoop-client-api-3.3.4.jar at file:///opt/bitnami/spark/.ivy2/jars/org.apache.hadoop_hadoop-client-api-3.3.4.jar with timestamp 1718788387694
[2024-06-19T09:13:08.128+0000] {docker.py:413} INFO - 24/06/19 09:13:08 INFO Utils: Copying /opt/bitnami/spark/.ivy2/jars/org.apache.hadoop_hadoop-client-api-3.3.4.jar to /tmp/spark-70cff432-3f5e-407a-b424-33ac0b5a110a/userFiles-dd7cf425-9fa1-4822-ac50-c4215993536c/org.apache.hadoop_hadoop-client-api-3.3.4.jar
[2024-06-19T09:13:08.141+0000] {docker.py:413} INFO - 24/06/19 09:13:08 INFO SparkContext: Added file file:///opt/bitnami/spark/.ivy2/jars/commons-logging_commons-logging-1.1.3.jar at file:///opt/bitnami/spark/.ivy2/jars/commons-logging_commons-logging-1.1.3.jar with timestamp 1718788387694
[2024-06-19T09:13:08.141+0000] {docker.py:413} INFO - 24/06/19 09:13:08 INFO Utils: Copying /opt/bitnami/spark/.ivy2/jars/commons-logging_commons-logging-1.1.3.jar to /tmp/spark-70cff432-3f5e-407a-b424-33ac0b5a110a/userFiles-dd7cf425-9fa1-4822-ac50-c4215993536c/commons-logging_commons-logging-1.1.3.jar
[2024-06-19T09:13:08.176+0000] {docker.py:413} INFO - 24/06/19 09:13:08 INFO Executor: Starting executor ID driver on host localhost
[2024-06-19T09:13:08.177+0000] {docker.py:413} INFO - 24/06/19 09:13:08 INFO Executor: OS info Linux, 6.6.12-linuxkit, aarch64
[2024-06-19T09:13:08.177+0000] {docker.py:413} INFO - 24/06/19 09:13:08 INFO Executor: Java version 17.0.10
[2024-06-19T09:13:08.179+0000] {docker.py:413} INFO - 24/06/19 09:13:08 INFO Executor: Starting executor with user classpath (userClassPathFirst = false): ''
[2024-06-19T09:13:08.179+0000] {docker.py:413} INFO - 24/06/19 09:13:08 INFO Executor: Created or updated repl class loader org.apache.spark.util.MutableURLClassLoader@5cc52b1 for default.
[2024-06-19T09:13:08.185+0000] {docker.py:413} INFO - 24/06/19 09:13:08 INFO Executor: Fetching file:///opt/bitnami/spark/.ivy2/jars/org.apache.spark_spark-token-provider-kafka-0-10_2.12-3.5.0.jar with timestamp 1718788387694
[2024-06-19T09:13:08.193+0000] {docker.py:413} INFO - 24/06/19 09:13:08 INFO Utils: /opt/bitnami/spark/.ivy2/jars/org.apache.spark_spark-token-provider-kafka-0-10_2.12-3.5.0.jar has been previously copied to /tmp/spark-70cff432-3f5e-407a-b424-33ac0b5a110a/userFiles-dd7cf425-9fa1-4822-ac50-c4215993536c/org.apache.spark_spark-token-provider-kafka-0-10_2.12-3.5.0.jar
[2024-06-19T09:13:08.195+0000] {docker.py:413} INFO - 24/06/19 09:13:08 INFO Executor: Fetching file:///opt/bitnami/spark/.ivy2/jars/org.apache.hadoop_hadoop-client-runtime-3.3.4.jar with timestamp 1718788387694
[2024-06-19T09:13:08.208+0000] {docker.py:413} INFO - 24/06/19 09:13:08 INFO Utils: /opt/bitnami/spark/.ivy2/jars/org.apache.hadoop_hadoop-client-runtime-3.3.4.jar has been previously copied to /tmp/spark-70cff432-3f5e-407a-b424-33ac0b5a110a/userFiles-dd7cf425-9fa1-4822-ac50-c4215993536c/org.apache.hadoop_hadoop-client-runtime-3.3.4.jar
[2024-06-19T09:13:08.209+0000] {docker.py:413} INFO - 24/06/19 09:13:08 INFO Executor: Fetching file:///opt/bitnami/spark/.ivy2/jars/org.apache.commons_commons-pool2-2.11.1.jar with timestamp 1718788387694
[2024-06-19T09:13:08.209+0000] {docker.py:413} INFO - 24/06/19 09:13:08 INFO Utils: /opt/bitnami/spark/.ivy2/jars/org.apache.commons_commons-pool2-2.11.1.jar has been previously copied to /tmp/spark-70cff432-3f5e-407a-b424-33ac0b5a110a/userFiles-dd7cf425-9fa1-4822-ac50-c4215993536c/org.apache.commons_commons-pool2-2.11.1.jar
[2024-06-19T09:13:08.210+0000] {docker.py:413} INFO - 24/06/19 09:13:08 INFO Executor: Fetching file:///opt/bitnami/spark/.ivy2/jars/org.postgresql_postgresql-42.5.4.jar with timestamp 1718788387694
[2024-06-19T09:13:08.212+0000] {docker.py:413} INFO - 24/06/19 09:13:08 INFO Utils: /opt/bitnami/spark/.ivy2/jars/org.postgresql_postgresql-42.5.4.jar has been previously copied to /tmp/spark-70cff432-3f5e-407a-b424-33ac0b5a110a/userFiles-dd7cf425-9fa1-4822-ac50-c4215993536c/org.postgresql_postgresql-42.5.4.jar
[2024-06-19T09:13:08.213+0000] {docker.py:413} INFO - 24/06/19 09:13:08 INFO Executor: Fetching file:///opt/bitnami/spark/.ivy2/jars/org.slf4j_slf4j-api-2.0.7.jar with timestamp 1718788387694
[2024-06-19T09:13:08.213+0000] {docker.py:413} INFO - 24/06/19 09:13:08 INFO Utils: /opt/bitnami/spark/.ivy2/jars/org.slf4j_slf4j-api-2.0.7.jar has been previously copied to /tmp/spark-70cff432-3f5e-407a-b424-33ac0b5a110a/userFiles-dd7cf425-9fa1-4822-ac50-c4215993536c/org.slf4j_slf4j-api-2.0.7.jar
[2024-06-19T09:13:08.214+0000] {docker.py:413} INFO - 24/06/19 09:13:08 INFO Executor: Fetching file:///opt/bitnami/spark/.ivy2/jars/org.apache.kafka_kafka-clients-3.4.1.jar with timestamp 1718788387694
[2024-06-19T09:13:08.216+0000] {docker.py:413} INFO - 24/06/19 09:13:08 INFO Utils: /opt/bitnami/spark/.ivy2/jars/org.apache.kafka_kafka-clients-3.4.1.jar has been previously copied to /tmp/spark-70cff432-3f5e-407a-b424-33ac0b5a110a/userFiles-dd7cf425-9fa1-4822-ac50-c4215993536c/org.apache.kafka_kafka-clients-3.4.1.jar
[2024-06-19T09:13:08.218+0000] {docker.py:413} INFO - 24/06/19 09:13:08 INFO Executor: Fetching file:///opt/bitnami/spark/.ivy2/jars/com.google.code.findbugs_jsr305-3.0.0.jar with timestamp 1718788387694
[2024-06-19T09:13:08.218+0000] {docker.py:413} INFO - 24/06/19 09:13:08 INFO Utils: /opt/bitnami/spark/.ivy2/jars/com.google.code.findbugs_jsr305-3.0.0.jar has been previously copied to /tmp/spark-70cff432-3f5e-407a-b424-33ac0b5a110a/userFiles-dd7cf425-9fa1-4822-ac50-c4215993536c/com.google.code.findbugs_jsr305-3.0.0.jar
[2024-06-19T09:13:08.220+0000] {docker.py:413} INFO - 24/06/19 09:13:08 INFO Executor: Fetching file:///opt/bitnami/spark/.ivy2/jars/org.lz4_lz4-java-1.8.0.jar with timestamp 1718788387694
[2024-06-19T09:13:08.220+0000] {docker.py:413} INFO - 24/06/19 09:13:08 INFO Utils: /opt/bitnami/spark/.ivy2/jars/org.lz4_lz4-java-1.8.0.jar has been previously copied to /tmp/spark-70cff432-3f5e-407a-b424-33ac0b5a110a/userFiles-dd7cf425-9fa1-4822-ac50-c4215993536c/org.lz4_lz4-java-1.8.0.jar
[2024-06-19T09:13:08.221+0000] {docker.py:413} INFO - 24/06/19 09:13:08 INFO Executor: Fetching file:///opt/bitnami/spark/.ivy2/jars/org.apache.spark_spark-sql-kafka-0-10_2.12-3.5.0.jar with timestamp 1718788387694
[2024-06-19T09:13:08.221+0000] {docker.py:413} INFO - 24/06/19 09:13:08 INFO Utils: /opt/bitnami/spark/.ivy2/jars/org.apache.spark_spark-sql-kafka-0-10_2.12-3.5.0.jar has been previously copied to /tmp/spark-70cff432-3f5e-407a-b424-33ac0b5a110a/userFiles-dd7cf425-9fa1-4822-ac50-c4215993536c/org.apache.spark_spark-sql-kafka-0-10_2.12-3.5.0.jar
[2024-06-19T09:13:08.223+0000] {docker.py:413} INFO - 24/06/19 09:13:08 INFO Executor: Fetching file:///opt/bitnami/spark/.ivy2/jars/org.apache.hadoop_hadoop-client-api-3.3.4.jar with timestamp 1718788387694
[2024-06-19T09:13:08.230+0000] {docker.py:413} INFO - 24/06/19 09:13:08 INFO Utils: /opt/bitnami/spark/.ivy2/jars/org.apache.hadoop_hadoop-client-api-3.3.4.jar has been previously copied to /tmp/spark-70cff432-3f5e-407a-b424-33ac0b5a110a/userFiles-dd7cf425-9fa1-4822-ac50-c4215993536c/org.apache.hadoop_hadoop-client-api-3.3.4.jar
[2024-06-19T09:13:08.231+0000] {docker.py:413} INFO - 24/06/19 09:13:08 INFO Executor: Fetching file:///opt/bitnami/spark/.ivy2/jars/commons-logging_commons-logging-1.1.3.jar with timestamp 1718788387694
[2024-06-19T09:13:08.231+0000] {docker.py:413} INFO - 24/06/19 09:13:08 INFO Utils: /opt/bitnami/spark/.ivy2/jars/commons-logging_commons-logging-1.1.3.jar has been previously copied to /tmp/spark-70cff432-3f5e-407a-b424-33ac0b5a110a/userFiles-dd7cf425-9fa1-4822-ac50-c4215993536c/commons-logging_commons-logging-1.1.3.jar
[2024-06-19T09:13:08.233+0000] {docker.py:413} INFO - 24/06/19 09:13:08 INFO Executor: Fetching file:///opt/bitnami/spark/.ivy2/jars/org.checkerframework_checker-qual-3.5.0.jar with timestamp 1718788387694
[2024-06-19T09:13:08.233+0000] {docker.py:413} INFO - 24/06/19 09:13:08 INFO Utils: /opt/bitnami/spark/.ivy2/jars/org.checkerframework_checker-qual-3.5.0.jar has been previously copied to /tmp/spark-70cff432-3f5e-407a-b424-33ac0b5a110a/userFiles-dd7cf425-9fa1-4822-ac50-c4215993536c/org.checkerframework_checker-qual-3.5.0.jar
[2024-06-19T09:13:08.234+0000] {docker.py:413} INFO - 24/06/19 09:13:08 INFO Executor: Fetching file:///opt/bitnami/spark/.ivy2/jars/org.xerial.snappy_snappy-java-1.1.10.3.jar with timestamp 1718788387694
[2024-06-19T09:13:08.235+0000] {docker.py:413} INFO - 24/06/19 09:13:08 INFO Utils: /opt/bitnami/spark/.ivy2/jars/org.xerial.snappy_snappy-java-1.1.10.3.jar has been previously copied to /tmp/spark-70cff432-3f5e-407a-b424-33ac0b5a110a/userFiles-dd7cf425-9fa1-4822-ac50-c4215993536c/org.xerial.snappy_snappy-java-1.1.10.3.jar
[2024-06-19T09:13:08.237+0000] {docker.py:413} INFO - 24/06/19 09:13:08 INFO Executor: Fetching spark://localhost:34539/jars/org.apache.hadoop_hadoop-client-runtime-3.3.4.jar with timestamp 1718788387694
[2024-06-19T09:13:08.265+0000] {docker.py:413} INFO - 24/06/19 09:13:08 INFO TransportClientFactory: Successfully created connection to localhost/127.0.0.1:34539 after 18 ms (0 ms spent in bootstraps)
[2024-06-19T09:13:08.268+0000] {docker.py:413} INFO - 24/06/19 09:13:08 INFO Utils: Fetching spark://localhost:34539/jars/org.apache.hadoop_hadoop-client-runtime-3.3.4.jar to /tmp/spark-70cff432-3f5e-407a-b424-33ac0b5a110a/userFiles-dd7cf425-9fa1-4822-ac50-c4215993536c/fetchFileTemp11293483312099696304.tmp
[2024-06-19T09:13:08.350+0000] {docker.py:413} INFO - 24/06/19 09:13:08 INFO Utils: /tmp/spark-70cff432-3f5e-407a-b424-33ac0b5a110a/userFiles-dd7cf425-9fa1-4822-ac50-c4215993536c/fetchFileTemp11293483312099696304.tmp has been previously copied to /tmp/spark-70cff432-3f5e-407a-b424-33ac0b5a110a/userFiles-dd7cf425-9fa1-4822-ac50-c4215993536c/org.apache.hadoop_hadoop-client-runtime-3.3.4.jar
[2024-06-19T09:13:08.353+0000] {docker.py:413} INFO - 24/06/19 09:13:08 INFO Executor: Adding file:/tmp/spark-70cff432-3f5e-407a-b424-33ac0b5a110a/userFiles-dd7cf425-9fa1-4822-ac50-c4215993536c/org.apache.hadoop_hadoop-client-runtime-3.3.4.jar to class loader default
[2024-06-19T09:13:08.353+0000] {docker.py:413} INFO - 24/06/19 09:13:08 INFO Executor: Fetching spark://localhost:34539/jars/org.postgresql_postgresql-42.5.4.jar with timestamp 1718788387694
[2024-06-19T09:13:08.355+0000] {docker.py:413} INFO - 24/06/19 09:13:08 INFO Utils: Fetching spark://localhost:34539/jars/org.postgresql_postgresql-42.5.4.jar to /tmp/spark-70cff432-3f5e-407a-b424-33ac0b5a110a/userFiles-dd7cf425-9fa1-4822-ac50-c4215993536c/fetchFileTemp890495762079535873.tmp
[2024-06-19T09:13:08.356+0000] {docker.py:413} INFO - 24/06/19 09:13:08 INFO Utils: /tmp/spark-70cff432-3f5e-407a-b424-33ac0b5a110a/userFiles-dd7cf425-9fa1-4822-ac50-c4215993536c/fetchFileTemp890495762079535873.tmp has been previously copied to /tmp/spark-70cff432-3f5e-407a-b424-33ac0b5a110a/userFiles-dd7cf425-9fa1-4822-ac50-c4215993536c/org.postgresql_postgresql-42.5.4.jar
[2024-06-19T09:13:08.358+0000] {docker.py:413} INFO - 24/06/19 09:13:08 INFO Executor: Adding file:/tmp/spark-70cff432-3f5e-407a-b424-33ac0b5a110a/userFiles-dd7cf425-9fa1-4822-ac50-c4215993536c/org.postgresql_postgresql-42.5.4.jar to class loader default
[2024-06-19T09:13:08.358+0000] {docker.py:413} INFO - 24/06/19 09:13:08 INFO Executor: Fetching spark://localhost:34539/jars/org.apache.hadoop_hadoop-client-api-3.3.4.jar with timestamp 1718788387694
[2024-06-19T09:13:08.358+0000] {docker.py:413} INFO - 24/06/19 09:13:08 INFO Utils: Fetching spark://localhost:34539/jars/org.apache.hadoop_hadoop-client-api-3.3.4.jar to /tmp/spark-70cff432-3f5e-407a-b424-33ac0b5a110a/userFiles-dd7cf425-9fa1-4822-ac50-c4215993536c/fetchFileTemp12553537844354457801.tmp
[2024-06-19T09:13:08.388+0000] {docker.py:413} INFO - 24/06/19 09:13:08 INFO Utils: /tmp/spark-70cff432-3f5e-407a-b424-33ac0b5a110a/userFiles-dd7cf425-9fa1-4822-ac50-c4215993536c/fetchFileTemp12553537844354457801.tmp has been previously copied to /tmp/spark-70cff432-3f5e-407a-b424-33ac0b5a110a/userFiles-dd7cf425-9fa1-4822-ac50-c4215993536c/org.apache.hadoop_hadoop-client-api-3.3.4.jar
[2024-06-19T09:13:08.392+0000] {docker.py:413} INFO - 24/06/19 09:13:08 INFO Executor: Adding file:/tmp/spark-70cff432-3f5e-407a-b424-33ac0b5a110a/userFiles-dd7cf425-9fa1-4822-ac50-c4215993536c/org.apache.hadoop_hadoop-client-api-3.3.4.jar to class loader default
24/06/19 09:13:08 INFO Executor: Fetching spark://localhost:34539/jars/org.xerial.snappy_snappy-java-1.1.10.3.jar with timestamp 1718788387694
[2024-06-19T09:13:08.393+0000] {docker.py:413} INFO - 24/06/19 09:13:08 INFO Utils: Fetching spark://localhost:34539/jars/org.xerial.snappy_snappy-java-1.1.10.3.jar to /tmp/spark-70cff432-3f5e-407a-b424-33ac0b5a110a/userFiles-dd7cf425-9fa1-4822-ac50-c4215993536c/fetchFileTemp14672569798981364627.tmp
[2024-06-19T09:13:08.397+0000] {docker.py:413} INFO - 24/06/19 09:13:08 INFO Utils: /tmp/spark-70cff432-3f5e-407a-b424-33ac0b5a110a/userFiles-dd7cf425-9fa1-4822-ac50-c4215993536c/fetchFileTemp14672569798981364627.tmp has been previously copied to /tmp/spark-70cff432-3f5e-407a-b424-33ac0b5a110a/userFiles-dd7cf425-9fa1-4822-ac50-c4215993536c/org.xerial.snappy_snappy-java-1.1.10.3.jar
[2024-06-19T09:13:08.400+0000] {docker.py:413} INFO - 24/06/19 09:13:08 INFO Executor: Adding file:/tmp/spark-70cff432-3f5e-407a-b424-33ac0b5a110a/userFiles-dd7cf425-9fa1-4822-ac50-c4215993536c/org.xerial.snappy_snappy-java-1.1.10.3.jar to class loader default
[2024-06-19T09:13:08.400+0000] {docker.py:413} INFO - 24/06/19 09:13:08 INFO Executor: Fetching spark://localhost:34539/jars/org.apache.spark_spark-sql-kafka-0-10_2.12-3.5.0.jar with timestamp 1718788387694
[2024-06-19T09:13:08.401+0000] {docker.py:413} INFO - 24/06/19 09:13:08 INFO Utils: Fetching spark://localhost:34539/jars/org.apache.spark_spark-sql-kafka-0-10_2.12-3.5.0.jar to /tmp/spark-70cff432-3f5e-407a-b424-33ac0b5a110a/userFiles-dd7cf425-9fa1-4822-ac50-c4215993536c/fetchFileTemp9008291574563116737.tmp
[2024-06-19T09:13:08.401+0000] {docker.py:413} INFO - 24/06/19 09:13:08 INFO Utils: /tmp/spark-70cff432-3f5e-407a-b424-33ac0b5a110a/userFiles-dd7cf425-9fa1-4822-ac50-c4215993536c/fetchFileTemp9008291574563116737.tmp has been previously copied to /tmp/spark-70cff432-3f5e-407a-b424-33ac0b5a110a/userFiles-dd7cf425-9fa1-4822-ac50-c4215993536c/org.apache.spark_spark-sql-kafka-0-10_2.12-3.5.0.jar
[2024-06-19T09:13:08.404+0000] {docker.py:413} INFO - 24/06/19 09:13:08 INFO Executor: Adding file:/tmp/spark-70cff432-3f5e-407a-b424-33ac0b5a110a/userFiles-dd7cf425-9fa1-4822-ac50-c4215993536c/org.apache.spark_spark-sql-kafka-0-10_2.12-3.5.0.jar to class loader default
[2024-06-19T09:13:08.404+0000] {docker.py:413} INFO - 24/06/19 09:13:08 INFO Executor: Fetching spark://localhost:34539/jars/org.apache.spark_spark-token-provider-kafka-0-10_2.12-3.5.0.jar with timestamp 1718788387694
[2024-06-19T09:13:08.405+0000] {docker.py:413} INFO - 24/06/19 09:13:08 INFO Utils: Fetching spark://localhost:34539/jars/org.apache.spark_spark-token-provider-kafka-0-10_2.12-3.5.0.jar to /tmp/spark-70cff432-3f5e-407a-b424-33ac0b5a110a/userFiles-dd7cf425-9fa1-4822-ac50-c4215993536c/fetchFileTemp16938335703505582129.tmp
[2024-06-19T09:13:08.405+0000] {docker.py:413} INFO - 24/06/19 09:13:08 INFO Utils: /tmp/spark-70cff432-3f5e-407a-b424-33ac0b5a110a/userFiles-dd7cf425-9fa1-4822-ac50-c4215993536c/fetchFileTemp16938335703505582129.tmp has been previously copied to /tmp/spark-70cff432-3f5e-407a-b424-33ac0b5a110a/userFiles-dd7cf425-9fa1-4822-ac50-c4215993536c/org.apache.spark_spark-token-provider-kafka-0-10_2.12-3.5.0.jar
[2024-06-19T09:13:08.407+0000] {docker.py:413} INFO - 24/06/19 09:13:08 INFO Executor: Adding file:/tmp/spark-70cff432-3f5e-407a-b424-33ac0b5a110a/userFiles-dd7cf425-9fa1-4822-ac50-c4215993536c/org.apache.spark_spark-token-provider-kafka-0-10_2.12-3.5.0.jar to class loader default
[2024-06-19T09:13:08.408+0000] {docker.py:413} INFO - 24/06/19 09:13:08 INFO Executor: Fetching spark://localhost:34539/jars/org.checkerframework_checker-qual-3.5.0.jar with timestamp 1718788387694
[2024-06-19T09:13:08.408+0000] {docker.py:413} INFO - 24/06/19 09:13:08 INFO Utils: Fetching spark://localhost:34539/jars/org.checkerframework_checker-qual-3.5.0.jar to /tmp/spark-70cff432-3f5e-407a-b424-33ac0b5a110a/userFiles-dd7cf425-9fa1-4822-ac50-c4215993536c/fetchFileTemp14767808541165928170.tmp
[2024-06-19T09:13:08.408+0000] {docker.py:413} INFO - 24/06/19 09:13:08 INFO Utils: /tmp/spark-70cff432-3f5e-407a-b424-33ac0b5a110a/userFiles-dd7cf425-9fa1-4822-ac50-c4215993536c/fetchFileTemp14767808541165928170.tmp has been previously copied to /tmp/spark-70cff432-3f5e-407a-b424-33ac0b5a110a/userFiles-dd7cf425-9fa1-4822-ac50-c4215993536c/org.checkerframework_checker-qual-3.5.0.jar
[2024-06-19T09:13:08.410+0000] {docker.py:413} INFO - 24/06/19 09:13:08 INFO Executor: Adding file:/tmp/spark-70cff432-3f5e-407a-b424-33ac0b5a110a/userFiles-dd7cf425-9fa1-4822-ac50-c4215993536c/org.checkerframework_checker-qual-3.5.0.jar to class loader default
[2024-06-19T09:13:08.410+0000] {docker.py:413} INFO - 24/06/19 09:13:08 INFO Executor: Fetching spark://localhost:34539/jars/commons-logging_commons-logging-1.1.3.jar with timestamp 1718788387694
[2024-06-19T09:13:08.410+0000] {docker.py:413} INFO - 24/06/19 09:13:08 INFO Utils: Fetching spark://localhost:34539/jars/commons-logging_commons-logging-1.1.3.jar to /tmp/spark-70cff432-3f5e-407a-b424-33ac0b5a110a/userFiles-dd7cf425-9fa1-4822-ac50-c4215993536c/fetchFileTemp6150408334364909827.tmp
[2024-06-19T09:13:08.411+0000] {docker.py:413} INFO - 24/06/19 09:13:08 INFO Utils: /tmp/spark-70cff432-3f5e-407a-b424-33ac0b5a110a/userFiles-dd7cf425-9fa1-4822-ac50-c4215993536c/fetchFileTemp6150408334364909827.tmp has been previously copied to /tmp/spark-70cff432-3f5e-407a-b424-33ac0b5a110a/userFiles-dd7cf425-9fa1-4822-ac50-c4215993536c/commons-logging_commons-logging-1.1.3.jar
[2024-06-19T09:13:08.412+0000] {docker.py:413} INFO - 24/06/19 09:13:08 INFO Executor: Adding file:/tmp/spark-70cff432-3f5e-407a-b424-33ac0b5a110a/userFiles-dd7cf425-9fa1-4822-ac50-c4215993536c/commons-logging_commons-logging-1.1.3.jar to class loader default
[2024-06-19T09:13:08.413+0000] {docker.py:413} INFO - 24/06/19 09:13:08 INFO Executor: Fetching spark://localhost:34539/jars/org.apache.commons_commons-pool2-2.11.1.jar with timestamp 1718788387694
[2024-06-19T09:13:08.413+0000] {docker.py:413} INFO - 24/06/19 09:13:08 INFO Utils: Fetching spark://localhost:34539/jars/org.apache.commons_commons-pool2-2.11.1.jar to /tmp/spark-70cff432-3f5e-407a-b424-33ac0b5a110a/userFiles-dd7cf425-9fa1-4822-ac50-c4215993536c/fetchFileTemp16638674099025631993.tmp
[2024-06-19T09:13:08.414+0000] {docker.py:413} INFO - 24/06/19 09:13:08 INFO Utils: /tmp/spark-70cff432-3f5e-407a-b424-33ac0b5a110a/userFiles-dd7cf425-9fa1-4822-ac50-c4215993536c/fetchFileTemp16638674099025631993.tmp has been previously copied to /tmp/spark-70cff432-3f5e-407a-b424-33ac0b5a110a/userFiles-dd7cf425-9fa1-4822-ac50-c4215993536c/org.apache.commons_commons-pool2-2.11.1.jar
[2024-06-19T09:13:08.415+0000] {docker.py:413} INFO - 24/06/19 09:13:08 INFO Executor: Adding file:/tmp/spark-70cff432-3f5e-407a-b424-33ac0b5a110a/userFiles-dd7cf425-9fa1-4822-ac50-c4215993536c/org.apache.commons_commons-pool2-2.11.1.jar to class loader default
[2024-06-19T09:13:08.415+0000] {docker.py:413} INFO - 24/06/19 09:13:08 INFO Executor: Fetching spark://localhost:34539/jars/com.google.code.findbugs_jsr305-3.0.0.jar with timestamp 1718788387694
[2024-06-19T09:13:08.415+0000] {docker.py:413} INFO - 24/06/19 09:13:08 INFO Utils: Fetching spark://localhost:34539/jars/com.google.code.findbugs_jsr305-3.0.0.jar to /tmp/spark-70cff432-3f5e-407a-b424-33ac0b5a110a/userFiles-dd7cf425-9fa1-4822-ac50-c4215993536c/fetchFileTemp2755711054006929651.tmp
[2024-06-19T09:13:08.416+0000] {docker.py:413} INFO - 24/06/19 09:13:08 INFO Utils: /tmp/spark-70cff432-3f5e-407a-b424-33ac0b5a110a/userFiles-dd7cf425-9fa1-4822-ac50-c4215993536c/fetchFileTemp2755711054006929651.tmp has been previously copied to /tmp/spark-70cff432-3f5e-407a-b424-33ac0b5a110a/userFiles-dd7cf425-9fa1-4822-ac50-c4215993536c/com.google.code.findbugs_jsr305-3.0.0.jar
[2024-06-19T09:13:08.417+0000] {docker.py:413} INFO - 24/06/19 09:13:08 INFO Executor: Adding file:/tmp/spark-70cff432-3f5e-407a-b424-33ac0b5a110a/userFiles-dd7cf425-9fa1-4822-ac50-c4215993536c/com.google.code.findbugs_jsr305-3.0.0.jar to class loader default
[2024-06-19T09:13:08.417+0000] {docker.py:413} INFO - 24/06/19 09:13:08 INFO Executor: Fetching spark://localhost:34539/jars/org.slf4j_slf4j-api-2.0.7.jar with timestamp 1718788387694
[2024-06-19T09:13:08.417+0000] {docker.py:413} INFO - 24/06/19 09:13:08 INFO Utils: Fetching spark://localhost:34539/jars/org.slf4j_slf4j-api-2.0.7.jar to /tmp/spark-70cff432-3f5e-407a-b424-33ac0b5a110a/userFiles-dd7cf425-9fa1-4822-ac50-c4215993536c/fetchFileTemp11241914367510592632.tmp
[2024-06-19T09:13:08.418+0000] {docker.py:413} INFO - 24/06/19 09:13:08 INFO Utils: /tmp/spark-70cff432-3f5e-407a-b424-33ac0b5a110a/userFiles-dd7cf425-9fa1-4822-ac50-c4215993536c/fetchFileTemp11241914367510592632.tmp has been previously copied to /tmp/spark-70cff432-3f5e-407a-b424-33ac0b5a110a/userFiles-dd7cf425-9fa1-4822-ac50-c4215993536c/org.slf4j_slf4j-api-2.0.7.jar
[2024-06-19T09:13:08.419+0000] {docker.py:413} INFO - 24/06/19 09:13:08 INFO Executor: Adding file:/tmp/spark-70cff432-3f5e-407a-b424-33ac0b5a110a/userFiles-dd7cf425-9fa1-4822-ac50-c4215993536c/org.slf4j_slf4j-api-2.0.7.jar to class loader default
[2024-06-19T09:13:08.420+0000] {docker.py:413} INFO - 24/06/19 09:13:08 INFO Executor: Fetching spark://localhost:34539/jars/org.apache.kafka_kafka-clients-3.4.1.jar with timestamp 1718788387694
[2024-06-19T09:13:08.420+0000] {docker.py:413} INFO - 24/06/19 09:13:08 INFO Utils: Fetching spark://localhost:34539/jars/org.apache.kafka_kafka-clients-3.4.1.jar to /tmp/spark-70cff432-3f5e-407a-b424-33ac0b5a110a/userFiles-dd7cf425-9fa1-4822-ac50-c4215993536c/fetchFileTemp14359457662603905429.tmp
[2024-06-19T09:13:08.427+0000] {docker.py:413} INFO - 24/06/19 09:13:08 INFO Utils: /tmp/spark-70cff432-3f5e-407a-b424-33ac0b5a110a/userFiles-dd7cf425-9fa1-4822-ac50-c4215993536c/fetchFileTemp14359457662603905429.tmp has been previously copied to /tmp/spark-70cff432-3f5e-407a-b424-33ac0b5a110a/userFiles-dd7cf425-9fa1-4822-ac50-c4215993536c/org.apache.kafka_kafka-clients-3.4.1.jar
[2024-06-19T09:13:08.428+0000] {docker.py:413} INFO - 24/06/19 09:13:08 INFO Executor: Adding file:/tmp/spark-70cff432-3f5e-407a-b424-33ac0b5a110a/userFiles-dd7cf425-9fa1-4822-ac50-c4215993536c/org.apache.kafka_kafka-clients-3.4.1.jar to class loader default
[2024-06-19T09:13:08.428+0000] {docker.py:413} INFO - 24/06/19 09:13:08 INFO Executor: Fetching spark://localhost:34539/jars/org.lz4_lz4-java-1.8.0.jar with timestamp 1718788387694
[2024-06-19T09:13:08.429+0000] {docker.py:413} INFO - 24/06/19 09:13:08 INFO Utils: Fetching spark://localhost:34539/jars/org.lz4_lz4-java-1.8.0.jar to /tmp/spark-70cff432-3f5e-407a-b424-33ac0b5a110a/userFiles-dd7cf425-9fa1-4822-ac50-c4215993536c/fetchFileTemp8760450000622675383.tmp
[2024-06-19T09:13:08.430+0000] {docker.py:413} INFO - 24/06/19 09:13:08 INFO Utils: /tmp/spark-70cff432-3f5e-407a-b424-33ac0b5a110a/userFiles-dd7cf425-9fa1-4822-ac50-c4215993536c/fetchFileTemp8760450000622675383.tmp has been previously copied to /tmp/spark-70cff432-3f5e-407a-b424-33ac0b5a110a/userFiles-dd7cf425-9fa1-4822-ac50-c4215993536c/org.lz4_lz4-java-1.8.0.jar
[2024-06-19T09:13:08.432+0000] {docker.py:413} INFO - 24/06/19 09:13:08 INFO Executor: Adding file:/tmp/spark-70cff432-3f5e-407a-b424-33ac0b5a110a/userFiles-dd7cf425-9fa1-4822-ac50-c4215993536c/org.lz4_lz4-java-1.8.0.jar to class loader default
[2024-06-19T09:13:08.436+0000] {docker.py:413} INFO - 24/06/19 09:13:08 INFO Utils: Successfully started service 'org.apache.spark.network.netty.NettyBlockTransferService' on port 40699.
24/06/19 09:13:08 INFO NettyBlockTransferService: Server created on localhost:40699
[2024-06-19T09:13:08.437+0000] {docker.py:413} INFO - 24/06/19 09:13:08 INFO BlockManager: Using org.apache.spark.storage.RandomBlockReplicationPolicy for block replication policy
[2024-06-19T09:13:08.440+0000] {docker.py:413} INFO - 24/06/19 09:13:08 INFO BlockManagerMaster: Registering BlockManager BlockManagerId(driver, localhost, 40699, None)
[2024-06-19T09:13:08.442+0000] {docker.py:413} INFO - 24/06/19 09:13:08 INFO BlockManagerMasterEndpoint: Registering block manager localhost:40699 with 434.4 MiB RAM, BlockManagerId(driver, localhost, 40699, None)
[2024-06-19T09:13:08.443+0000] {docker.py:413} INFO - 24/06/19 09:13:08 INFO BlockManagerMaster: Registered BlockManager BlockManagerId(driver, localhost, 40699, None)
[2024-06-19T09:13:08.443+0000] {docker.py:413} INFO - 24/06/19 09:13:08 INFO BlockManager: Initialized BlockManager: BlockManagerId(driver, localhost, 40699, None)
[2024-06-19T09:13:08.623+0000] {docker.py:413} INFO - 2024-06-19 09:13:08,621:create_spark_session:INFO:Spark session created successfully
[2024-06-19T09:13:08.627+0000] {docker.py:413} INFO - 24/06/19 09:13:08 INFO SharedState: Setting hive.metastore.warehouse.dir ('null') to the value of spark.sql.warehouse.dir.
[2024-06-19T09:13:08.628+0000] {docker.py:413} INFO - 24/06/19 09:13:08 INFO SharedState: Warehouse path is 'file:/opt/bitnami/spark/spark-warehouse'.
[2024-06-19T09:13:09.370+0000] {docker.py:413} INFO - 2024-06-19 09:13:09,369:create_initial_dataframe:INFO:Initial dataframe created successfully
[2024-06-19T09:13:09.384+0000] {docker.py:413} INFO - 2024-06-19 09:13:09,383:create_initial_dataframe:INFO:Initial dataframe created successfully
[2024-06-19T09:13:09.397+0000] {docker.py:413} INFO - 2024-06-19 09:13:09,395:create_initial_dataframe:INFO:Initial dataframe created successfully
[2024-06-19T09:13:09.698+0000] {docker.py:413} INFO - 24/06/19 09:13:09 WARN SparkStringUtils: Truncated the string representation of a plan since it was too large. This behavior can be adjusted by setting 'spark.sql.debug.maxToStringFields'.
[2024-06-19T09:13:09.845+0000] {docker.py:413} INFO - 2024-06-19 09:13:09,844:start_streaming:INFO:Start streaming into {keys}
[2024-06-19T09:13:09.996+0000] {docker.py:413} INFO - Traceback (most recent call last):
  File "/opt/bitnami/spark/spark_streaming.py", line 153, in <module>
[2024-06-19T09:13:09.997+0000] {docker.py:413} INFO - write_to_postgres()
  File "/opt/bitnami/spark/spark_streaming.py", line 149, in write_to_postgres
    start_streaming(df_final, spark=spark)
[2024-06-19T09:13:09.997+0000] {docker.py:413} INFO - File "/opt/bitnami/spark/spark_streaming.py", line 137, in start_streaming
[2024-06-19T09:13:09.998+0000] {docker.py:413} INFO - query = df.write.jdbc(
            ^^^^^^^^
  File "/opt/bitnami/spark/python/lib/pyspark.zip/pyspark/sql/dataframe.py", line 509, in write
  File "/opt/bitnami/spark/python/lib/pyspark.zip/pyspark/sql/readwriter.py", line 964, in __init__
  File "/opt/bitnami/spark/python/lib/py4j-0.10.9.7-src.zip/py4j/java_gateway.py", line 1322, in __call__
  File "/opt/bitnami/spark/python/lib/pyspark.zip/pyspark/errors/exceptions/captured.py", line 185, in deco
pyspark.errors.exceptions.captured.AnalysisException
[2024-06-19T09:13:10.001+0000] {docker.py:413} INFO - : [CALL_ON_STREAMING_DATASET_UNSUPPORTED] The method `write` can not be called on streaming Dataset/DataFrame.
[2024-06-19T09:13:10.004+0000] {docker.py:413} INFO - 2024-06-19 09:13:10,000:close:INFO:Closing down clientserver connection
[2024-06-19T09:13:10.024+0000] {docker.py:413} INFO - 24/06/19 09:13:10 INFO SparkContext: Invoking stop() from shutdown hook
[2024-06-19T09:13:10.024+0000] {docker.py:413} INFO - 24/06/19 09:13:10 INFO SparkContext: SparkContext is stopping with exitCode 0.
[2024-06-19T09:13:10.030+0000] {docker.py:413} INFO - 24/06/19 09:13:10 INFO SparkUI: Stopped Spark web UI at http://localhost:4040
[2024-06-19T09:13:10.036+0000] {docker.py:413} INFO - 24/06/19 09:13:10 INFO MapOutputTrackerMasterEndpoint: MapOutputTrackerMasterEndpoint stopped!
[2024-06-19T09:13:10.042+0000] {docker.py:413} INFO - 24/06/19 09:13:10 INFO MemoryStore: MemoryStore cleared
[2024-06-19T09:13:10.042+0000] {docker.py:413} INFO - 24/06/19 09:13:10 INFO BlockManager: BlockManager stopped
[2024-06-19T09:13:10.045+0000] {docker.py:413} INFO - 24/06/19 09:13:10 INFO BlockManagerMaster: BlockManagerMaster stopped
[2024-06-19T09:13:10.046+0000] {docker.py:413} INFO - 24/06/19 09:13:10 INFO OutputCommitCoordinator$OutputCommitCoordinatorEndpoint: OutputCommitCoordinator stopped!
[2024-06-19T09:13:10.055+0000] {docker.py:413} INFO - 24/06/19 09:13:10 INFO SparkContext: Successfully stopped SparkContext
24/06/19 09:13:10 INFO ShutdownHookManager: Shutdown hook called
[2024-06-19T09:13:10.056+0000] {docker.py:413} INFO - 24/06/19 09:13:10 INFO ShutdownHookManager: Deleting directory /tmp/spark-70cff432-3f5e-407a-b424-33ac0b5a110a
[2024-06-19T09:13:10.058+0000] {docker.py:413} INFO - 24/06/19 09:13:10 INFO ShutdownHookManager: Deleting directory /tmp/spark-f8b7581b-2798-45e5-bc7d-61bdf6d39692
[2024-06-19T09:13:10.059+0000] {docker.py:413} INFO - 24/06/19 09:13:10 INFO ShutdownHookManager: Deleting directory /tmp/spark-70cff432-3f5e-407a-b424-33ac0b5a110a/pyspark-25ea8bc4-1814-4b9f-be57-68a10cdf596b
[2024-06-19T09:13:10.348+0000] {taskinstance.py:1937} ERROR - Task failed with exception
Traceback (most recent call last):
  File "/home/airflow/.local/lib/python3.8/site-packages/docker/api/client.py", line 268, in _raise_for_status
    response.raise_for_status()
  File "/home/airflow/.local/lib/python3.8/site-packages/requests/models.py", line 1021, in raise_for_status
    raise HTTPError(http_error_msg, response=self)
requests.exceptions.HTTPError: 400 Client Error: Bad Request for url: http://docker-proxy:2375/v1.44/containers/create

The above exception was the direct cause of the following exception:

Traceback (most recent call last):
  File "/home/airflow/.local/lib/python3.8/site-packages/airflow/providers/docker/operators/docker.py", line 348, in _run_image
    return self._run_image_with_mounts([*self.mounts, tmp_mount], add_tmp_variable=True)
  File "/home/airflow/.local/lib/python3.8/site-packages/airflow/providers/docker/operators/docker.py", line 375, in _run_image_with_mounts
    self.container = self.cli.create_container(
  File "/home/airflow/.local/lib/python3.8/site-packages/docker/api/container.py", line 431, in create_container
    return self.create_container_from_config(config, name, platform)
  File "/home/airflow/.local/lib/python3.8/site-packages/docker/api/container.py", line 448, in create_container_from_config
    return self._result(res, True)
  File "/home/airflow/.local/lib/python3.8/site-packages/docker/api/client.py", line 274, in _result
    self._raise_for_status(response)
  File "/home/airflow/.local/lib/python3.8/site-packages/docker/api/client.py", line 270, in _raise_for_status
    raise create_api_error_from_http_exception(e) from e
  File "/home/airflow/.local/lib/python3.8/site-packages/docker/errors.py", line 39, in create_api_error_from_http_exception
    raise cls(e, response=response, explanation=explanation) from e
docker.errors.APIError: 400 Client Error for http://docker-proxy:2375/v1.44/containers/create: Bad Request ("invalid mount config for type "bind": bind source path does not exist: /host_mnt/private/tmp/airflowtmphdu42ady")

During handling of the above exception, another exception occurred:

Traceback (most recent call last):
  File "/home/airflow/.local/lib/python3.8/site-packages/airflow/providers/docker/operators/docker.py", line 486, in execute
    return self._run_image()
  File "/home/airflow/.local/lib/python3.8/site-packages/airflow/providers/docker/operators/docker.py", line 357, in _run_image
    return self._run_image_with_mounts(self.mounts, add_tmp_variable=False)
  File "/home/airflow/.local/lib/python3.8/site-packages/airflow/providers/docker/operators/docker.py", line 421, in _run_image_with_mounts
    raise DockerContainerFailedException(f"Docker container failed: {result!r}", logs=log_lines)
airflow.providers.docker.exceptions.DockerContainerFailedException: Docker container failed: {'StatusCode': 1}
[2024-06-19T09:13:10.352+0000] {taskinstance.py:1400} INFO - Marking task as FAILED. dag_id=kafka_spark_dag, task_id=pyspark_consumer, execution_date=20240619T090638, start_date=20240619T091230, end_date=20240619T091310
[2024-06-19T09:13:10.375+0000] {standard_task_runner.py:104} ERROR - Failed to execute job 130 for task pyspark_consumer (Docker container failed: {'StatusCode': 1}; 8233)
[2024-06-19T09:13:10.393+0000] {local_task_job_runner.py:228} INFO - Task exited with return code 1
[2024-06-19T09:13:10.424+0000] {taskinstance.py:2778} INFO - 0 downstream tasks scheduled from follow-on schedule check
