[2024-06-19T06:08:16.989+0000] {taskinstance.py:1159} INFO - Dependencies all met for dep_context=non-requeueable deps ti=<TaskInstance: kafka_spark_dag.pyspark_consumer scheduled__2024-06-19T06:03:11.915310+00:00 [queued]>
[2024-06-19T06:08:16.993+0000] {taskinstance.py:1159} INFO - Dependencies all met for dep_context=requeueable deps ti=<TaskInstance: kafka_spark_dag.pyspark_consumer scheduled__2024-06-19T06:03:11.915310+00:00 [queued]>
[2024-06-19T06:08:16.994+0000] {taskinstance.py:1361} INFO - Starting attempt 1 of 2
[2024-06-19T06:08:17.001+0000] {taskinstance.py:1382} INFO - Executing <Task(DockerOperator): pyspark_consumer> on 2024-06-19 06:03:11.915310+00:00
[2024-06-19T06:08:17.004+0000] {standard_task_runner.py:57} INFO - Started process 4250 to run task
[2024-06-19T06:08:17.006+0000] {standard_task_runner.py:84} INFO - Running: ['***', 'tasks', 'run', 'kafka_spark_dag', 'pyspark_consumer', 'scheduled__2024-06-19T06:03:11.915310+00:00', '--job-id', '70', '--raw', '--subdir', 'DAGS_FOLDER/dag_kafka_spark.py', '--cfg-path', '/tmp/tmpkuib0v0s']
[2024-06-19T06:08:17.007+0000] {standard_task_runner.py:85} INFO - Job 70: Subtask pyspark_consumer
[2024-06-19T06:08:17.029+0000] {task_command.py:416} INFO - Running <TaskInstance: kafka_spark_dag.pyspark_consumer scheduled__2024-06-19T06:03:11.915310+00:00 [running]> on host 2ad9230613d5
[2024-06-19T06:08:17.063+0000] {taskinstance.py:1662} INFO - Exporting env vars: AIRFLOW_CTX_DAG_OWNER='***' AIRFLOW_CTX_DAG_ID='kafka_spark_dag' AIRFLOW_CTX_TASK_ID='pyspark_consumer' AIRFLOW_CTX_EXECUTION_DATE='2024-06-19T06:03:11.915310+00:00' AIRFLOW_CTX_TRY_NUMBER='1' AIRFLOW_CTX_DAG_RUN_ID='scheduled__2024-06-19T06:03:11.915310+00:00'
[2024-06-19T06:08:17.132+0000] {docker.py:343} INFO - Starting docker container from image rappel-conso/spark:latest
[2024-06-19T06:08:17.187+0000] {docker.py:351} WARNING - Using remote engine or docker-in-docker and mounting temporary volume from host is not supported. Falling back to `mount_tmp_dir=False` mode. You can set `mount_tmp_dir` parameter to False to disable mounting and remove the warning
[2024-06-19T06:08:17.525+0000] {docker.py:413} INFO - [38;5;6mspark [38;5;5m06:08:17.52 [0m[38;5;2mINFO [0m ==>
[2024-06-19T06:08:17.527+0000] {docker.py:413} INFO - [38;5;6mspark [38;5;5m06:08:17.52 [0m[38;5;2mINFO [0m ==> [1mWelcome to the Bitnami spark container[0m
[2024-06-19T06:08:17.528+0000] {docker.py:413} INFO - [38;5;6mspark [38;5;5m06:08:17.52 [0m[38;5;2mINFO [0m ==> Subscribe to project updates by watching [1mhttps://github.com/bitnami/containers[0m
[2024-06-19T06:08:17.529+0000] {docker.py:413} INFO - [38;5;6mspark [38;5;5m06:08:17.52 [0m[38;5;2mINFO [0m ==> Submit issues and feature requests at [1mhttps://github.com/bitnami/containers/issues[0m
[2024-06-19T06:08:17.530+0000] {docker.py:413} INFO - [38;5;6mspark [38;5;5m06:08:17.52 [0m[38;5;2mINFO [0m ==>
[2024-06-19T06:08:17.539+0000] {docker.py:413} INFO - 
[2024-06-19T06:08:18.566+0000] {docker.py:413} INFO - :: loading settings :: url = jar:file:/opt/bitnami/spark/jars/ivy-2.5.1.jar!/org/apache/ivy/core/settings/ivysettings.xml
[2024-06-19T06:08:18.598+0000] {docker.py:413} INFO - Ivy Default Cache set to: /opt/bitnami/spark/.ivy2/cache
The jars for the packages stored in: /opt/bitnami/spark/.ivy2/jars
[2024-06-19T06:08:18.601+0000] {docker.py:413} INFO - org.postgresql#postgresql added as a dependency
org.apache.spark#spark-sql-kafka-0-10_2.12 added as a dependency
[2024-06-19T06:08:18.601+0000] {docker.py:413} INFO - :: resolving dependencies :: org.apache.spark#spark-submit-parent-6dc1cc5a-298c-4407-8fa0-70d9fbfd37f7;1.0
	confs: [default]
[2024-06-19T06:08:21.655+0000] {docker.py:413} INFO - found org.postgresql#postgresql;42.5.4 in central
[2024-06-19T06:08:22.851+0000] {docker.py:413} INFO - found org.checkerframework#checker-qual;3.5.0 in central
[2024-06-19T06:08:31.493+0000] {docker.py:413} INFO - found org.apache.spark#spark-sql-kafka-0-10_2.12;3.5.0 in central
[2024-06-19T06:08:32.943+0000] {docker.py:413} INFO - found org.apache.spark#spark-token-provider-kafka-0-10_2.12;3.5.0 in central
[2024-06-19T06:08:34.190+0000] {docker.py:413} INFO - found org.apache.kafka#kafka-clients;3.4.1 in central
[2024-06-19T06:08:35.417+0000] {docker.py:413} INFO - found org.lz4#lz4-java;1.8.0 in central
[2024-06-19T06:08:36.635+0000] {docker.py:413} INFO - found org.xerial.snappy#snappy-java;1.1.10.3 in central
[2024-06-19T06:08:40.969+0000] {docker.py:413} INFO - found org.slf4j#slf4j-api;2.0.7 in central
[2024-06-19T06:08:50.443+0000] {docker.py:413} INFO - found org.apache.hadoop#hadoop-client-runtime;3.3.4 in central
[2024-06-19T06:08:51.781+0000] {docker.py:413} INFO - found org.apache.hadoop#hadoop-client-api;3.3.4 in central
[2024-06-19T06:08:59.133+0000] {docker.py:413} INFO - found commons-logging#commons-logging;1.1.3 in central
[2024-06-19T06:09:00.352+0000] {docker.py:413} INFO - found com.google.code.findbugs#jsr305;3.0.0 in central
[2024-06-19T06:12:53.962+0000] {docker.py:413} INFO - found org.apache.commons#commons-pool2;2.11.1 in central
[2024-06-19T06:12:54.880+0000] {docker.py:413} INFO - downloading https://repo1.maven.org/maven2/org/postgresql/postgresql/42.5.4/postgresql-42.5.4.jar ...
[2024-06-19T06:12:56.371+0000] {docker.py:413} INFO - [SUCCESSFUL ] org.postgresql#postgresql;42.5.4!postgresql.jar (2391ms)
[2024-06-19T06:12:56.638+0000] {docker.py:413} INFO - downloading https://repo1.maven.org/maven2/org/apache/spark/spark-sql-kafka-0-10_2.12/3.5.0/spark-sql-kafka-0-10_2.12-3.5.0.jar ...
[2024-06-19T06:12:56.962+0000] {docker.py:413} INFO - [SUCCESSFUL ] org.apache.spark#spark-sql-kafka-0-10_2.12;3.5.0!spark-sql-kafka-0-10_2.12.jar (590ms)
[2024-06-19T06:12:57.230+0000] {docker.py:413} INFO - downloading https://repo1.maven.org/maven2/org/checkerframework/checker-qual/3.5.0/checker-qual-3.5.0.jar ...
[2024-06-19T06:12:57.527+0000] {docker.py:413} INFO - [SUCCESSFUL ] org.checkerframework#checker-qual;3.5.0!checker-qual.jar (564ms)
[2024-06-19T06:12:57.798+0000] {docker.py:413} INFO - downloading https://repo1.maven.org/maven2/org/apache/spark/spark-token-provider-kafka-0-10_2.12/3.5.0/spark-token-provider-kafka-0-10_2.12-3.5.0.jar ...
[2024-06-19T06:12:58.077+0000] {docker.py:413} INFO - [SUCCESSFUL ] org.apache.spark#spark-token-provider-kafka-0-10_2.12;3.5.0!spark-token-provider-kafka-0-10_2.12.jar (547ms)
[2024-06-19T06:12:58.350+0000] {docker.py:413} INFO - downloading https://repo1.maven.org/maven2/org/apache/kafka/kafka-clients/3.4.1/kafka-clients-3.4.1.jar ...
[2024-06-19T06:12:59.490+0000] {docker.py:413} INFO - [SUCCESSFUL ] org.apache.kafka#kafka-clients;3.4.1!kafka-clients.jar (1410ms)
[2024-06-19T06:12:59.763+0000] {docker.py:413} INFO - downloading https://repo1.maven.org/maven2/com/google/code/findbugs/jsr305/3.0.0/jsr305-3.0.0.jar ...
[2024-06-19T06:13:00.052+0000] {docker.py:413} INFO - [SUCCESSFUL ] com.google.code.findbugs#jsr305;3.0.0!jsr305.jar (551ms)
[2024-06-19T06:13:00.317+0000] {docker.py:413} INFO - downloading https://repo1.maven.org/maven2/org/apache/commons/commons-pool2/2.11.1/commons-pool2-2.11.1.jar ...
[2024-06-19T06:13:00.605+0000] {docker.py:413} INFO - [SUCCESSFUL ] org.apache.commons#commons-pool2;2.11.1!commons-pool2.jar (557ms)
[2024-06-19T06:13:00.873+0000] {docker.py:413} INFO - downloading https://repo1.maven.org/maven2/org/apache/hadoop/hadoop-client-runtime/3.3.4/hadoop-client-runtime-3.3.4.jar ...
[2024-06-19T06:13:04.385+0000] {docker.py:413} INFO - [SUCCESSFUL ] org.apache.hadoop#hadoop-client-runtime;3.3.4!hadoop-client-runtime.jar (3776ms)
[2024-06-19T06:13:04.654+0000] {docker.py:413} INFO - downloading https://repo1.maven.org/maven2/org/lz4/lz4-java/1.8.0/lz4-java-1.8.0.jar ...
[2024-06-19T06:13:05.002+0000] {docker.py:413} INFO - [SUCCESSFUL ] org.lz4#lz4-java;1.8.0!lz4-java.jar (616ms)
[2024-06-19T06:13:05.423+0000] {docker.py:413} INFO - downloading https://repo1.maven.org/maven2/org/xerial/snappy/snappy-java/1.1.10.3/snappy-java-1.1.10.3.jar ...
[2024-06-19T06:13:05.912+0000] {docker.py:413} INFO - [SUCCESSFUL ] org.xerial.snappy#snappy-java;1.1.10.3!snappy-java.jar(bundle) (908ms)
[2024-06-19T06:13:06.181+0000] {docker.py:413} INFO - downloading https://repo1.maven.org/maven2/org/slf4j/slf4j-api/2.0.7/slf4j-api-2.0.7.jar ...
[2024-06-19T06:13:06.453+0000] {docker.py:413} INFO - [SUCCESSFUL ] org.slf4j#slf4j-api;2.0.7!slf4j-api.jar (538ms)
[2024-06-19T06:13:06.723+0000] {docker.py:413} INFO - downloading https://repo1.maven.org/maven2/org/apache/hadoop/hadoop-client-api/3.3.4/hadoop-client-api-3.3.4.jar ...
[2024-06-19T06:13:09.065+0000] {docker.py:413} INFO - [SUCCESSFUL ] org.apache.hadoop#hadoop-client-api;3.3.4!hadoop-client-api.jar (2609ms)
[2024-06-19T06:13:09.335+0000] {docker.py:413} INFO - downloading https://repo1.maven.org/maven2/commons-logging/commons-logging/1.1.3/commons-logging-1.1.3.jar ...
[2024-06-19T06:13:09.623+0000] {docker.py:413} INFO - [SUCCESSFUL ] commons-logging#commons-logging;1.1.3!commons-logging.jar (554ms)
[2024-06-19T06:13:09.628+0000] {docker.py:413} INFO - :: resolution report :: resolve 275378ms :: artifacts dl 15643ms
[2024-06-19T06:13:09.630+0000] {docker.py:413} INFO - :: modules in use:
[2024-06-19T06:13:09.631+0000] {docker.py:413} INFO - com.google.code.findbugs#jsr305;3.0.0 from central in [default]
	commons-logging#commons-logging;1.1.3 from central in [default]
	org.apache.commons#commons-pool2;2.11.1 from central in [default]
[2024-06-19T06:13:09.632+0000] {docker.py:413} INFO - org.apache.hadoop#hadoop-client-api;3.3.4 from central in [default]
	org.apache.hadoop#hadoop-client-runtime;3.3.4 from central in [default]
	org.apache.kafka#kafka-clients;3.4.1 from central in [default]
	org.apache.spark#spark-sql-kafka-0-10_2.12;3.5.0 from central in [default]
	org.apache.spark#spark-token-provider-kafka-0-10_2.12;3.5.0 from central in [default]
	org.checkerframework#checker-qual;3.5.0 from central in [default]
	org.lz4#lz4-java;1.8.0 from central in [default]
	org.postgresql#postgresql;42.5.4 from central in [default]
	org.slf4j#slf4j-api;2.0.7 from central in [default]
	org.xerial.snappy#snappy-java;1.1.10.3 from central in [default]
	---------------------------------------------------------------------
	|                  |            modules            ||   artifacts   |
	|       conf       | number| search|dwnlded|evicted|| number|dwnlded|
	---------------------------------------------------------------------
	|      default     |   13  |   13  |   13  |   0   ||   13  |   13  |
	---------------------------------------------------------------------
[2024-06-19T06:13:09.649+0000] {docker.py:413} INFO - :: problems summary ::
:::: ERRORS
	Server access error at url https://repos.spark-packages.org/org/apache/apache/23/apache-23.jar (java.net.ConnectException: Connection refused)

	Server access error at url https://repos.spark-packages.org/org/apache/commons/commons-parent/52/commons-parent-52.jar (java.net.ConnectException: Connection refused)

	Server access error at url https://repos.spark-packages.org/org/junit/junit-bom/5.8.0-M1/junit-bom-5.8.0-M1.jar (java.net.ConnectException: Connection refused)


:: USE VERBOSE OR DEBUG MESSAGE LEVEL FOR MORE DETAILS
[2024-06-19T06:13:09.651+0000] {docker.py:413} INFO - :: retrieving :: org.apache.spark#spark-submit-parent-6dc1cc5a-298c-4407-8fa0-70d9fbfd37f7
[2024-06-19T06:13:09.652+0000] {docker.py:413} INFO - confs: [default]
[2024-06-19T06:13:09.804+0000] {docker.py:413} INFO - 13 artifacts copied, 0 already retrieved (58001kB/153ms)
[2024-06-19T06:13:09.938+0000] {docker.py:413} INFO - 24/06/19 06:13:09 WARN NativeCodeLoader: Unable to load native-hadoop library for your platform... using builtin-java classes where applicable
[2024-06-19T06:13:10.606+0000] {docker.py:413} INFO - 24/06/19 06:13:10 INFO SparkContext: Running Spark version 3.5.0
[2024-06-19T06:13:10.610+0000] {docker.py:413} INFO - 24/06/19 06:13:10 INFO SparkContext: OS info Linux, 6.6.12-linuxkit, aarch64
[2024-06-19T06:13:10.611+0000] {docker.py:413} INFO - 24/06/19 06:13:10 INFO SparkContext: Java version 17.0.10
[2024-06-19T06:13:10.621+0000] {docker.py:413} INFO - 24/06/19 06:13:10 INFO ResourceUtils: ==============================================================
[2024-06-19T06:13:10.621+0000] {docker.py:413} INFO - 24/06/19 06:13:10 INFO ResourceUtils: No custom resources configured for spark.driver.
[2024-06-19T06:13:10.622+0000] {docker.py:413} INFO - 24/06/19 06:13:10 INFO ResourceUtils: ==============================================================
[2024-06-19T06:13:10.622+0000] {docker.py:413} INFO - 24/06/19 06:13:10 INFO SparkContext: Submitted application: PostgreSQL Connection with PySpark
[2024-06-19T06:13:10.631+0000] {docker.py:413} INFO - 24/06/19 06:13:10 INFO ResourceProfile: Default ResourceProfile created, executor resources: Map(cores -> name: cores, amount: 1, script: , vendor: , memory -> name: memory, amount: 1024, script: , vendor: , offHeap -> name: offHeap, amount: 0, script: , vendor: ), task resources: Map(cpus -> name: cpus, amount: 1.0)
[2024-06-19T06:13:10.636+0000] {docker.py:413} INFO - 24/06/19 06:13:10 INFO ResourceProfile: Limiting resource is cpu
[2024-06-19T06:13:10.636+0000] {docker.py:413} INFO - 24/06/19 06:13:10 INFO ResourceProfileManager: Added ResourceProfile id: 0
[2024-06-19T06:13:10.665+0000] {docker.py:413} INFO - 24/06/19 06:13:10 INFO SecurityManager: Changing view acls to: spark
[2024-06-19T06:13:10.665+0000] {docker.py:413} INFO - 24/06/19 06:13:10 INFO SecurityManager: Changing modify acls to: spark
[2024-06-19T06:13:10.666+0000] {docker.py:413} INFO - 24/06/19 06:13:10 INFO SecurityManager: Changing view acls groups to:
[2024-06-19T06:13:10.666+0000] {docker.py:413} INFO - 24/06/19 06:13:10 INFO SecurityManager: Changing modify acls groups to:
[2024-06-19T06:13:10.666+0000] {docker.py:413} INFO - 24/06/19 06:13:10 INFO SecurityManager: SecurityManager: authentication disabled; ui acls disabled; users with view permissions: spark; groups with view permissions: EMPTY; users with modify permissions: spark; groups with modify permissions: EMPTY
[2024-06-19T06:13:10.771+0000] {docker.py:413} INFO - 24/06/19 06:13:10 INFO Utils: Successfully started service 'sparkDriver' on port 39455.
[2024-06-19T06:13:10.784+0000] {docker.py:413} INFO - 24/06/19 06:13:10 INFO SparkEnv: Registering MapOutputTracker
[2024-06-19T06:13:10.801+0000] {docker.py:413} INFO - 24/06/19 06:13:10 INFO SparkEnv: Registering BlockManagerMaster
[2024-06-19T06:13:10.810+0000] {docker.py:413} INFO - 24/06/19 06:13:10 INFO BlockManagerMasterEndpoint: Using org.apache.spark.storage.DefaultTopologyMapper for getting topology information
[2024-06-19T06:13:10.810+0000] {docker.py:413} INFO - 24/06/19 06:13:10 INFO BlockManagerMasterEndpoint: BlockManagerMasterEndpoint up
[2024-06-19T06:13:10.812+0000] {docker.py:413} INFO - 24/06/19 06:13:10 INFO SparkEnv: Registering BlockManagerMasterHeartbeat
[2024-06-19T06:13:10.823+0000] {docker.py:413} INFO - 24/06/19 06:13:10 INFO DiskBlockManager: Created local directory at /tmp/blockmgr-24ce8f0e-5b6c-430e-ba8e-9523262429a7
[2024-06-19T06:13:10.830+0000] {docker.py:413} INFO - 24/06/19 06:13:10 INFO MemoryStore: MemoryStore started with capacity 434.4 MiB
[2024-06-19T06:13:10.838+0000] {docker.py:413} INFO - 24/06/19 06:13:10 INFO SparkEnv: Registering OutputCommitCoordinator
[2024-06-19T06:13:10.938+0000] {docker.py:413} INFO - 24/06/19 06:13:10 INFO JettyUtils: Start Jetty 0.0.0.0:4040 for SparkUI
[2024-06-19T06:13:10.971+0000] {docker.py:413} INFO - 24/06/19 06:13:10 INFO Utils: Successfully started service 'SparkUI' on port 4040.
[2024-06-19T06:13:10.991+0000] {docker.py:413} INFO - 24/06/19 06:13:10 INFO SparkContext: Added JAR file:///opt/bitnami/spark/.ivy2/jars/org.postgresql_postgresql-42.5.4.jar at spark://localhost:39455/jars/org.postgresql_postgresql-42.5.4.jar with timestamp 1718777590600
24/06/19 06:13:10 INFO SparkContext: Added JAR file:///opt/bitnami/spark/.ivy2/jars/org.apache.spark_spark-sql-kafka-0-10_2.12-3.5.0.jar at spark://localhost:39455/jars/org.apache.spark_spark-sql-kafka-0-10_2.12-3.5.0.jar with timestamp 1718777590600
[2024-06-19T06:13:10.991+0000] {docker.py:413} INFO - 24/06/19 06:13:10 INFO SparkContext: Added JAR file:///opt/bitnami/spark/.ivy2/jars/org.checkerframework_checker-qual-3.5.0.jar at spark://localhost:39455/jars/org.checkerframework_checker-qual-3.5.0.jar with timestamp 1718777590600
[2024-06-19T06:13:10.992+0000] {docker.py:413} INFO - 24/06/19 06:13:10 INFO SparkContext: Added JAR file:///opt/bitnami/spark/.ivy2/jars/org.apache.spark_spark-token-provider-kafka-0-10_2.12-3.5.0.jar at spark://localhost:39455/jars/org.apache.spark_spark-token-provider-kafka-0-10_2.12-3.5.0.jar with timestamp 1718777590600
[2024-06-19T06:13:10.992+0000] {docker.py:413} INFO - 24/06/19 06:13:10 INFO SparkContext: Added JAR file:///opt/bitnami/spark/.ivy2/jars/org.apache.kafka_kafka-clients-3.4.1.jar at spark://localhost:39455/jars/org.apache.kafka_kafka-clients-3.4.1.jar with timestamp 1718777590600
24/06/19 06:13:10 INFO SparkContext: Added JAR file:///opt/bitnami/spark/.ivy2/jars/com.google.code.findbugs_jsr305-3.0.0.jar at spark://localhost:39455/jars/com.google.code.findbugs_jsr305-3.0.0.jar with timestamp 1718777590600
[2024-06-19T06:13:10.992+0000] {docker.py:413} INFO - 24/06/19 06:13:10 INFO SparkContext: Added JAR file:///opt/bitnami/spark/.ivy2/jars/org.apache.commons_commons-pool2-2.11.1.jar at spark://localhost:39455/jars/org.apache.commons_commons-pool2-2.11.1.jar with timestamp 1718777590600
[2024-06-19T06:13:10.992+0000] {docker.py:413} INFO - 24/06/19 06:13:10 INFO SparkContext: Added JAR file:///opt/bitnami/spark/.ivy2/jars/org.apache.hadoop_hadoop-client-runtime-3.3.4.jar at spark://localhost:39455/jars/org.apache.hadoop_hadoop-client-runtime-3.3.4.jar with timestamp 1718777590600
[2024-06-19T06:13:10.993+0000] {docker.py:413} INFO - 24/06/19 06:13:10 INFO SparkContext: Added JAR file:///opt/bitnami/spark/.ivy2/jars/org.lz4_lz4-java-1.8.0.jar at spark://localhost:39455/jars/org.lz4_lz4-java-1.8.0.jar with timestamp 1718777590600
24/06/19 06:13:10 INFO SparkContext: Added JAR file:///opt/bitnami/spark/.ivy2/jars/org.xerial.snappy_snappy-java-1.1.10.3.jar at spark://localhost:39455/jars/org.xerial.snappy_snappy-java-1.1.10.3.jar with timestamp 1718777590600
24/06/19 06:13:10 INFO SparkContext: Added JAR file:///opt/bitnami/spark/.ivy2/jars/org.slf4j_slf4j-api-2.0.7.jar at spark://localhost:39455/jars/org.slf4j_slf4j-api-2.0.7.jar with timestamp 1718777590600
24/06/19 06:13:10 INFO SparkContext: Added JAR file:///opt/bitnami/spark/.ivy2/jars/org.apache.hadoop_hadoop-client-api-3.3.4.jar at spark://localhost:39455/jars/org.apache.hadoop_hadoop-client-api-3.3.4.jar with timestamp 1718777590600
24/06/19 06:13:10 INFO SparkContext: Added JAR file:///opt/bitnami/spark/.ivy2/jars/commons-logging_commons-logging-1.1.3.jar at spark://localhost:39455/jars/commons-logging_commons-logging-1.1.3.jar with timestamp 1718777590600
[2024-06-19T06:13:10.993+0000] {docker.py:413} INFO - 24/06/19 06:13:10 INFO SparkContext: Added file file:///opt/bitnami/spark/.ivy2/jars/org.postgresql_postgresql-42.5.4.jar at file:///opt/bitnami/spark/.ivy2/jars/org.postgresql_postgresql-42.5.4.jar with timestamp 1718777590600
[2024-06-19T06:13:10.994+0000] {docker.py:413} INFO - 24/06/19 06:13:10 INFO Utils: Copying /opt/bitnami/spark/.ivy2/jars/org.postgresql_postgresql-42.5.4.jar to /tmp/spark-ca91177e-7af6-413c-83fc-8a274e258716/userFiles-941f06e7-9857-4d20-98c1-c0c38d992c0c/org.postgresql_postgresql-42.5.4.jar
[2024-06-19T06:13:11.002+0000] {docker.py:413} INFO - 24/06/19 06:13:11 INFO SparkContext: Added file file:///opt/bitnami/spark/.ivy2/jars/org.apache.spark_spark-sql-kafka-0-10_2.12-3.5.0.jar at file:///opt/bitnami/spark/.ivy2/jars/org.apache.spark_spark-sql-kafka-0-10_2.12-3.5.0.jar with timestamp 1718777590600
24/06/19 06:13:11 INFO Utils: Copying /opt/bitnami/spark/.ivy2/jars/org.apache.spark_spark-sql-kafka-0-10_2.12-3.5.0.jar to /tmp/spark-ca91177e-7af6-413c-83fc-8a274e258716/userFiles-941f06e7-9857-4d20-98c1-c0c38d992c0c/org.apache.spark_spark-sql-kafka-0-10_2.12-3.5.0.jar
[2024-06-19T06:13:11.004+0000] {docker.py:413} INFO - 24/06/19 06:13:11 INFO SparkContext: Added file file:///opt/bitnami/spark/.ivy2/jars/org.checkerframework_checker-qual-3.5.0.jar at file:///opt/bitnami/spark/.ivy2/jars/org.checkerframework_checker-qual-3.5.0.jar with timestamp 1718777590600
[2024-06-19T06:13:11.005+0000] {docker.py:413} INFO - 24/06/19 06:13:11 INFO Utils: Copying /opt/bitnami/spark/.ivy2/jars/org.checkerframework_checker-qual-3.5.0.jar to /tmp/spark-ca91177e-7af6-413c-83fc-8a274e258716/userFiles-941f06e7-9857-4d20-98c1-c0c38d992c0c/org.checkerframework_checker-qual-3.5.0.jar
[2024-06-19T06:13:11.007+0000] {docker.py:413} INFO - 24/06/19 06:13:11 INFO SparkContext: Added file file:///opt/bitnami/spark/.ivy2/jars/org.apache.spark_spark-token-provider-kafka-0-10_2.12-3.5.0.jar at file:///opt/bitnami/spark/.ivy2/jars/org.apache.spark_spark-token-provider-kafka-0-10_2.12-3.5.0.jar with timestamp 1718777590600
[2024-06-19T06:13:11.007+0000] {docker.py:413} INFO - 24/06/19 06:13:11 INFO Utils: Copying /opt/bitnami/spark/.ivy2/jars/org.apache.spark_spark-token-provider-kafka-0-10_2.12-3.5.0.jar to /tmp/spark-ca91177e-7af6-413c-83fc-8a274e258716/userFiles-941f06e7-9857-4d20-98c1-c0c38d992c0c/org.apache.spark_spark-token-provider-kafka-0-10_2.12-3.5.0.jar
[2024-06-19T06:13:11.009+0000] {docker.py:413} INFO - 24/06/19 06:13:11 INFO SparkContext: Added file file:///opt/bitnami/spark/.ivy2/jars/org.apache.kafka_kafka-clients-3.4.1.jar at file:///opt/bitnami/spark/.ivy2/jars/org.apache.kafka_kafka-clients-3.4.1.jar with timestamp 1718777590600
[2024-06-19T06:13:11.009+0000] {docker.py:413} INFO - 24/06/19 06:13:11 INFO Utils: Copying /opt/bitnami/spark/.ivy2/jars/org.apache.kafka_kafka-clients-3.4.1.jar to /tmp/spark-ca91177e-7af6-413c-83fc-8a274e258716/userFiles-941f06e7-9857-4d20-98c1-c0c38d992c0c/org.apache.kafka_kafka-clients-3.4.1.jar
[2024-06-19T06:13:11.015+0000] {docker.py:413} INFO - 24/06/19 06:13:11 INFO SparkContext: Added file file:///opt/bitnami/spark/.ivy2/jars/com.google.code.findbugs_jsr305-3.0.0.jar at file:///opt/bitnami/spark/.ivy2/jars/com.google.code.findbugs_jsr305-3.0.0.jar with timestamp 1718777590600
[2024-06-19T06:13:11.016+0000] {docker.py:413} INFO - 24/06/19 06:13:11 INFO Utils: Copying /opt/bitnami/spark/.ivy2/jars/com.google.code.findbugs_jsr305-3.0.0.jar to /tmp/spark-ca91177e-7af6-413c-83fc-8a274e258716/userFiles-941f06e7-9857-4d20-98c1-c0c38d992c0c/com.google.code.findbugs_jsr305-3.0.0.jar
[2024-06-19T06:13:11.017+0000] {docker.py:413} INFO - 24/06/19 06:13:11 INFO SparkContext: Added file file:///opt/bitnami/spark/.ivy2/jars/org.apache.commons_commons-pool2-2.11.1.jar at file:///opt/bitnami/spark/.ivy2/jars/org.apache.commons_commons-pool2-2.11.1.jar with timestamp 1718777590600
[2024-06-19T06:13:11.018+0000] {docker.py:413} INFO - 24/06/19 06:13:11 INFO Utils: Copying /opt/bitnami/spark/.ivy2/jars/org.apache.commons_commons-pool2-2.11.1.jar to /tmp/spark-ca91177e-7af6-413c-83fc-8a274e258716/userFiles-941f06e7-9857-4d20-98c1-c0c38d992c0c/org.apache.commons_commons-pool2-2.11.1.jar
[2024-06-19T06:13:11.020+0000] {docker.py:413} INFO - 24/06/19 06:13:11 INFO SparkContext: Added file file:///opt/bitnami/spark/.ivy2/jars/org.apache.hadoop_hadoop-client-runtime-3.3.4.jar at file:///opt/bitnami/spark/.ivy2/jars/org.apache.hadoop_hadoop-client-runtime-3.3.4.jar with timestamp 1718777590600
[2024-06-19T06:13:11.020+0000] {docker.py:413} INFO - 24/06/19 06:13:11 INFO Utils: Copying /opt/bitnami/spark/.ivy2/jars/org.apache.hadoop_hadoop-client-runtime-3.3.4.jar to /tmp/spark-ca91177e-7af6-413c-83fc-8a274e258716/userFiles-941f06e7-9857-4d20-98c1-c0c38d992c0c/org.apache.hadoop_hadoop-client-runtime-3.3.4.jar
[2024-06-19T06:13:11.062+0000] {docker.py:413} INFO - 24/06/19 06:13:11 INFO SparkContext: Added file file:///opt/bitnami/spark/.ivy2/jars/org.lz4_lz4-java-1.8.0.jar at file:///opt/bitnami/spark/.ivy2/jars/org.lz4_lz4-java-1.8.0.jar with timestamp 1718777590600
[2024-06-19T06:13:11.062+0000] {docker.py:413} INFO - 24/06/19 06:13:11 INFO Utils: Copying /opt/bitnami/spark/.ivy2/jars/org.lz4_lz4-java-1.8.0.jar to /tmp/spark-ca91177e-7af6-413c-83fc-8a274e258716/userFiles-941f06e7-9857-4d20-98c1-c0c38d992c0c/org.lz4_lz4-java-1.8.0.jar
[2024-06-19T06:13:11.065+0000] {docker.py:413} INFO - 24/06/19 06:13:11 INFO SparkContext: Added file file:///opt/bitnami/spark/.ivy2/jars/org.xerial.snappy_snappy-java-1.1.10.3.jar at file:///opt/bitnami/spark/.ivy2/jars/org.xerial.snappy_snappy-java-1.1.10.3.jar with timestamp 1718777590600
24/06/19 06:13:11 INFO Utils: Copying /opt/bitnami/spark/.ivy2/jars/org.xerial.snappy_snappy-java-1.1.10.3.jar to /tmp/spark-ca91177e-7af6-413c-83fc-8a274e258716/userFiles-941f06e7-9857-4d20-98c1-c0c38d992c0c/org.xerial.snappy_snappy-java-1.1.10.3.jar
[2024-06-19T06:13:11.069+0000] {docker.py:413} INFO - 24/06/19 06:13:11 INFO SparkContext: Added file file:///opt/bitnami/spark/.ivy2/jars/org.slf4j_slf4j-api-2.0.7.jar at file:///opt/bitnami/spark/.ivy2/jars/org.slf4j_slf4j-api-2.0.7.jar with timestamp 1718777590600
[2024-06-19T06:13:11.070+0000] {docker.py:413} INFO - 24/06/19 06:13:11 INFO Utils: Copying /opt/bitnami/spark/.ivy2/jars/org.slf4j_slf4j-api-2.0.7.jar to /tmp/spark-ca91177e-7af6-413c-83fc-8a274e258716/userFiles-941f06e7-9857-4d20-98c1-c0c38d992c0c/org.slf4j_slf4j-api-2.0.7.jar
[2024-06-19T06:13:11.072+0000] {docker.py:413} INFO - 24/06/19 06:13:11 INFO SparkContext: Added file file:///opt/bitnami/spark/.ivy2/jars/org.apache.hadoop_hadoop-client-api-3.3.4.jar at file:///opt/bitnami/spark/.ivy2/jars/org.apache.hadoop_hadoop-client-api-3.3.4.jar with timestamp 1718777590600
[2024-06-19T06:13:11.072+0000] {docker.py:413} INFO - 24/06/19 06:13:11 INFO Utils: Copying /opt/bitnami/spark/.ivy2/jars/org.apache.hadoop_hadoop-client-api-3.3.4.jar to /tmp/spark-ca91177e-7af6-413c-83fc-8a274e258716/userFiles-941f06e7-9857-4d20-98c1-c0c38d992c0c/org.apache.hadoop_hadoop-client-api-3.3.4.jar
[2024-06-19T06:13:11.088+0000] {docker.py:413} INFO - 24/06/19 06:13:11 INFO SparkContext: Added file file:///opt/bitnami/spark/.ivy2/jars/commons-logging_commons-logging-1.1.3.jar at file:///opt/bitnami/spark/.ivy2/jars/commons-logging_commons-logging-1.1.3.jar with timestamp 1718777590600
[2024-06-19T06:13:11.088+0000] {docker.py:413} INFO - 24/06/19 06:13:11 INFO Utils: Copying /opt/bitnami/spark/.ivy2/jars/commons-logging_commons-logging-1.1.3.jar to /tmp/spark-ca91177e-7af6-413c-83fc-8a274e258716/userFiles-941f06e7-9857-4d20-98c1-c0c38d992c0c/commons-logging_commons-logging-1.1.3.jar
[2024-06-19T06:13:11.124+0000] {docker.py:413} INFO - 24/06/19 06:13:11 INFO Executor: Starting executor ID driver on host localhost
[2024-06-19T06:13:11.125+0000] {docker.py:413} INFO - 24/06/19 06:13:11 INFO Executor: OS info Linux, 6.6.12-linuxkit, aarch64
[2024-06-19T06:13:11.125+0000] {docker.py:413} INFO - 24/06/19 06:13:11 INFO Executor: Java version 17.0.10
[2024-06-19T06:13:11.127+0000] {docker.py:413} INFO - 24/06/19 06:13:11 INFO Executor: Starting executor with user classpath (userClassPathFirst = false): ''
[2024-06-19T06:13:11.128+0000] {docker.py:413} INFO - 24/06/19 06:13:11 INFO Executor: Created or updated repl class loader org.apache.spark.util.MutableURLClassLoader@32effa85 for default.
[2024-06-19T06:13:11.133+0000] {docker.py:413} INFO - 24/06/19 06:13:11 INFO Executor: Fetching file:///opt/bitnami/spark/.ivy2/jars/org.apache.spark_spark-token-provider-kafka-0-10_2.12-3.5.0.jar with timestamp 1718777590600
[2024-06-19T06:13:11.141+0000] {docker.py:413} INFO - 24/06/19 06:13:11 INFO Utils: /opt/bitnami/spark/.ivy2/jars/org.apache.spark_spark-token-provider-kafka-0-10_2.12-3.5.0.jar has been previously copied to /tmp/spark-ca91177e-7af6-413c-83fc-8a274e258716/userFiles-941f06e7-9857-4d20-98c1-c0c38d992c0c/org.apache.spark_spark-token-provider-kafka-0-10_2.12-3.5.0.jar
[2024-06-19T06:13:11.142+0000] {docker.py:413} INFO - 24/06/19 06:13:11 INFO Executor: Fetching file:///opt/bitnami/spark/.ivy2/jars/org.apache.hadoop_hadoop-client-runtime-3.3.4.jar with timestamp 1718777590600
[2024-06-19T06:13:11.155+0000] {docker.py:413} INFO - 24/06/19 06:13:11 INFO Utils: /opt/bitnami/spark/.ivy2/jars/org.apache.hadoop_hadoop-client-runtime-3.3.4.jar has been previously copied to /tmp/spark-ca91177e-7af6-413c-83fc-8a274e258716/userFiles-941f06e7-9857-4d20-98c1-c0c38d992c0c/org.apache.hadoop_hadoop-client-runtime-3.3.4.jar
[2024-06-19T06:13:11.157+0000] {docker.py:413} INFO - 24/06/19 06:13:11 INFO Executor: Fetching file:///opt/bitnami/spark/.ivy2/jars/org.apache.commons_commons-pool2-2.11.1.jar with timestamp 1718777590600
[2024-06-19T06:13:11.157+0000] {docker.py:413} INFO - 24/06/19 06:13:11 INFO Utils: /opt/bitnami/spark/.ivy2/jars/org.apache.commons_commons-pool2-2.11.1.jar has been previously copied to /tmp/spark-ca91177e-7af6-413c-83fc-8a274e258716/userFiles-941f06e7-9857-4d20-98c1-c0c38d992c0c/org.apache.commons_commons-pool2-2.11.1.jar
[2024-06-19T06:13:11.158+0000] {docker.py:413} INFO - 24/06/19 06:13:11 INFO Executor: Fetching file:///opt/bitnami/spark/.ivy2/jars/org.postgresql_postgresql-42.5.4.jar with timestamp 1718777590600
[2024-06-19T06:13:11.159+0000] {docker.py:413} INFO - 24/06/19 06:13:11 INFO Utils: /opt/bitnami/spark/.ivy2/jars/org.postgresql_postgresql-42.5.4.jar has been previously copied to /tmp/spark-ca91177e-7af6-413c-83fc-8a274e258716/userFiles-941f06e7-9857-4d20-98c1-c0c38d992c0c/org.postgresql_postgresql-42.5.4.jar
[2024-06-19T06:13:11.160+0000] {docker.py:413} INFO - 24/06/19 06:13:11 INFO Executor: Fetching file:///opt/bitnami/spark/.ivy2/jars/org.slf4j_slf4j-api-2.0.7.jar with timestamp 1718777590600
[2024-06-19T06:13:11.161+0000] {docker.py:413} INFO - 24/06/19 06:13:11 INFO Utils: /opt/bitnami/spark/.ivy2/jars/org.slf4j_slf4j-api-2.0.7.jar has been previously copied to /tmp/spark-ca91177e-7af6-413c-83fc-8a274e258716/userFiles-941f06e7-9857-4d20-98c1-c0c38d992c0c/org.slf4j_slf4j-api-2.0.7.jar
[2024-06-19T06:13:11.162+0000] {docker.py:413} INFO - 24/06/19 06:13:11 INFO Executor: Fetching file:///opt/bitnami/spark/.ivy2/jars/org.apache.kafka_kafka-clients-3.4.1.jar with timestamp 1718777590600
[2024-06-19T06:13:11.165+0000] {docker.py:413} INFO - 24/06/19 06:13:11 INFO Utils: /opt/bitnami/spark/.ivy2/jars/org.apache.kafka_kafka-clients-3.4.1.jar has been previously copied to /tmp/spark-ca91177e-7af6-413c-83fc-8a274e258716/userFiles-941f06e7-9857-4d20-98c1-c0c38d992c0c/org.apache.kafka_kafka-clients-3.4.1.jar
[2024-06-19T06:13:11.166+0000] {docker.py:413} INFO - 24/06/19 06:13:11 INFO Executor: Fetching file:///opt/bitnami/spark/.ivy2/jars/com.google.code.findbugs_jsr305-3.0.0.jar with timestamp 1718777590600
[2024-06-19T06:13:11.166+0000] {docker.py:413} INFO - 24/06/19 06:13:11 INFO Utils: /opt/bitnami/spark/.ivy2/jars/com.google.code.findbugs_jsr305-3.0.0.jar has been previously copied to /tmp/spark-ca91177e-7af6-413c-83fc-8a274e258716/userFiles-941f06e7-9857-4d20-98c1-c0c38d992c0c/com.google.code.findbugs_jsr305-3.0.0.jar
[2024-06-19T06:13:11.168+0000] {docker.py:413} INFO - 24/06/19 06:13:11 INFO Executor: Fetching file:///opt/bitnami/spark/.ivy2/jars/org.lz4_lz4-java-1.8.0.jar with timestamp 1718777590600
[2024-06-19T06:13:11.168+0000] {docker.py:413} INFO - 24/06/19 06:13:11 INFO Utils: /opt/bitnami/spark/.ivy2/jars/org.lz4_lz4-java-1.8.0.jar has been previously copied to /tmp/spark-ca91177e-7af6-413c-83fc-8a274e258716/userFiles-941f06e7-9857-4d20-98c1-c0c38d992c0c/org.lz4_lz4-java-1.8.0.jar
[2024-06-19T06:13:11.169+0000] {docker.py:413} INFO - 24/06/19 06:13:11 INFO Executor: Fetching file:///opt/bitnami/spark/.ivy2/jars/org.apache.spark_spark-sql-kafka-0-10_2.12-3.5.0.jar with timestamp 1718777590600
[2024-06-19T06:13:11.170+0000] {docker.py:413} INFO - 24/06/19 06:13:11 INFO Utils: /opt/bitnami/spark/.ivy2/jars/org.apache.spark_spark-sql-kafka-0-10_2.12-3.5.0.jar has been previously copied to /tmp/spark-ca91177e-7af6-413c-83fc-8a274e258716/userFiles-941f06e7-9857-4d20-98c1-c0c38d992c0c/org.apache.spark_spark-sql-kafka-0-10_2.12-3.5.0.jar
[2024-06-19T06:13:11.171+0000] {docker.py:413} INFO - 24/06/19 06:13:11 INFO Executor: Fetching file:///opt/bitnami/spark/.ivy2/jars/org.apache.hadoop_hadoop-client-api-3.3.4.jar with timestamp 1718777590600
[2024-06-19T06:13:11.179+0000] {docker.py:413} INFO - 24/06/19 06:13:11 INFO Utils: /opt/bitnami/spark/.ivy2/jars/org.apache.hadoop_hadoop-client-api-3.3.4.jar has been previously copied to /tmp/spark-ca91177e-7af6-413c-83fc-8a274e258716/userFiles-941f06e7-9857-4d20-98c1-c0c38d992c0c/org.apache.hadoop_hadoop-client-api-3.3.4.jar
[2024-06-19T06:13:11.180+0000] {docker.py:413} INFO - 24/06/19 06:13:11 INFO Executor: Fetching file:///opt/bitnami/spark/.ivy2/jars/commons-logging_commons-logging-1.1.3.jar with timestamp 1718777590600
[2024-06-19T06:13:11.180+0000] {docker.py:413} INFO - 24/06/19 06:13:11 INFO Utils: /opt/bitnami/spark/.ivy2/jars/commons-logging_commons-logging-1.1.3.jar has been previously copied to /tmp/spark-ca91177e-7af6-413c-83fc-8a274e258716/userFiles-941f06e7-9857-4d20-98c1-c0c38d992c0c/commons-logging_commons-logging-1.1.3.jar
[2024-06-19T06:13:11.182+0000] {docker.py:413} INFO - 24/06/19 06:13:11 INFO Executor: Fetching file:///opt/bitnami/spark/.ivy2/jars/org.checkerframework_checker-qual-3.5.0.jar with timestamp 1718777590600
[2024-06-19T06:13:11.182+0000] {docker.py:413} INFO - 24/06/19 06:13:11 INFO Utils: /opt/bitnami/spark/.ivy2/jars/org.checkerframework_checker-qual-3.5.0.jar has been previously copied to /tmp/spark-ca91177e-7af6-413c-83fc-8a274e258716/userFiles-941f06e7-9857-4d20-98c1-c0c38d992c0c/org.checkerframework_checker-qual-3.5.0.jar
[2024-06-19T06:13:11.183+0000] {docker.py:413} INFO - 24/06/19 06:13:11 INFO Executor: Fetching file:///opt/bitnami/spark/.ivy2/jars/org.xerial.snappy_snappy-java-1.1.10.3.jar with timestamp 1718777590600
[2024-06-19T06:13:11.184+0000] {docker.py:413} INFO - 24/06/19 06:13:11 INFO Utils: /opt/bitnami/spark/.ivy2/jars/org.xerial.snappy_snappy-java-1.1.10.3.jar has been previously copied to /tmp/spark-ca91177e-7af6-413c-83fc-8a274e258716/userFiles-941f06e7-9857-4d20-98c1-c0c38d992c0c/org.xerial.snappy_snappy-java-1.1.10.3.jar
[2024-06-19T06:13:11.187+0000] {docker.py:413} INFO - 24/06/19 06:13:11 INFO Executor: Fetching spark://localhost:39455/jars/commons-logging_commons-logging-1.1.3.jar with timestamp 1718777590600
[2024-06-19T06:13:11.205+0000] {docker.py:413} INFO - 24/06/19 06:13:11 INFO TransportClientFactory: Successfully created connection to localhost/127.0.0.1:39455 after 12 ms (0 ms spent in bootstraps)
[2024-06-19T06:13:11.208+0000] {docker.py:413} INFO - 24/06/19 06:13:11 INFO Utils: Fetching spark://localhost:39455/jars/commons-logging_commons-logging-1.1.3.jar to /tmp/spark-ca91177e-7af6-413c-83fc-8a274e258716/userFiles-941f06e7-9857-4d20-98c1-c0c38d992c0c/fetchFileTemp8948149345366956398.tmp
[2024-06-19T06:13:11.229+0000] {docker.py:413} INFO - 24/06/19 06:13:11 INFO Utils: /tmp/spark-ca91177e-7af6-413c-83fc-8a274e258716/userFiles-941f06e7-9857-4d20-98c1-c0c38d992c0c/fetchFileTemp8948149345366956398.tmp has been previously copied to /tmp/spark-ca91177e-7af6-413c-83fc-8a274e258716/userFiles-941f06e7-9857-4d20-98c1-c0c38d992c0c/commons-logging_commons-logging-1.1.3.jar
[2024-06-19T06:13:11.230+0000] {docker.py:413} INFO - 24/06/19 06:13:11 INFO Executor: Adding file:/tmp/spark-ca91177e-7af6-413c-83fc-8a274e258716/userFiles-941f06e7-9857-4d20-98c1-c0c38d992c0c/commons-logging_commons-logging-1.1.3.jar to class loader default
[2024-06-19T06:13:11.231+0000] {docker.py:413} INFO - 24/06/19 06:13:11 INFO Executor: Fetching spark://localhost:39455/jars/org.apache.spark_spark-token-provider-kafka-0-10_2.12-3.5.0.jar with timestamp 1718777590600
[2024-06-19T06:13:11.231+0000] {docker.py:413} INFO - 24/06/19 06:13:11 INFO Utils: Fetching spark://localhost:39455/jars/org.apache.spark_spark-token-provider-kafka-0-10_2.12-3.5.0.jar to /tmp/spark-ca91177e-7af6-413c-83fc-8a274e258716/userFiles-941f06e7-9857-4d20-98c1-c0c38d992c0c/fetchFileTemp18128920609467716046.tmp
[2024-06-19T06:13:11.232+0000] {docker.py:413} INFO - 24/06/19 06:13:11 INFO Utils: /tmp/spark-ca91177e-7af6-413c-83fc-8a274e258716/userFiles-941f06e7-9857-4d20-98c1-c0c38d992c0c/fetchFileTemp18128920609467716046.tmp has been previously copied to /tmp/spark-ca91177e-7af6-413c-83fc-8a274e258716/userFiles-941f06e7-9857-4d20-98c1-c0c38d992c0c/org.apache.spark_spark-token-provider-kafka-0-10_2.12-3.5.0.jar
[2024-06-19T06:13:11.234+0000] {docker.py:413} INFO - 24/06/19 06:13:11 INFO Executor: Adding file:/tmp/spark-ca91177e-7af6-413c-83fc-8a274e258716/userFiles-941f06e7-9857-4d20-98c1-c0c38d992c0c/org.apache.spark_spark-token-provider-kafka-0-10_2.12-3.5.0.jar to class loader default
[2024-06-19T06:13:11.235+0000] {docker.py:413} INFO - 24/06/19 06:13:11 INFO Executor: Fetching spark://localhost:39455/jars/org.apache.hadoop_hadoop-client-runtime-3.3.4.jar with timestamp 1718777590600
[2024-06-19T06:13:11.235+0000] {docker.py:413} INFO - 24/06/19 06:13:11 INFO Utils: Fetching spark://localhost:39455/jars/org.apache.hadoop_hadoop-client-runtime-3.3.4.jar to /tmp/spark-ca91177e-7af6-413c-83fc-8a274e258716/userFiles-941f06e7-9857-4d20-98c1-c0c38d992c0c/fetchFileTemp15896343507313292369.tmp
[2024-06-19T06:13:11.323+0000] {docker.py:413} INFO - 24/06/19 06:13:11 INFO Utils: /tmp/spark-ca91177e-7af6-413c-83fc-8a274e258716/userFiles-941f06e7-9857-4d20-98c1-c0c38d992c0c/fetchFileTemp15896343507313292369.tmp has been previously copied to /tmp/spark-ca91177e-7af6-413c-83fc-8a274e258716/userFiles-941f06e7-9857-4d20-98c1-c0c38d992c0c/org.apache.hadoop_hadoop-client-runtime-3.3.4.jar
[2024-06-19T06:13:11.327+0000] {docker.py:413} INFO - 24/06/19 06:13:11 INFO Executor: Adding file:/tmp/spark-ca91177e-7af6-413c-83fc-8a274e258716/userFiles-941f06e7-9857-4d20-98c1-c0c38d992c0c/org.apache.hadoop_hadoop-client-runtime-3.3.4.jar to class loader default
24/06/19 06:13:11 INFO Executor: Fetching spark://localhost:39455/jars/com.google.code.findbugs_jsr305-3.0.0.jar with timestamp 1718777590600
[2024-06-19T06:13:11.328+0000] {docker.py:413} INFO - 24/06/19 06:13:11 INFO Utils: Fetching spark://localhost:39455/jars/com.google.code.findbugs_jsr305-3.0.0.jar to /tmp/spark-ca91177e-7af6-413c-83fc-8a274e258716/userFiles-941f06e7-9857-4d20-98c1-c0c38d992c0c/fetchFileTemp10355106050454900472.tmp
[2024-06-19T06:13:11.329+0000] {docker.py:413} INFO - 24/06/19 06:13:11 INFO Utils: /tmp/spark-ca91177e-7af6-413c-83fc-8a274e258716/userFiles-941f06e7-9857-4d20-98c1-c0c38d992c0c/fetchFileTemp10355106050454900472.tmp has been previously copied to /tmp/spark-ca91177e-7af6-413c-83fc-8a274e258716/userFiles-941f06e7-9857-4d20-98c1-c0c38d992c0c/com.google.code.findbugs_jsr305-3.0.0.jar
[2024-06-19T06:13:11.331+0000] {docker.py:413} INFO - 24/06/19 06:13:11 INFO Executor: Adding file:/tmp/spark-ca91177e-7af6-413c-83fc-8a274e258716/userFiles-941f06e7-9857-4d20-98c1-c0c38d992c0c/com.google.code.findbugs_jsr305-3.0.0.jar to class loader default
[2024-06-19T06:13:11.332+0000] {docker.py:413} INFO - 24/06/19 06:13:11 INFO Executor: Fetching spark://localhost:39455/jars/org.apache.hadoop_hadoop-client-api-3.3.4.jar with timestamp 1718777590600
[2024-06-19T06:13:11.333+0000] {docker.py:413} INFO - 24/06/19 06:13:11 INFO Utils: Fetching spark://localhost:39455/jars/org.apache.hadoop_hadoop-client-api-3.3.4.jar to /tmp/spark-ca91177e-7af6-413c-83fc-8a274e258716/userFiles-941f06e7-9857-4d20-98c1-c0c38d992c0c/fetchFileTemp2355034201330955752.tmp
[2024-06-19T06:13:11.388+0000] {docker.py:413} INFO - 24/06/19 06:13:11 INFO Utils: /tmp/spark-ca91177e-7af6-413c-83fc-8a274e258716/userFiles-941f06e7-9857-4d20-98c1-c0c38d992c0c/fetchFileTemp2355034201330955752.tmp has been previously copied to /tmp/spark-ca91177e-7af6-413c-83fc-8a274e258716/userFiles-941f06e7-9857-4d20-98c1-c0c38d992c0c/org.apache.hadoop_hadoop-client-api-3.3.4.jar
[2024-06-19T06:13:11.391+0000] {docker.py:413} INFO - 24/06/19 06:13:11 INFO Executor: Adding file:/tmp/spark-ca91177e-7af6-413c-83fc-8a274e258716/userFiles-941f06e7-9857-4d20-98c1-c0c38d992c0c/org.apache.hadoop_hadoop-client-api-3.3.4.jar to class loader default
[2024-06-19T06:13:11.391+0000] {docker.py:413} INFO - 24/06/19 06:13:11 INFO Executor: Fetching spark://localhost:39455/jars/org.apache.kafka_kafka-clients-3.4.1.jar with timestamp 1718777590600
[2024-06-19T06:13:11.392+0000] {docker.py:413} INFO - 24/06/19 06:13:11 INFO Utils: Fetching spark://localhost:39455/jars/org.apache.kafka_kafka-clients-3.4.1.jar to /tmp/spark-ca91177e-7af6-413c-83fc-8a274e258716/userFiles-941f06e7-9857-4d20-98c1-c0c38d992c0c/fetchFileTemp9117084117962536917.tmp
[2024-06-19T06:13:11.399+0000] {docker.py:413} INFO - 24/06/19 06:13:11 INFO Utils: /tmp/spark-ca91177e-7af6-413c-83fc-8a274e258716/userFiles-941f06e7-9857-4d20-98c1-c0c38d992c0c/fetchFileTemp9117084117962536917.tmp has been previously copied to /tmp/spark-ca91177e-7af6-413c-83fc-8a274e258716/userFiles-941f06e7-9857-4d20-98c1-c0c38d992c0c/org.apache.kafka_kafka-clients-3.4.1.jar
[2024-06-19T06:13:11.401+0000] {docker.py:413} INFO - 24/06/19 06:13:11 INFO Executor: Adding file:/tmp/spark-ca91177e-7af6-413c-83fc-8a274e258716/userFiles-941f06e7-9857-4d20-98c1-c0c38d992c0c/org.apache.kafka_kafka-clients-3.4.1.jar to class loader default
[2024-06-19T06:13:11.401+0000] {docker.py:413} INFO - 24/06/19 06:13:11 INFO Executor: Fetching spark://localhost:39455/jars/org.xerial.snappy_snappy-java-1.1.10.3.jar with timestamp 1718777590600
[2024-06-19T06:13:11.401+0000] {docker.py:413} INFO - 24/06/19 06:13:11 INFO Utils: Fetching spark://localhost:39455/jars/org.xerial.snappy_snappy-java-1.1.10.3.jar to /tmp/spark-ca91177e-7af6-413c-83fc-8a274e258716/userFiles-941f06e7-9857-4d20-98c1-c0c38d992c0c/fetchFileTemp2888322681286779872.tmp
[2024-06-19T06:13:11.404+0000] {docker.py:413} INFO - 24/06/19 06:13:11 INFO Utils: /tmp/spark-ca91177e-7af6-413c-83fc-8a274e258716/userFiles-941f06e7-9857-4d20-98c1-c0c38d992c0c/fetchFileTemp2888322681286779872.tmp has been previously copied to /tmp/spark-ca91177e-7af6-413c-83fc-8a274e258716/userFiles-941f06e7-9857-4d20-98c1-c0c38d992c0c/org.xerial.snappy_snappy-java-1.1.10.3.jar
[2024-06-19T06:13:11.433+0000] {docker.py:413} INFO - 24/06/19 06:13:11 INFO Executor: Adding file:/tmp/spark-ca91177e-7af6-413c-83fc-8a274e258716/userFiles-941f06e7-9857-4d20-98c1-c0c38d992c0c/org.xerial.snappy_snappy-java-1.1.10.3.jar to class loader default
[2024-06-19T06:13:11.435+0000] {docker.py:413} INFO - 24/06/19 06:13:11 INFO Executor: Fetching spark://localhost:39455/jars/org.apache.spark_spark-sql-kafka-0-10_2.12-3.5.0.jar with timestamp 1718777590600
[2024-06-19T06:13:11.436+0000] {docker.py:413} INFO - 24/06/19 06:13:11 INFO Utils: Fetching spark://localhost:39455/jars/org.apache.spark_spark-sql-kafka-0-10_2.12-3.5.0.jar to /tmp/spark-ca91177e-7af6-413c-83fc-8a274e258716/userFiles-941f06e7-9857-4d20-98c1-c0c38d992c0c/fetchFileTemp10066773119604301528.tmp
[2024-06-19T06:13:11.438+0000] {docker.py:413} INFO - 24/06/19 06:13:11 INFO Utils: /tmp/spark-ca91177e-7af6-413c-83fc-8a274e258716/userFiles-941f06e7-9857-4d20-98c1-c0c38d992c0c/fetchFileTemp10066773119604301528.tmp has been previously copied to /tmp/spark-ca91177e-7af6-413c-83fc-8a274e258716/userFiles-941f06e7-9857-4d20-98c1-c0c38d992c0c/org.apache.spark_spark-sql-kafka-0-10_2.12-3.5.0.jar
[2024-06-19T06:13:11.443+0000] {docker.py:413} INFO - 24/06/19 06:13:11 INFO Executor: Adding file:/tmp/spark-ca91177e-7af6-413c-83fc-8a274e258716/userFiles-941f06e7-9857-4d20-98c1-c0c38d992c0c/org.apache.spark_spark-sql-kafka-0-10_2.12-3.5.0.jar to class loader default
24/06/19 06:13:11 INFO Executor: Fetching spark://localhost:39455/jars/org.postgresql_postgresql-42.5.4.jar with timestamp 1718777590600
[2024-06-19T06:13:11.444+0000] {docker.py:413} INFO - 24/06/19 06:13:11 INFO Utils: Fetching spark://localhost:39455/jars/org.postgresql_postgresql-42.5.4.jar to /tmp/spark-ca91177e-7af6-413c-83fc-8a274e258716/userFiles-941f06e7-9857-4d20-98c1-c0c38d992c0c/fetchFileTemp13612661754609052812.tmp
[2024-06-19T06:13:11.451+0000] {docker.py:413} INFO - 24/06/19 06:13:11 INFO Utils: /tmp/spark-ca91177e-7af6-413c-83fc-8a274e258716/userFiles-941f06e7-9857-4d20-98c1-c0c38d992c0c/fetchFileTemp13612661754609052812.tmp has been previously copied to /tmp/spark-ca91177e-7af6-413c-83fc-8a274e258716/userFiles-941f06e7-9857-4d20-98c1-c0c38d992c0c/org.postgresql_postgresql-42.5.4.jar
[2024-06-19T06:13:11.456+0000] {docker.py:413} INFO - 24/06/19 06:13:11 INFO Executor: Adding file:/tmp/spark-ca91177e-7af6-413c-83fc-8a274e258716/userFiles-941f06e7-9857-4d20-98c1-c0c38d992c0c/org.postgresql_postgresql-42.5.4.jar to class loader default
[2024-06-19T06:13:11.457+0000] {docker.py:413} INFO - 24/06/19 06:13:11 INFO Executor: Fetching spark://localhost:39455/jars/org.slf4j_slf4j-api-2.0.7.jar with timestamp 1718777590600
[2024-06-19T06:13:11.457+0000] {docker.py:413} INFO - 24/06/19 06:13:11 INFO Utils: Fetching spark://localhost:39455/jars/org.slf4j_slf4j-api-2.0.7.jar to /tmp/spark-ca91177e-7af6-413c-83fc-8a274e258716/userFiles-941f06e7-9857-4d20-98c1-c0c38d992c0c/fetchFileTemp17788547756295755102.tmp
[2024-06-19T06:13:11.457+0000] {docker.py:413} INFO - 24/06/19 06:13:11 INFO Utils: /tmp/spark-ca91177e-7af6-413c-83fc-8a274e258716/userFiles-941f06e7-9857-4d20-98c1-c0c38d992c0c/fetchFileTemp17788547756295755102.tmp has been previously copied to /tmp/spark-ca91177e-7af6-413c-83fc-8a274e258716/userFiles-941f06e7-9857-4d20-98c1-c0c38d992c0c/org.slf4j_slf4j-api-2.0.7.jar
[2024-06-19T06:13:11.458+0000] {docker.py:413} INFO - 24/06/19 06:13:11 INFO Executor: Adding file:/tmp/spark-ca91177e-7af6-413c-83fc-8a274e258716/userFiles-941f06e7-9857-4d20-98c1-c0c38d992c0c/org.slf4j_slf4j-api-2.0.7.jar to class loader default
[2024-06-19T06:13:11.459+0000] {docker.py:413} INFO - 24/06/19 06:13:11 INFO Executor: Fetching spark://localhost:39455/jars/org.apache.commons_commons-pool2-2.11.1.jar with timestamp 1718777590600
[2024-06-19T06:13:11.459+0000] {docker.py:413} INFO - 24/06/19 06:13:11 INFO Utils: Fetching spark://localhost:39455/jars/org.apache.commons_commons-pool2-2.11.1.jar to /tmp/spark-ca91177e-7af6-413c-83fc-8a274e258716/userFiles-941f06e7-9857-4d20-98c1-c0c38d992c0c/fetchFileTemp3958250688959943252.tmp
[2024-06-19T06:13:11.460+0000] {docker.py:413} INFO - 24/06/19 06:13:11 INFO Utils: /tmp/spark-ca91177e-7af6-413c-83fc-8a274e258716/userFiles-941f06e7-9857-4d20-98c1-c0c38d992c0c/fetchFileTemp3958250688959943252.tmp has been previously copied to /tmp/spark-ca91177e-7af6-413c-83fc-8a274e258716/userFiles-941f06e7-9857-4d20-98c1-c0c38d992c0c/org.apache.commons_commons-pool2-2.11.1.jar
[2024-06-19T06:13:11.463+0000] {docker.py:413} INFO - 24/06/19 06:13:11 INFO Executor: Adding file:/tmp/spark-ca91177e-7af6-413c-83fc-8a274e258716/userFiles-941f06e7-9857-4d20-98c1-c0c38d992c0c/org.apache.commons_commons-pool2-2.11.1.jar to class loader default
[2024-06-19T06:13:11.464+0000] {docker.py:413} INFO - 24/06/19 06:13:11 INFO Executor: Fetching spark://localhost:39455/jars/org.checkerframework_checker-qual-3.5.0.jar with timestamp 1718777590600
[2024-06-19T06:13:11.465+0000] {docker.py:413} INFO - 24/06/19 06:13:11 INFO Utils: Fetching spark://localhost:39455/jars/org.checkerframework_checker-qual-3.5.0.jar to /tmp/spark-ca91177e-7af6-413c-83fc-8a274e258716/userFiles-941f06e7-9857-4d20-98c1-c0c38d992c0c/fetchFileTemp14086509288227476591.tmp
[2024-06-19T06:13:11.465+0000] {docker.py:413} INFO - 24/06/19 06:13:11 INFO Utils: /tmp/spark-ca91177e-7af6-413c-83fc-8a274e258716/userFiles-941f06e7-9857-4d20-98c1-c0c38d992c0c/fetchFileTemp14086509288227476591.tmp has been previously copied to /tmp/spark-ca91177e-7af6-413c-83fc-8a274e258716/userFiles-941f06e7-9857-4d20-98c1-c0c38d992c0c/org.checkerframework_checker-qual-3.5.0.jar
[2024-06-19T06:13:11.465+0000] {docker.py:413} INFO - 24/06/19 06:13:11 INFO Executor: Adding file:/tmp/spark-ca91177e-7af6-413c-83fc-8a274e258716/userFiles-941f06e7-9857-4d20-98c1-c0c38d992c0c/org.checkerframework_checker-qual-3.5.0.jar to class loader default
[2024-06-19T06:13:11.466+0000] {docker.py:413} INFO - 24/06/19 06:13:11 INFO Executor: Fetching spark://localhost:39455/jars/org.lz4_lz4-java-1.8.0.jar with timestamp 1718777590600
[2024-06-19T06:13:11.466+0000] {docker.py:413} INFO - 24/06/19 06:13:11 INFO Utils: Fetching spark://localhost:39455/jars/org.lz4_lz4-java-1.8.0.jar to /tmp/spark-ca91177e-7af6-413c-83fc-8a274e258716/userFiles-941f06e7-9857-4d20-98c1-c0c38d992c0c/fetchFileTemp16033719931337234183.tmp
[2024-06-19T06:13:11.467+0000] {docker.py:413} INFO - 24/06/19 06:13:11 INFO Utils: /tmp/spark-ca91177e-7af6-413c-83fc-8a274e258716/userFiles-941f06e7-9857-4d20-98c1-c0c38d992c0c/fetchFileTemp16033719931337234183.tmp has been previously copied to /tmp/spark-ca91177e-7af6-413c-83fc-8a274e258716/userFiles-941f06e7-9857-4d20-98c1-c0c38d992c0c/org.lz4_lz4-java-1.8.0.jar
[2024-06-19T06:13:11.469+0000] {docker.py:413} INFO - 24/06/19 06:13:11 INFO Executor: Adding file:/tmp/spark-ca91177e-7af6-413c-83fc-8a274e258716/userFiles-941f06e7-9857-4d20-98c1-c0c38d992c0c/org.lz4_lz4-java-1.8.0.jar to class loader default
[2024-06-19T06:13:11.475+0000] {docker.py:413} INFO - 24/06/19 06:13:11 INFO Utils: Successfully started service 'org.apache.spark.network.netty.NettyBlockTransferService' on port 46855.
24/06/19 06:13:11 INFO NettyBlockTransferService: Server created on localhost:46855
[2024-06-19T06:13:11.476+0000] {docker.py:413} INFO - 24/06/19 06:13:11 INFO BlockManager: Using org.apache.spark.storage.RandomBlockReplicationPolicy for block replication policy
[2024-06-19T06:13:11.479+0000] {docker.py:413} INFO - 24/06/19 06:13:11 INFO BlockManagerMaster: Registering BlockManager BlockManagerId(driver, localhost, 46855, None)
[2024-06-19T06:13:11.481+0000] {docker.py:413} INFO - 24/06/19 06:13:11 INFO BlockManagerMasterEndpoint: Registering block manager localhost:46855 with 434.4 MiB RAM, BlockManagerId(driver, localhost, 46855, None)
[2024-06-19T06:13:11.481+0000] {docker.py:413} INFO - 24/06/19 06:13:11 INFO BlockManagerMaster: Registered BlockManager BlockManagerId(driver, localhost, 46855, None)
[2024-06-19T06:13:11.482+0000] {docker.py:413} INFO - 24/06/19 06:13:11 INFO BlockManager: Initialized BlockManager: BlockManagerId(driver, localhost, 46855, None)
[2024-06-19T06:13:11.678+0000] {docker.py:413} INFO - 2024-06-19 06:13:11,677:create_spark_session:INFO:Spark session created successfully
[2024-06-19T06:13:11.681+0000] {docker.py:413} INFO - 24/06/19 06:13:11 INFO SharedState: Setting hive.metastore.warehouse.dir ('null') to the value of spark.sql.warehouse.dir.
[2024-06-19T06:13:11.682+0000] {docker.py:413} INFO - 24/06/19 06:13:11 INFO SharedState: Warehouse path is 'file:/opt/bitnami/spark/spark-warehouse'.
[2024-06-19T06:13:12.387+0000] {docker.py:413} INFO - 2024-06-19 06:13:12,385:create_initial_dataframe:INFO:Initial dataframe created successfully
[2024-06-19T06:13:12.405+0000] {docker.py:413} INFO - 2024-06-19 06:13:12,403:create_initial_dataframe:INFO:Initial dataframe created successfully
[2024-06-19T06:13:12.498+0000] {docker.py:413} INFO - 2024-06-19 06:13:12,478:create_initial_dataframe:INFO:Initial dataframe created successfully
[2024-06-19T06:13:12.730+0000] {docker.py:413} INFO - 24/06/19 06:13:12 WARN SparkStringUtils: Truncated the string representation of a plan since it was too large. This behavior can be adjusted by setting 'spark.sql.debug.maxToStringFields'.
[2024-06-19T06:13:12.810+0000] {docker.py:413} INFO - Traceback (most recent call last):
  File "/opt/bitnami/spark/spark_streaming.py", line 153, in <module>
[2024-06-19T06:13:12.813+0000] {docker.py:413} INFO - write_to_postgres()
[2024-06-19T06:13:12.814+0000] {docker.py:413} INFO - File "/opt/bitnami/spark/spark_streaming.py", line 148, in write_to_postgres
[2024-06-19T06:13:12.814+0000] {docker.py:413} INFO - df_final = create_final_dataframe(df)
[2024-06-19T06:13:12.814+0000] {docker.py:413} INFO - ^^^^^^^^^^^^^^^^^^^^^^^^^^
  File "/opt/bitnami/spark/spark_streaming.py", line 100, in create_final_dataframe
    df_out.update(df1)
[2024-06-19T06:13:12.814+0000] {docker.py:413} INFO - TypeError: cannot convert dictionary update sequence element #0 to a sequence
[2024-06-19T06:13:12.815+0000] {docker.py:413} INFO - 2024-06-19 06:13:12,809:close:INFO:Closing down clientserver connection
[2024-06-19T06:13:12.841+0000] {docker.py:413} INFO - 24/06/19 06:13:12 INFO SparkContext: Invoking stop() from shutdown hook
[2024-06-19T06:13:12.842+0000] {docker.py:413} INFO - 24/06/19 06:13:12 INFO SparkContext: SparkContext is stopping with exitCode 0.
[2024-06-19T06:13:12.850+0000] {docker.py:413} INFO - 24/06/19 06:13:12 INFO SparkUI: Stopped Spark web UI at http://localhost:4040
[2024-06-19T06:13:12.864+0000] {docker.py:413} INFO - 24/06/19 06:13:12 INFO MapOutputTrackerMasterEndpoint: MapOutputTrackerMasterEndpoint stopped!
[2024-06-19T06:13:12.879+0000] {docker.py:413} INFO - 24/06/19 06:13:12 INFO MemoryStore: MemoryStore cleared
[2024-06-19T06:13:12.881+0000] {docker.py:413} INFO - 24/06/19 06:13:12 INFO BlockManager: BlockManager stopped
[2024-06-19T06:13:12.888+0000] {docker.py:413} INFO - 24/06/19 06:13:12 INFO BlockManagerMaster: BlockManagerMaster stopped
[2024-06-19T06:13:12.890+0000] {docker.py:413} INFO - 24/06/19 06:13:12 INFO OutputCommitCoordinator$OutputCommitCoordinatorEndpoint: OutputCommitCoordinator stopped!
[2024-06-19T06:13:12.900+0000] {docker.py:413} INFO - 24/06/19 06:13:12 INFO SparkContext: Successfully stopped SparkContext
24/06/19 06:13:12 INFO ShutdownHookManager: Shutdown hook called
[2024-06-19T06:13:12.900+0000] {docker.py:413} INFO - 24/06/19 06:13:12 INFO ShutdownHookManager: Deleting directory /tmp/spark-ca91177e-7af6-413c-83fc-8a274e258716
[2024-06-19T06:13:12.902+0000] {docker.py:413} INFO - 24/06/19 06:13:12 INFO ShutdownHookManager: Deleting directory /tmp/spark-739f6eea-e03d-454c-8c0d-c1c07df16829
[2024-06-19T06:13:12.903+0000] {docker.py:413} INFO - 24/06/19 06:13:12 INFO ShutdownHookManager: Deleting directory /tmp/spark-ca91177e-7af6-413c-83fc-8a274e258716/pyspark-0c611859-32cc-486a-a5f4-7672e63cd1f9
[2024-06-19T06:13:13.190+0000] {taskinstance.py:1937} ERROR - Task failed with exception
Traceback (most recent call last):
  File "/home/airflow/.local/lib/python3.8/site-packages/docker/api/client.py", line 268, in _raise_for_status
    response.raise_for_status()
  File "/home/airflow/.local/lib/python3.8/site-packages/requests/models.py", line 1021, in raise_for_status
    raise HTTPError(http_error_msg, response=self)
requests.exceptions.HTTPError: 400 Client Error: Bad Request for url: http://docker-proxy:2375/v1.44/containers/create

The above exception was the direct cause of the following exception:

Traceback (most recent call last):
  File "/home/airflow/.local/lib/python3.8/site-packages/airflow/providers/docker/operators/docker.py", line 348, in _run_image
    return self._run_image_with_mounts([*self.mounts, tmp_mount], add_tmp_variable=True)
  File "/home/airflow/.local/lib/python3.8/site-packages/airflow/providers/docker/operators/docker.py", line 375, in _run_image_with_mounts
    self.container = self.cli.create_container(
  File "/home/airflow/.local/lib/python3.8/site-packages/docker/api/container.py", line 431, in create_container
    return self.create_container_from_config(config, name, platform)
  File "/home/airflow/.local/lib/python3.8/site-packages/docker/api/container.py", line 448, in create_container_from_config
    return self._result(res, True)
  File "/home/airflow/.local/lib/python3.8/site-packages/docker/api/client.py", line 274, in _result
    self._raise_for_status(response)
  File "/home/airflow/.local/lib/python3.8/site-packages/docker/api/client.py", line 270, in _raise_for_status
    raise create_api_error_from_http_exception(e) from e
  File "/home/airflow/.local/lib/python3.8/site-packages/docker/errors.py", line 39, in create_api_error_from_http_exception
    raise cls(e, response=response, explanation=explanation) from e
docker.errors.APIError: 400 Client Error for http://docker-proxy:2375/v1.44/containers/create: Bad Request ("invalid mount config for type "bind": bind source path does not exist: /host_mnt/private/tmp/airflowtmpevvun09g")

During handling of the above exception, another exception occurred:

Traceback (most recent call last):
  File "/home/airflow/.local/lib/python3.8/site-packages/airflow/providers/docker/operators/docker.py", line 486, in execute
    return self._run_image()
  File "/home/airflow/.local/lib/python3.8/site-packages/airflow/providers/docker/operators/docker.py", line 357, in _run_image
    return self._run_image_with_mounts(self.mounts, add_tmp_variable=False)
  File "/home/airflow/.local/lib/python3.8/site-packages/airflow/providers/docker/operators/docker.py", line 421, in _run_image_with_mounts
    raise DockerContainerFailedException(f"Docker container failed: {result!r}", logs=log_lines)
airflow.providers.docker.exceptions.DockerContainerFailedException: Docker container failed: {'StatusCode': 1}
[2024-06-19T06:13:13.196+0000] {taskinstance.py:1400} INFO - Marking task as UP_FOR_RETRY. dag_id=kafka_spark_dag, task_id=pyspark_consumer, execution_date=20240619T060311, start_date=20240619T060816, end_date=20240619T061313
[2024-06-19T06:13:13.208+0000] {standard_task_runner.py:104} ERROR - Failed to execute job 70 for task pyspark_consumer (Docker container failed: {'StatusCode': 1}; 4250)
[2024-06-19T06:13:13.240+0000] {local_task_job_runner.py:228} INFO - Task exited with return code 1
[2024-06-19T06:13:13.263+0000] {taskinstance.py:2778} INFO - 0 downstream tasks scheduled from follow-on schedule check
