[2024-06-19T06:39:09.993+0000] {taskinstance.py:1159} INFO - Dependencies all met for dep_context=non-requeueable deps ti=<TaskInstance: kafka_spark_dag.pyspark_consumer scheduled__2024-06-19T06:34:05.285155+00:00 [queued]>
[2024-06-19T06:39:09.996+0000] {taskinstance.py:1159} INFO - Dependencies all met for dep_context=requeueable deps ti=<TaskInstance: kafka_spark_dag.pyspark_consumer scheduled__2024-06-19T06:34:05.285155+00:00 [queued]>
[2024-06-19T06:39:09.997+0000] {taskinstance.py:1361} INFO - Starting attempt 1 of 2
[2024-06-19T06:39:10.002+0000] {taskinstance.py:1382} INFO - Executing <Task(DockerOperator): pyspark_consumer> on 2024-06-19 06:34:05.285155+00:00
[2024-06-19T06:39:10.005+0000] {standard_task_runner.py:57} INFO - Started process 19177 to run task
[2024-06-19T06:39:10.007+0000] {standard_task_runner.py:84} INFO - Running: ['***', 'tasks', 'run', 'kafka_spark_dag', 'pyspark_consumer', 'scheduled__2024-06-19T06:34:05.285155+00:00', '--job-id', '91', '--raw', '--subdir', 'DAGS_FOLDER/dag_kafka_spark.py', '--cfg-path', '/tmp/tmpnbdi534e']
[2024-06-19T06:39:10.007+0000] {standard_task_runner.py:85} INFO - Job 91: Subtask pyspark_consumer
[2024-06-19T06:39:10.029+0000] {task_command.py:416} INFO - Running <TaskInstance: kafka_spark_dag.pyspark_consumer scheduled__2024-06-19T06:34:05.285155+00:00 [running]> on host 2ad9230613d5
[2024-06-19T06:39:10.060+0000] {taskinstance.py:1662} INFO - Exporting env vars: AIRFLOW_CTX_DAG_OWNER='***' AIRFLOW_CTX_DAG_ID='kafka_spark_dag' AIRFLOW_CTX_TASK_ID='pyspark_consumer' AIRFLOW_CTX_EXECUTION_DATE='2024-06-19T06:34:05.285155+00:00' AIRFLOW_CTX_TRY_NUMBER='1' AIRFLOW_CTX_DAG_RUN_ID='scheduled__2024-06-19T06:34:05.285155+00:00'
[2024-06-19T06:39:10.142+0000] {docker.py:343} INFO - Starting docker container from image rappel-conso/spark:latest
[2024-06-19T06:39:10.195+0000] {docker.py:351} WARNING - Using remote engine or docker-in-docker and mounting temporary volume from host is not supported. Falling back to `mount_tmp_dir=False` mode. You can set `mount_tmp_dir` parameter to False to disable mounting and remove the warning
[2024-06-19T06:39:10.494+0000] {docker.py:413} INFO - [38;5;6mspark [38;5;5m06:39:10.49 [0m[38;5;2mINFO [0m ==>
[2024-06-19T06:39:10.495+0000] {docker.py:413} INFO - [38;5;6mspark [38;5;5m06:39:10.49 [0m[38;5;2mINFO [0m ==> [1mWelcome to the Bitnami spark container[0m
[2024-06-19T06:39:10.496+0000] {docker.py:413} INFO - [38;5;6mspark [38;5;5m06:39:10.49 [0m[38;5;2mINFO [0m ==> Subscribe to project updates by watching [1mhttps://github.com/bitnami/containers[0m
[2024-06-19T06:39:10.496+0000] {docker.py:413} INFO - [38;5;6mspark [38;5;5m06:39:10.49 [0m[38;5;2mINFO [0m ==> Submit issues and feature requests at [1mhttps://github.com/bitnami/containers/issues[0m
[2024-06-19T06:39:10.497+0000] {docker.py:413} INFO - [38;5;6mspark [38;5;5m06:39:10.49 [0m[38;5;2mINFO [0m ==>
[2024-06-19T06:39:10.505+0000] {docker.py:413} INFO - 
[2024-06-19T06:39:11.939+0000] {docker.py:413} INFO - :: loading settings :: url = jar:file:/opt/bitnami/spark/jars/ivy-2.5.1.jar!/org/apache/ivy/core/settings/ivysettings.xml
[2024-06-19T06:39:11.972+0000] {docker.py:413} INFO - Ivy Default Cache set to: /opt/bitnami/spark/.ivy2/cache
The jars for the packages stored in: /opt/bitnami/spark/.ivy2/jars
[2024-06-19T06:39:11.975+0000] {docker.py:413} INFO - org.postgresql#postgresql added as a dependency
org.apache.spark#spark-sql-kafka-0-10_2.12 added as a dependency
[2024-06-19T06:39:11.975+0000] {docker.py:413} INFO - :: resolving dependencies :: org.apache.spark#spark-submit-parent-17519dc3-17b0-4627-ac75-6be24a8c6e50;1.0
	confs: [default]
[2024-06-19T06:39:13.306+0000] {docker.py:413} INFO - found org.postgresql#postgresql;42.5.4 in central
[2024-06-19T06:39:13.745+0000] {docker.py:413} INFO - found org.checkerframework#checker-qual;3.5.0 in central
[2024-06-19T06:39:17.427+0000] {docker.py:413} INFO - found org.apache.spark#spark-sql-kafka-0-10_2.12;3.5.0 in central
[2024-06-19T06:39:17.991+0000] {docker.py:413} INFO - found org.apache.spark#spark-token-provider-kafka-0-10_2.12;3.5.0 in central
[2024-06-19T06:39:18.400+0000] {docker.py:413} INFO - found org.apache.kafka#kafka-clients;3.4.1 in central
[2024-06-19T06:39:18.821+0000] {docker.py:413} INFO - found org.lz4#lz4-java;1.8.0 in central
[2024-06-19T06:39:19.272+0000] {docker.py:413} INFO - found org.xerial.snappy#snappy-java;1.1.10.3 in central
[2024-06-19T06:39:21.273+0000] {docker.py:413} INFO - found org.slf4j#slf4j-api;2.0.7 in central
[2024-06-19T06:39:23.338+0000] {docker.py:413} INFO - found org.apache.hadoop#hadoop-client-runtime;3.3.4 in central
[2024-06-19T06:39:23.841+0000] {docker.py:413} INFO - found org.apache.hadoop#hadoop-client-api;3.3.4 in central
[2024-06-19T06:39:26.590+0000] {docker.py:413} INFO - found commons-logging#commons-logging;1.1.3 in central
[2024-06-19T06:39:26.995+0000] {docker.py:413} INFO - found com.google.code.findbugs#jsr305;3.0.0 in central
[2024-06-19T06:39:29.575+0000] {docker.py:413} INFO - found org.apache.commons#commons-pool2;2.11.1 in central
[2024-06-19T06:39:29.784+0000] {docker.py:413} INFO - downloading https://repo1.maven.org/maven2/org/postgresql/postgresql/42.5.4/postgresql-42.5.4.jar ...
[2024-06-19T06:39:31.696+0000] {docker.py:413} INFO - [SUCCESSFUL ] org.postgresql#postgresql;42.5.4!postgresql.jar (2105ms)
[2024-06-19T06:39:31.910+0000] {docker.py:413} INFO - downloading https://repo1.maven.org/maven2/org/apache/spark/spark-sql-kafka-0-10_2.12/3.5.0/spark-sql-kafka-0-10_2.12-3.5.0.jar ...
[2024-06-19T06:39:32.662+0000] {docker.py:413} INFO - [SUCCESSFUL ] org.apache.spark#spark-sql-kafka-0-10_2.12;3.5.0!spark-sql-kafka-0-10_2.12.jar (961ms)
[2024-06-19T06:39:32.864+0000] {docker.py:413} INFO - downloading https://repo1.maven.org/maven2/org/checkerframework/checker-qual/3.5.0/checker-qual-3.5.0.jar ...
[2024-06-19T06:39:33.325+0000] {docker.py:413} INFO - [SUCCESSFUL ] org.checkerframework#checker-qual;3.5.0!checker-qual.jar (659ms)
[2024-06-19T06:39:33.541+0000] {docker.py:413} INFO - downloading https://repo1.maven.org/maven2/org/apache/spark/spark-token-provider-kafka-0-10_2.12/3.5.0/spark-token-provider-kafka-0-10_2.12-3.5.0.jar ...
[2024-06-19T06:39:33.808+0000] {docker.py:413} INFO - [SUCCESSFUL ] org.apache.spark#spark-token-provider-kafka-0-10_2.12;3.5.0!spark-token-provider-kafka-0-10_2.12.jar (481ms)
[2024-06-19T06:39:34.009+0000] {docker.py:413} INFO - downloading https://repo1.maven.org/maven2/org/apache/kafka/kafka-clients/3.4.1/kafka-clients-3.4.1.jar ...
[2024-06-19T06:39:39.892+0000] {docker.py:413} INFO - [SUCCESSFUL ] org.apache.kafka#kafka-clients;3.4.1!kafka-clients.jar (6078ms)
[2024-06-19T06:39:40.101+0000] {docker.py:413} INFO - downloading https://repo1.maven.org/maven2/com/google/code/findbugs/jsr305/3.0.0/jsr305-3.0.0.jar ...
[2024-06-19T06:39:40.330+0000] {docker.py:413} INFO - [SUCCESSFUL ] com.google.code.findbugs#jsr305;3.0.0!jsr305.jar (440ms)
[2024-06-19T06:39:40.526+0000] {docker.py:413} INFO - downloading https://repo1.maven.org/maven2/org/apache/commons/commons-pool2/2.11.1/commons-pool2-2.11.1.jar ...
[2024-06-19T06:39:40.860+0000] {docker.py:413} INFO - [SUCCESSFUL ] org.apache.commons#commons-pool2;2.11.1!commons-pool2.jar (529ms)
[2024-06-19T06:39:41.062+0000] {docker.py:413} INFO - downloading https://repo1.maven.org/maven2/org/apache/hadoop/hadoop-client-runtime/3.3.4/hadoop-client-runtime-3.3.4.jar ...
[2024-06-19T06:39:54.981+0000] {docker.py:413} INFO - [SUCCESSFUL ] org.apache.hadoop#hadoop-client-runtime;3.3.4!hadoop-client-runtime.jar (14115ms)
[2024-06-19T06:39:55.298+0000] {docker.py:413} INFO - downloading https://repo1.maven.org/maven2/org/lz4/lz4-java/1.8.0/lz4-java-1.8.0.jar ...
[2024-06-19T06:39:55.968+0000] {docker.py:413} INFO - [SUCCESSFUL ] org.lz4#lz4-java;1.8.0!lz4-java.jar (985ms)
[2024-06-19T06:39:56.222+0000] {docker.py:413} INFO - downloading https://repo1.maven.org/maven2/org/xerial/snappy/snappy-java/1.1.10.3/snappy-java-1.1.10.3.jar ...
[2024-06-19T06:39:57.431+0000] {docker.py:413} INFO - [SUCCESSFUL ] org.xerial.snappy#snappy-java;1.1.10.3!snappy-java.jar(bundle) (1462ms)
[2024-06-19T06:39:57.688+0000] {docker.py:413} INFO - downloading https://repo1.maven.org/maven2/org/slf4j/slf4j-api/2.0.7/slf4j-api-2.0.7.jar ...
[2024-06-19T06:39:57.991+0000] {docker.py:413} INFO - [SUCCESSFUL ] org.slf4j#slf4j-api;2.0.7!slf4j-api.jar (555ms)
[2024-06-19T06:39:58.246+0000] {docker.py:413} INFO - downloading https://repo1.maven.org/maven2/org/apache/hadoop/hadoop-client-api/3.3.4/hadoop-client-api-3.3.4.jar ...
[2024-06-19T06:40:05.490+0000] {docker.py:413} INFO - [SUCCESSFUL ] org.apache.hadoop#hadoop-client-api;3.3.4!hadoop-client-api.jar (7495ms)
[2024-06-19T06:40:05.749+0000] {docker.py:413} INFO - downloading https://repo1.maven.org/maven2/commons-logging/commons-logging/1.1.3/commons-logging-1.1.3.jar ...
[2024-06-19T06:40:06.029+0000] {docker.py:413} INFO - [SUCCESSFUL ] commons-logging#commons-logging;1.1.3!commons-logging.jar (538ms)
[2024-06-19T06:40:06.030+0000] {docker.py:413} INFO - :: resolution report :: resolve 17613ms :: artifacts dl 36441ms
[2024-06-19T06:40:06.034+0000] {docker.py:413} INFO - :: modules in use:
[2024-06-19T06:40:06.036+0000] {docker.py:413} INFO - com.google.code.findbugs#jsr305;3.0.0 from central in [default]
	commons-logging#commons-logging;1.1.3 from central in [default]
[2024-06-19T06:40:06.037+0000] {docker.py:413} INFO - org.apache.commons#commons-pool2;2.11.1 from central in [default]
	org.apache.hadoop#hadoop-client-api;3.3.4 from central in [default]
	org.apache.hadoop#hadoop-client-runtime;3.3.4 from central in [default]
	org.apache.kafka#kafka-clients;3.4.1 from central in [default]
	org.apache.spark#spark-sql-kafka-0-10_2.12;3.5.0 from central in [default]
	org.apache.spark#spark-token-provider-kafka-0-10_2.12;3.5.0 from central in [default]
[2024-06-19T06:40:06.048+0000] {docker.py:413} INFO - org.checkerframework#checker-qual;3.5.0 from central in [default]
	org.lz4#lz4-java;1.8.0 from central in [default]
	org.postgresql#postgresql;42.5.4 from central in [default]
	org.slf4j#slf4j-api;2.0.7 from central in [default]
	org.xerial.snappy#snappy-java;1.1.10.3 from central in [default]
[2024-06-19T06:40:06.059+0000] {docker.py:413} INFO - ---------------------------------------------------------------------
	|                  |            modules            ||   artifacts   |
[2024-06-19T06:40:06.060+0000] {docker.py:413} INFO - |       conf       | number| search|dwnlded|evicted|| number|dwnlded|
	---------------------------------------------------------------------
[2024-06-19T06:40:06.061+0000] {docker.py:413} INFO - |      default     |   13  |   13  |   13  |   0   ||   13  |   13  |
	---------------------------------------------------------------------
[2024-06-19T06:40:06.078+0000] {docker.py:413} INFO - :: retrieving :: org.apache.spark#spark-submit-parent-17519dc3-17b0-4627-ac75-6be24a8c6e50
[2024-06-19T06:40:06.079+0000] {docker.py:413} INFO - confs: [default]
[2024-06-19T06:40:06.161+0000] {docker.py:413} INFO - 13 artifacts copied, 0 already retrieved (58001kB/82ms)
[2024-06-19T06:40:06.318+0000] {docker.py:413} INFO - 24/06/19 06:40:06 WARN NativeCodeLoader: Unable to load native-hadoop library for your platform... using builtin-java classes where applicable
[2024-06-19T06:40:06.955+0000] {docker.py:413} INFO - 24/06/19 06:40:06 INFO SparkContext: Running Spark version 3.5.0
[2024-06-19T06:40:06.955+0000] {docker.py:413} INFO - 24/06/19 06:40:06 INFO SparkContext: OS info Linux, 6.6.12-linuxkit, aarch64
[2024-06-19T06:40:06.956+0000] {docker.py:413} INFO - 24/06/19 06:40:06 INFO SparkContext: Java version 17.0.10
[2024-06-19T06:40:06.969+0000] {docker.py:413} INFO - 24/06/19 06:40:06 INFO ResourceUtils: ==============================================================
[2024-06-19T06:40:06.970+0000] {docker.py:413} INFO - 24/06/19 06:40:06 INFO ResourceUtils: No custom resources configured for spark.driver.
24/06/19 06:40:06 INFO ResourceUtils: ==============================================================
[2024-06-19T06:40:06.970+0000] {docker.py:413} INFO - 24/06/19 06:40:06 INFO SparkContext: Submitted application: PostgreSQL Connection with PySpark
[2024-06-19T06:40:06.982+0000] {docker.py:413} INFO - 24/06/19 06:40:06 INFO ResourceProfile: Default ResourceProfile created, executor resources: Map(cores -> name: cores, amount: 1, script: , vendor: , memory -> name: memory, amount: 1024, script: , vendor: , offHeap -> name: offHeap, amount: 0, script: , vendor: ), task resources: Map(cpus -> name: cpus, amount: 1.0)
[2024-06-19T06:40:06.987+0000] {docker.py:413} INFO - 24/06/19 06:40:06 INFO ResourceProfile: Limiting resource is cpu
[2024-06-19T06:40:06.987+0000] {docker.py:413} INFO - 24/06/19 06:40:06 INFO ResourceProfileManager: Added ResourceProfile id: 0
[2024-06-19T06:40:07.022+0000] {docker.py:413} INFO - 24/06/19 06:40:07 INFO SecurityManager: Changing view acls to: spark
[2024-06-19T06:40:07.023+0000] {docker.py:413} INFO - 24/06/19 06:40:07 INFO SecurityManager: Changing modify acls to: spark
[2024-06-19T06:40:07.023+0000] {docker.py:413} INFO - 24/06/19 06:40:07 INFO SecurityManager: Changing view acls groups to:
[2024-06-19T06:40:07.024+0000] {docker.py:413} INFO - 24/06/19 06:40:07 INFO SecurityManager: Changing modify acls groups to:
[2024-06-19T06:40:07.024+0000] {docker.py:413} INFO - 24/06/19 06:40:07 INFO SecurityManager: SecurityManager: authentication disabled; ui acls disabled; users with view permissions: spark; groups with view permissions: EMPTY; users with modify permissions: spark; groups with modify permissions: EMPTY
[2024-06-19T06:40:07.133+0000] {docker.py:413} INFO - 24/06/19 06:40:07 INFO Utils: Successfully started service 'sparkDriver' on port 41061.
[2024-06-19T06:40:07.148+0000] {docker.py:413} INFO - 24/06/19 06:40:07 INFO SparkEnv: Registering MapOutputTracker
[2024-06-19T06:40:07.165+0000] {docker.py:413} INFO - 24/06/19 06:40:07 INFO SparkEnv: Registering BlockManagerMaster
[2024-06-19T06:40:07.173+0000] {docker.py:413} INFO - 24/06/19 06:40:07 INFO BlockManagerMasterEndpoint: Using org.apache.spark.storage.DefaultTopologyMapper for getting topology information
[2024-06-19T06:40:07.174+0000] {docker.py:413} INFO - 24/06/19 06:40:07 INFO BlockManagerMasterEndpoint: BlockManagerMasterEndpoint up
[2024-06-19T06:40:07.175+0000] {docker.py:413} INFO - 24/06/19 06:40:07 INFO SparkEnv: Registering BlockManagerMasterHeartbeat
[2024-06-19T06:40:07.186+0000] {docker.py:413} INFO - 24/06/19 06:40:07 INFO DiskBlockManager: Created local directory at /tmp/blockmgr-9d2207ce-a78f-42b2-ac8f-214559a07210
[2024-06-19T06:40:07.194+0000] {docker.py:413} INFO - 24/06/19 06:40:07 INFO MemoryStore: MemoryStore started with capacity 434.4 MiB
[2024-06-19T06:40:07.202+0000] {docker.py:413} INFO - 24/06/19 06:40:07 INFO SparkEnv: Registering OutputCommitCoordinator
[2024-06-19T06:40:07.280+0000] {docker.py:413} INFO - 24/06/19 06:40:07 INFO JettyUtils: Start Jetty 0.0.0.0:4040 for SparkUI
[2024-06-19T06:40:07.318+0000] {docker.py:413} INFO - 24/06/19 06:40:07 INFO Utils: Successfully started service 'SparkUI' on port 4040.
[2024-06-19T06:40:07.340+0000] {docker.py:413} INFO - 24/06/19 06:40:07 INFO SparkContext: Added JAR file:///opt/bitnami/spark/.ivy2/jars/org.postgresql_postgresql-42.5.4.jar at spark://localhost:41061/jars/org.postgresql_postgresql-42.5.4.jar with timestamp 1718779206948
[2024-06-19T06:40:07.341+0000] {docker.py:413} INFO - 24/06/19 06:40:07 INFO SparkContext: Added JAR file:///opt/bitnami/spark/.ivy2/jars/org.apache.spark_spark-sql-kafka-0-10_2.12-3.5.0.jar at spark://localhost:41061/jars/org.apache.spark_spark-sql-kafka-0-10_2.12-3.5.0.jar with timestamp 1718779206948
24/06/19 06:40:07 INFO SparkContext: Added JAR file:///opt/bitnami/spark/.ivy2/jars/org.checkerframework_checker-qual-3.5.0.jar at spark://localhost:41061/jars/org.checkerframework_checker-qual-3.5.0.jar with timestamp 1718779206948
[2024-06-19T06:40:07.341+0000] {docker.py:413} INFO - 24/06/19 06:40:07 INFO SparkContext: Added JAR file:///opt/bitnami/spark/.ivy2/jars/org.apache.spark_spark-token-provider-kafka-0-10_2.12-3.5.0.jar at spark://localhost:41061/jars/org.apache.spark_spark-token-provider-kafka-0-10_2.12-3.5.0.jar with timestamp 1718779206948
24/06/19 06:40:07 INFO SparkContext: Added JAR file:///opt/bitnami/spark/.ivy2/jars/org.apache.kafka_kafka-clients-3.4.1.jar at spark://localhost:41061/jars/org.apache.kafka_kafka-clients-3.4.1.jar with timestamp 1718779206948
[2024-06-19T06:40:07.343+0000] {docker.py:413} INFO - 24/06/19 06:40:07 INFO SparkContext: Added JAR file:///opt/bitnami/spark/.ivy2/jars/com.google.code.findbugs_jsr305-3.0.0.jar at spark://localhost:41061/jars/com.google.code.findbugs_jsr305-3.0.0.jar with timestamp 1718779206948
[2024-06-19T06:40:07.344+0000] {docker.py:413} INFO - 24/06/19 06:40:07 INFO SparkContext: Added JAR file:///opt/bitnami/spark/.ivy2/jars/org.apache.commons_commons-pool2-2.11.1.jar at spark://localhost:41061/jars/org.apache.commons_commons-pool2-2.11.1.jar with timestamp 1718779206948
24/06/19 06:40:07 INFO SparkContext: Added JAR file:///opt/bitnami/spark/.ivy2/jars/org.apache.hadoop_hadoop-client-runtime-3.3.4.jar at spark://localhost:41061/jars/org.apache.hadoop_hadoop-client-runtime-3.3.4.jar with timestamp 1718779206948
24/06/19 06:40:07 INFO SparkContext: Added JAR file:///opt/bitnami/spark/.ivy2/jars/org.lz4_lz4-java-1.8.0.jar at spark://localhost:41061/jars/org.lz4_lz4-java-1.8.0.jar with timestamp 1718779206948
[2024-06-19T06:40:07.345+0000] {docker.py:413} INFO - 24/06/19 06:40:07 INFO SparkContext: Added JAR file:///opt/bitnami/spark/.ivy2/jars/org.xerial.snappy_snappy-java-1.1.10.3.jar at spark://localhost:41061/jars/org.xerial.snappy_snappy-java-1.1.10.3.jar with timestamp 1718779206948
[2024-06-19T06:40:07.345+0000] {docker.py:413} INFO - 24/06/19 06:40:07 INFO SparkContext: Added JAR file:///opt/bitnami/spark/.ivy2/jars/org.slf4j_slf4j-api-2.0.7.jar at spark://localhost:41061/jars/org.slf4j_slf4j-api-2.0.7.jar with timestamp 1718779206948
24/06/19 06:40:07 INFO SparkContext: Added JAR file:///opt/bitnami/spark/.ivy2/jars/org.apache.hadoop_hadoop-client-api-3.3.4.jar at spark://localhost:41061/jars/org.apache.hadoop_hadoop-client-api-3.3.4.jar with timestamp 1718779206948
[2024-06-19T06:40:07.345+0000] {docker.py:413} INFO - 24/06/19 06:40:07 INFO SparkContext: Added JAR file:///opt/bitnami/spark/.ivy2/jars/commons-logging_commons-logging-1.1.3.jar at spark://localhost:41061/jars/commons-logging_commons-logging-1.1.3.jar with timestamp 1718779206948
[2024-06-19T06:40:07.346+0000] {docker.py:413} INFO - 24/06/19 06:40:07 INFO SparkContext: Added file file:///opt/bitnami/spark/.ivy2/jars/org.postgresql_postgresql-42.5.4.jar at file:///opt/bitnami/spark/.ivy2/jars/org.postgresql_postgresql-42.5.4.jar with timestamp 1718779206948
[2024-06-19T06:40:07.346+0000] {docker.py:413} INFO - 24/06/19 06:40:07 INFO Utils: Copying /opt/bitnami/spark/.ivy2/jars/org.postgresql_postgresql-42.5.4.jar to /tmp/spark-bf12fec5-4533-42c1-abf9-2f17d2279e07/userFiles-70cc3095-4699-468f-8b90-e56dc339b6bd/org.postgresql_postgresql-42.5.4.jar
[2024-06-19T06:40:07.351+0000] {docker.py:413} INFO - 24/06/19 06:40:07 INFO SparkContext: Added file file:///opt/bitnami/spark/.ivy2/jars/org.apache.spark_spark-sql-kafka-0-10_2.12-3.5.0.jar at file:///opt/bitnami/spark/.ivy2/jars/org.apache.spark_spark-sql-kafka-0-10_2.12-3.5.0.jar with timestamp 1718779206948
24/06/19 06:40:07 INFO Utils: Copying /opt/bitnami/spark/.ivy2/jars/org.apache.spark_spark-sql-kafka-0-10_2.12-3.5.0.jar to /tmp/spark-bf12fec5-4533-42c1-abf9-2f17d2279e07/userFiles-70cc3095-4699-468f-8b90-e56dc339b6bd/org.apache.spark_spark-sql-kafka-0-10_2.12-3.5.0.jar
[2024-06-19T06:40:07.354+0000] {docker.py:413} INFO - 24/06/19 06:40:07 INFO SparkContext: Added file file:///opt/bitnami/spark/.ivy2/jars/org.checkerframework_checker-qual-3.5.0.jar at file:///opt/bitnami/spark/.ivy2/jars/org.checkerframework_checker-qual-3.5.0.jar with timestamp 1718779206948
[2024-06-19T06:40:07.354+0000] {docker.py:413} INFO - 24/06/19 06:40:07 INFO Utils: Copying /opt/bitnami/spark/.ivy2/jars/org.checkerframework_checker-qual-3.5.0.jar to /tmp/spark-bf12fec5-4533-42c1-abf9-2f17d2279e07/userFiles-70cc3095-4699-468f-8b90-e56dc339b6bd/org.checkerframework_checker-qual-3.5.0.jar
[2024-06-19T06:40:07.357+0000] {docker.py:413} INFO - 24/06/19 06:40:07 INFO SparkContext: Added file file:///opt/bitnami/spark/.ivy2/jars/org.apache.spark_spark-token-provider-kafka-0-10_2.12-3.5.0.jar at file:///opt/bitnami/spark/.ivy2/jars/org.apache.spark_spark-token-provider-kafka-0-10_2.12-3.5.0.jar with timestamp 1718779206948
[2024-06-19T06:40:07.358+0000] {docker.py:413} INFO - 24/06/19 06:40:07 INFO Utils: Copying /opt/bitnami/spark/.ivy2/jars/org.apache.spark_spark-token-provider-kafka-0-10_2.12-3.5.0.jar to /tmp/spark-bf12fec5-4533-42c1-abf9-2f17d2279e07/userFiles-70cc3095-4699-468f-8b90-e56dc339b6bd/org.apache.spark_spark-token-provider-kafka-0-10_2.12-3.5.0.jar
[2024-06-19T06:40:07.359+0000] {docker.py:413} INFO - 24/06/19 06:40:07 INFO SparkContext: Added file file:///opt/bitnami/spark/.ivy2/jars/org.apache.kafka_kafka-clients-3.4.1.jar at file:///opt/bitnami/spark/.ivy2/jars/org.apache.kafka_kafka-clients-3.4.1.jar with timestamp 1718779206948
[2024-06-19T06:40:07.359+0000] {docker.py:413} INFO - 24/06/19 06:40:07 INFO Utils: Copying /opt/bitnami/spark/.ivy2/jars/org.apache.kafka_kafka-clients-3.4.1.jar to /tmp/spark-bf12fec5-4533-42c1-abf9-2f17d2279e07/userFiles-70cc3095-4699-468f-8b90-e56dc339b6bd/org.apache.kafka_kafka-clients-3.4.1.jar
[2024-06-19T06:40:07.364+0000] {docker.py:413} INFO - 24/06/19 06:40:07 INFO SparkContext: Added file file:///opt/bitnami/spark/.ivy2/jars/com.google.code.findbugs_jsr305-3.0.0.jar at file:///opt/bitnami/spark/.ivy2/jars/com.google.code.findbugs_jsr305-3.0.0.jar with timestamp 1718779206948
[2024-06-19T06:40:07.365+0000] {docker.py:413} INFO - 24/06/19 06:40:07 INFO Utils: Copying /opt/bitnami/spark/.ivy2/jars/com.google.code.findbugs_jsr305-3.0.0.jar to /tmp/spark-bf12fec5-4533-42c1-abf9-2f17d2279e07/userFiles-70cc3095-4699-468f-8b90-e56dc339b6bd/com.google.code.findbugs_jsr305-3.0.0.jar
[2024-06-19T06:40:07.367+0000] {docker.py:413} INFO - 24/06/19 06:40:07 INFO SparkContext: Added file file:///opt/bitnami/spark/.ivy2/jars/org.apache.commons_commons-pool2-2.11.1.jar at file:///opt/bitnami/spark/.ivy2/jars/org.apache.commons_commons-pool2-2.11.1.jar with timestamp 1718779206948
[2024-06-19T06:40:07.367+0000] {docker.py:413} INFO - 24/06/19 06:40:07 INFO Utils: Copying /opt/bitnami/spark/.ivy2/jars/org.apache.commons_commons-pool2-2.11.1.jar to /tmp/spark-bf12fec5-4533-42c1-abf9-2f17d2279e07/userFiles-70cc3095-4699-468f-8b90-e56dc339b6bd/org.apache.commons_commons-pool2-2.11.1.jar
[2024-06-19T06:40:07.369+0000] {docker.py:413} INFO - 24/06/19 06:40:07 INFO SparkContext: Added file file:///opt/bitnami/spark/.ivy2/jars/org.apache.hadoop_hadoop-client-runtime-3.3.4.jar at file:///opt/bitnami/spark/.ivy2/jars/org.apache.hadoop_hadoop-client-runtime-3.3.4.jar with timestamp 1718779206948
[2024-06-19T06:40:07.369+0000] {docker.py:413} INFO - 24/06/19 06:40:07 INFO Utils: Copying /opt/bitnami/spark/.ivy2/jars/org.apache.hadoop_hadoop-client-runtime-3.3.4.jar to /tmp/spark-bf12fec5-4533-42c1-abf9-2f17d2279e07/userFiles-70cc3095-4699-468f-8b90-e56dc339b6bd/org.apache.hadoop_hadoop-client-runtime-3.3.4.jar
[2024-06-19T06:40:07.388+0000] {docker.py:413} INFO - 24/06/19 06:40:07 INFO SparkContext: Added file file:///opt/bitnami/spark/.ivy2/jars/org.lz4_lz4-java-1.8.0.jar at file:///opt/bitnami/spark/.ivy2/jars/org.lz4_lz4-java-1.8.0.jar with timestamp 1718779206948
[2024-06-19T06:40:07.388+0000] {docker.py:413} INFO - 24/06/19 06:40:07 INFO Utils: Copying /opt/bitnami/spark/.ivy2/jars/org.lz4_lz4-java-1.8.0.jar to /tmp/spark-bf12fec5-4533-42c1-abf9-2f17d2279e07/userFiles-70cc3095-4699-468f-8b90-e56dc339b6bd/org.lz4_lz4-java-1.8.0.jar
[2024-06-19T06:40:07.391+0000] {docker.py:413} INFO - 24/06/19 06:40:07 INFO SparkContext: Added file file:///opt/bitnami/spark/.ivy2/jars/org.xerial.snappy_snappy-java-1.1.10.3.jar at file:///opt/bitnami/spark/.ivy2/jars/org.xerial.snappy_snappy-java-1.1.10.3.jar with timestamp 1718779206948
[2024-06-19T06:40:07.391+0000] {docker.py:413} INFO - 24/06/19 06:40:07 INFO Utils: Copying /opt/bitnami/spark/.ivy2/jars/org.xerial.snappy_snappy-java-1.1.10.3.jar to /tmp/spark-bf12fec5-4533-42c1-abf9-2f17d2279e07/userFiles-70cc3095-4699-468f-8b90-e56dc339b6bd/org.xerial.snappy_snappy-java-1.1.10.3.jar
[2024-06-19T06:40:07.394+0000] {docker.py:413} INFO - 24/06/19 06:40:07 INFO SparkContext: Added file file:///opt/bitnami/spark/.ivy2/jars/org.slf4j_slf4j-api-2.0.7.jar at file:///opt/bitnami/spark/.ivy2/jars/org.slf4j_slf4j-api-2.0.7.jar with timestamp 1718779206948
[2024-06-19T06:40:07.394+0000] {docker.py:413} INFO - 24/06/19 06:40:07 INFO Utils: Copying /opt/bitnami/spark/.ivy2/jars/org.slf4j_slf4j-api-2.0.7.jar to /tmp/spark-bf12fec5-4533-42c1-abf9-2f17d2279e07/userFiles-70cc3095-4699-468f-8b90-e56dc339b6bd/org.slf4j_slf4j-api-2.0.7.jar
[2024-06-19T06:40:07.396+0000] {docker.py:413} INFO - 24/06/19 06:40:07 INFO SparkContext: Added file file:///opt/bitnami/spark/.ivy2/jars/org.apache.hadoop_hadoop-client-api-3.3.4.jar at file:///opt/bitnami/spark/.ivy2/jars/org.apache.hadoop_hadoop-client-api-3.3.4.jar with timestamp 1718779206948
[2024-06-19T06:40:07.396+0000] {docker.py:413} INFO - 24/06/19 06:40:07 INFO Utils: Copying /opt/bitnami/spark/.ivy2/jars/org.apache.hadoop_hadoop-client-api-3.3.4.jar to /tmp/spark-bf12fec5-4533-42c1-abf9-2f17d2279e07/userFiles-70cc3095-4699-468f-8b90-e56dc339b6bd/org.apache.hadoop_hadoop-client-api-3.3.4.jar
[2024-06-19T06:40:07.408+0000] {docker.py:413} INFO - 24/06/19 06:40:07 INFO SparkContext: Added file file:///opt/bitnami/spark/.ivy2/jars/commons-logging_commons-logging-1.1.3.jar at file:///opt/bitnami/spark/.ivy2/jars/commons-logging_commons-logging-1.1.3.jar with timestamp 1718779206948
[2024-06-19T06:40:07.409+0000] {docker.py:413} INFO - 24/06/19 06:40:07 INFO Utils: Copying /opt/bitnami/spark/.ivy2/jars/commons-logging_commons-logging-1.1.3.jar to /tmp/spark-bf12fec5-4533-42c1-abf9-2f17d2279e07/userFiles-70cc3095-4699-468f-8b90-e56dc339b6bd/commons-logging_commons-logging-1.1.3.jar
[2024-06-19T06:40:07.445+0000] {docker.py:413} INFO - 24/06/19 06:40:07 INFO Executor: Starting executor ID driver on host localhost
[2024-06-19T06:40:07.446+0000] {docker.py:413} INFO - 24/06/19 06:40:07 INFO Executor: OS info Linux, 6.6.12-linuxkit, aarch64
[2024-06-19T06:40:07.446+0000] {docker.py:413} INFO - 24/06/19 06:40:07 INFO Executor: Java version 17.0.10
[2024-06-19T06:40:07.449+0000] {docker.py:413} INFO - 24/06/19 06:40:07 INFO Executor: Starting executor with user classpath (userClassPathFirst = false): ''
[2024-06-19T06:40:07.449+0000] {docker.py:413} INFO - 24/06/19 06:40:07 INFO Executor: Created or updated repl class loader org.apache.spark.util.MutableURLClassLoader@2b92867a for default.
[2024-06-19T06:40:07.455+0000] {docker.py:413} INFO - 24/06/19 06:40:07 INFO Executor: Fetching file:///opt/bitnami/spark/.ivy2/jars/org.apache.spark_spark-token-provider-kafka-0-10_2.12-3.5.0.jar with timestamp 1718779206948
[2024-06-19T06:40:07.463+0000] {docker.py:413} INFO - 24/06/19 06:40:07 INFO Utils: /opt/bitnami/spark/.ivy2/jars/org.apache.spark_spark-token-provider-kafka-0-10_2.12-3.5.0.jar has been previously copied to /tmp/spark-bf12fec5-4533-42c1-abf9-2f17d2279e07/userFiles-70cc3095-4699-468f-8b90-e56dc339b6bd/org.apache.spark_spark-token-provider-kafka-0-10_2.12-3.5.0.jar
[2024-06-19T06:40:07.464+0000] {docker.py:413} INFO - 24/06/19 06:40:07 INFO Executor: Fetching file:///opt/bitnami/spark/.ivy2/jars/org.apache.hadoop_hadoop-client-runtime-3.3.4.jar with timestamp 1718779206948
[2024-06-19T06:40:07.477+0000] {docker.py:413} INFO - 24/06/19 06:40:07 INFO Utils: /opt/bitnami/spark/.ivy2/jars/org.apache.hadoop_hadoop-client-runtime-3.3.4.jar has been previously copied to /tmp/spark-bf12fec5-4533-42c1-abf9-2f17d2279e07/userFiles-70cc3095-4699-468f-8b90-e56dc339b6bd/org.apache.hadoop_hadoop-client-runtime-3.3.4.jar
[2024-06-19T06:40:07.479+0000] {docker.py:413} INFO - 24/06/19 06:40:07 INFO Executor: Fetching file:///opt/bitnami/spark/.ivy2/jars/org.apache.commons_commons-pool2-2.11.1.jar with timestamp 1718779206948
[2024-06-19T06:40:07.479+0000] {docker.py:413} INFO - 24/06/19 06:40:07 INFO Utils: /opt/bitnami/spark/.ivy2/jars/org.apache.commons_commons-pool2-2.11.1.jar has been previously copied to /tmp/spark-bf12fec5-4533-42c1-abf9-2f17d2279e07/userFiles-70cc3095-4699-468f-8b90-e56dc339b6bd/org.apache.commons_commons-pool2-2.11.1.jar
[2024-06-19T06:40:07.480+0000] {docker.py:413} INFO - 24/06/19 06:40:07 INFO Executor: Fetching file:///opt/bitnami/spark/.ivy2/jars/org.postgresql_postgresql-42.5.4.jar with timestamp 1718779206948
[2024-06-19T06:40:07.481+0000] {docker.py:413} INFO - 24/06/19 06:40:07 INFO Utils: /opt/bitnami/spark/.ivy2/jars/org.postgresql_postgresql-42.5.4.jar has been previously copied to /tmp/spark-bf12fec5-4533-42c1-abf9-2f17d2279e07/userFiles-70cc3095-4699-468f-8b90-e56dc339b6bd/org.postgresql_postgresql-42.5.4.jar
[2024-06-19T06:40:07.483+0000] {docker.py:413} INFO - 24/06/19 06:40:07 INFO Executor: Fetching file:///opt/bitnami/spark/.ivy2/jars/org.slf4j_slf4j-api-2.0.7.jar with timestamp 1718779206948
[2024-06-19T06:40:07.483+0000] {docker.py:413} INFO - 24/06/19 06:40:07 INFO Utils: /opt/bitnami/spark/.ivy2/jars/org.slf4j_slf4j-api-2.0.7.jar has been previously copied to /tmp/spark-bf12fec5-4533-42c1-abf9-2f17d2279e07/userFiles-70cc3095-4699-468f-8b90-e56dc339b6bd/org.slf4j_slf4j-api-2.0.7.jar
[2024-06-19T06:40:07.484+0000] {docker.py:413} INFO - 24/06/19 06:40:07 INFO Executor: Fetching file:///opt/bitnami/spark/.ivy2/jars/org.apache.kafka_kafka-clients-3.4.1.jar with timestamp 1718779206948
[2024-06-19T06:40:07.486+0000] {docker.py:413} INFO - 24/06/19 06:40:07 INFO Utils: /opt/bitnami/spark/.ivy2/jars/org.apache.kafka_kafka-clients-3.4.1.jar has been previously copied to /tmp/spark-bf12fec5-4533-42c1-abf9-2f17d2279e07/userFiles-70cc3095-4699-468f-8b90-e56dc339b6bd/org.apache.kafka_kafka-clients-3.4.1.jar
[2024-06-19T06:40:07.487+0000] {docker.py:413} INFO - 24/06/19 06:40:07 INFO Executor: Fetching file:///opt/bitnami/spark/.ivy2/jars/com.google.code.findbugs_jsr305-3.0.0.jar with timestamp 1718779206948
[2024-06-19T06:40:07.488+0000] {docker.py:413} INFO - 24/06/19 06:40:07 INFO Utils: /opt/bitnami/spark/.ivy2/jars/com.google.code.findbugs_jsr305-3.0.0.jar has been previously copied to /tmp/spark-bf12fec5-4533-42c1-abf9-2f17d2279e07/userFiles-70cc3095-4699-468f-8b90-e56dc339b6bd/com.google.code.findbugs_jsr305-3.0.0.jar
[2024-06-19T06:40:07.489+0000] {docker.py:413} INFO - 24/06/19 06:40:07 INFO Executor: Fetching file:///opt/bitnami/spark/.ivy2/jars/org.lz4_lz4-java-1.8.0.jar with timestamp 1718779206948
[2024-06-19T06:40:07.489+0000] {docker.py:413} INFO - 24/06/19 06:40:07 INFO Utils: /opt/bitnami/spark/.ivy2/jars/org.lz4_lz4-java-1.8.0.jar has been previously copied to /tmp/spark-bf12fec5-4533-42c1-abf9-2f17d2279e07/userFiles-70cc3095-4699-468f-8b90-e56dc339b6bd/org.lz4_lz4-java-1.8.0.jar
[2024-06-19T06:40:07.491+0000] {docker.py:413} INFO - 24/06/19 06:40:07 INFO Executor: Fetching file:///opt/bitnami/spark/.ivy2/jars/org.apache.spark_spark-sql-kafka-0-10_2.12-3.5.0.jar with timestamp 1718779206948
[2024-06-19T06:40:07.491+0000] {docker.py:413} INFO - 24/06/19 06:40:07 INFO Utils: /opt/bitnami/spark/.ivy2/jars/org.apache.spark_spark-sql-kafka-0-10_2.12-3.5.0.jar has been previously copied to /tmp/spark-bf12fec5-4533-42c1-abf9-2f17d2279e07/userFiles-70cc3095-4699-468f-8b90-e56dc339b6bd/org.apache.spark_spark-sql-kafka-0-10_2.12-3.5.0.jar
[2024-06-19T06:40:07.493+0000] {docker.py:413} INFO - 24/06/19 06:40:07 INFO Executor: Fetching file:///opt/bitnami/spark/.ivy2/jars/org.apache.hadoop_hadoop-client-api-3.3.4.jar with timestamp 1718779206948
[2024-06-19T06:40:07.499+0000] {docker.py:413} INFO - 24/06/19 06:40:07 INFO Utils: /opt/bitnami/spark/.ivy2/jars/org.apache.hadoop_hadoop-client-api-3.3.4.jar has been previously copied to /tmp/spark-bf12fec5-4533-42c1-abf9-2f17d2279e07/userFiles-70cc3095-4699-468f-8b90-e56dc339b6bd/org.apache.hadoop_hadoop-client-api-3.3.4.jar
[2024-06-19T06:40:07.501+0000] {docker.py:413} INFO - 24/06/19 06:40:07 INFO Executor: Fetching file:///opt/bitnami/spark/.ivy2/jars/commons-logging_commons-logging-1.1.3.jar with timestamp 1718779206948
[2024-06-19T06:40:07.501+0000] {docker.py:413} INFO - 24/06/19 06:40:07 INFO Utils: /opt/bitnami/spark/.ivy2/jars/commons-logging_commons-logging-1.1.3.jar has been previously copied to /tmp/spark-bf12fec5-4533-42c1-abf9-2f17d2279e07/userFiles-70cc3095-4699-468f-8b90-e56dc339b6bd/commons-logging_commons-logging-1.1.3.jar
[2024-06-19T06:40:07.502+0000] {docker.py:413} INFO - 24/06/19 06:40:07 INFO Executor: Fetching file:///opt/bitnami/spark/.ivy2/jars/org.checkerframework_checker-qual-3.5.0.jar with timestamp 1718779206948
[2024-06-19T06:40:07.502+0000] {docker.py:413} INFO - 24/06/19 06:40:07 INFO Utils: /opt/bitnami/spark/.ivy2/jars/org.checkerframework_checker-qual-3.5.0.jar has been previously copied to /tmp/spark-bf12fec5-4533-42c1-abf9-2f17d2279e07/userFiles-70cc3095-4699-468f-8b90-e56dc339b6bd/org.checkerframework_checker-qual-3.5.0.jar
[2024-06-19T06:40:07.503+0000] {docker.py:413} INFO - 24/06/19 06:40:07 INFO Executor: Fetching file:///opt/bitnami/spark/.ivy2/jars/org.xerial.snappy_snappy-java-1.1.10.3.jar with timestamp 1718779206948
[2024-06-19T06:40:07.504+0000] {docker.py:413} INFO - 24/06/19 06:40:07 INFO Utils: /opt/bitnami/spark/.ivy2/jars/org.xerial.snappy_snappy-java-1.1.10.3.jar has been previously copied to /tmp/spark-bf12fec5-4533-42c1-abf9-2f17d2279e07/userFiles-70cc3095-4699-468f-8b90-e56dc339b6bd/org.xerial.snappy_snappy-java-1.1.10.3.jar
[2024-06-19T06:40:07.507+0000] {docker.py:413} INFO - 24/06/19 06:40:07 INFO Executor: Fetching spark://localhost:41061/jars/org.lz4_lz4-java-1.8.0.jar with timestamp 1718779206948
[2024-06-19T06:40:07.533+0000] {docker.py:413} INFO - 24/06/19 06:40:07 INFO TransportClientFactory: Successfully created connection to localhost/127.0.0.1:41061 after 20 ms (0 ms spent in bootstraps)
[2024-06-19T06:40:07.538+0000] {docker.py:413} INFO - 24/06/19 06:40:07 INFO Utils: Fetching spark://localhost:41061/jars/org.lz4_lz4-java-1.8.0.jar to /tmp/spark-bf12fec5-4533-42c1-abf9-2f17d2279e07/userFiles-70cc3095-4699-468f-8b90-e56dc339b6bd/fetchFileTemp11812035836980615809.tmp
[2024-06-19T06:40:07.562+0000] {docker.py:413} INFO - 24/06/19 06:40:07 INFO Utils: /tmp/spark-bf12fec5-4533-42c1-abf9-2f17d2279e07/userFiles-70cc3095-4699-468f-8b90-e56dc339b6bd/fetchFileTemp11812035836980615809.tmp has been previously copied to /tmp/spark-bf12fec5-4533-42c1-abf9-2f17d2279e07/userFiles-70cc3095-4699-468f-8b90-e56dc339b6bd/org.lz4_lz4-java-1.8.0.jar
[2024-06-19T06:40:07.563+0000] {docker.py:413} INFO - 24/06/19 06:40:07 INFO Executor: Adding file:/tmp/spark-bf12fec5-4533-42c1-abf9-2f17d2279e07/userFiles-70cc3095-4699-468f-8b90-e56dc339b6bd/org.lz4_lz4-java-1.8.0.jar to class loader default
[2024-06-19T06:40:07.563+0000] {docker.py:413} INFO - 24/06/19 06:40:07 INFO Executor: Fetching spark://localhost:41061/jars/org.apache.spark_spark-token-provider-kafka-0-10_2.12-3.5.0.jar with timestamp 1718779206948
[2024-06-19T06:40:07.564+0000] {docker.py:413} INFO - 24/06/19 06:40:07 INFO Utils: Fetching spark://localhost:41061/jars/org.apache.spark_spark-token-provider-kafka-0-10_2.12-3.5.0.jar to /tmp/spark-bf12fec5-4533-42c1-abf9-2f17d2279e07/userFiles-70cc3095-4699-468f-8b90-e56dc339b6bd/fetchFileTemp11017137761450173556.tmp
[2024-06-19T06:40:07.564+0000] {docker.py:413} INFO - 24/06/19 06:40:07 INFO Utils: /tmp/spark-bf12fec5-4533-42c1-abf9-2f17d2279e07/userFiles-70cc3095-4699-468f-8b90-e56dc339b6bd/fetchFileTemp11017137761450173556.tmp has been previously copied to /tmp/spark-bf12fec5-4533-42c1-abf9-2f17d2279e07/userFiles-70cc3095-4699-468f-8b90-e56dc339b6bd/org.apache.spark_spark-token-provider-kafka-0-10_2.12-3.5.0.jar
[2024-06-19T06:40:07.566+0000] {docker.py:413} INFO - 24/06/19 06:40:07 INFO Executor: Adding file:/tmp/spark-bf12fec5-4533-42c1-abf9-2f17d2279e07/userFiles-70cc3095-4699-468f-8b90-e56dc339b6bd/org.apache.spark_spark-token-provider-kafka-0-10_2.12-3.5.0.jar to class loader default
[2024-06-19T06:40:07.567+0000] {docker.py:413} INFO - 24/06/19 06:40:07 INFO Executor: Fetching spark://localhost:41061/jars/org.xerial.snappy_snappy-java-1.1.10.3.jar with timestamp 1718779206948
[2024-06-19T06:40:07.567+0000] {docker.py:413} INFO - 24/06/19 06:40:07 INFO Utils: Fetching spark://localhost:41061/jars/org.xerial.snappy_snappy-java-1.1.10.3.jar to /tmp/spark-bf12fec5-4533-42c1-abf9-2f17d2279e07/userFiles-70cc3095-4699-468f-8b90-e56dc339b6bd/fetchFileTemp7219961897830683172.tmp
[2024-06-19T06:40:07.577+0000] {docker.py:413} INFO - 24/06/19 06:40:07 INFO Utils: /tmp/spark-bf12fec5-4533-42c1-abf9-2f17d2279e07/userFiles-70cc3095-4699-468f-8b90-e56dc339b6bd/fetchFileTemp7219961897830683172.tmp has been previously copied to /tmp/spark-bf12fec5-4533-42c1-abf9-2f17d2279e07/userFiles-70cc3095-4699-468f-8b90-e56dc339b6bd/org.xerial.snappy_snappy-java-1.1.10.3.jar
[2024-06-19T06:40:07.580+0000] {docker.py:413} INFO - 24/06/19 06:40:07 INFO Executor: Adding file:/tmp/spark-bf12fec5-4533-42c1-abf9-2f17d2279e07/userFiles-70cc3095-4699-468f-8b90-e56dc339b6bd/org.xerial.snappy_snappy-java-1.1.10.3.jar to class loader default
[2024-06-19T06:40:07.581+0000] {docker.py:413} INFO - 24/06/19 06:40:07 INFO Executor: Fetching spark://localhost:41061/jars/org.apache.commons_commons-pool2-2.11.1.jar with timestamp 1718779206948
[2024-06-19T06:40:07.582+0000] {docker.py:413} INFO - 24/06/19 06:40:07 INFO Utils: Fetching spark://localhost:41061/jars/org.apache.commons_commons-pool2-2.11.1.jar to /tmp/spark-bf12fec5-4533-42c1-abf9-2f17d2279e07/userFiles-70cc3095-4699-468f-8b90-e56dc339b6bd/fetchFileTemp583045368539750488.tmp
[2024-06-19T06:40:07.585+0000] {docker.py:413} INFO - 24/06/19 06:40:07 INFO Utils: /tmp/spark-bf12fec5-4533-42c1-abf9-2f17d2279e07/userFiles-70cc3095-4699-468f-8b90-e56dc339b6bd/fetchFileTemp583045368539750488.tmp has been previously copied to /tmp/spark-bf12fec5-4533-42c1-abf9-2f17d2279e07/userFiles-70cc3095-4699-468f-8b90-e56dc339b6bd/org.apache.commons_commons-pool2-2.11.1.jar
24/06/19 06:40:07 INFO Executor: Adding file:/tmp/spark-bf12fec5-4533-42c1-abf9-2f17d2279e07/userFiles-70cc3095-4699-468f-8b90-e56dc339b6bd/org.apache.commons_commons-pool2-2.11.1.jar to class loader default
24/06/19 06:40:07 INFO Executor: Fetching spark://localhost:41061/jars/com.google.code.findbugs_jsr305-3.0.0.jar with timestamp 1718779206948
24/06/19 06:40:07 INFO Utils: Fetching spark://localhost:41061/jars/com.google.code.findbugs_jsr305-3.0.0.jar to /tmp/spark-bf12fec5-4533-42c1-abf9-2f17d2279e07/userFiles-70cc3095-4699-468f-8b90-e56dc339b6bd/fetchFileTemp11582439916822701401.tmp
[2024-06-19T06:40:07.587+0000] {docker.py:413} INFO - 24/06/19 06:40:07 INFO Utils: /tmp/spark-bf12fec5-4533-42c1-abf9-2f17d2279e07/userFiles-70cc3095-4699-468f-8b90-e56dc339b6bd/fetchFileTemp11582439916822701401.tmp has been previously copied to /tmp/spark-bf12fec5-4533-42c1-abf9-2f17d2279e07/userFiles-70cc3095-4699-468f-8b90-e56dc339b6bd/com.google.code.findbugs_jsr305-3.0.0.jar
[2024-06-19T06:40:07.590+0000] {docker.py:413} INFO - 24/06/19 06:40:07 INFO Executor: Adding file:/tmp/spark-bf12fec5-4533-42c1-abf9-2f17d2279e07/userFiles-70cc3095-4699-468f-8b90-e56dc339b6bd/com.google.code.findbugs_jsr305-3.0.0.jar to class loader default
24/06/19 06:40:07 INFO Executor: Fetching spark://localhost:41061/jars/org.apache.kafka_kafka-clients-3.4.1.jar with timestamp 1718779206948
[2024-06-19T06:40:07.591+0000] {docker.py:413} INFO - 24/06/19 06:40:07 INFO Utils: Fetching spark://localhost:41061/jars/org.apache.kafka_kafka-clients-3.4.1.jar to /tmp/spark-bf12fec5-4533-42c1-abf9-2f17d2279e07/userFiles-70cc3095-4699-468f-8b90-e56dc339b6bd/fetchFileTemp11436868026115478012.tmp
[2024-06-19T06:40:07.613+0000] {docker.py:413} INFO - 24/06/19 06:40:07 INFO Utils: /tmp/spark-bf12fec5-4533-42c1-abf9-2f17d2279e07/userFiles-70cc3095-4699-468f-8b90-e56dc339b6bd/fetchFileTemp11436868026115478012.tmp has been previously copied to /tmp/spark-bf12fec5-4533-42c1-abf9-2f17d2279e07/userFiles-70cc3095-4699-468f-8b90-e56dc339b6bd/org.apache.kafka_kafka-clients-3.4.1.jar
[2024-06-19T06:40:07.620+0000] {docker.py:413} INFO - 24/06/19 06:40:07 INFO Executor: Adding file:/tmp/spark-bf12fec5-4533-42c1-abf9-2f17d2279e07/userFiles-70cc3095-4699-468f-8b90-e56dc339b6bd/org.apache.kafka_kafka-clients-3.4.1.jar to class loader default
[2024-06-19T06:40:07.622+0000] {docker.py:413} INFO - 24/06/19 06:40:07 INFO Executor: Fetching spark://localhost:41061/jars/commons-logging_commons-logging-1.1.3.jar with timestamp 1718779206948
[2024-06-19T06:40:07.624+0000] {docker.py:413} INFO - 24/06/19 06:40:07 INFO Utils: Fetching spark://localhost:41061/jars/commons-logging_commons-logging-1.1.3.jar to /tmp/spark-bf12fec5-4533-42c1-abf9-2f17d2279e07/userFiles-70cc3095-4699-468f-8b90-e56dc339b6bd/fetchFileTemp961552955726633735.tmp
[2024-06-19T06:40:07.625+0000] {docker.py:413} INFO - 24/06/19 06:40:07 INFO Utils: /tmp/spark-bf12fec5-4533-42c1-abf9-2f17d2279e07/userFiles-70cc3095-4699-468f-8b90-e56dc339b6bd/fetchFileTemp961552955726633735.tmp has been previously copied to /tmp/spark-bf12fec5-4533-42c1-abf9-2f17d2279e07/userFiles-70cc3095-4699-468f-8b90-e56dc339b6bd/commons-logging_commons-logging-1.1.3.jar
[2024-06-19T06:40:07.632+0000] {docker.py:413} INFO - 24/06/19 06:40:07 INFO Executor: Adding file:/tmp/spark-bf12fec5-4533-42c1-abf9-2f17d2279e07/userFiles-70cc3095-4699-468f-8b90-e56dc339b6bd/commons-logging_commons-logging-1.1.3.jar to class loader default
24/06/19 06:40:07 INFO Executor: Fetching spark://localhost:41061/jars/org.apache.hadoop_hadoop-client-runtime-3.3.4.jar with timestamp 1718779206948
[2024-06-19T06:40:07.634+0000] {docker.py:413} INFO - 24/06/19 06:40:07 INFO Utils: Fetching spark://localhost:41061/jars/org.apache.hadoop_hadoop-client-runtime-3.3.4.jar to /tmp/spark-bf12fec5-4533-42c1-abf9-2f17d2279e07/userFiles-70cc3095-4699-468f-8b90-e56dc339b6bd/fetchFileTemp4293711166730470944.tmp
[2024-06-19T06:40:07.709+0000] {docker.py:413} INFO - 24/06/19 06:40:07 INFO Utils: /tmp/spark-bf12fec5-4533-42c1-abf9-2f17d2279e07/userFiles-70cc3095-4699-468f-8b90-e56dc339b6bd/fetchFileTemp4293711166730470944.tmp has been previously copied to /tmp/spark-bf12fec5-4533-42c1-abf9-2f17d2279e07/userFiles-70cc3095-4699-468f-8b90-e56dc339b6bd/org.apache.hadoop_hadoop-client-runtime-3.3.4.jar
[2024-06-19T06:40:07.715+0000] {docker.py:413} INFO - 24/06/19 06:40:07 INFO Executor: Adding file:/tmp/spark-bf12fec5-4533-42c1-abf9-2f17d2279e07/userFiles-70cc3095-4699-468f-8b90-e56dc339b6bd/org.apache.hadoop_hadoop-client-runtime-3.3.4.jar to class loader default
[2024-06-19T06:40:07.716+0000] {docker.py:413} INFO - 24/06/19 06:40:07 INFO Executor: Fetching spark://localhost:41061/jars/org.apache.spark_spark-sql-kafka-0-10_2.12-3.5.0.jar with timestamp 1718779206948
[2024-06-19T06:40:07.717+0000] {docker.py:413} INFO - 24/06/19 06:40:07 INFO Utils: Fetching spark://localhost:41061/jars/org.apache.spark_spark-sql-kafka-0-10_2.12-3.5.0.jar to /tmp/spark-bf12fec5-4533-42c1-abf9-2f17d2279e07/userFiles-70cc3095-4699-468f-8b90-e56dc339b6bd/fetchFileTemp12918387867732860843.tmp
[2024-06-19T06:40:07.720+0000] {docker.py:413} INFO - 24/06/19 06:40:07 INFO Utils: /tmp/spark-bf12fec5-4533-42c1-abf9-2f17d2279e07/userFiles-70cc3095-4699-468f-8b90-e56dc339b6bd/fetchFileTemp12918387867732860843.tmp has been previously copied to /tmp/spark-bf12fec5-4533-42c1-abf9-2f17d2279e07/userFiles-70cc3095-4699-468f-8b90-e56dc339b6bd/org.apache.spark_spark-sql-kafka-0-10_2.12-3.5.0.jar
[2024-06-19T06:40:07.722+0000] {docker.py:413} INFO - 24/06/19 06:40:07 INFO Executor: Adding file:/tmp/spark-bf12fec5-4533-42c1-abf9-2f17d2279e07/userFiles-70cc3095-4699-468f-8b90-e56dc339b6bd/org.apache.spark_spark-sql-kafka-0-10_2.12-3.5.0.jar to class loader default
[2024-06-19T06:40:07.724+0000] {docker.py:413} INFO - 24/06/19 06:40:07 INFO Executor: Fetching spark://localhost:41061/jars/org.postgresql_postgresql-42.5.4.jar with timestamp 1718779206948
[2024-06-19T06:40:07.727+0000] {docker.py:413} INFO - 24/06/19 06:40:07 INFO Utils: Fetching spark://localhost:41061/jars/org.postgresql_postgresql-42.5.4.jar to /tmp/spark-bf12fec5-4533-42c1-abf9-2f17d2279e07/userFiles-70cc3095-4699-468f-8b90-e56dc339b6bd/fetchFileTemp9457016869160233592.tmp
[2024-06-19T06:40:07.728+0000] {docker.py:413} INFO - 24/06/19 06:40:07 INFO Utils: /tmp/spark-bf12fec5-4533-42c1-abf9-2f17d2279e07/userFiles-70cc3095-4699-468f-8b90-e56dc339b6bd/fetchFileTemp9457016869160233592.tmp has been previously copied to /tmp/spark-bf12fec5-4533-42c1-abf9-2f17d2279e07/userFiles-70cc3095-4699-468f-8b90-e56dc339b6bd/org.postgresql_postgresql-42.5.4.jar
[2024-06-19T06:40:07.731+0000] {docker.py:413} INFO - 24/06/19 06:40:07 INFO Executor: Adding file:/tmp/spark-bf12fec5-4533-42c1-abf9-2f17d2279e07/userFiles-70cc3095-4699-468f-8b90-e56dc339b6bd/org.postgresql_postgresql-42.5.4.jar to class loader default
24/06/19 06:40:07 INFO Executor: Fetching spark://localhost:41061/jars/org.apache.hadoop_hadoop-client-api-3.3.4.jar with timestamp 1718779206948
[2024-06-19T06:40:07.732+0000] {docker.py:413} INFO - 24/06/19 06:40:07 INFO Utils: Fetching spark://localhost:41061/jars/org.apache.hadoop_hadoop-client-api-3.3.4.jar to /tmp/spark-bf12fec5-4533-42c1-abf9-2f17d2279e07/userFiles-70cc3095-4699-468f-8b90-e56dc339b6bd/fetchFileTemp10056436756767953708.tmp
[2024-06-19T06:40:07.758+0000] {docker.py:413} INFO - 24/06/19 06:40:07 INFO Utils: /tmp/spark-bf12fec5-4533-42c1-abf9-2f17d2279e07/userFiles-70cc3095-4699-468f-8b90-e56dc339b6bd/fetchFileTemp10056436756767953708.tmp has been previously copied to /tmp/spark-bf12fec5-4533-42c1-abf9-2f17d2279e07/userFiles-70cc3095-4699-468f-8b90-e56dc339b6bd/org.apache.hadoop_hadoop-client-api-3.3.4.jar
[2024-06-19T06:40:07.761+0000] {docker.py:413} INFO - 24/06/19 06:40:07 INFO Executor: Adding file:/tmp/spark-bf12fec5-4533-42c1-abf9-2f17d2279e07/userFiles-70cc3095-4699-468f-8b90-e56dc339b6bd/org.apache.hadoop_hadoop-client-api-3.3.4.jar to class loader default
[2024-06-19T06:40:07.761+0000] {docker.py:413} INFO - 24/06/19 06:40:07 INFO Executor: Fetching spark://localhost:41061/jars/org.checkerframework_checker-qual-3.5.0.jar with timestamp 1718779206948
[2024-06-19T06:40:07.761+0000] {docker.py:413} INFO - 24/06/19 06:40:07 INFO Utils: Fetching spark://localhost:41061/jars/org.checkerframework_checker-qual-3.5.0.jar to /tmp/spark-bf12fec5-4533-42c1-abf9-2f17d2279e07/userFiles-70cc3095-4699-468f-8b90-e56dc339b6bd/fetchFileTemp14175856770023377811.tmp
[2024-06-19T06:40:07.762+0000] {docker.py:413} INFO - 24/06/19 06:40:07 INFO Utils: /tmp/spark-bf12fec5-4533-42c1-abf9-2f17d2279e07/userFiles-70cc3095-4699-468f-8b90-e56dc339b6bd/fetchFileTemp14175856770023377811.tmp has been previously copied to /tmp/spark-bf12fec5-4533-42c1-abf9-2f17d2279e07/userFiles-70cc3095-4699-468f-8b90-e56dc339b6bd/org.checkerframework_checker-qual-3.5.0.jar
[2024-06-19T06:40:07.763+0000] {docker.py:413} INFO - 24/06/19 06:40:07 INFO Executor: Adding file:/tmp/spark-bf12fec5-4533-42c1-abf9-2f17d2279e07/userFiles-70cc3095-4699-468f-8b90-e56dc339b6bd/org.checkerframework_checker-qual-3.5.0.jar to class loader default
[2024-06-19T06:40:07.764+0000] {docker.py:413} INFO - 24/06/19 06:40:07 INFO Executor: Fetching spark://localhost:41061/jars/org.slf4j_slf4j-api-2.0.7.jar with timestamp 1718779206948
[2024-06-19T06:40:07.764+0000] {docker.py:413} INFO - 24/06/19 06:40:07 INFO Utils: Fetching spark://localhost:41061/jars/org.slf4j_slf4j-api-2.0.7.jar to /tmp/spark-bf12fec5-4533-42c1-abf9-2f17d2279e07/userFiles-70cc3095-4699-468f-8b90-e56dc339b6bd/fetchFileTemp6146088967591367014.tmp
[2024-06-19T06:40:07.765+0000] {docker.py:413} INFO - 24/06/19 06:40:07 INFO Utils: /tmp/spark-bf12fec5-4533-42c1-abf9-2f17d2279e07/userFiles-70cc3095-4699-468f-8b90-e56dc339b6bd/fetchFileTemp6146088967591367014.tmp has been previously copied to /tmp/spark-bf12fec5-4533-42c1-abf9-2f17d2279e07/userFiles-70cc3095-4699-468f-8b90-e56dc339b6bd/org.slf4j_slf4j-api-2.0.7.jar
[2024-06-19T06:40:07.766+0000] {docker.py:413} INFO - 24/06/19 06:40:07 INFO Executor: Adding file:/tmp/spark-bf12fec5-4533-42c1-abf9-2f17d2279e07/userFiles-70cc3095-4699-468f-8b90-e56dc339b6bd/org.slf4j_slf4j-api-2.0.7.jar to class loader default
[2024-06-19T06:40:07.771+0000] {docker.py:413} INFO - 24/06/19 06:40:07 INFO Utils: Successfully started service 'org.apache.spark.network.netty.NettyBlockTransferService' on port 37697.
24/06/19 06:40:07 INFO NettyBlockTransferService: Server created on localhost:37697
[2024-06-19T06:40:07.772+0000] {docker.py:413} INFO - 24/06/19 06:40:07 INFO BlockManager: Using org.apache.spark.storage.RandomBlockReplicationPolicy for block replication policy
[2024-06-19T06:40:07.775+0000] {docker.py:413} INFO - 24/06/19 06:40:07 INFO BlockManagerMaster: Registering BlockManager BlockManagerId(driver, localhost, 37697, None)
[2024-06-19T06:40:07.777+0000] {docker.py:413} INFO - 24/06/19 06:40:07 INFO BlockManagerMasterEndpoint: Registering block manager localhost:37697 with 434.4 MiB RAM, BlockManagerId(driver, localhost, 37697, None)
[2024-06-19T06:40:07.778+0000] {docker.py:413} INFO - 24/06/19 06:40:07 INFO BlockManagerMaster: Registered BlockManager BlockManagerId(driver, localhost, 37697, None)
[2024-06-19T06:40:07.778+0000] {docker.py:413} INFO - 24/06/19 06:40:07 INFO BlockManager: Initialized BlockManager: BlockManagerId(driver, localhost, 37697, None)
[2024-06-19T06:40:07.974+0000] {docker.py:413} INFO - 2024-06-19 06:40:07,973:create_spark_session:INFO:Spark session created successfully
[2024-06-19T06:40:07.977+0000] {docker.py:413} INFO - 24/06/19 06:40:07 INFO SharedState: Setting hive.metastore.warehouse.dir ('null') to the value of spark.sql.warehouse.dir.
[2024-06-19T06:40:07.978+0000] {docker.py:413} INFO - 24/06/19 06:40:07 INFO SharedState: Warehouse path is 'file:/opt/bitnami/spark/spark-warehouse'.
[2024-06-19T06:40:08.949+0000] {docker.py:413} INFO - 2024-06-19 06:40:08,948:create_initial_dataframe:INFO:Initial dataframe created successfully
[2024-06-19T06:40:08.958+0000] {docker.py:413} INFO - 2024-06-19 06:40:08,958:create_initial_dataframe:INFO:Initial dataframe created successfully
[2024-06-19T06:40:08.967+0000] {docker.py:413} INFO - 2024-06-19 06:40:08,966:create_initial_dataframe:INFO:Initial dataframe created successfully
[2024-06-19T06:40:09.215+0000] {docker.py:413} INFO - 24/06/19 06:40:09 WARN SparkStringUtils: Truncated the string representation of a plan since it was too large. This behavior can be adjusted by setting 'spark.sql.debug.maxToStringFields'.
[2024-06-19T06:40:09.285+0000] {docker.py:413} INFO - Traceback (most recent call last):
  File "/opt/bitnami/spark/spark_streaming.py", line 153, in <module>
[2024-06-19T06:40:09.289+0000] {docker.py:413} INFO - write_to_postgres()
  File "/opt/bitnami/spark/spark_streaming.py", line 148, in write_to_postgres
    df_final = create_final_dataframe(df)
               ^^^^^^^^^^^^^^^^^^^^^^^^^^
  File "/opt/bitnami/spark/spark_streaming.py", line 100, in create_final_dataframe
    df_out.update(df1)
TypeError: cannot convert dictionary update sequence element #0 to a sequence
2024-06-19 06:40:09,284:close:INFO:Closing down clientserver connection
[2024-06-19T06:40:09.313+0000] {docker.py:413} INFO - 24/06/19 06:40:09 INFO SparkContext: Invoking stop() from shutdown hook
[2024-06-19T06:40:09.314+0000] {docker.py:413} INFO - 24/06/19 06:40:09 INFO SparkContext: SparkContext is stopping with exitCode 0.
[2024-06-19T06:40:09.321+0000] {docker.py:413} INFO - 24/06/19 06:40:09 INFO SparkUI: Stopped Spark web UI at http://localhost:4040
[2024-06-19T06:40:09.328+0000] {docker.py:413} INFO - 24/06/19 06:40:09 INFO MapOutputTrackerMasterEndpoint: MapOutputTrackerMasterEndpoint stopped!
[2024-06-19T06:40:09.336+0000] {docker.py:413} INFO - 24/06/19 06:40:09 INFO MemoryStore: MemoryStore cleared
[2024-06-19T06:40:09.337+0000] {docker.py:413} INFO - 24/06/19 06:40:09 INFO BlockManager: BlockManager stopped
[2024-06-19T06:40:09.340+0000] {docker.py:413} INFO - 24/06/19 06:40:09 INFO BlockManagerMaster: BlockManagerMaster stopped
[2024-06-19T06:40:09.341+0000] {docker.py:413} INFO - 24/06/19 06:40:09 INFO OutputCommitCoordinator$OutputCommitCoordinatorEndpoint: OutputCommitCoordinator stopped!
[2024-06-19T06:40:09.350+0000] {docker.py:413} INFO - 24/06/19 06:40:09 INFO SparkContext: Successfully stopped SparkContext
[2024-06-19T06:40:09.350+0000] {docker.py:413} INFO - 24/06/19 06:40:09 INFO ShutdownHookManager: Shutdown hook called
[2024-06-19T06:40:09.351+0000] {docker.py:413} INFO - 24/06/19 06:40:09 INFO ShutdownHookManager: Deleting directory /tmp/spark-bf12fec5-4533-42c1-abf9-2f17d2279e07/pyspark-641abf54-238e-4a9c-b601-2647d4b9ada5
[2024-06-19T06:40:09.352+0000] {docker.py:413} INFO - 24/06/19 06:40:09 INFO ShutdownHookManager: Deleting directory /tmp/spark-164e18d0-c70a-4b5d-9465-31ff85b8daee
[2024-06-19T06:40:09.354+0000] {docker.py:413} INFO - 24/06/19 06:40:09 INFO ShutdownHookManager: Deleting directory /tmp/spark-bf12fec5-4533-42c1-abf9-2f17d2279e07
[2024-06-19T06:40:09.826+0000] {taskinstance.py:1937} ERROR - Task failed with exception
Traceback (most recent call last):
  File "/home/airflow/.local/lib/python3.8/site-packages/docker/api/client.py", line 268, in _raise_for_status
    response.raise_for_status()
  File "/home/airflow/.local/lib/python3.8/site-packages/requests/models.py", line 1021, in raise_for_status
    raise HTTPError(http_error_msg, response=self)
requests.exceptions.HTTPError: 400 Client Error: Bad Request for url: http://docker-proxy:2375/v1.44/containers/create

The above exception was the direct cause of the following exception:

Traceback (most recent call last):
  File "/home/airflow/.local/lib/python3.8/site-packages/airflow/providers/docker/operators/docker.py", line 348, in _run_image
    return self._run_image_with_mounts([*self.mounts, tmp_mount], add_tmp_variable=True)
  File "/home/airflow/.local/lib/python3.8/site-packages/airflow/providers/docker/operators/docker.py", line 375, in _run_image_with_mounts
    self.container = self.cli.create_container(
  File "/home/airflow/.local/lib/python3.8/site-packages/docker/api/container.py", line 431, in create_container
    return self.create_container_from_config(config, name, platform)
  File "/home/airflow/.local/lib/python3.8/site-packages/docker/api/container.py", line 448, in create_container_from_config
    return self._result(res, True)
  File "/home/airflow/.local/lib/python3.8/site-packages/docker/api/client.py", line 274, in _result
    self._raise_for_status(response)
  File "/home/airflow/.local/lib/python3.8/site-packages/docker/api/client.py", line 270, in _raise_for_status
    raise create_api_error_from_http_exception(e) from e
  File "/home/airflow/.local/lib/python3.8/site-packages/docker/errors.py", line 39, in create_api_error_from_http_exception
    raise cls(e, response=response, explanation=explanation) from e
docker.errors.APIError: 400 Client Error for http://docker-proxy:2375/v1.44/containers/create: Bad Request ("invalid mount config for type "bind": bind source path does not exist: /host_mnt/private/tmp/airflowtmpxgyu30fc")

During handling of the above exception, another exception occurred:

Traceback (most recent call last):
  File "/home/airflow/.local/lib/python3.8/site-packages/airflow/providers/docker/operators/docker.py", line 486, in execute
    return self._run_image()
  File "/home/airflow/.local/lib/python3.8/site-packages/airflow/providers/docker/operators/docker.py", line 357, in _run_image
    return self._run_image_with_mounts(self.mounts, add_tmp_variable=False)
  File "/home/airflow/.local/lib/python3.8/site-packages/airflow/providers/docker/operators/docker.py", line 421, in _run_image_with_mounts
    raise DockerContainerFailedException(f"Docker container failed: {result!r}", logs=log_lines)
airflow.providers.docker.exceptions.DockerContainerFailedException: Docker container failed: {'StatusCode': 1}
[2024-06-19T06:40:09.836+0000] {taskinstance.py:1400} INFO - Marking task as UP_FOR_RETRY. dag_id=kafka_spark_dag, task_id=pyspark_consumer, execution_date=20240619T063405, start_date=20240619T063909, end_date=20240619T064009
[2024-06-19T06:40:09.858+0000] {standard_task_runner.py:104} ERROR - Failed to execute job 91 for task pyspark_consumer (Docker container failed: {'StatusCode': 1}; 19177)
[2024-06-19T06:40:09.907+0000] {local_task_job_runner.py:228} INFO - Task exited with return code 1
[2024-06-19T06:40:09.946+0000] {taskinstance.py:2778} INFO - 0 downstream tasks scheduled from follow-on schedule check
