[2024-06-19T06:29:09.807+0000] {taskinstance.py:1159} INFO - Dependencies all met for dep_context=non-requeueable deps ti=<TaskInstance: kafka_spark_dag.pyspark_consumer scheduled__2024-06-19T06:24:05.285155+00:00 [queued]>
[2024-06-19T06:29:09.810+0000] {taskinstance.py:1159} INFO - Dependencies all met for dep_context=requeueable deps ti=<TaskInstance: kafka_spark_dag.pyspark_consumer scheduled__2024-06-19T06:24:05.285155+00:00 [queued]>
[2024-06-19T06:29:09.811+0000] {taskinstance.py:1361} INFO - Starting attempt 1 of 2
[2024-06-19T06:29:09.816+0000] {taskinstance.py:1382} INFO - Executing <Task(DockerOperator): pyspark_consumer> on 2024-06-19 06:24:05.285155+00:00
[2024-06-19T06:29:09.818+0000] {standard_task_runner.py:57} INFO - Started process 14377 to run task
[2024-06-19T06:29:09.820+0000] {standard_task_runner.py:84} INFO - Running: ['***', 'tasks', 'run', 'kafka_spark_dag', 'pyspark_consumer', 'scheduled__2024-06-19T06:24:05.285155+00:00', '--job-id', '85', '--raw', '--subdir', 'DAGS_FOLDER/dag_kafka_spark.py', '--cfg-path', '/tmp/tmpimjc4709']
[2024-06-19T06:29:09.820+0000] {standard_task_runner.py:85} INFO - Job 85: Subtask pyspark_consumer
[2024-06-19T06:29:09.841+0000] {task_command.py:416} INFO - Running <TaskInstance: kafka_spark_dag.pyspark_consumer scheduled__2024-06-19T06:24:05.285155+00:00 [running]> on host 2ad9230613d5
[2024-06-19T06:29:09.871+0000] {taskinstance.py:1662} INFO - Exporting env vars: AIRFLOW_CTX_DAG_OWNER='***' AIRFLOW_CTX_DAG_ID='kafka_spark_dag' AIRFLOW_CTX_TASK_ID='pyspark_consumer' AIRFLOW_CTX_EXECUTION_DATE='2024-06-19T06:24:05.285155+00:00' AIRFLOW_CTX_TRY_NUMBER='1' AIRFLOW_CTX_DAG_RUN_ID='scheduled__2024-06-19T06:24:05.285155+00:00'
[2024-06-19T06:29:09.949+0000] {docker.py:343} INFO - Starting docker container from image rappel-conso/spark:latest
[2024-06-19T06:29:10.001+0000] {docker.py:351} WARNING - Using remote engine or docker-in-docker and mounting temporary volume from host is not supported. Falling back to `mount_tmp_dir=False` mode. You can set `mount_tmp_dir` parameter to False to disable mounting and remove the warning
[2024-06-19T06:29:10.236+0000] {docker.py:413} INFO - [38;5;6mspark [38;5;5m06:29:10.23 [0m[38;5;2mINFO [0m ==>
[2024-06-19T06:29:10.237+0000] {docker.py:413} INFO - [38;5;6mspark [38;5;5m06:29:10.23 [0m[38;5;2mINFO [0m ==> [1mWelcome to the Bitnami spark container[0m
[2024-06-19T06:29:10.237+0000] {docker.py:413} INFO - [38;5;6mspark [38;5;5m06:29:10.23 [0m[38;5;2mINFO [0m ==> Subscribe to project updates by watching [1mhttps://github.com/bitnami/containers[0m
[2024-06-19T06:29:10.238+0000] {docker.py:413} INFO - [38;5;6mspark [38;5;5m06:29:10.23 [0m[38;5;2mINFO [0m ==> Submit issues and feature requests at [1mhttps://github.com/bitnami/containers/issues[0m
[2024-06-19T06:29:10.238+0000] {docker.py:413} INFO - [38;5;6mspark [38;5;5m06:29:10.23 [0m[38;5;2mINFO [0m ==>
[2024-06-19T06:29:10.244+0000] {docker.py:413} INFO - 
[2024-06-19T06:29:11.110+0000] {docker.py:413} INFO - :: loading settings :: url = jar:file:/opt/bitnami/spark/jars/ivy-2.5.1.jar!/org/apache/ivy/core/settings/ivysettings.xml
[2024-06-19T06:29:11.143+0000] {docker.py:413} INFO - Ivy Default Cache set to: /opt/bitnami/spark/.ivy2/cache
The jars for the packages stored in: /opt/bitnami/spark/.ivy2/jars
[2024-06-19T06:29:11.143+0000] {docker.py:413} INFO - org.postgresql#postgresql added as a dependency
org.apache.spark#spark-sql-kafka-0-10_2.12 added as a dependency
[2024-06-19T06:29:11.143+0000] {docker.py:413} INFO - :: resolving dependencies :: org.apache.spark#spark-submit-parent-ac0f69f8-3196-4ead-9454-b318dcd60940;1.0
	confs: [default]
[2024-06-19T06:29:12.762+0000] {docker.py:413} INFO - found org.postgresql#postgresql;42.5.4 in central
[2024-06-19T06:29:13.310+0000] {docker.py:413} INFO - found org.checkerframework#checker-qual;3.5.0 in central
[2024-06-19T06:29:16.402+0000] {docker.py:413} INFO - found org.apache.spark#spark-sql-kafka-0-10_2.12;3.5.0 in central
[2024-06-19T06:29:17.180+0000] {docker.py:413} INFO - found org.apache.spark#spark-token-provider-kafka-0-10_2.12;3.5.0 in central
[2024-06-19T06:29:17.819+0000] {docker.py:413} INFO - found org.apache.kafka#kafka-clients;3.4.1 in central
[2024-06-19T06:29:18.379+0000] {docker.py:413} INFO - found org.lz4#lz4-java;1.8.0 in central
[2024-06-19T06:29:18.913+0000] {docker.py:413} INFO - found org.xerial.snappy#snappy-java;1.1.10.3 in central
[2024-06-19T06:29:21.306+0000] {docker.py:413} INFO - found org.slf4j#slf4j-api;2.0.7 in central
[2024-06-19T06:29:25.467+0000] {docker.py:413} INFO - found org.apache.hadoop#hadoop-client-runtime;3.3.4 in central
[2024-06-19T06:29:26.052+0000] {docker.py:413} INFO - found org.apache.hadoop#hadoop-client-api;3.3.4 in central
[2024-06-19T06:29:30.215+0000] {docker.py:413} INFO - found commons-logging#commons-logging;1.1.3 in central
[2024-06-19T06:29:30.764+0000] {docker.py:413} INFO - found com.google.code.findbugs#jsr305;3.0.0 in central
[2024-06-19T06:29:34.961+0000] {docker.py:413} INFO - found org.apache.commons#commons-pool2;2.11.1 in central
[2024-06-19T06:29:35.241+0000] {docker.py:413} INFO - downloading https://repo1.maven.org/maven2/org/postgresql/postgresql/42.5.4/postgresql-42.5.4.jar ...
[2024-06-19T06:29:36.132+0000] {docker.py:413} INFO - [SUCCESSFUL ] org.postgresql#postgresql;42.5.4!postgresql.jar (1162ms)
[2024-06-19T06:29:36.389+0000] {docker.py:413} INFO - downloading https://repo1.maven.org/maven2/org/apache/spark/spark-sql-kafka-0-10_2.12/3.5.0/spark-sql-kafka-0-10_2.12-3.5.0.jar ...
[2024-06-19T06:29:36.715+0000] {docker.py:413} INFO - [SUCCESSFUL ] org.apache.spark#spark-sql-kafka-0-10_2.12;3.5.0!spark-sql-kafka-0-10_2.12.jar (580ms)
[2024-06-19T06:29:36.966+0000] {docker.py:413} INFO - downloading https://repo1.maven.org/maven2/org/checkerframework/checker-qual/3.5.0/checker-qual-3.5.0.jar ...
[2024-06-19T06:29:37.249+0000] {docker.py:413} INFO - [SUCCESSFUL ] org.checkerframework#checker-qual;3.5.0!checker-qual.jar (533ms)
[2024-06-19T06:29:37.561+0000] {docker.py:413} INFO - downloading https://repo1.maven.org/maven2/org/apache/spark/spark-token-provider-kafka-0-10_2.12/3.5.0/spark-token-provider-kafka-0-10_2.12-3.5.0.jar ...
[2024-06-19T06:29:37.853+0000] {docker.py:413} INFO - [SUCCESSFUL ] org.apache.spark#spark-token-provider-kafka-0-10_2.12;3.5.0!spark-token-provider-kafka-0-10_2.12.jar (597ms)
[2024-06-19T06:29:38.118+0000] {docker.py:413} INFO - downloading https://repo1.maven.org/maven2/org/apache/kafka/kafka-clients/3.4.1/kafka-clients-3.4.1.jar ...
[2024-06-19T06:29:39.099+0000] {docker.py:413} INFO - [SUCCESSFUL ] org.apache.kafka#kafka-clients;3.4.1!kafka-clients.jar (1247ms)
[2024-06-19T06:29:39.350+0000] {docker.py:413} INFO - downloading https://repo1.maven.org/maven2/com/google/code/findbugs/jsr305/3.0.0/jsr305-3.0.0.jar ...
[2024-06-19T06:29:39.609+0000] {docker.py:413} INFO - [SUCCESSFUL ] com.google.code.findbugs#jsr305;3.0.0!jsr305.jar (508ms)
[2024-06-19T06:29:39.870+0000] {docker.py:413} INFO - downloading https://repo1.maven.org/maven2/org/apache/commons/commons-pool2/2.11.1/commons-pool2-2.11.1.jar ...
[2024-06-19T06:29:40.144+0000] {docker.py:413} INFO - [SUCCESSFUL ] org.apache.commons#commons-pool2;2.11.1!commons-pool2.jar (533ms)
[2024-06-19T06:29:40.398+0000] {docker.py:413} INFO - downloading https://repo1.maven.org/maven2/org/apache/hadoop/hadoop-client-runtime/3.3.4/hadoop-client-runtime-3.3.4.jar ...
[2024-06-19T06:29:45.026+0000] {docker.py:413} INFO - [SUCCESSFUL ] org.apache.hadoop#hadoop-client-runtime;3.3.4!hadoop-client-runtime.jar (4884ms)
[2024-06-19T06:29:45.295+0000] {docker.py:413} INFO - downloading https://repo1.maven.org/maven2/org/lz4/lz4-java/1.8.0/lz4-java-1.8.0.jar ...
[2024-06-19T06:29:45.697+0000] {docker.py:413} INFO - [SUCCESSFUL ] org.lz4#lz4-java;1.8.0!lz4-java.jar (668ms)
[2024-06-19T06:29:45.956+0000] {docker.py:413} INFO - downloading https://repo1.maven.org/maven2/org/xerial/snappy/snappy-java/1.1.10.3/snappy-java-1.1.10.3.jar ...
[2024-06-19T06:29:46.773+0000] {docker.py:413} INFO - [SUCCESSFUL ] org.xerial.snappy#snappy-java;1.1.10.3!snappy-java.jar(bundle) (1071ms)
[2024-06-19T06:29:47.026+0000] {docker.py:413} INFO - downloading https://repo1.maven.org/maven2/org/slf4j/slf4j-api/2.0.7/slf4j-api-2.0.7.jar ...
[2024-06-19T06:29:47.293+0000] {docker.py:413} INFO - [SUCCESSFUL ] org.slf4j#slf4j-api;2.0.7!slf4j-api.jar (519ms)
[2024-06-19T06:29:47.550+0000] {docker.py:413} INFO - downloading https://repo1.maven.org/maven2/org/apache/hadoop/hadoop-client-api/3.3.4/hadoop-client-api-3.3.4.jar ...
[2024-06-19T06:29:53.860+0000] {docker.py:413} INFO - [SUCCESSFUL ] org.apache.hadoop#hadoop-client-api;3.3.4!hadoop-client-api.jar (6564ms)
[2024-06-19T06:29:54.116+0000] {docker.py:413} INFO - downloading https://repo1.maven.org/maven2/commons-logging/commons-logging/1.1.3/commons-logging-1.1.3.jar ...
[2024-06-19T06:29:54.408+0000] {docker.py:413} INFO - [SUCCESSFUL ] commons-logging#commons-logging;1.1.3!commons-logging.jar (541ms)
[2024-06-19T06:29:54.411+0000] {docker.py:413} INFO - :: resolution report :: resolve 23825ms :: artifacts dl 19434ms
[2024-06-19T06:29:54.412+0000] {docker.py:413} INFO - :: modules in use:
[2024-06-19T06:29:54.414+0000] {docker.py:413} INFO - com.google.code.findbugs#jsr305;3.0.0 from central in [default]
	commons-logging#commons-logging;1.1.3 from central in [default]
	org.apache.commons#commons-pool2;2.11.1 from central in [default]
	org.apache.hadoop#hadoop-client-api;3.3.4 from central in [default]
	org.apache.hadoop#hadoop-client-runtime;3.3.4 from central in [default]
	org.apache.kafka#kafka-clients;3.4.1 from central in [default]
[2024-06-19T06:29:54.416+0000] {docker.py:413} INFO - org.apache.spark#spark-sql-kafka-0-10_2.12;3.5.0 from central in [default]
	org.apache.spark#spark-token-provider-kafka-0-10_2.12;3.5.0 from central in [default]
	org.checkerframework#checker-qual;3.5.0 from central in [default]
	org.lz4#lz4-java;1.8.0 from central in [default]
	org.postgresql#postgresql;42.5.4 from central in [default]
	org.slf4j#slf4j-api;2.0.7 from central in [default]
	org.xerial.snappy#snappy-java;1.1.10.3 from central in [default]
	---------------------------------------------------------------------
	|                  |            modules            ||   artifacts   |
	|       conf       | number| search|dwnlded|evicted|| number|dwnlded|
	---------------------------------------------------------------------
[2024-06-19T06:29:54.419+0000] {docker.py:413} INFO - |      default     |   13  |   13  |   13  |   0   ||   13  |   13  |
	---------------------------------------------------------------------
[2024-06-19T06:29:54.430+0000] {docker.py:413} INFO - :: retrieving :: org.apache.spark#spark-submit-parent-ac0f69f8-3196-4ead-9454-b318dcd60940
[2024-06-19T06:29:54.431+0000] {docker.py:413} INFO - confs: [default]
[2024-06-19T06:29:54.521+0000] {docker.py:413} INFO - 13 artifacts copied, 0 already retrieved (58001kB/92ms)
[2024-06-19T06:29:54.694+0000] {docker.py:413} INFO - 24/06/19 06:29:54 WARN NativeCodeLoader: Unable to load native-hadoop library for your platform... using builtin-java classes where applicable
[2024-06-19T06:29:55.370+0000] {docker.py:413} INFO - 24/06/19 06:29:55 INFO SparkContext: Running Spark version 3.5.0
[2024-06-19T06:29:55.371+0000] {docker.py:413} INFO - 24/06/19 06:29:55 INFO SparkContext: OS info Linux, 6.6.12-linuxkit, aarch64
[2024-06-19T06:29:55.371+0000] {docker.py:413} INFO - 24/06/19 06:29:55 INFO SparkContext: Java version 17.0.10
[2024-06-19T06:29:55.380+0000] {docker.py:413} INFO - 24/06/19 06:29:55 INFO ResourceUtils: ==============================================================
[2024-06-19T06:29:55.381+0000] {docker.py:413} INFO - 24/06/19 06:29:55 INFO ResourceUtils: No custom resources configured for spark.driver.
[2024-06-19T06:29:55.381+0000] {docker.py:413} INFO - 24/06/19 06:29:55 INFO ResourceUtils: ==============================================================
[2024-06-19T06:29:55.381+0000] {docker.py:413} INFO - 24/06/19 06:29:55 INFO SparkContext: Submitted application: PostgreSQL Connection with PySpark
[2024-06-19T06:29:55.391+0000] {docker.py:413} INFO - 24/06/19 06:29:55 INFO ResourceProfile: Default ResourceProfile created, executor resources: Map(cores -> name: cores, amount: 1, script: , vendor: , memory -> name: memory, amount: 1024, script: , vendor: , offHeap -> name: offHeap, amount: 0, script: , vendor: ), task resources: Map(cpus -> name: cpus, amount: 1.0)
[2024-06-19T06:29:55.395+0000] {docker.py:413} INFO - 24/06/19 06:29:55 INFO ResourceProfile: Limiting resource is cpu
[2024-06-19T06:29:55.395+0000] {docker.py:413} INFO - 24/06/19 06:29:55 INFO ResourceProfileManager: Added ResourceProfile id: 0
[2024-06-19T06:29:55.420+0000] {docker.py:413} INFO - 24/06/19 06:29:55 INFO SecurityManager: Changing view acls to: spark
[2024-06-19T06:29:55.420+0000] {docker.py:413} INFO - 24/06/19 06:29:55 INFO SecurityManager: Changing modify acls to: spark
[2024-06-19T06:29:55.421+0000] {docker.py:413} INFO - 24/06/19 06:29:55 INFO SecurityManager: Changing view acls groups to:
[2024-06-19T06:29:55.421+0000] {docker.py:413} INFO - 24/06/19 06:29:55 INFO SecurityManager: Changing modify acls groups to:
[2024-06-19T06:29:55.421+0000] {docker.py:413} INFO - 24/06/19 06:29:55 INFO SecurityManager: SecurityManager: authentication disabled; ui acls disabled; users with view permissions: spark; groups with view permissions: EMPTY; users with modify permissions: spark; groups with modify permissions: EMPTY
[2024-06-19T06:29:55.524+0000] {docker.py:413} INFO - 24/06/19 06:29:55 INFO Utils: Successfully started service 'sparkDriver' on port 37097.
[2024-06-19T06:29:55.537+0000] {docker.py:413} INFO - 24/06/19 06:29:55 INFO SparkEnv: Registering MapOutputTracker
[2024-06-19T06:29:55.553+0000] {docker.py:413} INFO - 24/06/19 06:29:55 INFO SparkEnv: Registering BlockManagerMaster
[2024-06-19T06:29:55.562+0000] {docker.py:413} INFO - 24/06/19 06:29:55 INFO BlockManagerMasterEndpoint: Using org.apache.spark.storage.DefaultTopologyMapper for getting topology information
[2024-06-19T06:29:55.562+0000] {docker.py:413} INFO - 24/06/19 06:29:55 INFO BlockManagerMasterEndpoint: BlockManagerMasterEndpoint up
[2024-06-19T06:29:55.564+0000] {docker.py:413} INFO - 24/06/19 06:29:55 INFO SparkEnv: Registering BlockManagerMasterHeartbeat
[2024-06-19T06:29:55.574+0000] {docker.py:413} INFO - 24/06/19 06:29:55 INFO DiskBlockManager: Created local directory at /tmp/blockmgr-350bb021-8c98-47fe-8c36-c914f5f05ddb
[2024-06-19T06:29:55.581+0000] {docker.py:413} INFO - 24/06/19 06:29:55 INFO MemoryStore: MemoryStore started with capacity 434.4 MiB
[2024-06-19T06:29:55.589+0000] {docker.py:413} INFO - 24/06/19 06:29:55 INFO SparkEnv: Registering OutputCommitCoordinator
[2024-06-19T06:29:55.657+0000] {docker.py:413} INFO - 24/06/19 06:29:55 INFO JettyUtils: Start Jetty 0.0.0.0:4040 for SparkUI
[2024-06-19T06:29:55.688+0000] {docker.py:413} INFO - 24/06/19 06:29:55 INFO Utils: Successfully started service 'SparkUI' on port 4040.
[2024-06-19T06:29:55.707+0000] {docker.py:413} INFO - 24/06/19 06:29:55 INFO SparkContext: Added JAR file:///opt/bitnami/spark/.ivy2/jars/org.postgresql_postgresql-42.5.4.jar at spark://localhost:37097/jars/org.postgresql_postgresql-42.5.4.jar with timestamp 1718778595365
[2024-06-19T06:29:55.707+0000] {docker.py:413} INFO - 24/06/19 06:29:55 INFO SparkContext: Added JAR file:///opt/bitnami/spark/.ivy2/jars/org.apache.spark_spark-sql-kafka-0-10_2.12-3.5.0.jar at spark://localhost:37097/jars/org.apache.spark_spark-sql-kafka-0-10_2.12-3.5.0.jar with timestamp 1718778595365
[2024-06-19T06:29:55.708+0000] {docker.py:413} INFO - 24/06/19 06:29:55 INFO SparkContext: Added JAR file:///opt/bitnami/spark/.ivy2/jars/org.checkerframework_checker-qual-3.5.0.jar at spark://localhost:37097/jars/org.checkerframework_checker-qual-3.5.0.jar with timestamp 1718778595365
[2024-06-19T06:29:55.708+0000] {docker.py:413} INFO - 24/06/19 06:29:55 INFO SparkContext: Added JAR file:///opt/bitnami/spark/.ivy2/jars/org.apache.spark_spark-token-provider-kafka-0-10_2.12-3.5.0.jar at spark://localhost:37097/jars/org.apache.spark_spark-token-provider-kafka-0-10_2.12-3.5.0.jar with timestamp 1718778595365
24/06/19 06:29:55 INFO SparkContext: Added JAR file:///opt/bitnami/spark/.ivy2/jars/org.apache.kafka_kafka-clients-3.4.1.jar at spark://localhost:37097/jars/org.apache.kafka_kafka-clients-3.4.1.jar with timestamp 1718778595365
24/06/19 06:29:55 INFO SparkContext: Added JAR file:///opt/bitnami/spark/.ivy2/jars/com.google.code.findbugs_jsr305-3.0.0.jar at spark://localhost:37097/jars/com.google.code.findbugs_jsr305-3.0.0.jar with timestamp 1718778595365
[2024-06-19T06:29:55.709+0000] {docker.py:413} INFO - 24/06/19 06:29:55 INFO SparkContext: Added JAR file:///opt/bitnami/spark/.ivy2/jars/org.apache.commons_commons-pool2-2.11.1.jar at spark://localhost:37097/jars/org.apache.commons_commons-pool2-2.11.1.jar with timestamp 1718778595365
[2024-06-19T06:29:55.709+0000] {docker.py:413} INFO - 24/06/19 06:29:55 INFO SparkContext: Added JAR file:///opt/bitnami/spark/.ivy2/jars/org.apache.hadoop_hadoop-client-runtime-3.3.4.jar at spark://localhost:37097/jars/org.apache.hadoop_hadoop-client-runtime-3.3.4.jar with timestamp 1718778595365
[2024-06-19T06:29:55.710+0000] {docker.py:413} INFO - 24/06/19 06:29:55 INFO SparkContext: Added JAR file:///opt/bitnami/spark/.ivy2/jars/org.lz4_lz4-java-1.8.0.jar at spark://localhost:37097/jars/org.lz4_lz4-java-1.8.0.jar with timestamp 1718778595365
24/06/19 06:29:55 INFO SparkContext: Added JAR file:///opt/bitnami/spark/.ivy2/jars/org.xerial.snappy_snappy-java-1.1.10.3.jar at spark://localhost:37097/jars/org.xerial.snappy_snappy-java-1.1.10.3.jar with timestamp 1718778595365
[2024-06-19T06:29:55.710+0000] {docker.py:413} INFO - 24/06/19 06:29:55 INFO SparkContext: Added JAR file:///opt/bitnami/spark/.ivy2/jars/org.slf4j_slf4j-api-2.0.7.jar at spark://localhost:37097/jars/org.slf4j_slf4j-api-2.0.7.jar with timestamp 1718778595365
24/06/19 06:29:55 INFO SparkContext: Added JAR file:///opt/bitnami/spark/.ivy2/jars/org.apache.hadoop_hadoop-client-api-3.3.4.jar at spark://localhost:37097/jars/org.apache.hadoop_hadoop-client-api-3.3.4.jar with timestamp 1718778595365
[2024-06-19T06:29:55.710+0000] {docker.py:413} INFO - 24/06/19 06:29:55 INFO SparkContext: Added JAR file:///opt/bitnami/spark/.ivy2/jars/commons-logging_commons-logging-1.1.3.jar at spark://localhost:37097/jars/commons-logging_commons-logging-1.1.3.jar with timestamp 1718778595365
[2024-06-19T06:29:55.711+0000] {docker.py:413} INFO - 24/06/19 06:29:55 INFO SparkContext: Added file file:///opt/bitnami/spark/.ivy2/jars/org.postgresql_postgresql-42.5.4.jar at file:///opt/bitnami/spark/.ivy2/jars/org.postgresql_postgresql-42.5.4.jar with timestamp 1718778595365
[2024-06-19T06:29:55.711+0000] {docker.py:413} INFO - 24/06/19 06:29:55 INFO Utils: Copying /opt/bitnami/spark/.ivy2/jars/org.postgresql_postgresql-42.5.4.jar to /tmp/spark-cdd7a73a-444d-42e6-a19f-5a142b7e0637/userFiles-27266e17-e585-47d4-a153-b1edd26a531c/org.postgresql_postgresql-42.5.4.jar
[2024-06-19T06:29:55.715+0000] {docker.py:413} INFO - 24/06/19 06:29:55 INFO SparkContext: Added file file:///opt/bitnami/spark/.ivy2/jars/org.apache.spark_spark-sql-kafka-0-10_2.12-3.5.0.jar at file:///opt/bitnami/spark/.ivy2/jars/org.apache.spark_spark-sql-kafka-0-10_2.12-3.5.0.jar with timestamp 1718778595365
24/06/19 06:29:55 INFO Utils: Copying /opt/bitnami/spark/.ivy2/jars/org.apache.spark_spark-sql-kafka-0-10_2.12-3.5.0.jar to /tmp/spark-cdd7a73a-444d-42e6-a19f-5a142b7e0637/userFiles-27266e17-e585-47d4-a153-b1edd26a531c/org.apache.spark_spark-sql-kafka-0-10_2.12-3.5.0.jar
[2024-06-19T06:29:55.719+0000] {docker.py:413} INFO - 24/06/19 06:29:55 INFO SparkContext: Added file file:///opt/bitnami/spark/.ivy2/jars/org.checkerframework_checker-qual-3.5.0.jar at file:///opt/bitnami/spark/.ivy2/jars/org.checkerframework_checker-qual-3.5.0.jar with timestamp 1718778595365
[2024-06-19T06:29:55.719+0000] {docker.py:413} INFO - 24/06/19 06:29:55 INFO Utils: Copying /opt/bitnami/spark/.ivy2/jars/org.checkerframework_checker-qual-3.5.0.jar to /tmp/spark-cdd7a73a-444d-42e6-a19f-5a142b7e0637/userFiles-27266e17-e585-47d4-a153-b1edd26a531c/org.checkerframework_checker-qual-3.5.0.jar
[2024-06-19T06:29:55.720+0000] {docker.py:413} INFO - 24/06/19 06:29:55 INFO SparkContext: Added file file:///opt/bitnami/spark/.ivy2/jars/org.apache.spark_spark-token-provider-kafka-0-10_2.12-3.5.0.jar at file:///opt/bitnami/spark/.ivy2/jars/org.apache.spark_spark-token-provider-kafka-0-10_2.12-3.5.0.jar with timestamp 1718778595365
[2024-06-19T06:29:55.720+0000] {docker.py:413} INFO - 24/06/19 06:29:55 INFO Utils: Copying /opt/bitnami/spark/.ivy2/jars/org.apache.spark_spark-token-provider-kafka-0-10_2.12-3.5.0.jar to /tmp/spark-cdd7a73a-444d-42e6-a19f-5a142b7e0637/userFiles-27266e17-e585-47d4-a153-b1edd26a531c/org.apache.spark_spark-token-provider-kafka-0-10_2.12-3.5.0.jar
[2024-06-19T06:29:55.721+0000] {docker.py:413} INFO - 24/06/19 06:29:55 INFO SparkContext: Added file file:///opt/bitnami/spark/.ivy2/jars/org.apache.kafka_kafka-clients-3.4.1.jar at file:///opt/bitnami/spark/.ivy2/jars/org.apache.kafka_kafka-clients-3.4.1.jar with timestamp 1718778595365
[2024-06-19T06:29:55.722+0000] {docker.py:413} INFO - 24/06/19 06:29:55 INFO Utils: Copying /opt/bitnami/spark/.ivy2/jars/org.apache.kafka_kafka-clients-3.4.1.jar to /tmp/spark-cdd7a73a-444d-42e6-a19f-5a142b7e0637/userFiles-27266e17-e585-47d4-a153-b1edd26a531c/org.apache.kafka_kafka-clients-3.4.1.jar
[2024-06-19T06:29:55.725+0000] {docker.py:413} INFO - 24/06/19 06:29:55 INFO SparkContext: Added file file:///opt/bitnami/spark/.ivy2/jars/com.google.code.findbugs_jsr305-3.0.0.jar at file:///opt/bitnami/spark/.ivy2/jars/com.google.code.findbugs_jsr305-3.0.0.jar with timestamp 1718778595365
[2024-06-19T06:29:55.725+0000] {docker.py:413} INFO - 24/06/19 06:29:55 INFO Utils: Copying /opt/bitnami/spark/.ivy2/jars/com.google.code.findbugs_jsr305-3.0.0.jar to /tmp/spark-cdd7a73a-444d-42e6-a19f-5a142b7e0637/userFiles-27266e17-e585-47d4-a153-b1edd26a531c/com.google.code.findbugs_jsr305-3.0.0.jar
[2024-06-19T06:29:55.727+0000] {docker.py:413} INFO - 24/06/19 06:29:55 INFO SparkContext: Added file file:///opt/bitnami/spark/.ivy2/jars/org.apache.commons_commons-pool2-2.11.1.jar at file:///opt/bitnami/spark/.ivy2/jars/org.apache.commons_commons-pool2-2.11.1.jar with timestamp 1718778595365
[2024-06-19T06:29:55.727+0000] {docker.py:413} INFO - 24/06/19 06:29:55 INFO Utils: Copying /opt/bitnami/spark/.ivy2/jars/org.apache.commons_commons-pool2-2.11.1.jar to /tmp/spark-cdd7a73a-444d-42e6-a19f-5a142b7e0637/userFiles-27266e17-e585-47d4-a153-b1edd26a531c/org.apache.commons_commons-pool2-2.11.1.jar
[2024-06-19T06:29:55.729+0000] {docker.py:413} INFO - 24/06/19 06:29:55 INFO SparkContext: Added file file:///opt/bitnami/spark/.ivy2/jars/org.apache.hadoop_hadoop-client-runtime-3.3.4.jar at file:///opt/bitnami/spark/.ivy2/jars/org.apache.hadoop_hadoop-client-runtime-3.3.4.jar with timestamp 1718778595365
[2024-06-19T06:29:55.729+0000] {docker.py:413} INFO - 24/06/19 06:29:55 INFO Utils: Copying /opt/bitnami/spark/.ivy2/jars/org.apache.hadoop_hadoop-client-runtime-3.3.4.jar to /tmp/spark-cdd7a73a-444d-42e6-a19f-5a142b7e0637/userFiles-27266e17-e585-47d4-a153-b1edd26a531c/org.apache.hadoop_hadoop-client-runtime-3.3.4.jar
[2024-06-19T06:29:55.740+0000] {docker.py:413} INFO - 24/06/19 06:29:55 INFO SparkContext: Added file file:///opt/bitnami/spark/.ivy2/jars/org.lz4_lz4-java-1.8.0.jar at file:///opt/bitnami/spark/.ivy2/jars/org.lz4_lz4-java-1.8.0.jar with timestamp 1718778595365
24/06/19 06:29:55 INFO Utils: Copying /opt/bitnami/spark/.ivy2/jars/org.lz4_lz4-java-1.8.0.jar to /tmp/spark-cdd7a73a-444d-42e6-a19f-5a142b7e0637/userFiles-27266e17-e585-47d4-a153-b1edd26a531c/org.lz4_lz4-java-1.8.0.jar
[2024-06-19T06:29:55.740+0000] {docker.py:413} INFO - 24/06/19 06:29:55 INFO SparkContext: Added file file:///opt/bitnami/spark/.ivy2/jars/org.xerial.snappy_snappy-java-1.1.10.3.jar at file:///opt/bitnami/spark/.ivy2/jars/org.xerial.snappy_snappy-java-1.1.10.3.jar with timestamp 1718778595365
[2024-06-19T06:29:55.740+0000] {docker.py:413} INFO - 24/06/19 06:29:55 INFO Utils: Copying /opt/bitnami/spark/.ivy2/jars/org.xerial.snappy_snappy-java-1.1.10.3.jar to /tmp/spark-cdd7a73a-444d-42e6-a19f-5a142b7e0637/userFiles-27266e17-e585-47d4-a153-b1edd26a531c/org.xerial.snappy_snappy-java-1.1.10.3.jar
[2024-06-19T06:29:55.743+0000] {docker.py:413} INFO - 24/06/19 06:29:55 INFO SparkContext: Added file file:///opt/bitnami/spark/.ivy2/jars/org.slf4j_slf4j-api-2.0.7.jar at file:///opt/bitnami/spark/.ivy2/jars/org.slf4j_slf4j-api-2.0.7.jar with timestamp 1718778595365
[2024-06-19T06:29:55.743+0000] {docker.py:413} INFO - 24/06/19 06:29:55 INFO Utils: Copying /opt/bitnami/spark/.ivy2/jars/org.slf4j_slf4j-api-2.0.7.jar to /tmp/spark-cdd7a73a-444d-42e6-a19f-5a142b7e0637/userFiles-27266e17-e585-47d4-a153-b1edd26a531c/org.slf4j_slf4j-api-2.0.7.jar
[2024-06-19T06:29:55.744+0000] {docker.py:413} INFO - 24/06/19 06:29:55 INFO SparkContext: Added file file:///opt/bitnami/spark/.ivy2/jars/org.apache.hadoop_hadoop-client-api-3.3.4.jar at file:///opt/bitnami/spark/.ivy2/jars/org.apache.hadoop_hadoop-client-api-3.3.4.jar with timestamp 1718778595365
[2024-06-19T06:29:55.745+0000] {docker.py:413} INFO - 24/06/19 06:29:55 INFO Utils: Copying /opt/bitnami/spark/.ivy2/jars/org.apache.hadoop_hadoop-client-api-3.3.4.jar to /tmp/spark-cdd7a73a-444d-42e6-a19f-5a142b7e0637/userFiles-27266e17-e585-47d4-a153-b1edd26a531c/org.apache.hadoop_hadoop-client-api-3.3.4.jar
[2024-06-19T06:29:55.751+0000] {docker.py:413} INFO - 24/06/19 06:29:55 INFO SparkContext: Added file file:///opt/bitnami/spark/.ivy2/jars/commons-logging_commons-logging-1.1.3.jar at file:///opt/bitnami/spark/.ivy2/jars/commons-logging_commons-logging-1.1.3.jar with timestamp 1718778595365
24/06/19 06:29:55 INFO Utils: Copying /opt/bitnami/spark/.ivy2/jars/commons-logging_commons-logging-1.1.3.jar to /tmp/spark-cdd7a73a-444d-42e6-a19f-5a142b7e0637/userFiles-27266e17-e585-47d4-a153-b1edd26a531c/commons-logging_commons-logging-1.1.3.jar
[2024-06-19T06:29:55.785+0000] {docker.py:413} INFO - 24/06/19 06:29:55 INFO Executor: Starting executor ID driver on host localhost
[2024-06-19T06:29:55.786+0000] {docker.py:413} INFO - 24/06/19 06:29:55 INFO Executor: OS info Linux, 6.6.12-linuxkit, aarch64
[2024-06-19T06:29:55.786+0000] {docker.py:413} INFO - 24/06/19 06:29:55 INFO Executor: Java version 17.0.10
[2024-06-19T06:29:55.789+0000] {docker.py:413} INFO - 24/06/19 06:29:55 INFO Executor: Starting executor with user classpath (userClassPathFirst = false): ''
[2024-06-19T06:29:55.789+0000] {docker.py:413} INFO - 24/06/19 06:29:55 INFO Executor: Created or updated repl class loader org.apache.spark.util.MutableURLClassLoader@7676d0c5 for default.
[2024-06-19T06:29:55.794+0000] {docker.py:413} INFO - 24/06/19 06:29:55 INFO Executor: Fetching file:///opt/bitnami/spark/.ivy2/jars/org.apache.spark_spark-token-provider-kafka-0-10_2.12-3.5.0.jar with timestamp 1718778595365
[2024-06-19T06:29:55.803+0000] {docker.py:413} INFO - 24/06/19 06:29:55 INFO Utils: /opt/bitnami/spark/.ivy2/jars/org.apache.spark_spark-token-provider-kafka-0-10_2.12-3.5.0.jar has been previously copied to /tmp/spark-cdd7a73a-444d-42e6-a19f-5a142b7e0637/userFiles-27266e17-e585-47d4-a153-b1edd26a531c/org.apache.spark_spark-token-provider-kafka-0-10_2.12-3.5.0.jar
[2024-06-19T06:29:55.804+0000] {docker.py:413} INFO - 24/06/19 06:29:55 INFO Executor: Fetching file:///opt/bitnami/spark/.ivy2/jars/org.apache.hadoop_hadoop-client-runtime-3.3.4.jar with timestamp 1718778595365
[2024-06-19T06:29:55.817+0000] {docker.py:413} INFO - 24/06/19 06:29:55 INFO Utils: /opt/bitnami/spark/.ivy2/jars/org.apache.hadoop_hadoop-client-runtime-3.3.4.jar has been previously copied to /tmp/spark-cdd7a73a-444d-42e6-a19f-5a142b7e0637/userFiles-27266e17-e585-47d4-a153-b1edd26a531c/org.apache.hadoop_hadoop-client-runtime-3.3.4.jar
[2024-06-19T06:29:55.818+0000] {docker.py:413} INFO - 24/06/19 06:29:55 INFO Executor: Fetching file:///opt/bitnami/spark/.ivy2/jars/org.apache.commons_commons-pool2-2.11.1.jar with timestamp 1718778595365
[2024-06-19T06:29:55.819+0000] {docker.py:413} INFO - 24/06/19 06:29:55 INFO Utils: /opt/bitnami/spark/.ivy2/jars/org.apache.commons_commons-pool2-2.11.1.jar has been previously copied to /tmp/spark-cdd7a73a-444d-42e6-a19f-5a142b7e0637/userFiles-27266e17-e585-47d4-a153-b1edd26a531c/org.apache.commons_commons-pool2-2.11.1.jar
[2024-06-19T06:29:55.819+0000] {docker.py:413} INFO - 24/06/19 06:29:55 INFO Executor: Fetching file:///opt/bitnami/spark/.ivy2/jars/org.postgresql_postgresql-42.5.4.jar with timestamp 1718778595365
[2024-06-19T06:29:55.820+0000] {docker.py:413} INFO - 24/06/19 06:29:55 INFO Utils: /opt/bitnami/spark/.ivy2/jars/org.postgresql_postgresql-42.5.4.jar has been previously copied to /tmp/spark-cdd7a73a-444d-42e6-a19f-5a142b7e0637/userFiles-27266e17-e585-47d4-a153-b1edd26a531c/org.postgresql_postgresql-42.5.4.jar
[2024-06-19T06:29:55.822+0000] {docker.py:413} INFO - 24/06/19 06:29:55 INFO Executor: Fetching file:///opt/bitnami/spark/.ivy2/jars/org.slf4j_slf4j-api-2.0.7.jar with timestamp 1718778595365
[2024-06-19T06:29:55.822+0000] {docker.py:413} INFO - 24/06/19 06:29:55 INFO Utils: /opt/bitnami/spark/.ivy2/jars/org.slf4j_slf4j-api-2.0.7.jar has been previously copied to /tmp/spark-cdd7a73a-444d-42e6-a19f-5a142b7e0637/userFiles-27266e17-e585-47d4-a153-b1edd26a531c/org.slf4j_slf4j-api-2.0.7.jar
[2024-06-19T06:29:55.824+0000] {docker.py:413} INFO - 24/06/19 06:29:55 INFO Executor: Fetching file:///opt/bitnami/spark/.ivy2/jars/org.apache.kafka_kafka-clients-3.4.1.jar with timestamp 1718778595365
[2024-06-19T06:29:55.826+0000] {docker.py:413} INFO - 24/06/19 06:29:55 INFO Utils: /opt/bitnami/spark/.ivy2/jars/org.apache.kafka_kafka-clients-3.4.1.jar has been previously copied to /tmp/spark-cdd7a73a-444d-42e6-a19f-5a142b7e0637/userFiles-27266e17-e585-47d4-a153-b1edd26a531c/org.apache.kafka_kafka-clients-3.4.1.jar
[2024-06-19T06:29:55.827+0000] {docker.py:413} INFO - 24/06/19 06:29:55 INFO Executor: Fetching file:///opt/bitnami/spark/.ivy2/jars/com.google.code.findbugs_jsr305-3.0.0.jar with timestamp 1718778595365
[2024-06-19T06:29:55.828+0000] {docker.py:413} INFO - 24/06/19 06:29:55 INFO Utils: /opt/bitnami/spark/.ivy2/jars/com.google.code.findbugs_jsr305-3.0.0.jar has been previously copied to /tmp/spark-cdd7a73a-444d-42e6-a19f-5a142b7e0637/userFiles-27266e17-e585-47d4-a153-b1edd26a531c/com.google.code.findbugs_jsr305-3.0.0.jar
[2024-06-19T06:29:55.829+0000] {docker.py:413} INFO - 24/06/19 06:29:55 INFO Executor: Fetching file:///opt/bitnami/spark/.ivy2/jars/org.lz4_lz4-java-1.8.0.jar with timestamp 1718778595365
[2024-06-19T06:29:55.829+0000] {docker.py:413} INFO - 24/06/19 06:29:55 INFO Utils: /opt/bitnami/spark/.ivy2/jars/org.lz4_lz4-java-1.8.0.jar has been previously copied to /tmp/spark-cdd7a73a-444d-42e6-a19f-5a142b7e0637/userFiles-27266e17-e585-47d4-a153-b1edd26a531c/org.lz4_lz4-java-1.8.0.jar
[2024-06-19T06:29:55.830+0000] {docker.py:413} INFO - 24/06/19 06:29:55 INFO Executor: Fetching file:///opt/bitnami/spark/.ivy2/jars/org.apache.spark_spark-sql-kafka-0-10_2.12-3.5.0.jar with timestamp 1718778595365
[2024-06-19T06:29:55.831+0000] {docker.py:413} INFO - 24/06/19 06:29:55 INFO Utils: /opt/bitnami/spark/.ivy2/jars/org.apache.spark_spark-sql-kafka-0-10_2.12-3.5.0.jar has been previously copied to /tmp/spark-cdd7a73a-444d-42e6-a19f-5a142b7e0637/userFiles-27266e17-e585-47d4-a153-b1edd26a531c/org.apache.spark_spark-sql-kafka-0-10_2.12-3.5.0.jar
[2024-06-19T06:29:55.832+0000] {docker.py:413} INFO - 24/06/19 06:29:55 INFO Executor: Fetching file:///opt/bitnami/spark/.ivy2/jars/org.apache.hadoop_hadoop-client-api-3.3.4.jar with timestamp 1718778595365
[2024-06-19T06:29:55.839+0000] {docker.py:413} INFO - 24/06/19 06:29:55 INFO Utils: /opt/bitnami/spark/.ivy2/jars/org.apache.hadoop_hadoop-client-api-3.3.4.jar has been previously copied to /tmp/spark-cdd7a73a-444d-42e6-a19f-5a142b7e0637/userFiles-27266e17-e585-47d4-a153-b1edd26a531c/org.apache.hadoop_hadoop-client-api-3.3.4.jar
[2024-06-19T06:29:55.840+0000] {docker.py:413} INFO - 24/06/19 06:29:55 INFO Executor: Fetching file:///opt/bitnami/spark/.ivy2/jars/commons-logging_commons-logging-1.1.3.jar with timestamp 1718778595365
[2024-06-19T06:29:55.840+0000] {docker.py:413} INFO - 24/06/19 06:29:55 INFO Utils: /opt/bitnami/spark/.ivy2/jars/commons-logging_commons-logging-1.1.3.jar has been previously copied to /tmp/spark-cdd7a73a-444d-42e6-a19f-5a142b7e0637/userFiles-27266e17-e585-47d4-a153-b1edd26a531c/commons-logging_commons-logging-1.1.3.jar
[2024-06-19T06:29:55.842+0000] {docker.py:413} INFO - 24/06/19 06:29:55 INFO Executor: Fetching file:///opt/bitnami/spark/.ivy2/jars/org.checkerframework_checker-qual-3.5.0.jar with timestamp 1718778595365
[2024-06-19T06:29:55.842+0000] {docker.py:413} INFO - 24/06/19 06:29:55 INFO Utils: /opt/bitnami/spark/.ivy2/jars/org.checkerframework_checker-qual-3.5.0.jar has been previously copied to /tmp/spark-cdd7a73a-444d-42e6-a19f-5a142b7e0637/userFiles-27266e17-e585-47d4-a153-b1edd26a531c/org.checkerframework_checker-qual-3.5.0.jar
[2024-06-19T06:29:55.843+0000] {docker.py:413} INFO - 24/06/19 06:29:55 INFO Executor: Fetching file:///opt/bitnami/spark/.ivy2/jars/org.xerial.snappy_snappy-java-1.1.10.3.jar with timestamp 1718778595365
[2024-06-19T06:29:55.844+0000] {docker.py:413} INFO - 24/06/19 06:29:55 INFO Utils: /opt/bitnami/spark/.ivy2/jars/org.xerial.snappy_snappy-java-1.1.10.3.jar has been previously copied to /tmp/spark-cdd7a73a-444d-42e6-a19f-5a142b7e0637/userFiles-27266e17-e585-47d4-a153-b1edd26a531c/org.xerial.snappy_snappy-java-1.1.10.3.jar
[2024-06-19T06:29:55.846+0000] {docker.py:413} INFO - 24/06/19 06:29:55 INFO Executor: Fetching spark://localhost:37097/jars/org.checkerframework_checker-qual-3.5.0.jar with timestamp 1718778595365
[2024-06-19T06:29:55.864+0000] {docker.py:413} INFO - 24/06/19 06:29:55 INFO TransportClientFactory: Successfully created connection to localhost/127.0.0.1:37097 after 11 ms (0 ms spent in bootstraps)
[2024-06-19T06:29:55.866+0000] {docker.py:413} INFO - 24/06/19 06:29:55 INFO Utils: Fetching spark://localhost:37097/jars/org.checkerframework_checker-qual-3.5.0.jar to /tmp/spark-cdd7a73a-444d-42e6-a19f-5a142b7e0637/userFiles-27266e17-e585-47d4-a153-b1edd26a531c/fetchFileTemp13559238095093305801.tmp
[2024-06-19T06:29:55.876+0000] {docker.py:413} INFO - 24/06/19 06:29:55 INFO Utils: /tmp/spark-cdd7a73a-444d-42e6-a19f-5a142b7e0637/userFiles-27266e17-e585-47d4-a153-b1edd26a531c/fetchFileTemp13559238095093305801.tmp has been previously copied to /tmp/spark-cdd7a73a-444d-42e6-a19f-5a142b7e0637/userFiles-27266e17-e585-47d4-a153-b1edd26a531c/org.checkerframework_checker-qual-3.5.0.jar
[2024-06-19T06:29:55.878+0000] {docker.py:413} INFO - 24/06/19 06:29:55 INFO Executor: Adding file:/tmp/spark-cdd7a73a-444d-42e6-a19f-5a142b7e0637/userFiles-27266e17-e585-47d4-a153-b1edd26a531c/org.checkerframework_checker-qual-3.5.0.jar to class loader default
[2024-06-19T06:29:55.878+0000] {docker.py:413} INFO - 24/06/19 06:29:55 INFO Executor: Fetching spark://localhost:37097/jars/org.postgresql_postgresql-42.5.4.jar with timestamp 1718778595365
[2024-06-19T06:29:55.879+0000] {docker.py:413} INFO - 24/06/19 06:29:55 INFO Utils: Fetching spark://localhost:37097/jars/org.postgresql_postgresql-42.5.4.jar to /tmp/spark-cdd7a73a-444d-42e6-a19f-5a142b7e0637/userFiles-27266e17-e585-47d4-a153-b1edd26a531c/fetchFileTemp4338767831493619069.tmp
[2024-06-19T06:29:55.882+0000] {docker.py:413} INFO - 24/06/19 06:29:55 INFO Utils: /tmp/spark-cdd7a73a-444d-42e6-a19f-5a142b7e0637/userFiles-27266e17-e585-47d4-a153-b1edd26a531c/fetchFileTemp4338767831493619069.tmp has been previously copied to /tmp/spark-cdd7a73a-444d-42e6-a19f-5a142b7e0637/userFiles-27266e17-e585-47d4-a153-b1edd26a531c/org.postgresql_postgresql-42.5.4.jar
[2024-06-19T06:29:55.883+0000] {docker.py:413} INFO - 24/06/19 06:29:55 INFO Executor: Adding file:/tmp/spark-cdd7a73a-444d-42e6-a19f-5a142b7e0637/userFiles-27266e17-e585-47d4-a153-b1edd26a531c/org.postgresql_postgresql-42.5.4.jar to class loader default
[2024-06-19T06:29:55.884+0000] {docker.py:413} INFO - 24/06/19 06:29:55 INFO Executor: Fetching spark://localhost:37097/jars/org.lz4_lz4-java-1.8.0.jar with timestamp 1718778595365
[2024-06-19T06:29:55.884+0000] {docker.py:413} INFO - 24/06/19 06:29:55 INFO Utils: Fetching spark://localhost:37097/jars/org.lz4_lz4-java-1.8.0.jar to /tmp/spark-cdd7a73a-444d-42e6-a19f-5a142b7e0637/userFiles-27266e17-e585-47d4-a153-b1edd26a531c/fetchFileTemp6770160119180907774.tmp
[2024-06-19T06:29:55.886+0000] {docker.py:413} INFO - 24/06/19 06:29:55 INFO Utils: /tmp/spark-cdd7a73a-444d-42e6-a19f-5a142b7e0637/userFiles-27266e17-e585-47d4-a153-b1edd26a531c/fetchFileTemp6770160119180907774.tmp has been previously copied to /tmp/spark-cdd7a73a-444d-42e6-a19f-5a142b7e0637/userFiles-27266e17-e585-47d4-a153-b1edd26a531c/org.lz4_lz4-java-1.8.0.jar
[2024-06-19T06:29:55.888+0000] {docker.py:413} INFO - 24/06/19 06:29:55 INFO Executor: Adding file:/tmp/spark-cdd7a73a-444d-42e6-a19f-5a142b7e0637/userFiles-27266e17-e585-47d4-a153-b1edd26a531c/org.lz4_lz4-java-1.8.0.jar to class loader default
[2024-06-19T06:29:55.888+0000] {docker.py:413} INFO - 24/06/19 06:29:55 INFO Executor: Fetching spark://localhost:37097/jars/commons-logging_commons-logging-1.1.3.jar with timestamp 1718778595365
[2024-06-19T06:29:55.890+0000] {docker.py:413} INFO - 24/06/19 06:29:55 INFO Utils: Fetching spark://localhost:37097/jars/commons-logging_commons-logging-1.1.3.jar to /tmp/spark-cdd7a73a-444d-42e6-a19f-5a142b7e0637/userFiles-27266e17-e585-47d4-a153-b1edd26a531c/fetchFileTemp11099542415803265718.tmp
[2024-06-19T06:29:55.890+0000] {docker.py:413} INFO - 24/06/19 06:29:55 INFO Utils: /tmp/spark-cdd7a73a-444d-42e6-a19f-5a142b7e0637/userFiles-27266e17-e585-47d4-a153-b1edd26a531c/fetchFileTemp11099542415803265718.tmp has been previously copied to /tmp/spark-cdd7a73a-444d-42e6-a19f-5a142b7e0637/userFiles-27266e17-e585-47d4-a153-b1edd26a531c/commons-logging_commons-logging-1.1.3.jar
[2024-06-19T06:29:55.892+0000] {docker.py:413} INFO - 24/06/19 06:29:55 INFO Executor: Adding file:/tmp/spark-cdd7a73a-444d-42e6-a19f-5a142b7e0637/userFiles-27266e17-e585-47d4-a153-b1edd26a531c/commons-logging_commons-logging-1.1.3.jar to class loader default
[2024-06-19T06:29:55.893+0000] {docker.py:413} INFO - 24/06/19 06:29:55 INFO Executor: Fetching spark://localhost:37097/jars/org.apache.commons_commons-pool2-2.11.1.jar with timestamp 1718778595365
[2024-06-19T06:29:55.893+0000] {docker.py:413} INFO - 24/06/19 06:29:55 INFO Utils: Fetching spark://localhost:37097/jars/org.apache.commons_commons-pool2-2.11.1.jar to /tmp/spark-cdd7a73a-444d-42e6-a19f-5a142b7e0637/userFiles-27266e17-e585-47d4-a153-b1edd26a531c/fetchFileTemp14560950583630234583.tmp
[2024-06-19T06:29:55.893+0000] {docker.py:413} INFO - 24/06/19 06:29:55 INFO Utils: /tmp/spark-cdd7a73a-444d-42e6-a19f-5a142b7e0637/userFiles-27266e17-e585-47d4-a153-b1edd26a531c/fetchFileTemp14560950583630234583.tmp has been previously copied to /tmp/spark-cdd7a73a-444d-42e6-a19f-5a142b7e0637/userFiles-27266e17-e585-47d4-a153-b1edd26a531c/org.apache.commons_commons-pool2-2.11.1.jar
[2024-06-19T06:29:55.895+0000] {docker.py:413} INFO - 24/06/19 06:29:55 INFO Executor: Adding file:/tmp/spark-cdd7a73a-444d-42e6-a19f-5a142b7e0637/userFiles-27266e17-e585-47d4-a153-b1edd26a531c/org.apache.commons_commons-pool2-2.11.1.jar to class loader default
[2024-06-19T06:29:55.896+0000] {docker.py:413} INFO - 24/06/19 06:29:55 INFO Executor: Fetching spark://localhost:37097/jars/org.slf4j_slf4j-api-2.0.7.jar with timestamp 1718778595365
[2024-06-19T06:29:55.896+0000] {docker.py:413} INFO - 24/06/19 06:29:55 INFO Utils: Fetching spark://localhost:37097/jars/org.slf4j_slf4j-api-2.0.7.jar to /tmp/spark-cdd7a73a-444d-42e6-a19f-5a142b7e0637/userFiles-27266e17-e585-47d4-a153-b1edd26a531c/fetchFileTemp17959501733350252072.tmp
[2024-06-19T06:29:55.897+0000] {docker.py:413} INFO - 24/06/19 06:29:55 INFO Utils: /tmp/spark-cdd7a73a-444d-42e6-a19f-5a142b7e0637/userFiles-27266e17-e585-47d4-a153-b1edd26a531c/fetchFileTemp17959501733350252072.tmp has been previously copied to /tmp/spark-cdd7a73a-444d-42e6-a19f-5a142b7e0637/userFiles-27266e17-e585-47d4-a153-b1edd26a531c/org.slf4j_slf4j-api-2.0.7.jar
[2024-06-19T06:29:55.899+0000] {docker.py:413} INFO - 24/06/19 06:29:55 INFO Executor: Adding file:/tmp/spark-cdd7a73a-444d-42e6-a19f-5a142b7e0637/userFiles-27266e17-e585-47d4-a153-b1edd26a531c/org.slf4j_slf4j-api-2.0.7.jar to class loader default
[2024-06-19T06:29:55.899+0000] {docker.py:413} INFO - 24/06/19 06:29:55 INFO Executor: Fetching spark://localhost:37097/jars/org.xerial.snappy_snappy-java-1.1.10.3.jar with timestamp 1718778595365
[2024-06-19T06:29:55.900+0000] {docker.py:413} INFO - 24/06/19 06:29:55 INFO Utils: Fetching spark://localhost:37097/jars/org.xerial.snappy_snappy-java-1.1.10.3.jar to /tmp/spark-cdd7a73a-444d-42e6-a19f-5a142b7e0637/userFiles-27266e17-e585-47d4-a153-b1edd26a531c/fetchFileTemp9505893905003223725.tmp
[2024-06-19T06:29:55.905+0000] {docker.py:413} INFO - 24/06/19 06:29:55 INFO Utils: /tmp/spark-cdd7a73a-444d-42e6-a19f-5a142b7e0637/userFiles-27266e17-e585-47d4-a153-b1edd26a531c/fetchFileTemp9505893905003223725.tmp has been previously copied to /tmp/spark-cdd7a73a-444d-42e6-a19f-5a142b7e0637/userFiles-27266e17-e585-47d4-a153-b1edd26a531c/org.xerial.snappy_snappy-java-1.1.10.3.jar
[2024-06-19T06:29:55.907+0000] {docker.py:413} INFO - 24/06/19 06:29:55 INFO Executor: Adding file:/tmp/spark-cdd7a73a-444d-42e6-a19f-5a142b7e0637/userFiles-27266e17-e585-47d4-a153-b1edd26a531c/org.xerial.snappy_snappy-java-1.1.10.3.jar to class loader default
[2024-06-19T06:29:55.908+0000] {docker.py:413} INFO - 24/06/19 06:29:55 INFO Executor: Fetching spark://localhost:37097/jars/org.apache.spark_spark-token-provider-kafka-0-10_2.12-3.5.0.jar with timestamp 1718778595365
[2024-06-19T06:29:55.908+0000] {docker.py:413} INFO - 24/06/19 06:29:55 INFO Utils: Fetching spark://localhost:37097/jars/org.apache.spark_spark-token-provider-kafka-0-10_2.12-3.5.0.jar to /tmp/spark-cdd7a73a-444d-42e6-a19f-5a142b7e0637/userFiles-27266e17-e585-47d4-a153-b1edd26a531c/fetchFileTemp9304272956781818958.tmp
[2024-06-19T06:29:55.909+0000] {docker.py:413} INFO - 24/06/19 06:29:55 INFO Utils: /tmp/spark-cdd7a73a-444d-42e6-a19f-5a142b7e0637/userFiles-27266e17-e585-47d4-a153-b1edd26a531c/fetchFileTemp9304272956781818958.tmp has been previously copied to /tmp/spark-cdd7a73a-444d-42e6-a19f-5a142b7e0637/userFiles-27266e17-e585-47d4-a153-b1edd26a531c/org.apache.spark_spark-token-provider-kafka-0-10_2.12-3.5.0.jar
[2024-06-19T06:29:55.910+0000] {docker.py:413} INFO - 24/06/19 06:29:55 INFO Executor: Adding file:/tmp/spark-cdd7a73a-444d-42e6-a19f-5a142b7e0637/userFiles-27266e17-e585-47d4-a153-b1edd26a531c/org.apache.spark_spark-token-provider-kafka-0-10_2.12-3.5.0.jar to class loader default
[2024-06-19T06:29:55.910+0000] {docker.py:413} INFO - 24/06/19 06:29:55 INFO Executor: Fetching spark://localhost:37097/jars/org.apache.hadoop_hadoop-client-api-3.3.4.jar with timestamp 1718778595365
[2024-06-19T06:29:55.911+0000] {docker.py:413} INFO - 24/06/19 06:29:55 INFO Utils: Fetching spark://localhost:37097/jars/org.apache.hadoop_hadoop-client-api-3.3.4.jar to /tmp/spark-cdd7a73a-444d-42e6-a19f-5a142b7e0637/userFiles-27266e17-e585-47d4-a153-b1edd26a531c/fetchFileTemp12995955360433067576.tmp
[2024-06-19T06:29:55.946+0000] {docker.py:413} INFO - 24/06/19 06:29:55 INFO Utils: /tmp/spark-cdd7a73a-444d-42e6-a19f-5a142b7e0637/userFiles-27266e17-e585-47d4-a153-b1edd26a531c/fetchFileTemp12995955360433067576.tmp has been previously copied to /tmp/spark-cdd7a73a-444d-42e6-a19f-5a142b7e0637/userFiles-27266e17-e585-47d4-a153-b1edd26a531c/org.apache.hadoop_hadoop-client-api-3.3.4.jar
[2024-06-19T06:29:55.950+0000] {docker.py:413} INFO - 24/06/19 06:29:55 INFO Executor: Adding file:/tmp/spark-cdd7a73a-444d-42e6-a19f-5a142b7e0637/userFiles-27266e17-e585-47d4-a153-b1edd26a531c/org.apache.hadoop_hadoop-client-api-3.3.4.jar to class loader default
[2024-06-19T06:29:55.951+0000] {docker.py:413} INFO - 24/06/19 06:29:55 INFO Executor: Fetching spark://localhost:37097/jars/org.apache.kafka_kafka-clients-3.4.1.jar with timestamp 1718778595365
[2024-06-19T06:29:55.951+0000] {docker.py:413} INFO - 24/06/19 06:29:55 INFO Utils: Fetching spark://localhost:37097/jars/org.apache.kafka_kafka-clients-3.4.1.jar to /tmp/spark-cdd7a73a-444d-42e6-a19f-5a142b7e0637/userFiles-27266e17-e585-47d4-a153-b1edd26a531c/fetchFileTemp2620335283485187756.tmp
[2024-06-19T06:29:55.960+0000] {docker.py:413} INFO - 24/06/19 06:29:55 INFO Utils: /tmp/spark-cdd7a73a-444d-42e6-a19f-5a142b7e0637/userFiles-27266e17-e585-47d4-a153-b1edd26a531c/fetchFileTemp2620335283485187756.tmp has been previously copied to /tmp/spark-cdd7a73a-444d-42e6-a19f-5a142b7e0637/userFiles-27266e17-e585-47d4-a153-b1edd26a531c/org.apache.kafka_kafka-clients-3.4.1.jar
[2024-06-19T06:29:55.961+0000] {docker.py:413} INFO - 24/06/19 06:29:55 INFO Executor: Adding file:/tmp/spark-cdd7a73a-444d-42e6-a19f-5a142b7e0637/userFiles-27266e17-e585-47d4-a153-b1edd26a531c/org.apache.kafka_kafka-clients-3.4.1.jar to class loader default
[2024-06-19T06:29:55.962+0000] {docker.py:413} INFO - 24/06/19 06:29:55 INFO Executor: Fetching spark://localhost:37097/jars/org.apache.spark_spark-sql-kafka-0-10_2.12-3.5.0.jar with timestamp 1718778595365
[2024-06-19T06:29:55.962+0000] {docker.py:413} INFO - 24/06/19 06:29:55 INFO Utils: Fetching spark://localhost:37097/jars/org.apache.spark_spark-sql-kafka-0-10_2.12-3.5.0.jar to /tmp/spark-cdd7a73a-444d-42e6-a19f-5a142b7e0637/userFiles-27266e17-e585-47d4-a153-b1edd26a531c/fetchFileTemp16366648896206946507.tmp
[2024-06-19T06:29:55.963+0000] {docker.py:413} INFO - 24/06/19 06:29:55 INFO Utils: /tmp/spark-cdd7a73a-444d-42e6-a19f-5a142b7e0637/userFiles-27266e17-e585-47d4-a153-b1edd26a531c/fetchFileTemp16366648896206946507.tmp has been previously copied to /tmp/spark-cdd7a73a-444d-42e6-a19f-5a142b7e0637/userFiles-27266e17-e585-47d4-a153-b1edd26a531c/org.apache.spark_spark-sql-kafka-0-10_2.12-3.5.0.jar
[2024-06-19T06:29:55.964+0000] {docker.py:413} INFO - 24/06/19 06:29:55 INFO Executor: Adding file:/tmp/spark-cdd7a73a-444d-42e6-a19f-5a142b7e0637/userFiles-27266e17-e585-47d4-a153-b1edd26a531c/org.apache.spark_spark-sql-kafka-0-10_2.12-3.5.0.jar to class loader default
[2024-06-19T06:29:55.965+0000] {docker.py:413} INFO - 24/06/19 06:29:55 INFO Executor: Fetching spark://localhost:37097/jars/org.apache.hadoop_hadoop-client-runtime-3.3.4.jar with timestamp 1718778595365
[2024-06-19T06:29:55.965+0000] {docker.py:413} INFO - 24/06/19 06:29:55 INFO Utils: Fetching spark://localhost:37097/jars/org.apache.hadoop_hadoop-client-runtime-3.3.4.jar to /tmp/spark-cdd7a73a-444d-42e6-a19f-5a142b7e0637/userFiles-27266e17-e585-47d4-a153-b1edd26a531c/fetchFileTemp1191705612662713304.tmp
[2024-06-19T06:29:56.010+0000] {docker.py:413} INFO - 24/06/19 06:29:56 INFO Utils: /tmp/spark-cdd7a73a-444d-42e6-a19f-5a142b7e0637/userFiles-27266e17-e585-47d4-a153-b1edd26a531c/fetchFileTemp1191705612662713304.tmp has been previously copied to /tmp/spark-cdd7a73a-444d-42e6-a19f-5a142b7e0637/userFiles-27266e17-e585-47d4-a153-b1edd26a531c/org.apache.hadoop_hadoop-client-runtime-3.3.4.jar
[2024-06-19T06:29:56.013+0000] {docker.py:413} INFO - 24/06/19 06:29:56 INFO Executor: Adding file:/tmp/spark-cdd7a73a-444d-42e6-a19f-5a142b7e0637/userFiles-27266e17-e585-47d4-a153-b1edd26a531c/org.apache.hadoop_hadoop-client-runtime-3.3.4.jar to class loader default
[2024-06-19T06:29:56.014+0000] {docker.py:413} INFO - 24/06/19 06:29:56 INFO Executor: Fetching spark://localhost:37097/jars/com.google.code.findbugs_jsr305-3.0.0.jar with timestamp 1718778595365
[2024-06-19T06:29:56.014+0000] {docker.py:413} INFO - 24/06/19 06:29:56 INFO Utils: Fetching spark://localhost:37097/jars/com.google.code.findbugs_jsr305-3.0.0.jar to /tmp/spark-cdd7a73a-444d-42e6-a19f-5a142b7e0637/userFiles-27266e17-e585-47d4-a153-b1edd26a531c/fetchFileTemp6623043174429752915.tmp
[2024-06-19T06:29:56.015+0000] {docker.py:413} INFO - 24/06/19 06:29:56 INFO Utils: /tmp/spark-cdd7a73a-444d-42e6-a19f-5a142b7e0637/userFiles-27266e17-e585-47d4-a153-b1edd26a531c/fetchFileTemp6623043174429752915.tmp has been previously copied to /tmp/spark-cdd7a73a-444d-42e6-a19f-5a142b7e0637/userFiles-27266e17-e585-47d4-a153-b1edd26a531c/com.google.code.findbugs_jsr305-3.0.0.jar
[2024-06-19T06:29:56.015+0000] {docker.py:413} INFO - 24/06/19 06:29:56 INFO Executor: Adding file:/tmp/spark-cdd7a73a-444d-42e6-a19f-5a142b7e0637/userFiles-27266e17-e585-47d4-a153-b1edd26a531c/com.google.code.findbugs_jsr305-3.0.0.jar to class loader default
[2024-06-19T06:29:56.021+0000] {docker.py:413} INFO - 24/06/19 06:29:56 INFO Utils: Successfully started service 'org.apache.spark.network.netty.NettyBlockTransferService' on port 41819.
[2024-06-19T06:29:56.021+0000] {docker.py:413} INFO - 24/06/19 06:29:56 INFO NettyBlockTransferService: Server created on localhost:41819
[2024-06-19T06:29:56.022+0000] {docker.py:413} INFO - 24/06/19 06:29:56 INFO BlockManager: Using org.apache.spark.storage.RandomBlockReplicationPolicy for block replication policy
[2024-06-19T06:29:56.025+0000] {docker.py:413} INFO - 24/06/19 06:29:56 INFO BlockManagerMaster: Registering BlockManager BlockManagerId(driver, localhost, 41819, None)
[2024-06-19T06:29:56.027+0000] {docker.py:413} INFO - 24/06/19 06:29:56 INFO BlockManagerMasterEndpoint: Registering block manager localhost:41819 with 434.4 MiB RAM, BlockManagerId(driver, localhost, 41819, None)
[2024-06-19T06:29:56.028+0000] {docker.py:413} INFO - 24/06/19 06:29:56 INFO BlockManagerMaster: Registered BlockManager BlockManagerId(driver, localhost, 41819, None)
[2024-06-19T06:29:56.028+0000] {docker.py:413} INFO - 24/06/19 06:29:56 INFO BlockManager: Initialized BlockManager: BlockManagerId(driver, localhost, 41819, None)
[2024-06-19T06:29:56.218+0000] {docker.py:413} INFO - 2024-06-19 06:29:56,217:create_spark_session:INFO:Spark session created successfully
[2024-06-19T06:29:56.223+0000] {docker.py:413} INFO - 24/06/19 06:29:56 INFO SharedState: Setting hive.metastore.warehouse.dir ('null') to the value of spark.sql.warehouse.dir.
[2024-06-19T06:29:56.224+0000] {docker.py:413} INFO - 24/06/19 06:29:56 INFO SharedState: Warehouse path is 'file:/opt/bitnami/spark/spark-warehouse'.
[2024-06-19T06:29:56.924+0000] {docker.py:413} INFO - 2024-06-19 06:29:56,923:create_initial_dataframe:INFO:Initial dataframe created successfully
[2024-06-19T06:29:56.934+0000] {docker.py:413} INFO - 2024-06-19 06:29:56,933:create_initial_dataframe:INFO:Initial dataframe created successfully
[2024-06-19T06:29:56.942+0000] {docker.py:413} INFO - 2024-06-19 06:29:56,941:create_initial_dataframe:INFO:Initial dataframe created successfully
[2024-06-19T06:29:57.100+0000] {docker.py:413} INFO - 24/06/19 06:29:57 WARN SparkStringUtils: Truncated the string representation of a plan since it was too large. This behavior can be adjusted by setting 'spark.sql.debug.maxToStringFields'.
[2024-06-19T06:29:57.164+0000] {docker.py:413} INFO - Traceback (most recent call last):
  File "/opt/bitnami/spark/spark_streaming.py", line 153, in <module>
[2024-06-19T06:29:57.164+0000] {docker.py:413} INFO - write_to_postgres()
  File "/opt/bitnami/spark/spark_streaming.py", line 148, in write_to_postgres
    df_final = create_final_dataframe(df)
               ^^^^^^^^^^^^^^^^^^^^^^^^^^
  File "/opt/bitnami/spark/spark_streaming.py", line 100, in create_final_dataframe
    df_out.update(df1)
[2024-06-19T06:29:57.165+0000] {docker.py:413} INFO - TypeError: cannot convert dictionary update sequence element #0 to a sequence
[2024-06-19T06:29:57.165+0000] {docker.py:413} INFO - 2024-06-19 06:29:57,163:close:INFO:Closing down clientserver connection
[2024-06-19T06:29:57.189+0000] {docker.py:413} INFO - 24/06/19 06:29:57 INFO SparkContext: Invoking stop() from shutdown hook
[2024-06-19T06:29:57.189+0000] {docker.py:413} INFO - 24/06/19 06:29:57 INFO SparkContext: SparkContext is stopping with exitCode 0.
[2024-06-19T06:29:57.195+0000] {docker.py:413} INFO - 24/06/19 06:29:57 INFO SparkUI: Stopped Spark web UI at http://localhost:4040
[2024-06-19T06:29:57.203+0000] {docker.py:413} INFO - 24/06/19 06:29:57 INFO MapOutputTrackerMasterEndpoint: MapOutputTrackerMasterEndpoint stopped!
[2024-06-19T06:29:57.212+0000] {docker.py:413} INFO - 24/06/19 06:29:57 INFO MemoryStore: MemoryStore cleared
[2024-06-19T06:29:57.212+0000] {docker.py:413} INFO - 24/06/19 06:29:57 INFO BlockManager: BlockManager stopped
[2024-06-19T06:29:57.215+0000] {docker.py:413} INFO - 24/06/19 06:29:57 INFO BlockManagerMaster: BlockManagerMaster stopped
[2024-06-19T06:29:57.217+0000] {docker.py:413} INFO - 24/06/19 06:29:57 INFO OutputCommitCoordinator$OutputCommitCoordinatorEndpoint: OutputCommitCoordinator stopped!
[2024-06-19T06:29:57.226+0000] {docker.py:413} INFO - 24/06/19 06:29:57 INFO SparkContext: Successfully stopped SparkContext
[2024-06-19T06:29:57.227+0000] {docker.py:413} INFO - 24/06/19 06:29:57 INFO ShutdownHookManager: Shutdown hook called
[2024-06-19T06:29:57.228+0000] {docker.py:413} INFO - 24/06/19 06:29:57 INFO ShutdownHookManager: Deleting directory /tmp/spark-bd9b7620-0070-4da7-913c-d765538d07db
[2024-06-19T06:29:57.228+0000] {docker.py:413} INFO - 24/06/19 06:29:57 INFO ShutdownHookManager: Deleting directory /tmp/spark-cdd7a73a-444d-42e6-a19f-5a142b7e0637
[2024-06-19T06:29:57.229+0000] {docker.py:413} INFO - 24/06/19 06:29:57 INFO ShutdownHookManager: Deleting directory /tmp/spark-cdd7a73a-444d-42e6-a19f-5a142b7e0637/pyspark-3994add0-a10f-4930-bea6-f231bca159d7
[2024-06-19T06:29:57.548+0000] {taskinstance.py:1937} ERROR - Task failed with exception
Traceback (most recent call last):
  File "/home/airflow/.local/lib/python3.8/site-packages/docker/api/client.py", line 268, in _raise_for_status
    response.raise_for_status()
  File "/home/airflow/.local/lib/python3.8/site-packages/requests/models.py", line 1021, in raise_for_status
    raise HTTPError(http_error_msg, response=self)
requests.exceptions.HTTPError: 400 Client Error: Bad Request for url: http://docker-proxy:2375/v1.44/containers/create

The above exception was the direct cause of the following exception:

Traceback (most recent call last):
  File "/home/airflow/.local/lib/python3.8/site-packages/airflow/providers/docker/operators/docker.py", line 348, in _run_image
    return self._run_image_with_mounts([*self.mounts, tmp_mount], add_tmp_variable=True)
  File "/home/airflow/.local/lib/python3.8/site-packages/airflow/providers/docker/operators/docker.py", line 375, in _run_image_with_mounts
    self.container = self.cli.create_container(
  File "/home/airflow/.local/lib/python3.8/site-packages/docker/api/container.py", line 431, in create_container
    return self.create_container_from_config(config, name, platform)
  File "/home/airflow/.local/lib/python3.8/site-packages/docker/api/container.py", line 448, in create_container_from_config
    return self._result(res, True)
  File "/home/airflow/.local/lib/python3.8/site-packages/docker/api/client.py", line 274, in _result
    self._raise_for_status(response)
  File "/home/airflow/.local/lib/python3.8/site-packages/docker/api/client.py", line 270, in _raise_for_status
    raise create_api_error_from_http_exception(e) from e
  File "/home/airflow/.local/lib/python3.8/site-packages/docker/errors.py", line 39, in create_api_error_from_http_exception
    raise cls(e, response=response, explanation=explanation) from e
docker.errors.APIError: 400 Client Error for http://docker-proxy:2375/v1.44/containers/create: Bad Request ("invalid mount config for type "bind": bind source path does not exist: /host_mnt/private/tmp/airflowtmpjqpvzcrb")

During handling of the above exception, another exception occurred:

Traceback (most recent call last):
  File "/home/airflow/.local/lib/python3.8/site-packages/airflow/providers/docker/operators/docker.py", line 486, in execute
    return self._run_image()
  File "/home/airflow/.local/lib/python3.8/site-packages/airflow/providers/docker/operators/docker.py", line 357, in _run_image
    return self._run_image_with_mounts(self.mounts, add_tmp_variable=False)
  File "/home/airflow/.local/lib/python3.8/site-packages/airflow/providers/docker/operators/docker.py", line 421, in _run_image_with_mounts
    raise DockerContainerFailedException(f"Docker container failed: {result!r}", logs=log_lines)
airflow.providers.docker.exceptions.DockerContainerFailedException: Docker container failed: {'StatusCode': 1}
[2024-06-19T06:29:57.553+0000] {taskinstance.py:1400} INFO - Marking task as UP_FOR_RETRY. dag_id=kafka_spark_dag, task_id=pyspark_consumer, execution_date=20240619T062405, start_date=20240619T062909, end_date=20240619T062957
[2024-06-19T06:29:57.573+0000] {standard_task_runner.py:104} ERROR - Failed to execute job 85 for task pyspark_consumer (Docker container failed: {'StatusCode': 1}; 14377)
[2024-06-19T06:29:57.588+0000] {local_task_job_runner.py:228} INFO - Task exited with return code 1
[2024-06-19T06:29:57.605+0000] {taskinstance.py:2778} INFO - 0 downstream tasks scheduled from follow-on schedule check
