[2024-06-19T06:24:08.867+0000] {taskinstance.py:1159} INFO - Dependencies all met for dep_context=non-requeueable deps ti=<TaskInstance: kafka_spark_dag.pyspark_consumer scheduled__2024-06-19T06:19:05.285155+00:00 [queued]>
[2024-06-19T06:24:08.871+0000] {taskinstance.py:1159} INFO - Dependencies all met for dep_context=requeueable deps ti=<TaskInstance: kafka_spark_dag.pyspark_consumer scheduled__2024-06-19T06:19:05.285155+00:00 [queued]>
[2024-06-19T06:24:08.871+0000] {taskinstance.py:1361} INFO - Starting attempt 1 of 2
[2024-06-19T06:24:08.876+0000] {taskinstance.py:1382} INFO - Executing <Task(DockerOperator): pyspark_consumer> on 2024-06-19 06:19:05.285155+00:00
[2024-06-19T06:24:08.879+0000] {standard_task_runner.py:57} INFO - Started process 11951 to run task
[2024-06-19T06:24:08.881+0000] {standard_task_runner.py:84} INFO - Running: ['***', 'tasks', 'run', 'kafka_spark_dag', 'pyspark_consumer', 'scheduled__2024-06-19T06:19:05.285155+00:00', '--job-id', '82', '--raw', '--subdir', 'DAGS_FOLDER/dag_kafka_spark.py', '--cfg-path', '/tmp/tmpf30d56nr']
[2024-06-19T06:24:08.882+0000] {standard_task_runner.py:85} INFO - Job 82: Subtask pyspark_consumer
[2024-06-19T06:24:08.903+0000] {task_command.py:416} INFO - Running <TaskInstance: kafka_spark_dag.pyspark_consumer scheduled__2024-06-19T06:19:05.285155+00:00 [running]> on host 2ad9230613d5
[2024-06-19T06:24:08.933+0000] {taskinstance.py:1662} INFO - Exporting env vars: AIRFLOW_CTX_DAG_OWNER='***' AIRFLOW_CTX_DAG_ID='kafka_spark_dag' AIRFLOW_CTX_TASK_ID='pyspark_consumer' AIRFLOW_CTX_EXECUTION_DATE='2024-06-19T06:19:05.285155+00:00' AIRFLOW_CTX_TRY_NUMBER='1' AIRFLOW_CTX_DAG_RUN_ID='scheduled__2024-06-19T06:19:05.285155+00:00'
[2024-06-19T06:24:08.999+0000] {docker.py:343} INFO - Starting docker container from image rappel-conso/spark:latest
[2024-06-19T06:24:09.009+0000] {docker.py:351} WARNING - Using remote engine or docker-in-docker and mounting temporary volume from host is not supported. Falling back to `mount_tmp_dir=False` mode. You can set `mount_tmp_dir` parameter to False to disable mounting and remove the warning
[2024-06-19T06:24:09.210+0000] {docker.py:413} INFO - [38;5;6mspark [38;5;5m06:24:09.20 [0m[38;5;2mINFO [0m ==>
[2024-06-19T06:24:09.211+0000] {docker.py:413} INFO - [38;5;6mspark [38;5;5m06:24:09.21 [0m[38;5;2mINFO [0m ==> [1mWelcome to the Bitnami spark container[0m
[2024-06-19T06:24:09.211+0000] {docker.py:413} INFO - [38;5;6mspark [38;5;5m06:24:09.21 [0m[38;5;2mINFO [0m ==> Subscribe to project updates by watching [1mhttps://github.com/bitnami/containers[0m
[2024-06-19T06:24:09.211+0000] {docker.py:413} INFO - [38;5;6mspark [38;5;5m06:24:09.21 [0m[38;5;2mINFO [0m ==> Submit issues and feature requests at [1mhttps://github.com/bitnami/containers/issues[0m
[2024-06-19T06:24:09.212+0000] {docker.py:413} INFO - [38;5;6mspark [38;5;5m06:24:09.21 [0m[38;5;2mINFO [0m ==>
[2024-06-19T06:24:09.216+0000] {docker.py:413} INFO - 
[2024-06-19T06:24:10.012+0000] {docker.py:413} INFO - :: loading settings :: url = jar:file:/opt/bitnami/spark/jars/ivy-2.5.1.jar!/org/apache/ivy/core/settings/ivysettings.xml
[2024-06-19T06:24:10.042+0000] {docker.py:413} INFO - Ivy Default Cache set to: /opt/bitnami/spark/.ivy2/cache
The jars for the packages stored in: /opt/bitnami/spark/.ivy2/jars
[2024-06-19T06:24:10.044+0000] {docker.py:413} INFO - org.postgresql#postgresql added as a dependency
org.apache.spark#spark-sql-kafka-0-10_2.12 added as a dependency
[2024-06-19T06:24:10.044+0000] {docker.py:413} INFO - :: resolving dependencies :: org.apache.spark#spark-submit-parent-d8aa72e5-8c79-400b-b145-e700b3504c04;1.0
	confs: [default]
[2024-06-19T06:24:11.520+0000] {docker.py:413} INFO - found org.postgresql#postgresql;42.5.4 in central
[2024-06-19T06:24:11.956+0000] {docker.py:413} INFO - found org.checkerframework#checker-qual;3.5.0 in central
[2024-06-19T06:24:16.288+0000] {docker.py:413} INFO - found org.apache.spark#spark-sql-kafka-0-10_2.12;3.5.0 in central
[2024-06-19T06:24:16.812+0000] {docker.py:413} INFO - found org.apache.spark#spark-token-provider-kafka-0-10_2.12;3.5.0 in central
[2024-06-19T06:24:17.239+0000] {docker.py:413} INFO - found org.apache.kafka#kafka-clients;3.4.1 in central
[2024-06-19T06:24:17.680+0000] {docker.py:413} INFO - found org.lz4#lz4-java;1.8.0 in central
[2024-06-19T06:24:18.117+0000] {docker.py:413} INFO - found org.xerial.snappy#snappy-java;1.1.10.3 in central
[2024-06-19T06:24:20.197+0000] {docker.py:413} INFO - found org.slf4j#slf4j-api;2.0.7 in central
[2024-06-19T06:24:23.909+0000] {docker.py:413} INFO - found org.apache.hadoop#hadoop-client-runtime;3.3.4 in central
[2024-06-19T06:24:24.378+0000] {docker.py:413} INFO - found org.apache.hadoop#hadoop-client-api;3.3.4 in central
[2024-06-19T06:24:28.023+0000] {docker.py:413} INFO - found commons-logging#commons-logging;1.1.3 in central
[2024-06-19T06:24:28.456+0000] {docker.py:413} INFO - found com.google.code.findbugs#jsr305;3.0.0 in central
[2024-06-19T06:24:33.178+0000] {docker.py:413} INFO - found org.apache.commons#commons-pool2;2.11.1 in central
[2024-06-19T06:24:33.402+0000] {docker.py:413} INFO - downloading https://repo1.maven.org/maven2/org/postgresql/postgresql/42.5.4/postgresql-42.5.4.jar ...
[2024-06-19T06:24:34.100+0000] {docker.py:413} INFO - [SUCCESSFUL ] org.postgresql#postgresql;42.5.4!postgresql.jar (906ms)
[2024-06-19T06:24:34.298+0000] {docker.py:413} INFO - downloading https://repo1.maven.org/maven2/org/apache/spark/spark-sql-kafka-0-10_2.12/3.5.0/spark-sql-kafka-0-10_2.12-3.5.0.jar ...
[2024-06-19T06:24:34.559+0000] {docker.py:413} INFO - [SUCCESSFUL ] org.apache.spark#spark-sql-kafka-0-10_2.12;3.5.0!spark-sql-kafka-0-10_2.12.jar (458ms)
[2024-06-19T06:24:34.761+0000] {docker.py:413} INFO - downloading https://repo1.maven.org/maven2/org/checkerframework/checker-qual/3.5.0/checker-qual-3.5.0.jar ...
[2024-06-19T06:24:35.008+0000] {docker.py:413} INFO - [SUCCESSFUL ] org.checkerframework#checker-qual;3.5.0!checker-qual.jar (444ms)
[2024-06-19T06:24:35.207+0000] {docker.py:413} INFO - downloading https://repo1.maven.org/maven2/org/apache/spark/spark-token-provider-kafka-0-10_2.12/3.5.0/spark-token-provider-kafka-0-10_2.12-3.5.0.jar ...
[2024-06-19T06:24:35.414+0000] {docker.py:413} INFO - [SUCCESSFUL ] org.apache.spark#spark-token-provider-kafka-0-10_2.12;3.5.0!spark-token-provider-kafka-0-10_2.12.jar (406ms)
[2024-06-19T06:24:35.610+0000] {docker.py:413} INFO - downloading https://repo1.maven.org/maven2/org/apache/kafka/kafka-clients/3.4.1/kafka-clients-3.4.1.jar ...
[2024-06-19T06:24:36.697+0000] {docker.py:413} INFO - [SUCCESSFUL ] org.apache.kafka#kafka-clients;3.4.1!kafka-clients.jar (1281ms)
[2024-06-19T06:24:36.901+0000] {docker.py:413} INFO - downloading https://repo1.maven.org/maven2/com/google/code/findbugs/jsr305/3.0.0/jsr305-3.0.0.jar ...
[2024-06-19T06:24:37.105+0000] {docker.py:413} INFO - [SUCCESSFUL ] com.google.code.findbugs#jsr305;3.0.0!jsr305.jar (405ms)
[2024-06-19T06:24:37.312+0000] {docker.py:413} INFO - downloading https://repo1.maven.org/maven2/org/apache/commons/commons-pool2/2.11.1/commons-pool2-2.11.1.jar ...
[2024-06-19T06:24:37.750+0000] {docker.py:413} INFO - [SUCCESSFUL ] org.apache.commons#commons-pool2;2.11.1!commons-pool2.jar (594ms)
[2024-06-19T06:24:37.938+0000] {docker.py:413} INFO - downloading https://repo1.maven.org/maven2/org/apache/hadoop/hadoop-client-runtime/3.3.4/hadoop-client-runtime-3.3.4.jar ...
[2024-06-19T06:24:42.229+0000] {docker.py:413} INFO - [SUCCESSFUL ] org.apache.hadoop#hadoop-client-runtime;3.3.4!hadoop-client-runtime.jar (4495ms)
[2024-06-19T06:24:42.424+0000] {docker.py:413} INFO - downloading https://repo1.maven.org/maven2/org/lz4/lz4-java/1.8.0/lz4-java-1.8.0.jar ...
[2024-06-19T06:24:42.717+0000] {docker.py:413} INFO - [SUCCESSFUL ] org.lz4#lz4-java;1.8.0!lz4-java.jar (492ms)
[2024-06-19T06:24:42.919+0000] {docker.py:413} INFO - downloading https://repo1.maven.org/maven2/org/xerial/snappy/snappy-java/1.1.10.3/snappy-java-1.1.10.3.jar ...
[2024-06-19T06:24:43.487+0000] {docker.py:413} INFO - [SUCCESSFUL ] org.xerial.snappy#snappy-java;1.1.10.3!snappy-java.jar(bundle) (765ms)
[2024-06-19T06:24:43.689+0000] {docker.py:413} INFO - downloading https://repo1.maven.org/maven2/org/slf4j/slf4j-api/2.0.7/slf4j-api-2.0.7.jar ...
[2024-06-19T06:24:43.900+0000] {docker.py:413} INFO - [SUCCESSFUL ] org.slf4j#slf4j-api;2.0.7!slf4j-api.jar (411ms)
[2024-06-19T06:24:44.103+0000] {docker.py:413} INFO - downloading https://repo1.maven.org/maven2/org/apache/hadoop/hadoop-client-api/3.3.4/hadoop-client-api-3.3.4.jar ...
[2024-06-19T06:24:49.025+0000] {docker.py:413} INFO - [SUCCESSFUL ] org.apache.hadoop#hadoop-client-api;3.3.4!hadoop-client-api.jar (5121ms)
[2024-06-19T06:24:49.224+0000] {docker.py:413} INFO - downloading https://repo1.maven.org/maven2/commons-logging/commons-logging/1.1.3/commons-logging-1.1.3.jar ...
[2024-06-19T06:24:49.448+0000] {docker.py:413} INFO - [SUCCESSFUL ] commons-logging#commons-logging;1.1.3!commons-logging.jar (417ms)
[2024-06-19T06:24:49.452+0000] {docker.py:413} INFO - :: resolution report :: resolve 23147ms :: artifacts dl 16251ms
[2024-06-19T06:24:49.454+0000] {docker.py:413} INFO - :: modules in use:
[2024-06-19T06:24:49.456+0000] {docker.py:413} INFO - com.google.code.findbugs#jsr305;3.0.0 from central in [default]
	commons-logging#commons-logging;1.1.3 from central in [default]
	org.apache.commons#commons-pool2;2.11.1 from central in [default]
	org.apache.hadoop#hadoop-client-api;3.3.4 from central in [default]
	org.apache.hadoop#hadoop-client-runtime;3.3.4 from central in [default]
	org.apache.kafka#kafka-clients;3.4.1 from central in [default]
	org.apache.spark#spark-sql-kafka-0-10_2.12;3.5.0 from central in [default]
	org.apache.spark#spark-token-provider-kafka-0-10_2.12;3.5.0 from central in [default]
	org.checkerframework#checker-qual;3.5.0 from central in [default]
[2024-06-19T06:24:49.457+0000] {docker.py:413} INFO - org.lz4#lz4-java;1.8.0 from central in [default]
	org.postgresql#postgresql;42.5.4 from central in [default]
	org.slf4j#slf4j-api;2.0.7 from central in [default]
	org.xerial.snappy#snappy-java;1.1.10.3 from central in [default]
	---------------------------------------------------------------------
	|                  |            modules            ||   artifacts   |
	|       conf       | number| search|dwnlded|evicted|| number|dwnlded|
	---------------------------------------------------------------------
	|      default     |   13  |   13  |   13  |   0   ||   13  |   13  |
	---------------------------------------------------------------------
[2024-06-19T06:24:49.474+0000] {docker.py:413} INFO - :: retrieving :: org.apache.spark#spark-submit-parent-d8aa72e5-8c79-400b-b145-e700b3504c04
[2024-06-19T06:24:49.475+0000] {docker.py:413} INFO - confs: [default]
[2024-06-19T06:24:49.532+0000] {docker.py:413} INFO - 13 artifacts copied, 0 already retrieved (58001kB/59ms)
[2024-06-19T06:24:49.664+0000] {docker.py:413} INFO - 24/06/19 06:24:49 WARN NativeCodeLoader: Unable to load native-hadoop library for your platform... using builtin-java classes where applicable
[2024-06-19T06:24:50.243+0000] {docker.py:413} INFO - 24/06/19 06:24:50 INFO SparkContext: Running Spark version 3.5.0
[2024-06-19T06:24:50.244+0000] {docker.py:413} INFO - 24/06/19 06:24:50 INFO SparkContext: OS info Linux, 6.6.12-linuxkit, aarch64
[2024-06-19T06:24:50.244+0000] {docker.py:413} INFO - 24/06/19 06:24:50 INFO SparkContext: Java version 17.0.10
[2024-06-19T06:24:50.255+0000] {docker.py:413} INFO - 24/06/19 06:24:50 INFO ResourceUtils: ==============================================================
[2024-06-19T06:24:50.255+0000] {docker.py:413} INFO - 24/06/19 06:24:50 INFO ResourceUtils: No custom resources configured for spark.driver.
[2024-06-19T06:24:50.255+0000] {docker.py:413} INFO - 24/06/19 06:24:50 INFO ResourceUtils: ==============================================================
[2024-06-19T06:24:50.256+0000] {docker.py:413} INFO - 24/06/19 06:24:50 INFO SparkContext: Submitted application: PostgreSQL Connection with PySpark
[2024-06-19T06:24:50.266+0000] {docker.py:413} INFO - 24/06/19 06:24:50 INFO ResourceProfile: Default ResourceProfile created, executor resources: Map(cores -> name: cores, amount: 1, script: , vendor: , memory -> name: memory, amount: 1024, script: , vendor: , offHeap -> name: offHeap, amount: 0, script: , vendor: ), task resources: Map(cpus -> name: cpus, amount: 1.0)
[2024-06-19T06:24:50.269+0000] {docker.py:413} INFO - 24/06/19 06:24:50 INFO ResourceProfile: Limiting resource is cpu
[2024-06-19T06:24:50.270+0000] {docker.py:413} INFO - 24/06/19 06:24:50 INFO ResourceProfileManager: Added ResourceProfile id: 0
[2024-06-19T06:24:50.295+0000] {docker.py:413} INFO - 24/06/19 06:24:50 INFO SecurityManager: Changing view acls to: spark
[2024-06-19T06:24:50.295+0000] {docker.py:413} INFO - 24/06/19 06:24:50 INFO SecurityManager: Changing modify acls to: spark
[2024-06-19T06:24:50.295+0000] {docker.py:413} INFO - 24/06/19 06:24:50 INFO SecurityManager: Changing view acls groups to:
[2024-06-19T06:24:50.295+0000] {docker.py:413} INFO - 24/06/19 06:24:50 INFO SecurityManager: Changing modify acls groups to:
[2024-06-19T06:24:50.296+0000] {docker.py:413} INFO - 24/06/19 06:24:50 INFO SecurityManager: SecurityManager: authentication disabled; ui acls disabled; users with view permissions: spark; groups with view permissions: EMPTY; users with modify permissions: spark; groups with modify permissions: EMPTY
[2024-06-19T06:24:50.394+0000] {docker.py:413} INFO - 24/06/19 06:24:50 INFO Utils: Successfully started service 'sparkDriver' on port 40163.
[2024-06-19T06:24:50.407+0000] {docker.py:413} INFO - 24/06/19 06:24:50 INFO SparkEnv: Registering MapOutputTracker
[2024-06-19T06:24:50.423+0000] {docker.py:413} INFO - 24/06/19 06:24:50 INFO SparkEnv: Registering BlockManagerMaster
[2024-06-19T06:24:50.432+0000] {docker.py:413} INFO - 24/06/19 06:24:50 INFO BlockManagerMasterEndpoint: Using org.apache.spark.storage.DefaultTopologyMapper for getting topology information
[2024-06-19T06:24:50.433+0000] {docker.py:413} INFO - 24/06/19 06:24:50 INFO BlockManagerMasterEndpoint: BlockManagerMasterEndpoint up
[2024-06-19T06:24:50.441+0000] {docker.py:413} INFO - 24/06/19 06:24:50 INFO SparkEnv: Registering BlockManagerMasterHeartbeat
[2024-06-19T06:24:50.452+0000] {docker.py:413} INFO - 24/06/19 06:24:50 INFO DiskBlockManager: Created local directory at /tmp/blockmgr-3466fc13-817f-4a49-959c-c1729651167f
[2024-06-19T06:24:50.458+0000] {docker.py:413} INFO - 24/06/19 06:24:50 INFO MemoryStore: MemoryStore started with capacity 434.4 MiB
[2024-06-19T06:24:50.465+0000] {docker.py:413} INFO - 24/06/19 06:24:50 INFO SparkEnv: Registering OutputCommitCoordinator
[2024-06-19T06:24:50.529+0000] {docker.py:413} INFO - 24/06/19 06:24:50 INFO JettyUtils: Start Jetty 0.0.0.0:4040 for SparkUI
[2024-06-19T06:24:50.561+0000] {docker.py:413} INFO - 24/06/19 06:24:50 INFO Utils: Successfully started service 'SparkUI' on port 4040.
[2024-06-19T06:24:50.581+0000] {docker.py:413} INFO - 24/06/19 06:24:50 INFO SparkContext: Added JAR file:///opt/bitnami/spark/.ivy2/jars/org.postgresql_postgresql-42.5.4.jar at spark://localhost:40163/jars/org.postgresql_postgresql-42.5.4.jar with timestamp 1718778290239
[2024-06-19T06:24:50.583+0000] {docker.py:413} INFO - 24/06/19 06:24:50 INFO SparkContext: Added JAR file:///opt/bitnami/spark/.ivy2/jars/org.apache.spark_spark-sql-kafka-0-10_2.12-3.5.0.jar at spark://localhost:40163/jars/org.apache.spark_spark-sql-kafka-0-10_2.12-3.5.0.jar with timestamp 1718778290239
24/06/19 06:24:50 INFO SparkContext: Added JAR file:///opt/bitnami/spark/.ivy2/jars/org.checkerframework_checker-qual-3.5.0.jar at spark://localhost:40163/jars/org.checkerframework_checker-qual-3.5.0.jar with timestamp 1718778290239
[2024-06-19T06:24:50.584+0000] {docker.py:413} INFO - 24/06/19 06:24:50 INFO SparkContext: Added JAR file:///opt/bitnami/spark/.ivy2/jars/org.apache.spark_spark-token-provider-kafka-0-10_2.12-3.5.0.jar at spark://localhost:40163/jars/org.apache.spark_spark-token-provider-kafka-0-10_2.12-3.5.0.jar with timestamp 1718778290239
24/06/19 06:24:50 INFO SparkContext: Added JAR file:///opt/bitnami/spark/.ivy2/jars/org.apache.kafka_kafka-clients-3.4.1.jar at spark://localhost:40163/jars/org.apache.kafka_kafka-clients-3.4.1.jar with timestamp 1718778290239
[2024-06-19T06:24:50.585+0000] {docker.py:413} INFO - 24/06/19 06:24:50 INFO SparkContext: Added JAR file:///opt/bitnami/spark/.ivy2/jars/com.google.code.findbugs_jsr305-3.0.0.jar at spark://localhost:40163/jars/com.google.code.findbugs_jsr305-3.0.0.jar with timestamp 1718778290239
24/06/19 06:24:50 INFO SparkContext: Added JAR file:///opt/bitnami/spark/.ivy2/jars/org.apache.commons_commons-pool2-2.11.1.jar at spark://localhost:40163/jars/org.apache.commons_commons-pool2-2.11.1.jar with timestamp 1718778290239
24/06/19 06:24:50 INFO SparkContext: Added JAR file:///opt/bitnami/spark/.ivy2/jars/org.apache.hadoop_hadoop-client-runtime-3.3.4.jar at spark://localhost:40163/jars/org.apache.hadoop_hadoop-client-runtime-3.3.4.jar with timestamp 1718778290239
24/06/19 06:24:50 INFO SparkContext: Added JAR file:///opt/bitnami/spark/.ivy2/jars/org.lz4_lz4-java-1.8.0.jar at spark://localhost:40163/jars/org.lz4_lz4-java-1.8.0.jar with timestamp 1718778290239
[2024-06-19T06:24:50.586+0000] {docker.py:413} INFO - 24/06/19 06:24:50 INFO SparkContext: Added JAR file:///opt/bitnami/spark/.ivy2/jars/org.xerial.snappy_snappy-java-1.1.10.3.jar at spark://localhost:40163/jars/org.xerial.snappy_snappy-java-1.1.10.3.jar with timestamp 1718778290239
24/06/19 06:24:50 INFO SparkContext: Added JAR file:///opt/bitnami/spark/.ivy2/jars/org.slf4j_slf4j-api-2.0.7.jar at spark://localhost:40163/jars/org.slf4j_slf4j-api-2.0.7.jar with timestamp 1718778290239
24/06/19 06:24:50 INFO SparkContext: Added JAR file:///opt/bitnami/spark/.ivy2/jars/org.apache.hadoop_hadoop-client-api-3.3.4.jar at spark://localhost:40163/jars/org.apache.hadoop_hadoop-client-api-3.3.4.jar with timestamp 1718778290239
[2024-06-19T06:24:50.587+0000] {docker.py:413} INFO - 24/06/19 06:24:50 INFO SparkContext: Added JAR file:///opt/bitnami/spark/.ivy2/jars/commons-logging_commons-logging-1.1.3.jar at spark://localhost:40163/jars/commons-logging_commons-logging-1.1.3.jar with timestamp 1718778290239
[2024-06-19T06:24:50.587+0000] {docker.py:413} INFO - 24/06/19 06:24:50 INFO SparkContext: Added file file:///opt/bitnami/spark/.ivy2/jars/org.postgresql_postgresql-42.5.4.jar at file:///opt/bitnami/spark/.ivy2/jars/org.postgresql_postgresql-42.5.4.jar with timestamp 1718778290239
[2024-06-19T06:24:50.587+0000] {docker.py:413} INFO - 24/06/19 06:24:50 INFO Utils: Copying /opt/bitnami/spark/.ivy2/jars/org.postgresql_postgresql-42.5.4.jar to /tmp/spark-2a6755e0-0e15-423a-b525-efad51e91a17/userFiles-da885bd1-83d0-4f21-acea-96dfc261db71/org.postgresql_postgresql-42.5.4.jar
[2024-06-19T06:24:50.594+0000] {docker.py:413} INFO - 24/06/19 06:24:50 INFO SparkContext: Added file file:///opt/bitnami/spark/.ivy2/jars/org.apache.spark_spark-sql-kafka-0-10_2.12-3.5.0.jar at file:///opt/bitnami/spark/.ivy2/jars/org.apache.spark_spark-sql-kafka-0-10_2.12-3.5.0.jar with timestamp 1718778290239
[2024-06-19T06:24:50.594+0000] {docker.py:413} INFO - 24/06/19 06:24:50 INFO Utils: Copying /opt/bitnami/spark/.ivy2/jars/org.apache.spark_spark-sql-kafka-0-10_2.12-3.5.0.jar to /tmp/spark-2a6755e0-0e15-423a-b525-efad51e91a17/userFiles-da885bd1-83d0-4f21-acea-96dfc261db71/org.apache.spark_spark-sql-kafka-0-10_2.12-3.5.0.jar
[2024-06-19T06:24:50.599+0000] {docker.py:413} INFO - 24/06/19 06:24:50 INFO SparkContext: Added file file:///opt/bitnami/spark/.ivy2/jars/org.checkerframework_checker-qual-3.5.0.jar at file:///opt/bitnami/spark/.ivy2/jars/org.checkerframework_checker-qual-3.5.0.jar with timestamp 1718778290239
[2024-06-19T06:24:50.599+0000] {docker.py:413} INFO - 24/06/19 06:24:50 INFO Utils: Copying /opt/bitnami/spark/.ivy2/jars/org.checkerframework_checker-qual-3.5.0.jar to /tmp/spark-2a6755e0-0e15-423a-b525-efad51e91a17/userFiles-da885bd1-83d0-4f21-acea-96dfc261db71/org.checkerframework_checker-qual-3.5.0.jar
[2024-06-19T06:24:50.602+0000] {docker.py:413} INFO - 24/06/19 06:24:50 INFO SparkContext: Added file file:///opt/bitnami/spark/.ivy2/jars/org.apache.spark_spark-token-provider-kafka-0-10_2.12-3.5.0.jar at file:///opt/bitnami/spark/.ivy2/jars/org.apache.spark_spark-token-provider-kafka-0-10_2.12-3.5.0.jar with timestamp 1718778290239
[2024-06-19T06:24:50.603+0000] {docker.py:413} INFO - 24/06/19 06:24:50 INFO Utils: Copying /opt/bitnami/spark/.ivy2/jars/org.apache.spark_spark-token-provider-kafka-0-10_2.12-3.5.0.jar to /tmp/spark-2a6755e0-0e15-423a-b525-efad51e91a17/userFiles-da885bd1-83d0-4f21-acea-96dfc261db71/org.apache.spark_spark-token-provider-kafka-0-10_2.12-3.5.0.jar
[2024-06-19T06:24:50.604+0000] {docker.py:413} INFO - 24/06/19 06:24:50 INFO SparkContext: Added file file:///opt/bitnami/spark/.ivy2/jars/org.apache.kafka_kafka-clients-3.4.1.jar at file:///opt/bitnami/spark/.ivy2/jars/org.apache.kafka_kafka-clients-3.4.1.jar with timestamp 1718778290239
[2024-06-19T06:24:50.604+0000] {docker.py:413} INFO - 24/06/19 06:24:50 INFO Utils: Copying /opt/bitnami/spark/.ivy2/jars/org.apache.kafka_kafka-clients-3.4.1.jar to /tmp/spark-2a6755e0-0e15-423a-b525-efad51e91a17/userFiles-da885bd1-83d0-4f21-acea-96dfc261db71/org.apache.kafka_kafka-clients-3.4.1.jar
[2024-06-19T06:24:50.609+0000] {docker.py:413} INFO - 24/06/19 06:24:50 INFO SparkContext: Added file file:///opt/bitnami/spark/.ivy2/jars/com.google.code.findbugs_jsr305-3.0.0.jar at file:///opt/bitnami/spark/.ivy2/jars/com.google.code.findbugs_jsr305-3.0.0.jar with timestamp 1718778290239
[2024-06-19T06:24:50.610+0000] {docker.py:413} INFO - 24/06/19 06:24:50 INFO Utils: Copying /opt/bitnami/spark/.ivy2/jars/com.google.code.findbugs_jsr305-3.0.0.jar to /tmp/spark-2a6755e0-0e15-423a-b525-efad51e91a17/userFiles-da885bd1-83d0-4f21-acea-96dfc261db71/com.google.code.findbugs_jsr305-3.0.0.jar
[2024-06-19T06:24:50.611+0000] {docker.py:413} INFO - 24/06/19 06:24:50 INFO SparkContext: Added file file:///opt/bitnami/spark/.ivy2/jars/org.apache.commons_commons-pool2-2.11.1.jar at file:///opt/bitnami/spark/.ivy2/jars/org.apache.commons_commons-pool2-2.11.1.jar with timestamp 1718778290239
[2024-06-19T06:24:50.611+0000] {docker.py:413} INFO - 24/06/19 06:24:50 INFO Utils: Copying /opt/bitnami/spark/.ivy2/jars/org.apache.commons_commons-pool2-2.11.1.jar to /tmp/spark-2a6755e0-0e15-423a-b525-efad51e91a17/userFiles-da885bd1-83d0-4f21-acea-96dfc261db71/org.apache.commons_commons-pool2-2.11.1.jar
[2024-06-19T06:24:50.612+0000] {docker.py:413} INFO - 24/06/19 06:24:50 INFO SparkContext: Added file file:///opt/bitnami/spark/.ivy2/jars/org.apache.hadoop_hadoop-client-runtime-3.3.4.jar at file:///opt/bitnami/spark/.ivy2/jars/org.apache.hadoop_hadoop-client-runtime-3.3.4.jar with timestamp 1718778290239
[2024-06-19T06:24:50.613+0000] {docker.py:413} INFO - 24/06/19 06:24:50 INFO Utils: Copying /opt/bitnami/spark/.ivy2/jars/org.apache.hadoop_hadoop-client-runtime-3.3.4.jar to /tmp/spark-2a6755e0-0e15-423a-b525-efad51e91a17/userFiles-da885bd1-83d0-4f21-acea-96dfc261db71/org.apache.hadoop_hadoop-client-runtime-3.3.4.jar
[2024-06-19T06:24:50.630+0000] {docker.py:413} INFO - 24/06/19 06:24:50 INFO SparkContext: Added file file:///opt/bitnami/spark/.ivy2/jars/org.lz4_lz4-java-1.8.0.jar at file:///opt/bitnami/spark/.ivy2/jars/org.lz4_lz4-java-1.8.0.jar with timestamp 1718778290239
[2024-06-19T06:24:50.631+0000] {docker.py:413} INFO - 24/06/19 06:24:50 INFO Utils: Copying /opt/bitnami/spark/.ivy2/jars/org.lz4_lz4-java-1.8.0.jar to /tmp/spark-2a6755e0-0e15-423a-b525-efad51e91a17/userFiles-da885bd1-83d0-4f21-acea-96dfc261db71/org.lz4_lz4-java-1.8.0.jar
[2024-06-19T06:24:50.633+0000] {docker.py:413} INFO - 24/06/19 06:24:50 INFO SparkContext: Added file file:///opt/bitnami/spark/.ivy2/jars/org.xerial.snappy_snappy-java-1.1.10.3.jar at file:///opt/bitnami/spark/.ivy2/jars/org.xerial.snappy_snappy-java-1.1.10.3.jar with timestamp 1718778290239
[2024-06-19T06:24:50.633+0000] {docker.py:413} INFO - 24/06/19 06:24:50 INFO Utils: Copying /opt/bitnami/spark/.ivy2/jars/org.xerial.snappy_snappy-java-1.1.10.3.jar to /tmp/spark-2a6755e0-0e15-423a-b525-efad51e91a17/userFiles-da885bd1-83d0-4f21-acea-96dfc261db71/org.xerial.snappy_snappy-java-1.1.10.3.jar
[2024-06-19T06:24:50.636+0000] {docker.py:413} INFO - 24/06/19 06:24:50 INFO SparkContext: Added file file:///opt/bitnami/spark/.ivy2/jars/org.slf4j_slf4j-api-2.0.7.jar at file:///opt/bitnami/spark/.ivy2/jars/org.slf4j_slf4j-api-2.0.7.jar with timestamp 1718778290239
[2024-06-19T06:24:50.636+0000] {docker.py:413} INFO - 24/06/19 06:24:50 INFO Utils: Copying /opt/bitnami/spark/.ivy2/jars/org.slf4j_slf4j-api-2.0.7.jar to /tmp/spark-2a6755e0-0e15-423a-b525-efad51e91a17/userFiles-da885bd1-83d0-4f21-acea-96dfc261db71/org.slf4j_slf4j-api-2.0.7.jar
[2024-06-19T06:24:50.641+0000] {docker.py:413} INFO - 24/06/19 06:24:50 INFO SparkContext: Added file file:///opt/bitnami/spark/.ivy2/jars/org.apache.hadoop_hadoop-client-api-3.3.4.jar at file:///opt/bitnami/spark/.ivy2/jars/org.apache.hadoop_hadoop-client-api-3.3.4.jar with timestamp 1718778290239
[2024-06-19T06:24:50.641+0000] {docker.py:413} INFO - 24/06/19 06:24:50 INFO Utils: Copying /opt/bitnami/spark/.ivy2/jars/org.apache.hadoop_hadoop-client-api-3.3.4.jar to /tmp/spark-2a6755e0-0e15-423a-b525-efad51e91a17/userFiles-da885bd1-83d0-4f21-acea-96dfc261db71/org.apache.hadoop_hadoop-client-api-3.3.4.jar
[2024-06-19T06:24:50.651+0000] {docker.py:413} INFO - 24/06/19 06:24:50 INFO SparkContext: Added file file:///opt/bitnami/spark/.ivy2/jars/commons-logging_commons-logging-1.1.3.jar at file:///opt/bitnami/spark/.ivy2/jars/commons-logging_commons-logging-1.1.3.jar with timestamp 1718778290239
[2024-06-19T06:24:50.652+0000] {docker.py:413} INFO - 24/06/19 06:24:50 INFO Utils: Copying /opt/bitnami/spark/.ivy2/jars/commons-logging_commons-logging-1.1.3.jar to /tmp/spark-2a6755e0-0e15-423a-b525-efad51e91a17/userFiles-da885bd1-83d0-4f21-acea-96dfc261db71/commons-logging_commons-logging-1.1.3.jar
[2024-06-19T06:24:50.683+0000] {docker.py:413} INFO - 24/06/19 06:24:50 INFO Executor: Starting executor ID driver on host localhost
[2024-06-19T06:24:50.683+0000] {docker.py:413} INFO - 24/06/19 06:24:50 INFO Executor: OS info Linux, 6.6.12-linuxkit, aarch64
[2024-06-19T06:24:50.684+0000] {docker.py:413} INFO - 24/06/19 06:24:50 INFO Executor: Java version 17.0.10
[2024-06-19T06:24:50.686+0000] {docker.py:413} INFO - 24/06/19 06:24:50 INFO Executor: Starting executor with user classpath (userClassPathFirst = false): ''
[2024-06-19T06:24:50.687+0000] {docker.py:413} INFO - 24/06/19 06:24:50 INFO Executor: Created or updated repl class loader org.apache.spark.util.MutableURLClassLoader@1b5673bd for default.
[2024-06-19T06:24:50.691+0000] {docker.py:413} INFO - 24/06/19 06:24:50 INFO Executor: Fetching file:///opt/bitnami/spark/.ivy2/jars/org.apache.spark_spark-token-provider-kafka-0-10_2.12-3.5.0.jar with timestamp 1718778290239
[2024-06-19T06:24:50.700+0000] {docker.py:413} INFO - 24/06/19 06:24:50 INFO Utils: /opt/bitnami/spark/.ivy2/jars/org.apache.spark_spark-token-provider-kafka-0-10_2.12-3.5.0.jar has been previously copied to /tmp/spark-2a6755e0-0e15-423a-b525-efad51e91a17/userFiles-da885bd1-83d0-4f21-acea-96dfc261db71/org.apache.spark_spark-token-provider-kafka-0-10_2.12-3.5.0.jar
[2024-06-19T06:24:50.702+0000] {docker.py:413} INFO - 24/06/19 06:24:50 INFO Executor: Fetching file:///opt/bitnami/spark/.ivy2/jars/org.apache.hadoop_hadoop-client-runtime-3.3.4.jar with timestamp 1718778290239
[2024-06-19T06:24:50.718+0000] {docker.py:413} INFO - 24/06/19 06:24:50 INFO Utils: /opt/bitnami/spark/.ivy2/jars/org.apache.hadoop_hadoop-client-runtime-3.3.4.jar has been previously copied to /tmp/spark-2a6755e0-0e15-423a-b525-efad51e91a17/userFiles-da885bd1-83d0-4f21-acea-96dfc261db71/org.apache.hadoop_hadoop-client-runtime-3.3.4.jar
[2024-06-19T06:24:50.719+0000] {docker.py:413} INFO - 24/06/19 06:24:50 INFO Executor: Fetching file:///opt/bitnami/spark/.ivy2/jars/org.apache.commons_commons-pool2-2.11.1.jar with timestamp 1718778290239
[2024-06-19T06:24:50.720+0000] {docker.py:413} INFO - 24/06/19 06:24:50 INFO Utils: /opt/bitnami/spark/.ivy2/jars/org.apache.commons_commons-pool2-2.11.1.jar has been previously copied to /tmp/spark-2a6755e0-0e15-423a-b525-efad51e91a17/userFiles-da885bd1-83d0-4f21-acea-96dfc261db71/org.apache.commons_commons-pool2-2.11.1.jar
[2024-06-19T06:24:50.721+0000] {docker.py:413} INFO - 24/06/19 06:24:50 INFO Executor: Fetching file:///opt/bitnami/spark/.ivy2/jars/org.postgresql_postgresql-42.5.4.jar with timestamp 1718778290239
[2024-06-19T06:24:50.722+0000] {docker.py:413} INFO - 24/06/19 06:24:50 INFO Utils: /opt/bitnami/spark/.ivy2/jars/org.postgresql_postgresql-42.5.4.jar has been previously copied to /tmp/spark-2a6755e0-0e15-423a-b525-efad51e91a17/userFiles-da885bd1-83d0-4f21-acea-96dfc261db71/org.postgresql_postgresql-42.5.4.jar
[2024-06-19T06:24:50.723+0000] {docker.py:413} INFO - 24/06/19 06:24:50 INFO Executor: Fetching file:///opt/bitnami/spark/.ivy2/jars/org.slf4j_slf4j-api-2.0.7.jar with timestamp 1718778290239
[2024-06-19T06:24:50.724+0000] {docker.py:413} INFO - 24/06/19 06:24:50 INFO Utils: /opt/bitnami/spark/.ivy2/jars/org.slf4j_slf4j-api-2.0.7.jar has been previously copied to /tmp/spark-2a6755e0-0e15-423a-b525-efad51e91a17/userFiles-da885bd1-83d0-4f21-acea-96dfc261db71/org.slf4j_slf4j-api-2.0.7.jar
[2024-06-19T06:24:50.724+0000] {docker.py:413} INFO - 24/06/19 06:24:50 INFO Executor: Fetching file:///opt/bitnami/spark/.ivy2/jars/org.apache.kafka_kafka-clients-3.4.1.jar with timestamp 1718778290239
[2024-06-19T06:24:50.727+0000] {docker.py:413} INFO - 24/06/19 06:24:50 INFO Utils: /opt/bitnami/spark/.ivy2/jars/org.apache.kafka_kafka-clients-3.4.1.jar has been previously copied to /tmp/spark-2a6755e0-0e15-423a-b525-efad51e91a17/userFiles-da885bd1-83d0-4f21-acea-96dfc261db71/org.apache.kafka_kafka-clients-3.4.1.jar
[2024-06-19T06:24:50.728+0000] {docker.py:413} INFO - 24/06/19 06:24:50 INFO Executor: Fetching file:///opt/bitnami/spark/.ivy2/jars/com.google.code.findbugs_jsr305-3.0.0.jar with timestamp 1718778290239
[2024-06-19T06:24:50.729+0000] {docker.py:413} INFO - 24/06/19 06:24:50 INFO Utils: /opt/bitnami/spark/.ivy2/jars/com.google.code.findbugs_jsr305-3.0.0.jar has been previously copied to /tmp/spark-2a6755e0-0e15-423a-b525-efad51e91a17/userFiles-da885bd1-83d0-4f21-acea-96dfc261db71/com.google.code.findbugs_jsr305-3.0.0.jar
[2024-06-19T06:24:50.729+0000] {docker.py:413} INFO - 24/06/19 06:24:50 INFO Executor: Fetching file:///opt/bitnami/spark/.ivy2/jars/org.lz4_lz4-java-1.8.0.jar with timestamp 1718778290239
[2024-06-19T06:24:50.730+0000] {docker.py:413} INFO - 24/06/19 06:24:50 INFO Utils: /opt/bitnami/spark/.ivy2/jars/org.lz4_lz4-java-1.8.0.jar has been previously copied to /tmp/spark-2a6755e0-0e15-423a-b525-efad51e91a17/userFiles-da885bd1-83d0-4f21-acea-96dfc261db71/org.lz4_lz4-java-1.8.0.jar
[2024-06-19T06:24:50.731+0000] {docker.py:413} INFO - 24/06/19 06:24:50 INFO Executor: Fetching file:///opt/bitnami/spark/.ivy2/jars/org.apache.spark_spark-sql-kafka-0-10_2.12-3.5.0.jar with timestamp 1718778290239
[2024-06-19T06:24:50.731+0000] {docker.py:413} INFO - 24/06/19 06:24:50 INFO Utils: /opt/bitnami/spark/.ivy2/jars/org.apache.spark_spark-sql-kafka-0-10_2.12-3.5.0.jar has been previously copied to /tmp/spark-2a6755e0-0e15-423a-b525-efad51e91a17/userFiles-da885bd1-83d0-4f21-acea-96dfc261db71/org.apache.spark_spark-sql-kafka-0-10_2.12-3.5.0.jar
[2024-06-19T06:24:50.733+0000] {docker.py:413} INFO - 24/06/19 06:24:50 INFO Executor: Fetching file:///opt/bitnami/spark/.ivy2/jars/org.apache.hadoop_hadoop-client-api-3.3.4.jar with timestamp 1718778290239
[2024-06-19T06:24:50.739+0000] {docker.py:413} INFO - 24/06/19 06:24:50 INFO Utils: /opt/bitnami/spark/.ivy2/jars/org.apache.hadoop_hadoop-client-api-3.3.4.jar has been previously copied to /tmp/spark-2a6755e0-0e15-423a-b525-efad51e91a17/userFiles-da885bd1-83d0-4f21-acea-96dfc261db71/org.apache.hadoop_hadoop-client-api-3.3.4.jar
[2024-06-19T06:24:50.741+0000] {docker.py:413} INFO - 24/06/19 06:24:50 INFO Executor: Fetching file:///opt/bitnami/spark/.ivy2/jars/commons-logging_commons-logging-1.1.3.jar with timestamp 1718778290239
[2024-06-19T06:24:50.741+0000] {docker.py:413} INFO - 24/06/19 06:24:50 INFO Utils: /opt/bitnami/spark/.ivy2/jars/commons-logging_commons-logging-1.1.3.jar has been previously copied to /tmp/spark-2a6755e0-0e15-423a-b525-efad51e91a17/userFiles-da885bd1-83d0-4f21-acea-96dfc261db71/commons-logging_commons-logging-1.1.3.jar
[2024-06-19T06:24:50.742+0000] {docker.py:413} INFO - 24/06/19 06:24:50 INFO Executor: Fetching file:///opt/bitnami/spark/.ivy2/jars/org.checkerframework_checker-qual-3.5.0.jar with timestamp 1718778290239
[2024-06-19T06:24:50.742+0000] {docker.py:413} INFO - 24/06/19 06:24:50 INFO Utils: /opt/bitnami/spark/.ivy2/jars/org.checkerframework_checker-qual-3.5.0.jar has been previously copied to /tmp/spark-2a6755e0-0e15-423a-b525-efad51e91a17/userFiles-da885bd1-83d0-4f21-acea-96dfc261db71/org.checkerframework_checker-qual-3.5.0.jar
[2024-06-19T06:24:50.743+0000] {docker.py:413} INFO - 24/06/19 06:24:50 INFO Executor: Fetching file:///opt/bitnami/spark/.ivy2/jars/org.xerial.snappy_snappy-java-1.1.10.3.jar with timestamp 1718778290239
[2024-06-19T06:24:50.744+0000] {docker.py:413} INFO - 24/06/19 06:24:50 INFO Utils: /opt/bitnami/spark/.ivy2/jars/org.xerial.snappy_snappy-java-1.1.10.3.jar has been previously copied to /tmp/spark-2a6755e0-0e15-423a-b525-efad51e91a17/userFiles-da885bd1-83d0-4f21-acea-96dfc261db71/org.xerial.snappy_snappy-java-1.1.10.3.jar
[2024-06-19T06:24:50.747+0000] {docker.py:413} INFO - 24/06/19 06:24:50 INFO Executor: Fetching spark://localhost:40163/jars/org.apache.kafka_kafka-clients-3.4.1.jar with timestamp 1718778290239
[2024-06-19T06:24:50.764+0000] {docker.py:413} INFO - 24/06/19 06:24:50 INFO TransportClientFactory: Successfully created connection to localhost/127.0.0.1:40163 after 11 ms (0 ms spent in bootstraps)
[2024-06-19T06:24:50.767+0000] {docker.py:413} INFO - 24/06/19 06:24:50 INFO Utils: Fetching spark://localhost:40163/jars/org.apache.kafka_kafka-clients-3.4.1.jar to /tmp/spark-2a6755e0-0e15-423a-b525-efad51e91a17/userFiles-da885bd1-83d0-4f21-acea-96dfc261db71/fetchFileTemp14289461884155202329.tmp
[2024-06-19T06:24:50.792+0000] {docker.py:413} INFO - 24/06/19 06:24:50 INFO Utils: /tmp/spark-2a6755e0-0e15-423a-b525-efad51e91a17/userFiles-da885bd1-83d0-4f21-acea-96dfc261db71/fetchFileTemp14289461884155202329.tmp has been previously copied to /tmp/spark-2a6755e0-0e15-423a-b525-efad51e91a17/userFiles-da885bd1-83d0-4f21-acea-96dfc261db71/org.apache.kafka_kafka-clients-3.4.1.jar
[2024-06-19T06:24:50.795+0000] {docker.py:413} INFO - 24/06/19 06:24:50 INFO Executor: Adding file:/tmp/spark-2a6755e0-0e15-423a-b525-efad51e91a17/userFiles-da885bd1-83d0-4f21-acea-96dfc261db71/org.apache.kafka_kafka-clients-3.4.1.jar to class loader default
[2024-06-19T06:24:50.796+0000] {docker.py:413} INFO - 24/06/19 06:24:50 INFO Executor: Fetching spark://localhost:40163/jars/com.google.code.findbugs_jsr305-3.0.0.jar with timestamp 1718778290239
[2024-06-19T06:24:50.796+0000] {docker.py:413} INFO - 24/06/19 06:24:50 INFO Utils: Fetching spark://localhost:40163/jars/com.google.code.findbugs_jsr305-3.0.0.jar to /tmp/spark-2a6755e0-0e15-423a-b525-efad51e91a17/userFiles-da885bd1-83d0-4f21-acea-96dfc261db71/fetchFileTemp12094870777046909267.tmp
[2024-06-19T06:24:50.797+0000] {docker.py:413} INFO - 24/06/19 06:24:50 INFO Utils: /tmp/spark-2a6755e0-0e15-423a-b525-efad51e91a17/userFiles-da885bd1-83d0-4f21-acea-96dfc261db71/fetchFileTemp12094870777046909267.tmp has been previously copied to /tmp/spark-2a6755e0-0e15-423a-b525-efad51e91a17/userFiles-da885bd1-83d0-4f21-acea-96dfc261db71/com.google.code.findbugs_jsr305-3.0.0.jar
[2024-06-19T06:24:50.798+0000] {docker.py:413} INFO - 24/06/19 06:24:50 INFO Executor: Adding file:/tmp/spark-2a6755e0-0e15-423a-b525-efad51e91a17/userFiles-da885bd1-83d0-4f21-acea-96dfc261db71/com.google.code.findbugs_jsr305-3.0.0.jar to class loader default
[2024-06-19T06:24:50.799+0000] {docker.py:413} INFO - 24/06/19 06:24:50 INFO Executor: Fetching spark://localhost:40163/jars/org.apache.hadoop_hadoop-client-api-3.3.4.jar with timestamp 1718778290239
[2024-06-19T06:24:50.799+0000] {docker.py:413} INFO - 24/06/19 06:24:50 INFO Utils: Fetching spark://localhost:40163/jars/org.apache.hadoop_hadoop-client-api-3.3.4.jar to /tmp/spark-2a6755e0-0e15-423a-b525-efad51e91a17/userFiles-da885bd1-83d0-4f21-acea-96dfc261db71/fetchFileTemp4067962043328448706.tmp
[2024-06-19T06:24:50.842+0000] {docker.py:413} INFO - 24/06/19 06:24:50 INFO Utils: /tmp/spark-2a6755e0-0e15-423a-b525-efad51e91a17/userFiles-da885bd1-83d0-4f21-acea-96dfc261db71/fetchFileTemp4067962043328448706.tmp has been previously copied to /tmp/spark-2a6755e0-0e15-423a-b525-efad51e91a17/userFiles-da885bd1-83d0-4f21-acea-96dfc261db71/org.apache.hadoop_hadoop-client-api-3.3.4.jar
[2024-06-19T06:24:50.844+0000] {docker.py:413} INFO - 24/06/19 06:24:50 INFO Executor: Adding file:/tmp/spark-2a6755e0-0e15-423a-b525-efad51e91a17/userFiles-da885bd1-83d0-4f21-acea-96dfc261db71/org.apache.hadoop_hadoop-client-api-3.3.4.jar to class loader default
[2024-06-19T06:24:50.845+0000] {docker.py:413} INFO - 24/06/19 06:24:50 INFO Executor: Fetching spark://localhost:40163/jars/org.apache.hadoop_hadoop-client-runtime-3.3.4.jar with timestamp 1718778290239
[2024-06-19T06:24:50.845+0000] {docker.py:413} INFO - 24/06/19 06:24:50 INFO Utils: Fetching spark://localhost:40163/jars/org.apache.hadoop_hadoop-client-runtime-3.3.4.jar to /tmp/spark-2a6755e0-0e15-423a-b525-efad51e91a17/userFiles-da885bd1-83d0-4f21-acea-96dfc261db71/fetchFileTemp15401505518354334220.tmp
[2024-06-19T06:24:50.890+0000] {docker.py:413} INFO - 24/06/19 06:24:50 INFO Utils: /tmp/spark-2a6755e0-0e15-423a-b525-efad51e91a17/userFiles-da885bd1-83d0-4f21-acea-96dfc261db71/fetchFileTemp15401505518354334220.tmp has been previously copied to /tmp/spark-2a6755e0-0e15-423a-b525-efad51e91a17/userFiles-da885bd1-83d0-4f21-acea-96dfc261db71/org.apache.hadoop_hadoop-client-runtime-3.3.4.jar
[2024-06-19T06:24:50.894+0000] {docker.py:413} INFO - 24/06/19 06:24:50 INFO Executor: Adding file:/tmp/spark-2a6755e0-0e15-423a-b525-efad51e91a17/userFiles-da885bd1-83d0-4f21-acea-96dfc261db71/org.apache.hadoop_hadoop-client-runtime-3.3.4.jar to class loader default
[2024-06-19T06:24:50.894+0000] {docker.py:413} INFO - 24/06/19 06:24:50 INFO Executor: Fetching spark://localhost:40163/jars/org.xerial.snappy_snappy-java-1.1.10.3.jar with timestamp 1718778290239
[2024-06-19T06:24:50.895+0000] {docker.py:413} INFO - 24/06/19 06:24:50 INFO Utils: Fetching spark://localhost:40163/jars/org.xerial.snappy_snappy-java-1.1.10.3.jar to /tmp/spark-2a6755e0-0e15-423a-b525-efad51e91a17/userFiles-da885bd1-83d0-4f21-acea-96dfc261db71/fetchFileTemp16282333877283898707.tmp
[2024-06-19T06:24:50.898+0000] {docker.py:413} INFO - 24/06/19 06:24:50 INFO Utils: /tmp/spark-2a6755e0-0e15-423a-b525-efad51e91a17/userFiles-da885bd1-83d0-4f21-acea-96dfc261db71/fetchFileTemp16282333877283898707.tmp has been previously copied to /tmp/spark-2a6755e0-0e15-423a-b525-efad51e91a17/userFiles-da885bd1-83d0-4f21-acea-96dfc261db71/org.xerial.snappy_snappy-java-1.1.10.3.jar
[2024-06-19T06:24:50.900+0000] {docker.py:413} INFO - 24/06/19 06:24:50 INFO Executor: Adding file:/tmp/spark-2a6755e0-0e15-423a-b525-efad51e91a17/userFiles-da885bd1-83d0-4f21-acea-96dfc261db71/org.xerial.snappy_snappy-java-1.1.10.3.jar to class loader default
[2024-06-19T06:24:50.901+0000] {docker.py:413} INFO - 24/06/19 06:24:50 INFO Executor: Fetching spark://localhost:40163/jars/org.slf4j_slf4j-api-2.0.7.jar with timestamp 1718778290239
[2024-06-19T06:24:50.902+0000] {docker.py:413} INFO - 24/06/19 06:24:50 INFO Utils: Fetching spark://localhost:40163/jars/org.slf4j_slf4j-api-2.0.7.jar to /tmp/spark-2a6755e0-0e15-423a-b525-efad51e91a17/userFiles-da885bd1-83d0-4f21-acea-96dfc261db71/fetchFileTemp8354269698002747963.tmp
[2024-06-19T06:24:50.902+0000] {docker.py:413} INFO - 24/06/19 06:24:50 INFO Utils: /tmp/spark-2a6755e0-0e15-423a-b525-efad51e91a17/userFiles-da885bd1-83d0-4f21-acea-96dfc261db71/fetchFileTemp8354269698002747963.tmp has been previously copied to /tmp/spark-2a6755e0-0e15-423a-b525-efad51e91a17/userFiles-da885bd1-83d0-4f21-acea-96dfc261db71/org.slf4j_slf4j-api-2.0.7.jar
[2024-06-19T06:24:50.908+0000] {docker.py:413} INFO - 24/06/19 06:24:50 INFO Executor: Adding file:/tmp/spark-2a6755e0-0e15-423a-b525-efad51e91a17/userFiles-da885bd1-83d0-4f21-acea-96dfc261db71/org.slf4j_slf4j-api-2.0.7.jar to class loader default
[2024-06-19T06:24:50.909+0000] {docker.py:413} INFO - 24/06/19 06:24:50 INFO Executor: Fetching spark://localhost:40163/jars/org.apache.commons_commons-pool2-2.11.1.jar with timestamp 1718778290239
[2024-06-19T06:24:50.910+0000] {docker.py:413} INFO - 24/06/19 06:24:50 INFO Utils: Fetching spark://localhost:40163/jars/org.apache.commons_commons-pool2-2.11.1.jar to /tmp/spark-2a6755e0-0e15-423a-b525-efad51e91a17/userFiles-da885bd1-83d0-4f21-acea-96dfc261db71/fetchFileTemp202634306171023883.tmp
[2024-06-19T06:24:50.910+0000] {docker.py:413} INFO - 24/06/19 06:24:50 INFO Utils: /tmp/spark-2a6755e0-0e15-423a-b525-efad51e91a17/userFiles-da885bd1-83d0-4f21-acea-96dfc261db71/fetchFileTemp202634306171023883.tmp has been previously copied to /tmp/spark-2a6755e0-0e15-423a-b525-efad51e91a17/userFiles-da885bd1-83d0-4f21-acea-96dfc261db71/org.apache.commons_commons-pool2-2.11.1.jar
[2024-06-19T06:24:50.910+0000] {docker.py:413} INFO - 24/06/19 06:24:50 INFO Executor: Adding file:/tmp/spark-2a6755e0-0e15-423a-b525-efad51e91a17/userFiles-da885bd1-83d0-4f21-acea-96dfc261db71/org.apache.commons_commons-pool2-2.11.1.jar to class loader default
[2024-06-19T06:24:50.911+0000] {docker.py:413} INFO - 24/06/19 06:24:50 INFO Executor: Fetching spark://localhost:40163/jars/org.apache.spark_spark-token-provider-kafka-0-10_2.12-3.5.0.jar with timestamp 1718778290239
[2024-06-19T06:24:50.911+0000] {docker.py:413} INFO - 24/06/19 06:24:50 INFO Utils: Fetching spark://localhost:40163/jars/org.apache.spark_spark-token-provider-kafka-0-10_2.12-3.5.0.jar to /tmp/spark-2a6755e0-0e15-423a-b525-efad51e91a17/userFiles-da885bd1-83d0-4f21-acea-96dfc261db71/fetchFileTemp16441019437388882072.tmp
[2024-06-19T06:24:50.911+0000] {docker.py:413} INFO - 24/06/19 06:24:50 INFO Utils: /tmp/spark-2a6755e0-0e15-423a-b525-efad51e91a17/userFiles-da885bd1-83d0-4f21-acea-96dfc261db71/fetchFileTemp16441019437388882072.tmp has been previously copied to /tmp/spark-2a6755e0-0e15-423a-b525-efad51e91a17/userFiles-da885bd1-83d0-4f21-acea-96dfc261db71/org.apache.spark_spark-token-provider-kafka-0-10_2.12-3.5.0.jar
[2024-06-19T06:24:50.913+0000] {docker.py:413} INFO - 24/06/19 06:24:50 INFO Executor: Adding file:/tmp/spark-2a6755e0-0e15-423a-b525-efad51e91a17/userFiles-da885bd1-83d0-4f21-acea-96dfc261db71/org.apache.spark_spark-token-provider-kafka-0-10_2.12-3.5.0.jar to class loader default
[2024-06-19T06:24:50.913+0000] {docker.py:413} INFO - 24/06/19 06:24:50 INFO Executor: Fetching spark://localhost:40163/jars/commons-logging_commons-logging-1.1.3.jar with timestamp 1718778290239
[2024-06-19T06:24:50.914+0000] {docker.py:413} INFO - 24/06/19 06:24:50 INFO Utils: Fetching spark://localhost:40163/jars/commons-logging_commons-logging-1.1.3.jar to /tmp/spark-2a6755e0-0e15-423a-b525-efad51e91a17/userFiles-da885bd1-83d0-4f21-acea-96dfc261db71/fetchFileTemp12073738191965134754.tmp
[2024-06-19T06:24:50.914+0000] {docker.py:413} INFO - 24/06/19 06:24:50 INFO Utils: /tmp/spark-2a6755e0-0e15-423a-b525-efad51e91a17/userFiles-da885bd1-83d0-4f21-acea-96dfc261db71/fetchFileTemp12073738191965134754.tmp has been previously copied to /tmp/spark-2a6755e0-0e15-423a-b525-efad51e91a17/userFiles-da885bd1-83d0-4f21-acea-96dfc261db71/commons-logging_commons-logging-1.1.3.jar
[2024-06-19T06:24:50.915+0000] {docker.py:413} INFO - 24/06/19 06:24:50 INFO Executor: Adding file:/tmp/spark-2a6755e0-0e15-423a-b525-efad51e91a17/userFiles-da885bd1-83d0-4f21-acea-96dfc261db71/commons-logging_commons-logging-1.1.3.jar to class loader default
[2024-06-19T06:24:50.916+0000] {docker.py:413} INFO - 24/06/19 06:24:50 INFO Executor: Fetching spark://localhost:40163/jars/org.lz4_lz4-java-1.8.0.jar with timestamp 1718778290239
[2024-06-19T06:24:50.916+0000] {docker.py:413} INFO - 24/06/19 06:24:50 INFO Utils: Fetching spark://localhost:40163/jars/org.lz4_lz4-java-1.8.0.jar to /tmp/spark-2a6755e0-0e15-423a-b525-efad51e91a17/userFiles-da885bd1-83d0-4f21-acea-96dfc261db71/fetchFileTemp1206243646666042547.tmp
[2024-06-19T06:24:50.917+0000] {docker.py:413} INFO - 24/06/19 06:24:50 INFO Utils: /tmp/spark-2a6755e0-0e15-423a-b525-efad51e91a17/userFiles-da885bd1-83d0-4f21-acea-96dfc261db71/fetchFileTemp1206243646666042547.tmp has been previously copied to /tmp/spark-2a6755e0-0e15-423a-b525-efad51e91a17/userFiles-da885bd1-83d0-4f21-acea-96dfc261db71/org.lz4_lz4-java-1.8.0.jar
[2024-06-19T06:24:50.919+0000] {docker.py:413} INFO - 24/06/19 06:24:50 INFO Executor: Adding file:/tmp/spark-2a6755e0-0e15-423a-b525-efad51e91a17/userFiles-da885bd1-83d0-4f21-acea-96dfc261db71/org.lz4_lz4-java-1.8.0.jar to class loader default
[2024-06-19T06:24:50.920+0000] {docker.py:413} INFO - 24/06/19 06:24:50 INFO Executor: Fetching spark://localhost:40163/jars/org.apache.spark_spark-sql-kafka-0-10_2.12-3.5.0.jar with timestamp 1718778290239
[2024-06-19T06:24:50.920+0000] {docker.py:413} INFO - 24/06/19 06:24:50 INFO Utils: Fetching spark://localhost:40163/jars/org.apache.spark_spark-sql-kafka-0-10_2.12-3.5.0.jar to /tmp/spark-2a6755e0-0e15-423a-b525-efad51e91a17/userFiles-da885bd1-83d0-4f21-acea-96dfc261db71/fetchFileTemp11815971746562924344.tmp
[2024-06-19T06:24:50.921+0000] {docker.py:413} INFO - 24/06/19 06:24:50 INFO Utils: /tmp/spark-2a6755e0-0e15-423a-b525-efad51e91a17/userFiles-da885bd1-83d0-4f21-acea-96dfc261db71/fetchFileTemp11815971746562924344.tmp has been previously copied to /tmp/spark-2a6755e0-0e15-423a-b525-efad51e91a17/userFiles-da885bd1-83d0-4f21-acea-96dfc261db71/org.apache.spark_spark-sql-kafka-0-10_2.12-3.5.0.jar
[2024-06-19T06:24:50.923+0000] {docker.py:413} INFO - 24/06/19 06:24:50 INFO Executor: Adding file:/tmp/spark-2a6755e0-0e15-423a-b525-efad51e91a17/userFiles-da885bd1-83d0-4f21-acea-96dfc261db71/org.apache.spark_spark-sql-kafka-0-10_2.12-3.5.0.jar to class loader default
24/06/19 06:24:50 INFO Executor: Fetching spark://localhost:40163/jars/org.checkerframework_checker-qual-3.5.0.jar with timestamp 1718778290239
[2024-06-19T06:24:50.924+0000] {docker.py:413} INFO - 24/06/19 06:24:50 INFO Utils: Fetching spark://localhost:40163/jars/org.checkerframework_checker-qual-3.5.0.jar to /tmp/spark-2a6755e0-0e15-423a-b525-efad51e91a17/userFiles-da885bd1-83d0-4f21-acea-96dfc261db71/fetchFileTemp14307321072668506560.tmp
[2024-06-19T06:24:50.924+0000] {docker.py:413} INFO - 24/06/19 06:24:50 INFO Utils: /tmp/spark-2a6755e0-0e15-423a-b525-efad51e91a17/userFiles-da885bd1-83d0-4f21-acea-96dfc261db71/fetchFileTemp14307321072668506560.tmp has been previously copied to /tmp/spark-2a6755e0-0e15-423a-b525-efad51e91a17/userFiles-da885bd1-83d0-4f21-acea-96dfc261db71/org.checkerframework_checker-qual-3.5.0.jar
[2024-06-19T06:24:50.925+0000] {docker.py:413} INFO - 24/06/19 06:24:50 INFO Executor: Adding file:/tmp/spark-2a6755e0-0e15-423a-b525-efad51e91a17/userFiles-da885bd1-83d0-4f21-acea-96dfc261db71/org.checkerframework_checker-qual-3.5.0.jar to class loader default
[2024-06-19T06:24:50.926+0000] {docker.py:413} INFO - 24/06/19 06:24:50 INFO Executor: Fetching spark://localhost:40163/jars/org.postgresql_postgresql-42.5.4.jar with timestamp 1718778290239
[2024-06-19T06:24:50.926+0000] {docker.py:413} INFO - 24/06/19 06:24:50 INFO Utils: Fetching spark://localhost:40163/jars/org.postgresql_postgresql-42.5.4.jar to /tmp/spark-2a6755e0-0e15-423a-b525-efad51e91a17/userFiles-da885bd1-83d0-4f21-acea-96dfc261db71/fetchFileTemp13381131540451447465.tmp
[2024-06-19T06:24:50.928+0000] {docker.py:413} INFO - 24/06/19 06:24:50 INFO Utils: /tmp/spark-2a6755e0-0e15-423a-b525-efad51e91a17/userFiles-da885bd1-83d0-4f21-acea-96dfc261db71/fetchFileTemp13381131540451447465.tmp has been previously copied to /tmp/spark-2a6755e0-0e15-423a-b525-efad51e91a17/userFiles-da885bd1-83d0-4f21-acea-96dfc261db71/org.postgresql_postgresql-42.5.4.jar
[2024-06-19T06:24:50.929+0000] {docker.py:413} INFO - 24/06/19 06:24:50 INFO Executor: Adding file:/tmp/spark-2a6755e0-0e15-423a-b525-efad51e91a17/userFiles-da885bd1-83d0-4f21-acea-96dfc261db71/org.postgresql_postgresql-42.5.4.jar to class loader default
[2024-06-19T06:24:50.934+0000] {docker.py:413} INFO - 24/06/19 06:24:50 INFO Utils: Successfully started service 'org.apache.spark.network.netty.NettyBlockTransferService' on port 34017.
[2024-06-19T06:24:50.935+0000] {docker.py:413} INFO - 24/06/19 06:24:50 INFO NettyBlockTransferService: Server created on localhost:34017
[2024-06-19T06:24:50.935+0000] {docker.py:413} INFO - 24/06/19 06:24:50 INFO BlockManager: Using org.apache.spark.storage.RandomBlockReplicationPolicy for block replication policy
[2024-06-19T06:24:50.938+0000] {docker.py:413} INFO - 24/06/19 06:24:50 INFO BlockManagerMaster: Registering BlockManager BlockManagerId(driver, localhost, 34017, None)
[2024-06-19T06:24:50.940+0000] {docker.py:413} INFO - 24/06/19 06:24:50 INFO BlockManagerMasterEndpoint: Registering block manager localhost:34017 with 434.4 MiB RAM, BlockManagerId(driver, localhost, 34017, None)
[2024-06-19T06:24:50.941+0000] {docker.py:413} INFO - 24/06/19 06:24:50 INFO BlockManagerMaster: Registered BlockManager BlockManagerId(driver, localhost, 34017, None)
[2024-06-19T06:24:50.941+0000] {docker.py:413} INFO - 24/06/19 06:24:50 INFO BlockManager: Initialized BlockManager: BlockManagerId(driver, localhost, 34017, None)
[2024-06-19T06:24:51.135+0000] {docker.py:413} INFO - 2024-06-19 06:24:51,134:create_spark_session:INFO:Spark session created successfully
[2024-06-19T06:24:51.140+0000] {docker.py:413} INFO - 24/06/19 06:24:51 INFO SharedState: Setting hive.metastore.warehouse.dir ('null') to the value of spark.sql.warehouse.dir.
[2024-06-19T06:24:51.140+0000] {docker.py:413} INFO - 24/06/19 06:24:51 INFO SharedState: Warehouse path is 'file:/opt/bitnami/spark/spark-warehouse'.
[2024-06-19T06:24:51.884+0000] {docker.py:413} INFO - 2024-06-19 06:24:51,882:create_initial_dataframe:INFO:Initial dataframe created successfully
[2024-06-19T06:24:51.892+0000] {docker.py:413} INFO - 2024-06-19 06:24:51,892:create_initial_dataframe:INFO:Initial dataframe created successfully
[2024-06-19T06:24:51.900+0000] {docker.py:413} INFO - 2024-06-19 06:24:51,899:create_initial_dataframe:INFO:Initial dataframe created successfully
[2024-06-19T06:24:52.067+0000] {docker.py:413} INFO - 24/06/19 06:24:52 WARN SparkStringUtils: Truncated the string representation of a plan since it was too large. This behavior can be adjusted by setting 'spark.sql.debug.maxToStringFields'.
[2024-06-19T06:24:52.123+0000] {docker.py:413} INFO - Traceback (most recent call last):
  File "/opt/bitnami/spark/spark_streaming.py", line 153, in <module>
    write_to_postgres()
  File "/opt/bitnami/spark/spark_streaming.py", line 148, in write_to_postgres
    df_final = create_final_dataframe(df)
               ^^^^^^^^^^^^^^^^^^^^^^^^^^
  File "/opt/bitnami/spark/spark_streaming.py", line 100, in create_final_dataframe
[2024-06-19T06:24:52.124+0000] {docker.py:413} INFO - df_out.update(df1)
TypeError: cannot convert dictionary update sequence element #0 to a sequence
2024-06-19 06:24:52,121:close:INFO:Closing down clientserver connection
[2024-06-19T06:24:52.141+0000] {docker.py:413} INFO - 24/06/19 06:24:52 INFO SparkContext: Invoking stop() from shutdown hook
[2024-06-19T06:24:52.142+0000] {docker.py:413} INFO - 24/06/19 06:24:52 INFO SparkContext: SparkContext is stopping with exitCode 0.
[2024-06-19T06:24:52.147+0000] {docker.py:413} INFO - 24/06/19 06:24:52 INFO SparkUI: Stopped Spark web UI at http://localhost:4040
[2024-06-19T06:24:52.153+0000] {docker.py:413} INFO - 24/06/19 06:24:52 INFO MapOutputTrackerMasterEndpoint: MapOutputTrackerMasterEndpoint stopped!
[2024-06-19T06:24:52.160+0000] {docker.py:413} INFO - 24/06/19 06:24:52 INFO MemoryStore: MemoryStore cleared
24/06/19 06:24:52 INFO BlockManager: BlockManager stopped
[2024-06-19T06:24:52.163+0000] {docker.py:413} INFO - 24/06/19 06:24:52 INFO BlockManagerMaster: BlockManagerMaster stopped
[2024-06-19T06:24:52.164+0000] {docker.py:413} INFO - 24/06/19 06:24:52 INFO OutputCommitCoordinator$OutputCommitCoordinatorEndpoint: OutputCommitCoordinator stopped!
[2024-06-19T06:24:52.172+0000] {docker.py:413} INFO - 24/06/19 06:24:52 INFO SparkContext: Successfully stopped SparkContext
[2024-06-19T06:24:52.173+0000] {docker.py:413} INFO - 24/06/19 06:24:52 INFO ShutdownHookManager: Shutdown hook called
[2024-06-19T06:24:52.173+0000] {docker.py:413} INFO - 24/06/19 06:24:52 INFO ShutdownHookManager: Deleting directory /tmp/spark-2a6755e0-0e15-423a-b525-efad51e91a17/pyspark-0fcd0b94-1aa6-4b39-a5ce-2cce299d34f8
[2024-06-19T06:24:52.174+0000] {docker.py:413} INFO - 24/06/19 06:24:52 INFO ShutdownHookManager: Deleting directory /tmp/spark-a6267818-e3ac-4078-9408-bb315369dd61
[2024-06-19T06:24:52.175+0000] {docker.py:413} INFO - 24/06/19 06:24:52 INFO ShutdownHookManager: Deleting directory /tmp/spark-2a6755e0-0e15-423a-b525-efad51e91a17
[2024-06-19T06:24:52.474+0000] {taskinstance.py:1937} ERROR - Task failed with exception
Traceback (most recent call last):
  File "/home/airflow/.local/lib/python3.8/site-packages/docker/api/client.py", line 268, in _raise_for_status
    response.raise_for_status()
  File "/home/airflow/.local/lib/python3.8/site-packages/requests/models.py", line 1021, in raise_for_status
    raise HTTPError(http_error_msg, response=self)
requests.exceptions.HTTPError: 400 Client Error: Bad Request for url: http://docker-proxy:2375/v1.44/containers/create

The above exception was the direct cause of the following exception:

Traceback (most recent call last):
  File "/home/airflow/.local/lib/python3.8/site-packages/airflow/providers/docker/operators/docker.py", line 348, in _run_image
    return self._run_image_with_mounts([*self.mounts, tmp_mount], add_tmp_variable=True)
  File "/home/airflow/.local/lib/python3.8/site-packages/airflow/providers/docker/operators/docker.py", line 375, in _run_image_with_mounts
    self.container = self.cli.create_container(
  File "/home/airflow/.local/lib/python3.8/site-packages/docker/api/container.py", line 431, in create_container
    return self.create_container_from_config(config, name, platform)
  File "/home/airflow/.local/lib/python3.8/site-packages/docker/api/container.py", line 448, in create_container_from_config
    return self._result(res, True)
  File "/home/airflow/.local/lib/python3.8/site-packages/docker/api/client.py", line 274, in _result
    self._raise_for_status(response)
  File "/home/airflow/.local/lib/python3.8/site-packages/docker/api/client.py", line 270, in _raise_for_status
    raise create_api_error_from_http_exception(e) from e
  File "/home/airflow/.local/lib/python3.8/site-packages/docker/errors.py", line 39, in create_api_error_from_http_exception
    raise cls(e, response=response, explanation=explanation) from e
docker.errors.APIError: 400 Client Error for http://docker-proxy:2375/v1.44/containers/create: Bad Request ("invalid mount config for type "bind": bind source path does not exist: /host_mnt/private/tmp/airflowtmpd803h_q_")

During handling of the above exception, another exception occurred:

Traceback (most recent call last):
  File "/home/airflow/.local/lib/python3.8/site-packages/airflow/providers/docker/operators/docker.py", line 486, in execute
    return self._run_image()
  File "/home/airflow/.local/lib/python3.8/site-packages/airflow/providers/docker/operators/docker.py", line 357, in _run_image
    return self._run_image_with_mounts(self.mounts, add_tmp_variable=False)
  File "/home/airflow/.local/lib/python3.8/site-packages/airflow/providers/docker/operators/docker.py", line 421, in _run_image_with_mounts
    raise DockerContainerFailedException(f"Docker container failed: {result!r}", logs=log_lines)
airflow.providers.docker.exceptions.DockerContainerFailedException: Docker container failed: {'StatusCode': 1}
[2024-06-19T06:24:52.479+0000] {taskinstance.py:1400} INFO - Marking task as UP_FOR_RETRY. dag_id=kafka_spark_dag, task_id=pyspark_consumer, execution_date=20240619T061905, start_date=20240619T062408, end_date=20240619T062452
[2024-06-19T06:24:52.498+0000] {standard_task_runner.py:104} ERROR - Failed to execute job 82 for task pyspark_consumer (Docker container failed: {'StatusCode': 1}; 11951)
[2024-06-19T06:24:52.545+0000] {local_task_job_runner.py:228} INFO - Task exited with return code 1
[2024-06-19T06:24:52.563+0000] {taskinstance.py:2778} INFO - 0 downstream tasks scheduled from follow-on schedule check
