[2024-06-19T06:24:58.703+0000] {taskinstance.py:1159} INFO - Dependencies all met for dep_context=non-requeueable deps ti=<TaskInstance: kafka_spark_dag.pyspark_consumer scheduled__2024-06-19T06:19:05.285155+00:00 [queued]>
[2024-06-19T06:24:58.708+0000] {taskinstance.py:1159} INFO - Dependencies all met for dep_context=requeueable deps ti=<TaskInstance: kafka_spark_dag.pyspark_consumer scheduled__2024-06-19T06:19:05.285155+00:00 [queued]>
[2024-06-19T06:24:58.709+0000] {taskinstance.py:1361} INFO - Starting attempt 2 of 2
[2024-06-19T06:24:58.716+0000] {taskinstance.py:1382} INFO - Executing <Task(DockerOperator): pyspark_consumer> on 2024-06-19 06:19:05.285155+00:00
[2024-06-19T06:24:58.721+0000] {standard_task_runner.py:57} INFO - Started process 12307 to run task
[2024-06-19T06:24:58.723+0000] {standard_task_runner.py:84} INFO - Running: ['***', 'tasks', 'run', 'kafka_spark_dag', 'pyspark_consumer', 'scheduled__2024-06-19T06:19:05.285155+00:00', '--job-id', '83', '--raw', '--subdir', 'DAGS_FOLDER/dag_kafka_spark.py', '--cfg-path', '/tmp/tmpqsntjm4b']
[2024-06-19T06:24:58.724+0000] {standard_task_runner.py:85} INFO - Job 83: Subtask pyspark_consumer
[2024-06-19T06:24:58.750+0000] {task_command.py:416} INFO - Running <TaskInstance: kafka_spark_dag.pyspark_consumer scheduled__2024-06-19T06:19:05.285155+00:00 [running]> on host 2ad9230613d5
[2024-06-19T06:24:58.781+0000] {taskinstance.py:1662} INFO - Exporting env vars: AIRFLOW_CTX_DAG_OWNER='***' AIRFLOW_CTX_DAG_ID='kafka_spark_dag' AIRFLOW_CTX_TASK_ID='pyspark_consumer' AIRFLOW_CTX_EXECUTION_DATE='2024-06-19T06:19:05.285155+00:00' AIRFLOW_CTX_TRY_NUMBER='2' AIRFLOW_CTX_DAG_RUN_ID='scheduled__2024-06-19T06:19:05.285155+00:00'
[2024-06-19T06:24:58.800+0000] {docker.py:343} INFO - Starting docker container from image rappel-conso/spark:latest
[2024-06-19T06:24:58.855+0000] {docker.py:351} WARNING - Using remote engine or docker-in-docker and mounting temporary volume from host is not supported. Falling back to `mount_tmp_dir=False` mode. You can set `mount_tmp_dir` parameter to False to disable mounting and remove the warning
[2024-06-19T06:24:59.136+0000] {docker.py:413} INFO - [38;5;6mspark [38;5;5m06:24:59.13 [0m[38;5;2mINFO [0m ==>
[2024-06-19T06:24:59.137+0000] {docker.py:413} INFO - [38;5;6mspark [38;5;5m06:24:59.13 [0m[38;5;2mINFO [0m ==> [1mWelcome to the Bitnami spark container[0m
[2024-06-19T06:24:59.138+0000] {docker.py:413} INFO - [38;5;6mspark [38;5;5m06:24:59.13 [0m[38;5;2mINFO [0m ==> Subscribe to project updates by watching [1mhttps://github.com/bitnami/containers[0m
[2024-06-19T06:24:59.138+0000] {docker.py:413} INFO - [38;5;6mspark [38;5;5m06:24:59.13 [0m[38;5;2mINFO [0m ==> Submit issues and feature requests at [1mhttps://github.com/bitnami/containers/issues[0m
[2024-06-19T06:24:59.139+0000] {docker.py:413} INFO - [38;5;6mspark [38;5;5m06:24:59.13 [0m[38;5;2mINFO [0m ==>
[2024-06-19T06:24:59.153+0000] {docker.py:413} INFO - 
[2024-06-19T06:24:59.995+0000] {docker.py:413} INFO - :: loading settings :: url = jar:file:/opt/bitnami/spark/jars/ivy-2.5.1.jar!/org/apache/ivy/core/settings/ivysettings.xml
[2024-06-19T06:25:00.026+0000] {docker.py:413} INFO - Ivy Default Cache set to: /opt/bitnami/spark/.ivy2/cache
The jars for the packages stored in: /opt/bitnami/spark/.ivy2/jars
[2024-06-19T06:25:00.029+0000] {docker.py:413} INFO - org.postgresql#postgresql added as a dependency
org.apache.spark#spark-sql-kafka-0-10_2.12 added as a dependency
[2024-06-19T06:25:00.029+0000] {docker.py:413} INFO - :: resolving dependencies :: org.apache.spark#spark-submit-parent-0a09f617-0f8f-44ad-ad36-e4ee7803c3e0;1.0
	confs: [default]
[2024-06-19T06:25:01.635+0000] {docker.py:413} INFO - found org.postgresql#postgresql;42.5.4 in central
[2024-06-19T06:25:02.334+0000] {docker.py:413} INFO - found org.checkerframework#checker-qual;3.5.0 in central
[2024-06-19T06:25:07.182+0000] {docker.py:413} INFO - found org.apache.spark#spark-sql-kafka-0-10_2.12;3.5.0 in central
[2024-06-19T06:25:07.839+0000] {docker.py:413} INFO - found org.apache.spark#spark-token-provider-kafka-0-10_2.12;3.5.0 in central
[2024-06-19T06:25:08.376+0000] {docker.py:413} INFO - found org.apache.kafka#kafka-clients;3.4.1 in central
[2024-06-19T06:25:08.937+0000] {docker.py:413} INFO - found org.lz4#lz4-java;1.8.0 in central
[2024-06-19T06:25:09.494+0000] {docker.py:413} INFO - found org.xerial.snappy#snappy-java;1.1.10.3 in central
[2024-06-19T06:25:11.765+0000] {docker.py:413} INFO - found org.slf4j#slf4j-api;2.0.7 in central
[2024-06-19T06:25:16.157+0000] {docker.py:413} INFO - found org.apache.hadoop#hadoop-client-runtime;3.3.4 in central
[2024-06-19T06:25:16.749+0000] {docker.py:413} INFO - found org.apache.hadoop#hadoop-client-api;3.3.4 in central
[2024-06-19T06:25:19.907+0000] {docker.py:413} INFO - found commons-logging#commons-logging;1.1.3 in central
[2024-06-19T06:25:20.453+0000] {docker.py:413} INFO - found com.google.code.findbugs#jsr305;3.0.0 in central
[2024-06-19T06:25:24.475+0000] {docker.py:413} INFO - found org.apache.commons#commons-pool2;2.11.1 in central
[2024-06-19T06:25:24.738+0000] {docker.py:413} INFO - downloading https://repo1.maven.org/maven2/org/postgresql/postgresql/42.5.4/postgresql-42.5.4.jar ...
[2024-06-19T06:25:25.678+0000] {docker.py:413} INFO - [SUCCESSFUL ] org.postgresql#postgresql;42.5.4!postgresql.jar (1198ms)
[2024-06-19T06:25:25.938+0000] {docker.py:413} INFO - downloading https://repo1.maven.org/maven2/org/apache/spark/spark-sql-kafka-0-10_2.12/3.5.0/spark-sql-kafka-0-10_2.12-3.5.0.jar ...
[2024-06-19T06:25:26.265+0000] {docker.py:413} INFO - [SUCCESSFUL ] org.apache.spark#spark-sql-kafka-0-10_2.12;3.5.0!spark-sql-kafka-0-10_2.12.jar (581ms)
[2024-06-19T06:25:26.518+0000] {docker.py:413} INFO - downloading https://repo1.maven.org/maven2/org/checkerframework/checker-qual/3.5.0/checker-qual-3.5.0.jar ...
[2024-06-19T06:25:26.803+0000] {docker.py:413} INFO - [SUCCESSFUL ] org.checkerframework#checker-qual;3.5.0!checker-qual.jar (538ms)
[2024-06-19T06:25:27.061+0000] {docker.py:413} INFO - downloading https://repo1.maven.org/maven2/org/apache/spark/spark-token-provider-kafka-0-10_2.12/3.5.0/spark-token-provider-kafka-0-10_2.12-3.5.0.jar ...
[2024-06-19T06:25:27.323+0000] {docker.py:413} INFO - [SUCCESSFUL ] org.apache.spark#spark-token-provider-kafka-0-10_2.12;3.5.0!spark-token-provider-kafka-0-10_2.12.jar (518ms)
[2024-06-19T06:25:27.585+0000] {docker.py:413} INFO - downloading https://repo1.maven.org/maven2/org/apache/kafka/kafka-clients/3.4.1/kafka-clients-3.4.1.jar ...
[2024-06-19T06:25:28.801+0000] {docker.py:413} INFO - [SUCCESSFUL ] org.apache.kafka#kafka-clients;3.4.1!kafka-clients.jar (1476ms)
[2024-06-19T06:25:29.056+0000] {docker.py:413} INFO - downloading https://repo1.maven.org/maven2/com/google/code/findbugs/jsr305/3.0.0/jsr305-3.0.0.jar ...
[2024-06-19T06:25:29.319+0000] {docker.py:413} INFO - [SUCCESSFUL ] com.google.code.findbugs#jsr305;3.0.0!jsr305.jar (512ms)
[2024-06-19T06:25:29.575+0000] {docker.py:413} INFO - downloading https://repo1.maven.org/maven2/org/apache/commons/commons-pool2/2.11.1/commons-pool2-2.11.1.jar ...
[2024-06-19T06:25:29.852+0000] {docker.py:413} INFO - [SUCCESSFUL ] org.apache.commons#commons-pool2;2.11.1!commons-pool2.jar (532ms)
[2024-06-19T06:25:30.114+0000] {docker.py:413} INFO - downloading https://repo1.maven.org/maven2/org/apache/hadoop/hadoop-client-runtime/3.3.4/hadoop-client-runtime-3.3.4.jar ...
[2024-06-19T06:25:35.054+0000] {docker.py:413} INFO - [SUCCESSFUL ] org.apache.hadoop#hadoop-client-runtime;3.3.4!hadoop-client-runtime.jar (5202ms)
[2024-06-19T06:25:35.309+0000] {docker.py:413} INFO - downloading https://repo1.maven.org/maven2/org/lz4/lz4-java/1.8.0/lz4-java-1.8.0.jar ...
[2024-06-19T06:25:35.658+0000] {docker.py:413} INFO - [SUCCESSFUL ] org.lz4#lz4-java;1.8.0!lz4-java.jar (603ms)
[2024-06-19T06:25:35.923+0000] {docker.py:413} INFO - downloading https://repo1.maven.org/maven2/org/xerial/snappy/snappy-java/1.1.10.3/snappy-java-1.1.10.3.jar ...
[2024-06-19T06:25:36.829+0000] {docker.py:413} INFO - [SUCCESSFUL ] org.xerial.snappy#snappy-java;1.1.10.3!snappy-java.jar(bundle) (1168ms)
[2024-06-19T06:25:37.089+0000] {docker.py:413} INFO - downloading https://repo1.maven.org/maven2/org/slf4j/slf4j-api/2.0.7/slf4j-api-2.0.7.jar ...
[2024-06-19T06:25:37.367+0000] {docker.py:413} INFO - [SUCCESSFUL ] org.slf4j#slf4j-api;2.0.7!slf4j-api.jar (535ms)
[2024-06-19T06:25:37.854+0000] {docker.py:413} INFO - downloading https://repo1.maven.org/maven2/org/apache/hadoop/hadoop-client-api/3.3.4/hadoop-client-api-3.3.4.jar ...
[2024-06-19T06:25:42.310+0000] {docker.py:413} INFO - [SUCCESSFUL ] org.apache.hadoop#hadoop-client-api;3.3.4!hadoop-client-api.jar (4938ms)
[2024-06-19T06:25:42.573+0000] {docker.py:413} INFO - downloading https://repo1.maven.org/maven2/commons-logging/commons-logging/1.1.3/commons-logging-1.1.3.jar ...
[2024-06-19T06:25:42.924+0000] {docker.py:413} INFO - [SUCCESSFUL ] commons-logging#commons-logging;1.1.3!commons-logging.jar (612ms)
[2024-06-19T06:25:42.925+0000] {docker.py:413} INFO - :: resolution report :: resolve 24451ms :: artifacts dl 18444ms
[2024-06-19T06:25:42.926+0000] {docker.py:413} INFO - :: modules in use:
[2024-06-19T06:25:42.926+0000] {docker.py:413} INFO - com.google.code.findbugs#jsr305;3.0.0 from central in [default]
	commons-logging#commons-logging;1.1.3 from central in [default]
[2024-06-19T06:25:42.927+0000] {docker.py:413} INFO - org.apache.commons#commons-pool2;2.11.1 from central in [default]
	org.apache.hadoop#hadoop-client-api;3.3.4 from central in [default]
	org.apache.hadoop#hadoop-client-runtime;3.3.4 from central in [default]
	org.apache.kafka#kafka-clients;3.4.1 from central in [default]
	org.apache.spark#spark-sql-kafka-0-10_2.12;3.5.0 from central in [default]
	org.apache.spark#spark-token-provider-kafka-0-10_2.12;3.5.0 from central in [default]
	org.checkerframework#checker-qual;3.5.0 from central in [default]
	org.lz4#lz4-java;1.8.0 from central in [default]
	org.postgresql#postgresql;42.5.4 from central in [default]
	org.slf4j#slf4j-api;2.0.7 from central in [default]
[2024-06-19T06:25:42.927+0000] {docker.py:413} INFO - org.xerial.snappy#snappy-java;1.1.10.3 from central in [default]
[2024-06-19T06:25:42.928+0000] {docker.py:413} INFO - ---------------------------------------------------------------------
[2024-06-19T06:25:42.928+0000] {docker.py:413} INFO - |                  |            modules            ||   artifacts   |
[2024-06-19T06:25:42.928+0000] {docker.py:413} INFO - |       conf       | number| search|dwnlded|evicted|| number|dwnlded|
	---------------------------------------------------------------------
[2024-06-19T06:25:42.929+0000] {docker.py:413} INFO - |      default     |   13  |   13  |   13  |   0   ||   13  |   13  |
	---------------------------------------------------------------------
[2024-06-19T06:25:42.950+0000] {docker.py:413} INFO - :: retrieving :: org.apache.spark#spark-submit-parent-0a09f617-0f8f-44ad-ad36-e4ee7803c3e0
[2024-06-19T06:25:42.950+0000] {docker.py:413} INFO - confs: [default]
[2024-06-19T06:25:43.026+0000] {docker.py:413} INFO - 13 artifacts copied, 0 already retrieved (58001kB/76ms)
[2024-06-19T06:25:43.190+0000] {docker.py:413} INFO - 24/06/19 06:25:43 WARN NativeCodeLoader: Unable to load native-hadoop library for your platform... using builtin-java classes where applicable
[2024-06-19T06:25:43.806+0000] {docker.py:413} INFO - 24/06/19 06:25:43 INFO SparkContext: Running Spark version 3.5.0
[2024-06-19T06:25:43.808+0000] {docker.py:413} INFO - 24/06/19 06:25:43 INFO SparkContext: OS info Linux, 6.6.12-linuxkit, aarch64
[2024-06-19T06:25:43.808+0000] {docker.py:413} INFO - 24/06/19 06:25:43 INFO SparkContext: Java version 17.0.10
[2024-06-19T06:25:43.817+0000] {docker.py:413} INFO - 24/06/19 06:25:43 INFO ResourceUtils: ==============================================================
[2024-06-19T06:25:43.817+0000] {docker.py:413} INFO - 24/06/19 06:25:43 INFO ResourceUtils: No custom resources configured for spark.driver.
24/06/19 06:25:43 INFO ResourceUtils: ==============================================================
[2024-06-19T06:25:43.818+0000] {docker.py:413} INFO - 24/06/19 06:25:43 INFO SparkContext: Submitted application: PostgreSQL Connection with PySpark
[2024-06-19T06:25:43.828+0000] {docker.py:413} INFO - 24/06/19 06:25:43 INFO ResourceProfile: Default ResourceProfile created, executor resources: Map(cores -> name: cores, amount: 1, script: , vendor: , memory -> name: memory, amount: 1024, script: , vendor: , offHeap -> name: offHeap, amount: 0, script: , vendor: ), task resources: Map(cpus -> name: cpus, amount: 1.0)
[2024-06-19T06:25:43.832+0000] {docker.py:413} INFO - 24/06/19 06:25:43 INFO ResourceProfile: Limiting resource is cpu
[2024-06-19T06:25:43.833+0000] {docker.py:413} INFO - 24/06/19 06:25:43 INFO ResourceProfileManager: Added ResourceProfile id: 0
[2024-06-19T06:25:43.860+0000] {docker.py:413} INFO - 24/06/19 06:25:43 INFO SecurityManager: Changing view acls to: spark
[2024-06-19T06:25:43.860+0000] {docker.py:413} INFO - 24/06/19 06:25:43 INFO SecurityManager: Changing modify acls to: spark
[2024-06-19T06:25:43.861+0000] {docker.py:413} INFO - 24/06/19 06:25:43 INFO SecurityManager: Changing view acls groups to:
[2024-06-19T06:25:43.861+0000] {docker.py:413} INFO - 24/06/19 06:25:43 INFO SecurityManager: Changing modify acls groups to:
[2024-06-19T06:25:43.861+0000] {docker.py:413} INFO - 24/06/19 06:25:43 INFO SecurityManager: SecurityManager: authentication disabled; ui acls disabled; users with view permissions: spark; groups with view permissions: EMPTY; users with modify permissions: spark; groups with modify permissions: EMPTY
[2024-06-19T06:25:43.979+0000] {docker.py:413} INFO - 24/06/19 06:25:43 INFO Utils: Successfully started service 'sparkDriver' on port 39693.
[2024-06-19T06:25:43.993+0000] {docker.py:413} INFO - 24/06/19 06:25:43 INFO SparkEnv: Registering MapOutputTracker
[2024-06-19T06:25:44.010+0000] {docker.py:413} INFO - 24/06/19 06:25:44 INFO SparkEnv: Registering BlockManagerMaster
[2024-06-19T06:25:44.019+0000] {docker.py:413} INFO - 24/06/19 06:25:44 INFO BlockManagerMasterEndpoint: Using org.apache.spark.storage.DefaultTopologyMapper for getting topology information
[2024-06-19T06:25:44.021+0000] {docker.py:413} INFO - 24/06/19 06:25:44 INFO BlockManagerMasterEndpoint: BlockManagerMasterEndpoint up
[2024-06-19T06:25:44.021+0000] {docker.py:413} INFO - 24/06/19 06:25:44 INFO SparkEnv: Registering BlockManagerMasterHeartbeat
[2024-06-19T06:25:44.031+0000] {docker.py:413} INFO - 24/06/19 06:25:44 INFO DiskBlockManager: Created local directory at /tmp/blockmgr-89fb74c7-e03a-46eb-8990-ea4e759ea05b
[2024-06-19T06:25:44.038+0000] {docker.py:413} INFO - 24/06/19 06:25:44 INFO MemoryStore: MemoryStore started with capacity 434.4 MiB
[2024-06-19T06:25:44.046+0000] {docker.py:413} INFO - 24/06/19 06:25:44 INFO SparkEnv: Registering OutputCommitCoordinator
[2024-06-19T06:25:44.113+0000] {docker.py:413} INFO - 24/06/19 06:25:44 INFO JettyUtils: Start Jetty 0.0.0.0:4040 for SparkUI
[2024-06-19T06:25:44.146+0000] {docker.py:413} INFO - 24/06/19 06:25:44 INFO Utils: Successfully started service 'SparkUI' on port 4040.
[2024-06-19T06:25:44.166+0000] {docker.py:413} INFO - 24/06/19 06:25:44 INFO SparkContext: Added JAR file:///opt/bitnami/spark/.ivy2/jars/org.postgresql_postgresql-42.5.4.jar at spark://localhost:39693/jars/org.postgresql_postgresql-42.5.4.jar with timestamp 1718778343799
[2024-06-19T06:25:44.167+0000] {docker.py:413} INFO - 24/06/19 06:25:44 INFO SparkContext: Added JAR file:///opt/bitnami/spark/.ivy2/jars/org.apache.spark_spark-sql-kafka-0-10_2.12-3.5.0.jar at spark://localhost:39693/jars/org.apache.spark_spark-sql-kafka-0-10_2.12-3.5.0.jar with timestamp 1718778343799
24/06/19 06:25:44 INFO SparkContext: Added JAR file:///opt/bitnami/spark/.ivy2/jars/org.checkerframework_checker-qual-3.5.0.jar at spark://localhost:39693/jars/org.checkerframework_checker-qual-3.5.0.jar with timestamp 1718778343799
[2024-06-19T06:25:44.168+0000] {docker.py:413} INFO - 24/06/19 06:25:44 INFO SparkContext: Added JAR file:///opt/bitnami/spark/.ivy2/jars/org.apache.spark_spark-token-provider-kafka-0-10_2.12-3.5.0.jar at spark://localhost:39693/jars/org.apache.spark_spark-token-provider-kafka-0-10_2.12-3.5.0.jar with timestamp 1718778343799
[2024-06-19T06:25:44.168+0000] {docker.py:413} INFO - 24/06/19 06:25:44 INFO SparkContext: Added JAR file:///opt/bitnami/spark/.ivy2/jars/org.apache.kafka_kafka-clients-3.4.1.jar at spark://localhost:39693/jars/org.apache.kafka_kafka-clients-3.4.1.jar with timestamp 1718778343799
[2024-06-19T06:25:44.169+0000] {docker.py:413} INFO - 24/06/19 06:25:44 INFO SparkContext: Added JAR file:///opt/bitnami/spark/.ivy2/jars/com.google.code.findbugs_jsr305-3.0.0.jar at spark://localhost:39693/jars/com.google.code.findbugs_jsr305-3.0.0.jar with timestamp 1718778343799
[2024-06-19T06:25:44.169+0000] {docker.py:413} INFO - 24/06/19 06:25:44 INFO SparkContext: Added JAR file:///opt/bitnami/spark/.ivy2/jars/org.apache.commons_commons-pool2-2.11.1.jar at spark://localhost:39693/jars/org.apache.commons_commons-pool2-2.11.1.jar with timestamp 1718778343799
24/06/19 06:25:44 INFO SparkContext: Added JAR file:///opt/bitnami/spark/.ivy2/jars/org.apache.hadoop_hadoop-client-runtime-3.3.4.jar at spark://localhost:39693/jars/org.apache.hadoop_hadoop-client-runtime-3.3.4.jar with timestamp 1718778343799
[2024-06-19T06:25:44.169+0000] {docker.py:413} INFO - 24/06/19 06:25:44 INFO SparkContext: Added JAR file:///opt/bitnami/spark/.ivy2/jars/org.lz4_lz4-java-1.8.0.jar at spark://localhost:39693/jars/org.lz4_lz4-java-1.8.0.jar with timestamp 1718778343799
24/06/19 06:25:44 INFO SparkContext: Added JAR file:///opt/bitnami/spark/.ivy2/jars/org.xerial.snappy_snappy-java-1.1.10.3.jar at spark://localhost:39693/jars/org.xerial.snappy_snappy-java-1.1.10.3.jar with timestamp 1718778343799
24/06/19 06:25:44 INFO SparkContext: Added JAR file:///opt/bitnami/spark/.ivy2/jars/org.slf4j_slf4j-api-2.0.7.jar at spark://localhost:39693/jars/org.slf4j_slf4j-api-2.0.7.jar with timestamp 1718778343799
[2024-06-19T06:25:44.169+0000] {docker.py:413} INFO - 24/06/19 06:25:44 INFO SparkContext: Added JAR file:///opt/bitnami/spark/.ivy2/jars/org.apache.hadoop_hadoop-client-api-3.3.4.jar at spark://localhost:39693/jars/org.apache.hadoop_hadoop-client-api-3.3.4.jar with timestamp 1718778343799
24/06/19 06:25:44 INFO SparkContext: Added JAR file:///opt/bitnami/spark/.ivy2/jars/commons-logging_commons-logging-1.1.3.jar at spark://localhost:39693/jars/commons-logging_commons-logging-1.1.3.jar with timestamp 1718778343799
[2024-06-19T06:25:44.170+0000] {docker.py:413} INFO - 24/06/19 06:25:44 INFO SparkContext: Added file file:///opt/bitnami/spark/.ivy2/jars/org.postgresql_postgresql-42.5.4.jar at file:///opt/bitnami/spark/.ivy2/jars/org.postgresql_postgresql-42.5.4.jar with timestamp 1718778343799
[2024-06-19T06:25:44.170+0000] {docker.py:413} INFO - 24/06/19 06:25:44 INFO Utils: Copying /opt/bitnami/spark/.ivy2/jars/org.postgresql_postgresql-42.5.4.jar to /tmp/spark-ce069aab-6757-4034-93d5-658ec99c0419/userFiles-f24a8575-acfc-4934-9549-8dd0a544585b/org.postgresql_postgresql-42.5.4.jar
[2024-06-19T06:25:44.175+0000] {docker.py:413} INFO - 24/06/19 06:25:44 INFO SparkContext: Added file file:///opt/bitnami/spark/.ivy2/jars/org.apache.spark_spark-sql-kafka-0-10_2.12-3.5.0.jar at file:///opt/bitnami/spark/.ivy2/jars/org.apache.spark_spark-sql-kafka-0-10_2.12-3.5.0.jar with timestamp 1718778343799
[2024-06-19T06:25:44.176+0000] {docker.py:413} INFO - 24/06/19 06:25:44 INFO Utils: Copying /opt/bitnami/spark/.ivy2/jars/org.apache.spark_spark-sql-kafka-0-10_2.12-3.5.0.jar to /tmp/spark-ce069aab-6757-4034-93d5-658ec99c0419/userFiles-f24a8575-acfc-4934-9549-8dd0a544585b/org.apache.spark_spark-sql-kafka-0-10_2.12-3.5.0.jar
[2024-06-19T06:25:44.177+0000] {docker.py:413} INFO - 24/06/19 06:25:44 INFO SparkContext: Added file file:///opt/bitnami/spark/.ivy2/jars/org.checkerframework_checker-qual-3.5.0.jar at file:///opt/bitnami/spark/.ivy2/jars/org.checkerframework_checker-qual-3.5.0.jar with timestamp 1718778343799
24/06/19 06:25:44 INFO Utils: Copying /opt/bitnami/spark/.ivy2/jars/org.checkerframework_checker-qual-3.5.0.jar to /tmp/spark-ce069aab-6757-4034-93d5-658ec99c0419/userFiles-f24a8575-acfc-4934-9549-8dd0a544585b/org.checkerframework_checker-qual-3.5.0.jar
[2024-06-19T06:25:44.179+0000] {docker.py:413} INFO - 24/06/19 06:25:44 INFO SparkContext: Added file file:///opt/bitnami/spark/.ivy2/jars/org.apache.spark_spark-token-provider-kafka-0-10_2.12-3.5.0.jar at file:///opt/bitnami/spark/.ivy2/jars/org.apache.spark_spark-token-provider-kafka-0-10_2.12-3.5.0.jar with timestamp 1718778343799
24/06/19 06:25:44 INFO Utils: Copying /opt/bitnami/spark/.ivy2/jars/org.apache.spark_spark-token-provider-kafka-0-10_2.12-3.5.0.jar to /tmp/spark-ce069aab-6757-4034-93d5-658ec99c0419/userFiles-f24a8575-acfc-4934-9549-8dd0a544585b/org.apache.spark_spark-token-provider-kafka-0-10_2.12-3.5.0.jar
[2024-06-19T06:25:44.181+0000] {docker.py:413} INFO - 24/06/19 06:25:44 INFO SparkContext: Added file file:///opt/bitnami/spark/.ivy2/jars/org.apache.kafka_kafka-clients-3.4.1.jar at file:///opt/bitnami/spark/.ivy2/jars/org.apache.kafka_kafka-clients-3.4.1.jar with timestamp 1718778343799
[2024-06-19T06:25:44.181+0000] {docker.py:413} INFO - 24/06/19 06:25:44 INFO Utils: Copying /opt/bitnami/spark/.ivy2/jars/org.apache.kafka_kafka-clients-3.4.1.jar to /tmp/spark-ce069aab-6757-4034-93d5-658ec99c0419/userFiles-f24a8575-acfc-4934-9549-8dd0a544585b/org.apache.kafka_kafka-clients-3.4.1.jar
[2024-06-19T06:25:44.186+0000] {docker.py:413} INFO - 24/06/19 06:25:44 INFO SparkContext: Added file file:///opt/bitnami/spark/.ivy2/jars/com.google.code.findbugs_jsr305-3.0.0.jar at file:///opt/bitnami/spark/.ivy2/jars/com.google.code.findbugs_jsr305-3.0.0.jar with timestamp 1718778343799
[2024-06-19T06:25:44.186+0000] {docker.py:413} INFO - 24/06/19 06:25:44 INFO Utils: Copying /opt/bitnami/spark/.ivy2/jars/com.google.code.findbugs_jsr305-3.0.0.jar to /tmp/spark-ce069aab-6757-4034-93d5-658ec99c0419/userFiles-f24a8575-acfc-4934-9549-8dd0a544585b/com.google.code.findbugs_jsr305-3.0.0.jar
[2024-06-19T06:25:44.187+0000] {docker.py:413} INFO - 24/06/19 06:25:44 INFO SparkContext: Added file file:///opt/bitnami/spark/.ivy2/jars/org.apache.commons_commons-pool2-2.11.1.jar at file:///opt/bitnami/spark/.ivy2/jars/org.apache.commons_commons-pool2-2.11.1.jar with timestamp 1718778343799
24/06/19 06:25:44 INFO Utils: Copying /opt/bitnami/spark/.ivy2/jars/org.apache.commons_commons-pool2-2.11.1.jar to /tmp/spark-ce069aab-6757-4034-93d5-658ec99c0419/userFiles-f24a8575-acfc-4934-9549-8dd0a544585b/org.apache.commons_commons-pool2-2.11.1.jar
[2024-06-19T06:25:44.189+0000] {docker.py:413} INFO - 24/06/19 06:25:44 INFO SparkContext: Added file file:///opt/bitnami/spark/.ivy2/jars/org.apache.hadoop_hadoop-client-runtime-3.3.4.jar at file:///opt/bitnami/spark/.ivy2/jars/org.apache.hadoop_hadoop-client-runtime-3.3.4.jar with timestamp 1718778343799
[2024-06-19T06:25:44.190+0000] {docker.py:413} INFO - 24/06/19 06:25:44 INFO Utils: Copying /opt/bitnami/spark/.ivy2/jars/org.apache.hadoop_hadoop-client-runtime-3.3.4.jar to /tmp/spark-ce069aab-6757-4034-93d5-658ec99c0419/userFiles-f24a8575-acfc-4934-9549-8dd0a544585b/org.apache.hadoop_hadoop-client-runtime-3.3.4.jar
[2024-06-19T06:25:44.211+0000] {docker.py:413} INFO - 24/06/19 06:25:44 INFO SparkContext: Added file file:///opt/bitnami/spark/.ivy2/jars/org.lz4_lz4-java-1.8.0.jar at file:///opt/bitnami/spark/.ivy2/jars/org.lz4_lz4-java-1.8.0.jar with timestamp 1718778343799
[2024-06-19T06:25:44.211+0000] {docker.py:413} INFO - 24/06/19 06:25:44 INFO Utils: Copying /opt/bitnami/spark/.ivy2/jars/org.lz4_lz4-java-1.8.0.jar to /tmp/spark-ce069aab-6757-4034-93d5-658ec99c0419/userFiles-f24a8575-acfc-4934-9549-8dd0a544585b/org.lz4_lz4-java-1.8.0.jar
[2024-06-19T06:25:44.217+0000] {docker.py:413} INFO - 24/06/19 06:25:44 INFO SparkContext: Added file file:///opt/bitnami/spark/.ivy2/jars/org.xerial.snappy_snappy-java-1.1.10.3.jar at file:///opt/bitnami/spark/.ivy2/jars/org.xerial.snappy_snappy-java-1.1.10.3.jar with timestamp 1718778343799
[2024-06-19T06:25:44.218+0000] {docker.py:413} INFO - 24/06/19 06:25:44 INFO Utils: Copying /opt/bitnami/spark/.ivy2/jars/org.xerial.snappy_snappy-java-1.1.10.3.jar to /tmp/spark-ce069aab-6757-4034-93d5-658ec99c0419/userFiles-f24a8575-acfc-4934-9549-8dd0a544585b/org.xerial.snappy_snappy-java-1.1.10.3.jar
[2024-06-19T06:25:44.224+0000] {docker.py:413} INFO - 24/06/19 06:25:44 INFO SparkContext: Added file file:///opt/bitnami/spark/.ivy2/jars/org.slf4j_slf4j-api-2.0.7.jar at file:///opt/bitnami/spark/.ivy2/jars/org.slf4j_slf4j-api-2.0.7.jar with timestamp 1718778343799
24/06/19 06:25:44 INFO Utils: Copying /opt/bitnami/spark/.ivy2/jars/org.slf4j_slf4j-api-2.0.7.jar to /tmp/spark-ce069aab-6757-4034-93d5-658ec99c0419/userFiles-f24a8575-acfc-4934-9549-8dd0a544585b/org.slf4j_slf4j-api-2.0.7.jar
[2024-06-19T06:25:44.226+0000] {docker.py:413} INFO - 24/06/19 06:25:44 INFO SparkContext: Added file file:///opt/bitnami/spark/.ivy2/jars/org.apache.hadoop_hadoop-client-api-3.3.4.jar at file:///opt/bitnami/spark/.ivy2/jars/org.apache.hadoop_hadoop-client-api-3.3.4.jar with timestamp 1718778343799
[2024-06-19T06:25:44.226+0000] {docker.py:413} INFO - 24/06/19 06:25:44 INFO Utils: Copying /opt/bitnami/spark/.ivy2/jars/org.apache.hadoop_hadoop-client-api-3.3.4.jar to /tmp/spark-ce069aab-6757-4034-93d5-658ec99c0419/userFiles-f24a8575-acfc-4934-9549-8dd0a544585b/org.apache.hadoop_hadoop-client-api-3.3.4.jar
[2024-06-19T06:25:44.238+0000] {docker.py:413} INFO - 24/06/19 06:25:44 INFO SparkContext: Added file file:///opt/bitnami/spark/.ivy2/jars/commons-logging_commons-logging-1.1.3.jar at file:///opt/bitnami/spark/.ivy2/jars/commons-logging_commons-logging-1.1.3.jar with timestamp 1718778343799
[2024-06-19T06:25:44.239+0000] {docker.py:413} INFO - 24/06/19 06:25:44 INFO Utils: Copying /opt/bitnami/spark/.ivy2/jars/commons-logging_commons-logging-1.1.3.jar to /tmp/spark-ce069aab-6757-4034-93d5-658ec99c0419/userFiles-f24a8575-acfc-4934-9549-8dd0a544585b/commons-logging_commons-logging-1.1.3.jar
[2024-06-19T06:25:44.270+0000] {docker.py:413} INFO - 24/06/19 06:25:44 INFO Executor: Starting executor ID driver on host localhost
[2024-06-19T06:25:44.270+0000] {docker.py:413} INFO - 24/06/19 06:25:44 INFO Executor: OS info Linux, 6.6.12-linuxkit, aarch64
[2024-06-19T06:25:44.270+0000] {docker.py:413} INFO - 24/06/19 06:25:44 INFO Executor: Java version 17.0.10
[2024-06-19T06:25:44.273+0000] {docker.py:413} INFO - 24/06/19 06:25:44 INFO Executor: Starting executor with user classpath (userClassPathFirst = false): ''
[2024-06-19T06:25:44.274+0000] {docker.py:413} INFO - 24/06/19 06:25:44 INFO Executor: Created or updated repl class loader org.apache.spark.util.MutableURLClassLoader@143a025e for default.
[2024-06-19T06:25:44.279+0000] {docker.py:413} INFO - 24/06/19 06:25:44 INFO Executor: Fetching file:///opt/bitnami/spark/.ivy2/jars/org.apache.spark_spark-token-provider-kafka-0-10_2.12-3.5.0.jar with timestamp 1718778343799
[2024-06-19T06:25:44.286+0000] {docker.py:413} INFO - 24/06/19 06:25:44 INFO Utils: /opt/bitnami/spark/.ivy2/jars/org.apache.spark_spark-token-provider-kafka-0-10_2.12-3.5.0.jar has been previously copied to /tmp/spark-ce069aab-6757-4034-93d5-658ec99c0419/userFiles-f24a8575-acfc-4934-9549-8dd0a544585b/org.apache.spark_spark-token-provider-kafka-0-10_2.12-3.5.0.jar
[2024-06-19T06:25:44.288+0000] {docker.py:413} INFO - 24/06/19 06:25:44 INFO Executor: Fetching file:///opt/bitnami/spark/.ivy2/jars/org.apache.hadoop_hadoop-client-runtime-3.3.4.jar with timestamp 1718778343799
[2024-06-19T06:25:44.301+0000] {docker.py:413} INFO - 24/06/19 06:25:44 INFO Utils: /opt/bitnami/spark/.ivy2/jars/org.apache.hadoop_hadoop-client-runtime-3.3.4.jar has been previously copied to /tmp/spark-ce069aab-6757-4034-93d5-658ec99c0419/userFiles-f24a8575-acfc-4934-9549-8dd0a544585b/org.apache.hadoop_hadoop-client-runtime-3.3.4.jar
[2024-06-19T06:25:44.302+0000] {docker.py:413} INFO - 24/06/19 06:25:44 INFO Executor: Fetching file:///opt/bitnami/spark/.ivy2/jars/org.apache.commons_commons-pool2-2.11.1.jar with timestamp 1718778343799
[2024-06-19T06:25:44.303+0000] {docker.py:413} INFO - 24/06/19 06:25:44 INFO Utils: /opt/bitnami/spark/.ivy2/jars/org.apache.commons_commons-pool2-2.11.1.jar has been previously copied to /tmp/spark-ce069aab-6757-4034-93d5-658ec99c0419/userFiles-f24a8575-acfc-4934-9549-8dd0a544585b/org.apache.commons_commons-pool2-2.11.1.jar
[2024-06-19T06:25:44.304+0000] {docker.py:413} INFO - 24/06/19 06:25:44 INFO Executor: Fetching file:///opt/bitnami/spark/.ivy2/jars/org.postgresql_postgresql-42.5.4.jar with timestamp 1718778343799
[2024-06-19T06:25:44.304+0000] {docker.py:413} INFO - 24/06/19 06:25:44 INFO Utils: /opt/bitnami/spark/.ivy2/jars/org.postgresql_postgresql-42.5.4.jar has been previously copied to /tmp/spark-ce069aab-6757-4034-93d5-658ec99c0419/userFiles-f24a8575-acfc-4934-9549-8dd0a544585b/org.postgresql_postgresql-42.5.4.jar
[2024-06-19T06:25:44.306+0000] {docker.py:413} INFO - 24/06/19 06:25:44 INFO Executor: Fetching file:///opt/bitnami/spark/.ivy2/jars/org.slf4j_slf4j-api-2.0.7.jar with timestamp 1718778343799
[2024-06-19T06:25:44.306+0000] {docker.py:413} INFO - 24/06/19 06:25:44 INFO Utils: /opt/bitnami/spark/.ivy2/jars/org.slf4j_slf4j-api-2.0.7.jar has been previously copied to /tmp/spark-ce069aab-6757-4034-93d5-658ec99c0419/userFiles-f24a8575-acfc-4934-9549-8dd0a544585b/org.slf4j_slf4j-api-2.0.7.jar
[2024-06-19T06:25:44.307+0000] {docker.py:413} INFO - 24/06/19 06:25:44 INFO Executor: Fetching file:///opt/bitnami/spark/.ivy2/jars/org.apache.kafka_kafka-clients-3.4.1.jar with timestamp 1718778343799
[2024-06-19T06:25:44.310+0000] {docker.py:413} INFO - 24/06/19 06:25:44 INFO Utils: /opt/bitnami/spark/.ivy2/jars/org.apache.kafka_kafka-clients-3.4.1.jar has been previously copied to /tmp/spark-ce069aab-6757-4034-93d5-658ec99c0419/userFiles-f24a8575-acfc-4934-9549-8dd0a544585b/org.apache.kafka_kafka-clients-3.4.1.jar
[2024-06-19T06:25:44.311+0000] {docker.py:413} INFO - 24/06/19 06:25:44 INFO Executor: Fetching file:///opt/bitnami/spark/.ivy2/jars/com.google.code.findbugs_jsr305-3.0.0.jar with timestamp 1718778343799
[2024-06-19T06:25:44.311+0000] {docker.py:413} INFO - 24/06/19 06:25:44 INFO Utils: /opt/bitnami/spark/.ivy2/jars/com.google.code.findbugs_jsr305-3.0.0.jar has been previously copied to /tmp/spark-ce069aab-6757-4034-93d5-658ec99c0419/userFiles-f24a8575-acfc-4934-9549-8dd0a544585b/com.google.code.findbugs_jsr305-3.0.0.jar
[2024-06-19T06:25:44.313+0000] {docker.py:413} INFO - 24/06/19 06:25:44 INFO Executor: Fetching file:///opt/bitnami/spark/.ivy2/jars/org.lz4_lz4-java-1.8.0.jar with timestamp 1718778343799
[2024-06-19T06:25:44.314+0000] {docker.py:413} INFO - 24/06/19 06:25:44 INFO Utils: /opt/bitnami/spark/.ivy2/jars/org.lz4_lz4-java-1.8.0.jar has been previously copied to /tmp/spark-ce069aab-6757-4034-93d5-658ec99c0419/userFiles-f24a8575-acfc-4934-9549-8dd0a544585b/org.lz4_lz4-java-1.8.0.jar
[2024-06-19T06:25:44.315+0000] {docker.py:413} INFO - 24/06/19 06:25:44 INFO Executor: Fetching file:///opt/bitnami/spark/.ivy2/jars/org.apache.spark_spark-sql-kafka-0-10_2.12-3.5.0.jar with timestamp 1718778343799
[2024-06-19T06:25:44.315+0000] {docker.py:413} INFO - 24/06/19 06:25:44 INFO Utils: /opt/bitnami/spark/.ivy2/jars/org.apache.spark_spark-sql-kafka-0-10_2.12-3.5.0.jar has been previously copied to /tmp/spark-ce069aab-6757-4034-93d5-658ec99c0419/userFiles-f24a8575-acfc-4934-9549-8dd0a544585b/org.apache.spark_spark-sql-kafka-0-10_2.12-3.5.0.jar
[2024-06-19T06:25:44.316+0000] {docker.py:413} INFO - 24/06/19 06:25:44 INFO Executor: Fetching file:///opt/bitnami/spark/.ivy2/jars/org.apache.hadoop_hadoop-client-api-3.3.4.jar with timestamp 1718778343799
[2024-06-19T06:25:44.323+0000] {docker.py:413} INFO - 24/06/19 06:25:44 INFO Utils: /opt/bitnami/spark/.ivy2/jars/org.apache.hadoop_hadoop-client-api-3.3.4.jar has been previously copied to /tmp/spark-ce069aab-6757-4034-93d5-658ec99c0419/userFiles-f24a8575-acfc-4934-9549-8dd0a544585b/org.apache.hadoop_hadoop-client-api-3.3.4.jar
[2024-06-19T06:25:44.324+0000] {docker.py:413} INFO - 24/06/19 06:25:44 INFO Executor: Fetching file:///opt/bitnami/spark/.ivy2/jars/commons-logging_commons-logging-1.1.3.jar with timestamp 1718778343799
[2024-06-19T06:25:44.325+0000] {docker.py:413} INFO - 24/06/19 06:25:44 INFO Utils: /opt/bitnami/spark/.ivy2/jars/commons-logging_commons-logging-1.1.3.jar has been previously copied to /tmp/spark-ce069aab-6757-4034-93d5-658ec99c0419/userFiles-f24a8575-acfc-4934-9549-8dd0a544585b/commons-logging_commons-logging-1.1.3.jar
[2024-06-19T06:25:44.326+0000] {docker.py:413} INFO - 24/06/19 06:25:44 INFO Executor: Fetching file:///opt/bitnami/spark/.ivy2/jars/org.checkerframework_checker-qual-3.5.0.jar with timestamp 1718778343799
[2024-06-19T06:25:44.326+0000] {docker.py:413} INFO - 24/06/19 06:25:44 INFO Utils: /opt/bitnami/spark/.ivy2/jars/org.checkerframework_checker-qual-3.5.0.jar has been previously copied to /tmp/spark-ce069aab-6757-4034-93d5-658ec99c0419/userFiles-f24a8575-acfc-4934-9549-8dd0a544585b/org.checkerframework_checker-qual-3.5.0.jar
[2024-06-19T06:25:44.327+0000] {docker.py:413} INFO - 24/06/19 06:25:44 INFO Executor: Fetching file:///opt/bitnami/spark/.ivy2/jars/org.xerial.snappy_snappy-java-1.1.10.3.jar with timestamp 1718778343799
[2024-06-19T06:25:44.328+0000] {docker.py:413} INFO - 24/06/19 06:25:44 INFO Utils: /opt/bitnami/spark/.ivy2/jars/org.xerial.snappy_snappy-java-1.1.10.3.jar has been previously copied to /tmp/spark-ce069aab-6757-4034-93d5-658ec99c0419/userFiles-f24a8575-acfc-4934-9549-8dd0a544585b/org.xerial.snappy_snappy-java-1.1.10.3.jar
[2024-06-19T06:25:44.332+0000] {docker.py:413} INFO - 24/06/19 06:25:44 INFO Executor: Fetching spark://localhost:39693/jars/commons-logging_commons-logging-1.1.3.jar with timestamp 1718778343799
[2024-06-19T06:25:44.348+0000] {docker.py:413} INFO - 24/06/19 06:25:44 INFO TransportClientFactory: Successfully created connection to localhost/127.0.0.1:39693 after 11 ms (0 ms spent in bootstraps)
[2024-06-19T06:25:44.350+0000] {docker.py:413} INFO - 24/06/19 06:25:44 INFO Utils: Fetching spark://localhost:39693/jars/commons-logging_commons-logging-1.1.3.jar to /tmp/spark-ce069aab-6757-4034-93d5-658ec99c0419/userFiles-f24a8575-acfc-4934-9549-8dd0a544585b/fetchFileTemp11280316118786195522.tmp
[2024-06-19T06:25:44.361+0000] {docker.py:413} INFO - 24/06/19 06:25:44 INFO Utils: /tmp/spark-ce069aab-6757-4034-93d5-658ec99c0419/userFiles-f24a8575-acfc-4934-9549-8dd0a544585b/fetchFileTemp11280316118786195522.tmp has been previously copied to /tmp/spark-ce069aab-6757-4034-93d5-658ec99c0419/userFiles-f24a8575-acfc-4934-9549-8dd0a544585b/commons-logging_commons-logging-1.1.3.jar
[2024-06-19T06:25:44.364+0000] {docker.py:413} INFO - 24/06/19 06:25:44 INFO Executor: Adding file:/tmp/spark-ce069aab-6757-4034-93d5-658ec99c0419/userFiles-f24a8575-acfc-4934-9549-8dd0a544585b/commons-logging_commons-logging-1.1.3.jar to class loader default
[2024-06-19T06:25:44.365+0000] {docker.py:413} INFO - 24/06/19 06:25:44 INFO Executor: Fetching spark://localhost:39693/jars/org.apache.hadoop_hadoop-client-runtime-3.3.4.jar with timestamp 1718778343799
[2024-06-19T06:25:44.365+0000] {docker.py:413} INFO - 24/06/19 06:25:44 INFO Utils: Fetching spark://localhost:39693/jars/org.apache.hadoop_hadoop-client-runtime-3.3.4.jar to /tmp/spark-ce069aab-6757-4034-93d5-658ec99c0419/userFiles-f24a8575-acfc-4934-9549-8dd0a544585b/fetchFileTemp14281732217384721304.tmp
[2024-06-19T06:25:44.438+0000] {docker.py:413} INFO - 24/06/19 06:25:44 INFO Utils: /tmp/spark-ce069aab-6757-4034-93d5-658ec99c0419/userFiles-f24a8575-acfc-4934-9549-8dd0a544585b/fetchFileTemp14281732217384721304.tmp has been previously copied to /tmp/spark-ce069aab-6757-4034-93d5-658ec99c0419/userFiles-f24a8575-acfc-4934-9549-8dd0a544585b/org.apache.hadoop_hadoop-client-runtime-3.3.4.jar
[2024-06-19T06:25:44.449+0000] {docker.py:413} INFO - 24/06/19 06:25:44 INFO Executor: Adding file:/tmp/spark-ce069aab-6757-4034-93d5-658ec99c0419/userFiles-f24a8575-acfc-4934-9549-8dd0a544585b/org.apache.hadoop_hadoop-client-runtime-3.3.4.jar to class loader default
24/06/19 06:25:44 INFO Executor: Fetching spark://localhost:39693/jars/org.apache.spark_spark-token-provider-kafka-0-10_2.12-3.5.0.jar with timestamp 1718778343799
[2024-06-19T06:25:44.449+0000] {docker.py:413} INFO - 24/06/19 06:25:44 INFO Utils: Fetching spark://localhost:39693/jars/org.apache.spark_spark-token-provider-kafka-0-10_2.12-3.5.0.jar to /tmp/spark-ce069aab-6757-4034-93d5-658ec99c0419/userFiles-f24a8575-acfc-4934-9549-8dd0a544585b/fetchFileTemp14488883055634789947.tmp
[2024-06-19T06:25:44.450+0000] {docker.py:413} INFO - 24/06/19 06:25:44 INFO Utils: /tmp/spark-ce069aab-6757-4034-93d5-658ec99c0419/userFiles-f24a8575-acfc-4934-9549-8dd0a544585b/fetchFileTemp14488883055634789947.tmp has been previously copied to /tmp/spark-ce069aab-6757-4034-93d5-658ec99c0419/userFiles-f24a8575-acfc-4934-9549-8dd0a544585b/org.apache.spark_spark-token-provider-kafka-0-10_2.12-3.5.0.jar
[2024-06-19T06:25:44.454+0000] {docker.py:413} INFO - 24/06/19 06:25:44 INFO Executor: Adding file:/tmp/spark-ce069aab-6757-4034-93d5-658ec99c0419/userFiles-f24a8575-acfc-4934-9549-8dd0a544585b/org.apache.spark_spark-token-provider-kafka-0-10_2.12-3.5.0.jar to class loader default
24/06/19 06:25:44 INFO Executor: Fetching spark://localhost:39693/jars/org.apache.kafka_kafka-clients-3.4.1.jar with timestamp 1718778343799
[2024-06-19T06:25:44.454+0000] {docker.py:413} INFO - 24/06/19 06:25:44 INFO Utils: Fetching spark://localhost:39693/jars/org.apache.kafka_kafka-clients-3.4.1.jar to /tmp/spark-ce069aab-6757-4034-93d5-658ec99c0419/userFiles-f24a8575-acfc-4934-9549-8dd0a544585b/fetchFileTemp7229190794208850211.tmp
[2024-06-19T06:25:44.464+0000] {docker.py:413} INFO - 24/06/19 06:25:44 INFO Utils: /tmp/spark-ce069aab-6757-4034-93d5-658ec99c0419/userFiles-f24a8575-acfc-4934-9549-8dd0a544585b/fetchFileTemp7229190794208850211.tmp has been previously copied to /tmp/spark-ce069aab-6757-4034-93d5-658ec99c0419/userFiles-f24a8575-acfc-4934-9549-8dd0a544585b/org.apache.kafka_kafka-clients-3.4.1.jar
[2024-06-19T06:25:44.466+0000] {docker.py:413} INFO - 24/06/19 06:25:44 INFO Executor: Adding file:/tmp/spark-ce069aab-6757-4034-93d5-658ec99c0419/userFiles-f24a8575-acfc-4934-9549-8dd0a544585b/org.apache.kafka_kafka-clients-3.4.1.jar to class loader default
24/06/19 06:25:44 INFO Executor: Fetching spark://localhost:39693/jars/org.checkerframework_checker-qual-3.5.0.jar with timestamp 1718778343799
[2024-06-19T06:25:44.467+0000] {docker.py:413} INFO - 24/06/19 06:25:44 INFO Utils: Fetching spark://localhost:39693/jars/org.checkerframework_checker-qual-3.5.0.jar to /tmp/spark-ce069aab-6757-4034-93d5-658ec99c0419/userFiles-f24a8575-acfc-4934-9549-8dd0a544585b/fetchFileTemp2501936087116866141.tmp
[2024-06-19T06:25:44.468+0000] {docker.py:413} INFO - 24/06/19 06:25:44 INFO Utils: /tmp/spark-ce069aab-6757-4034-93d5-658ec99c0419/userFiles-f24a8575-acfc-4934-9549-8dd0a544585b/fetchFileTemp2501936087116866141.tmp has been previously copied to /tmp/spark-ce069aab-6757-4034-93d5-658ec99c0419/userFiles-f24a8575-acfc-4934-9549-8dd0a544585b/org.checkerframework_checker-qual-3.5.0.jar
[2024-06-19T06:25:44.469+0000] {docker.py:413} INFO - 24/06/19 06:25:44 INFO Executor: Adding file:/tmp/spark-ce069aab-6757-4034-93d5-658ec99c0419/userFiles-f24a8575-acfc-4934-9549-8dd0a544585b/org.checkerframework_checker-qual-3.5.0.jar to class loader default
[2024-06-19T06:25:44.470+0000] {docker.py:413} INFO - 24/06/19 06:25:44 INFO Executor: Fetching spark://localhost:39693/jars/org.apache.spark_spark-sql-kafka-0-10_2.12-3.5.0.jar with timestamp 1718778343799
[2024-06-19T06:25:44.470+0000] {docker.py:413} INFO - 24/06/19 06:25:44 INFO Utils: Fetching spark://localhost:39693/jars/org.apache.spark_spark-sql-kafka-0-10_2.12-3.5.0.jar to /tmp/spark-ce069aab-6757-4034-93d5-658ec99c0419/userFiles-f24a8575-acfc-4934-9549-8dd0a544585b/fetchFileTemp5030867847802468349.tmp
[2024-06-19T06:25:44.472+0000] {docker.py:413} INFO - 24/06/19 06:25:44 INFO Utils: /tmp/spark-ce069aab-6757-4034-93d5-658ec99c0419/userFiles-f24a8575-acfc-4934-9549-8dd0a544585b/fetchFileTemp5030867847802468349.tmp has been previously copied to /tmp/spark-ce069aab-6757-4034-93d5-658ec99c0419/userFiles-f24a8575-acfc-4934-9549-8dd0a544585b/org.apache.spark_spark-sql-kafka-0-10_2.12-3.5.0.jar
[2024-06-19T06:25:44.473+0000] {docker.py:413} INFO - 24/06/19 06:25:44 INFO Executor: Adding file:/tmp/spark-ce069aab-6757-4034-93d5-658ec99c0419/userFiles-f24a8575-acfc-4934-9549-8dd0a544585b/org.apache.spark_spark-sql-kafka-0-10_2.12-3.5.0.jar to class loader default
[2024-06-19T06:25:44.473+0000] {docker.py:413} INFO - 24/06/19 06:25:44 INFO Executor: Fetching spark://localhost:39693/jars/org.slf4j_slf4j-api-2.0.7.jar with timestamp 1718778343799
[2024-06-19T06:25:44.480+0000] {docker.py:413} INFO - 24/06/19 06:25:44 INFO Utils: Fetching spark://localhost:39693/jars/org.slf4j_slf4j-api-2.0.7.jar to /tmp/spark-ce069aab-6757-4034-93d5-658ec99c0419/userFiles-f24a8575-acfc-4934-9549-8dd0a544585b/fetchFileTemp7580543763083778486.tmp
[2024-06-19T06:25:44.480+0000] {docker.py:413} INFO - 24/06/19 06:25:44 INFO Utils: /tmp/spark-ce069aab-6757-4034-93d5-658ec99c0419/userFiles-f24a8575-acfc-4934-9549-8dd0a544585b/fetchFileTemp7580543763083778486.tmp has been previously copied to /tmp/spark-ce069aab-6757-4034-93d5-658ec99c0419/userFiles-f24a8575-acfc-4934-9549-8dd0a544585b/org.slf4j_slf4j-api-2.0.7.jar
[2024-06-19T06:25:44.481+0000] {docker.py:413} INFO - 24/06/19 06:25:44 INFO Executor: Adding file:/tmp/spark-ce069aab-6757-4034-93d5-658ec99c0419/userFiles-f24a8575-acfc-4934-9549-8dd0a544585b/org.slf4j_slf4j-api-2.0.7.jar to class loader default
[2024-06-19T06:25:44.482+0000] {docker.py:413} INFO - 24/06/19 06:25:44 INFO Executor: Fetching spark://localhost:39693/jars/com.google.code.findbugs_jsr305-3.0.0.jar with timestamp 1718778343799
[2024-06-19T06:25:44.482+0000] {docker.py:413} INFO - 24/06/19 06:25:44 INFO Utils: Fetching spark://localhost:39693/jars/com.google.code.findbugs_jsr305-3.0.0.jar to /tmp/spark-ce069aab-6757-4034-93d5-658ec99c0419/userFiles-f24a8575-acfc-4934-9549-8dd0a544585b/fetchFileTemp13828188225054476083.tmp
[2024-06-19T06:25:44.482+0000] {docker.py:413} INFO - 24/06/19 06:25:44 INFO Utils: /tmp/spark-ce069aab-6757-4034-93d5-658ec99c0419/userFiles-f24a8575-acfc-4934-9549-8dd0a544585b/fetchFileTemp13828188225054476083.tmp has been previously copied to /tmp/spark-ce069aab-6757-4034-93d5-658ec99c0419/userFiles-f24a8575-acfc-4934-9549-8dd0a544585b/com.google.code.findbugs_jsr305-3.0.0.jar
[2024-06-19T06:25:44.484+0000] {docker.py:413} INFO - 24/06/19 06:25:44 INFO Executor: Adding file:/tmp/spark-ce069aab-6757-4034-93d5-658ec99c0419/userFiles-f24a8575-acfc-4934-9549-8dd0a544585b/com.google.code.findbugs_jsr305-3.0.0.jar to class loader default
[2024-06-19T06:25:44.484+0000] {docker.py:413} INFO - 24/06/19 06:25:44 INFO Executor: Fetching spark://localhost:39693/jars/org.xerial.snappy_snappy-java-1.1.10.3.jar with timestamp 1718778343799
[2024-06-19T06:25:44.485+0000] {docker.py:413} INFO - 24/06/19 06:25:44 INFO Utils: Fetching spark://localhost:39693/jars/org.xerial.snappy_snappy-java-1.1.10.3.jar to /tmp/spark-ce069aab-6757-4034-93d5-658ec99c0419/userFiles-f24a8575-acfc-4934-9549-8dd0a544585b/fetchFileTemp12129244053167931874.tmp
[2024-06-19T06:25:44.488+0000] {docker.py:413} INFO - 24/06/19 06:25:44 INFO Utils: /tmp/spark-ce069aab-6757-4034-93d5-658ec99c0419/userFiles-f24a8575-acfc-4934-9549-8dd0a544585b/fetchFileTemp12129244053167931874.tmp has been previously copied to /tmp/spark-ce069aab-6757-4034-93d5-658ec99c0419/userFiles-f24a8575-acfc-4934-9549-8dd0a544585b/org.xerial.snappy_snappy-java-1.1.10.3.jar
[2024-06-19T06:25:44.489+0000] {docker.py:413} INFO - 24/06/19 06:25:44 INFO Executor: Adding file:/tmp/spark-ce069aab-6757-4034-93d5-658ec99c0419/userFiles-f24a8575-acfc-4934-9549-8dd0a544585b/org.xerial.snappy_snappy-java-1.1.10.3.jar to class loader default
24/06/19 06:25:44 INFO Executor: Fetching spark://localhost:39693/jars/org.lz4_lz4-java-1.8.0.jar with timestamp 1718778343799
[2024-06-19T06:25:44.489+0000] {docker.py:413} INFO - 24/06/19 06:25:44 INFO Utils: Fetching spark://localhost:39693/jars/org.lz4_lz4-java-1.8.0.jar to /tmp/spark-ce069aab-6757-4034-93d5-658ec99c0419/userFiles-f24a8575-acfc-4934-9549-8dd0a544585b/fetchFileTemp14426221189103175869.tmp
[2024-06-19T06:25:44.491+0000] {docker.py:413} INFO - 24/06/19 06:25:44 INFO Utils: /tmp/spark-ce069aab-6757-4034-93d5-658ec99c0419/userFiles-f24a8575-acfc-4934-9549-8dd0a544585b/fetchFileTemp14426221189103175869.tmp has been previously copied to /tmp/spark-ce069aab-6757-4034-93d5-658ec99c0419/userFiles-f24a8575-acfc-4934-9549-8dd0a544585b/org.lz4_lz4-java-1.8.0.jar
[2024-06-19T06:25:44.492+0000] {docker.py:413} INFO - 24/06/19 06:25:44 INFO Executor: Adding file:/tmp/spark-ce069aab-6757-4034-93d5-658ec99c0419/userFiles-f24a8575-acfc-4934-9549-8dd0a544585b/org.lz4_lz4-java-1.8.0.jar to class loader default
[2024-06-19T06:25:44.493+0000] {docker.py:413} INFO - 24/06/19 06:25:44 INFO Executor: Fetching spark://localhost:39693/jars/org.postgresql_postgresql-42.5.4.jar with timestamp 1718778343799
[2024-06-19T06:25:44.493+0000] {docker.py:413} INFO - 24/06/19 06:25:44 INFO Utils: Fetching spark://localhost:39693/jars/org.postgresql_postgresql-42.5.4.jar to /tmp/spark-ce069aab-6757-4034-93d5-658ec99c0419/userFiles-f24a8575-acfc-4934-9549-8dd0a544585b/fetchFileTemp9795324943106251274.tmp
[2024-06-19T06:25:44.498+0000] {docker.py:413} INFO - 24/06/19 06:25:44 INFO Utils: /tmp/spark-ce069aab-6757-4034-93d5-658ec99c0419/userFiles-f24a8575-acfc-4934-9549-8dd0a544585b/fetchFileTemp9795324943106251274.tmp has been previously copied to /tmp/spark-ce069aab-6757-4034-93d5-658ec99c0419/userFiles-f24a8575-acfc-4934-9549-8dd0a544585b/org.postgresql_postgresql-42.5.4.jar
[2024-06-19T06:25:44.499+0000] {docker.py:413} INFO - 24/06/19 06:25:44 INFO Executor: Adding file:/tmp/spark-ce069aab-6757-4034-93d5-658ec99c0419/userFiles-f24a8575-acfc-4934-9549-8dd0a544585b/org.postgresql_postgresql-42.5.4.jar to class loader default
[2024-06-19T06:25:44.500+0000] {docker.py:413} INFO - 24/06/19 06:25:44 INFO Executor: Fetching spark://localhost:39693/jars/org.apache.commons_commons-pool2-2.11.1.jar with timestamp 1718778343799
[2024-06-19T06:25:44.501+0000] {docker.py:413} INFO - 24/06/19 06:25:44 INFO Utils: Fetching spark://localhost:39693/jars/org.apache.commons_commons-pool2-2.11.1.jar to /tmp/spark-ce069aab-6757-4034-93d5-658ec99c0419/userFiles-f24a8575-acfc-4934-9549-8dd0a544585b/fetchFileTemp2505390611109938965.tmp
[2024-06-19T06:25:44.501+0000] {docker.py:413} INFO - 24/06/19 06:25:44 INFO Utils: /tmp/spark-ce069aab-6757-4034-93d5-658ec99c0419/userFiles-f24a8575-acfc-4934-9549-8dd0a544585b/fetchFileTemp2505390611109938965.tmp has been previously copied to /tmp/spark-ce069aab-6757-4034-93d5-658ec99c0419/userFiles-f24a8575-acfc-4934-9549-8dd0a544585b/org.apache.commons_commons-pool2-2.11.1.jar
[2024-06-19T06:25:44.502+0000] {docker.py:413} INFO - 24/06/19 06:25:44 INFO Executor: Adding file:/tmp/spark-ce069aab-6757-4034-93d5-658ec99c0419/userFiles-f24a8575-acfc-4934-9549-8dd0a544585b/org.apache.commons_commons-pool2-2.11.1.jar to class loader default
24/06/19 06:25:44 INFO Executor: Fetching spark://localhost:39693/jars/org.apache.hadoop_hadoop-client-api-3.3.4.jar with timestamp 1718778343799
[2024-06-19T06:25:44.502+0000] {docker.py:413} INFO - 24/06/19 06:25:44 INFO Utils: Fetching spark://localhost:39693/jars/org.apache.hadoop_hadoop-client-api-3.3.4.jar to /tmp/spark-ce069aab-6757-4034-93d5-658ec99c0419/userFiles-f24a8575-acfc-4934-9549-8dd0a544585b/fetchFileTemp10530315136318856133.tmp
[2024-06-19T06:25:44.528+0000] {docker.py:413} INFO - 24/06/19 06:25:44 INFO Utils: /tmp/spark-ce069aab-6757-4034-93d5-658ec99c0419/userFiles-f24a8575-acfc-4934-9549-8dd0a544585b/fetchFileTemp10530315136318856133.tmp has been previously copied to /tmp/spark-ce069aab-6757-4034-93d5-658ec99c0419/userFiles-f24a8575-acfc-4934-9549-8dd0a544585b/org.apache.hadoop_hadoop-client-api-3.3.4.jar
[2024-06-19T06:25:44.530+0000] {docker.py:413} INFO - 24/06/19 06:25:44 INFO Executor: Adding file:/tmp/spark-ce069aab-6757-4034-93d5-658ec99c0419/userFiles-f24a8575-acfc-4934-9549-8dd0a544585b/org.apache.hadoop_hadoop-client-api-3.3.4.jar to class loader default
[2024-06-19T06:25:44.538+0000] {docker.py:413} INFO - 24/06/19 06:25:44 INFO Utils: Successfully started service 'org.apache.spark.network.netty.NettyBlockTransferService' on port 44907.
24/06/19 06:25:44 INFO NettyBlockTransferService: Server created on localhost:44907
[2024-06-19T06:25:44.539+0000] {docker.py:413} INFO - 24/06/19 06:25:44 INFO BlockManager: Using org.apache.spark.storage.RandomBlockReplicationPolicy for block replication policy
[2024-06-19T06:25:44.544+0000] {docker.py:413} INFO - 24/06/19 06:25:44 INFO BlockManagerMaster: Registering BlockManager BlockManagerId(driver, localhost, 44907, None)
[2024-06-19T06:25:44.547+0000] {docker.py:413} INFO - 24/06/19 06:25:44 INFO BlockManagerMasterEndpoint: Registering block manager localhost:44907 with 434.4 MiB RAM, BlockManagerId(driver, localhost, 44907, None)
[2024-06-19T06:25:44.548+0000] {docker.py:413} INFO - 24/06/19 06:25:44 INFO BlockManagerMaster: Registered BlockManager BlockManagerId(driver, localhost, 44907, None)
[2024-06-19T06:25:44.549+0000] {docker.py:413} INFO - 24/06/19 06:25:44 INFO BlockManager: Initialized BlockManager: BlockManagerId(driver, localhost, 44907, None)
[2024-06-19T06:25:44.743+0000] {docker.py:413} INFO - 2024-06-19 06:25:44,742:create_spark_session:INFO:Spark session created successfully
[2024-06-19T06:25:44.747+0000] {docker.py:413} INFO - 24/06/19 06:25:44 INFO SharedState: Setting hive.metastore.warehouse.dir ('null') to the value of spark.sql.warehouse.dir.
[2024-06-19T06:25:44.748+0000] {docker.py:413} INFO - 24/06/19 06:25:44 INFO SharedState: Warehouse path is 'file:/opt/bitnami/spark/spark-warehouse'.
[2024-06-19T06:25:45.407+0000] {docker.py:413} INFO - 2024-06-19 06:25:45,406:create_initial_dataframe:INFO:Initial dataframe created successfully
[2024-06-19T06:25:45.416+0000] {docker.py:413} INFO - 2024-06-19 06:25:45,415:create_initial_dataframe:INFO:Initial dataframe created successfully
[2024-06-19T06:25:45.425+0000] {docker.py:413} INFO - 2024-06-19 06:25:45,424:create_initial_dataframe:INFO:Initial dataframe created successfully
[2024-06-19T06:25:45.590+0000] {docker.py:413} INFO - 24/06/19 06:25:45 WARN SparkStringUtils: Truncated the string representation of a plan since it was too large. This behavior can be adjusted by setting 'spark.sql.debug.maxToStringFields'.
[2024-06-19T06:25:45.642+0000] {docker.py:413} INFO - Traceback (most recent call last):
  File "/opt/bitnami/spark/spark_streaming.py", line 153, in <module>
[2024-06-19T06:25:45.642+0000] {docker.py:413} INFO - write_to_postgres()
  File "/opt/bitnami/spark/spark_streaming.py", line 148, in write_to_postgres
    df_final = create_final_dataframe(df)
               ^^^^^^^^^^^^^^^^^^^^^^^^^^
  File "/opt/bitnami/spark/spark_streaming.py", line 100, in create_final_dataframe
[2024-06-19T06:25:45.642+0000] {docker.py:413} INFO - df_out.update(df1)
TypeError: cannot convert dictionary update sequence element #0 to a sequence
[2024-06-19T06:25:45.643+0000] {docker.py:413} INFO - 2024-06-19 06:25:45,640:close:INFO:Closing down clientserver connection
[2024-06-19T06:25:45.659+0000] {docker.py:413} INFO - 24/06/19 06:25:45 INFO SparkContext: Invoking stop() from shutdown hook
[2024-06-19T06:25:45.660+0000] {docker.py:413} INFO - 24/06/19 06:25:45 INFO SparkContext: SparkContext is stopping with exitCode 0.
[2024-06-19T06:25:45.665+0000] {docker.py:413} INFO - 24/06/19 06:25:45 INFO SparkUI: Stopped Spark web UI at http://localhost:4040
[2024-06-19T06:25:45.671+0000] {docker.py:413} INFO - 24/06/19 06:25:45 INFO MapOutputTrackerMasterEndpoint: MapOutputTrackerMasterEndpoint stopped!
[2024-06-19T06:25:45.679+0000] {docker.py:413} INFO - 24/06/19 06:25:45 INFO MemoryStore: MemoryStore cleared
[2024-06-19T06:25:45.679+0000] {docker.py:413} INFO - 24/06/19 06:25:45 INFO BlockManager: BlockManager stopped
[2024-06-19T06:25:45.681+0000] {docker.py:413} INFO - 24/06/19 06:25:45 INFO BlockManagerMaster: BlockManagerMaster stopped
[2024-06-19T06:25:45.682+0000] {docker.py:413} INFO - 24/06/19 06:25:45 INFO OutputCommitCoordinator$OutputCommitCoordinatorEndpoint: OutputCommitCoordinator stopped!
[2024-06-19T06:25:45.689+0000] {docker.py:413} INFO - 24/06/19 06:25:45 INFO SparkContext: Successfully stopped SparkContext
[2024-06-19T06:25:45.690+0000] {docker.py:413} INFO - 24/06/19 06:25:45 INFO ShutdownHookManager: Shutdown hook called
[2024-06-19T06:25:45.690+0000] {docker.py:413} INFO - 24/06/19 06:25:45 INFO ShutdownHookManager: Deleting directory /tmp/spark-ce069aab-6757-4034-93d5-658ec99c0419
[2024-06-19T06:25:45.691+0000] {docker.py:413} INFO - 24/06/19 06:25:45 INFO ShutdownHookManager: Deleting directory /tmp/spark-ce069aab-6757-4034-93d5-658ec99c0419/pyspark-53d98a2a-2d99-4c5b-87b0-ccaa0e8f14f3
[2024-06-19T06:25:45.693+0000] {docker.py:413} INFO - 24/06/19 06:25:45 INFO ShutdownHookManager: Deleting directory /tmp/spark-84cfe4b3-29d4-441d-b24d-e8bf140ea07d
[2024-06-19T06:25:45.997+0000] {taskinstance.py:1937} ERROR - Task failed with exception
Traceback (most recent call last):
  File "/home/airflow/.local/lib/python3.8/site-packages/docker/api/client.py", line 268, in _raise_for_status
    response.raise_for_status()
  File "/home/airflow/.local/lib/python3.8/site-packages/requests/models.py", line 1021, in raise_for_status
    raise HTTPError(http_error_msg, response=self)
requests.exceptions.HTTPError: 400 Client Error: Bad Request for url: http://docker-proxy:2375/v1.44/containers/create

The above exception was the direct cause of the following exception:

Traceback (most recent call last):
  File "/home/airflow/.local/lib/python3.8/site-packages/airflow/providers/docker/operators/docker.py", line 348, in _run_image
    return self._run_image_with_mounts([*self.mounts, tmp_mount], add_tmp_variable=True)
  File "/home/airflow/.local/lib/python3.8/site-packages/airflow/providers/docker/operators/docker.py", line 375, in _run_image_with_mounts
    self.container = self.cli.create_container(
  File "/home/airflow/.local/lib/python3.8/site-packages/docker/api/container.py", line 431, in create_container
    return self.create_container_from_config(config, name, platform)
  File "/home/airflow/.local/lib/python3.8/site-packages/docker/api/container.py", line 448, in create_container_from_config
    return self._result(res, True)
  File "/home/airflow/.local/lib/python3.8/site-packages/docker/api/client.py", line 274, in _result
    self._raise_for_status(response)
  File "/home/airflow/.local/lib/python3.8/site-packages/docker/api/client.py", line 270, in _raise_for_status
    raise create_api_error_from_http_exception(e) from e
  File "/home/airflow/.local/lib/python3.8/site-packages/docker/errors.py", line 39, in create_api_error_from_http_exception
    raise cls(e, response=response, explanation=explanation) from e
docker.errors.APIError: 400 Client Error for http://docker-proxy:2375/v1.44/containers/create: Bad Request ("invalid mount config for type "bind": bind source path does not exist: /host_mnt/private/tmp/airflowtmp8kdif0q5")

During handling of the above exception, another exception occurred:

Traceback (most recent call last):
  File "/home/airflow/.local/lib/python3.8/site-packages/airflow/providers/docker/operators/docker.py", line 486, in execute
    return self._run_image()
  File "/home/airflow/.local/lib/python3.8/site-packages/airflow/providers/docker/operators/docker.py", line 357, in _run_image
    return self._run_image_with_mounts(self.mounts, add_tmp_variable=False)
  File "/home/airflow/.local/lib/python3.8/site-packages/airflow/providers/docker/operators/docker.py", line 421, in _run_image_with_mounts
    raise DockerContainerFailedException(f"Docker container failed: {result!r}", logs=log_lines)
airflow.providers.docker.exceptions.DockerContainerFailedException: Docker container failed: {'StatusCode': 1}
[2024-06-19T06:25:46.002+0000] {taskinstance.py:1400} INFO - Marking task as FAILED. dag_id=kafka_spark_dag, task_id=pyspark_consumer, execution_date=20240619T061905, start_date=20240619T062458, end_date=20240619T062546
[2024-06-19T06:25:46.034+0000] {standard_task_runner.py:104} ERROR - Failed to execute job 83 for task pyspark_consumer (Docker container failed: {'StatusCode': 1}; 12307)
[2024-06-19T06:25:46.062+0000] {local_task_job_runner.py:228} INFO - Task exited with return code 1
[2024-06-19T06:25:46.079+0000] {taskinstance.py:2778} INFO - 0 downstream tasks scheduled from follow-on schedule check
