[2024-06-20T12:41:39.894+0000] {taskinstance.py:1159} INFO - Dependencies all met for dep_context=non-requeueable deps ti=<TaskInstance: kafka_spark_dag.pyspark_consumer scheduled__2024-06-20T12:11:26.109871+00:00 [queued]>
[2024-06-20T12:41:39.903+0000] {taskinstance.py:1159} INFO - Dependencies all met for dep_context=requeueable deps ti=<TaskInstance: kafka_spark_dag.pyspark_consumer scheduled__2024-06-20T12:11:26.109871+00:00 [queued]>
[2024-06-20T12:41:39.905+0000] {taskinstance.py:1361} INFO - Starting attempt 1 of 2
[2024-06-20T12:41:39.921+0000] {taskinstance.py:1382} INFO - Executing <Task(DockerOperator): pyspark_consumer> on 2024-06-20 12:11:26.109871+00:00
[2024-06-20T12:41:39.925+0000] {standard_task_runner.py:57} INFO - Started process 1133 to run task
[2024-06-20T12:41:39.928+0000] {standard_task_runner.py:84} INFO - Running: ['***', 'tasks', 'run', 'kafka_spark_dag', 'pyspark_consumer', 'scheduled__2024-06-20T12:11:26.109871+00:00', '--job-id', '222', '--raw', '--subdir', 'DAGS_FOLDER/dag_kafka_spark.py', '--cfg-path', '/tmp/tmpl7miu2f1']
[2024-06-20T12:41:39.929+0000] {standard_task_runner.py:85} INFO - Job 222: Subtask pyspark_consumer
[2024-06-20T12:41:39.958+0000] {task_command.py:416} INFO - Running <TaskInstance: kafka_spark_dag.pyspark_consumer scheduled__2024-06-20T12:11:26.109871+00:00 [running]> on host 2ad9230613d5
[2024-06-20T12:41:40.023+0000] {taskinstance.py:1662} INFO - Exporting env vars: AIRFLOW_CTX_DAG_OWNER='***' AIRFLOW_CTX_DAG_ID='kafka_spark_dag' AIRFLOW_CTX_TASK_ID='pyspark_consumer' AIRFLOW_CTX_EXECUTION_DATE='2024-06-20T12:11:26.109871+00:00' AIRFLOW_CTX_TRY_NUMBER='1' AIRFLOW_CTX_DAG_RUN_ID='scheduled__2024-06-20T12:11:26.109871+00:00'
[2024-06-20T12:41:40.121+0000] {docker.py:343} INFO - Starting docker container from image rappel-conso/spark:latest
[2024-06-20T12:41:40.180+0000] {docker.py:351} WARNING - Using remote engine or docker-in-docker and mounting temporary volume from host is not supported. Falling back to `mount_tmp_dir=False` mode. You can set `mount_tmp_dir` parameter to False to disable mounting and remove the warning
[2024-06-20T12:41:40.885+0000] {docker.py:413} INFO - [38;5;6mspark [38;5;5m12:41:40.87 [0m[38;5;2mINFO [0m ==>
[2024-06-20T12:41:40.889+0000] {docker.py:413} INFO - [38;5;6mspark [38;5;5m12:41:40.87 [0m[38;5;2mINFO [0m ==> [1mWelcome to the Bitnami spark container[0m
[2024-06-20T12:41:40.892+0000] {docker.py:413} INFO - [38;5;6mspark [38;5;5m12:41:40.88 [0m[38;5;2mINFO [0m ==> Subscribe to project updates by watching [1mhttps://github.com/bitnami/containers[0m
[2024-06-20T12:41:40.897+0000] {docker.py:413} INFO - [38;5;6mspark [38;5;5m12:41:40.88 [0m[38;5;2mINFO [0m ==> Submit issues and feature requests at [1mhttps://github.com/bitnami/containers/issues[0m
[2024-06-20T12:41:40.898+0000] {docker.py:413} INFO - [38;5;6mspark [38;5;5m12:41:40.88 [0m[38;5;2mINFO [0m ==>
[2024-06-20T12:41:40.903+0000] {docker.py:413} INFO - 
[2024-06-20T12:41:43.017+0000] {docker.py:413} INFO - :: loading settings :: url = jar:file:/opt/bitnami/spark/jars/ivy-2.5.1.jar!/org/apache/ivy/core/settings/ivysettings.xml
[2024-06-20T12:41:43.102+0000] {docker.py:413} INFO - Ivy Default Cache set to: /opt/bitnami/spark/.ivy2/cache
The jars for the packages stored in: /opt/bitnami/spark/.ivy2/jars
[2024-06-20T12:41:43.107+0000] {docker.py:413} INFO - org.postgresql#postgresql added as a dependency
org.apache.spark#spark-sql-kafka-0-10_2.12 added as a dependency
[2024-06-20T12:41:43.112+0000] {docker.py:413} INFO - :: resolving dependencies :: org.apache.spark#spark-submit-parent-b686da96-d615-4319-ae6c-09ad6d162c44;1.0
	confs: [default]
[2024-06-20T12:41:44.890+0000] {docker.py:413} INFO - found org.postgresql#postgresql;42.5.4 in central
[2024-06-20T12:41:45.923+0000] {docker.py:413} INFO - found org.checkerframework#checker-qual;3.5.0 in central
[2024-06-20T12:41:48.942+0000] {docker.py:413} INFO - found org.apache.spark#spark-sql-kafka-0-10_2.12;3.5.0 in central
[2024-06-20T12:41:49.620+0000] {docker.py:413} INFO - found org.apache.spark#spark-token-provider-kafka-0-10_2.12;3.5.0 in central
[2024-06-20T12:41:50.165+0000] {docker.py:413} INFO - found org.apache.kafka#kafka-clients;3.4.1 in central
[2024-06-20T12:41:50.719+0000] {docker.py:413} INFO - found org.lz4#lz4-java;1.8.0 in central
[2024-06-20T12:41:51.266+0000] {docker.py:413} INFO - found org.xerial.snappy#snappy-java;1.1.10.3 in central
[2024-06-20T12:41:52.637+0000] {docker.py:413} INFO - found org.slf4j#slf4j-api;2.0.7 in central
[2024-06-20T12:41:54.942+0000] {docker.py:413} INFO - found org.apache.hadoop#hadoop-client-runtime;3.3.4 in central
[2024-06-20T12:41:55.510+0000] {docker.py:413} INFO - found org.apache.hadoop#hadoop-client-api;3.3.4 in central
[2024-06-20T12:41:58.034+0000] {docker.py:413} INFO - found commons-logging#commons-logging;1.1.3 in central
[2024-06-20T12:41:58.762+0000] {docker.py:413} INFO - found com.google.code.findbugs#jsr305;3.0.0 in central
[2024-06-20T12:42:01.909+0000] {docker.py:413} INFO - found org.apache.commons#commons-pool2;2.11.1 in central
[2024-06-20T12:42:02.292+0000] {docker.py:413} INFO - downloading https://repo1.maven.org/maven2/org/postgresql/postgresql/42.5.4/postgresql-42.5.4.jar ...
[2024-06-20T12:42:03.707+0000] {docker.py:413} INFO - [SUCCESSFUL ] org.postgresql#postgresql;42.5.4!postgresql.jar (1790ms)
[2024-06-20T12:42:03.969+0000] {docker.py:413} INFO - downloading https://repo1.maven.org/maven2/org/apache/spark/spark-sql-kafka-0-10_2.12/3.5.0/spark-sql-kafka-0-10_2.12-3.5.0.jar ...
[2024-06-20T12:42:04.652+0000] {docker.py:413} INFO - [SUCCESSFUL ] org.apache.spark#spark-sql-kafka-0-10_2.12;3.5.0!spark-sql-kafka-0-10_2.12.jar (944ms)
[2024-06-20T12:42:04.907+0000] {docker.py:413} INFO - downloading https://repo1.maven.org/maven2/org/checkerframework/checker-qual/3.5.0/checker-qual-3.5.0.jar ...
[2024-06-20T12:42:05.339+0000] {docker.py:413} INFO - [SUCCESSFUL ] org.checkerframework#checker-qual;3.5.0!checker-qual.jar (683ms)
[2024-06-20T12:42:05.594+0000] {docker.py:413} INFO - downloading https://repo1.maven.org/maven2/org/apache/spark/spark-token-provider-kafka-0-10_2.12/3.5.0/spark-token-provider-kafka-0-10_2.12-3.5.0.jar ...
[2024-06-20T12:42:05.896+0000] {docker.py:413} INFO - [SUCCESSFUL ] org.apache.spark#spark-token-provider-kafka-0-10_2.12;3.5.0!spark-token-provider-kafka-0-10_2.12.jar (557ms)
[2024-06-20T12:42:06.158+0000] {docker.py:413} INFO - downloading https://repo1.maven.org/maven2/org/apache/kafka/kafka-clients/3.4.1/kafka-clients-3.4.1.jar ...
[2024-06-20T12:42:10.064+0000] {docker.py:413} INFO - [SUCCESSFUL ] org.apache.kafka#kafka-clients;3.4.1!kafka-clients.jar (4164ms)
[2024-06-20T12:42:10.335+0000] {docker.py:413} INFO - downloading https://repo1.maven.org/maven2/com/google/code/findbugs/jsr305/3.0.0/jsr305-3.0.0.jar ...
[2024-06-20T12:42:10.592+0000] {docker.py:413} INFO - [SUCCESSFUL ] com.google.code.findbugs#jsr305;3.0.0!jsr305.jar (524ms)
[2024-06-20T12:42:10.873+0000] {docker.py:413} INFO - downloading https://repo1.maven.org/maven2/org/apache/commons/commons-pool2/2.11.1/commons-pool2-2.11.1.jar ...
[2024-06-20T12:42:11.206+0000] {docker.py:413} INFO - [SUCCESSFUL ] org.apache.commons#commons-pool2;2.11.1!commons-pool2.jar (612ms)
[2024-06-20T12:42:11.470+0000] {docker.py:413} INFO - downloading https://repo1.maven.org/maven2/org/apache/hadoop/hadoop-client-runtime/3.3.4/hadoop-client-runtime-3.3.4.jar ...
[2024-06-20T12:42:19.010+0000] {docker.py:413} INFO - [SUCCESSFUL ] org.apache.hadoop#hadoop-client-runtime;3.3.4!hadoop-client-runtime.jar (7801ms)
[2024-06-20T12:42:19.262+0000] {docker.py:413} INFO - downloading https://repo1.maven.org/maven2/org/lz4/lz4-java/1.8.0/lz4-java-1.8.0.jar ...
[2024-06-20T12:42:19.593+0000] {docker.py:413} INFO - [SUCCESSFUL ] org.lz4#lz4-java;1.8.0!lz4-java.jar (580ms)
[2024-06-20T12:42:19.862+0000] {docker.py:413} INFO - downloading https://repo1.maven.org/maven2/org/xerial/snappy/snappy-java/1.1.10.3/snappy-java-1.1.10.3.jar ...
[2024-06-20T12:42:20.386+0000] {docker.py:413} INFO - [SUCCESSFUL ] org.xerial.snappy#snappy-java;1.1.10.3!snappy-java.jar(bundle) (789ms)
[2024-06-20T12:42:20.646+0000] {docker.py:413} INFO - downloading https://repo1.maven.org/maven2/org/slf4j/slf4j-api/2.0.7/slf4j-api-2.0.7.jar ...
[2024-06-20T12:42:20.912+0000] {docker.py:413} INFO - [SUCCESSFUL ] org.slf4j#slf4j-api;2.0.7!slf4j-api.jar (524ms)
[2024-06-20T12:42:21.205+0000] {docker.py:413} INFO - downloading https://repo1.maven.org/maven2/org/apache/hadoop/hadoop-client-api/3.3.4/hadoop-client-api-3.3.4.jar ...
[2024-06-20T12:42:23.562+0000] {docker.py:413} INFO - [SUCCESSFUL ] org.apache.hadoop#hadoop-client-api;3.3.4!hadoop-client-api.jar (2649ms)
[2024-06-20T12:42:23.903+0000] {docker.py:413} INFO - downloading https://repo1.maven.org/maven2/commons-logging/commons-logging/1.1.3/commons-logging-1.1.3.jar ...
[2024-06-20T12:42:24.172+0000] {docker.py:413} INFO - [SUCCESSFUL ] commons-logging#commons-logging;1.1.3!commons-logging.jar (605ms)
[2024-06-20T12:42:24.173+0000] {docker.py:413} INFO - :: resolution report :: resolve 18811ms :: artifacts dl 22253ms
[2024-06-20T12:42:24.173+0000] {docker.py:413} INFO - :: modules in use:
[2024-06-20T12:42:24.173+0000] {docker.py:413} INFO - com.google.code.findbugs#jsr305;3.0.0 from central in [default]
	commons-logging#commons-logging;1.1.3 from central in [default]
	org.apache.commons#commons-pool2;2.11.1 from central in [default]
	org.apache.hadoop#hadoop-client-api;3.3.4 from central in [default]
	org.apache.hadoop#hadoop-client-runtime;3.3.4 from central in [default]
	org.apache.kafka#kafka-clients;3.4.1 from central in [default]
	org.apache.spark#spark-sql-kafka-0-10_2.12;3.5.0 from central in [default]
	org.apache.spark#spark-token-provider-kafka-0-10_2.12;3.5.0 from central in [default]
	org.checkerframework#checker-qual;3.5.0 from central in [default]
	org.lz4#lz4-java;1.8.0 from central in [default]
	org.postgresql#postgresql;42.5.4 from central in [default]
	org.slf4j#slf4j-api;2.0.7 from central in [default]
	org.xerial.snappy#snappy-java;1.1.10.3 from central in [default]
	---------------------------------------------------------------------
	|                  |            modules            ||   artifacts   |
	|       conf       | number| search|dwnlded|evicted|| number|dwnlded|
	---------------------------------------------------------------------
	|      default     |   13  |   13  |   13  |   0   ||   13  |   13  |
	---------------------------------------------------------------------
[2024-06-20T12:42:24.182+0000] {docker.py:413} INFO - :: retrieving :: org.apache.spark#spark-submit-parent-b686da96-d615-4319-ae6c-09ad6d162c44
[2024-06-20T12:42:24.182+0000] {docker.py:413} INFO - confs: [default]
[2024-06-20T12:42:24.271+0000] {docker.py:413} INFO - 13 artifacts copied, 0 already retrieved (58001kB/89ms)
[2024-06-20T12:42:24.445+0000] {docker.py:413} INFO - 24/06/20 12:42:24 WARN NativeCodeLoader: Unable to load native-hadoop library for your platform... using builtin-java classes where applicable
[2024-06-20T12:42:25.197+0000] {docker.py:413} INFO - 24/06/20 12:42:25 INFO SparkContext: Running Spark version 3.5.0
[2024-06-20T12:42:25.198+0000] {docker.py:413} INFO - 24/06/20 12:42:25 INFO SparkContext: OS info Linux, 6.6.12-linuxkit, aarch64
[2024-06-20T12:42:25.198+0000] {docker.py:413} INFO - 24/06/20 12:42:25 INFO SparkContext: Java version 17.0.10
[2024-06-20T12:42:25.211+0000] {docker.py:413} INFO - 24/06/20 12:42:25 INFO ResourceUtils: ==============================================================
[2024-06-20T12:42:25.212+0000] {docker.py:413} INFO - 24/06/20 12:42:25 INFO ResourceUtils: No custom resources configured for spark.driver.
24/06/20 12:42:25 INFO ResourceUtils: ==============================================================
[2024-06-20T12:42:25.212+0000] {docker.py:413} INFO - 24/06/20 12:42:25 INFO SparkContext: Submitted application: PostgreSQL Connection with PySpark
[2024-06-20T12:42:25.224+0000] {docker.py:413} INFO - 24/06/20 12:42:25 INFO ResourceProfile: Default ResourceProfile created, executor resources: Map(cores -> name: cores, amount: 1, script: , vendor: , memory -> name: memory, amount: 1024, script: , vendor: , offHeap -> name: offHeap, amount: 0, script: , vendor: ), task resources: Map(cpus -> name: cpus, amount: 1.0)
[2024-06-20T12:42:25.229+0000] {docker.py:413} INFO - 24/06/20 12:42:25 INFO ResourceProfile: Limiting resource is cpu
[2024-06-20T12:42:25.230+0000] {docker.py:413} INFO - 24/06/20 12:42:25 INFO ResourceProfileManager: Added ResourceProfile id: 0
[2024-06-20T12:42:25.262+0000] {docker.py:413} INFO - 24/06/20 12:42:25 INFO SecurityManager: Changing view acls to: spark
[2024-06-20T12:42:25.262+0000] {docker.py:413} INFO - 24/06/20 12:42:25 INFO SecurityManager: Changing modify acls to: spark
[2024-06-20T12:42:25.263+0000] {docker.py:413} INFO - 24/06/20 12:42:25 INFO SecurityManager: Changing view acls groups to:
[2024-06-20T12:42:25.263+0000] {docker.py:413} INFO - 24/06/20 12:42:25 INFO SecurityManager: Changing modify acls groups to:
[2024-06-20T12:42:25.263+0000] {docker.py:413} INFO - 24/06/20 12:42:25 INFO SecurityManager: SecurityManager: authentication disabled; ui acls disabled; users with view permissions: spark; groups with view permissions: EMPTY; users with modify permissions: spark; groups with modify permissions: EMPTY
[2024-06-20T12:42:25.422+0000] {docker.py:413} INFO - 24/06/20 12:42:25 INFO Utils: Successfully started service 'sparkDriver' on port 38489.
[2024-06-20T12:42:25.444+0000] {docker.py:413} INFO - 24/06/20 12:42:25 INFO SparkEnv: Registering MapOutputTracker
[2024-06-20T12:42:25.465+0000] {docker.py:413} INFO - 24/06/20 12:42:25 INFO SparkEnv: Registering BlockManagerMaster
[2024-06-20T12:42:25.476+0000] {docker.py:413} INFO - 24/06/20 12:42:25 INFO BlockManagerMasterEndpoint: Using org.apache.spark.storage.DefaultTopologyMapper for getting topology information
24/06/20 12:42:25 INFO BlockManagerMasterEndpoint: BlockManagerMasterEndpoint up
[2024-06-20T12:42:25.479+0000] {docker.py:413} INFO - 24/06/20 12:42:25 INFO SparkEnv: Registering BlockManagerMasterHeartbeat
[2024-06-20T12:42:25.502+0000] {docker.py:413} INFO - 24/06/20 12:42:25 INFO DiskBlockManager: Created local directory at /tmp/blockmgr-79e12822-ba79-43f1-ad6d-83569d933d42
[2024-06-20T12:42:25.512+0000] {docker.py:413} INFO - 24/06/20 12:42:25 INFO MemoryStore: MemoryStore started with capacity 434.4 MiB
[2024-06-20T12:42:25.526+0000] {docker.py:413} INFO - 24/06/20 12:42:25 INFO SparkEnv: Registering OutputCommitCoordinator
[2024-06-20T12:42:25.635+0000] {docker.py:413} INFO - 24/06/20 12:42:25 INFO JettyUtils: Start Jetty 0.0.0.0:4040 for SparkUI
[2024-06-20T12:42:25.681+0000] {docker.py:413} INFO - 24/06/20 12:42:25 INFO Utils: Successfully started service 'SparkUI' on port 4040.
[2024-06-20T12:42:25.706+0000] {docker.py:413} INFO - 24/06/20 12:42:25 INFO SparkContext: Added JAR file:///opt/bitnami/spark/.ivy2/jars/org.postgresql_postgresql-42.5.4.jar at spark://localhost:38489/jars/org.postgresql_postgresql-42.5.4.jar with timestamp 1718887345191
[2024-06-20T12:42:25.708+0000] {docker.py:413} INFO - 24/06/20 12:42:25 INFO SparkContext: Added JAR file:///opt/bitnami/spark/.ivy2/jars/org.apache.spark_spark-sql-kafka-0-10_2.12-3.5.0.jar at spark://localhost:38489/jars/org.apache.spark_spark-sql-kafka-0-10_2.12-3.5.0.jar with timestamp 1718887345191
[2024-06-20T12:42:25.710+0000] {docker.py:413} INFO - 24/06/20 12:42:25 INFO SparkContext: Added JAR file:///opt/bitnami/spark/.ivy2/jars/org.checkerframework_checker-qual-3.5.0.jar at spark://localhost:38489/jars/org.checkerframework_checker-qual-3.5.0.jar with timestamp 1718887345191
[2024-06-20T12:42:25.711+0000] {docker.py:413} INFO - 24/06/20 12:42:25 INFO SparkContext: Added JAR file:///opt/bitnami/spark/.ivy2/jars/org.apache.spark_spark-token-provider-kafka-0-10_2.12-3.5.0.jar at spark://localhost:38489/jars/org.apache.spark_spark-token-provider-kafka-0-10_2.12-3.5.0.jar with timestamp 1718887345191
[2024-06-20T12:42:25.711+0000] {docker.py:413} INFO - 24/06/20 12:42:25 INFO SparkContext: Added JAR file:///opt/bitnami/spark/.ivy2/jars/org.apache.kafka_kafka-clients-3.4.1.jar at spark://localhost:38489/jars/org.apache.kafka_kafka-clients-3.4.1.jar with timestamp 1718887345191
[2024-06-20T12:42:25.712+0000] {docker.py:413} INFO - 24/06/20 12:42:25 INFO SparkContext: Added JAR file:///opt/bitnami/spark/.ivy2/jars/com.google.code.findbugs_jsr305-3.0.0.jar at spark://localhost:38489/jars/com.google.code.findbugs_jsr305-3.0.0.jar with timestamp 1718887345191
24/06/20 12:42:25 INFO SparkContext: Added JAR file:///opt/bitnami/spark/.ivy2/jars/org.apache.commons_commons-pool2-2.11.1.jar at spark://localhost:38489/jars/org.apache.commons_commons-pool2-2.11.1.jar with timestamp 1718887345191
24/06/20 12:42:25 INFO SparkContext: Added JAR file:///opt/bitnami/spark/.ivy2/jars/org.apache.hadoop_hadoop-client-runtime-3.3.4.jar at spark://localhost:38489/jars/org.apache.hadoop_hadoop-client-runtime-3.3.4.jar with timestamp 1718887345191
24/06/20 12:42:25 INFO SparkContext: Added JAR file:///opt/bitnami/spark/.ivy2/jars/org.lz4_lz4-java-1.8.0.jar at spark://localhost:38489/jars/org.lz4_lz4-java-1.8.0.jar with timestamp 1718887345191
24/06/20 12:42:25 INFO SparkContext: Added JAR file:///opt/bitnami/spark/.ivy2/jars/org.xerial.snappy_snappy-java-1.1.10.3.jar at spark://localhost:38489/jars/org.xerial.snappy_snappy-java-1.1.10.3.jar with timestamp 1718887345191
24/06/20 12:42:25 INFO SparkContext: Added JAR file:///opt/bitnami/spark/.ivy2/jars/org.slf4j_slf4j-api-2.0.7.jar at spark://localhost:38489/jars/org.slf4j_slf4j-api-2.0.7.jar with timestamp 1718887345191
24/06/20 12:42:25 INFO SparkContext: Added JAR file:///opt/bitnami/spark/.ivy2/jars/org.apache.hadoop_hadoop-client-api-3.3.4.jar at spark://localhost:38489/jars/org.apache.hadoop_hadoop-client-api-3.3.4.jar with timestamp 1718887345191
24/06/20 12:42:25 INFO SparkContext: Added JAR file:///opt/bitnami/spark/.ivy2/jars/commons-logging_commons-logging-1.1.3.jar at spark://localhost:38489/jars/commons-logging_commons-logging-1.1.3.jar with timestamp 1718887345191
[2024-06-20T12:42:25.712+0000] {docker.py:413} INFO - 24/06/20 12:42:25 INFO SparkContext: Added file file:///opt/bitnami/spark/.ivy2/jars/org.postgresql_postgresql-42.5.4.jar at file:///opt/bitnami/spark/.ivy2/jars/org.postgresql_postgresql-42.5.4.jar with timestamp 1718887345191
[2024-06-20T12:42:25.713+0000] {docker.py:413} INFO - 24/06/20 12:42:25 INFO Utils: Copying /opt/bitnami/spark/.ivy2/jars/org.postgresql_postgresql-42.5.4.jar to /tmp/spark-bf183573-710c-4833-bb46-2549f1a08689/userFiles-18b348a2-bb09-4be8-99fe-75916693bdfe/org.postgresql_postgresql-42.5.4.jar
[2024-06-20T12:42:25.722+0000] {docker.py:413} INFO - 24/06/20 12:42:25 INFO SparkContext: Added file file:///opt/bitnami/spark/.ivy2/jars/org.apache.spark_spark-sql-kafka-0-10_2.12-3.5.0.jar at file:///opt/bitnami/spark/.ivy2/jars/org.apache.spark_spark-sql-kafka-0-10_2.12-3.5.0.jar with timestamp 1718887345191
[2024-06-20T12:42:25.723+0000] {docker.py:413} INFO - 24/06/20 12:42:25 INFO Utils: Copying /opt/bitnami/spark/.ivy2/jars/org.apache.spark_spark-sql-kafka-0-10_2.12-3.5.0.jar to /tmp/spark-bf183573-710c-4833-bb46-2549f1a08689/userFiles-18b348a2-bb09-4be8-99fe-75916693bdfe/org.apache.spark_spark-sql-kafka-0-10_2.12-3.5.0.jar
[2024-06-20T12:42:25.725+0000] {docker.py:413} INFO - 24/06/20 12:42:25 INFO SparkContext: Added file file:///opt/bitnami/spark/.ivy2/jars/org.checkerframework_checker-qual-3.5.0.jar at file:///opt/bitnami/spark/.ivy2/jars/org.checkerframework_checker-qual-3.5.0.jar with timestamp 1718887345191
[2024-06-20T12:42:25.725+0000] {docker.py:413} INFO - 24/06/20 12:42:25 INFO Utils: Copying /opt/bitnami/spark/.ivy2/jars/org.checkerframework_checker-qual-3.5.0.jar to /tmp/spark-bf183573-710c-4833-bb46-2549f1a08689/userFiles-18b348a2-bb09-4be8-99fe-75916693bdfe/org.checkerframework_checker-qual-3.5.0.jar
[2024-06-20T12:42:25.727+0000] {docker.py:413} INFO - 24/06/20 12:42:25 INFO SparkContext: Added file file:///opt/bitnami/spark/.ivy2/jars/org.apache.spark_spark-token-provider-kafka-0-10_2.12-3.5.0.jar at file:///opt/bitnami/spark/.ivy2/jars/org.apache.spark_spark-token-provider-kafka-0-10_2.12-3.5.0.jar with timestamp 1718887345191
[2024-06-20T12:42:25.727+0000] {docker.py:413} INFO - 24/06/20 12:42:25 INFO Utils: Copying /opt/bitnami/spark/.ivy2/jars/org.apache.spark_spark-token-provider-kafka-0-10_2.12-3.5.0.jar to /tmp/spark-bf183573-710c-4833-bb46-2549f1a08689/userFiles-18b348a2-bb09-4be8-99fe-75916693bdfe/org.apache.spark_spark-token-provider-kafka-0-10_2.12-3.5.0.jar
[2024-06-20T12:42:25.729+0000] {docker.py:413} INFO - 24/06/20 12:42:25 INFO SparkContext: Added file file:///opt/bitnami/spark/.ivy2/jars/org.apache.kafka_kafka-clients-3.4.1.jar at file:///opt/bitnami/spark/.ivy2/jars/org.apache.kafka_kafka-clients-3.4.1.jar with timestamp 1718887345191
[2024-06-20T12:42:25.729+0000] {docker.py:413} INFO - 24/06/20 12:42:25 INFO Utils: Copying /opt/bitnami/spark/.ivy2/jars/org.apache.kafka_kafka-clients-3.4.1.jar to /tmp/spark-bf183573-710c-4833-bb46-2549f1a08689/userFiles-18b348a2-bb09-4be8-99fe-75916693bdfe/org.apache.kafka_kafka-clients-3.4.1.jar
[2024-06-20T12:42:25.753+0000] {docker.py:413} INFO - 24/06/20 12:42:25 INFO SparkContext: Added file file:///opt/bitnami/spark/.ivy2/jars/com.google.code.findbugs_jsr305-3.0.0.jar at file:///opt/bitnami/spark/.ivy2/jars/com.google.code.findbugs_jsr305-3.0.0.jar with timestamp 1718887345191
[2024-06-20T12:42:25.754+0000] {docker.py:413} INFO - 24/06/20 12:42:25 INFO Utils: Copying /opt/bitnami/spark/.ivy2/jars/com.google.code.findbugs_jsr305-3.0.0.jar to /tmp/spark-bf183573-710c-4833-bb46-2549f1a08689/userFiles-18b348a2-bb09-4be8-99fe-75916693bdfe/com.google.code.findbugs_jsr305-3.0.0.jar
[2024-06-20T12:42:25.755+0000] {docker.py:413} INFO - 24/06/20 12:42:25 INFO SparkContext: Added file file:///opt/bitnami/spark/.ivy2/jars/org.apache.commons_commons-pool2-2.11.1.jar at file:///opt/bitnami/spark/.ivy2/jars/org.apache.commons_commons-pool2-2.11.1.jar with timestamp 1718887345191
24/06/20 12:42:25 INFO Utils: Copying /opt/bitnami/spark/.ivy2/jars/org.apache.commons_commons-pool2-2.11.1.jar to /tmp/spark-bf183573-710c-4833-bb46-2549f1a08689/userFiles-18b348a2-bb09-4be8-99fe-75916693bdfe/org.apache.commons_commons-pool2-2.11.1.jar
[2024-06-20T12:42:25.757+0000] {docker.py:413} INFO - 24/06/20 12:42:25 INFO SparkContext: Added file file:///opt/bitnami/spark/.ivy2/jars/org.apache.hadoop_hadoop-client-runtime-3.3.4.jar at file:///opt/bitnami/spark/.ivy2/jars/org.apache.hadoop_hadoop-client-runtime-3.3.4.jar with timestamp 1718887345191
[2024-06-20T12:42:25.757+0000] {docker.py:413} INFO - 24/06/20 12:42:25 INFO Utils: Copying /opt/bitnami/spark/.ivy2/jars/org.apache.hadoop_hadoop-client-runtime-3.3.4.jar to /tmp/spark-bf183573-710c-4833-bb46-2549f1a08689/userFiles-18b348a2-bb09-4be8-99fe-75916693bdfe/org.apache.hadoop_hadoop-client-runtime-3.3.4.jar
[2024-06-20T12:42:25.803+0000] {docker.py:413} INFO - 24/06/20 12:42:25 INFO SparkContext: Added file file:///opt/bitnami/spark/.ivy2/jars/org.lz4_lz4-java-1.8.0.jar at file:///opt/bitnami/spark/.ivy2/jars/org.lz4_lz4-java-1.8.0.jar with timestamp 1718887345191
[2024-06-20T12:42:25.804+0000] {docker.py:413} INFO - 24/06/20 12:42:25 INFO Utils: Copying /opt/bitnami/spark/.ivy2/jars/org.lz4_lz4-java-1.8.0.jar to /tmp/spark-bf183573-710c-4833-bb46-2549f1a08689/userFiles-18b348a2-bb09-4be8-99fe-75916693bdfe/org.lz4_lz4-java-1.8.0.jar
[2024-06-20T12:42:25.806+0000] {docker.py:413} INFO - 24/06/20 12:42:25 INFO SparkContext: Added file file:///opt/bitnami/spark/.ivy2/jars/org.xerial.snappy_snappy-java-1.1.10.3.jar at file:///opt/bitnami/spark/.ivy2/jars/org.xerial.snappy_snappy-java-1.1.10.3.jar with timestamp 1718887345191
[2024-06-20T12:42:25.806+0000] {docker.py:413} INFO - 24/06/20 12:42:25 INFO Utils: Copying /opt/bitnami/spark/.ivy2/jars/org.xerial.snappy_snappy-java-1.1.10.3.jar to /tmp/spark-bf183573-710c-4833-bb46-2549f1a08689/userFiles-18b348a2-bb09-4be8-99fe-75916693bdfe/org.xerial.snappy_snappy-java-1.1.10.3.jar
[2024-06-20T12:42:25.813+0000] {docker.py:413} INFO - 24/06/20 12:42:25 INFO SparkContext: Added file file:///opt/bitnami/spark/.ivy2/jars/org.slf4j_slf4j-api-2.0.7.jar at file:///opt/bitnami/spark/.ivy2/jars/org.slf4j_slf4j-api-2.0.7.jar with timestamp 1718887345191
[2024-06-20T12:42:25.815+0000] {docker.py:413} INFO - 24/06/20 12:42:25 INFO Utils: Copying /opt/bitnami/spark/.ivy2/jars/org.slf4j_slf4j-api-2.0.7.jar to /tmp/spark-bf183573-710c-4833-bb46-2549f1a08689/userFiles-18b348a2-bb09-4be8-99fe-75916693bdfe/org.slf4j_slf4j-api-2.0.7.jar
[2024-06-20T12:42:25.819+0000] {docker.py:413} INFO - 24/06/20 12:42:25 INFO SparkContext: Added file file:///opt/bitnami/spark/.ivy2/jars/org.apache.hadoop_hadoop-client-api-3.3.4.jar at file:///opt/bitnami/spark/.ivy2/jars/org.apache.hadoop_hadoop-client-api-3.3.4.jar with timestamp 1718887345191
[2024-06-20T12:42:25.820+0000] {docker.py:413} INFO - 24/06/20 12:42:25 INFO Utils: Copying /opt/bitnami/spark/.ivy2/jars/org.apache.hadoop_hadoop-client-api-3.3.4.jar to /tmp/spark-bf183573-710c-4833-bb46-2549f1a08689/userFiles-18b348a2-bb09-4be8-99fe-75916693bdfe/org.apache.hadoop_hadoop-client-api-3.3.4.jar
[2024-06-20T12:42:25.883+0000] {docker.py:413} INFO - 24/06/20 12:42:25 INFO SparkContext: Added file file:///opt/bitnami/spark/.ivy2/jars/commons-logging_commons-logging-1.1.3.jar at file:///opt/bitnami/spark/.ivy2/jars/commons-logging_commons-logging-1.1.3.jar with timestamp 1718887345191
[2024-06-20T12:42:25.885+0000] {docker.py:413} INFO - 24/06/20 12:42:25 INFO Utils: Copying /opt/bitnami/spark/.ivy2/jars/commons-logging_commons-logging-1.1.3.jar to /tmp/spark-bf183573-710c-4833-bb46-2549f1a08689/userFiles-18b348a2-bb09-4be8-99fe-75916693bdfe/commons-logging_commons-logging-1.1.3.jar
[2024-06-20T12:42:25.946+0000] {docker.py:413} INFO - 24/06/20 12:42:25 INFO Executor: Starting executor ID driver on host localhost
[2024-06-20T12:42:25.946+0000] {docker.py:413} INFO - 24/06/20 12:42:25 INFO Executor: OS info Linux, 6.6.12-linuxkit, aarch64
[2024-06-20T12:42:25.947+0000] {docker.py:413} INFO - 24/06/20 12:42:25 INFO Executor: Java version 17.0.10
[2024-06-20T12:42:25.954+0000] {docker.py:413} INFO - 24/06/20 12:42:25 INFO Executor: Starting executor with user classpath (userClassPathFirst = false): ''
[2024-06-20T12:42:25.956+0000] {docker.py:413} INFO - 24/06/20 12:42:25 INFO Executor: Created or updated repl class loader org.apache.spark.util.MutableURLClassLoader@3e8dd61d for default.
[2024-06-20T12:42:25.968+0000] {docker.py:413} INFO - 24/06/20 12:42:25 INFO Executor: Fetching file:///opt/bitnami/spark/.ivy2/jars/org.apache.spark_spark-token-provider-kafka-0-10_2.12-3.5.0.jar with timestamp 1718887345191
[2024-06-20T12:42:25.979+0000] {docker.py:413} INFO - 24/06/20 12:42:25 INFO Utils: /opt/bitnami/spark/.ivy2/jars/org.apache.spark_spark-token-provider-kafka-0-10_2.12-3.5.0.jar has been previously copied to /tmp/spark-bf183573-710c-4833-bb46-2549f1a08689/userFiles-18b348a2-bb09-4be8-99fe-75916693bdfe/org.apache.spark_spark-token-provider-kafka-0-10_2.12-3.5.0.jar
[2024-06-20T12:42:25.983+0000] {docker.py:413} INFO - 24/06/20 12:42:25 INFO Executor: Fetching file:///opt/bitnami/spark/.ivy2/jars/org.apache.hadoop_hadoop-client-runtime-3.3.4.jar with timestamp 1718887345191
[2024-06-20T12:42:26.000+0000] {docker.py:413} INFO - 24/06/20 12:42:25 INFO Utils: /opt/bitnami/spark/.ivy2/jars/org.apache.hadoop_hadoop-client-runtime-3.3.4.jar has been previously copied to /tmp/spark-bf183573-710c-4833-bb46-2549f1a08689/userFiles-18b348a2-bb09-4be8-99fe-75916693bdfe/org.apache.hadoop_hadoop-client-runtime-3.3.4.jar
[2024-06-20T12:42:26.001+0000] {docker.py:413} INFO - 24/06/20 12:42:26 INFO Executor: Fetching file:///opt/bitnami/spark/.ivy2/jars/org.apache.commons_commons-pool2-2.11.1.jar with timestamp 1718887345191
[2024-06-20T12:42:26.001+0000] {docker.py:413} INFO - 24/06/20 12:42:26 INFO Utils: /opt/bitnami/spark/.ivy2/jars/org.apache.commons_commons-pool2-2.11.1.jar has been previously copied to /tmp/spark-bf183573-710c-4833-bb46-2549f1a08689/userFiles-18b348a2-bb09-4be8-99fe-75916693bdfe/org.apache.commons_commons-pool2-2.11.1.jar
[2024-06-20T12:42:26.004+0000] {docker.py:413} INFO - 24/06/20 12:42:26 INFO Executor: Fetching file:///opt/bitnami/spark/.ivy2/jars/org.postgresql_postgresql-42.5.4.jar with timestamp 1718887345191
[2024-06-20T12:42:26.004+0000] {docker.py:413} INFO - 24/06/20 12:42:26 INFO Utils: /opt/bitnami/spark/.ivy2/jars/org.postgresql_postgresql-42.5.4.jar has been previously copied to /tmp/spark-bf183573-710c-4833-bb46-2549f1a08689/userFiles-18b348a2-bb09-4be8-99fe-75916693bdfe/org.postgresql_postgresql-42.5.4.jar
[2024-06-20T12:42:26.006+0000] {docker.py:413} INFO - 24/06/20 12:42:26 INFO Executor: Fetching file:///opt/bitnami/spark/.ivy2/jars/org.slf4j_slf4j-api-2.0.7.jar with timestamp 1718887345191
[2024-06-20T12:42:26.007+0000] {docker.py:413} INFO - 24/06/20 12:42:26 INFO Utils: /opt/bitnami/spark/.ivy2/jars/org.slf4j_slf4j-api-2.0.7.jar has been previously copied to /tmp/spark-bf183573-710c-4833-bb46-2549f1a08689/userFiles-18b348a2-bb09-4be8-99fe-75916693bdfe/org.slf4j_slf4j-api-2.0.7.jar
[2024-06-20T12:42:26.011+0000] {docker.py:413} INFO - 24/06/20 12:42:26 INFO Executor: Fetching file:///opt/bitnami/spark/.ivy2/jars/org.apache.kafka_kafka-clients-3.4.1.jar with timestamp 1718887345191
[2024-06-20T12:42:26.012+0000] {docker.py:413} INFO - 24/06/20 12:42:26 INFO Utils: /opt/bitnami/spark/.ivy2/jars/org.apache.kafka_kafka-clients-3.4.1.jar has been previously copied to /tmp/spark-bf183573-710c-4833-bb46-2549f1a08689/userFiles-18b348a2-bb09-4be8-99fe-75916693bdfe/org.apache.kafka_kafka-clients-3.4.1.jar
[2024-06-20T12:42:26.014+0000] {docker.py:413} INFO - 24/06/20 12:42:26 INFO Executor: Fetching file:///opt/bitnami/spark/.ivy2/jars/com.google.code.findbugs_jsr305-3.0.0.jar with timestamp 1718887345191
[2024-06-20T12:42:26.015+0000] {docker.py:413} INFO - 24/06/20 12:42:26 INFO Utils: /opt/bitnami/spark/.ivy2/jars/com.google.code.findbugs_jsr305-3.0.0.jar has been previously copied to /tmp/spark-bf183573-710c-4833-bb46-2549f1a08689/userFiles-18b348a2-bb09-4be8-99fe-75916693bdfe/com.google.code.findbugs_jsr305-3.0.0.jar
[2024-06-20T12:42:26.020+0000] {docker.py:413} INFO - 24/06/20 12:42:26 INFO Executor: Fetching file:///opt/bitnami/spark/.ivy2/jars/org.lz4_lz4-java-1.8.0.jar with timestamp 1718887345191
[2024-06-20T12:42:26.021+0000] {docker.py:413} INFO - 24/06/20 12:42:26 INFO Utils: /opt/bitnami/spark/.ivy2/jars/org.lz4_lz4-java-1.8.0.jar has been previously copied to /tmp/spark-bf183573-710c-4833-bb46-2549f1a08689/userFiles-18b348a2-bb09-4be8-99fe-75916693bdfe/org.lz4_lz4-java-1.8.0.jar
[2024-06-20T12:42:26.023+0000] {docker.py:413} INFO - 24/06/20 12:42:26 INFO Executor: Fetching file:///opt/bitnami/spark/.ivy2/jars/org.apache.spark_spark-sql-kafka-0-10_2.12-3.5.0.jar with timestamp 1718887345191
[2024-06-20T12:42:26.024+0000] {docker.py:413} INFO - 24/06/20 12:42:26 INFO Utils: /opt/bitnami/spark/.ivy2/jars/org.apache.spark_spark-sql-kafka-0-10_2.12-3.5.0.jar has been previously copied to /tmp/spark-bf183573-710c-4833-bb46-2549f1a08689/userFiles-18b348a2-bb09-4be8-99fe-75916693bdfe/org.apache.spark_spark-sql-kafka-0-10_2.12-3.5.0.jar
[2024-06-20T12:42:26.030+0000] {docker.py:413} INFO - 24/06/20 12:42:26 INFO Executor: Fetching file:///opt/bitnami/spark/.ivy2/jars/org.apache.hadoop_hadoop-client-api-3.3.4.jar with timestamp 1718887345191
[2024-06-20T12:42:26.036+0000] {docker.py:413} INFO - 24/06/20 12:42:26 INFO Utils: /opt/bitnami/spark/.ivy2/jars/org.apache.hadoop_hadoop-client-api-3.3.4.jar has been previously copied to /tmp/spark-bf183573-710c-4833-bb46-2549f1a08689/userFiles-18b348a2-bb09-4be8-99fe-75916693bdfe/org.apache.hadoop_hadoop-client-api-3.3.4.jar
[2024-06-20T12:42:26.038+0000] {docker.py:413} INFO - 24/06/20 12:42:26 INFO Executor: Fetching file:///opt/bitnami/spark/.ivy2/jars/commons-logging_commons-logging-1.1.3.jar with timestamp 1718887345191
[2024-06-20T12:42:26.038+0000] {docker.py:413} INFO - 24/06/20 12:42:26 INFO Utils: /opt/bitnami/spark/.ivy2/jars/commons-logging_commons-logging-1.1.3.jar has been previously copied to /tmp/spark-bf183573-710c-4833-bb46-2549f1a08689/userFiles-18b348a2-bb09-4be8-99fe-75916693bdfe/commons-logging_commons-logging-1.1.3.jar
[2024-06-20T12:42:26.040+0000] {docker.py:413} INFO - 24/06/20 12:42:26 INFO Executor: Fetching file:///opt/bitnami/spark/.ivy2/jars/org.checkerframework_checker-qual-3.5.0.jar with timestamp 1718887345191
[2024-06-20T12:42:26.041+0000] {docker.py:413} INFO - 24/06/20 12:42:26 INFO Utils: /opt/bitnami/spark/.ivy2/jars/org.checkerframework_checker-qual-3.5.0.jar has been previously copied to /tmp/spark-bf183573-710c-4833-bb46-2549f1a08689/userFiles-18b348a2-bb09-4be8-99fe-75916693bdfe/org.checkerframework_checker-qual-3.5.0.jar
[2024-06-20T12:42:26.043+0000] {docker.py:413} INFO - 24/06/20 12:42:26 INFO Executor: Fetching file:///opt/bitnami/spark/.ivy2/jars/org.xerial.snappy_snappy-java-1.1.10.3.jar with timestamp 1718887345191
[2024-06-20T12:42:26.044+0000] {docker.py:413} INFO - 24/06/20 12:42:26 INFO Utils: /opt/bitnami/spark/.ivy2/jars/org.xerial.snappy_snappy-java-1.1.10.3.jar has been previously copied to /tmp/spark-bf183573-710c-4833-bb46-2549f1a08689/userFiles-18b348a2-bb09-4be8-99fe-75916693bdfe/org.xerial.snappy_snappy-java-1.1.10.3.jar
[2024-06-20T12:42:26.049+0000] {docker.py:413} INFO - 24/06/20 12:42:26 INFO Executor: Fetching spark://localhost:38489/jars/org.apache.kafka_kafka-clients-3.4.1.jar with timestamp 1718887345191
[2024-06-20T12:42:26.071+0000] {docker.py:413} INFO - 24/06/20 12:42:26 INFO TransportClientFactory: Successfully created connection to localhost/127.0.0.1:38489 after 16 ms (0 ms spent in bootstraps)
[2024-06-20T12:42:26.075+0000] {docker.py:413} INFO - 24/06/20 12:42:26 INFO Utils: Fetching spark://localhost:38489/jars/org.apache.kafka_kafka-clients-3.4.1.jar to /tmp/spark-bf183573-710c-4833-bb46-2549f1a08689/userFiles-18b348a2-bb09-4be8-99fe-75916693bdfe/fetchFileTemp3495097285690445174.tmp
[2024-06-20T12:42:26.110+0000] {docker.py:413} INFO - 24/06/20 12:42:26 INFO Utils: /tmp/spark-bf183573-710c-4833-bb46-2549f1a08689/userFiles-18b348a2-bb09-4be8-99fe-75916693bdfe/fetchFileTemp3495097285690445174.tmp has been previously copied to /tmp/spark-bf183573-710c-4833-bb46-2549f1a08689/userFiles-18b348a2-bb09-4be8-99fe-75916693bdfe/org.apache.kafka_kafka-clients-3.4.1.jar
[2024-06-20T12:42:26.119+0000] {docker.py:413} INFO - 24/06/20 12:42:26 INFO Executor: Adding file:/tmp/spark-bf183573-710c-4833-bb46-2549f1a08689/userFiles-18b348a2-bb09-4be8-99fe-75916693bdfe/org.apache.kafka_kafka-clients-3.4.1.jar to class loader default
[2024-06-20T12:42:26.122+0000] {docker.py:413} INFO - 24/06/20 12:42:26 INFO Executor: Fetching spark://localhost:38489/jars/org.apache.hadoop_hadoop-client-runtime-3.3.4.jar with timestamp 1718887345191
[2024-06-20T12:42:26.124+0000] {docker.py:413} INFO - 24/06/20 12:42:26 INFO Utils: Fetching spark://localhost:38489/jars/org.apache.hadoop_hadoop-client-runtime-3.3.4.jar to /tmp/spark-bf183573-710c-4833-bb46-2549f1a08689/userFiles-18b348a2-bb09-4be8-99fe-75916693bdfe/fetchFileTemp16824997372405670632.tmp
[2024-06-20T12:42:26.217+0000] {docker.py:413} INFO - 24/06/20 12:42:26 INFO Utils: /tmp/spark-bf183573-710c-4833-bb46-2549f1a08689/userFiles-18b348a2-bb09-4be8-99fe-75916693bdfe/fetchFileTemp16824997372405670632.tmp has been previously copied to /tmp/spark-bf183573-710c-4833-bb46-2549f1a08689/userFiles-18b348a2-bb09-4be8-99fe-75916693bdfe/org.apache.hadoop_hadoop-client-runtime-3.3.4.jar
[2024-06-20T12:42:26.221+0000] {docker.py:413} INFO - 24/06/20 12:42:26 INFO Executor: Adding file:/tmp/spark-bf183573-710c-4833-bb46-2549f1a08689/userFiles-18b348a2-bb09-4be8-99fe-75916693bdfe/org.apache.hadoop_hadoop-client-runtime-3.3.4.jar to class loader default
[2024-06-20T12:42:26.222+0000] {docker.py:413} INFO - 24/06/20 12:42:26 INFO Executor: Fetching spark://localhost:38489/jars/org.checkerframework_checker-qual-3.5.0.jar with timestamp 1718887345191
[2024-06-20T12:42:26.223+0000] {docker.py:413} INFO - 24/06/20 12:42:26 INFO Utils: Fetching spark://localhost:38489/jars/org.checkerframework_checker-qual-3.5.0.jar to /tmp/spark-bf183573-710c-4833-bb46-2549f1a08689/userFiles-18b348a2-bb09-4be8-99fe-75916693bdfe/fetchFileTemp17160499875680710275.tmp
[2024-06-20T12:42:26.224+0000] {docker.py:413} INFO - 24/06/20 12:42:26 INFO Utils: /tmp/spark-bf183573-710c-4833-bb46-2549f1a08689/userFiles-18b348a2-bb09-4be8-99fe-75916693bdfe/fetchFileTemp17160499875680710275.tmp has been previously copied to /tmp/spark-bf183573-710c-4833-bb46-2549f1a08689/userFiles-18b348a2-bb09-4be8-99fe-75916693bdfe/org.checkerframework_checker-qual-3.5.0.jar
[2024-06-20T12:42:26.242+0000] {docker.py:413} INFO - 24/06/20 12:42:26 INFO Executor: Adding file:/tmp/spark-bf183573-710c-4833-bb46-2549f1a08689/userFiles-18b348a2-bb09-4be8-99fe-75916693bdfe/org.checkerframework_checker-qual-3.5.0.jar to class loader default
24/06/20 12:42:26 INFO Executor: Fetching spark://localhost:38489/jars/org.apache.commons_commons-pool2-2.11.1.jar with timestamp 1718887345191
[2024-06-20T12:42:26.243+0000] {docker.py:413} INFO - 24/06/20 12:42:26 INFO Utils: Fetching spark://localhost:38489/jars/org.apache.commons_commons-pool2-2.11.1.jar to /tmp/spark-bf183573-710c-4833-bb46-2549f1a08689/userFiles-18b348a2-bb09-4be8-99fe-75916693bdfe/fetchFileTemp2586813750173920352.tmp
[2024-06-20T12:42:26.243+0000] {docker.py:413} INFO - 24/06/20 12:42:26 INFO Utils: /tmp/spark-bf183573-710c-4833-bb46-2549f1a08689/userFiles-18b348a2-bb09-4be8-99fe-75916693bdfe/fetchFileTemp2586813750173920352.tmp has been previously copied to /tmp/spark-bf183573-710c-4833-bb46-2549f1a08689/userFiles-18b348a2-bb09-4be8-99fe-75916693bdfe/org.apache.commons_commons-pool2-2.11.1.jar
[2024-06-20T12:42:26.244+0000] {docker.py:413} INFO - 24/06/20 12:42:26 INFO Executor: Adding file:/tmp/spark-bf183573-710c-4833-bb46-2549f1a08689/userFiles-18b348a2-bb09-4be8-99fe-75916693bdfe/org.apache.commons_commons-pool2-2.11.1.jar to class loader default
[2024-06-20T12:42:26.245+0000] {docker.py:413} INFO - 24/06/20 12:42:26 INFO Executor: Fetching spark://localhost:38489/jars/org.postgresql_postgresql-42.5.4.jar with timestamp 1718887345191
[2024-06-20T12:42:26.245+0000] {docker.py:413} INFO - 24/06/20 12:42:26 INFO Utils: Fetching spark://localhost:38489/jars/org.postgresql_postgresql-42.5.4.jar to /tmp/spark-bf183573-710c-4833-bb46-2549f1a08689/userFiles-18b348a2-bb09-4be8-99fe-75916693bdfe/fetchFileTemp9879048833921726844.tmp
[2024-06-20T12:42:26.247+0000] {docker.py:413} INFO - 24/06/20 12:42:26 INFO Utils: /tmp/spark-bf183573-710c-4833-bb46-2549f1a08689/userFiles-18b348a2-bb09-4be8-99fe-75916693bdfe/fetchFileTemp9879048833921726844.tmp has been previously copied to /tmp/spark-bf183573-710c-4833-bb46-2549f1a08689/userFiles-18b348a2-bb09-4be8-99fe-75916693bdfe/org.postgresql_postgresql-42.5.4.jar
[2024-06-20T12:42:26.251+0000] {docker.py:413} INFO - 24/06/20 12:42:26 INFO Executor: Adding file:/tmp/spark-bf183573-710c-4833-bb46-2549f1a08689/userFiles-18b348a2-bb09-4be8-99fe-75916693bdfe/org.postgresql_postgresql-42.5.4.jar to class loader default
[2024-06-20T12:42:26.251+0000] {docker.py:413} INFO - 24/06/20 12:42:26 INFO Executor: Fetching spark://localhost:38489/jars/org.apache.spark_spark-token-provider-kafka-0-10_2.12-3.5.0.jar with timestamp 1718887345191
[2024-06-20T12:42:26.252+0000] {docker.py:413} INFO - 24/06/20 12:42:26 INFO Utils: Fetching spark://localhost:38489/jars/org.apache.spark_spark-token-provider-kafka-0-10_2.12-3.5.0.jar to /tmp/spark-bf183573-710c-4833-bb46-2549f1a08689/userFiles-18b348a2-bb09-4be8-99fe-75916693bdfe/fetchFileTemp9993866913220973598.tmp
[2024-06-20T12:42:26.253+0000] {docker.py:413} INFO - 24/06/20 12:42:26 INFO Utils: /tmp/spark-bf183573-710c-4833-bb46-2549f1a08689/userFiles-18b348a2-bb09-4be8-99fe-75916693bdfe/fetchFileTemp9993866913220973598.tmp has been previously copied to /tmp/spark-bf183573-710c-4833-bb46-2549f1a08689/userFiles-18b348a2-bb09-4be8-99fe-75916693bdfe/org.apache.spark_spark-token-provider-kafka-0-10_2.12-3.5.0.jar
[2024-06-20T12:42:26.253+0000] {docker.py:413} INFO - 24/06/20 12:42:26 INFO Executor: Adding file:/tmp/spark-bf183573-710c-4833-bb46-2549f1a08689/userFiles-18b348a2-bb09-4be8-99fe-75916693bdfe/org.apache.spark_spark-token-provider-kafka-0-10_2.12-3.5.0.jar to class loader default
[2024-06-20T12:42:26.253+0000] {docker.py:413} INFO - 24/06/20 12:42:26 INFO Executor: Fetching spark://localhost:38489/jars/org.xerial.snappy_snappy-java-1.1.10.3.jar with timestamp 1718887345191
[2024-06-20T12:42:26.253+0000] {docker.py:413} INFO - 24/06/20 12:42:26 INFO Utils: Fetching spark://localhost:38489/jars/org.xerial.snappy_snappy-java-1.1.10.3.jar to /tmp/spark-bf183573-710c-4833-bb46-2549f1a08689/userFiles-18b348a2-bb09-4be8-99fe-75916693bdfe/fetchFileTemp5436710745003029068.tmp
[2024-06-20T12:42:26.256+0000] {docker.py:413} INFO - 24/06/20 12:42:26 INFO Utils: /tmp/spark-bf183573-710c-4833-bb46-2549f1a08689/userFiles-18b348a2-bb09-4be8-99fe-75916693bdfe/fetchFileTemp5436710745003029068.tmp has been previously copied to /tmp/spark-bf183573-710c-4833-bb46-2549f1a08689/userFiles-18b348a2-bb09-4be8-99fe-75916693bdfe/org.xerial.snappy_snappy-java-1.1.10.3.jar
[2024-06-20T12:42:26.257+0000] {docker.py:413} INFO - 24/06/20 12:42:26 INFO Executor: Adding file:/tmp/spark-bf183573-710c-4833-bb46-2549f1a08689/userFiles-18b348a2-bb09-4be8-99fe-75916693bdfe/org.xerial.snappy_snappy-java-1.1.10.3.jar to class loader default
[2024-06-20T12:42:26.258+0000] {docker.py:413} INFO - 24/06/20 12:42:26 INFO Executor: Fetching spark://localhost:38489/jars/org.slf4j_slf4j-api-2.0.7.jar with timestamp 1718887345191
[2024-06-20T12:42:26.259+0000] {docker.py:413} INFO - 24/06/20 12:42:26 INFO Utils: Fetching spark://localhost:38489/jars/org.slf4j_slf4j-api-2.0.7.jar to /tmp/spark-bf183573-710c-4833-bb46-2549f1a08689/userFiles-18b348a2-bb09-4be8-99fe-75916693bdfe/fetchFileTemp11840103887118263579.tmp
[2024-06-20T12:42:26.259+0000] {docker.py:413} INFO - 24/06/20 12:42:26 INFO Utils: /tmp/spark-bf183573-710c-4833-bb46-2549f1a08689/userFiles-18b348a2-bb09-4be8-99fe-75916693bdfe/fetchFileTemp11840103887118263579.tmp has been previously copied to /tmp/spark-bf183573-710c-4833-bb46-2549f1a08689/userFiles-18b348a2-bb09-4be8-99fe-75916693bdfe/org.slf4j_slf4j-api-2.0.7.jar
[2024-06-20T12:42:26.261+0000] {docker.py:413} INFO - 24/06/20 12:42:26 INFO Executor: Adding file:/tmp/spark-bf183573-710c-4833-bb46-2549f1a08689/userFiles-18b348a2-bb09-4be8-99fe-75916693bdfe/org.slf4j_slf4j-api-2.0.7.jar to class loader default
[2024-06-20T12:42:26.262+0000] {docker.py:413} INFO - 24/06/20 12:42:26 INFO Executor: Fetching spark://localhost:38489/jars/org.apache.hadoop_hadoop-client-api-3.3.4.jar with timestamp 1718887345191
[2024-06-20T12:42:26.262+0000] {docker.py:413} INFO - 24/06/20 12:42:26 INFO Utils: Fetching spark://localhost:38489/jars/org.apache.hadoop_hadoop-client-api-3.3.4.jar to /tmp/spark-bf183573-710c-4833-bb46-2549f1a08689/userFiles-18b348a2-bb09-4be8-99fe-75916693bdfe/fetchFileTemp13530908484989506393.tmp
[2024-06-20T12:42:26.301+0000] {docker.py:413} INFO - 24/06/20 12:42:26 INFO Utils: /tmp/spark-bf183573-710c-4833-bb46-2549f1a08689/userFiles-18b348a2-bb09-4be8-99fe-75916693bdfe/fetchFileTemp13530908484989506393.tmp has been previously copied to /tmp/spark-bf183573-710c-4833-bb46-2549f1a08689/userFiles-18b348a2-bb09-4be8-99fe-75916693bdfe/org.apache.hadoop_hadoop-client-api-3.3.4.jar
[2024-06-20T12:42:26.305+0000] {docker.py:413} INFO - 24/06/20 12:42:26 INFO Executor: Adding file:/tmp/spark-bf183573-710c-4833-bb46-2549f1a08689/userFiles-18b348a2-bb09-4be8-99fe-75916693bdfe/org.apache.hadoop_hadoop-client-api-3.3.4.jar to class loader default
[2024-06-20T12:42:26.306+0000] {docker.py:413} INFO - 24/06/20 12:42:26 INFO Executor: Fetching spark://localhost:38489/jars/org.lz4_lz4-java-1.8.0.jar with timestamp 1718887345191
[2024-06-20T12:42:26.307+0000] {docker.py:413} INFO - 24/06/20 12:42:26 INFO Utils: Fetching spark://localhost:38489/jars/org.lz4_lz4-java-1.8.0.jar to /tmp/spark-bf183573-710c-4833-bb46-2549f1a08689/userFiles-18b348a2-bb09-4be8-99fe-75916693bdfe/fetchFileTemp5489734763429937109.tmp
[2024-06-20T12:42:26.309+0000] {docker.py:413} INFO - 24/06/20 12:42:26 INFO Utils: /tmp/spark-bf183573-710c-4833-bb46-2549f1a08689/userFiles-18b348a2-bb09-4be8-99fe-75916693bdfe/fetchFileTemp5489734763429937109.tmp has been previously copied to /tmp/spark-bf183573-710c-4833-bb46-2549f1a08689/userFiles-18b348a2-bb09-4be8-99fe-75916693bdfe/org.lz4_lz4-java-1.8.0.jar
[2024-06-20T12:42:26.310+0000] {docker.py:413} INFO - 24/06/20 12:42:26 INFO Executor: Adding file:/tmp/spark-bf183573-710c-4833-bb46-2549f1a08689/userFiles-18b348a2-bb09-4be8-99fe-75916693bdfe/org.lz4_lz4-java-1.8.0.jar to class loader default
[2024-06-20T12:42:26.310+0000] {docker.py:413} INFO - 24/06/20 12:42:26 INFO Executor: Fetching spark://localhost:38489/jars/commons-logging_commons-logging-1.1.3.jar with timestamp 1718887345191
[2024-06-20T12:42:26.311+0000] {docker.py:413} INFO - 24/06/20 12:42:26 INFO Utils: Fetching spark://localhost:38489/jars/commons-logging_commons-logging-1.1.3.jar to /tmp/spark-bf183573-710c-4833-bb46-2549f1a08689/userFiles-18b348a2-bb09-4be8-99fe-75916693bdfe/fetchFileTemp17753603302395276825.tmp
[2024-06-20T12:42:26.311+0000] {docker.py:413} INFO - 24/06/20 12:42:26 INFO Utils: /tmp/spark-bf183573-710c-4833-bb46-2549f1a08689/userFiles-18b348a2-bb09-4be8-99fe-75916693bdfe/fetchFileTemp17753603302395276825.tmp has been previously copied to /tmp/spark-bf183573-710c-4833-bb46-2549f1a08689/userFiles-18b348a2-bb09-4be8-99fe-75916693bdfe/commons-logging_commons-logging-1.1.3.jar
[2024-06-20T12:42:26.313+0000] {docker.py:413} INFO - 24/06/20 12:42:26 INFO Executor: Adding file:/tmp/spark-bf183573-710c-4833-bb46-2549f1a08689/userFiles-18b348a2-bb09-4be8-99fe-75916693bdfe/commons-logging_commons-logging-1.1.3.jar to class loader default
[2024-06-20T12:42:26.313+0000] {docker.py:413} INFO - 24/06/20 12:42:26 INFO Executor: Fetching spark://localhost:38489/jars/org.apache.spark_spark-sql-kafka-0-10_2.12-3.5.0.jar with timestamp 1718887345191
[2024-06-20T12:42:26.313+0000] {docker.py:413} INFO - 24/06/20 12:42:26 INFO Utils: Fetching spark://localhost:38489/jars/org.apache.spark_spark-sql-kafka-0-10_2.12-3.5.0.jar to /tmp/spark-bf183573-710c-4833-bb46-2549f1a08689/userFiles-18b348a2-bb09-4be8-99fe-75916693bdfe/fetchFileTemp3001434105173803890.tmp
[2024-06-20T12:42:26.314+0000] {docker.py:413} INFO - 24/06/20 12:42:26 INFO Utils: /tmp/spark-bf183573-710c-4833-bb46-2549f1a08689/userFiles-18b348a2-bb09-4be8-99fe-75916693bdfe/fetchFileTemp3001434105173803890.tmp has been previously copied to /tmp/spark-bf183573-710c-4833-bb46-2549f1a08689/userFiles-18b348a2-bb09-4be8-99fe-75916693bdfe/org.apache.spark_spark-sql-kafka-0-10_2.12-3.5.0.jar
[2024-06-20T12:42:26.316+0000] {docker.py:413} INFO - 24/06/20 12:42:26 INFO Executor: Adding file:/tmp/spark-bf183573-710c-4833-bb46-2549f1a08689/userFiles-18b348a2-bb09-4be8-99fe-75916693bdfe/org.apache.spark_spark-sql-kafka-0-10_2.12-3.5.0.jar to class loader default
[2024-06-20T12:42:26.316+0000] {docker.py:413} INFO - 24/06/20 12:42:26 INFO Executor: Fetching spark://localhost:38489/jars/com.google.code.findbugs_jsr305-3.0.0.jar with timestamp 1718887345191
[2024-06-20T12:42:26.317+0000] {docker.py:413} INFO - 24/06/20 12:42:26 INFO Utils: Fetching spark://localhost:38489/jars/com.google.code.findbugs_jsr305-3.0.0.jar to /tmp/spark-bf183573-710c-4833-bb46-2549f1a08689/userFiles-18b348a2-bb09-4be8-99fe-75916693bdfe/fetchFileTemp2953079306286129328.tmp
[2024-06-20T12:42:26.317+0000] {docker.py:413} INFO - 24/06/20 12:42:26 INFO Utils: /tmp/spark-bf183573-710c-4833-bb46-2549f1a08689/userFiles-18b348a2-bb09-4be8-99fe-75916693bdfe/fetchFileTemp2953079306286129328.tmp has been previously copied to /tmp/spark-bf183573-710c-4833-bb46-2549f1a08689/userFiles-18b348a2-bb09-4be8-99fe-75916693bdfe/com.google.code.findbugs_jsr305-3.0.0.jar
[2024-06-20T12:42:26.319+0000] {docker.py:413} INFO - 24/06/20 12:42:26 INFO Executor: Adding file:/tmp/spark-bf183573-710c-4833-bb46-2549f1a08689/userFiles-18b348a2-bb09-4be8-99fe-75916693bdfe/com.google.code.findbugs_jsr305-3.0.0.jar to class loader default
[2024-06-20T12:42:26.325+0000] {docker.py:413} INFO - 24/06/20 12:42:26 INFO Utils: Successfully started service 'org.apache.spark.network.netty.NettyBlockTransferService' on port 36831.
24/06/20 12:42:26 INFO NettyBlockTransferService: Server created on localhost:36831
[2024-06-20T12:42:26.326+0000] {docker.py:413} INFO - 24/06/20 12:42:26 INFO BlockManager: Using org.apache.spark.storage.RandomBlockReplicationPolicy for block replication policy
[2024-06-20T12:42:26.332+0000] {docker.py:413} INFO - 24/06/20 12:42:26 INFO BlockManagerMaster: Registering BlockManager BlockManagerId(driver, localhost, 36831, None)
[2024-06-20T12:42:26.334+0000] {docker.py:413} INFO - 24/06/20 12:42:26 INFO BlockManagerMasterEndpoint: Registering block manager localhost:36831 with 434.4 MiB RAM, BlockManagerId(driver, localhost, 36831, None)
[2024-06-20T12:42:26.337+0000] {docker.py:413} INFO - 24/06/20 12:42:26 INFO BlockManagerMaster: Registered BlockManager BlockManagerId(driver, localhost, 36831, None)
[2024-06-20T12:42:26.338+0000] {docker.py:413} INFO - 24/06/20 12:42:26 INFO BlockManager: Initialized BlockManager: BlockManagerId(driver, localhost, 36831, None)
[2024-06-20T12:42:26.857+0000] {docker.py:413} INFO - 2024-06-20 12:42:26,854:create_spark_session:INFO:Spark session created successfully
[2024-06-20T12:42:26.861+0000] {docker.py:413} INFO - 24/06/20 12:42:26 INFO SharedState: Setting hive.metastore.warehouse.dir ('null') to the value of spark.sql.warehouse.dir.
[2024-06-20T12:42:26.863+0000] {docker.py:413} INFO - 24/06/20 12:42:26 INFO SharedState: Warehouse path is 'file:/opt/bitnami/spark/spark-warehouse'.
[2024-06-20T12:42:27.722+0000] {docker.py:413} INFO - 2024-06-20 12:42:27,721:create_initial_dataframe:INFO:Initial dataframe for topic 'elements' created successfully
[2024-06-20T12:42:27.733+0000] {docker.py:413} INFO - 2024-06-20 12:42:27,733:create_initial_dataframe:INFO:Initial dataframe for topic 'teams' created successfully
[2024-06-20T12:42:27.743+0000] {docker.py:413} INFO - 2024-06-20 12:42:27,741:create_initial_dataframe:INFO:Initial dataframe for topic 'fixtures' created successfully
[2024-06-20T12:42:27.941+0000] {docker.py:413} INFO - 24/06/20 12:42:27 WARN SparkStringUtils: Truncated the string representation of a plan since it was too large. This behavior can be adjusted by setting 'spark.sql.debug.maxToStringFields'.
[2024-06-20T12:42:28.223+0000] {docker.py:413} INFO - 2024-06-20 12:42:28,222:write_to_postgres:ERROR:Error writing data to elements: [CALL_ON_STREAMING_DATASET_UNSUPPORTED] The method `write` can not be called on streaming Dataset/DataFrame.
[2024-06-20T12:42:28.227+0000] {docker.py:413} INFO - 2024-06-20 12:42:28,227:write_to_postgres:ERROR:Error writing data to teams: [CALL_ON_STREAMING_DATASET_UNSUPPORTED] The method `write` can not be called on streaming Dataset/DataFrame.
[2024-06-20T12:42:28.239+0000] {docker.py:413} INFO - 2024-06-20 12:42:28,234:write_to_postgres:ERROR:Error writing data to fixtures: [CALL_ON_STREAMING_DATASET_UNSUPPORTED] The method `write` can not be called on streaming Dataset/DataFrame.
[2024-06-20T12:42:28.239+0000] {docker.py:413} INFO - 2024-06-20 12:42:28,235:close:INFO:Closing down clientserver connection
[2024-06-20T12:42:28.254+0000] {docker.py:413} INFO - 24/06/20 12:42:28 INFO SparkContext: Invoking stop() from shutdown hook
[2024-06-20T12:42:28.255+0000] {docker.py:413} INFO - 24/06/20 12:42:28 INFO SparkContext: SparkContext is stopping with exitCode 0.
[2024-06-20T12:42:28.260+0000] {docker.py:413} INFO - 24/06/20 12:42:28 INFO SparkUI: Stopped Spark web UI at http://localhost:4040
[2024-06-20T12:42:28.266+0000] {docker.py:413} INFO - 24/06/20 12:42:28 INFO MapOutputTrackerMasterEndpoint: MapOutputTrackerMasterEndpoint stopped!
[2024-06-20T12:42:28.273+0000] {docker.py:413} INFO - 24/06/20 12:42:28 INFO MemoryStore: MemoryStore cleared
[2024-06-20T12:42:28.273+0000] {docker.py:413} INFO - 24/06/20 12:42:28 INFO BlockManager: BlockManager stopped
[2024-06-20T12:42:28.276+0000] {docker.py:413} INFO - 24/06/20 12:42:28 INFO BlockManagerMaster: BlockManagerMaster stopped
[2024-06-20T12:42:28.278+0000] {docker.py:413} INFO - 24/06/20 12:42:28 INFO OutputCommitCoordinator$OutputCommitCoordinatorEndpoint: OutputCommitCoordinator stopped!
[2024-06-20T12:42:28.285+0000] {docker.py:413} INFO - 24/06/20 12:42:28 INFO SparkContext: Successfully stopped SparkContext
[2024-06-20T12:42:28.286+0000] {docker.py:413} INFO - 24/06/20 12:42:28 INFO ShutdownHookManager: Shutdown hook called
[2024-06-20T12:42:28.286+0000] {docker.py:413} INFO - 24/06/20 12:42:28 INFO ShutdownHookManager: Deleting directory /tmp/spark-4cfc1869-0994-4501-a7cd-609fd76ee745
[2024-06-20T12:42:28.287+0000] {docker.py:413} INFO - 24/06/20 12:42:28 INFO ShutdownHookManager: Deleting directory /tmp/spark-bf183573-710c-4833-bb46-2549f1a08689
[2024-06-20T12:42:28.288+0000] {docker.py:413} INFO - 24/06/20 12:42:28 INFO ShutdownHookManager: Deleting directory /tmp/spark-bf183573-710c-4833-bb46-2549f1a08689/pyspark-f9206535-83c9-45c1-8927-1bcb323cb3a7
[2024-06-20T12:42:28.458+0000] {taskinstance.py:1400} INFO - Marking task as SUCCESS. dag_id=kafka_spark_dag, task_id=pyspark_consumer, execution_date=20240620T121126, start_date=20240620T124139, end_date=20240620T124228
[2024-06-20T12:42:28.496+0000] {local_task_job_runner.py:228} INFO - Task exited with return code 0
[2024-06-20T12:42:28.516+0000] {taskinstance.py:2778} INFO - 0 downstream tasks scheduled from follow-on schedule check
