[2024-06-18T12:40:59.131+0000] {taskinstance.py:1159} INFO - Dependencies all met for dep_context=non-requeueable deps ti=<TaskInstance: kafka_spark_dag.pyspark_consumer manual__2024-06-18T12:36:02.301308+00:00 [queued]>
[2024-06-18T12:40:59.137+0000] {taskinstance.py:1159} INFO - Dependencies all met for dep_context=requeueable deps ti=<TaskInstance: kafka_spark_dag.pyspark_consumer manual__2024-06-18T12:36:02.301308+00:00 [queued]>
[2024-06-18T12:40:59.138+0000] {taskinstance.py:1361} INFO - Starting attempt 2 of 2
[2024-06-18T12:40:59.148+0000] {taskinstance.py:1382} INFO - Executing <Task(DockerOperator): pyspark_consumer> on 2024-06-18 12:36:02.301308+00:00
[2024-06-18T12:40:59.154+0000] {standard_task_runner.py:57} INFO - Started process 669 to run task
[2024-06-18T12:40:59.158+0000] {standard_task_runner.py:84} INFO - Running: ['***', 'tasks', 'run', 'kafka_spark_dag', 'pyspark_consumer', 'manual__2024-06-18T12:36:02.301308+00:00', '--job-id', '49', '--raw', '--subdir', 'DAGS_FOLDER/dag_kafka_spark.py', '--cfg-path', '/tmp/tmpwvajjisz']
[2024-06-18T12:40:59.159+0000] {standard_task_runner.py:85} INFO - Job 49: Subtask pyspark_consumer
[2024-06-18T12:40:59.198+0000] {task_command.py:416} INFO - Running <TaskInstance: kafka_spark_dag.pyspark_consumer manual__2024-06-18T12:36:02.301308+00:00 [running]> on host 2ad9230613d5
[2024-06-18T12:40:59.238+0000] {taskinstance.py:1662} INFO - Exporting env vars: AIRFLOW_CTX_DAG_OWNER='***' AIRFLOW_CTX_DAG_ID='kafka_spark_dag' AIRFLOW_CTX_TASK_ID='pyspark_consumer' AIRFLOW_CTX_EXECUTION_DATE='2024-06-18T12:36:02.301308+00:00' AIRFLOW_CTX_TRY_NUMBER='2' AIRFLOW_CTX_DAG_RUN_ID='manual__2024-06-18T12:36:02.301308+00:00'
[2024-06-18T12:40:59.324+0000] {docker.py:343} INFO - Starting docker container from image rappel-conso/spark:latest
[2024-06-18T12:40:59.334+0000] {docker.py:351} WARNING - Using remote engine or docker-in-docker and mounting temporary volume from host is not supported. Falling back to `mount_tmp_dir=False` mode. You can set `mount_tmp_dir` parameter to False to disable mounting and remove the warning
[2024-06-18T12:40:59.621+0000] {docker.py:413} INFO - [38;5;6mspark [38;5;5m12:40:59.61 [0m[38;5;2mINFO [0m ==>
[2024-06-18T12:40:59.622+0000] {docker.py:413} INFO - [38;5;6mspark [38;5;5m12:40:59.62 [0m[38;5;2mINFO [0m ==> [1mWelcome to the Bitnami spark container[0m
[2024-06-18T12:40:59.623+0000] {docker.py:413} INFO - [38;5;6mspark [38;5;5m12:40:59.62 [0m[38;5;2mINFO [0m ==> Subscribe to project updates by watching [1mhttps://github.com/bitnami/containers[0m
[2024-06-18T12:40:59.624+0000] {docker.py:413} INFO - [38;5;6mspark [38;5;5m12:40:59.62 [0m[38;5;2mINFO [0m ==> Submit issues and feature requests at [1mhttps://github.com/bitnami/containers/issues[0m
[2024-06-18T12:40:59.624+0000] {docker.py:413} INFO - [38;5;6mspark [38;5;5m12:40:59.62 [0m[38;5;2mINFO [0m ==>
[2024-06-18T12:40:59.643+0000] {docker.py:413} INFO - 
[2024-06-18T12:41:00.823+0000] {docker.py:413} INFO - :: loading settings :: url = jar:file:/opt/bitnami/spark/jars/ivy-2.5.1.jar!/org/apache/ivy/core/settings/ivysettings.xml
[2024-06-18T12:41:00.882+0000] {docker.py:413} INFO - Ivy Default Cache set to: /opt/bitnami/spark/.ivy2/cache
The jars for the packages stored in: /opt/bitnami/spark/.ivy2/jars
[2024-06-18T12:41:00.885+0000] {docker.py:413} INFO - org.postgresql#postgresql added as a dependency
org.apache.spark#spark-sql-kafka-0-10_2.12 added as a dependency
[2024-06-18T12:41:00.888+0000] {docker.py:413} INFO - :: resolving dependencies :: org.apache.spark#spark-submit-parent-84fb2d2f-af95-4261-b705-4c1f34f547bd;1.0
	confs: [default]
[2024-06-18T12:41:02.685+0000] {docker.py:413} INFO - found org.postgresql#postgresql;42.5.4 in central
[2024-06-18T12:41:03.227+0000] {docker.py:413} INFO - found org.checkerframework#checker-qual;3.5.0 in central
[2024-06-18T12:41:08.243+0000] {docker.py:413} INFO - found org.apache.spark#spark-sql-kafka-0-10_2.12;3.5.0 in central
[2024-06-18T12:41:08.978+0000] {docker.py:413} INFO - found org.apache.spark#spark-token-provider-kafka-0-10_2.12;3.5.0 in central
[2024-06-18T12:41:09.543+0000] {docker.py:413} INFO - found org.apache.kafka#kafka-clients;3.4.1 in central
[2024-06-18T12:41:10.113+0000] {docker.py:413} INFO - found org.lz4#lz4-java;1.8.0 in central
[2024-06-18T12:41:10.814+0000] {docker.py:413} INFO - found org.xerial.snappy#snappy-java;1.1.10.3 in central
[2024-06-18T12:41:13.242+0000] {docker.py:413} INFO - found org.slf4j#slf4j-api;2.0.7 in central
[2024-06-18T12:41:18.080+0000] {docker.py:413} INFO - found org.apache.hadoop#hadoop-client-runtime;3.3.4 in central
[2024-06-18T12:41:18.727+0000] {docker.py:413} INFO - found org.apache.hadoop#hadoop-client-api;3.3.4 in central
[2024-06-18T12:41:22.076+0000] {docker.py:413} INFO - found commons-logging#commons-logging;1.1.3 in central
[2024-06-18T12:41:22.643+0000] {docker.py:413} INFO - found com.google.code.findbugs#jsr305;3.0.0 in central
[2024-06-18T12:41:28.065+0000] {docker.py:413} INFO - found org.apache.commons#commons-pool2;2.11.1 in central
[2024-06-18T12:41:28.348+0000] {docker.py:413} INFO - downloading https://repo1.maven.org/maven2/org/postgresql/postgresql/42.5.4/postgresql-42.5.4.jar ...
[2024-06-18T12:41:29.882+0000] {docker.py:413} INFO - [SUCCESSFUL ] org.postgresql#postgresql;42.5.4!postgresql.jar (1803ms)
[2024-06-18T12:41:30.145+0000] {docker.py:413} INFO - downloading https://repo1.maven.org/maven2/org/apache/spark/spark-sql-kafka-0-10_2.12/3.5.0/spark-sql-kafka-0-10_2.12-3.5.0.jar ...
[2024-06-18T12:41:30.829+0000] {docker.py:413} INFO - [SUCCESSFUL ] org.apache.spark#spark-sql-kafka-0-10_2.12;3.5.0!spark-sql-kafka-0-10_2.12.jar (946ms)
[2024-06-18T12:41:31.098+0000] {docker.py:413} INFO - downloading https://repo1.maven.org/maven2/org/checkerframework/checker-qual/3.5.0/checker-qual-3.5.0.jar ...
[2024-06-18T12:41:31.530+0000] {docker.py:413} INFO - [SUCCESSFUL ] org.checkerframework#checker-qual;3.5.0!checker-qual.jar (699ms)
[2024-06-18T12:41:31.800+0000] {docker.py:413} INFO - downloading https://repo1.maven.org/maven2/org/apache/spark/spark-token-provider-kafka-0-10_2.12/3.5.0/spark-token-provider-kafka-0-10_2.12-3.5.0.jar ...
[2024-06-18T12:41:32.106+0000] {docker.py:413} INFO - [SUCCESSFUL ] org.apache.spark#spark-token-provider-kafka-0-10_2.12;3.5.0!spark-token-provider-kafka-0-10_2.12.jar (576ms)
[2024-06-18T12:41:32.378+0000] {docker.py:413} INFO - downloading https://repo1.maven.org/maven2/org/apache/kafka/kafka-clients/3.4.1/kafka-clients-3.4.1.jar ...
[2024-06-18T12:41:36.356+0000] {docker.py:413} INFO - [SUCCESSFUL ] org.apache.kafka#kafka-clients;3.4.1!kafka-clients.jar (4247ms)
[2024-06-18T12:41:37.100+0000] {docker.py:413} INFO - downloading https://repo1.maven.org/maven2/com/google/code/findbugs/jsr305/3.0.0/jsr305-3.0.0.jar ...
[2024-06-18T12:41:37.375+0000] {docker.py:413} INFO - [SUCCESSFUL ] com.google.code.findbugs#jsr305;3.0.0!jsr305.jar (1019ms)
[2024-06-18T12:41:37.643+0000] {docker.py:413} INFO - downloading https://repo1.maven.org/maven2/org/apache/commons/commons-pool2/2.11.1/commons-pool2-2.11.1.jar ...
[2024-06-18T12:41:38.438+0000] {docker.py:413} INFO - [SUCCESSFUL ] org.apache.commons#commons-pool2;2.11.1!commons-pool2.jar (1062ms)
[2024-06-18T12:41:38.706+0000] {docker.py:413} INFO - downloading https://repo1.maven.org/maven2/org/apache/hadoop/hadoop-client-runtime/3.3.4/hadoop-client-runtime-3.3.4.jar ...
[2024-06-18T12:41:46.507+0000] {docker.py:413} INFO - [SUCCESSFUL ] org.apache.hadoop#hadoop-client-runtime;3.3.4!hadoop-client-runtime.jar (8064ms)
[2024-06-18T12:41:46.794+0000] {docker.py:413} INFO - downloading https://repo1.maven.org/maven2/org/lz4/lz4-java/1.8.0/lz4-java-1.8.0.jar ...
[2024-06-18T12:41:47.131+0000] {docker.py:413} INFO - [SUCCESSFUL ] org.lz4#lz4-java;1.8.0!lz4-java.jar (622ms)
[2024-06-18T12:41:47.441+0000] {docker.py:413} INFO - downloading https://repo1.maven.org/maven2/org/xerial/snappy/snappy-java/1.1.10.3/snappy-java-1.1.10.3.jar ...
[2024-06-18T12:41:48.006+0000] {docker.py:413} INFO - [SUCCESSFUL ] org.xerial.snappy#snappy-java;1.1.10.3!snappy-java.jar(bundle) (871ms)
[2024-06-18T12:41:48.273+0000] {docker.py:413} INFO - downloading https://repo1.maven.org/maven2/org/slf4j/slf4j-api/2.0.7/slf4j-api-2.0.7.jar ...
[2024-06-18T12:41:48.552+0000] {docker.py:413} INFO - [SUCCESSFUL ] org.slf4j#slf4j-api;2.0.7!slf4j-api.jar (544ms)
[2024-06-18T12:41:48.819+0000] {docker.py:413} INFO - downloading https://repo1.maven.org/maven2/org/apache/hadoop/hadoop-client-api/3.3.4/hadoop-client-api-3.3.4.jar ...
[2024-06-18T12:41:51.239+0000] {docker.py:413} INFO - [SUCCESSFUL ] org.apache.hadoop#hadoop-client-api;3.3.4!hadoop-client-api.jar (2685ms)
[2024-06-18T12:41:51.503+0000] {docker.py:413} INFO - downloading https://repo1.maven.org/maven2/commons-logging/commons-logging/1.1.3/commons-logging-1.1.3.jar ...
[2024-06-18T12:41:51.784+0000] {docker.py:413} INFO - [SUCCESSFUL ] commons-logging#commons-logging;1.1.3!commons-logging.jar (543ms)
[2024-06-18T12:41:51.786+0000] {docker.py:413} INFO - :: resolution report :: resolve 27192ms :: artifacts dl 23706ms
[2024-06-18T12:41:51.792+0000] {docker.py:413} INFO - :: modules in use:
[2024-06-18T12:41:51.795+0000] {docker.py:413} INFO - com.google.code.findbugs#jsr305;3.0.0 from central in [default]
	commons-logging#commons-logging;1.1.3 from central in [default]
	org.apache.commons#commons-pool2;2.11.1 from central in [default]
	org.apache.hadoop#hadoop-client-api;3.3.4 from central in [default]
	org.apache.hadoop#hadoop-client-runtime;3.3.4 from central in [default]
	org.apache.kafka#kafka-clients;3.4.1 from central in [default]
	org.apache.spark#spark-sql-kafka-0-10_2.12;3.5.0 from central in [default]
	org.apache.spark#spark-token-provider-kafka-0-10_2.12;3.5.0 from central in [default]
	org.checkerframework#checker-qual;3.5.0 from central in [default]
	org.lz4#lz4-java;1.8.0 from central in [default]
	org.postgresql#postgresql;42.5.4 from central in [default]
	org.slf4j#slf4j-api;2.0.7 from central in [default]
	org.xerial.snappy#snappy-java;1.1.10.3 from central in [default]
	---------------------------------------------------------------------
	|                  |            modules            ||   artifacts   |
[2024-06-18T12:41:51.798+0000] {docker.py:413} INFO - |       conf       | number| search|dwnlded|evicted|| number|dwnlded|
	---------------------------------------------------------------------
[2024-06-18T12:41:51.800+0000] {docker.py:413} INFO - |      default     |   13  |   13  |   13  |   0   ||   13  |   13  |
	---------------------------------------------------------------------
[2024-06-18T12:41:51.814+0000] {docker.py:413} INFO - :: retrieving :: org.apache.spark#spark-submit-parent-84fb2d2f-af95-4261-b705-4c1f34f547bd
	confs: [default]
[2024-06-18T12:41:51.927+0000] {docker.py:413} INFO - 13 artifacts copied, 0 already retrieved (58001kB/114ms)
[2024-06-18T12:41:52.090+0000] {docker.py:413} INFO - 24/06/18 12:41:52 WARN NativeCodeLoader: Unable to load native-hadoop library for your platform... using builtin-java classes where applicable
[2024-06-18T12:41:52.737+0000] {docker.py:413} INFO - 24/06/18 12:41:52 INFO SparkContext: Running Spark version 3.5.0
[2024-06-18T12:41:52.741+0000] {docker.py:413} INFO - 24/06/18 12:41:52 INFO SparkContext: OS info Linux, 6.6.12-linuxkit, aarch64
[2024-06-18T12:41:52.741+0000] {docker.py:413} INFO - 24/06/18 12:41:52 INFO SparkContext: Java version 17.0.10
[2024-06-18T12:41:52.749+0000] {docker.py:413} INFO - 24/06/18 12:41:52 INFO ResourceUtils: ==============================================================
[2024-06-18T12:41:52.749+0000] {docker.py:413} INFO - 24/06/18 12:41:52 INFO ResourceUtils: No custom resources configured for spark.driver.
[2024-06-18T12:41:52.749+0000] {docker.py:413} INFO - 24/06/18 12:41:52 INFO ResourceUtils: ==============================================================
[2024-06-18T12:41:52.750+0000] {docker.py:413} INFO - 24/06/18 12:41:52 INFO SparkContext: Submitted application: PostgreSQL Connection with PySpark
[2024-06-18T12:41:52.759+0000] {docker.py:413} INFO - 24/06/18 12:41:52 INFO ResourceProfile: Default ResourceProfile created, executor resources: Map(cores -> name: cores, amount: 1, script: , vendor: , memory -> name: memory, amount: 1024, script: , vendor: , offHeap -> name: offHeap, amount: 0, script: , vendor: ), task resources: Map(cpus -> name: cpus, amount: 1.0)
[2024-06-18T12:41:52.763+0000] {docker.py:413} INFO - 24/06/18 12:41:52 INFO ResourceProfile: Limiting resource is cpu
[2024-06-18T12:41:52.763+0000] {docker.py:413} INFO - 24/06/18 12:41:52 INFO ResourceProfileManager: Added ResourceProfile id: 0
[2024-06-18T12:41:52.789+0000] {docker.py:413} INFO - 24/06/18 12:41:52 INFO SecurityManager: Changing view acls to: spark
[2024-06-18T12:41:52.790+0000] {docker.py:413} INFO - 24/06/18 12:41:52 INFO SecurityManager: Changing modify acls to: spark
[2024-06-18T12:41:52.790+0000] {docker.py:413} INFO - 24/06/18 12:41:52 INFO SecurityManager: Changing view acls groups to:
[2024-06-18T12:41:52.790+0000] {docker.py:413} INFO - 24/06/18 12:41:52 INFO SecurityManager: Changing modify acls groups to:
[2024-06-18T12:41:52.790+0000] {docker.py:413} INFO - 24/06/18 12:41:52 INFO SecurityManager: SecurityManager: authentication disabled; ui acls disabled; users with view permissions: spark; groups with view permissions: EMPTY; users with modify permissions: spark; groups with modify permissions: EMPTY
[2024-06-18T12:41:52.941+0000] {docker.py:413} INFO - 24/06/18 12:41:52 INFO Utils: Successfully started service 'sparkDriver' on port 43439.
[2024-06-18T12:41:52.958+0000] {docker.py:413} INFO - 24/06/18 12:41:52 INFO SparkEnv: Registering MapOutputTracker
[2024-06-18T12:41:52.977+0000] {docker.py:413} INFO - 24/06/18 12:41:52 INFO SparkEnv: Registering BlockManagerMaster
[2024-06-18T12:41:52.986+0000] {docker.py:413} INFO - 24/06/18 12:41:52 INFO BlockManagerMasterEndpoint: Using org.apache.spark.storage.DefaultTopologyMapper for getting topology information
[2024-06-18T12:41:52.987+0000] {docker.py:413} INFO - 24/06/18 12:41:52 INFO BlockManagerMasterEndpoint: BlockManagerMasterEndpoint up
[2024-06-18T12:41:52.989+0000] {docker.py:413} INFO - 24/06/18 12:41:52 INFO SparkEnv: Registering BlockManagerMasterHeartbeat
[2024-06-18T12:41:53.001+0000] {docker.py:413} INFO - 24/06/18 12:41:53 INFO DiskBlockManager: Created local directory at /tmp/blockmgr-7e4f5c10-92d3-4b6e-a4f8-16dbf277e7f3
[2024-06-18T12:41:53.009+0000] {docker.py:413} INFO - 24/06/18 12:41:53 INFO MemoryStore: MemoryStore started with capacity 434.4 MiB
[2024-06-18T12:41:53.018+0000] {docker.py:413} INFO - 24/06/18 12:41:53 INFO SparkEnv: Registering OutputCommitCoordinator
[2024-06-18T12:41:53.097+0000] {docker.py:413} INFO - 24/06/18 12:41:53 INFO JettyUtils: Start Jetty 0.0.0.0:4040 for SparkUI
[2024-06-18T12:41:53.136+0000] {docker.py:413} INFO - 24/06/18 12:41:53 INFO Utils: Successfully started service 'SparkUI' on port 4040.
[2024-06-18T12:41:53.156+0000] {docker.py:413} INFO - 24/06/18 12:41:53 INFO SparkContext: Added JAR file:///opt/bitnami/spark/.ivy2/jars/org.postgresql_postgresql-42.5.4.jar at spark://localhost:43439/jars/org.postgresql_postgresql-42.5.4.jar with timestamp 1718714512733
[2024-06-18T12:41:53.157+0000] {docker.py:413} INFO - 24/06/18 12:41:53 INFO SparkContext: Added JAR file:///opt/bitnami/spark/.ivy2/jars/org.apache.spark_spark-sql-kafka-0-10_2.12-3.5.0.jar at spark://localhost:43439/jars/org.apache.spark_spark-sql-kafka-0-10_2.12-3.5.0.jar with timestamp 1718714512733
[2024-06-18T12:41:53.157+0000] {docker.py:413} INFO - 24/06/18 12:41:53 INFO SparkContext: Added JAR file:///opt/bitnami/spark/.ivy2/jars/org.checkerframework_checker-qual-3.5.0.jar at spark://localhost:43439/jars/org.checkerframework_checker-qual-3.5.0.jar with timestamp 1718714512733
24/06/18 12:41:53 INFO SparkContext: Added JAR file:///opt/bitnami/spark/.ivy2/jars/org.apache.spark_spark-token-provider-kafka-0-10_2.12-3.5.0.jar at spark://localhost:43439/jars/org.apache.spark_spark-token-provider-kafka-0-10_2.12-3.5.0.jar with timestamp 1718714512733
[2024-06-18T12:41:53.158+0000] {docker.py:413} INFO - 24/06/18 12:41:53 INFO SparkContext: Added JAR file:///opt/bitnami/spark/.ivy2/jars/org.apache.kafka_kafka-clients-3.4.1.jar at spark://localhost:43439/jars/org.apache.kafka_kafka-clients-3.4.1.jar with timestamp 1718714512733
24/06/18 12:41:53 INFO SparkContext: Added JAR file:///opt/bitnami/spark/.ivy2/jars/com.google.code.findbugs_jsr305-3.0.0.jar at spark://localhost:43439/jars/com.google.code.findbugs_jsr305-3.0.0.jar with timestamp 1718714512733
24/06/18 12:41:53 INFO SparkContext: Added JAR file:///opt/bitnami/spark/.ivy2/jars/org.apache.commons_commons-pool2-2.11.1.jar at spark://localhost:43439/jars/org.apache.commons_commons-pool2-2.11.1.jar with timestamp 1718714512733
24/06/18 12:41:53 INFO SparkContext: Added JAR file:///opt/bitnami/spark/.ivy2/jars/org.apache.hadoop_hadoop-client-runtime-3.3.4.jar at spark://localhost:43439/jars/org.apache.hadoop_hadoop-client-runtime-3.3.4.jar with timestamp 1718714512733
[2024-06-18T12:41:53.158+0000] {docker.py:413} INFO - 24/06/18 12:41:53 INFO SparkContext: Added JAR file:///opt/bitnami/spark/.ivy2/jars/org.lz4_lz4-java-1.8.0.jar at spark://localhost:43439/jars/org.lz4_lz4-java-1.8.0.jar with timestamp 1718714512733
24/06/18 12:41:53 INFO SparkContext: Added JAR file:///opt/bitnami/spark/.ivy2/jars/org.xerial.snappy_snappy-java-1.1.10.3.jar at spark://localhost:43439/jars/org.xerial.snappy_snappy-java-1.1.10.3.jar with timestamp 1718714512733
24/06/18 12:41:53 INFO SparkContext: Added JAR file:///opt/bitnami/spark/.ivy2/jars/org.slf4j_slf4j-api-2.0.7.jar at spark://localhost:43439/jars/org.slf4j_slf4j-api-2.0.7.jar with timestamp 1718714512733
[2024-06-18T12:41:53.159+0000] {docker.py:413} INFO - 24/06/18 12:41:53 INFO SparkContext: Added JAR file:///opt/bitnami/spark/.ivy2/jars/org.apache.hadoop_hadoop-client-api-3.3.4.jar at spark://localhost:43439/jars/org.apache.hadoop_hadoop-client-api-3.3.4.jar with timestamp 1718714512733
[2024-06-18T12:41:53.160+0000] {docker.py:413} INFO - 24/06/18 12:41:53 INFO SparkContext: Added JAR file:///opt/bitnami/spark/.ivy2/jars/commons-logging_commons-logging-1.1.3.jar at spark://localhost:43439/jars/commons-logging_commons-logging-1.1.3.jar with timestamp 1718714512733
[2024-06-18T12:41:53.160+0000] {docker.py:413} INFO - 24/06/18 12:41:53 INFO SparkContext: Added file file:///opt/bitnami/spark/.ivy2/jars/org.postgresql_postgresql-42.5.4.jar at file:///opt/bitnami/spark/.ivy2/jars/org.postgresql_postgresql-42.5.4.jar with timestamp 1718714512733
[2024-06-18T12:41:53.160+0000] {docker.py:413} INFO - 24/06/18 12:41:53 INFO Utils: Copying /opt/bitnami/spark/.ivy2/jars/org.postgresql_postgresql-42.5.4.jar to /tmp/spark-a649b756-b66e-42e6-9bba-96e50686c5a0/userFiles-b846dec6-7191-4ab8-b841-ebce94790c26/org.postgresql_postgresql-42.5.4.jar
[2024-06-18T12:41:53.166+0000] {docker.py:413} INFO - 24/06/18 12:41:53 INFO SparkContext: Added file file:///opt/bitnami/spark/.ivy2/jars/org.apache.spark_spark-sql-kafka-0-10_2.12-3.5.0.jar at file:///opt/bitnami/spark/.ivy2/jars/org.apache.spark_spark-sql-kafka-0-10_2.12-3.5.0.jar with timestamp 1718714512733
24/06/18 12:41:53 INFO Utils: Copying /opt/bitnami/spark/.ivy2/jars/org.apache.spark_spark-sql-kafka-0-10_2.12-3.5.0.jar to /tmp/spark-a649b756-b66e-42e6-9bba-96e50686c5a0/userFiles-b846dec6-7191-4ab8-b841-ebce94790c26/org.apache.spark_spark-sql-kafka-0-10_2.12-3.5.0.jar
[2024-06-18T12:41:53.175+0000] {docker.py:413} INFO - 24/06/18 12:41:53 INFO SparkContext: Added file file:///opt/bitnami/spark/.ivy2/jars/org.checkerframework_checker-qual-3.5.0.jar at file:///opt/bitnami/spark/.ivy2/jars/org.checkerframework_checker-qual-3.5.0.jar with timestamp 1718714512733
[2024-06-18T12:41:53.176+0000] {docker.py:413} INFO - 24/06/18 12:41:53 INFO Utils: Copying /opt/bitnami/spark/.ivy2/jars/org.checkerframework_checker-qual-3.5.0.jar to /tmp/spark-a649b756-b66e-42e6-9bba-96e50686c5a0/userFiles-b846dec6-7191-4ab8-b841-ebce94790c26/org.checkerframework_checker-qual-3.5.0.jar
[2024-06-18T12:41:53.180+0000] {docker.py:413} INFO - 24/06/18 12:41:53 INFO SparkContext: Added file file:///opt/bitnami/spark/.ivy2/jars/org.apache.spark_spark-token-provider-kafka-0-10_2.12-3.5.0.jar at file:///opt/bitnami/spark/.ivy2/jars/org.apache.spark_spark-token-provider-kafka-0-10_2.12-3.5.0.jar with timestamp 1718714512733
[2024-06-18T12:41:53.180+0000] {docker.py:413} INFO - 24/06/18 12:41:53 INFO Utils: Copying /opt/bitnami/spark/.ivy2/jars/org.apache.spark_spark-token-provider-kafka-0-10_2.12-3.5.0.jar to /tmp/spark-a649b756-b66e-42e6-9bba-96e50686c5a0/userFiles-b846dec6-7191-4ab8-b841-ebce94790c26/org.apache.spark_spark-token-provider-kafka-0-10_2.12-3.5.0.jar
[2024-06-18T12:41:53.184+0000] {docker.py:413} INFO - 24/06/18 12:41:53 INFO SparkContext: Added file file:///opt/bitnami/spark/.ivy2/jars/org.apache.kafka_kafka-clients-3.4.1.jar at file:///opt/bitnami/spark/.ivy2/jars/org.apache.kafka_kafka-clients-3.4.1.jar with timestamp 1718714512733
[2024-06-18T12:41:53.185+0000] {docker.py:413} INFO - 24/06/18 12:41:53 INFO Utils: Copying /opt/bitnami/spark/.ivy2/jars/org.apache.kafka_kafka-clients-3.4.1.jar to /tmp/spark-a649b756-b66e-42e6-9bba-96e50686c5a0/userFiles-b846dec6-7191-4ab8-b841-ebce94790c26/org.apache.kafka_kafka-clients-3.4.1.jar
[2024-06-18T12:41:53.197+0000] {docker.py:413} INFO - 24/06/18 12:41:53 INFO SparkContext: Added file file:///opt/bitnami/spark/.ivy2/jars/com.google.code.findbugs_jsr305-3.0.0.jar at file:///opt/bitnami/spark/.ivy2/jars/com.google.code.findbugs_jsr305-3.0.0.jar with timestamp 1718714512733
24/06/18 12:41:53 INFO Utils: Copying /opt/bitnami/spark/.ivy2/jars/com.google.code.findbugs_jsr305-3.0.0.jar to /tmp/spark-a649b756-b66e-42e6-9bba-96e50686c5a0/userFiles-b846dec6-7191-4ab8-b841-ebce94790c26/com.google.code.findbugs_jsr305-3.0.0.jar
[2024-06-18T12:41:53.202+0000] {docker.py:413} INFO - 24/06/18 12:41:53 INFO SparkContext: Added file file:///opt/bitnami/spark/.ivy2/jars/org.apache.commons_commons-pool2-2.11.1.jar at file:///opt/bitnami/spark/.ivy2/jars/org.apache.commons_commons-pool2-2.11.1.jar with timestamp 1718714512733
[2024-06-18T12:41:53.202+0000] {docker.py:413} INFO - 24/06/18 12:41:53 INFO Utils: Copying /opt/bitnami/spark/.ivy2/jars/org.apache.commons_commons-pool2-2.11.1.jar to /tmp/spark-a649b756-b66e-42e6-9bba-96e50686c5a0/userFiles-b846dec6-7191-4ab8-b841-ebce94790c26/org.apache.commons_commons-pool2-2.11.1.jar
[2024-06-18T12:41:53.206+0000] {docker.py:413} INFO - 24/06/18 12:41:53 INFO SparkContext: Added file file:///opt/bitnami/spark/.ivy2/jars/org.apache.hadoop_hadoop-client-runtime-3.3.4.jar at file:///opt/bitnami/spark/.ivy2/jars/org.apache.hadoop_hadoop-client-runtime-3.3.4.jar with timestamp 1718714512733
[2024-06-18T12:41:53.207+0000] {docker.py:413} INFO - 24/06/18 12:41:53 INFO Utils: Copying /opt/bitnami/spark/.ivy2/jars/org.apache.hadoop_hadoop-client-runtime-3.3.4.jar to /tmp/spark-a649b756-b66e-42e6-9bba-96e50686c5a0/userFiles-b846dec6-7191-4ab8-b841-ebce94790c26/org.apache.hadoop_hadoop-client-runtime-3.3.4.jar
[2024-06-18T12:41:53.226+0000] {docker.py:413} INFO - 24/06/18 12:41:53 INFO SparkContext: Added file file:///opt/bitnami/spark/.ivy2/jars/org.lz4_lz4-java-1.8.0.jar at file:///opt/bitnami/spark/.ivy2/jars/org.lz4_lz4-java-1.8.0.jar with timestamp 1718714512733
[2024-06-18T12:41:53.226+0000] {docker.py:413} INFO - 24/06/18 12:41:53 INFO Utils: Copying /opt/bitnami/spark/.ivy2/jars/org.lz4_lz4-java-1.8.0.jar to /tmp/spark-a649b756-b66e-42e6-9bba-96e50686c5a0/userFiles-b846dec6-7191-4ab8-b841-ebce94790c26/org.lz4_lz4-java-1.8.0.jar
[2024-06-18T12:41:53.228+0000] {docker.py:413} INFO - 24/06/18 12:41:53 INFO SparkContext: Added file file:///opt/bitnami/spark/.ivy2/jars/org.xerial.snappy_snappy-java-1.1.10.3.jar at file:///opt/bitnami/spark/.ivy2/jars/org.xerial.snappy_snappy-java-1.1.10.3.jar with timestamp 1718714512733
[2024-06-18T12:41:53.228+0000] {docker.py:413} INFO - 24/06/18 12:41:53 INFO Utils: Copying /opt/bitnami/spark/.ivy2/jars/org.xerial.snappy_snappy-java-1.1.10.3.jar to /tmp/spark-a649b756-b66e-42e6-9bba-96e50686c5a0/userFiles-b846dec6-7191-4ab8-b841-ebce94790c26/org.xerial.snappy_snappy-java-1.1.10.3.jar
[2024-06-18T12:41:53.231+0000] {docker.py:413} INFO - 24/06/18 12:41:53 INFO SparkContext: Added file file:///opt/bitnami/spark/.ivy2/jars/org.slf4j_slf4j-api-2.0.7.jar at file:///opt/bitnami/spark/.ivy2/jars/org.slf4j_slf4j-api-2.0.7.jar with timestamp 1718714512733
[2024-06-18T12:41:53.231+0000] {docker.py:413} INFO - 24/06/18 12:41:53 INFO Utils: Copying /opt/bitnami/spark/.ivy2/jars/org.slf4j_slf4j-api-2.0.7.jar to /tmp/spark-a649b756-b66e-42e6-9bba-96e50686c5a0/userFiles-b846dec6-7191-4ab8-b841-ebce94790c26/org.slf4j_slf4j-api-2.0.7.jar
[2024-06-18T12:41:53.233+0000] {docker.py:413} INFO - 24/06/18 12:41:53 INFO SparkContext: Added file file:///opt/bitnami/spark/.ivy2/jars/org.apache.hadoop_hadoop-client-api-3.3.4.jar at file:///opt/bitnami/spark/.ivy2/jars/org.apache.hadoop_hadoop-client-api-3.3.4.jar with timestamp 1718714512733
[2024-06-18T12:41:53.234+0000] {docker.py:413} INFO - 24/06/18 12:41:53 INFO Utils: Copying /opt/bitnami/spark/.ivy2/jars/org.apache.hadoop_hadoop-client-api-3.3.4.jar to /tmp/spark-a649b756-b66e-42e6-9bba-96e50686c5a0/userFiles-b846dec6-7191-4ab8-b841-ebce94790c26/org.apache.hadoop_hadoop-client-api-3.3.4.jar
[2024-06-18T12:41:53.244+0000] {docker.py:413} INFO - 24/06/18 12:41:53 INFO SparkContext: Added file file:///opt/bitnami/spark/.ivy2/jars/commons-logging_commons-logging-1.1.3.jar at file:///opt/bitnami/spark/.ivy2/jars/commons-logging_commons-logging-1.1.3.jar with timestamp 1718714512733
[2024-06-18T12:41:53.245+0000] {docker.py:413} INFO - 24/06/18 12:41:53 INFO Utils: Copying /opt/bitnami/spark/.ivy2/jars/commons-logging_commons-logging-1.1.3.jar to /tmp/spark-a649b756-b66e-42e6-9bba-96e50686c5a0/userFiles-b846dec6-7191-4ab8-b841-ebce94790c26/commons-logging_commons-logging-1.1.3.jar
[2024-06-18T12:41:53.280+0000] {docker.py:413} INFO - 24/06/18 12:41:53 INFO Executor: Starting executor ID driver on host localhost
[2024-06-18T12:41:53.280+0000] {docker.py:413} INFO - 24/06/18 12:41:53 INFO Executor: OS info Linux, 6.6.12-linuxkit, aarch64
[2024-06-18T12:41:53.280+0000] {docker.py:413} INFO - 24/06/18 12:41:53 INFO Executor: Java version 17.0.10
[2024-06-18T12:41:53.283+0000] {docker.py:413} INFO - 24/06/18 12:41:53 INFO Executor: Starting executor with user classpath (userClassPathFirst = false): ''
[2024-06-18T12:41:53.284+0000] {docker.py:413} INFO - 24/06/18 12:41:53 INFO Executor: Created or updated repl class loader org.apache.spark.util.MutableURLClassLoader@2d722eb for default.
[2024-06-18T12:41:53.289+0000] {docker.py:413} INFO - 24/06/18 12:41:53 INFO Executor: Fetching file:///opt/bitnami/spark/.ivy2/jars/org.apache.spark_spark-token-provider-kafka-0-10_2.12-3.5.0.jar with timestamp 1718714512733
[2024-06-18T12:41:53.298+0000] {docker.py:413} INFO - 24/06/18 12:41:53 INFO Utils: /opt/bitnami/spark/.ivy2/jars/org.apache.spark_spark-token-provider-kafka-0-10_2.12-3.5.0.jar has been previously copied to /tmp/spark-a649b756-b66e-42e6-9bba-96e50686c5a0/userFiles-b846dec6-7191-4ab8-b841-ebce94790c26/org.apache.spark_spark-token-provider-kafka-0-10_2.12-3.5.0.jar
[2024-06-18T12:41:53.300+0000] {docker.py:413} INFO - 24/06/18 12:41:53 INFO Executor: Fetching file:///opt/bitnami/spark/.ivy2/jars/org.apache.hadoop_hadoop-client-runtime-3.3.4.jar with timestamp 1718714512733
[2024-06-18T12:41:53.312+0000] {docker.py:413} INFO - 24/06/18 12:41:53 INFO Utils: /opt/bitnami/spark/.ivy2/jars/org.apache.hadoop_hadoop-client-runtime-3.3.4.jar has been previously copied to /tmp/spark-a649b756-b66e-42e6-9bba-96e50686c5a0/userFiles-b846dec6-7191-4ab8-b841-ebce94790c26/org.apache.hadoop_hadoop-client-runtime-3.3.4.jar
[2024-06-18T12:41:53.313+0000] {docker.py:413} INFO - 24/06/18 12:41:53 INFO Executor: Fetching file:///opt/bitnami/spark/.ivy2/jars/org.apache.commons_commons-pool2-2.11.1.jar with timestamp 1718714512733
[2024-06-18T12:41:53.315+0000] {docker.py:413} INFO - 24/06/18 12:41:53 INFO Utils: /opt/bitnami/spark/.ivy2/jars/org.apache.commons_commons-pool2-2.11.1.jar has been previously copied to /tmp/spark-a649b756-b66e-42e6-9bba-96e50686c5a0/userFiles-b846dec6-7191-4ab8-b841-ebce94790c26/org.apache.commons_commons-pool2-2.11.1.jar
[2024-06-18T12:41:53.316+0000] {docker.py:413} INFO - 24/06/18 12:41:53 INFO Executor: Fetching file:///opt/bitnami/spark/.ivy2/jars/org.postgresql_postgresql-42.5.4.jar with timestamp 1718714512733
[2024-06-18T12:41:53.316+0000] {docker.py:413} INFO - 24/06/18 12:41:53 INFO Utils: /opt/bitnami/spark/.ivy2/jars/org.postgresql_postgresql-42.5.4.jar has been previously copied to /tmp/spark-a649b756-b66e-42e6-9bba-96e50686c5a0/userFiles-b846dec6-7191-4ab8-b841-ebce94790c26/org.postgresql_postgresql-42.5.4.jar
[2024-06-18T12:41:53.318+0000] {docker.py:413} INFO - 24/06/18 12:41:53 INFO Executor: Fetching file:///opt/bitnami/spark/.ivy2/jars/org.slf4j_slf4j-api-2.0.7.jar with timestamp 1718714512733
[2024-06-18T12:41:53.319+0000] {docker.py:413} INFO - 24/06/18 12:41:53 INFO Utils: /opt/bitnami/spark/.ivy2/jars/org.slf4j_slf4j-api-2.0.7.jar has been previously copied to /tmp/spark-a649b756-b66e-42e6-9bba-96e50686c5a0/userFiles-b846dec6-7191-4ab8-b841-ebce94790c26/org.slf4j_slf4j-api-2.0.7.jar
[2024-06-18T12:41:53.320+0000] {docker.py:413} INFO - 24/06/18 12:41:53 INFO Executor: Fetching file:///opt/bitnami/spark/.ivy2/jars/org.apache.kafka_kafka-clients-3.4.1.jar with timestamp 1718714512733
[2024-06-18T12:41:53.322+0000] {docker.py:413} INFO - 24/06/18 12:41:53 INFO Utils: /opt/bitnami/spark/.ivy2/jars/org.apache.kafka_kafka-clients-3.4.1.jar has been previously copied to /tmp/spark-a649b756-b66e-42e6-9bba-96e50686c5a0/userFiles-b846dec6-7191-4ab8-b841-ebce94790c26/org.apache.kafka_kafka-clients-3.4.1.jar
[2024-06-18T12:41:53.323+0000] {docker.py:413} INFO - 24/06/18 12:41:53 INFO Executor: Fetching file:///opt/bitnami/spark/.ivy2/jars/com.google.code.findbugs_jsr305-3.0.0.jar with timestamp 1718714512733
[2024-06-18T12:41:53.324+0000] {docker.py:413} INFO - 24/06/18 12:41:53 INFO Utils: /opt/bitnami/spark/.ivy2/jars/com.google.code.findbugs_jsr305-3.0.0.jar has been previously copied to /tmp/spark-a649b756-b66e-42e6-9bba-96e50686c5a0/userFiles-b846dec6-7191-4ab8-b841-ebce94790c26/com.google.code.findbugs_jsr305-3.0.0.jar
[2024-06-18T12:41:53.325+0000] {docker.py:413} INFO - 24/06/18 12:41:53 INFO Executor: Fetching file:///opt/bitnami/spark/.ivy2/jars/org.lz4_lz4-java-1.8.0.jar with timestamp 1718714512733
[2024-06-18T12:41:53.325+0000] {docker.py:413} INFO - 24/06/18 12:41:53 INFO Utils: /opt/bitnami/spark/.ivy2/jars/org.lz4_lz4-java-1.8.0.jar has been previously copied to /tmp/spark-a649b756-b66e-42e6-9bba-96e50686c5a0/userFiles-b846dec6-7191-4ab8-b841-ebce94790c26/org.lz4_lz4-java-1.8.0.jar
[2024-06-18T12:41:53.327+0000] {docker.py:413} INFO - 24/06/18 12:41:53 INFO Executor: Fetching file:///opt/bitnami/spark/.ivy2/jars/org.apache.spark_spark-sql-kafka-0-10_2.12-3.5.0.jar with timestamp 1718714512733
[2024-06-18T12:41:53.327+0000] {docker.py:413} INFO - 24/06/18 12:41:53 INFO Utils: /opt/bitnami/spark/.ivy2/jars/org.apache.spark_spark-sql-kafka-0-10_2.12-3.5.0.jar has been previously copied to /tmp/spark-a649b756-b66e-42e6-9bba-96e50686c5a0/userFiles-b846dec6-7191-4ab8-b841-ebce94790c26/org.apache.spark_spark-sql-kafka-0-10_2.12-3.5.0.jar
[2024-06-18T12:41:53.329+0000] {docker.py:413} INFO - 24/06/18 12:41:53 INFO Executor: Fetching file:///opt/bitnami/spark/.ivy2/jars/org.apache.hadoop_hadoop-client-api-3.3.4.jar with timestamp 1718714512733
[2024-06-18T12:41:53.335+0000] {docker.py:413} INFO - 24/06/18 12:41:53 INFO Utils: /opt/bitnami/spark/.ivy2/jars/org.apache.hadoop_hadoop-client-api-3.3.4.jar has been previously copied to /tmp/spark-a649b756-b66e-42e6-9bba-96e50686c5a0/userFiles-b846dec6-7191-4ab8-b841-ebce94790c26/org.apache.hadoop_hadoop-client-api-3.3.4.jar
[2024-06-18T12:41:53.337+0000] {docker.py:413} INFO - 24/06/18 12:41:53 INFO Executor: Fetching file:///opt/bitnami/spark/.ivy2/jars/commons-logging_commons-logging-1.1.3.jar with timestamp 1718714512733
[2024-06-18T12:41:53.337+0000] {docker.py:413} INFO - 24/06/18 12:41:53 INFO Utils: /opt/bitnami/spark/.ivy2/jars/commons-logging_commons-logging-1.1.3.jar has been previously copied to /tmp/spark-a649b756-b66e-42e6-9bba-96e50686c5a0/userFiles-b846dec6-7191-4ab8-b841-ebce94790c26/commons-logging_commons-logging-1.1.3.jar
[2024-06-18T12:41:53.339+0000] {docker.py:413} INFO - 24/06/18 12:41:53 INFO Executor: Fetching file:///opt/bitnami/spark/.ivy2/jars/org.checkerframework_checker-qual-3.5.0.jar with timestamp 1718714512733
[2024-06-18T12:41:53.340+0000] {docker.py:413} INFO - 24/06/18 12:41:53 INFO Utils: /opt/bitnami/spark/.ivy2/jars/org.checkerframework_checker-qual-3.5.0.jar has been previously copied to /tmp/spark-a649b756-b66e-42e6-9bba-96e50686c5a0/userFiles-b846dec6-7191-4ab8-b841-ebce94790c26/org.checkerframework_checker-qual-3.5.0.jar
[2024-06-18T12:41:53.341+0000] {docker.py:413} INFO - 24/06/18 12:41:53 INFO Executor: Fetching file:///opt/bitnami/spark/.ivy2/jars/org.xerial.snappy_snappy-java-1.1.10.3.jar with timestamp 1718714512733
[2024-06-18T12:41:53.342+0000] {docker.py:413} INFO - 24/06/18 12:41:53 INFO Utils: /opt/bitnami/spark/.ivy2/jars/org.xerial.snappy_snappy-java-1.1.10.3.jar has been previously copied to /tmp/spark-a649b756-b66e-42e6-9bba-96e50686c5a0/userFiles-b846dec6-7191-4ab8-b841-ebce94790c26/org.xerial.snappy_snappy-java-1.1.10.3.jar
[2024-06-18T12:41:53.346+0000] {docker.py:413} INFO - 24/06/18 12:41:53 INFO Executor: Fetching spark://localhost:43439/jars/org.apache.hadoop_hadoop-client-runtime-3.3.4.jar with timestamp 1718714512733
[2024-06-18T12:41:53.364+0000] {docker.py:413} INFO - 24/06/18 12:41:53 INFO TransportClientFactory: Successfully created connection to localhost/127.0.0.1:43439 after 13 ms (0 ms spent in bootstraps)
[2024-06-18T12:41:53.367+0000] {docker.py:413} INFO - 24/06/18 12:41:53 INFO Utils: Fetching spark://localhost:43439/jars/org.apache.hadoop_hadoop-client-runtime-3.3.4.jar to /tmp/spark-a649b756-b66e-42e6-9bba-96e50686c5a0/userFiles-b846dec6-7191-4ab8-b841-ebce94790c26/fetchFileTemp4410050962382316625.tmp
[2024-06-18T12:41:53.514+0000] {docker.py:413} INFO - 24/06/18 12:41:53 INFO Utils: /tmp/spark-a649b756-b66e-42e6-9bba-96e50686c5a0/userFiles-b846dec6-7191-4ab8-b841-ebce94790c26/fetchFileTemp4410050962382316625.tmp has been previously copied to /tmp/spark-a649b756-b66e-42e6-9bba-96e50686c5a0/userFiles-b846dec6-7191-4ab8-b841-ebce94790c26/org.apache.hadoop_hadoop-client-runtime-3.3.4.jar
[2024-06-18T12:41:53.519+0000] {docker.py:413} INFO - 24/06/18 12:41:53 INFO Executor: Adding file:/tmp/spark-a649b756-b66e-42e6-9bba-96e50686c5a0/userFiles-b846dec6-7191-4ab8-b841-ebce94790c26/org.apache.hadoop_hadoop-client-runtime-3.3.4.jar to class loader default
[2024-06-18T12:41:53.520+0000] {docker.py:413} INFO - 24/06/18 12:41:53 INFO Executor: Fetching spark://localhost:43439/jars/org.slf4j_slf4j-api-2.0.7.jar with timestamp 1718714512733
[2024-06-18T12:41:53.520+0000] {docker.py:413} INFO - 24/06/18 12:41:53 INFO Utils: Fetching spark://localhost:43439/jars/org.slf4j_slf4j-api-2.0.7.jar to /tmp/spark-a649b756-b66e-42e6-9bba-96e50686c5a0/userFiles-b846dec6-7191-4ab8-b841-ebce94790c26/fetchFileTemp4937423980000837786.tmp
[2024-06-18T12:41:53.521+0000] {docker.py:413} INFO - 24/06/18 12:41:53 INFO Utils: /tmp/spark-a649b756-b66e-42e6-9bba-96e50686c5a0/userFiles-b846dec6-7191-4ab8-b841-ebce94790c26/fetchFileTemp4937423980000837786.tmp has been previously copied to /tmp/spark-a649b756-b66e-42e6-9bba-96e50686c5a0/userFiles-b846dec6-7191-4ab8-b841-ebce94790c26/org.slf4j_slf4j-api-2.0.7.jar
[2024-06-18T12:41:53.525+0000] {docker.py:413} INFO - 24/06/18 12:41:53 INFO Executor: Adding file:/tmp/spark-a649b756-b66e-42e6-9bba-96e50686c5a0/userFiles-b846dec6-7191-4ab8-b841-ebce94790c26/org.slf4j_slf4j-api-2.0.7.jar to class loader default
[2024-06-18T12:41:53.526+0000] {docker.py:413} INFO - 24/06/18 12:41:53 INFO Executor: Fetching spark://localhost:43439/jars/org.checkerframework_checker-qual-3.5.0.jar with timestamp 1718714512733
[2024-06-18T12:41:53.526+0000] {docker.py:413} INFO - 24/06/18 12:41:53 INFO Utils: Fetching spark://localhost:43439/jars/org.checkerframework_checker-qual-3.5.0.jar to /tmp/spark-a649b756-b66e-42e6-9bba-96e50686c5a0/userFiles-b846dec6-7191-4ab8-b841-ebce94790c26/fetchFileTemp15230355972945891713.tmp
[2024-06-18T12:41:53.529+0000] {docker.py:413} INFO - 24/06/18 12:41:53 INFO Utils: /tmp/spark-a649b756-b66e-42e6-9bba-96e50686c5a0/userFiles-b846dec6-7191-4ab8-b841-ebce94790c26/fetchFileTemp15230355972945891713.tmp has been previously copied to /tmp/spark-a649b756-b66e-42e6-9bba-96e50686c5a0/userFiles-b846dec6-7191-4ab8-b841-ebce94790c26/org.checkerframework_checker-qual-3.5.0.jar
[2024-06-18T12:41:53.533+0000] {docker.py:413} INFO - 24/06/18 12:41:53 INFO Executor: Adding file:/tmp/spark-a649b756-b66e-42e6-9bba-96e50686c5a0/userFiles-b846dec6-7191-4ab8-b841-ebce94790c26/org.checkerframework_checker-qual-3.5.0.jar to class loader default
[2024-06-18T12:41:53.534+0000] {docker.py:413} INFO - 24/06/18 12:41:53 INFO Executor: Fetching spark://localhost:43439/jars/org.lz4_lz4-java-1.8.0.jar with timestamp 1718714512733
[2024-06-18T12:41:53.534+0000] {docker.py:413} INFO - 24/06/18 12:41:53 INFO Utils: Fetching spark://localhost:43439/jars/org.lz4_lz4-java-1.8.0.jar to /tmp/spark-a649b756-b66e-42e6-9bba-96e50686c5a0/userFiles-b846dec6-7191-4ab8-b841-ebce94790c26/fetchFileTemp3724293049925456231.tmp
[2024-06-18T12:41:53.536+0000] {docker.py:413} INFO - 24/06/18 12:41:53 INFO Utils: /tmp/spark-a649b756-b66e-42e6-9bba-96e50686c5a0/userFiles-b846dec6-7191-4ab8-b841-ebce94790c26/fetchFileTemp3724293049925456231.tmp has been previously copied to /tmp/spark-a649b756-b66e-42e6-9bba-96e50686c5a0/userFiles-b846dec6-7191-4ab8-b841-ebce94790c26/org.lz4_lz4-java-1.8.0.jar
[2024-06-18T12:41:53.538+0000] {docker.py:413} INFO - 24/06/18 12:41:53 INFO Executor: Adding file:/tmp/spark-a649b756-b66e-42e6-9bba-96e50686c5a0/userFiles-b846dec6-7191-4ab8-b841-ebce94790c26/org.lz4_lz4-java-1.8.0.jar to class loader default
[2024-06-18T12:41:53.539+0000] {docker.py:413} INFO - 24/06/18 12:41:53 INFO Executor: Fetching spark://localhost:43439/jars/org.apache.kafka_kafka-clients-3.4.1.jar with timestamp 1718714512733
[2024-06-18T12:41:53.539+0000] {docker.py:413} INFO - 24/06/18 12:41:53 INFO Utils: Fetching spark://localhost:43439/jars/org.apache.kafka_kafka-clients-3.4.1.jar to /tmp/spark-a649b756-b66e-42e6-9bba-96e50686c5a0/userFiles-b846dec6-7191-4ab8-b841-ebce94790c26/fetchFileTemp3336186485583594637.tmp
[2024-06-18T12:41:53.550+0000] {docker.py:413} INFO - 24/06/18 12:41:53 INFO Utils: /tmp/spark-a649b756-b66e-42e6-9bba-96e50686c5a0/userFiles-b846dec6-7191-4ab8-b841-ebce94790c26/fetchFileTemp3336186485583594637.tmp has been previously copied to /tmp/spark-a649b756-b66e-42e6-9bba-96e50686c5a0/userFiles-b846dec6-7191-4ab8-b841-ebce94790c26/org.apache.kafka_kafka-clients-3.4.1.jar
[2024-06-18T12:41:53.552+0000] {docker.py:413} INFO - 24/06/18 12:41:53 INFO Executor: Adding file:/tmp/spark-a649b756-b66e-42e6-9bba-96e50686c5a0/userFiles-b846dec6-7191-4ab8-b841-ebce94790c26/org.apache.kafka_kafka-clients-3.4.1.jar to class loader default
[2024-06-18T12:41:53.552+0000] {docker.py:413} INFO - 24/06/18 12:41:53 INFO Executor: Fetching spark://localhost:43439/jars/org.apache.hadoop_hadoop-client-api-3.3.4.jar with timestamp 1718714512733
[2024-06-18T12:41:53.553+0000] {docker.py:413} INFO - 24/06/18 12:41:53 INFO Utils: Fetching spark://localhost:43439/jars/org.apache.hadoop_hadoop-client-api-3.3.4.jar to /tmp/spark-a649b756-b66e-42e6-9bba-96e50686c5a0/userFiles-b846dec6-7191-4ab8-b841-ebce94790c26/fetchFileTemp3154855352604591407.tmp
[2024-06-18T12:41:53.588+0000] {docker.py:413} INFO - 24/06/18 12:41:53 INFO Utils: /tmp/spark-a649b756-b66e-42e6-9bba-96e50686c5a0/userFiles-b846dec6-7191-4ab8-b841-ebce94790c26/fetchFileTemp3154855352604591407.tmp has been previously copied to /tmp/spark-a649b756-b66e-42e6-9bba-96e50686c5a0/userFiles-b846dec6-7191-4ab8-b841-ebce94790c26/org.apache.hadoop_hadoop-client-api-3.3.4.jar
[2024-06-18T12:41:53.592+0000] {docker.py:413} INFO - 24/06/18 12:41:53 INFO Executor: Adding file:/tmp/spark-a649b756-b66e-42e6-9bba-96e50686c5a0/userFiles-b846dec6-7191-4ab8-b841-ebce94790c26/org.apache.hadoop_hadoop-client-api-3.3.4.jar to class loader default
24/06/18 12:41:53 INFO Executor: Fetching spark://localhost:43439/jars/com.google.code.findbugs_jsr305-3.0.0.jar with timestamp 1718714512733
[2024-06-18T12:41:53.592+0000] {docker.py:413} INFO - 24/06/18 12:41:53 INFO Utils: Fetching spark://localhost:43439/jars/com.google.code.findbugs_jsr305-3.0.0.jar to /tmp/spark-a649b756-b66e-42e6-9bba-96e50686c5a0/userFiles-b846dec6-7191-4ab8-b841-ebce94790c26/fetchFileTemp703642689890684431.tmp
[2024-06-18T12:41:53.593+0000] {docker.py:413} INFO - 24/06/18 12:41:53 INFO Utils: /tmp/spark-a649b756-b66e-42e6-9bba-96e50686c5a0/userFiles-b846dec6-7191-4ab8-b841-ebce94790c26/fetchFileTemp703642689890684431.tmp has been previously copied to /tmp/spark-a649b756-b66e-42e6-9bba-96e50686c5a0/userFiles-b846dec6-7191-4ab8-b841-ebce94790c26/com.google.code.findbugs_jsr305-3.0.0.jar
[2024-06-18T12:41:53.593+0000] {docker.py:413} INFO - 24/06/18 12:41:53 INFO Executor: Adding file:/tmp/spark-a649b756-b66e-42e6-9bba-96e50686c5a0/userFiles-b846dec6-7191-4ab8-b841-ebce94790c26/com.google.code.findbugs_jsr305-3.0.0.jar to class loader default
[2024-06-18T12:41:53.594+0000] {docker.py:413} INFO - 24/06/18 12:41:53 INFO Executor: Fetching spark://localhost:43439/jars/org.apache.spark_spark-sql-kafka-0-10_2.12-3.5.0.jar with timestamp 1718714512733
[2024-06-18T12:41:53.594+0000] {docker.py:413} INFO - 24/06/18 12:41:53 INFO Utils: Fetching spark://localhost:43439/jars/org.apache.spark_spark-sql-kafka-0-10_2.12-3.5.0.jar to /tmp/spark-a649b756-b66e-42e6-9bba-96e50686c5a0/userFiles-b846dec6-7191-4ab8-b841-ebce94790c26/fetchFileTemp3997741534413778264.tmp
[2024-06-18T12:41:53.595+0000] {docker.py:413} INFO - 24/06/18 12:41:53 INFO Utils: /tmp/spark-a649b756-b66e-42e6-9bba-96e50686c5a0/userFiles-b846dec6-7191-4ab8-b841-ebce94790c26/fetchFileTemp3997741534413778264.tmp has been previously copied to /tmp/spark-a649b756-b66e-42e6-9bba-96e50686c5a0/userFiles-b846dec6-7191-4ab8-b841-ebce94790c26/org.apache.spark_spark-sql-kafka-0-10_2.12-3.5.0.jar
[2024-06-18T12:41:53.596+0000] {docker.py:413} INFO - 24/06/18 12:41:53 INFO Executor: Adding file:/tmp/spark-a649b756-b66e-42e6-9bba-96e50686c5a0/userFiles-b846dec6-7191-4ab8-b841-ebce94790c26/org.apache.spark_spark-sql-kafka-0-10_2.12-3.5.0.jar to class loader default
[2024-06-18T12:41:53.597+0000] {docker.py:413} INFO - 24/06/18 12:41:53 INFO Executor: Fetching spark://localhost:43439/jars/org.xerial.snappy_snappy-java-1.1.10.3.jar with timestamp 1718714512733
[2024-06-18T12:41:53.597+0000] {docker.py:413} INFO - 24/06/18 12:41:53 INFO Utils: Fetching spark://localhost:43439/jars/org.xerial.snappy_snappy-java-1.1.10.3.jar to /tmp/spark-a649b756-b66e-42e6-9bba-96e50686c5a0/userFiles-b846dec6-7191-4ab8-b841-ebce94790c26/fetchFileTemp2912849934051745758.tmp
[2024-06-18T12:41:53.600+0000] {docker.py:413} INFO - 24/06/18 12:41:53 INFO Utils: /tmp/spark-a649b756-b66e-42e6-9bba-96e50686c5a0/userFiles-b846dec6-7191-4ab8-b841-ebce94790c26/fetchFileTemp2912849934051745758.tmp has been previously copied to /tmp/spark-a649b756-b66e-42e6-9bba-96e50686c5a0/userFiles-b846dec6-7191-4ab8-b841-ebce94790c26/org.xerial.snappy_snappy-java-1.1.10.3.jar
[2024-06-18T12:41:53.602+0000] {docker.py:413} INFO - 24/06/18 12:41:53 INFO Executor: Adding file:/tmp/spark-a649b756-b66e-42e6-9bba-96e50686c5a0/userFiles-b846dec6-7191-4ab8-b841-ebce94790c26/org.xerial.snappy_snappy-java-1.1.10.3.jar to class loader default
[2024-06-18T12:41:53.603+0000] {docker.py:413} INFO - 24/06/18 12:41:53 INFO Executor: Fetching spark://localhost:43439/jars/org.apache.spark_spark-token-provider-kafka-0-10_2.12-3.5.0.jar with timestamp 1718714512733
[2024-06-18T12:41:53.603+0000] {docker.py:413} INFO - 24/06/18 12:41:53 INFO Utils: Fetching spark://localhost:43439/jars/org.apache.spark_spark-token-provider-kafka-0-10_2.12-3.5.0.jar to /tmp/spark-a649b756-b66e-42e6-9bba-96e50686c5a0/userFiles-b846dec6-7191-4ab8-b841-ebce94790c26/fetchFileTemp8691393643617633972.tmp
[2024-06-18T12:41:53.604+0000] {docker.py:413} INFO - 24/06/18 12:41:53 INFO Utils: /tmp/spark-a649b756-b66e-42e6-9bba-96e50686c5a0/userFiles-b846dec6-7191-4ab8-b841-ebce94790c26/fetchFileTemp8691393643617633972.tmp has been previously copied to /tmp/spark-a649b756-b66e-42e6-9bba-96e50686c5a0/userFiles-b846dec6-7191-4ab8-b841-ebce94790c26/org.apache.spark_spark-token-provider-kafka-0-10_2.12-3.5.0.jar
[2024-06-18T12:41:53.605+0000] {docker.py:413} INFO - 24/06/18 12:41:53 INFO Executor: Adding file:/tmp/spark-a649b756-b66e-42e6-9bba-96e50686c5a0/userFiles-b846dec6-7191-4ab8-b841-ebce94790c26/org.apache.spark_spark-token-provider-kafka-0-10_2.12-3.5.0.jar to class loader default
[2024-06-18T12:41:53.606+0000] {docker.py:413} INFO - 24/06/18 12:41:53 INFO Executor: Fetching spark://localhost:43439/jars/org.postgresql_postgresql-42.5.4.jar with timestamp 1718714512733
[2024-06-18T12:41:53.606+0000] {docker.py:413} INFO - 24/06/18 12:41:53 INFO Utils: Fetching spark://localhost:43439/jars/org.postgresql_postgresql-42.5.4.jar to /tmp/spark-a649b756-b66e-42e6-9bba-96e50686c5a0/userFiles-b846dec6-7191-4ab8-b841-ebce94790c26/fetchFileTemp5504290151891875263.tmp
[2024-06-18T12:41:53.608+0000] {docker.py:413} INFO - 24/06/18 12:41:53 INFO Utils: /tmp/spark-a649b756-b66e-42e6-9bba-96e50686c5a0/userFiles-b846dec6-7191-4ab8-b841-ebce94790c26/fetchFileTemp5504290151891875263.tmp has been previously copied to /tmp/spark-a649b756-b66e-42e6-9bba-96e50686c5a0/userFiles-b846dec6-7191-4ab8-b841-ebce94790c26/org.postgresql_postgresql-42.5.4.jar
[2024-06-18T12:41:53.609+0000] {docker.py:413} INFO - 24/06/18 12:41:53 INFO Executor: Adding file:/tmp/spark-a649b756-b66e-42e6-9bba-96e50686c5a0/userFiles-b846dec6-7191-4ab8-b841-ebce94790c26/org.postgresql_postgresql-42.5.4.jar to class loader default
[2024-06-18T12:41:53.610+0000] {docker.py:413} INFO - 24/06/18 12:41:53 INFO Executor: Fetching spark://localhost:43439/jars/commons-logging_commons-logging-1.1.3.jar with timestamp 1718714512733
[2024-06-18T12:41:53.610+0000] {docker.py:413} INFO - 24/06/18 12:41:53 INFO Utils: Fetching spark://localhost:43439/jars/commons-logging_commons-logging-1.1.3.jar to /tmp/spark-a649b756-b66e-42e6-9bba-96e50686c5a0/userFiles-b846dec6-7191-4ab8-b841-ebce94790c26/fetchFileTemp2634760679486046444.tmp
[2024-06-18T12:41:53.611+0000] {docker.py:413} INFO - 24/06/18 12:41:53 INFO Utils: /tmp/spark-a649b756-b66e-42e6-9bba-96e50686c5a0/userFiles-b846dec6-7191-4ab8-b841-ebce94790c26/fetchFileTemp2634760679486046444.tmp has been previously copied to /tmp/spark-a649b756-b66e-42e6-9bba-96e50686c5a0/userFiles-b846dec6-7191-4ab8-b841-ebce94790c26/commons-logging_commons-logging-1.1.3.jar
[2024-06-18T12:41:53.613+0000] {docker.py:413} INFO - 24/06/18 12:41:53 INFO Executor: Adding file:/tmp/spark-a649b756-b66e-42e6-9bba-96e50686c5a0/userFiles-b846dec6-7191-4ab8-b841-ebce94790c26/commons-logging_commons-logging-1.1.3.jar to class loader default
[2024-06-18T12:41:53.614+0000] {docker.py:413} INFO - 24/06/18 12:41:53 INFO Executor: Fetching spark://localhost:43439/jars/org.apache.commons_commons-pool2-2.11.1.jar with timestamp 1718714512733
[2024-06-18T12:41:53.616+0000] {docker.py:413} INFO - 24/06/18 12:41:53 INFO Utils: Fetching spark://localhost:43439/jars/org.apache.commons_commons-pool2-2.11.1.jar to /tmp/spark-a649b756-b66e-42e6-9bba-96e50686c5a0/userFiles-b846dec6-7191-4ab8-b841-ebce94790c26/fetchFileTemp1909390329528165674.tmp
[2024-06-18T12:41:53.616+0000] {docker.py:413} INFO - 24/06/18 12:41:53 INFO Utils: /tmp/spark-a649b756-b66e-42e6-9bba-96e50686c5a0/userFiles-b846dec6-7191-4ab8-b841-ebce94790c26/fetchFileTemp1909390329528165674.tmp has been previously copied to /tmp/spark-a649b756-b66e-42e6-9bba-96e50686c5a0/userFiles-b846dec6-7191-4ab8-b841-ebce94790c26/org.apache.commons_commons-pool2-2.11.1.jar
[2024-06-18T12:41:53.621+0000] {docker.py:413} INFO - 24/06/18 12:41:53 INFO Executor: Adding file:/tmp/spark-a649b756-b66e-42e6-9bba-96e50686c5a0/userFiles-b846dec6-7191-4ab8-b841-ebce94790c26/org.apache.commons_commons-pool2-2.11.1.jar to class loader default
[2024-06-18T12:41:53.625+0000] {docker.py:413} INFO - 24/06/18 12:41:53 INFO Utils: Successfully started service 'org.apache.spark.network.netty.NettyBlockTransferService' on port 42939.
[2024-06-18T12:41:53.626+0000] {docker.py:413} INFO - 24/06/18 12:41:53 INFO NettyBlockTransferService: Server created on localhost:42939
[2024-06-18T12:41:53.627+0000] {docker.py:413} INFO - 24/06/18 12:41:53 INFO BlockManager: Using org.apache.spark.storage.RandomBlockReplicationPolicy for block replication policy
[2024-06-18T12:41:53.635+0000] {docker.py:413} INFO - 24/06/18 12:41:53 INFO BlockManagerMaster: Registering BlockManager BlockManagerId(driver, localhost, 42939, None)
[2024-06-18T12:41:53.637+0000] {docker.py:413} INFO - 24/06/18 12:41:53 INFO BlockManagerMasterEndpoint: Registering block manager localhost:42939 with 434.4 MiB RAM, BlockManagerId(driver, localhost, 42939, None)
[2024-06-18T12:41:53.641+0000] {docker.py:413} INFO - 24/06/18 12:41:53 INFO BlockManagerMaster: Registered BlockManager BlockManagerId(driver, localhost, 42939, None)
[2024-06-18T12:41:53.641+0000] {docker.py:413} INFO - 24/06/18 12:41:53 INFO BlockManager: Initialized BlockManager: BlockManagerId(driver, localhost, 42939, None)
[2024-06-18T12:41:53.839+0000] {docker.py:413} INFO - 2024-06-18 12:41:53,837:create_spark_session:INFO:Spark session created successfully
Traceback (most recent call last):
  File "/opt/bitnami/spark/spark_streaming.py", line 153, in <module>
    write_to_postgres()
  File "/opt/bitnami/spark/spark_streaming.py", line 147, in write_to_postgres
    df = create_initial_dataframe(spark)
         ^^^^^^^^^^^^^^^^^^^^^^^^^^^^^^^
  File "/opt/bitnami/spark/spark_streaming.py", line 53, in create_initial_dataframe
    for topic in topic:
                 ^^^^^
UnboundLocalError: cannot access local variable 'topic' where it is not associated with a value
2024-06-18 12:41:53,837:close:INFO:Closing down clientserver connection
[2024-06-18T12:41:53.862+0000] {docker.py:413} INFO - 24/06/18 12:41:53 INFO SparkContext: Invoking stop() from shutdown hook
[2024-06-18T12:41:53.862+0000] {docker.py:413} INFO - 24/06/18 12:41:53 INFO SparkContext: SparkContext is stopping with exitCode 0.
[2024-06-18T12:41:53.868+0000] {docker.py:413} INFO - 24/06/18 12:41:53 INFO SparkUI: Stopped Spark web UI at http://localhost:4040
[2024-06-18T12:41:53.873+0000] {docker.py:413} INFO - 24/06/18 12:41:53 INFO MapOutputTrackerMasterEndpoint: MapOutputTrackerMasterEndpoint stopped!
[2024-06-18T12:41:53.879+0000] {docker.py:413} INFO - 24/06/18 12:41:53 INFO MemoryStore: MemoryStore cleared
[2024-06-18T12:41:53.879+0000] {docker.py:413} INFO - 24/06/18 12:41:53 INFO BlockManager: BlockManager stopped
[2024-06-18T12:41:53.882+0000] {docker.py:413} INFO - 24/06/18 12:41:53 INFO BlockManagerMaster: BlockManagerMaster stopped
[2024-06-18T12:41:53.883+0000] {docker.py:413} INFO - 24/06/18 12:41:53 INFO OutputCommitCoordinator$OutputCommitCoordinatorEndpoint: OutputCommitCoordinator stopped!
[2024-06-18T12:41:53.891+0000] {docker.py:413} INFO - 24/06/18 12:41:53 INFO SparkContext: Successfully stopped SparkContext
[2024-06-18T12:41:53.891+0000] {docker.py:413} INFO - 24/06/18 12:41:53 INFO ShutdownHookManager: Shutdown hook called
[2024-06-18T12:41:53.891+0000] {docker.py:413} INFO - 24/06/18 12:41:53 INFO ShutdownHookManager: Deleting directory /tmp/spark-a649b756-b66e-42e6-9bba-96e50686c5a0
[2024-06-18T12:41:53.892+0000] {docker.py:413} INFO - 24/06/18 12:41:53 INFO ShutdownHookManager: Deleting directory /tmp/spark-6454b46e-2123-4071-8e43-e2b6a662c6b2
[2024-06-18T12:41:53.893+0000] {docker.py:413} INFO - 24/06/18 12:41:53 INFO ShutdownHookManager: Deleting directory /tmp/spark-a649b756-b66e-42e6-9bba-96e50686c5a0/pyspark-2293bd16-69c5-4629-b3b2-459d01aee181
[2024-06-18T12:41:54.165+0000] {taskinstance.py:1937} ERROR - Task failed with exception
Traceback (most recent call last):
  File "/home/airflow/.local/lib/python3.8/site-packages/docker/api/client.py", line 268, in _raise_for_status
    response.raise_for_status()
  File "/home/airflow/.local/lib/python3.8/site-packages/requests/models.py", line 1021, in raise_for_status
    raise HTTPError(http_error_msg, response=self)
requests.exceptions.HTTPError: 400 Client Error: Bad Request for url: http://docker-proxy:2375/v1.44/containers/create

The above exception was the direct cause of the following exception:

Traceback (most recent call last):
  File "/home/airflow/.local/lib/python3.8/site-packages/airflow/providers/docker/operators/docker.py", line 348, in _run_image
    return self._run_image_with_mounts([*self.mounts, tmp_mount], add_tmp_variable=True)
  File "/home/airflow/.local/lib/python3.8/site-packages/airflow/providers/docker/operators/docker.py", line 375, in _run_image_with_mounts
    self.container = self.cli.create_container(
  File "/home/airflow/.local/lib/python3.8/site-packages/docker/api/container.py", line 431, in create_container
    return self.create_container_from_config(config, name, platform)
  File "/home/airflow/.local/lib/python3.8/site-packages/docker/api/container.py", line 448, in create_container_from_config
    return self._result(res, True)
  File "/home/airflow/.local/lib/python3.8/site-packages/docker/api/client.py", line 274, in _result
    self._raise_for_status(response)
  File "/home/airflow/.local/lib/python3.8/site-packages/docker/api/client.py", line 270, in _raise_for_status
    raise create_api_error_from_http_exception(e) from e
  File "/home/airflow/.local/lib/python3.8/site-packages/docker/errors.py", line 39, in create_api_error_from_http_exception
    raise cls(e, response=response, explanation=explanation) from e
docker.errors.APIError: 400 Client Error for http://docker-proxy:2375/v1.44/containers/create: Bad Request ("invalid mount config for type "bind": bind source path does not exist: /host_mnt/private/tmp/airflowtmpco7lg8fz")

During handling of the above exception, another exception occurred:

Traceback (most recent call last):
  File "/home/airflow/.local/lib/python3.8/site-packages/airflow/providers/docker/operators/docker.py", line 486, in execute
    return self._run_image()
  File "/home/airflow/.local/lib/python3.8/site-packages/airflow/providers/docker/operators/docker.py", line 357, in _run_image
    return self._run_image_with_mounts(self.mounts, add_tmp_variable=False)
  File "/home/airflow/.local/lib/python3.8/site-packages/airflow/providers/docker/operators/docker.py", line 421, in _run_image_with_mounts
    raise DockerContainerFailedException(f"Docker container failed: {result!r}", logs=log_lines)
airflow.providers.docker.exceptions.DockerContainerFailedException: Docker container failed: {'StatusCode': 1}
[2024-06-18T12:41:54.173+0000] {taskinstance.py:1400} INFO - Marking task as FAILED. dag_id=kafka_spark_dag, task_id=pyspark_consumer, execution_date=20240618T123602, start_date=20240618T124059, end_date=20240618T124154
[2024-06-18T12:41:54.196+0000] {standard_task_runner.py:104} ERROR - Failed to execute job 49 for task pyspark_consumer (Docker container failed: {'StatusCode': 1}; 669)
[2024-06-18T12:41:54.211+0000] {local_task_job_runner.py:228} INFO - Task exited with return code 1
[2024-06-18T12:41:54.227+0000] {taskinstance.py:2778} INFO - 0 downstream tasks scheduled from follow-on schedule check
