[2024-06-19T08:58:09.095+0000] {taskinstance.py:1159} INFO - Dependencies all met for dep_context=non-requeueable deps ti=<TaskInstance: kafka_spark_dag.pyspark_consumer manual__2024-06-19T08:56:58.569093+00:00 [queued]>
[2024-06-19T08:58:09.098+0000] {taskinstance.py:1159} INFO - Dependencies all met for dep_context=requeueable deps ti=<TaskInstance: kafka_spark_dag.pyspark_consumer manual__2024-06-19T08:56:58.569093+00:00 [queued]>
[2024-06-19T08:58:09.099+0000] {taskinstance.py:1361} INFO - Starting attempt 2 of 2
[2024-06-19T08:58:09.105+0000] {taskinstance.py:1382} INFO - Executing <Task(DockerOperator): pyspark_consumer> on 2024-06-19 08:56:58.569093+00:00
[2024-06-19T08:58:09.108+0000] {standard_task_runner.py:57} INFO - Started process 1165 to run task
[2024-06-19T08:58:09.110+0000] {standard_task_runner.py:84} INFO - Running: ['***', 'tasks', 'run', 'kafka_spark_dag', 'pyspark_consumer', 'manual__2024-06-19T08:56:58.569093+00:00', '--job-id', '121', '--raw', '--subdir', 'DAGS_FOLDER/dag_kafka_spark.py', '--cfg-path', '/tmp/tmp6monpo7l']
[2024-06-19T08:58:09.111+0000] {standard_task_runner.py:85} INFO - Job 121: Subtask pyspark_consumer
[2024-06-19T08:58:09.135+0000] {task_command.py:416} INFO - Running <TaskInstance: kafka_spark_dag.pyspark_consumer manual__2024-06-19T08:56:58.569093+00:00 [running]> on host 2ad9230613d5
[2024-06-19T08:58:09.170+0000] {taskinstance.py:1662} INFO - Exporting env vars: AIRFLOW_CTX_DAG_OWNER='***' AIRFLOW_CTX_DAG_ID='kafka_spark_dag' AIRFLOW_CTX_TASK_ID='pyspark_consumer' AIRFLOW_CTX_EXECUTION_DATE='2024-06-19T08:56:58.569093+00:00' AIRFLOW_CTX_TRY_NUMBER='2' AIRFLOW_CTX_DAG_RUN_ID='manual__2024-06-19T08:56:58.569093+00:00'
[2024-06-19T08:58:09.231+0000] {docker.py:343} INFO - Starting docker container from image rappel-conso/spark:latest
[2024-06-19T08:58:09.239+0000] {docker.py:351} WARNING - Using remote engine or docker-in-docker and mounting temporary volume from host is not supported. Falling back to `mount_tmp_dir=False` mode. You can set `mount_tmp_dir` parameter to False to disable mounting and remove the warning
[2024-06-19T08:58:09.515+0000] {docker.py:413} INFO - [38;5;6mspark [38;5;5m08:58:09.51 [0m[38;5;2mINFO [0m ==>
[2024-06-19T08:58:09.516+0000] {docker.py:413} INFO - [38;5;6mspark [38;5;5m08:58:09.51 [0m[38;5;2mINFO [0m ==> [1mWelcome to the Bitnami spark container[0m
[2024-06-19T08:58:09.517+0000] {docker.py:413} INFO - [38;5;6mspark [38;5;5m08:58:09.51 [0m[38;5;2mINFO [0m ==> Subscribe to project updates by watching [1mhttps://github.com/bitnami/containers[0m
[2024-06-19T08:58:09.519+0000] {docker.py:413} INFO - [38;5;6mspark [38;5;5m08:58:09.51 [0m[38;5;2mINFO [0m ==> Submit issues and feature requests at [1mhttps://github.com/bitnami/containers/issues[0m
[2024-06-19T08:58:09.520+0000] {docker.py:413} INFO - [38;5;6mspark [38;5;5m08:58:09.51 [0m[38;5;2mINFO [0m ==>
[2024-06-19T08:58:09.523+0000] {docker.py:413} INFO - 
[2024-06-19T08:58:10.559+0000] {docker.py:413} INFO - :: loading settings :: url = jar:file:/opt/bitnami/spark/jars/ivy-2.5.1.jar!/org/apache/ivy/core/settings/ivysettings.xml
[2024-06-19T08:58:10.598+0000] {docker.py:413} INFO - Ivy Default Cache set to: /opt/bitnami/spark/.ivy2/cache
The jars for the packages stored in: /opt/bitnami/spark/.ivy2/jars
[2024-06-19T08:58:10.604+0000] {docker.py:413} INFO - org.postgresql#postgresql added as a dependency
org.apache.spark#spark-sql-kafka-0-10_2.12 added as a dependency
[2024-06-19T08:58:10.605+0000] {docker.py:413} INFO - :: resolving dependencies :: org.apache.spark#spark-submit-parent-1a9d9a92-88d7-427a-9f80-95446f898908;1.0
	confs: [default]
[2024-06-19T08:58:11.976+0000] {docker.py:413} INFO - found org.postgresql#postgresql;42.5.4 in central
[2024-06-19T08:58:12.447+0000] {docker.py:413} INFO - found org.checkerframework#checker-qual;3.5.0 in central
[2024-06-19T08:58:16.812+0000] {docker.py:413} INFO - found org.apache.spark#spark-sql-kafka-0-10_2.12;3.5.0 in central
[2024-06-19T08:58:17.462+0000] {docker.py:413} INFO - found org.apache.spark#spark-token-provider-kafka-0-10_2.12;3.5.0 in central
[2024-06-19T08:58:17.919+0000] {docker.py:413} INFO - found org.apache.kafka#kafka-clients;3.4.1 in central
[2024-06-19T08:58:18.386+0000] {docker.py:413} INFO - found org.lz4#lz4-java;1.8.0 in central
[2024-06-19T08:58:18.847+0000] {docker.py:413} INFO - found org.xerial.snappy#snappy-java;1.1.10.3 in central
[2024-06-19T08:58:21.017+0000] {docker.py:413} INFO - found org.slf4j#slf4j-api;2.0.7 in central
[2024-06-19T08:58:24.857+0000] {docker.py:413} INFO - found org.apache.hadoop#hadoop-client-runtime;3.3.4 in central
[2024-06-19T08:58:25.384+0000] {docker.py:413} INFO - found org.apache.hadoop#hadoop-client-api;3.3.4 in central
[2024-06-19T08:58:29.116+0000] {docker.py:413} INFO - found commons-logging#commons-logging;1.1.3 in central
[2024-06-19T08:58:29.574+0000] {docker.py:413} INFO - found com.google.code.findbugs#jsr305;3.0.0 in central
[2024-06-19T08:58:32.955+0000] {docker.py:413} INFO - found org.apache.commons#commons-pool2;2.11.1 in central
[2024-06-19T08:58:33.185+0000] {docker.py:413} INFO - downloading https://repo1.maven.org/maven2/org/postgresql/postgresql/42.5.4/postgresql-42.5.4.jar ...
[2024-06-19T08:58:33.938+0000] {docker.py:413} INFO - [SUCCESSFUL ] org.postgresql#postgresql;42.5.4!postgresql.jar (971ms)
[2024-06-19T08:58:34.158+0000] {docker.py:413} INFO - downloading https://repo1.maven.org/maven2/org/apache/spark/spark-sql-kafka-0-10_2.12/3.5.0/spark-sql-kafka-0-10_2.12-3.5.0.jar ...
[2024-06-19T08:58:34.420+0000] {docker.py:413} INFO - [SUCCESSFUL ] org.apache.spark#spark-sql-kafka-0-10_2.12;3.5.0!spark-sql-kafka-0-10_2.12.jar (481ms)
[2024-06-19T08:58:34.639+0000] {docker.py:413} INFO - downloading https://repo1.maven.org/maven2/org/checkerframework/checker-qual/3.5.0/checker-qual-3.5.0.jar ...
[2024-06-19T08:58:34.879+0000] {docker.py:413} INFO - [SUCCESSFUL ] org.checkerframework#checker-qual;3.5.0!checker-qual.jar (458ms)
[2024-06-19T08:58:35.101+0000] {docker.py:413} INFO - downloading https://repo1.maven.org/maven2/org/apache/spark/spark-token-provider-kafka-0-10_2.12/3.5.0/spark-token-provider-kafka-0-10_2.12-3.5.0.jar ...
[2024-06-19T08:58:35.340+0000] {docker.py:413} INFO - [SUCCESSFUL ] org.apache.spark#spark-token-provider-kafka-0-10_2.12;3.5.0!spark-token-provider-kafka-0-10_2.12.jar (455ms)
[2024-06-19T08:58:35.564+0000] {docker.py:413} INFO - downloading https://repo1.maven.org/maven2/org/apache/kafka/kafka-clients/3.4.1/kafka-clients-3.4.1.jar ...
[2024-06-19T08:58:36.758+0000] {docker.py:413} INFO - [SUCCESSFUL ] org.apache.kafka#kafka-clients;3.4.1!kafka-clients.jar (1418ms)
[2024-06-19T08:58:36.979+0000] {docker.py:413} INFO - downloading https://repo1.maven.org/maven2/com/google/code/findbugs/jsr305/3.0.0/jsr305-3.0.0.jar ...
[2024-06-19T08:58:37.198+0000] {docker.py:413} INFO - [SUCCESSFUL ] com.google.code.findbugs#jsr305;3.0.0!jsr305.jar (439ms)
[2024-06-19T08:58:37.418+0000] {docker.py:413} INFO - downloading https://repo1.maven.org/maven2/org/apache/commons/commons-pool2/2.11.1/commons-pool2-2.11.1.jar ...
[2024-06-19T08:58:37.645+0000] {docker.py:413} INFO - [SUCCESSFUL ] org.apache.commons#commons-pool2;2.11.1!commons-pool2.jar (447ms)
[2024-06-19T08:58:37.864+0000] {docker.py:413} INFO - downloading https://repo1.maven.org/maven2/org/apache/hadoop/hadoop-client-runtime/3.3.4/hadoop-client-runtime-3.3.4.jar ...
[2024-06-19T08:58:40.699+0000] {docker.py:413} INFO - [SUCCESSFUL ] org.apache.hadoop#hadoop-client-runtime;3.3.4!hadoop-client-runtime.jar (3053ms)
[2024-06-19T08:58:40.931+0000] {docker.py:413} INFO - downloading https://repo1.maven.org/maven2/org/lz4/lz4-java/1.8.0/lz4-java-1.8.0.jar ...
[2024-06-19T08:58:41.226+0000] {docker.py:413} INFO - [SUCCESSFUL ] org.lz4#lz4-java;1.8.0!lz4-java.jar (526ms)
[2024-06-19T08:58:41.452+0000] {docker.py:413} INFO - downloading https://repo1.maven.org/maven2/org/xerial/snappy/snappy-java/1.1.10.3/snappy-java-1.1.10.3.jar ...
[2024-06-19T08:58:41.823+0000] {docker.py:413} INFO - [SUCCESSFUL ] org.xerial.snappy#snappy-java;1.1.10.3!snappy-java.jar(bundle) (595ms)
[2024-06-19T08:58:42.042+0000] {docker.py:413} INFO - downloading https://repo1.maven.org/maven2/org/slf4j/slf4j-api/2.0.7/slf4j-api-2.0.7.jar ...
[2024-06-19T08:58:42.265+0000] {docker.py:413} INFO - [SUCCESSFUL ] org.slf4j#slf4j-api;2.0.7!slf4j-api.jar (442ms)
[2024-06-19T08:58:42.482+0000] {docker.py:413} INFO - downloading https://repo1.maven.org/maven2/org/apache/hadoop/hadoop-client-api/3.3.4/hadoop-client-api-3.3.4.jar ...
[2024-06-19T08:58:44.157+0000] {docker.py:413} INFO - [SUCCESSFUL ] org.apache.hadoop#hadoop-client-api;3.3.4!hadoop-client-api.jar (1892ms)
[2024-06-19T08:58:44.379+0000] {docker.py:413} INFO - downloading https://repo1.maven.org/maven2/commons-logging/commons-logging/1.1.3/commons-logging-1.1.3.jar ...
[2024-06-19T08:58:44.608+0000] {docker.py:413} INFO - [SUCCESSFUL ] commons-logging#commons-logging;1.1.3!commons-logging.jar (443ms)
[2024-06-19T08:58:44.613+0000] {docker.py:413} INFO - :: resolution report :: resolve 22362ms :: artifacts dl 11638ms
	:: modules in use:
[2024-06-19T08:58:44.616+0000] {docker.py:413} INFO - com.google.code.findbugs#jsr305;3.0.0 from central in [default]
	commons-logging#commons-logging;1.1.3 from central in [default]
	org.apache.commons#commons-pool2;2.11.1 from central in [default]
	org.apache.hadoop#hadoop-client-api;3.3.4 from central in [default]
	org.apache.hadoop#hadoop-client-runtime;3.3.4 from central in [default]
	org.apache.kafka#kafka-clients;3.4.1 from central in [default]
	org.apache.spark#spark-sql-kafka-0-10_2.12;3.5.0 from central in [default]
	org.apache.spark#spark-token-provider-kafka-0-10_2.12;3.5.0 from central in [default]
	org.checkerframework#checker-qual;3.5.0 from central in [default]
	org.lz4#lz4-java;1.8.0 from central in [default]
	org.postgresql#postgresql;42.5.4 from central in [default]
	org.slf4j#slf4j-api;2.0.7 from central in [default]
	org.xerial.snappy#snappy-java;1.1.10.3 from central in [default]
	---------------------------------------------------------------------
	|                  |            modules            ||   artifacts   |
	|       conf       | number| search|dwnlded|evicted|| number|dwnlded|
	---------------------------------------------------------------------
[2024-06-19T08:58:44.618+0000] {docker.py:413} INFO - |      default     |   13  |   13  |   13  |   0   ||   13  |   13  |
	---------------------------------------------------------------------
[2024-06-19T08:58:44.632+0000] {docker.py:413} INFO - :: retrieving :: org.apache.spark#spark-submit-parent-1a9d9a92-88d7-427a-9f80-95446f898908
	confs: [default]
[2024-06-19T08:58:44.676+0000] {docker.py:413} INFO - 13 artifacts copied, 0 already retrieved (58001kB/45ms)
[2024-06-19T08:58:44.806+0000] {docker.py:413} INFO - 24/06/19 08:58:44 WARN NativeCodeLoader: Unable to load native-hadoop library for your platform... using builtin-java classes where applicable
[2024-06-19T08:58:45.427+0000] {docker.py:413} INFO - 24/06/19 08:58:45 INFO SparkContext: Running Spark version 3.5.0
[2024-06-19T08:58:45.430+0000] {docker.py:413} INFO - 24/06/19 08:58:45 INFO SparkContext: OS info Linux, 6.6.12-linuxkit, aarch64
[2024-06-19T08:58:45.430+0000] {docker.py:413} INFO - 24/06/19 08:58:45 INFO SparkContext: Java version 17.0.10
[2024-06-19T08:58:45.440+0000] {docker.py:413} INFO - 24/06/19 08:58:45 INFO ResourceUtils: ==============================================================
[2024-06-19T08:58:45.440+0000] {docker.py:413} INFO - 24/06/19 08:58:45 INFO ResourceUtils: No custom resources configured for spark.driver.
[2024-06-19T08:58:45.440+0000] {docker.py:413} INFO - 24/06/19 08:58:45 INFO ResourceUtils: ==============================================================
[2024-06-19T08:58:45.441+0000] {docker.py:413} INFO - 24/06/19 08:58:45 INFO SparkContext: Submitted application: PostgreSQL Connection with PySpark
[2024-06-19T08:58:45.451+0000] {docker.py:413} INFO - 24/06/19 08:58:45 INFO ResourceProfile: Default ResourceProfile created, executor resources: Map(cores -> name: cores, amount: 1, script: , vendor: , memory -> name: memory, amount: 1024, script: , vendor: , offHeap -> name: offHeap, amount: 0, script: , vendor: ), task resources: Map(cpus -> name: cpus, amount: 1.0)
[2024-06-19T08:58:45.455+0000] {docker.py:413} INFO - 24/06/19 08:58:45 INFO ResourceProfile: Limiting resource is cpu
[2024-06-19T08:58:45.456+0000] {docker.py:413} INFO - 24/06/19 08:58:45 INFO ResourceProfileManager: Added ResourceProfile id: 0
[2024-06-19T08:58:45.487+0000] {docker.py:413} INFO - 24/06/19 08:58:45 INFO SecurityManager: Changing view acls to: spark
[2024-06-19T08:58:45.488+0000] {docker.py:413} INFO - 24/06/19 08:58:45 INFO SecurityManager: Changing modify acls to: spark
[2024-06-19T08:58:45.488+0000] {docker.py:413} INFO - 24/06/19 08:58:45 INFO SecurityManager: Changing view acls groups to:
[2024-06-19T08:58:45.488+0000] {docker.py:413} INFO - 24/06/19 08:58:45 INFO SecurityManager: Changing modify acls groups to:
[2024-06-19T08:58:45.489+0000] {docker.py:413} INFO - 24/06/19 08:58:45 INFO SecurityManager: SecurityManager: authentication disabled; ui acls disabled; users with view permissions: spark; groups with view permissions: EMPTY; users with modify permissions: spark; groups with modify permissions: EMPTY
[2024-06-19T08:58:45.609+0000] {docker.py:413} INFO - 24/06/19 08:58:45 INFO Utils: Successfully started service 'sparkDriver' on port 33291.
[2024-06-19T08:58:45.624+0000] {docker.py:413} INFO - 24/06/19 08:58:45 INFO SparkEnv: Registering MapOutputTracker
[2024-06-19T08:58:45.641+0000] {docker.py:413} INFO - 24/06/19 08:58:45 INFO SparkEnv: Registering BlockManagerMaster
[2024-06-19T08:58:45.649+0000] {docker.py:413} INFO - 24/06/19 08:58:45 INFO BlockManagerMasterEndpoint: Using org.apache.spark.storage.DefaultTopologyMapper for getting topology information
[2024-06-19T08:58:45.650+0000] {docker.py:413} INFO - 24/06/19 08:58:45 INFO BlockManagerMasterEndpoint: BlockManagerMasterEndpoint up
[2024-06-19T08:58:45.651+0000] {docker.py:413} INFO - 24/06/19 08:58:45 INFO SparkEnv: Registering BlockManagerMasterHeartbeat
[2024-06-19T08:58:45.663+0000] {docker.py:413} INFO - 24/06/19 08:58:45 INFO DiskBlockManager: Created local directory at /tmp/blockmgr-3ac2919e-4253-4a75-9a95-4d6d43c0d992
[2024-06-19T08:58:45.670+0000] {docker.py:413} INFO - 24/06/19 08:58:45 INFO MemoryStore: MemoryStore started with capacity 434.4 MiB
[2024-06-19T08:58:45.678+0000] {docker.py:413} INFO - 24/06/19 08:58:45 INFO SparkEnv: Registering OutputCommitCoordinator
[2024-06-19T08:58:45.742+0000] {docker.py:413} INFO - 24/06/19 08:58:45 INFO JettyUtils: Start Jetty 0.0.0.0:4040 for SparkUI
[2024-06-19T08:58:45.778+0000] {docker.py:413} INFO - 24/06/19 08:58:45 INFO Utils: Successfully started service 'SparkUI' on port 4040.
[2024-06-19T08:58:45.804+0000] {docker.py:413} INFO - 24/06/19 08:58:45 INFO SparkContext: Added JAR file:///opt/bitnami/spark/.ivy2/jars/org.postgresql_postgresql-42.5.4.jar at spark://localhost:33291/jars/org.postgresql_postgresql-42.5.4.jar with timestamp 1718787525422
[2024-06-19T08:58:45.807+0000] {docker.py:413} INFO - 24/06/19 08:58:45 INFO SparkContext: Added JAR file:///opt/bitnami/spark/.ivy2/jars/org.apache.spark_spark-sql-kafka-0-10_2.12-3.5.0.jar at spark://localhost:33291/jars/org.apache.spark_spark-sql-kafka-0-10_2.12-3.5.0.jar with timestamp 1718787525422
[2024-06-19T08:58:45.808+0000] {docker.py:413} INFO - 24/06/19 08:58:45 INFO SparkContext: Added JAR file:///opt/bitnami/spark/.ivy2/jars/org.checkerframework_checker-qual-3.5.0.jar at spark://localhost:33291/jars/org.checkerframework_checker-qual-3.5.0.jar with timestamp 1718787525422
[2024-06-19T08:58:45.809+0000] {docker.py:413} INFO - 24/06/19 08:58:45 INFO SparkContext: Added JAR file:///opt/bitnami/spark/.ivy2/jars/org.apache.spark_spark-token-provider-kafka-0-10_2.12-3.5.0.jar at spark://localhost:33291/jars/org.apache.spark_spark-token-provider-kafka-0-10_2.12-3.5.0.jar with timestamp 1718787525422
24/06/19 08:58:45 INFO SparkContext: Added JAR file:///opt/bitnami/spark/.ivy2/jars/org.apache.kafka_kafka-clients-3.4.1.jar at spark://localhost:33291/jars/org.apache.kafka_kafka-clients-3.4.1.jar with timestamp 1718787525422
[2024-06-19T08:58:45.809+0000] {docker.py:413} INFO - 24/06/19 08:58:45 INFO SparkContext: Added JAR file:///opt/bitnami/spark/.ivy2/jars/com.google.code.findbugs_jsr305-3.0.0.jar at spark://localhost:33291/jars/com.google.code.findbugs_jsr305-3.0.0.jar with timestamp 1718787525422
[2024-06-19T08:58:45.810+0000] {docker.py:413} INFO - 24/06/19 08:58:45 INFO SparkContext: Added JAR file:///opt/bitnami/spark/.ivy2/jars/org.apache.commons_commons-pool2-2.11.1.jar at spark://localhost:33291/jars/org.apache.commons_commons-pool2-2.11.1.jar with timestamp 1718787525422
[2024-06-19T08:58:45.811+0000] {docker.py:413} INFO - 24/06/19 08:58:45 INFO SparkContext: Added JAR file:///opt/bitnami/spark/.ivy2/jars/org.apache.hadoop_hadoop-client-runtime-3.3.4.jar at spark://localhost:33291/jars/org.apache.hadoop_hadoop-client-runtime-3.3.4.jar with timestamp 1718787525422
[2024-06-19T08:58:45.815+0000] {docker.py:413} INFO - 24/06/19 08:58:45 INFO SparkContext: Added JAR file:///opt/bitnami/spark/.ivy2/jars/org.lz4_lz4-java-1.8.0.jar at spark://localhost:33291/jars/org.lz4_lz4-java-1.8.0.jar with timestamp 1718787525422
[2024-06-19T08:58:45.816+0000] {docker.py:413} INFO - 24/06/19 08:58:45 INFO SparkContext: Added JAR file:///opt/bitnami/spark/.ivy2/jars/org.xerial.snappy_snappy-java-1.1.10.3.jar at spark://localhost:33291/jars/org.xerial.snappy_snappy-java-1.1.10.3.jar with timestamp 1718787525422
[2024-06-19T08:58:45.816+0000] {docker.py:413} INFO - 24/06/19 08:58:45 INFO SparkContext: Added JAR file:///opt/bitnami/spark/.ivy2/jars/org.slf4j_slf4j-api-2.0.7.jar at spark://localhost:33291/jars/org.slf4j_slf4j-api-2.0.7.jar with timestamp 1718787525422
24/06/19 08:58:45 INFO SparkContext: Added JAR file:///opt/bitnami/spark/.ivy2/jars/org.apache.hadoop_hadoop-client-api-3.3.4.jar at spark://localhost:33291/jars/org.apache.hadoop_hadoop-client-api-3.3.4.jar with timestamp 1718787525422
[2024-06-19T08:58:45.816+0000] {docker.py:413} INFO - 24/06/19 08:58:45 INFO SparkContext: Added JAR file:///opt/bitnami/spark/.ivy2/jars/commons-logging_commons-logging-1.1.3.jar at spark://localhost:33291/jars/commons-logging_commons-logging-1.1.3.jar with timestamp 1718787525422
[2024-06-19T08:58:45.817+0000] {docker.py:413} INFO - 24/06/19 08:58:45 INFO SparkContext: Added file file:///opt/bitnami/spark/.ivy2/jars/org.postgresql_postgresql-42.5.4.jar at file:///opt/bitnami/spark/.ivy2/jars/org.postgresql_postgresql-42.5.4.jar with timestamp 1718787525422
[2024-06-19T08:58:45.817+0000] {docker.py:413} INFO - 24/06/19 08:58:45 INFO Utils: Copying /opt/bitnami/spark/.ivy2/jars/org.postgresql_postgresql-42.5.4.jar to /tmp/spark-cc9109bc-36d4-441e-a2db-ee4c686517b1/userFiles-023e5754-0547-49d9-8213-2ff86be569a6/org.postgresql_postgresql-42.5.4.jar
[2024-06-19T08:58:45.821+0000] {docker.py:413} INFO - 24/06/19 08:58:45 INFO SparkContext: Added file file:///opt/bitnami/spark/.ivy2/jars/org.apache.spark_spark-sql-kafka-0-10_2.12-3.5.0.jar at file:///opt/bitnami/spark/.ivy2/jars/org.apache.spark_spark-sql-kafka-0-10_2.12-3.5.0.jar with timestamp 1718787525422
24/06/19 08:58:45 INFO Utils: Copying /opt/bitnami/spark/.ivy2/jars/org.apache.spark_spark-sql-kafka-0-10_2.12-3.5.0.jar to /tmp/spark-cc9109bc-36d4-441e-a2db-ee4c686517b1/userFiles-023e5754-0547-49d9-8213-2ff86be569a6/org.apache.spark_spark-sql-kafka-0-10_2.12-3.5.0.jar
[2024-06-19T08:58:45.823+0000] {docker.py:413} INFO - 24/06/19 08:58:45 INFO SparkContext: Added file file:///opt/bitnami/spark/.ivy2/jars/org.checkerframework_checker-qual-3.5.0.jar at file:///opt/bitnami/spark/.ivy2/jars/org.checkerframework_checker-qual-3.5.0.jar with timestamp 1718787525422
[2024-06-19T08:58:45.823+0000] {docker.py:413} INFO - 24/06/19 08:58:45 INFO Utils: Copying /opt/bitnami/spark/.ivy2/jars/org.checkerframework_checker-qual-3.5.0.jar to /tmp/spark-cc9109bc-36d4-441e-a2db-ee4c686517b1/userFiles-023e5754-0547-49d9-8213-2ff86be569a6/org.checkerframework_checker-qual-3.5.0.jar
[2024-06-19T08:58:45.824+0000] {docker.py:413} INFO - 24/06/19 08:58:45 INFO SparkContext: Added file file:///opt/bitnami/spark/.ivy2/jars/org.apache.spark_spark-token-provider-kafka-0-10_2.12-3.5.0.jar at file:///opt/bitnami/spark/.ivy2/jars/org.apache.spark_spark-token-provider-kafka-0-10_2.12-3.5.0.jar with timestamp 1718787525422
[2024-06-19T08:58:45.824+0000] {docker.py:413} INFO - 24/06/19 08:58:45 INFO Utils: Copying /opt/bitnami/spark/.ivy2/jars/org.apache.spark_spark-token-provider-kafka-0-10_2.12-3.5.0.jar to /tmp/spark-cc9109bc-36d4-441e-a2db-ee4c686517b1/userFiles-023e5754-0547-49d9-8213-2ff86be569a6/org.apache.spark_spark-token-provider-kafka-0-10_2.12-3.5.0.jar
[2024-06-19T08:58:45.827+0000] {docker.py:413} INFO - 24/06/19 08:58:45 INFO SparkContext: Added file file:///opt/bitnami/spark/.ivy2/jars/org.apache.kafka_kafka-clients-3.4.1.jar at file:///opt/bitnami/spark/.ivy2/jars/org.apache.kafka_kafka-clients-3.4.1.jar with timestamp 1718787525422
[2024-06-19T08:58:45.827+0000] {docker.py:413} INFO - 24/06/19 08:58:45 INFO Utils: Copying /opt/bitnami/spark/.ivy2/jars/org.apache.kafka_kafka-clients-3.4.1.jar to /tmp/spark-cc9109bc-36d4-441e-a2db-ee4c686517b1/userFiles-023e5754-0547-49d9-8213-2ff86be569a6/org.apache.kafka_kafka-clients-3.4.1.jar
[2024-06-19T08:58:45.831+0000] {docker.py:413} INFO - 24/06/19 08:58:45 INFO SparkContext: Added file file:///opt/bitnami/spark/.ivy2/jars/com.google.code.findbugs_jsr305-3.0.0.jar at file:///opt/bitnami/spark/.ivy2/jars/com.google.code.findbugs_jsr305-3.0.0.jar with timestamp 1718787525422
[2024-06-19T08:58:45.832+0000] {docker.py:413} INFO - 24/06/19 08:58:45 INFO Utils: Copying /opt/bitnami/spark/.ivy2/jars/com.google.code.findbugs_jsr305-3.0.0.jar to /tmp/spark-cc9109bc-36d4-441e-a2db-ee4c686517b1/userFiles-023e5754-0547-49d9-8213-2ff86be569a6/com.google.code.findbugs_jsr305-3.0.0.jar
[2024-06-19T08:58:45.832+0000] {docker.py:413} INFO - 24/06/19 08:58:45 INFO SparkContext: Added file file:///opt/bitnami/spark/.ivy2/jars/org.apache.commons_commons-pool2-2.11.1.jar at file:///opt/bitnami/spark/.ivy2/jars/org.apache.commons_commons-pool2-2.11.1.jar with timestamp 1718787525422
[2024-06-19T08:58:45.833+0000] {docker.py:413} INFO - 24/06/19 08:58:45 INFO Utils: Copying /opt/bitnami/spark/.ivy2/jars/org.apache.commons_commons-pool2-2.11.1.jar to /tmp/spark-cc9109bc-36d4-441e-a2db-ee4c686517b1/userFiles-023e5754-0547-49d9-8213-2ff86be569a6/org.apache.commons_commons-pool2-2.11.1.jar
[2024-06-19T08:58:45.838+0000] {docker.py:413} INFO - 24/06/19 08:58:45 INFO SparkContext: Added file file:///opt/bitnami/spark/.ivy2/jars/org.apache.hadoop_hadoop-client-runtime-3.3.4.jar at file:///opt/bitnami/spark/.ivy2/jars/org.apache.hadoop_hadoop-client-runtime-3.3.4.jar with timestamp 1718787525422
[2024-06-19T08:58:45.839+0000] {docker.py:413} INFO - 24/06/19 08:58:45 INFO Utils: Copying /opt/bitnami/spark/.ivy2/jars/org.apache.hadoop_hadoop-client-runtime-3.3.4.jar to /tmp/spark-cc9109bc-36d4-441e-a2db-ee4c686517b1/userFiles-023e5754-0547-49d9-8213-2ff86be569a6/org.apache.hadoop_hadoop-client-runtime-3.3.4.jar
[2024-06-19T08:58:45.846+0000] {docker.py:413} INFO - 24/06/19 08:58:45 INFO SparkContext: Added file file:///opt/bitnami/spark/.ivy2/jars/org.lz4_lz4-java-1.8.0.jar at file:///opt/bitnami/spark/.ivy2/jars/org.lz4_lz4-java-1.8.0.jar with timestamp 1718787525422
[2024-06-19T08:58:45.847+0000] {docker.py:413} INFO - 24/06/19 08:58:45 INFO Utils: Copying /opt/bitnami/spark/.ivy2/jars/org.lz4_lz4-java-1.8.0.jar to /tmp/spark-cc9109bc-36d4-441e-a2db-ee4c686517b1/userFiles-023e5754-0547-49d9-8213-2ff86be569a6/org.lz4_lz4-java-1.8.0.jar
[2024-06-19T08:58:45.848+0000] {docker.py:413} INFO - 24/06/19 08:58:45 INFO SparkContext: Added file file:///opt/bitnami/spark/.ivy2/jars/org.xerial.snappy_snappy-java-1.1.10.3.jar at file:///opt/bitnami/spark/.ivy2/jars/org.xerial.snappy_snappy-java-1.1.10.3.jar with timestamp 1718787525422
24/06/19 08:58:45 INFO Utils: Copying /opt/bitnami/spark/.ivy2/jars/org.xerial.snappy_snappy-java-1.1.10.3.jar to /tmp/spark-cc9109bc-36d4-441e-a2db-ee4c686517b1/userFiles-023e5754-0547-49d9-8213-2ff86be569a6/org.xerial.snappy_snappy-java-1.1.10.3.jar
[2024-06-19T08:58:45.851+0000] {docker.py:413} INFO - 24/06/19 08:58:45 INFO SparkContext: Added file file:///opt/bitnami/spark/.ivy2/jars/org.slf4j_slf4j-api-2.0.7.jar at file:///opt/bitnami/spark/.ivy2/jars/org.slf4j_slf4j-api-2.0.7.jar with timestamp 1718787525422
[2024-06-19T08:58:45.851+0000] {docker.py:413} INFO - 24/06/19 08:58:45 INFO Utils: Copying /opt/bitnami/spark/.ivy2/jars/org.slf4j_slf4j-api-2.0.7.jar to /tmp/spark-cc9109bc-36d4-441e-a2db-ee4c686517b1/userFiles-023e5754-0547-49d9-8213-2ff86be569a6/org.slf4j_slf4j-api-2.0.7.jar
[2024-06-19T08:58:45.856+0000] {docker.py:413} INFO - 24/06/19 08:58:45 INFO SparkContext: Added file file:///opt/bitnami/spark/.ivy2/jars/org.apache.hadoop_hadoop-client-api-3.3.4.jar at file:///opt/bitnami/spark/.ivy2/jars/org.apache.hadoop_hadoop-client-api-3.3.4.jar with timestamp 1718787525422
[2024-06-19T08:58:45.856+0000] {docker.py:413} INFO - 24/06/19 08:58:45 INFO Utils: Copying /opt/bitnami/spark/.ivy2/jars/org.apache.hadoop_hadoop-client-api-3.3.4.jar to /tmp/spark-cc9109bc-36d4-441e-a2db-ee4c686517b1/userFiles-023e5754-0547-49d9-8213-2ff86be569a6/org.apache.hadoop_hadoop-client-api-3.3.4.jar
[2024-06-19T08:58:45.863+0000] {docker.py:413} INFO - 24/06/19 08:58:45 INFO SparkContext: Added file file:///opt/bitnami/spark/.ivy2/jars/commons-logging_commons-logging-1.1.3.jar at file:///opt/bitnami/spark/.ivy2/jars/commons-logging_commons-logging-1.1.3.jar with timestamp 1718787525422
24/06/19 08:58:45 INFO Utils: Copying /opt/bitnami/spark/.ivy2/jars/commons-logging_commons-logging-1.1.3.jar to /tmp/spark-cc9109bc-36d4-441e-a2db-ee4c686517b1/userFiles-023e5754-0547-49d9-8213-2ff86be569a6/commons-logging_commons-logging-1.1.3.jar
[2024-06-19T08:58:45.895+0000] {docker.py:413} INFO - 24/06/19 08:58:45 INFO Executor: Starting executor ID driver on host localhost
[2024-06-19T08:58:45.895+0000] {docker.py:413} INFO - 24/06/19 08:58:45 INFO Executor: OS info Linux, 6.6.12-linuxkit, aarch64
24/06/19 08:58:45 INFO Executor: Java version 17.0.10
[2024-06-19T08:58:45.898+0000] {docker.py:413} INFO - 24/06/19 08:58:45 INFO Executor: Starting executor with user classpath (userClassPathFirst = false): ''
[2024-06-19T08:58:45.898+0000] {docker.py:413} INFO - 24/06/19 08:58:45 INFO Executor: Created or updated repl class loader org.apache.spark.util.MutableURLClassLoader@368e5e97 for default.
[2024-06-19T08:58:45.904+0000] {docker.py:413} INFO - 24/06/19 08:58:45 INFO Executor: Fetching file:///opt/bitnami/spark/.ivy2/jars/org.apache.spark_spark-token-provider-kafka-0-10_2.12-3.5.0.jar with timestamp 1718787525422
[2024-06-19T08:58:45.912+0000] {docker.py:413} INFO - 24/06/19 08:58:45 INFO Utils: /opt/bitnami/spark/.ivy2/jars/org.apache.spark_spark-token-provider-kafka-0-10_2.12-3.5.0.jar has been previously copied to /tmp/spark-cc9109bc-36d4-441e-a2db-ee4c686517b1/userFiles-023e5754-0547-49d9-8213-2ff86be569a6/org.apache.spark_spark-token-provider-kafka-0-10_2.12-3.5.0.jar
[2024-06-19T08:58:45.914+0000] {docker.py:413} INFO - 24/06/19 08:58:45 INFO Executor: Fetching file:///opt/bitnami/spark/.ivy2/jars/org.apache.hadoop_hadoop-client-runtime-3.3.4.jar with timestamp 1718787525422
[2024-06-19T08:58:45.925+0000] {docker.py:413} INFO - 24/06/19 08:58:45 INFO Utils: /opt/bitnami/spark/.ivy2/jars/org.apache.hadoop_hadoop-client-runtime-3.3.4.jar has been previously copied to /tmp/spark-cc9109bc-36d4-441e-a2db-ee4c686517b1/userFiles-023e5754-0547-49d9-8213-2ff86be569a6/org.apache.hadoop_hadoop-client-runtime-3.3.4.jar
[2024-06-19T08:58:45.927+0000] {docker.py:413} INFO - 24/06/19 08:58:45 INFO Executor: Fetching file:///opt/bitnami/spark/.ivy2/jars/org.apache.commons_commons-pool2-2.11.1.jar with timestamp 1718787525422
[2024-06-19T08:58:45.928+0000] {docker.py:413} INFO - 24/06/19 08:58:45 INFO Utils: /opt/bitnami/spark/.ivy2/jars/org.apache.commons_commons-pool2-2.11.1.jar has been previously copied to /tmp/spark-cc9109bc-36d4-441e-a2db-ee4c686517b1/userFiles-023e5754-0547-49d9-8213-2ff86be569a6/org.apache.commons_commons-pool2-2.11.1.jar
[2024-06-19T08:58:45.929+0000] {docker.py:413} INFO - 24/06/19 08:58:45 INFO Executor: Fetching file:///opt/bitnami/spark/.ivy2/jars/org.postgresql_postgresql-42.5.4.jar with timestamp 1718787525422
[2024-06-19T08:58:45.930+0000] {docker.py:413} INFO - 24/06/19 08:58:45 INFO Utils: /opt/bitnami/spark/.ivy2/jars/org.postgresql_postgresql-42.5.4.jar has been previously copied to /tmp/spark-cc9109bc-36d4-441e-a2db-ee4c686517b1/userFiles-023e5754-0547-49d9-8213-2ff86be569a6/org.postgresql_postgresql-42.5.4.jar
[2024-06-19T08:58:45.931+0000] {docker.py:413} INFO - 24/06/19 08:58:45 INFO Executor: Fetching file:///opt/bitnami/spark/.ivy2/jars/org.slf4j_slf4j-api-2.0.7.jar with timestamp 1718787525422
[2024-06-19T08:58:45.931+0000] {docker.py:413} INFO - 24/06/19 08:58:45 INFO Utils: /opt/bitnami/spark/.ivy2/jars/org.slf4j_slf4j-api-2.0.7.jar has been previously copied to /tmp/spark-cc9109bc-36d4-441e-a2db-ee4c686517b1/userFiles-023e5754-0547-49d9-8213-2ff86be569a6/org.slf4j_slf4j-api-2.0.7.jar
[2024-06-19T08:58:45.932+0000] {docker.py:413} INFO - 24/06/19 08:58:45 INFO Executor: Fetching file:///opt/bitnami/spark/.ivy2/jars/org.apache.kafka_kafka-clients-3.4.1.jar with timestamp 1718787525422
[2024-06-19T08:58:45.934+0000] {docker.py:413} INFO - 24/06/19 08:58:45 INFO Utils: /opt/bitnami/spark/.ivy2/jars/org.apache.kafka_kafka-clients-3.4.1.jar has been previously copied to /tmp/spark-cc9109bc-36d4-441e-a2db-ee4c686517b1/userFiles-023e5754-0547-49d9-8213-2ff86be569a6/org.apache.kafka_kafka-clients-3.4.1.jar
[2024-06-19T08:58:45.935+0000] {docker.py:413} INFO - 24/06/19 08:58:45 INFO Executor: Fetching file:///opt/bitnami/spark/.ivy2/jars/com.google.code.findbugs_jsr305-3.0.0.jar with timestamp 1718787525422
[2024-06-19T08:58:45.936+0000] {docker.py:413} INFO - 24/06/19 08:58:45 INFO Utils: /opt/bitnami/spark/.ivy2/jars/com.google.code.findbugs_jsr305-3.0.0.jar has been previously copied to /tmp/spark-cc9109bc-36d4-441e-a2db-ee4c686517b1/userFiles-023e5754-0547-49d9-8213-2ff86be569a6/com.google.code.findbugs_jsr305-3.0.0.jar
[2024-06-19T08:58:45.937+0000] {docker.py:413} INFO - 24/06/19 08:58:45 INFO Executor: Fetching file:///opt/bitnami/spark/.ivy2/jars/org.lz4_lz4-java-1.8.0.jar with timestamp 1718787525422
[2024-06-19T08:58:45.937+0000] {docker.py:413} INFO - 24/06/19 08:58:45 INFO Utils: /opt/bitnami/spark/.ivy2/jars/org.lz4_lz4-java-1.8.0.jar has been previously copied to /tmp/spark-cc9109bc-36d4-441e-a2db-ee4c686517b1/userFiles-023e5754-0547-49d9-8213-2ff86be569a6/org.lz4_lz4-java-1.8.0.jar
[2024-06-19T08:58:45.938+0000] {docker.py:413} INFO - 24/06/19 08:58:45 INFO Executor: Fetching file:///opt/bitnami/spark/.ivy2/jars/org.apache.spark_spark-sql-kafka-0-10_2.12-3.5.0.jar with timestamp 1718787525422
[2024-06-19T08:58:45.939+0000] {docker.py:413} INFO - 24/06/19 08:58:45 INFO Utils: /opt/bitnami/spark/.ivy2/jars/org.apache.spark_spark-sql-kafka-0-10_2.12-3.5.0.jar has been previously copied to /tmp/spark-cc9109bc-36d4-441e-a2db-ee4c686517b1/userFiles-023e5754-0547-49d9-8213-2ff86be569a6/org.apache.spark_spark-sql-kafka-0-10_2.12-3.5.0.jar
[2024-06-19T08:58:45.940+0000] {docker.py:413} INFO - 24/06/19 08:58:45 INFO Executor: Fetching file:///opt/bitnami/spark/.ivy2/jars/org.apache.hadoop_hadoop-client-api-3.3.4.jar with timestamp 1718787525422
[2024-06-19T08:58:45.946+0000] {docker.py:413} INFO - 24/06/19 08:58:45 INFO Utils: /opt/bitnami/spark/.ivy2/jars/org.apache.hadoop_hadoop-client-api-3.3.4.jar has been previously copied to /tmp/spark-cc9109bc-36d4-441e-a2db-ee4c686517b1/userFiles-023e5754-0547-49d9-8213-2ff86be569a6/org.apache.hadoop_hadoop-client-api-3.3.4.jar
[2024-06-19T08:58:45.947+0000] {docker.py:413} INFO - 24/06/19 08:58:45 INFO Executor: Fetching file:///opt/bitnami/spark/.ivy2/jars/commons-logging_commons-logging-1.1.3.jar with timestamp 1718787525422
[2024-06-19T08:58:45.948+0000] {docker.py:413} INFO - 24/06/19 08:58:45 INFO Utils: /opt/bitnami/spark/.ivy2/jars/commons-logging_commons-logging-1.1.3.jar has been previously copied to /tmp/spark-cc9109bc-36d4-441e-a2db-ee4c686517b1/userFiles-023e5754-0547-49d9-8213-2ff86be569a6/commons-logging_commons-logging-1.1.3.jar
[2024-06-19T08:58:45.948+0000] {docker.py:413} INFO - 24/06/19 08:58:45 INFO Executor: Fetching file:///opt/bitnami/spark/.ivy2/jars/org.checkerframework_checker-qual-3.5.0.jar with timestamp 1718787525422
[2024-06-19T08:58:45.948+0000] {docker.py:413} INFO - 24/06/19 08:58:45 INFO Utils: /opt/bitnami/spark/.ivy2/jars/org.checkerframework_checker-qual-3.5.0.jar has been previously copied to /tmp/spark-cc9109bc-36d4-441e-a2db-ee4c686517b1/userFiles-023e5754-0547-49d9-8213-2ff86be569a6/org.checkerframework_checker-qual-3.5.0.jar
[2024-06-19T08:58:45.949+0000] {docker.py:413} INFO - 24/06/19 08:58:45 INFO Executor: Fetching file:///opt/bitnami/spark/.ivy2/jars/org.xerial.snappy_snappy-java-1.1.10.3.jar with timestamp 1718787525422
[2024-06-19T08:58:45.950+0000] {docker.py:413} INFO - 24/06/19 08:58:45 INFO Utils: /opt/bitnami/spark/.ivy2/jars/org.xerial.snappy_snappy-java-1.1.10.3.jar has been previously copied to /tmp/spark-cc9109bc-36d4-441e-a2db-ee4c686517b1/userFiles-023e5754-0547-49d9-8213-2ff86be569a6/org.xerial.snappy_snappy-java-1.1.10.3.jar
[2024-06-19T08:58:45.953+0000] {docker.py:413} INFO - 24/06/19 08:58:45 INFO Executor: Fetching spark://localhost:33291/jars/org.postgresql_postgresql-42.5.4.jar with timestamp 1718787525422
[2024-06-19T08:58:45.971+0000] {docker.py:413} INFO - 24/06/19 08:58:45 INFO TransportClientFactory: Successfully created connection to localhost/127.0.0.1:33291 after 12 ms (0 ms spent in bootstraps)
[2024-06-19T08:58:45.974+0000] {docker.py:413} INFO - 24/06/19 08:58:45 INFO Utils: Fetching spark://localhost:33291/jars/org.postgresql_postgresql-42.5.4.jar to /tmp/spark-cc9109bc-36d4-441e-a2db-ee4c686517b1/userFiles-023e5754-0547-49d9-8213-2ff86be569a6/fetchFileTemp9229819250964085277.tmp
[2024-06-19T08:58:45.988+0000] {docker.py:413} INFO - 24/06/19 08:58:45 INFO Utils: /tmp/spark-cc9109bc-36d4-441e-a2db-ee4c686517b1/userFiles-023e5754-0547-49d9-8213-2ff86be569a6/fetchFileTemp9229819250964085277.tmp has been previously copied to /tmp/spark-cc9109bc-36d4-441e-a2db-ee4c686517b1/userFiles-023e5754-0547-49d9-8213-2ff86be569a6/org.postgresql_postgresql-42.5.4.jar
[2024-06-19T08:58:45.989+0000] {docker.py:413} INFO - 24/06/19 08:58:45 INFO Executor: Adding file:/tmp/spark-cc9109bc-36d4-441e-a2db-ee4c686517b1/userFiles-023e5754-0547-49d9-8213-2ff86be569a6/org.postgresql_postgresql-42.5.4.jar to class loader default
[2024-06-19T08:58:45.990+0000] {docker.py:413} INFO - 24/06/19 08:58:45 INFO Executor: Fetching spark://localhost:33291/jars/org.apache.kafka_kafka-clients-3.4.1.jar with timestamp 1718787525422
[2024-06-19T08:58:45.990+0000] {docker.py:413} INFO - 24/06/19 08:58:45 INFO Utils: Fetching spark://localhost:33291/jars/org.apache.kafka_kafka-clients-3.4.1.jar to /tmp/spark-cc9109bc-36d4-441e-a2db-ee4c686517b1/userFiles-023e5754-0547-49d9-8213-2ff86be569a6/fetchFileTemp9223521379801008679.tmp
[2024-06-19T08:58:46.003+0000] {docker.py:413} INFO - 24/06/19 08:58:46 INFO Utils: /tmp/spark-cc9109bc-36d4-441e-a2db-ee4c686517b1/userFiles-023e5754-0547-49d9-8213-2ff86be569a6/fetchFileTemp9223521379801008679.tmp has been previously copied to /tmp/spark-cc9109bc-36d4-441e-a2db-ee4c686517b1/userFiles-023e5754-0547-49d9-8213-2ff86be569a6/org.apache.kafka_kafka-clients-3.4.1.jar
[2024-06-19T08:58:46.004+0000] {docker.py:413} INFO - 24/06/19 08:58:46 INFO Executor: Adding file:/tmp/spark-cc9109bc-36d4-441e-a2db-ee4c686517b1/userFiles-023e5754-0547-49d9-8213-2ff86be569a6/org.apache.kafka_kafka-clients-3.4.1.jar to class loader default
24/06/19 08:58:46 INFO Executor: Fetching spark://localhost:33291/jars/org.apache.hadoop_hadoop-client-api-3.3.4.jar with timestamp 1718787525422
[2024-06-19T08:58:46.005+0000] {docker.py:413} INFO - 24/06/19 08:58:46 INFO Utils: Fetching spark://localhost:33291/jars/org.apache.hadoop_hadoop-client-api-3.3.4.jar to /tmp/spark-cc9109bc-36d4-441e-a2db-ee4c686517b1/userFiles-023e5754-0547-49d9-8213-2ff86be569a6/fetchFileTemp9650057251442338016.tmp
[2024-06-19T08:58:46.040+0000] {docker.py:413} INFO - 24/06/19 08:58:46 INFO Utils: /tmp/spark-cc9109bc-36d4-441e-a2db-ee4c686517b1/userFiles-023e5754-0547-49d9-8213-2ff86be569a6/fetchFileTemp9650057251442338016.tmp has been previously copied to /tmp/spark-cc9109bc-36d4-441e-a2db-ee4c686517b1/userFiles-023e5754-0547-49d9-8213-2ff86be569a6/org.apache.hadoop_hadoop-client-api-3.3.4.jar
[2024-06-19T08:58:46.047+0000] {docker.py:413} INFO - 24/06/19 08:58:46 INFO Executor: Adding file:/tmp/spark-cc9109bc-36d4-441e-a2db-ee4c686517b1/userFiles-023e5754-0547-49d9-8213-2ff86be569a6/org.apache.hadoop_hadoop-client-api-3.3.4.jar to class loader default
[2024-06-19T08:58:46.047+0000] {docker.py:413} INFO - 24/06/19 08:58:46 INFO Executor: Fetching spark://localhost:33291/jars/org.slf4j_slf4j-api-2.0.7.jar with timestamp 1718787525422
[2024-06-19T08:58:46.047+0000] {docker.py:413} INFO - 24/06/19 08:58:46 INFO Utils: Fetching spark://localhost:33291/jars/org.slf4j_slf4j-api-2.0.7.jar to /tmp/spark-cc9109bc-36d4-441e-a2db-ee4c686517b1/userFiles-023e5754-0547-49d9-8213-2ff86be569a6/fetchFileTemp9801684880144341638.tmp
[2024-06-19T08:58:46.048+0000] {docker.py:413} INFO - 24/06/19 08:58:46 INFO Utils: /tmp/spark-cc9109bc-36d4-441e-a2db-ee4c686517b1/userFiles-023e5754-0547-49d9-8213-2ff86be569a6/fetchFileTemp9801684880144341638.tmp has been previously copied to /tmp/spark-cc9109bc-36d4-441e-a2db-ee4c686517b1/userFiles-023e5754-0547-49d9-8213-2ff86be569a6/org.slf4j_slf4j-api-2.0.7.jar
[2024-06-19T08:58:46.050+0000] {docker.py:413} INFO - 24/06/19 08:58:46 INFO Executor: Adding file:/tmp/spark-cc9109bc-36d4-441e-a2db-ee4c686517b1/userFiles-023e5754-0547-49d9-8213-2ff86be569a6/org.slf4j_slf4j-api-2.0.7.jar to class loader default
[2024-06-19T08:58:46.051+0000] {docker.py:413} INFO - 24/06/19 08:58:46 INFO Executor: Fetching spark://localhost:33291/jars/com.google.code.findbugs_jsr305-3.0.0.jar with timestamp 1718787525422
[2024-06-19T08:58:46.051+0000] {docker.py:413} INFO - 24/06/19 08:58:46 INFO Utils: Fetching spark://localhost:33291/jars/com.google.code.findbugs_jsr305-3.0.0.jar to /tmp/spark-cc9109bc-36d4-441e-a2db-ee4c686517b1/userFiles-023e5754-0547-49d9-8213-2ff86be569a6/fetchFileTemp6540204369297642098.tmp
[2024-06-19T08:58:46.051+0000] {docker.py:413} INFO - 24/06/19 08:58:46 INFO Utils: /tmp/spark-cc9109bc-36d4-441e-a2db-ee4c686517b1/userFiles-023e5754-0547-49d9-8213-2ff86be569a6/fetchFileTemp6540204369297642098.tmp has been previously copied to /tmp/spark-cc9109bc-36d4-441e-a2db-ee4c686517b1/userFiles-023e5754-0547-49d9-8213-2ff86be569a6/com.google.code.findbugs_jsr305-3.0.0.jar
[2024-06-19T08:58:46.063+0000] {docker.py:413} INFO - 24/06/19 08:58:46 INFO Executor: Adding file:/tmp/spark-cc9109bc-36d4-441e-a2db-ee4c686517b1/userFiles-023e5754-0547-49d9-8213-2ff86be569a6/com.google.code.findbugs_jsr305-3.0.0.jar to class loader default
[2024-06-19T08:58:46.064+0000] {docker.py:413} INFO - 24/06/19 08:58:46 INFO Executor: Fetching spark://localhost:33291/jars/org.apache.commons_commons-pool2-2.11.1.jar with timestamp 1718787525422
[2024-06-19T08:58:46.064+0000] {docker.py:413} INFO - 24/06/19 08:58:46 INFO Utils: Fetching spark://localhost:33291/jars/org.apache.commons_commons-pool2-2.11.1.jar to /tmp/spark-cc9109bc-36d4-441e-a2db-ee4c686517b1/userFiles-023e5754-0547-49d9-8213-2ff86be569a6/fetchFileTemp16230578870620322988.tmp
[2024-06-19T08:58:46.064+0000] {docker.py:413} INFO - 24/06/19 08:58:46 INFO Utils: /tmp/spark-cc9109bc-36d4-441e-a2db-ee4c686517b1/userFiles-023e5754-0547-49d9-8213-2ff86be569a6/fetchFileTemp16230578870620322988.tmp has been previously copied to /tmp/spark-cc9109bc-36d4-441e-a2db-ee4c686517b1/userFiles-023e5754-0547-49d9-8213-2ff86be569a6/org.apache.commons_commons-pool2-2.11.1.jar
[2024-06-19T08:58:46.066+0000] {docker.py:413} INFO - 24/06/19 08:58:46 INFO Executor: Adding file:/tmp/spark-cc9109bc-36d4-441e-a2db-ee4c686517b1/userFiles-023e5754-0547-49d9-8213-2ff86be569a6/org.apache.commons_commons-pool2-2.11.1.jar to class loader default
[2024-06-19T08:58:46.067+0000] {docker.py:413} INFO - 24/06/19 08:58:46 INFO Executor: Fetching spark://localhost:33291/jars/org.lz4_lz4-java-1.8.0.jar with timestamp 1718787525422
[2024-06-19T08:58:46.067+0000] {docker.py:413} INFO - 24/06/19 08:58:46 INFO Utils: Fetching spark://localhost:33291/jars/org.lz4_lz4-java-1.8.0.jar to /tmp/spark-cc9109bc-36d4-441e-a2db-ee4c686517b1/userFiles-023e5754-0547-49d9-8213-2ff86be569a6/fetchFileTemp16345575492718967111.tmp
[2024-06-19T08:58:46.068+0000] {docker.py:413} INFO - 24/06/19 08:58:46 INFO Utils: /tmp/spark-cc9109bc-36d4-441e-a2db-ee4c686517b1/userFiles-023e5754-0547-49d9-8213-2ff86be569a6/fetchFileTemp16345575492718967111.tmp has been previously copied to /tmp/spark-cc9109bc-36d4-441e-a2db-ee4c686517b1/userFiles-023e5754-0547-49d9-8213-2ff86be569a6/org.lz4_lz4-java-1.8.0.jar
[2024-06-19T08:58:46.069+0000] {docker.py:413} INFO - 24/06/19 08:58:46 INFO Executor: Adding file:/tmp/spark-cc9109bc-36d4-441e-a2db-ee4c686517b1/userFiles-023e5754-0547-49d9-8213-2ff86be569a6/org.lz4_lz4-java-1.8.0.jar to class loader default
[2024-06-19T08:58:46.070+0000] {docker.py:413} INFO - 24/06/19 08:58:46 INFO Executor: Fetching spark://localhost:33291/jars/org.checkerframework_checker-qual-3.5.0.jar with timestamp 1718787525422
[2024-06-19T08:58:46.070+0000] {docker.py:413} INFO - 24/06/19 08:58:46 INFO Utils: Fetching spark://localhost:33291/jars/org.checkerframework_checker-qual-3.5.0.jar to /tmp/spark-cc9109bc-36d4-441e-a2db-ee4c686517b1/userFiles-023e5754-0547-49d9-8213-2ff86be569a6/fetchFileTemp15386143013443951562.tmp
[2024-06-19T08:58:46.070+0000] {docker.py:413} INFO - 24/06/19 08:58:46 INFO Utils: /tmp/spark-cc9109bc-36d4-441e-a2db-ee4c686517b1/userFiles-023e5754-0547-49d9-8213-2ff86be569a6/fetchFileTemp15386143013443951562.tmp has been previously copied to /tmp/spark-cc9109bc-36d4-441e-a2db-ee4c686517b1/userFiles-023e5754-0547-49d9-8213-2ff86be569a6/org.checkerframework_checker-qual-3.5.0.jar
[2024-06-19T08:58:46.073+0000] {docker.py:413} INFO - 24/06/19 08:58:46 INFO Executor: Adding file:/tmp/spark-cc9109bc-36d4-441e-a2db-ee4c686517b1/userFiles-023e5754-0547-49d9-8213-2ff86be569a6/org.checkerframework_checker-qual-3.5.0.jar to class loader default
[2024-06-19T08:58:46.073+0000] {docker.py:413} INFO - 24/06/19 08:58:46 INFO Executor: Fetching spark://localhost:33291/jars/org.apache.spark_spark-token-provider-kafka-0-10_2.12-3.5.0.jar with timestamp 1718787525422
[2024-06-19T08:58:46.073+0000] {docker.py:413} INFO - 24/06/19 08:58:46 INFO Utils: Fetching spark://localhost:33291/jars/org.apache.spark_spark-token-provider-kafka-0-10_2.12-3.5.0.jar to /tmp/spark-cc9109bc-36d4-441e-a2db-ee4c686517b1/userFiles-023e5754-0547-49d9-8213-2ff86be569a6/fetchFileTemp5505432060633029941.tmp
[2024-06-19T08:58:46.074+0000] {docker.py:413} INFO - 24/06/19 08:58:46 INFO Utils: /tmp/spark-cc9109bc-36d4-441e-a2db-ee4c686517b1/userFiles-023e5754-0547-49d9-8213-2ff86be569a6/fetchFileTemp5505432060633029941.tmp has been previously copied to /tmp/spark-cc9109bc-36d4-441e-a2db-ee4c686517b1/userFiles-023e5754-0547-49d9-8213-2ff86be569a6/org.apache.spark_spark-token-provider-kafka-0-10_2.12-3.5.0.jar
[2024-06-19T08:58:46.075+0000] {docker.py:413} INFO - 24/06/19 08:58:46 INFO Executor: Adding file:/tmp/spark-cc9109bc-36d4-441e-a2db-ee4c686517b1/userFiles-023e5754-0547-49d9-8213-2ff86be569a6/org.apache.spark_spark-token-provider-kafka-0-10_2.12-3.5.0.jar to class loader default
[2024-06-19T08:58:46.075+0000] {docker.py:413} INFO - 24/06/19 08:58:46 INFO Executor: Fetching spark://localhost:33291/jars/org.apache.hadoop_hadoop-client-runtime-3.3.4.jar with timestamp 1718787525422
[2024-06-19T08:58:46.075+0000] {docker.py:413} INFO - 24/06/19 08:58:46 INFO Utils: Fetching spark://localhost:33291/jars/org.apache.hadoop_hadoop-client-runtime-3.3.4.jar to /tmp/spark-cc9109bc-36d4-441e-a2db-ee4c686517b1/userFiles-023e5754-0547-49d9-8213-2ff86be569a6/fetchFileTemp11427554759060991440.tmp
[2024-06-19T08:58:46.117+0000] {docker.py:413} INFO - 24/06/19 08:58:46 INFO Utils: /tmp/spark-cc9109bc-36d4-441e-a2db-ee4c686517b1/userFiles-023e5754-0547-49d9-8213-2ff86be569a6/fetchFileTemp11427554759060991440.tmp has been previously copied to /tmp/spark-cc9109bc-36d4-441e-a2db-ee4c686517b1/userFiles-023e5754-0547-49d9-8213-2ff86be569a6/org.apache.hadoop_hadoop-client-runtime-3.3.4.jar
[2024-06-19T08:58:46.120+0000] {docker.py:413} INFO - 24/06/19 08:58:46 INFO Executor: Adding file:/tmp/spark-cc9109bc-36d4-441e-a2db-ee4c686517b1/userFiles-023e5754-0547-49d9-8213-2ff86be569a6/org.apache.hadoop_hadoop-client-runtime-3.3.4.jar to class loader default
24/06/19 08:58:46 INFO Executor: Fetching spark://localhost:33291/jars/org.apache.spark_spark-sql-kafka-0-10_2.12-3.5.0.jar with timestamp 1718787525422
[2024-06-19T08:58:46.121+0000] {docker.py:413} INFO - 24/06/19 08:58:46 INFO Utils: Fetching spark://localhost:33291/jars/org.apache.spark_spark-sql-kafka-0-10_2.12-3.5.0.jar to /tmp/spark-cc9109bc-36d4-441e-a2db-ee4c686517b1/userFiles-023e5754-0547-49d9-8213-2ff86be569a6/fetchFileTemp9372215422570603764.tmp
[2024-06-19T08:58:46.121+0000] {docker.py:413} INFO - 24/06/19 08:58:46 INFO Utils: /tmp/spark-cc9109bc-36d4-441e-a2db-ee4c686517b1/userFiles-023e5754-0547-49d9-8213-2ff86be569a6/fetchFileTemp9372215422570603764.tmp has been previously copied to /tmp/spark-cc9109bc-36d4-441e-a2db-ee4c686517b1/userFiles-023e5754-0547-49d9-8213-2ff86be569a6/org.apache.spark_spark-sql-kafka-0-10_2.12-3.5.0.jar
[2024-06-19T08:58:46.123+0000] {docker.py:413} INFO - 24/06/19 08:58:46 INFO Executor: Adding file:/tmp/spark-cc9109bc-36d4-441e-a2db-ee4c686517b1/userFiles-023e5754-0547-49d9-8213-2ff86be569a6/org.apache.spark_spark-sql-kafka-0-10_2.12-3.5.0.jar to class loader default
[2024-06-19T08:58:46.123+0000] {docker.py:413} INFO - 24/06/19 08:58:46 INFO Executor: Fetching spark://localhost:33291/jars/commons-logging_commons-logging-1.1.3.jar with timestamp 1718787525422
[2024-06-19T08:58:46.123+0000] {docker.py:413} INFO - 24/06/19 08:58:46 INFO Utils: Fetching spark://localhost:33291/jars/commons-logging_commons-logging-1.1.3.jar to /tmp/spark-cc9109bc-36d4-441e-a2db-ee4c686517b1/userFiles-023e5754-0547-49d9-8213-2ff86be569a6/fetchFileTemp11531498078458858583.tmp
[2024-06-19T08:58:46.124+0000] {docker.py:413} INFO - 24/06/19 08:58:46 INFO Utils: /tmp/spark-cc9109bc-36d4-441e-a2db-ee4c686517b1/userFiles-023e5754-0547-49d9-8213-2ff86be569a6/fetchFileTemp11531498078458858583.tmp has been previously copied to /tmp/spark-cc9109bc-36d4-441e-a2db-ee4c686517b1/userFiles-023e5754-0547-49d9-8213-2ff86be569a6/commons-logging_commons-logging-1.1.3.jar
[2024-06-19T08:58:46.125+0000] {docker.py:413} INFO - 24/06/19 08:58:46 INFO Executor: Adding file:/tmp/spark-cc9109bc-36d4-441e-a2db-ee4c686517b1/userFiles-023e5754-0547-49d9-8213-2ff86be569a6/commons-logging_commons-logging-1.1.3.jar to class loader default
[2024-06-19T08:58:46.125+0000] {docker.py:413} INFO - 24/06/19 08:58:46 INFO Executor: Fetching spark://localhost:33291/jars/org.xerial.snappy_snappy-java-1.1.10.3.jar with timestamp 1718787525422
[2024-06-19T08:58:46.126+0000] {docker.py:413} INFO - 24/06/19 08:58:46 INFO Utils: Fetching spark://localhost:33291/jars/org.xerial.snappy_snappy-java-1.1.10.3.jar to /tmp/spark-cc9109bc-36d4-441e-a2db-ee4c686517b1/userFiles-023e5754-0547-49d9-8213-2ff86be569a6/fetchFileTemp15237191821374536936.tmp
[2024-06-19T08:58:46.128+0000] {docker.py:413} INFO - 24/06/19 08:58:46 INFO Utils: /tmp/spark-cc9109bc-36d4-441e-a2db-ee4c686517b1/userFiles-023e5754-0547-49d9-8213-2ff86be569a6/fetchFileTemp15237191821374536936.tmp has been previously copied to /tmp/spark-cc9109bc-36d4-441e-a2db-ee4c686517b1/userFiles-023e5754-0547-49d9-8213-2ff86be569a6/org.xerial.snappy_snappy-java-1.1.10.3.jar
[2024-06-19T08:58:46.130+0000] {docker.py:413} INFO - 24/06/19 08:58:46 INFO Executor: Adding file:/tmp/spark-cc9109bc-36d4-441e-a2db-ee4c686517b1/userFiles-023e5754-0547-49d9-8213-2ff86be569a6/org.xerial.snappy_snappy-java-1.1.10.3.jar to class loader default
[2024-06-19T08:58:46.134+0000] {docker.py:413} INFO - 24/06/19 08:58:46 INFO Utils: Successfully started service 'org.apache.spark.network.netty.NettyBlockTransferService' on port 35371.
[2024-06-19T08:58:46.134+0000] {docker.py:413} INFO - 24/06/19 08:58:46 INFO NettyBlockTransferService: Server created on localhost:35371
[2024-06-19T08:58:46.135+0000] {docker.py:413} INFO - 24/06/19 08:58:46 INFO BlockManager: Using org.apache.spark.storage.RandomBlockReplicationPolicy for block replication policy
[2024-06-19T08:58:46.138+0000] {docker.py:413} INFO - 24/06/19 08:58:46 INFO BlockManagerMaster: Registering BlockManager BlockManagerId(driver, localhost, 35371, None)
[2024-06-19T08:58:46.140+0000] {docker.py:413} INFO - 24/06/19 08:58:46 INFO BlockManagerMasterEndpoint: Registering block manager localhost:35371 with 434.4 MiB RAM, BlockManagerId(driver, localhost, 35371, None)
[2024-06-19T08:58:46.141+0000] {docker.py:413} INFO - 24/06/19 08:58:46 INFO BlockManagerMaster: Registered BlockManager BlockManagerId(driver, localhost, 35371, None)
[2024-06-19T08:58:46.141+0000] {docker.py:413} INFO - 24/06/19 08:58:46 INFO BlockManager: Initialized BlockManager: BlockManagerId(driver, localhost, 35371, None)
[2024-06-19T08:58:46.362+0000] {docker.py:413} INFO - 2024-06-19 08:58:46,355:create_spark_session:INFO:Spark session created successfully
[2024-06-19T08:58:46.363+0000] {docker.py:413} INFO - 24/06/19 08:58:46 INFO SharedState: Setting hive.metastore.warehouse.dir ('null') to the value of spark.sql.warehouse.dir.
[2024-06-19T08:58:46.366+0000] {docker.py:413} INFO - 24/06/19 08:58:46 INFO SharedState: Warehouse path is 'file:/opt/bitnami/spark/spark-warehouse'.
[2024-06-19T08:58:47.288+0000] {docker.py:413} INFO - 2024-06-19 08:58:47,287:create_initial_dataframe:INFO:Initial dataframe created successfully
[2024-06-19T08:58:47.308+0000] {docker.py:413} INFO - 2024-06-19 08:58:47,307:create_initial_dataframe:INFO:Initial dataframe created successfully
[2024-06-19T08:58:47.320+0000] {docker.py:413} INFO - 2024-06-19 08:58:47,319:create_initial_dataframe:INFO:Initial dataframe created successfully
[2024-06-19T08:58:47.543+0000] {docker.py:413} INFO - 24/06/19 08:58:47 WARN SparkStringUtils: Truncated the string representation of a plan since it was too large. This behavior can be adjusted by setting 'spark.sql.debug.maxToStringFields'.
[2024-06-19T08:58:47.677+0000] {docker.py:413} INFO - 2024-06-19 08:58:47,676:start_streaming:INFO:Start streaming into {keys}
[2024-06-19T08:58:47.905+0000] {docker.py:413} INFO - Traceback (most recent call last):
  File "/opt/bitnami/spark/spark_streaming.py", line 153, in <module>
    write_to_postgres()
  File "/opt/bitnami/spark/spark_streaming.py", line 149, in write_to_postgres
    start_streaming(df_final, spark=spark)
[2024-06-19T08:58:47.907+0000] {docker.py:413} INFO - File "/opt/bitnami/spark/spark_streaming.py", line 137, in start_streaming
[2024-06-19T08:58:47.909+0000] {docker.py:413} INFO - query = df.write.jdbc(
            ^^^^^^^^
  File "/opt/bitnami/spark/python/lib/pyspark.zip/pyspark/sql/dataframe.py", line 509, in write
[2024-06-19T08:58:47.910+0000] {docker.py:413} INFO - File "/opt/bitnami/spark/python/lib/pyspark.zip/pyspark/sql/readwriter.py", line 964, in __init__
[2024-06-19T08:58:47.911+0000] {docker.py:413} INFO - File "/opt/bitnami/spark/python/lib/py4j-0.10.9.7-src.zip/py4j/java_gateway.py", line 1322, in __call__
[2024-06-19T08:58:47.912+0000] {docker.py:413} INFO - File "/opt/bitnami/spark/python/lib/pyspark.zip/pyspark/errors/exceptions/captured.py", line 185, in deco
[2024-06-19T08:58:47.915+0000] {docker.py:413} INFO - pyspark.errors.exceptions.captured
[2024-06-19T08:58:47.915+0000] {docker.py:413} INFO - .AnalysisException
[2024-06-19T08:58:47.917+0000] {docker.py:413} INFO - : [CALL_ON_STREAMING_DATASET_UNSUPPORTED] The method `write` can not be called on streaming Dataset/DataFrame.
[2024-06-19T08:58:47.920+0000] {docker.py:413} INFO - 2024-06-19 08:58:47,916:close:INFO:Closing down clientserver connection
[2024-06-19T08:58:47.960+0000] {docker.py:413} INFO - 24/06/19 08:58:47 INFO SparkContext: Invoking stop() from shutdown hook
[2024-06-19T08:58:47.961+0000] {docker.py:413} INFO - 24/06/19 08:58:47 INFO SparkContext: SparkContext is stopping with exitCode 0.
[2024-06-19T08:58:47.980+0000] {docker.py:413} INFO - 24/06/19 08:58:47 INFO SparkUI: Stopped Spark web UI at http://localhost:4040
[2024-06-19T08:58:47.998+0000] {docker.py:413} INFO - 24/06/19 08:58:47 INFO MapOutputTrackerMasterEndpoint: MapOutputTrackerMasterEndpoint stopped!
[2024-06-19T08:58:48.023+0000] {docker.py:413} INFO - 24/06/19 08:58:48 INFO MemoryStore: MemoryStore cleared
[2024-06-19T08:58:48.024+0000] {docker.py:413} INFO - 24/06/19 08:58:48 INFO BlockManager: BlockManager stopped
[2024-06-19T08:58:48.029+0000] {docker.py:413} INFO - 24/06/19 08:58:48 INFO BlockManagerMaster: BlockManagerMaster stopped
[2024-06-19T08:58:48.036+0000] {docker.py:413} INFO - 24/06/19 08:58:48 INFO OutputCommitCoordinator$OutputCommitCoordinatorEndpoint: OutputCommitCoordinator stopped!
[2024-06-19T08:58:48.055+0000] {docker.py:413} INFO - 24/06/19 08:58:48 INFO SparkContext: Successfully stopped SparkContext
24/06/19 08:58:48 INFO ShutdownHookManager: Shutdown hook called
24/06/19 08:58:48 INFO ShutdownHookManager: Deleting directory /tmp/spark-4bd1efda-0745-445a-b1ec-ddf0fd4a62cb
[2024-06-19T08:58:48.061+0000] {docker.py:413} INFO - 24/06/19 08:58:48 INFO ShutdownHookManager: Deleting directory /tmp/spark-cc9109bc-36d4-441e-a2db-ee4c686517b1
[2024-06-19T08:58:48.063+0000] {docker.py:413} INFO - 24/06/19 08:58:48 INFO ShutdownHookManager: Deleting directory /tmp/spark-cc9109bc-36d4-441e-a2db-ee4c686517b1/pyspark-af7ed83b-d137-424c-b258-77324fb0a20e
[2024-06-19T08:58:48.491+0000] {taskinstance.py:1937} ERROR - Task failed with exception
Traceback (most recent call last):
  File "/home/airflow/.local/lib/python3.8/site-packages/docker/api/client.py", line 268, in _raise_for_status
    response.raise_for_status()
  File "/home/airflow/.local/lib/python3.8/site-packages/requests/models.py", line 1021, in raise_for_status
    raise HTTPError(http_error_msg, response=self)
requests.exceptions.HTTPError: 400 Client Error: Bad Request for url: http://docker-proxy:2375/v1.44/containers/create

The above exception was the direct cause of the following exception:

Traceback (most recent call last):
  File "/home/airflow/.local/lib/python3.8/site-packages/airflow/providers/docker/operators/docker.py", line 348, in _run_image
    return self._run_image_with_mounts([*self.mounts, tmp_mount], add_tmp_variable=True)
  File "/home/airflow/.local/lib/python3.8/site-packages/airflow/providers/docker/operators/docker.py", line 375, in _run_image_with_mounts
    self.container = self.cli.create_container(
  File "/home/airflow/.local/lib/python3.8/site-packages/docker/api/container.py", line 431, in create_container
    return self.create_container_from_config(config, name, platform)
  File "/home/airflow/.local/lib/python3.8/site-packages/docker/api/container.py", line 448, in create_container_from_config
    return self._result(res, True)
  File "/home/airflow/.local/lib/python3.8/site-packages/docker/api/client.py", line 274, in _result
    self._raise_for_status(response)
  File "/home/airflow/.local/lib/python3.8/site-packages/docker/api/client.py", line 270, in _raise_for_status
    raise create_api_error_from_http_exception(e) from e
  File "/home/airflow/.local/lib/python3.8/site-packages/docker/errors.py", line 39, in create_api_error_from_http_exception
    raise cls(e, response=response, explanation=explanation) from e
docker.errors.APIError: 400 Client Error for http://docker-proxy:2375/v1.44/containers/create: Bad Request ("invalid mount config for type "bind": bind source path does not exist: /host_mnt/private/tmp/airflowtmp09zdod0k")

During handling of the above exception, another exception occurred:

Traceback (most recent call last):
  File "/home/airflow/.local/lib/python3.8/site-packages/airflow/providers/docker/operators/docker.py", line 486, in execute
    return self._run_image()
  File "/home/airflow/.local/lib/python3.8/site-packages/airflow/providers/docker/operators/docker.py", line 357, in _run_image
    return self._run_image_with_mounts(self.mounts, add_tmp_variable=False)
  File "/home/airflow/.local/lib/python3.8/site-packages/airflow/providers/docker/operators/docker.py", line 421, in _run_image_with_mounts
    raise DockerContainerFailedException(f"Docker container failed: {result!r}", logs=log_lines)
airflow.providers.docker.exceptions.DockerContainerFailedException: Docker container failed: {'StatusCode': 1}
[2024-06-19T08:58:48.511+0000] {taskinstance.py:1400} INFO - Marking task as FAILED. dag_id=kafka_spark_dag, task_id=pyspark_consumer, execution_date=20240619T085658, start_date=20240619T085809, end_date=20240619T085848
[2024-06-19T08:58:48.524+0000] {standard_task_runner.py:104} ERROR - Failed to execute job 121 for task pyspark_consumer (Docker container failed: {'StatusCode': 1}; 1165)
[2024-06-19T08:58:48.560+0000] {local_task_job_runner.py:228} INFO - Task exited with return code 1
[2024-06-19T08:58:48.581+0000] {taskinstance.py:2778} INFO - 0 downstream tasks scheduled from follow-on schedule check
