[2024-06-19T08:57:11.012+0000] {taskinstance.py:1159} INFO - Dependencies all met for dep_context=non-requeueable deps ti=<TaskInstance: kafka_spark_dag.pyspark_consumer manual__2024-06-19T08:56:58.569093+00:00 [queued]>
[2024-06-19T08:57:11.030+0000] {taskinstance.py:1159} INFO - Dependencies all met for dep_context=requeueable deps ti=<TaskInstance: kafka_spark_dag.pyspark_consumer manual__2024-06-19T08:56:58.569093+00:00 [queued]>
[2024-06-19T08:57:11.031+0000] {taskinstance.py:1361} INFO - Starting attempt 1 of 2
[2024-06-19T08:57:11.050+0000] {taskinstance.py:1382} INFO - Executing <Task(DockerOperator): pyspark_consumer> on 2024-06-19 08:56:58.569093+00:00
[2024-06-19T08:57:11.061+0000] {standard_task_runner.py:57} INFO - Started process 728 to run task
[2024-06-19T08:57:11.067+0000] {standard_task_runner.py:84} INFO - Running: ['***', 'tasks', 'run', 'kafka_spark_dag', 'pyspark_consumer', 'manual__2024-06-19T08:56:58.569093+00:00', '--job-id', '119', '--raw', '--subdir', 'DAGS_FOLDER/dag_kafka_spark.py', '--cfg-path', '/tmp/tmpyx12eof7']
[2024-06-19T08:57:11.070+0000] {standard_task_runner.py:85} INFO - Job 119: Subtask pyspark_consumer
[2024-06-19T08:57:11.143+0000] {task_command.py:416} INFO - Running <TaskInstance: kafka_spark_dag.pyspark_consumer manual__2024-06-19T08:56:58.569093+00:00 [running]> on host 2ad9230613d5
[2024-06-19T08:57:11.265+0000] {taskinstance.py:1662} INFO - Exporting env vars: AIRFLOW_CTX_DAG_OWNER='***' AIRFLOW_CTX_DAG_ID='kafka_spark_dag' AIRFLOW_CTX_TASK_ID='pyspark_consumer' AIRFLOW_CTX_EXECUTION_DATE='2024-06-19T08:56:58.569093+00:00' AIRFLOW_CTX_TRY_NUMBER='1' AIRFLOW_CTX_DAG_RUN_ID='manual__2024-06-19T08:56:58.569093+00:00'
[2024-06-19T08:57:11.449+0000] {docker.py:343} INFO - Starting docker container from image rappel-conso/spark:latest
[2024-06-19T08:57:11.541+0000] {docker.py:351} WARNING - Using remote engine or docker-in-docker and mounting temporary volume from host is not supported. Falling back to `mount_tmp_dir=False` mode. You can set `mount_tmp_dir` parameter to False to disable mounting and remove the warning
[2024-06-19T08:57:12.756+0000] {docker.py:413} INFO - [38;5;6mspark [38;5;5m08:57:12.74 [0m[38;5;2mINFO [0m ==> 
[38;5;6mspark [38;5;5m08:57:12.75 [0m[38;5;2mINFO [0m ==> [1mWelcome to the Bitnami spark container[0m
[2024-06-19T08:57:12.764+0000] {docker.py:413} INFO - [38;5;6mspark [38;5;5m08:57:12.75 [0m[38;5;2mINFO [0m ==> Subscribe to project updates by watching [1mhttps://github.com/bitnami/containers[0m
[2024-06-19T08:57:12.769+0000] {docker.py:413} INFO - [38;5;6mspark [38;5;5m08:57:12.75 [0m[38;5;2mINFO [0m ==> Submit issues and feature requests at [1mhttps://github.com/bitnami/containers/issues[0m
[2024-06-19T08:57:12.770+0000] {docker.py:413} INFO - [38;5;6mspark [38;5;5m08:57:12.76 [0m[38;5;2mINFO [0m ==>
[2024-06-19T08:57:12.784+0000] {docker.py:413} INFO - 
[2024-06-19T08:57:17.029+0000] {docker.py:413} INFO - :: loading settings :: url = jar:file:/opt/bitnami/spark/jars/ivy-2.5.1.jar!/org/apache/ivy/core/settings/ivysettings.xml
[2024-06-19T08:57:17.169+0000] {docker.py:413} INFO - Ivy Default Cache set to: /opt/bitnami/spark/.ivy2/cache
The jars for the packages stored in: /opt/bitnami/spark/.ivy2/jars
[2024-06-19T08:57:17.405+0000] {docker.py:413} INFO - org.postgresql#postgresql added as a dependency
org.apache.spark#spark-sql-kafka-0-10_2.12 added as a dependency
[2024-06-19T08:57:17.440+0000] {docker.py:413} INFO - :: resolving dependencies :: org.apache.spark#spark-submit-parent-1257caf1-c666-4eb0-8740-02d0b2a0010a;1.0
	confs: [default]
[2024-06-19T08:57:20.025+0000] {docker.py:413} INFO - found org.postgresql#postgresql;42.5.4 in central
[2024-06-19T08:57:20.546+0000] {docker.py:413} INFO - found org.checkerframework#checker-qual;3.5.0 in central
[2024-06-19T08:57:25.328+0000] {docker.py:413} INFO - found org.apache.spark#spark-sql-kafka-0-10_2.12;3.5.0 in central
[2024-06-19T08:57:26.559+0000] {docker.py:413} INFO - found org.apache.spark#spark-token-provider-kafka-0-10_2.12;3.5.0 in central
[2024-06-19T08:57:27.259+0000] {docker.py:413} INFO - found org.apache.kafka#kafka-clients;3.4.1 in central
[2024-06-19T08:57:27.781+0000] {docker.py:413} INFO - found org.lz4#lz4-java;1.8.0 in central
[2024-06-19T08:57:28.260+0000] {docker.py:413} INFO - found org.xerial.snappy#snappy-java;1.1.10.3 in central
[2024-06-19T08:57:30.627+0000] {docker.py:413} INFO - found org.slf4j#slf4j-api;2.0.7 in central
[2024-06-19T08:57:34.599+0000] {docker.py:413} INFO - found org.apache.hadoop#hadoop-client-runtime;3.3.4 in central
[2024-06-19T08:57:35.131+0000] {docker.py:413} INFO - found org.apache.hadoop#hadoop-client-api;3.3.4 in central
[2024-06-19T08:57:38.076+0000] {docker.py:413} INFO - found commons-logging#commons-logging;1.1.3 in central
[2024-06-19T08:57:38.539+0000] {docker.py:413} INFO - found com.google.code.findbugs#jsr305;3.0.0 in central
[2024-06-19T08:57:44.653+0000] {docker.py:413} INFO - found org.apache.commons#commons-pool2;2.11.1 in central
[2024-06-19T08:57:44.882+0000] {docker.py:413} INFO - downloading https://repo1.maven.org/maven2/org/postgresql/postgresql/42.5.4/postgresql-42.5.4.jar ...
[2024-06-19T08:57:45.708+0000] {docker.py:413} INFO - [SUCCESSFUL ] org.postgresql#postgresql;42.5.4!postgresql.jar (1047ms)
[2024-06-19T08:57:45.937+0000] {docker.py:413} INFO - downloading https://repo1.maven.org/maven2/org/apache/spark/spark-sql-kafka-0-10_2.12/3.5.0/spark-sql-kafka-0-10_2.12-3.5.0.jar ...
[2024-06-19T08:57:46.209+0000] {docker.py:413} INFO - [SUCCESSFUL ] org.apache.spark#spark-sql-kafka-0-10_2.12;3.5.0!spark-sql-kafka-0-10_2.12.jar (500ms)
[2024-06-19T08:57:46.432+0000] {docker.py:413} INFO - downloading https://repo1.maven.org/maven2/org/checkerframework/checker-qual/3.5.0/checker-qual-3.5.0.jar ...
[2024-06-19T08:57:46.680+0000] {docker.py:413} INFO - [SUCCESSFUL ] org.checkerframework#checker-qual;3.5.0!checker-qual.jar (468ms)
[2024-06-19T08:57:46.900+0000] {docker.py:413} INFO - downloading https://repo1.maven.org/maven2/org/apache/spark/spark-token-provider-kafka-0-10_2.12/3.5.0/spark-token-provider-kafka-0-10_2.12-3.5.0.jar ...
[2024-06-19T08:57:47.131+0000] {docker.py:413} INFO - [SUCCESSFUL ] org.apache.spark#spark-token-provider-kafka-0-10_2.12;3.5.0!spark-token-provider-kafka-0-10_2.12.jar (452ms)
[2024-06-19T08:57:47.357+0000] {docker.py:413} INFO - downloading https://repo1.maven.org/maven2/org/apache/kafka/kafka-clients/3.4.1/kafka-clients-3.4.1.jar ...
[2024-06-19T08:57:48.143+0000] {docker.py:413} INFO - [SUCCESSFUL ] org.apache.kafka#kafka-clients;3.4.1!kafka-clients.jar (1011ms)
[2024-06-19T08:57:48.367+0000] {docker.py:413} INFO - downloading https://repo1.maven.org/maven2/com/google/code/findbugs/jsr305/3.0.0/jsr305-3.0.0.jar ...
[2024-06-19T08:57:48.597+0000] {docker.py:413} INFO - [SUCCESSFUL ] com.google.code.findbugs#jsr305;3.0.0!jsr305.jar (449ms)
[2024-06-19T08:57:48.821+0000] {docker.py:413} INFO - downloading https://repo1.maven.org/maven2/org/apache/commons/commons-pool2/2.11.1/commons-pool2-2.11.1.jar ...
[2024-06-19T08:57:49.055+0000] {docker.py:413} INFO - [SUCCESSFUL ] org.apache.commons#commons-pool2;2.11.1!commons-pool2.jar (455ms)
[2024-06-19T08:57:49.277+0000] {docker.py:413} INFO - downloading https://repo1.maven.org/maven2/org/apache/hadoop/hadoop-client-runtime/3.3.4/hadoop-client-runtime-3.3.4.jar ...
[2024-06-19T08:57:53.515+0000] {docker.py:413} INFO - [SUCCESSFUL ] org.apache.hadoop#hadoop-client-runtime;3.3.4!hadoop-client-runtime.jar (4462ms)
[2024-06-19T08:57:53.747+0000] {docker.py:413} INFO - downloading https://repo1.maven.org/maven2/org/lz4/lz4-java/1.8.0/lz4-java-1.8.0.jar ...
[2024-06-19T08:57:54.043+0000] {docker.py:413} INFO - [SUCCESSFUL ] org.lz4#lz4-java;1.8.0!lz4-java.jar (525ms)
[2024-06-19T08:57:54.268+0000] {docker.py:413} INFO - downloading https://repo1.maven.org/maven2/org/xerial/snappy/snappy-java/1.1.10.3/snappy-java-1.1.10.3.jar ...
[2024-06-19T08:57:54.751+0000] {docker.py:413} INFO - [SUCCESSFUL ] org.xerial.snappy#snappy-java;1.1.10.3!snappy-java.jar(bundle) (705ms)
[2024-06-19T08:57:54.975+0000] {docker.py:413} INFO - downloading https://repo1.maven.org/maven2/org/slf4j/slf4j-api/2.0.7/slf4j-api-2.0.7.jar ...
[2024-06-19T08:57:55.212+0000] {docker.py:413} INFO - [SUCCESSFUL ] org.slf4j#slf4j-api;2.0.7!slf4j-api.jar (458ms)
[2024-06-19T08:57:55.437+0000] {docker.py:413} INFO - downloading https://repo1.maven.org/maven2/org/apache/hadoop/hadoop-client-api/3.3.4/hadoop-client-api-3.3.4.jar ...
[2024-06-19T08:57:58.012+0000] {docker.py:413} INFO - [SUCCESSFUL ] org.apache.hadoop#hadoop-client-api;3.3.4!hadoop-client-api.jar (2798ms)
[2024-06-19T08:57:58.240+0000] {docker.py:413} INFO - downloading https://repo1.maven.org/maven2/commons-logging/commons-logging/1.1.3/commons-logging-1.1.3.jar ...
[2024-06-19T08:57:58.468+0000] {docker.py:413} INFO - [SUCCESSFUL ] commons-logging#commons-logging;1.1.3!commons-logging.jar (455ms)
[2024-06-19T08:57:58.469+0000] {docker.py:413} INFO - :: resolution report :: resolve 27490ms :: artifacts dl 13809ms
[2024-06-19T08:57:58.469+0000] {docker.py:413} INFO - :: modules in use:
[2024-06-19T08:57:58.470+0000] {docker.py:413} INFO - com.google.code.findbugs#jsr305;3.0.0 from central in [default]
[2024-06-19T08:57:58.471+0000] {docker.py:413} INFO - commons-logging#commons-logging;1.1.3 from central in [default]
	org.apache.commons#commons-pool2;2.11.1 from central in [default]
	org.apache.hadoop#hadoop-client-api;3.3.4 from central in [default]
	org.apache.hadoop#hadoop-client-runtime;3.3.4 from central in [default]
[2024-06-19T08:57:58.471+0000] {docker.py:413} INFO - org.apache.kafka#kafka-clients;3.4.1 from central in [default]
	org.apache.spark#spark-sql-kafka-0-10_2.12;3.5.0 from central in [default]
	org.apache.spark#spark-token-provider-kafka-0-10_2.12;3.5.0 from central in [default]
	org.checkerframework#checker-qual;3.5.0 from central in [default]
	org.lz4#lz4-java;1.8.0 from central in [default]
	org.postgresql#postgresql;42.5.4 from central in [default]
	org.slf4j#slf4j-api;2.0.7 from central in [default]
	org.xerial.snappy#snappy-java;1.1.10.3 from central in [default]
	---------------------------------------------------------------------
	|                  |            modules            ||   artifacts   |
	|       conf       | number| search|dwnlded|evicted|| number|dwnlded|
[2024-06-19T08:57:58.472+0000] {docker.py:413} INFO - ---------------------------------------------------------------------
[2024-06-19T08:57:58.473+0000] {docker.py:413} INFO - |      default     |   13  |   13  |   13  |   0   ||   13  |   13  |
	---------------------------------------------------------------------
[2024-06-19T08:57:58.475+0000] {docker.py:413} INFO - :: retrieving :: org.apache.spark#spark-submit-parent-1257caf1-c666-4eb0-8740-02d0b2a0010a
	confs: [default]
[2024-06-19T08:57:58.735+0000] {docker.py:413} INFO - 13 artifacts copied, 0 already retrieved (58001kB/259ms)
[2024-06-19T08:57:58.921+0000] {docker.py:413} INFO - 24/06/19 08:57:58 WARN NativeCodeLoader: Unable to load native-hadoop library for your platform... using builtin-java classes where applicable
[2024-06-19T08:57:59.730+0000] {docker.py:413} INFO - 24/06/19 08:57:59 INFO SparkContext: Running Spark version 3.5.0
[2024-06-19T08:57:59.730+0000] {docker.py:413} INFO - 24/06/19 08:57:59 INFO SparkContext: OS info Linux, 6.6.12-linuxkit, aarch64
[2024-06-19T08:57:59.730+0000] {docker.py:413} INFO - 24/06/19 08:57:59 INFO SparkContext: Java version 17.0.10
[2024-06-19T08:57:59.743+0000] {docker.py:413} INFO - 24/06/19 08:57:59 INFO ResourceUtils: ==============================================================
[2024-06-19T08:57:59.744+0000] {docker.py:413} INFO - 24/06/19 08:57:59 INFO ResourceUtils: No custom resources configured for spark.driver.
[2024-06-19T08:57:59.745+0000] {docker.py:413} INFO - 24/06/19 08:57:59 INFO ResourceUtils: ==============================================================
[2024-06-19T08:57:59.746+0000] {docker.py:413} INFO - 24/06/19 08:57:59 INFO SparkContext: Submitted application: PostgreSQL Connection with PySpark
[2024-06-19T08:57:59.757+0000] {docker.py:413} INFO - 24/06/19 08:57:59 INFO ResourceProfile: Default ResourceProfile created, executor resources: Map(cores -> name: cores, amount: 1, script: , vendor: , memory -> name: memory, amount: 1024, script: , vendor: , offHeap -> name: offHeap, amount: 0, script: , vendor: ), task resources: Map(cpus -> name: cpus, amount: 1.0)
[2024-06-19T08:57:59.762+0000] {docker.py:413} INFO - 24/06/19 08:57:59 INFO ResourceProfile: Limiting resource is cpu
[2024-06-19T08:57:59.762+0000] {docker.py:413} INFO - 24/06/19 08:57:59 INFO ResourceProfileManager: Added ResourceProfile id: 0
[2024-06-19T08:57:59.794+0000] {docker.py:413} INFO - 24/06/19 08:57:59 INFO SecurityManager: Changing view acls to: spark
[2024-06-19T08:57:59.794+0000] {docker.py:413} INFO - 24/06/19 08:57:59 INFO SecurityManager: Changing modify acls to: spark
[2024-06-19T08:57:59.795+0000] {docker.py:413} INFO - 24/06/19 08:57:59 INFO SecurityManager: Changing view acls groups to:
[2024-06-19T08:57:59.795+0000] {docker.py:413} INFO - 24/06/19 08:57:59 INFO SecurityManager: Changing modify acls groups to: 
24/06/19 08:57:59 INFO SecurityManager: SecurityManager: authentication disabled; ui acls disabled; users with view permissions: spark; groups with view permissions: EMPTY; users with modify permissions: spark; groups with modify permissions: EMPTY
[2024-06-19T08:57:59.937+0000] {docker.py:413} INFO - 24/06/19 08:57:59 INFO Utils: Successfully started service 'sparkDriver' on port 44505.
[2024-06-19T08:57:59.952+0000] {docker.py:413} INFO - 24/06/19 08:57:59 INFO SparkEnv: Registering MapOutputTracker
[2024-06-19T08:57:59.975+0000] {docker.py:413} INFO - 24/06/19 08:57:59 INFO SparkEnv: Registering BlockManagerMaster
[2024-06-19T08:57:59.986+0000] {docker.py:413} INFO - 24/06/19 08:57:59 INFO BlockManagerMasterEndpoint: Using org.apache.spark.storage.DefaultTopologyMapper for getting topology information
[2024-06-19T08:57:59.986+0000] {docker.py:413} INFO - 24/06/19 08:57:59 INFO BlockManagerMasterEndpoint: BlockManagerMasterEndpoint up
[2024-06-19T08:57:59.993+0000] {docker.py:413} INFO - 24/06/19 08:57:59 INFO SparkEnv: Registering BlockManagerMasterHeartbeat
[2024-06-19T08:58:00.002+0000] {docker.py:413} INFO - 24/06/19 08:58:00 INFO DiskBlockManager: Created local directory at /tmp/blockmgr-0d57b695-b145-40c5-bbad-27902c7e1657
[2024-06-19T08:58:00.013+0000] {docker.py:413} INFO - 24/06/19 08:58:00 INFO MemoryStore: MemoryStore started with capacity 434.4 MiB
[2024-06-19T08:58:00.023+0000] {docker.py:413} INFO - 24/06/19 08:58:00 INFO SparkEnv: Registering OutputCommitCoordinator
[2024-06-19T08:58:00.105+0000] {docker.py:413} INFO - 24/06/19 08:58:00 INFO JettyUtils: Start Jetty 0.0.0.0:4040 for SparkUI
[2024-06-19T08:58:00.156+0000] {docker.py:413} INFO - 24/06/19 08:58:00 INFO Utils: Successfully started service 'SparkUI' on port 4040.
[2024-06-19T08:58:00.191+0000] {docker.py:413} INFO - 24/06/19 08:58:00 INFO SparkContext: Added JAR file:///opt/bitnami/spark/.ivy2/jars/org.postgresql_postgresql-42.5.4.jar at spark://localhost:44505/jars/org.postgresql_postgresql-42.5.4.jar with timestamp 1718787479724
24/06/19 08:58:00 INFO SparkContext: Added JAR file:///opt/bitnami/spark/.ivy2/jars/org.apache.spark_spark-sql-kafka-0-10_2.12-3.5.0.jar at spark://localhost:44505/jars/org.apache.spark_spark-sql-kafka-0-10_2.12-3.5.0.jar with timestamp 1718787479724
24/06/19 08:58:00 INFO SparkContext: Added JAR file:///opt/bitnami/spark/.ivy2/jars/org.checkerframework_checker-qual-3.5.0.jar at spark://localhost:44505/jars/org.checkerframework_checker-qual-3.5.0.jar with timestamp 1718787479724
24/06/19 08:58:00 INFO SparkContext: Added JAR file:///opt/bitnami/spark/.ivy2/jars/org.apache.spark_spark-token-provider-kafka-0-10_2.12-3.5.0.jar at spark://localhost:44505/jars/org.apache.spark_spark-token-provider-kafka-0-10_2.12-3.5.0.jar with timestamp 1718787479724
24/06/19 08:58:00 INFO SparkContext: Added JAR file:///opt/bitnami/spark/.ivy2/jars/org.apache.kafka_kafka-clients-3.4.1.jar at spark://localhost:44505/jars/org.apache.kafka_kafka-clients-3.4.1.jar with timestamp 1718787479724
24/06/19 08:58:00 INFO SparkContext: Added JAR file:///opt/bitnami/spark/.ivy2/jars/com.google.code.findbugs_jsr305-3.0.0.jar at spark://localhost:44505/jars/com.google.code.findbugs_jsr305-3.0.0.jar with timestamp 1718787479724
24/06/19 08:58:00 INFO SparkContext: Added JAR file:///opt/bitnami/spark/.ivy2/jars/org.apache.commons_commons-pool2-2.11.1.jar at spark://localhost:44505/jars/org.apache.commons_commons-pool2-2.11.1.jar with timestamp 1718787479724
24/06/19 08:58:00 INFO SparkContext: Added JAR file:///opt/bitnami/spark/.ivy2/jars/org.apache.hadoop_hadoop-client-runtime-3.3.4.jar at spark://localhost:44505/jars/org.apache.hadoop_hadoop-client-runtime-3.3.4.jar with timestamp 1718787479724
24/06/19 08:58:00 INFO SparkContext: Added JAR file:///opt/bitnami/spark/.ivy2/jars/org.lz4_lz4-java-1.8.0.jar at spark://localhost:44505/jars/org.lz4_lz4-java-1.8.0.jar with timestamp 1718787479724
24/06/19 08:58:00 INFO SparkContext: Added JAR file:///opt/bitnami/spark/.ivy2/jars/org.xerial.snappy_snappy-java-1.1.10.3.jar at spark://localhost:44505/jars/org.xerial.snappy_snappy-java-1.1.10.3.jar with timestamp 1718787479724
24/06/19 08:58:00 INFO SparkContext: Added JAR file:///opt/bitnami/spark/.ivy2/jars/org.slf4j_slf4j-api-2.0.7.jar at spark://localhost:44505/jars/org.slf4j_slf4j-api-2.0.7.jar with timestamp 1718787479724
24/06/19 08:58:00 INFO SparkContext: Added JAR file:///opt/bitnami/spark/.ivy2/jars/org.apache.hadoop_hadoop-client-api-3.3.4.jar at spark://localhost:44505/jars/org.apache.hadoop_hadoop-client-api-3.3.4.jar with timestamp 1718787479724
24/06/19 08:58:00 INFO SparkContext: Added JAR file:///opt/bitnami/spark/.ivy2/jars/commons-logging_commons-logging-1.1.3.jar at spark://localhost:44505/jars/commons-logging_commons-logging-1.1.3.jar with timestamp 1718787479724
[2024-06-19T08:58:00.192+0000] {docker.py:413} INFO - 24/06/19 08:58:00 INFO SparkContext: Added file file:///opt/bitnami/spark/.ivy2/jars/org.postgresql_postgresql-42.5.4.jar at file:///opt/bitnami/spark/.ivy2/jars/org.postgresql_postgresql-42.5.4.jar with timestamp 1718787479724
[2024-06-19T08:58:00.193+0000] {docker.py:413} INFO - 24/06/19 08:58:00 INFO Utils: Copying /opt/bitnami/spark/.ivy2/jars/org.postgresql_postgresql-42.5.4.jar to /tmp/spark-6788c50b-1eec-4238-9bf3-2660a96ee648/userFiles-8f981b63-1aae-4ba1-9b07-d591d7cb033c/org.postgresql_postgresql-42.5.4.jar
[2024-06-19T08:58:00.204+0000] {docker.py:413} INFO - 24/06/19 08:58:00 INFO SparkContext: Added file file:///opt/bitnami/spark/.ivy2/jars/org.apache.spark_spark-sql-kafka-0-10_2.12-3.5.0.jar at file:///opt/bitnami/spark/.ivy2/jars/org.apache.spark_spark-sql-kafka-0-10_2.12-3.5.0.jar with timestamp 1718787479724
[2024-06-19T08:58:00.204+0000] {docker.py:413} INFO - 24/06/19 08:58:00 INFO Utils: Copying /opt/bitnami/spark/.ivy2/jars/org.apache.spark_spark-sql-kafka-0-10_2.12-3.5.0.jar to /tmp/spark-6788c50b-1eec-4238-9bf3-2660a96ee648/userFiles-8f981b63-1aae-4ba1-9b07-d591d7cb033c/org.apache.spark_spark-sql-kafka-0-10_2.12-3.5.0.jar
[2024-06-19T08:58:00.209+0000] {docker.py:413} INFO - 24/06/19 08:58:00 INFO SparkContext: Added file file:///opt/bitnami/spark/.ivy2/jars/org.checkerframework_checker-qual-3.5.0.jar at file:///opt/bitnami/spark/.ivy2/jars/org.checkerframework_checker-qual-3.5.0.jar with timestamp 1718787479724
[2024-06-19T08:58:00.209+0000] {docker.py:413} INFO - 24/06/19 08:58:00 INFO Utils: Copying /opt/bitnami/spark/.ivy2/jars/org.checkerframework_checker-qual-3.5.0.jar to /tmp/spark-6788c50b-1eec-4238-9bf3-2660a96ee648/userFiles-8f981b63-1aae-4ba1-9b07-d591d7cb033c/org.checkerframework_checker-qual-3.5.0.jar
[2024-06-19T08:58:00.213+0000] {docker.py:413} INFO - 24/06/19 08:58:00 INFO SparkContext: Added file file:///opt/bitnami/spark/.ivy2/jars/org.apache.spark_spark-token-provider-kafka-0-10_2.12-3.5.0.jar at file:///opt/bitnami/spark/.ivy2/jars/org.apache.spark_spark-token-provider-kafka-0-10_2.12-3.5.0.jar with timestamp 1718787479724
[2024-06-19T08:58:00.213+0000] {docker.py:413} INFO - 24/06/19 08:58:00 INFO Utils: Copying /opt/bitnami/spark/.ivy2/jars/org.apache.spark_spark-token-provider-kafka-0-10_2.12-3.5.0.jar to /tmp/spark-6788c50b-1eec-4238-9bf3-2660a96ee648/userFiles-8f981b63-1aae-4ba1-9b07-d591d7cb033c/org.apache.spark_spark-token-provider-kafka-0-10_2.12-3.5.0.jar
[2024-06-19T08:58:00.216+0000] {docker.py:413} INFO - 24/06/19 08:58:00 INFO SparkContext: Added file file:///opt/bitnami/spark/.ivy2/jars/org.apache.kafka_kafka-clients-3.4.1.jar at file:///opt/bitnami/spark/.ivy2/jars/org.apache.kafka_kafka-clients-3.4.1.jar with timestamp 1718787479724
[2024-06-19T08:58:00.216+0000] {docker.py:413} INFO - 24/06/19 08:58:00 INFO Utils: Copying /opt/bitnami/spark/.ivy2/jars/org.apache.kafka_kafka-clients-3.4.1.jar to /tmp/spark-6788c50b-1eec-4238-9bf3-2660a96ee648/userFiles-8f981b63-1aae-4ba1-9b07-d591d7cb033c/org.apache.kafka_kafka-clients-3.4.1.jar
[2024-06-19T08:58:00.222+0000] {docker.py:413} INFO - 24/06/19 08:58:00 INFO SparkContext: Added file file:///opt/bitnami/spark/.ivy2/jars/com.google.code.findbugs_jsr305-3.0.0.jar at file:///opt/bitnami/spark/.ivy2/jars/com.google.code.findbugs_jsr305-3.0.0.jar with timestamp 1718787479724
[2024-06-19T08:58:00.223+0000] {docker.py:413} INFO - 24/06/19 08:58:00 INFO Utils: Copying /opt/bitnami/spark/.ivy2/jars/com.google.code.findbugs_jsr305-3.0.0.jar to /tmp/spark-6788c50b-1eec-4238-9bf3-2660a96ee648/userFiles-8f981b63-1aae-4ba1-9b07-d591d7cb033c/com.google.code.findbugs_jsr305-3.0.0.jar
[2024-06-19T08:58:00.227+0000] {docker.py:413} INFO - 24/06/19 08:58:00 INFO SparkContext: Added file file:///opt/bitnami/spark/.ivy2/jars/org.apache.commons_commons-pool2-2.11.1.jar at file:///opt/bitnami/spark/.ivy2/jars/org.apache.commons_commons-pool2-2.11.1.jar with timestamp 1718787479724
[2024-06-19T08:58:00.227+0000] {docker.py:413} INFO - 24/06/19 08:58:00 INFO Utils: Copying /opt/bitnami/spark/.ivy2/jars/org.apache.commons_commons-pool2-2.11.1.jar to /tmp/spark-6788c50b-1eec-4238-9bf3-2660a96ee648/userFiles-8f981b63-1aae-4ba1-9b07-d591d7cb033c/org.apache.commons_commons-pool2-2.11.1.jar
[2024-06-19T08:58:00.232+0000] {docker.py:413} INFO - 24/06/19 08:58:00 INFO SparkContext: Added file file:///opt/bitnami/spark/.ivy2/jars/org.apache.hadoop_hadoop-client-runtime-3.3.4.jar at file:///opt/bitnami/spark/.ivy2/jars/org.apache.hadoop_hadoop-client-runtime-3.3.4.jar with timestamp 1718787479724
[2024-06-19T08:58:00.233+0000] {docker.py:413} INFO - 24/06/19 08:58:00 INFO Utils: Copying /opt/bitnami/spark/.ivy2/jars/org.apache.hadoop_hadoop-client-runtime-3.3.4.jar to /tmp/spark-6788c50b-1eec-4238-9bf3-2660a96ee648/userFiles-8f981b63-1aae-4ba1-9b07-d591d7cb033c/org.apache.hadoop_hadoop-client-runtime-3.3.4.jar
[2024-06-19T08:58:00.287+0000] {docker.py:413} INFO - 24/06/19 08:58:00 INFO SparkContext: Added file file:///opt/bitnami/spark/.ivy2/jars/org.lz4_lz4-java-1.8.0.jar at file:///opt/bitnami/spark/.ivy2/jars/org.lz4_lz4-java-1.8.0.jar with timestamp 1718787479724
[2024-06-19T08:58:00.287+0000] {docker.py:413} INFO - 24/06/19 08:58:00 INFO Utils: Copying /opt/bitnami/spark/.ivy2/jars/org.lz4_lz4-java-1.8.0.jar to /tmp/spark-6788c50b-1eec-4238-9bf3-2660a96ee648/userFiles-8f981b63-1aae-4ba1-9b07-d591d7cb033c/org.lz4_lz4-java-1.8.0.jar
[2024-06-19T08:58:00.292+0000] {docker.py:413} INFO - 24/06/19 08:58:00 INFO SparkContext: Added file file:///opt/bitnami/spark/.ivy2/jars/org.xerial.snappy_snappy-java-1.1.10.3.jar at file:///opt/bitnami/spark/.ivy2/jars/org.xerial.snappy_snappy-java-1.1.10.3.jar with timestamp 1718787479724
[2024-06-19T08:58:00.293+0000] {docker.py:413} INFO - 24/06/19 08:58:00 INFO Utils: Copying /opt/bitnami/spark/.ivy2/jars/org.xerial.snappy_snappy-java-1.1.10.3.jar to /tmp/spark-6788c50b-1eec-4238-9bf3-2660a96ee648/userFiles-8f981b63-1aae-4ba1-9b07-d591d7cb033c/org.xerial.snappy_snappy-java-1.1.10.3.jar
[2024-06-19T08:58:00.304+0000] {docker.py:413} INFO - 24/06/19 08:58:00 INFO SparkContext: Added file file:///opt/bitnami/spark/.ivy2/jars/org.slf4j_slf4j-api-2.0.7.jar at file:///opt/bitnami/spark/.ivy2/jars/org.slf4j_slf4j-api-2.0.7.jar with timestamp 1718787479724
[2024-06-19T08:58:00.304+0000] {docker.py:413} INFO - 24/06/19 08:58:00 INFO Utils: Copying /opt/bitnami/spark/.ivy2/jars/org.slf4j_slf4j-api-2.0.7.jar to /tmp/spark-6788c50b-1eec-4238-9bf3-2660a96ee648/userFiles-8f981b63-1aae-4ba1-9b07-d591d7cb033c/org.slf4j_slf4j-api-2.0.7.jar
[2024-06-19T08:58:00.306+0000] {docker.py:413} INFO - 24/06/19 08:58:00 INFO SparkContext: Added file file:///opt/bitnami/spark/.ivy2/jars/org.apache.hadoop_hadoop-client-api-3.3.4.jar at file:///opt/bitnami/spark/.ivy2/jars/org.apache.hadoop_hadoop-client-api-3.3.4.jar with timestamp 1718787479724
24/06/19 08:58:00 INFO Utils: Copying /opt/bitnami/spark/.ivy2/jars/org.apache.hadoop_hadoop-client-api-3.3.4.jar to /tmp/spark-6788c50b-1eec-4238-9bf3-2660a96ee648/userFiles-8f981b63-1aae-4ba1-9b07-d591d7cb033c/org.apache.hadoop_hadoop-client-api-3.3.4.jar
[2024-06-19T08:58:00.366+0000] {docker.py:413} INFO - 24/06/19 08:58:00 INFO SparkContext: Added file file:///opt/bitnami/spark/.ivy2/jars/commons-logging_commons-logging-1.1.3.jar at file:///opt/bitnami/spark/.ivy2/jars/commons-logging_commons-logging-1.1.3.jar with timestamp 1718787479724
[2024-06-19T08:58:00.366+0000] {docker.py:413} INFO - 24/06/19 08:58:00 INFO Utils: Copying /opt/bitnami/spark/.ivy2/jars/commons-logging_commons-logging-1.1.3.jar to /tmp/spark-6788c50b-1eec-4238-9bf3-2660a96ee648/userFiles-8f981b63-1aae-4ba1-9b07-d591d7cb033c/commons-logging_commons-logging-1.1.3.jar
[2024-06-19T08:58:00.425+0000] {docker.py:413} INFO - 24/06/19 08:58:00 INFO Executor: Starting executor ID driver on host localhost
[2024-06-19T08:58:00.425+0000] {docker.py:413} INFO - 24/06/19 08:58:00 INFO Executor: OS info Linux, 6.6.12-linuxkit, aarch64
[2024-06-19T08:58:00.426+0000] {docker.py:413} INFO - 24/06/19 08:58:00 INFO Executor: Java version 17.0.10
[2024-06-19T08:58:00.430+0000] {docker.py:413} INFO - 24/06/19 08:58:00 INFO Executor: Starting executor with user classpath (userClassPathFirst = false): ''
[2024-06-19T08:58:00.431+0000] {docker.py:413} INFO - 24/06/19 08:58:00 INFO Executor: Created or updated repl class loader org.apache.spark.util.MutableURLClassLoader@3487b9b3 for default.
[2024-06-19T08:58:00.440+0000] {docker.py:413} INFO - 24/06/19 08:58:00 INFO Executor: Fetching file:///opt/bitnami/spark/.ivy2/jars/org.apache.spark_spark-token-provider-kafka-0-10_2.12-3.5.0.jar with timestamp 1718787479724
[2024-06-19T08:58:00.452+0000] {docker.py:413} INFO - 24/06/19 08:58:00 INFO Utils: /opt/bitnami/spark/.ivy2/jars/org.apache.spark_spark-token-provider-kafka-0-10_2.12-3.5.0.jar has been previously copied to /tmp/spark-6788c50b-1eec-4238-9bf3-2660a96ee648/userFiles-8f981b63-1aae-4ba1-9b07-d591d7cb033c/org.apache.spark_spark-token-provider-kafka-0-10_2.12-3.5.0.jar
[2024-06-19T08:58:00.457+0000] {docker.py:413} INFO - 24/06/19 08:58:00 INFO Executor: Fetching file:///opt/bitnami/spark/.ivy2/jars/org.apache.hadoop_hadoop-client-runtime-3.3.4.jar with timestamp 1718787479724
[2024-06-19T08:58:00.476+0000] {docker.py:413} INFO - 24/06/19 08:58:00 INFO Utils: /opt/bitnami/spark/.ivy2/jars/org.apache.hadoop_hadoop-client-runtime-3.3.4.jar has been previously copied to /tmp/spark-6788c50b-1eec-4238-9bf3-2660a96ee648/userFiles-8f981b63-1aae-4ba1-9b07-d591d7cb033c/org.apache.hadoop_hadoop-client-runtime-3.3.4.jar
[2024-06-19T08:58:00.482+0000] {docker.py:413} INFO - 24/06/19 08:58:00 INFO Executor: Fetching file:///opt/bitnami/spark/.ivy2/jars/org.apache.commons_commons-pool2-2.11.1.jar with timestamp 1718787479724
[2024-06-19T08:58:00.483+0000] {docker.py:413} INFO - 24/06/19 08:58:00 INFO Utils: /opt/bitnami/spark/.ivy2/jars/org.apache.commons_commons-pool2-2.11.1.jar has been previously copied to /tmp/spark-6788c50b-1eec-4238-9bf3-2660a96ee648/userFiles-8f981b63-1aae-4ba1-9b07-d591d7cb033c/org.apache.commons_commons-pool2-2.11.1.jar
[2024-06-19T08:58:00.484+0000] {docker.py:413} INFO - 24/06/19 08:58:00 INFO Executor: Fetching file:///opt/bitnami/spark/.ivy2/jars/org.postgresql_postgresql-42.5.4.jar with timestamp 1718787479724
[2024-06-19T08:58:00.484+0000] {docker.py:413} INFO - 24/06/19 08:58:00 INFO Utils: /opt/bitnami/spark/.ivy2/jars/org.postgresql_postgresql-42.5.4.jar has been previously copied to /tmp/spark-6788c50b-1eec-4238-9bf3-2660a96ee648/userFiles-8f981b63-1aae-4ba1-9b07-d591d7cb033c/org.postgresql_postgresql-42.5.4.jar
[2024-06-19T08:58:00.488+0000] {docker.py:413} INFO - 24/06/19 08:58:00 INFO Executor: Fetching file:///opt/bitnami/spark/.ivy2/jars/org.slf4j_slf4j-api-2.0.7.jar with timestamp 1718787479724
[2024-06-19T08:58:00.489+0000] {docker.py:413} INFO - 24/06/19 08:58:00 INFO Utils: /opt/bitnami/spark/.ivy2/jars/org.slf4j_slf4j-api-2.0.7.jar has been previously copied to /tmp/spark-6788c50b-1eec-4238-9bf3-2660a96ee648/userFiles-8f981b63-1aae-4ba1-9b07-d591d7cb033c/org.slf4j_slf4j-api-2.0.7.jar
[2024-06-19T08:58:00.493+0000] {docker.py:413} INFO - 24/06/19 08:58:00 INFO Executor: Fetching file:///opt/bitnami/spark/.ivy2/jars/org.apache.kafka_kafka-clients-3.4.1.jar with timestamp 1718787479724
[2024-06-19T08:58:00.495+0000] {docker.py:413} INFO - 24/06/19 08:58:00 INFO Utils: /opt/bitnami/spark/.ivy2/jars/org.apache.kafka_kafka-clients-3.4.1.jar has been previously copied to /tmp/spark-6788c50b-1eec-4238-9bf3-2660a96ee648/userFiles-8f981b63-1aae-4ba1-9b07-d591d7cb033c/org.apache.kafka_kafka-clients-3.4.1.jar
[2024-06-19T08:58:00.499+0000] {docker.py:413} INFO - 24/06/19 08:58:00 INFO Executor: Fetching file:///opt/bitnami/spark/.ivy2/jars/com.google.code.findbugs_jsr305-3.0.0.jar with timestamp 1718787479724
[2024-06-19T08:58:00.500+0000] {docker.py:413} INFO - 24/06/19 08:58:00 INFO Utils: /opt/bitnami/spark/.ivy2/jars/com.google.code.findbugs_jsr305-3.0.0.jar has been previously copied to /tmp/spark-6788c50b-1eec-4238-9bf3-2660a96ee648/userFiles-8f981b63-1aae-4ba1-9b07-d591d7cb033c/com.google.code.findbugs_jsr305-3.0.0.jar
[2024-06-19T08:58:00.502+0000] {docker.py:413} INFO - 24/06/19 08:58:00 INFO Executor: Fetching file:///opt/bitnami/spark/.ivy2/jars/org.lz4_lz4-java-1.8.0.jar with timestamp 1718787479724
[2024-06-19T08:58:00.503+0000] {docker.py:413} INFO - 24/06/19 08:58:00 INFO Utils: /opt/bitnami/spark/.ivy2/jars/org.lz4_lz4-java-1.8.0.jar has been previously copied to /tmp/spark-6788c50b-1eec-4238-9bf3-2660a96ee648/userFiles-8f981b63-1aae-4ba1-9b07-d591d7cb033c/org.lz4_lz4-java-1.8.0.jar
[2024-06-19T08:58:00.504+0000] {docker.py:413} INFO - 24/06/19 08:58:00 INFO Executor: Fetching file:///opt/bitnami/spark/.ivy2/jars/org.apache.spark_spark-sql-kafka-0-10_2.12-3.5.0.jar with timestamp 1718787479724
[2024-06-19T08:58:00.505+0000] {docker.py:413} INFO - 24/06/19 08:58:00 INFO Utils: /opt/bitnami/spark/.ivy2/jars/org.apache.spark_spark-sql-kafka-0-10_2.12-3.5.0.jar has been previously copied to /tmp/spark-6788c50b-1eec-4238-9bf3-2660a96ee648/userFiles-8f981b63-1aae-4ba1-9b07-d591d7cb033c/org.apache.spark_spark-sql-kafka-0-10_2.12-3.5.0.jar
[2024-06-19T08:58:00.509+0000] {docker.py:413} INFO - 24/06/19 08:58:00 INFO Executor: Fetching file:///opt/bitnami/spark/.ivy2/jars/org.apache.hadoop_hadoop-client-api-3.3.4.jar with timestamp 1718787479724
[2024-06-19T08:58:00.516+0000] {docker.py:413} INFO - 24/06/19 08:58:00 INFO Utils: /opt/bitnami/spark/.ivy2/jars/org.apache.hadoop_hadoop-client-api-3.3.4.jar has been previously copied to /tmp/spark-6788c50b-1eec-4238-9bf3-2660a96ee648/userFiles-8f981b63-1aae-4ba1-9b07-d591d7cb033c/org.apache.hadoop_hadoop-client-api-3.3.4.jar
[2024-06-19T08:58:00.518+0000] {docker.py:413} INFO - 24/06/19 08:58:00 INFO Executor: Fetching file:///opt/bitnami/spark/.ivy2/jars/commons-logging_commons-logging-1.1.3.jar with timestamp 1718787479724
[2024-06-19T08:58:00.519+0000] {docker.py:413} INFO - 24/06/19 08:58:00 INFO Utils: /opt/bitnami/spark/.ivy2/jars/commons-logging_commons-logging-1.1.3.jar has been previously copied to /tmp/spark-6788c50b-1eec-4238-9bf3-2660a96ee648/userFiles-8f981b63-1aae-4ba1-9b07-d591d7cb033c/commons-logging_commons-logging-1.1.3.jar
[2024-06-19T08:58:00.521+0000] {docker.py:413} INFO - 24/06/19 08:58:00 INFO Executor: Fetching file:///opt/bitnami/spark/.ivy2/jars/org.checkerframework_checker-qual-3.5.0.jar with timestamp 1718787479724
[2024-06-19T08:58:00.524+0000] {docker.py:413} INFO - 24/06/19 08:58:00 INFO Utils: /opt/bitnami/spark/.ivy2/jars/org.checkerframework_checker-qual-3.5.0.jar has been previously copied to /tmp/spark-6788c50b-1eec-4238-9bf3-2660a96ee648/userFiles-8f981b63-1aae-4ba1-9b07-d591d7cb033c/org.checkerframework_checker-qual-3.5.0.jar
[2024-06-19T08:58:00.525+0000] {docker.py:413} INFO - 24/06/19 08:58:00 INFO Executor: Fetching file:///opt/bitnami/spark/.ivy2/jars/org.xerial.snappy_snappy-java-1.1.10.3.jar with timestamp 1718787479724
[2024-06-19T08:58:00.527+0000] {docker.py:413} INFO - 24/06/19 08:58:00 INFO Utils: /opt/bitnami/spark/.ivy2/jars/org.xerial.snappy_snappy-java-1.1.10.3.jar has been previously copied to /tmp/spark-6788c50b-1eec-4238-9bf3-2660a96ee648/userFiles-8f981b63-1aae-4ba1-9b07-d591d7cb033c/org.xerial.snappy_snappy-java-1.1.10.3.jar
[2024-06-19T08:58:00.531+0000] {docker.py:413} INFO - 24/06/19 08:58:00 INFO Executor: Fetching spark://localhost:44505/jars/org.apache.commons_commons-pool2-2.11.1.jar with timestamp 1718787479724
[2024-06-19T08:58:00.554+0000] {docker.py:413} INFO - 24/06/19 08:58:00 INFO TransportClientFactory: Successfully created connection to localhost/127.0.0.1:44505 after 18 ms (0 ms spent in bootstraps)
[2024-06-19T08:58:00.558+0000] {docker.py:413} INFO - 24/06/19 08:58:00 INFO Utils: Fetching spark://localhost:44505/jars/org.apache.commons_commons-pool2-2.11.1.jar to /tmp/spark-6788c50b-1eec-4238-9bf3-2660a96ee648/userFiles-8f981b63-1aae-4ba1-9b07-d591d7cb033c/fetchFileTemp7743511906961719222.tmp
[2024-06-19T08:58:00.605+0000] {docker.py:413} INFO - 24/06/19 08:58:00 INFO Utils: /tmp/spark-6788c50b-1eec-4238-9bf3-2660a96ee648/userFiles-8f981b63-1aae-4ba1-9b07-d591d7cb033c/fetchFileTemp7743511906961719222.tmp has been previously copied to /tmp/spark-6788c50b-1eec-4238-9bf3-2660a96ee648/userFiles-8f981b63-1aae-4ba1-9b07-d591d7cb033c/org.apache.commons_commons-pool2-2.11.1.jar
[2024-06-19T08:58:00.609+0000] {docker.py:413} INFO - 24/06/19 08:58:00 INFO Executor: Adding file:/tmp/spark-6788c50b-1eec-4238-9bf3-2660a96ee648/userFiles-8f981b63-1aae-4ba1-9b07-d591d7cb033c/org.apache.commons_commons-pool2-2.11.1.jar to class loader default
[2024-06-19T08:58:00.610+0000] {docker.py:413} INFO - 24/06/19 08:58:00 INFO Executor: Fetching spark://localhost:44505/jars/org.slf4j_slf4j-api-2.0.7.jar with timestamp 1718787479724
[2024-06-19T08:58:00.611+0000] {docker.py:413} INFO - 24/06/19 08:58:00 INFO Utils: Fetching spark://localhost:44505/jars/org.slf4j_slf4j-api-2.0.7.jar to /tmp/spark-6788c50b-1eec-4238-9bf3-2660a96ee648/userFiles-8f981b63-1aae-4ba1-9b07-d591d7cb033c/fetchFileTemp3305321805068618210.tmp
[2024-06-19T08:58:00.613+0000] {docker.py:413} INFO - 24/06/19 08:58:00 INFO Utils: /tmp/spark-6788c50b-1eec-4238-9bf3-2660a96ee648/userFiles-8f981b63-1aae-4ba1-9b07-d591d7cb033c/fetchFileTemp3305321805068618210.tmp has been previously copied to /tmp/spark-6788c50b-1eec-4238-9bf3-2660a96ee648/userFiles-8f981b63-1aae-4ba1-9b07-d591d7cb033c/org.slf4j_slf4j-api-2.0.7.jar
[2024-06-19T08:58:00.614+0000] {docker.py:413} INFO - 24/06/19 08:58:00 INFO Executor: Adding file:/tmp/spark-6788c50b-1eec-4238-9bf3-2660a96ee648/userFiles-8f981b63-1aae-4ba1-9b07-d591d7cb033c/org.slf4j_slf4j-api-2.0.7.jar to class loader default
[2024-06-19T08:58:00.615+0000] {docker.py:413} INFO - 24/06/19 08:58:00 INFO Executor: Fetching spark://localhost:44505/jars/org.apache.spark_spark-sql-kafka-0-10_2.12-3.5.0.jar with timestamp 1718787479724
[2024-06-19T08:58:00.615+0000] {docker.py:413} INFO - 24/06/19 08:58:00 INFO Utils: Fetching spark://localhost:44505/jars/org.apache.spark_spark-sql-kafka-0-10_2.12-3.5.0.jar to /tmp/spark-6788c50b-1eec-4238-9bf3-2660a96ee648/userFiles-8f981b63-1aae-4ba1-9b07-d591d7cb033c/fetchFileTemp12630671199348626778.tmp
[2024-06-19T08:58:00.617+0000] {docker.py:413} INFO - 24/06/19 08:58:00 INFO Utils: /tmp/spark-6788c50b-1eec-4238-9bf3-2660a96ee648/userFiles-8f981b63-1aae-4ba1-9b07-d591d7cb033c/fetchFileTemp12630671199348626778.tmp has been previously copied to /tmp/spark-6788c50b-1eec-4238-9bf3-2660a96ee648/userFiles-8f981b63-1aae-4ba1-9b07-d591d7cb033c/org.apache.spark_spark-sql-kafka-0-10_2.12-3.5.0.jar
[2024-06-19T08:58:00.620+0000] {docker.py:413} INFO - 24/06/19 08:58:00 INFO Executor: Adding file:/tmp/spark-6788c50b-1eec-4238-9bf3-2660a96ee648/userFiles-8f981b63-1aae-4ba1-9b07-d591d7cb033c/org.apache.spark_spark-sql-kafka-0-10_2.12-3.5.0.jar to class loader default
[2024-06-19T08:58:00.621+0000] {docker.py:413} INFO - 24/06/19 08:58:00 INFO Executor: Fetching spark://localhost:44505/jars/org.apache.hadoop_hadoop-client-runtime-3.3.4.jar with timestamp 1718787479724
[2024-06-19T08:58:00.622+0000] {docker.py:413} INFO - 24/06/19 08:58:00 INFO Utils: Fetching spark://localhost:44505/jars/org.apache.hadoop_hadoop-client-runtime-3.3.4.jar to /tmp/spark-6788c50b-1eec-4238-9bf3-2660a96ee648/userFiles-8f981b63-1aae-4ba1-9b07-d591d7cb033c/fetchFileTemp6274123512039314755.tmp
[2024-06-19T08:58:00.769+0000] {docker.py:413} INFO - 24/06/19 08:58:00 INFO Utils: /tmp/spark-6788c50b-1eec-4238-9bf3-2660a96ee648/userFiles-8f981b63-1aae-4ba1-9b07-d591d7cb033c/fetchFileTemp6274123512039314755.tmp has been previously copied to /tmp/spark-6788c50b-1eec-4238-9bf3-2660a96ee648/userFiles-8f981b63-1aae-4ba1-9b07-d591d7cb033c/org.apache.hadoop_hadoop-client-runtime-3.3.4.jar
[2024-06-19T08:58:00.772+0000] {docker.py:413} INFO - 24/06/19 08:58:00 INFO Executor: Adding file:/tmp/spark-6788c50b-1eec-4238-9bf3-2660a96ee648/userFiles-8f981b63-1aae-4ba1-9b07-d591d7cb033c/org.apache.hadoop_hadoop-client-runtime-3.3.4.jar to class loader default
[2024-06-19T08:58:00.773+0000] {docker.py:413} INFO - 24/06/19 08:58:00 INFO Executor: Fetching spark://localhost:44505/jars/org.apache.hadoop_hadoop-client-api-3.3.4.jar with timestamp 1718787479724
[2024-06-19T08:58:00.773+0000] {docker.py:413} INFO - 24/06/19 08:58:00 INFO Utils: Fetching spark://localhost:44505/jars/org.apache.hadoop_hadoop-client-api-3.3.4.jar to /tmp/spark-6788c50b-1eec-4238-9bf3-2660a96ee648/userFiles-8f981b63-1aae-4ba1-9b07-d591d7cb033c/fetchFileTemp1811205542494672809.tmp
[2024-06-19T08:58:00.815+0000] {docker.py:413} INFO - 24/06/19 08:58:00 INFO Utils: /tmp/spark-6788c50b-1eec-4238-9bf3-2660a96ee648/userFiles-8f981b63-1aae-4ba1-9b07-d591d7cb033c/fetchFileTemp1811205542494672809.tmp has been previously copied to /tmp/spark-6788c50b-1eec-4238-9bf3-2660a96ee648/userFiles-8f981b63-1aae-4ba1-9b07-d591d7cb033c/org.apache.hadoop_hadoop-client-api-3.3.4.jar
[2024-06-19T08:58:00.818+0000] {docker.py:413} INFO - 24/06/19 08:58:00 INFO Executor: Adding file:/tmp/spark-6788c50b-1eec-4238-9bf3-2660a96ee648/userFiles-8f981b63-1aae-4ba1-9b07-d591d7cb033c/org.apache.hadoop_hadoop-client-api-3.3.4.jar to class loader default
24/06/19 08:58:00 INFO Executor: Fetching spark://localhost:44505/jars/org.postgresql_postgresql-42.5.4.jar with timestamp 1718787479724
[2024-06-19T08:58:00.819+0000] {docker.py:413} INFO - 24/06/19 08:58:00 INFO Utils: Fetching spark://localhost:44505/jars/org.postgresql_postgresql-42.5.4.jar to /tmp/spark-6788c50b-1eec-4238-9bf3-2660a96ee648/userFiles-8f981b63-1aae-4ba1-9b07-d591d7cb033c/fetchFileTemp11421272591688598483.tmp
[2024-06-19T08:58:00.821+0000] {docker.py:413} INFO - 24/06/19 08:58:00 INFO Utils: /tmp/spark-6788c50b-1eec-4238-9bf3-2660a96ee648/userFiles-8f981b63-1aae-4ba1-9b07-d591d7cb033c/fetchFileTemp11421272591688598483.tmp has been previously copied to /tmp/spark-6788c50b-1eec-4238-9bf3-2660a96ee648/userFiles-8f981b63-1aae-4ba1-9b07-d591d7cb033c/org.postgresql_postgresql-42.5.4.jar
[2024-06-19T08:58:00.826+0000] {docker.py:413} INFO - 24/06/19 08:58:00 INFO Executor: Adding file:/tmp/spark-6788c50b-1eec-4238-9bf3-2660a96ee648/userFiles-8f981b63-1aae-4ba1-9b07-d591d7cb033c/org.postgresql_postgresql-42.5.4.jar to class loader default
[2024-06-19T08:58:00.826+0000] {docker.py:413} INFO - 24/06/19 08:58:00 INFO Executor: Fetching spark://localhost:44505/jars/com.google.code.findbugs_jsr305-3.0.0.jar with timestamp 1718787479724
[2024-06-19T08:58:00.827+0000] {docker.py:413} INFO - 24/06/19 08:58:00 INFO Utils: Fetching spark://localhost:44505/jars/com.google.code.findbugs_jsr305-3.0.0.jar to /tmp/spark-6788c50b-1eec-4238-9bf3-2660a96ee648/userFiles-8f981b63-1aae-4ba1-9b07-d591d7cb033c/fetchFileTemp518427637369980013.tmp
[2024-06-19T08:58:00.827+0000] {docker.py:413} INFO - 24/06/19 08:58:00 INFO Utils: /tmp/spark-6788c50b-1eec-4238-9bf3-2660a96ee648/userFiles-8f981b63-1aae-4ba1-9b07-d591d7cb033c/fetchFileTemp518427637369980013.tmp has been previously copied to /tmp/spark-6788c50b-1eec-4238-9bf3-2660a96ee648/userFiles-8f981b63-1aae-4ba1-9b07-d591d7cb033c/com.google.code.findbugs_jsr305-3.0.0.jar
[2024-06-19T08:58:00.828+0000] {docker.py:413} INFO - 24/06/19 08:58:00 INFO Executor: Adding file:/tmp/spark-6788c50b-1eec-4238-9bf3-2660a96ee648/userFiles-8f981b63-1aae-4ba1-9b07-d591d7cb033c/com.google.code.findbugs_jsr305-3.0.0.jar to class loader default
[2024-06-19T08:58:00.828+0000] {docker.py:413} INFO - 24/06/19 08:58:00 INFO Executor: Fetching spark://localhost:44505/jars/org.xerial.snappy_snappy-java-1.1.10.3.jar with timestamp 1718787479724
[2024-06-19T08:58:00.832+0000] {docker.py:413} INFO - 24/06/19 08:58:00 INFO Utils: Fetching spark://localhost:44505/jars/org.xerial.snappy_snappy-java-1.1.10.3.jar to /tmp/spark-6788c50b-1eec-4238-9bf3-2660a96ee648/userFiles-8f981b63-1aae-4ba1-9b07-d591d7cb033c/fetchFileTemp9615952355463817570.tmp
[2024-06-19T08:58:00.832+0000] {docker.py:413} INFO - 24/06/19 08:58:00 INFO Utils: /tmp/spark-6788c50b-1eec-4238-9bf3-2660a96ee648/userFiles-8f981b63-1aae-4ba1-9b07-d591d7cb033c/fetchFileTemp9615952355463817570.tmp has been previously copied to /tmp/spark-6788c50b-1eec-4238-9bf3-2660a96ee648/userFiles-8f981b63-1aae-4ba1-9b07-d591d7cb033c/org.xerial.snappy_snappy-java-1.1.10.3.jar
[2024-06-19T08:58:00.839+0000] {docker.py:413} INFO - 24/06/19 08:58:00 INFO Executor: Adding file:/tmp/spark-6788c50b-1eec-4238-9bf3-2660a96ee648/userFiles-8f981b63-1aae-4ba1-9b07-d591d7cb033c/org.xerial.snappy_snappy-java-1.1.10.3.jar to class loader default
24/06/19 08:58:00 INFO Executor: Fetching spark://localhost:44505/jars/org.checkerframework_checker-qual-3.5.0.jar with timestamp 1718787479724
[2024-06-19T08:58:00.839+0000] {docker.py:413} INFO - 24/06/19 08:58:00 INFO Utils: Fetching spark://localhost:44505/jars/org.checkerframework_checker-qual-3.5.0.jar to /tmp/spark-6788c50b-1eec-4238-9bf3-2660a96ee648/userFiles-8f981b63-1aae-4ba1-9b07-d591d7cb033c/fetchFileTemp9368675011875899836.tmp
[2024-06-19T08:58:00.840+0000] {docker.py:413} INFO - 24/06/19 08:58:00 INFO Utils: /tmp/spark-6788c50b-1eec-4238-9bf3-2660a96ee648/userFiles-8f981b63-1aae-4ba1-9b07-d591d7cb033c/fetchFileTemp9368675011875899836.tmp has been previously copied to /tmp/spark-6788c50b-1eec-4238-9bf3-2660a96ee648/userFiles-8f981b63-1aae-4ba1-9b07-d591d7cb033c/org.checkerframework_checker-qual-3.5.0.jar
[2024-06-19T08:58:00.842+0000] {docker.py:413} INFO - 24/06/19 08:58:00 INFO Executor: Adding file:/tmp/spark-6788c50b-1eec-4238-9bf3-2660a96ee648/userFiles-8f981b63-1aae-4ba1-9b07-d591d7cb033c/org.checkerframework_checker-qual-3.5.0.jar to class loader default
24/06/19 08:58:00 INFO Executor: Fetching spark://localhost:44505/jars/org.apache.kafka_kafka-clients-3.4.1.jar with timestamp 1718787479724
[2024-06-19T08:58:00.842+0000] {docker.py:413} INFO - 24/06/19 08:58:00 INFO Utils: Fetching spark://localhost:44505/jars/org.apache.kafka_kafka-clients-3.4.1.jar to /tmp/spark-6788c50b-1eec-4238-9bf3-2660a96ee648/userFiles-8f981b63-1aae-4ba1-9b07-d591d7cb033c/fetchFileTemp17272661044298501985.tmp
[2024-06-19T08:58:00.851+0000] {docker.py:413} INFO - 24/06/19 08:58:00 INFO Utils: /tmp/spark-6788c50b-1eec-4238-9bf3-2660a96ee648/userFiles-8f981b63-1aae-4ba1-9b07-d591d7cb033c/fetchFileTemp17272661044298501985.tmp has been previously copied to /tmp/spark-6788c50b-1eec-4238-9bf3-2660a96ee648/userFiles-8f981b63-1aae-4ba1-9b07-d591d7cb033c/org.apache.kafka_kafka-clients-3.4.1.jar
[2024-06-19T08:58:00.855+0000] {docker.py:413} INFO - 24/06/19 08:58:00 INFO Executor: Adding file:/tmp/spark-6788c50b-1eec-4238-9bf3-2660a96ee648/userFiles-8f981b63-1aae-4ba1-9b07-d591d7cb033c/org.apache.kafka_kafka-clients-3.4.1.jar to class loader default
[2024-06-19T08:58:00.856+0000] {docker.py:413} INFO - 24/06/19 08:58:00 INFO Executor: Fetching spark://localhost:44505/jars/org.apache.spark_spark-token-provider-kafka-0-10_2.12-3.5.0.jar with timestamp 1718787479724
[2024-06-19T08:58:00.857+0000] {docker.py:413} INFO - 24/06/19 08:58:00 INFO Utils: Fetching spark://localhost:44505/jars/org.apache.spark_spark-token-provider-kafka-0-10_2.12-3.5.0.jar to /tmp/spark-6788c50b-1eec-4238-9bf3-2660a96ee648/userFiles-8f981b63-1aae-4ba1-9b07-d591d7cb033c/fetchFileTemp18325887982108183491.tmp
[2024-06-19T08:58:00.857+0000] {docker.py:413} INFO - 24/06/19 08:58:00 INFO Utils: /tmp/spark-6788c50b-1eec-4238-9bf3-2660a96ee648/userFiles-8f981b63-1aae-4ba1-9b07-d591d7cb033c/fetchFileTemp18325887982108183491.tmp has been previously copied to /tmp/spark-6788c50b-1eec-4238-9bf3-2660a96ee648/userFiles-8f981b63-1aae-4ba1-9b07-d591d7cb033c/org.apache.spark_spark-token-provider-kafka-0-10_2.12-3.5.0.jar
[2024-06-19T08:58:00.858+0000] {docker.py:413} INFO - 24/06/19 08:58:00 INFO Executor: Adding file:/tmp/spark-6788c50b-1eec-4238-9bf3-2660a96ee648/userFiles-8f981b63-1aae-4ba1-9b07-d591d7cb033c/org.apache.spark_spark-token-provider-kafka-0-10_2.12-3.5.0.jar to class loader default
24/06/19 08:58:00 INFO Executor: Fetching spark://localhost:44505/jars/commons-logging_commons-logging-1.1.3.jar with timestamp 1718787479724
[2024-06-19T08:58:00.859+0000] {docker.py:413} INFO - 24/06/19 08:58:00 INFO Utils: Fetching spark://localhost:44505/jars/commons-logging_commons-logging-1.1.3.jar to /tmp/spark-6788c50b-1eec-4238-9bf3-2660a96ee648/userFiles-8f981b63-1aae-4ba1-9b07-d591d7cb033c/fetchFileTemp13453454438130622751.tmp
[2024-06-19T08:58:00.860+0000] {docker.py:413} INFO - 24/06/19 08:58:00 INFO Utils: /tmp/spark-6788c50b-1eec-4238-9bf3-2660a96ee648/userFiles-8f981b63-1aae-4ba1-9b07-d591d7cb033c/fetchFileTemp13453454438130622751.tmp has been previously copied to /tmp/spark-6788c50b-1eec-4238-9bf3-2660a96ee648/userFiles-8f981b63-1aae-4ba1-9b07-d591d7cb033c/commons-logging_commons-logging-1.1.3.jar
[2024-06-19T08:58:00.862+0000] {docker.py:413} INFO - 24/06/19 08:58:00 INFO Executor: Adding file:/tmp/spark-6788c50b-1eec-4238-9bf3-2660a96ee648/userFiles-8f981b63-1aae-4ba1-9b07-d591d7cb033c/commons-logging_commons-logging-1.1.3.jar to class loader default
[2024-06-19T08:58:00.862+0000] {docker.py:413} INFO - 24/06/19 08:58:00 INFO Executor: Fetching spark://localhost:44505/jars/org.lz4_lz4-java-1.8.0.jar with timestamp 1718787479724
[2024-06-19T08:58:00.863+0000] {docker.py:413} INFO - 24/06/19 08:58:00 INFO Utils: Fetching spark://localhost:44505/jars/org.lz4_lz4-java-1.8.0.jar to /tmp/spark-6788c50b-1eec-4238-9bf3-2660a96ee648/userFiles-8f981b63-1aae-4ba1-9b07-d591d7cb033c/fetchFileTemp2058480240278133232.tmp
[2024-06-19T08:58:00.865+0000] {docker.py:413} INFO - 24/06/19 08:58:00 INFO Utils: /tmp/spark-6788c50b-1eec-4238-9bf3-2660a96ee648/userFiles-8f981b63-1aae-4ba1-9b07-d591d7cb033c/fetchFileTemp2058480240278133232.tmp has been previously copied to /tmp/spark-6788c50b-1eec-4238-9bf3-2660a96ee648/userFiles-8f981b63-1aae-4ba1-9b07-d591d7cb033c/org.lz4_lz4-java-1.8.0.jar
[2024-06-19T08:58:00.870+0000] {docker.py:413} INFO - 24/06/19 08:58:00 INFO Executor: Adding file:/tmp/spark-6788c50b-1eec-4238-9bf3-2660a96ee648/userFiles-8f981b63-1aae-4ba1-9b07-d591d7cb033c/org.lz4_lz4-java-1.8.0.jar to class loader default
[2024-06-19T08:58:00.874+0000] {docker.py:413} INFO - 24/06/19 08:58:00 INFO Utils: Successfully started service 'org.apache.spark.network.netty.NettyBlockTransferService' on port 38839.
[2024-06-19T08:58:00.875+0000] {docker.py:413} INFO - 24/06/19 08:58:00 INFO NettyBlockTransferService: Server created on localhost:38839
[2024-06-19T08:58:00.876+0000] {docker.py:413} INFO - 24/06/19 08:58:00 INFO BlockManager: Using org.apache.spark.storage.RandomBlockReplicationPolicy for block replication policy
[2024-06-19T08:58:00.882+0000] {docker.py:413} INFO - 24/06/19 08:58:00 INFO BlockManagerMaster: Registering BlockManager BlockManagerId(driver, localhost, 38839, None)
[2024-06-19T08:58:00.885+0000] {docker.py:413} INFO - 24/06/19 08:58:00 INFO BlockManagerMasterEndpoint: Registering block manager localhost:38839 with 434.4 MiB RAM, BlockManagerId(driver, localhost, 38839, None)
[2024-06-19T08:58:00.887+0000] {docker.py:413} INFO - 24/06/19 08:58:00 INFO BlockManagerMaster: Registered BlockManager BlockManagerId(driver, localhost, 38839, None)
[2024-06-19T08:58:00.889+0000] {docker.py:413} INFO - 24/06/19 08:58:00 INFO BlockManager: Initialized BlockManager: BlockManagerId(driver, localhost, 38839, None)
[2024-06-19T08:58:01.292+0000] {docker.py:413} INFO - 2024-06-19 08:58:01,290:create_spark_session:INFO:Spark session created successfully
[2024-06-19T08:58:01.302+0000] {docker.py:413} INFO - 24/06/19 08:58:01 INFO SharedState: Setting hive.metastore.warehouse.dir ('null') to the value of spark.sql.warehouse.dir.
[2024-06-19T08:58:01.304+0000] {docker.py:413} INFO - 24/06/19 08:58:01 INFO SharedState: Warehouse path is 'file:/opt/bitnami/spark/spark-warehouse'.
[2024-06-19T08:58:02.359+0000] {docker.py:413} INFO - 2024-06-19 08:58:02,358:create_initial_dataframe:INFO:Initial dataframe created successfully
[2024-06-19T08:58:02.371+0000] {docker.py:413} INFO - 2024-06-19 08:58:02,370:create_initial_dataframe:INFO:Initial dataframe created successfully
[2024-06-19T08:58:02.383+0000] {docker.py:413} INFO - 2024-06-19 08:58:02,382:create_initial_dataframe:INFO:Initial dataframe created successfully
[2024-06-19T08:58:02.802+0000] {docker.py:413} INFO - 24/06/19 08:58:02 WARN SparkStringUtils: Truncated the string representation of a plan since it was too large. This behavior can be adjusted by setting 'spark.sql.debug.maxToStringFields'.
[2024-06-19T08:58:02.938+0000] {docker.py:413} INFO - 2024-06-19 08:58:02,937:start_streaming:INFO:Start streaming into {keys}
[2024-06-19T08:58:03.158+0000] {docker.py:413} INFO - Traceback (most recent call last):
  File "/opt/bitnami/spark/spark_streaming.py", line 153, in <module>
[2024-06-19T08:58:03.160+0000] {docker.py:413} INFO - write_to_postgres()
[2024-06-19T08:58:03.160+0000] {docker.py:413} INFO - File "/opt/bitnami/spark/spark_streaming.py", line 149, in write_to_postgres
[2024-06-19T08:58:03.161+0000] {docker.py:413} INFO - start_streaming(df_final, spark=spark)
  File "/opt/bitnami/spark/spark_streaming.py", line 137, in start_streaming
    query = df.write.jdbc(
            ^^^^^^^^
  File "/opt/bitnami/spark/python/lib/pyspark.zip/pyspark/sql/dataframe.py", line 509, in write
  File "/opt/bitnami/spark/python/lib/pyspark.zip/pyspark/sql/readwriter.py", line 964, in __init__
  File "/opt/bitnami/spark/python/lib/py4j-0.10.9.7-src.zip/py4j/java_gateway.py", line 1322, in __call__
  File "/opt/bitnami/spark/python/lib/pyspark.zip/pyspark/errors/exceptions/captured.py", line 185, in deco
pyspark.errors.exceptions.captured.AnalysisException
[2024-06-19T08:58:03.164+0000] {docker.py:413} INFO - : [CALL_ON_STREAMING_DATASET_UNSUPPORTED] The method `write` can not be called on streaming Dataset/DataFrame.
2024-06-19 08:58:03,164:close:INFO:Closing down clientserver connection
[2024-06-19T08:58:03.186+0000] {docker.py:413} INFO - 24/06/19 08:58:03 INFO SparkContext: Invoking stop() from shutdown hook
[2024-06-19T08:58:03.186+0000] {docker.py:413} INFO - 24/06/19 08:58:03 INFO SparkContext: SparkContext is stopping with exitCode 0.
[2024-06-19T08:58:03.196+0000] {docker.py:413} INFO - 24/06/19 08:58:03 INFO SparkUI: Stopped Spark web UI at http://localhost:4040
[2024-06-19T08:58:03.204+0000] {docker.py:413} INFO - 24/06/19 08:58:03 INFO MapOutputTrackerMasterEndpoint: MapOutputTrackerMasterEndpoint stopped!
[2024-06-19T08:58:03.211+0000] {docker.py:413} INFO - 24/06/19 08:58:03 INFO MemoryStore: MemoryStore cleared
[2024-06-19T08:58:03.212+0000] {docker.py:413} INFO - 24/06/19 08:58:03 INFO BlockManager: BlockManager stopped
[2024-06-19T08:58:03.214+0000] {docker.py:413} INFO - 24/06/19 08:58:03 INFO BlockManagerMaster: BlockManagerMaster stopped
[2024-06-19T08:58:03.216+0000] {docker.py:413} INFO - 24/06/19 08:58:03 INFO OutputCommitCoordinator$OutputCommitCoordinatorEndpoint: OutputCommitCoordinator stopped!
[2024-06-19T08:58:03.225+0000] {docker.py:413} INFO - 24/06/19 08:58:03 INFO SparkContext: Successfully stopped SparkContext
[2024-06-19T08:58:03.225+0000] {docker.py:413} INFO - 24/06/19 08:58:03 INFO ShutdownHookManager: Shutdown hook called
[2024-06-19T08:58:03.226+0000] {docker.py:413} INFO - 24/06/19 08:58:03 INFO ShutdownHookManager: Deleting directory /tmp/spark-6788c50b-1eec-4238-9bf3-2660a96ee648/pyspark-ee48dffc-6f41-44c3-815c-28c84758de9b
[2024-06-19T08:58:03.227+0000] {docker.py:413} INFO - 24/06/19 08:58:03 INFO ShutdownHookManager: Deleting directory /tmp/spark-eb291c54-70a0-44f4-8213-f43854e9116e
[2024-06-19T08:58:03.229+0000] {docker.py:413} INFO - 24/06/19 08:58:03 INFO ShutdownHookManager: Deleting directory /tmp/spark-6788c50b-1eec-4238-9bf3-2660a96ee648
[2024-06-19T08:58:03.516+0000] {taskinstance.py:1937} ERROR - Task failed with exception
Traceback (most recent call last):
  File "/home/airflow/.local/lib/python3.8/site-packages/docker/api/client.py", line 268, in _raise_for_status
    response.raise_for_status()
  File "/home/airflow/.local/lib/python3.8/site-packages/requests/models.py", line 1021, in raise_for_status
    raise HTTPError(http_error_msg, response=self)
requests.exceptions.HTTPError: 400 Client Error: Bad Request for url: http://docker-proxy:2375/v1.44/containers/create

The above exception was the direct cause of the following exception:

Traceback (most recent call last):
  File "/home/airflow/.local/lib/python3.8/site-packages/airflow/providers/docker/operators/docker.py", line 348, in _run_image
    return self._run_image_with_mounts([*self.mounts, tmp_mount], add_tmp_variable=True)
  File "/home/airflow/.local/lib/python3.8/site-packages/airflow/providers/docker/operators/docker.py", line 375, in _run_image_with_mounts
    self.container = self.cli.create_container(
  File "/home/airflow/.local/lib/python3.8/site-packages/docker/api/container.py", line 431, in create_container
    return self.create_container_from_config(config, name, platform)
  File "/home/airflow/.local/lib/python3.8/site-packages/docker/api/container.py", line 448, in create_container_from_config
    return self._result(res, True)
  File "/home/airflow/.local/lib/python3.8/site-packages/docker/api/client.py", line 274, in _result
    self._raise_for_status(response)
  File "/home/airflow/.local/lib/python3.8/site-packages/docker/api/client.py", line 270, in _raise_for_status
    raise create_api_error_from_http_exception(e) from e
  File "/home/airflow/.local/lib/python3.8/site-packages/docker/errors.py", line 39, in create_api_error_from_http_exception
    raise cls(e, response=response, explanation=explanation) from e
docker.errors.APIError: 400 Client Error for http://docker-proxy:2375/v1.44/containers/create: Bad Request ("invalid mount config for type "bind": bind source path does not exist: /host_mnt/private/tmp/airflowtmpfvl84xeu")

During handling of the above exception, another exception occurred:

Traceback (most recent call last):
  File "/home/airflow/.local/lib/python3.8/site-packages/airflow/providers/docker/operators/docker.py", line 486, in execute
    return self._run_image()
  File "/home/airflow/.local/lib/python3.8/site-packages/airflow/providers/docker/operators/docker.py", line 357, in _run_image
    return self._run_image_with_mounts(self.mounts, add_tmp_variable=False)
  File "/home/airflow/.local/lib/python3.8/site-packages/airflow/providers/docker/operators/docker.py", line 421, in _run_image_with_mounts
    raise DockerContainerFailedException(f"Docker container failed: {result!r}", logs=log_lines)
airflow.providers.docker.exceptions.DockerContainerFailedException: Docker container failed: {'StatusCode': 1}
[2024-06-19T08:58:03.521+0000] {taskinstance.py:1400} INFO - Marking task as UP_FOR_RETRY. dag_id=kafka_spark_dag, task_id=pyspark_consumer, execution_date=20240619T085658, start_date=20240619T085711, end_date=20240619T085803
[2024-06-19T08:58:03.545+0000] {standard_task_runner.py:104} ERROR - Failed to execute job 119 for task pyspark_consumer (Docker container failed: {'StatusCode': 1}; 728)
[2024-06-19T08:58:03.564+0000] {local_task_job_runner.py:228} INFO - Task exited with return code 1
[2024-06-19T08:58:03.585+0000] {taskinstance.py:2778} INFO - 0 downstream tasks scheduled from follow-on schedule check
