[2024-06-19T09:38:30.037+0000] {taskinstance.py:1159} INFO - Dependencies all met for dep_context=non-requeueable deps ti=<TaskInstance: kafka_spark_dag.pyspark_consumer scheduled__2024-06-19T09:16:38.394942+00:00 [queued]>
[2024-06-19T09:38:30.045+0000] {taskinstance.py:1159} INFO - Dependencies all met for dep_context=requeueable deps ti=<TaskInstance: kafka_spark_dag.pyspark_consumer scheduled__2024-06-19T09:16:38.394942+00:00 [queued]>
[2024-06-19T09:38:30.045+0000] {taskinstance.py:1361} INFO - Starting attempt 2 of 2
[2024-06-19T09:38:30.053+0000] {taskinstance.py:1382} INFO - Executing <Task(DockerOperator): pyspark_consumer> on 2024-06-19 09:16:38.394942+00:00
[2024-06-19T09:38:30.060+0000] {standard_task_runner.py:57} INFO - Started process 11155 to run task
[2024-06-19T09:38:30.066+0000] {standard_task_runner.py:84} INFO - Running: ['***', 'tasks', 'run', 'kafka_spark_dag', 'pyspark_consumer', 'scheduled__2024-06-19T09:16:38.394942+00:00', '--job-id', '142', '--raw', '--subdir', 'DAGS_FOLDER/dag_kafka_spark.py', '--cfg-path', '/tmp/tmpwhfhhmqk']
[2024-06-19T09:38:30.071+0000] {standard_task_runner.py:85} INFO - Job 142: Subtask pyspark_consumer
[2024-06-19T09:38:30.188+0000] {task_command.py:416} INFO - Running <TaskInstance: kafka_spark_dag.pyspark_consumer scheduled__2024-06-19T09:16:38.394942+00:00 [running]> on host 2ad9230613d5
[2024-06-19T09:38:30.273+0000] {taskinstance.py:1662} INFO - Exporting env vars: AIRFLOW_CTX_DAG_OWNER='***' AIRFLOW_CTX_DAG_ID='kafka_spark_dag' AIRFLOW_CTX_TASK_ID='pyspark_consumer' AIRFLOW_CTX_EXECUTION_DATE='2024-06-19T09:16:38.394942+00:00' AIRFLOW_CTX_TRY_NUMBER='2' AIRFLOW_CTX_DAG_RUN_ID='scheduled__2024-06-19T09:16:38.394942+00:00'
[2024-06-19T09:38:30.359+0000] {docker.py:343} INFO - Starting docker container from image rappel-conso/spark:latest
[2024-06-19T09:38:30.419+0000] {docker.py:351} WARNING - Using remote engine or docker-in-docker and mounting temporary volume from host is not supported. Falling back to `mount_tmp_dir=False` mode. You can set `mount_tmp_dir` parameter to False to disable mounting and remove the warning
[2024-06-19T09:38:32.072+0000] {docker.py:413} INFO - [38;5;6mspark [38;5;5m09:38:32.04 [0m[38;5;2mINFO [0m ==>
[2024-06-19T09:38:32.078+0000] {docker.py:413} INFO - [38;5;6mspark [38;5;5m09:38:32.05 [0m[38;5;2mINFO [0m ==> [1mWelcome to the Bitnami spark container[0m
[2024-06-19T09:38:32.135+0000] {docker.py:413} INFO - [38;5;6mspark [38;5;5m09:38:32.05 [0m[38;5;2mINFO [0m ==> Subscribe to project updates by watching [1mhttps://github.com/bitnami/containers[0m
[2024-06-19T09:38:32.141+0000] {docker.py:413} INFO - [38;5;6mspark [38;5;5m09:38:32.06 [0m[38;5;2mINFO [0m ==> Submit issues and feature requests at [1mhttps://github.com/bitnami/containers/issues[0m
[2024-06-19T09:38:32.178+0000] {docker.py:413} INFO - [38;5;6mspark [38;5;5m09:38:32.06 [0m[38;5;2mINFO [0m ==>
[2024-06-19T09:38:32.183+0000] {docker.py:413} INFO - 
[2024-06-19T09:38:35.353+0000] {docker.py:413} INFO - :: loading settings :: url = jar:file:/opt/bitnami/spark/jars/ivy-2.5.1.jar!/org/apache/ivy/core/settings/ivysettings.xml
[2024-06-19T09:38:35.456+0000] {docker.py:413} INFO - Ivy Default Cache set to: /opt/bitnami/spark/.ivy2/cache
The jars for the packages stored in: /opt/bitnami/spark/.ivy2/jars
[2024-06-19T09:38:35.470+0000] {docker.py:413} INFO - org.postgresql#postgresql added as a dependency
org.apache.spark#spark-sql-kafka-0-10_2.12 added as a dependency
[2024-06-19T09:38:35.478+0000] {docker.py:413} INFO - :: resolving dependencies :: org.apache.spark#spark-submit-parent-e6b646a2-bccc-402c-a888-2e42174fb97d;1.0
	confs: [default]
[2024-06-19T09:38:37.518+0000] {docker.py:413} INFO - found org.postgresql#postgresql;42.5.4 in central
[2024-06-19T09:38:38.052+0000] {docker.py:413} INFO - found org.checkerframework#checker-qual;3.5.0 in central
[2024-06-19T09:38:42.581+0000] {docker.py:413} INFO - found org.apache.spark#spark-sql-kafka-0-10_2.12;3.5.0 in central
[2024-06-19T09:38:43.197+0000] {docker.py:413} INFO - found org.apache.spark#spark-token-provider-kafka-0-10_2.12;3.5.0 in central
[2024-06-19T09:38:43.697+0000] {docker.py:413} INFO - found org.apache.kafka#kafka-clients;3.4.1 in central
[2024-06-19T09:38:44.236+0000] {docker.py:413} INFO - found org.lz4#lz4-java;1.8.0 in central
[2024-06-19T09:38:44.713+0000] {docker.py:413} INFO - found org.xerial.snappy#snappy-java;1.1.10.3 in central
[2024-06-19T09:38:46.984+0000] {docker.py:413} INFO - found org.slf4j#slf4j-api;2.0.7 in central
[2024-06-19T09:38:51.546+0000] {docker.py:413} INFO - found org.apache.hadoop#hadoop-client-runtime;3.3.4 in central
[2024-06-19T09:38:52.064+0000] {docker.py:413} INFO - found org.apache.hadoop#hadoop-client-api;3.3.4 in central
[2024-06-19T09:38:56.325+0000] {docker.py:413} INFO - found commons-logging#commons-logging;1.1.3 in central
[2024-06-19T09:38:56.824+0000] {docker.py:413} INFO - found com.google.code.findbugs#jsr305;3.0.0 in central
[2024-06-19T09:39:00.524+0000] {docker.py:413} INFO - found org.apache.commons#commons-pool2;2.11.1 in central
[2024-06-19T09:39:00.755+0000] {docker.py:413} INFO - downloading https://repo1.maven.org/maven2/org/postgresql/postgresql/42.5.4/postgresql-42.5.4.jar ...
[2024-06-19T09:39:01.526+0000] {docker.py:413} INFO - [SUCCESSFUL ] org.postgresql#postgresql;42.5.4!postgresql.jar (994ms)
[2024-06-19T09:39:01.750+0000] {docker.py:413} INFO - downloading https://repo1.maven.org/maven2/org/apache/spark/spark-sql-kafka-0-10_2.12/3.5.0/spark-sql-kafka-0-10_2.12-3.5.0.jar ...
[2024-06-19T09:39:02.015+0000] {docker.py:413} INFO - [SUCCESSFUL ] org.apache.spark#spark-sql-kafka-0-10_2.12;3.5.0!spark-sql-kafka-0-10_2.12.jar (486ms)
[2024-06-19T09:39:02.241+0000] {docker.py:413} INFO - downloading https://repo1.maven.org/maven2/org/checkerframework/checker-qual/3.5.0/checker-qual-3.5.0.jar ...
[2024-06-19T09:39:02.481+0000] {docker.py:413} INFO - [SUCCESSFUL ] org.checkerframework#checker-qual;3.5.0!checker-qual.jar (465ms)
[2024-06-19T09:39:02.702+0000] {docker.py:413} INFO - downloading https://repo1.maven.org/maven2/org/apache/spark/spark-token-provider-kafka-0-10_2.12/3.5.0/spark-token-provider-kafka-0-10_2.12-3.5.0.jar ...
[2024-06-19T09:39:02.928+0000] {docker.py:413} INFO - [SUCCESSFUL ] org.apache.spark#spark-token-provider-kafka-0-10_2.12;3.5.0!spark-token-provider-kafka-0-10_2.12.jar (445ms)
[2024-06-19T09:39:03.156+0000] {docker.py:413} INFO - downloading https://repo1.maven.org/maven2/org/apache/kafka/kafka-clients/3.4.1/kafka-clients-3.4.1.jar ...
[2024-06-19T09:39:03.904+0000] {docker.py:413} INFO - [SUCCESSFUL ] org.apache.kafka#kafka-clients;3.4.1!kafka-clients.jar (975ms)
[2024-06-19T09:39:04.124+0000] {docker.py:413} INFO - downloading https://repo1.maven.org/maven2/com/google/code/findbugs/jsr305/3.0.0/jsr305-3.0.0.jar ...
[2024-06-19T09:39:04.353+0000] {docker.py:413} INFO - [SUCCESSFUL ] com.google.code.findbugs#jsr305;3.0.0!jsr305.jar (444ms)
[2024-06-19T09:39:04.570+0000] {docker.py:413} INFO - downloading https://repo1.maven.org/maven2/org/apache/commons/commons-pool2/2.11.1/commons-pool2-2.11.1.jar ...
[2024-06-19T09:39:04.799+0000] {docker.py:413} INFO - [SUCCESSFUL ] org.apache.commons#commons-pool2;2.11.1!commons-pool2.jar (449ms)
[2024-06-19T09:39:05.024+0000] {docker.py:413} INFO - downloading https://repo1.maven.org/maven2/org/apache/hadoop/hadoop-client-runtime/3.3.4/hadoop-client-runtime-3.3.4.jar ...
[2024-06-19T09:39:09.055+0000] {docker.py:413} INFO - [SUCCESSFUL ] org.apache.hadoop#hadoop-client-runtime;3.3.4!hadoop-client-runtime.jar (4251ms)
[2024-06-19T09:39:09.285+0000] {docker.py:413} INFO - downloading https://repo1.maven.org/maven2/org/lz4/lz4-java/1.8.0/lz4-java-1.8.0.jar ...
[2024-06-19T09:39:09.553+0000] {docker.py:413} INFO - [SUCCESSFUL ] org.lz4#lz4-java;1.8.0!lz4-java.jar (493ms)
[2024-06-19T09:39:09.777+0000] {docker.py:413} INFO - downloading https://repo1.maven.org/maven2/org/xerial/snappy/snappy-java/1.1.10.3/snappy-java-1.1.10.3.jar ...
[2024-06-19T09:39:10.087+0000] {docker.py:413} INFO - [SUCCESSFUL ] org.xerial.snappy#snappy-java;1.1.10.3!snappy-java.jar(bundle) (532ms)
[2024-06-19T09:39:10.310+0000] {docker.py:413} INFO - downloading https://repo1.maven.org/maven2/org/slf4j/slf4j-api/2.0.7/slf4j-api-2.0.7.jar ...
[2024-06-19T09:39:10.538+0000] {docker.py:413} INFO - [SUCCESSFUL ] org.slf4j#slf4j-api;2.0.7!slf4j-api.jar (451ms)
[2024-06-19T09:39:10.760+0000] {docker.py:413} INFO - downloading https://repo1.maven.org/maven2/org/apache/hadoop/hadoop-client-api/3.3.4/hadoop-client-api-3.3.4.jar ...
[2024-06-19T09:39:12.050+0000] {docker.py:413} INFO - [SUCCESSFUL ] org.apache.hadoop#hadoop-client-api;3.3.4!hadoop-client-api.jar (1512ms)
[2024-06-19T09:39:12.270+0000] {docker.py:413} INFO - downloading https://repo1.maven.org/maven2/commons-logging/commons-logging/1.1.3/commons-logging-1.1.3.jar ...
[2024-06-19T09:39:12.502+0000] {docker.py:413} INFO - [SUCCESSFUL ] commons-logging#commons-logging;1.1.3!commons-logging.jar (449ms)
[2024-06-19T09:39:12.506+0000] {docker.py:413} INFO - :: resolution report :: resolve 25068ms :: artifacts dl 11969ms
[2024-06-19T09:39:12.508+0000] {docker.py:413} INFO - :: modules in use:
[2024-06-19T09:39:12.510+0000] {docker.py:413} INFO - com.google.code.findbugs#jsr305;3.0.0 from central in [default]
	commons-logging#commons-logging;1.1.3 from central in [default]
[2024-06-19T09:39:12.511+0000] {docker.py:413} INFO - org.apache.commons#commons-pool2;2.11.1 from central in [default]
	org.apache.hadoop#hadoop-client-api;3.3.4 from central in [default]
	org.apache.hadoop#hadoop-client-runtime;3.3.4 from central in [default]
[2024-06-19T09:39:12.513+0000] {docker.py:413} INFO - org.apache.kafka#kafka-clients;3.4.1 from central in [default]
	org.apache.spark#spark-sql-kafka-0-10_2.12;3.5.0 from central in [default]
	org.apache.spark#spark-token-provider-kafka-0-10_2.12;3.5.0 from central in [default]
	org.checkerframework#checker-qual;3.5.0 from central in [default]
	org.lz4#lz4-java;1.8.0 from central in [default]
[2024-06-19T09:39:12.515+0000] {docker.py:413} INFO - org.postgresql#postgresql;42.5.4 from central in [default]
	org.slf4j#slf4j-api;2.0.7 from central in [default]
	org.xerial.snappy#snappy-java;1.1.10.3 from central in [default]
	---------------------------------------------------------------------
	|                  |            modules            ||   artifacts   |
	|       conf       | number| search|dwnlded|evicted|| number|dwnlded|
	---------------------------------------------------------------------
[2024-06-19T09:39:12.519+0000] {docker.py:413} INFO - |      default     |   13  |   13  |   13  |   0   ||   13  |   13  |
	---------------------------------------------------------------------
[2024-06-19T09:39:12.533+0000] {docker.py:413} INFO - :: retrieving :: org.apache.spark#spark-submit-parent-e6b646a2-bccc-402c-a888-2e42174fb97d
[2024-06-19T09:39:12.534+0000] {docker.py:413} INFO - confs: [default]
[2024-06-19T09:39:12.616+0000] {docker.py:413} INFO - 13 artifacts copied, 0 already retrieved (58001kB/84ms)
[2024-06-19T09:39:12.846+0000] {docker.py:413} INFO - 24/06/19 09:39:12 WARN NativeCodeLoader: Unable to load native-hadoop library for your platform... using builtin-java classes where applicable
[2024-06-19T09:39:13.601+0000] {docker.py:413} INFO - 24/06/19 09:39:13 INFO SparkContext: Running Spark version 3.5.0
[2024-06-19T09:39:13.602+0000] {docker.py:413} INFO - 24/06/19 09:39:13 INFO SparkContext: OS info Linux, 6.6.12-linuxkit, aarch64
[2024-06-19T09:39:13.602+0000] {docker.py:413} INFO - 24/06/19 09:39:13 INFO SparkContext: Java version 17.0.10
[2024-06-19T09:39:13.616+0000] {docker.py:413} INFO - 24/06/19 09:39:13 INFO ResourceUtils: ==============================================================
[2024-06-19T09:39:13.618+0000] {docker.py:413} INFO - 24/06/19 09:39:13 INFO ResourceUtils: No custom resources configured for spark.driver.
[2024-06-19T09:39:13.619+0000] {docker.py:413} INFO - 24/06/19 09:39:13 INFO ResourceUtils: ==============================================================
[2024-06-19T09:39:13.619+0000] {docker.py:413} INFO - 24/06/19 09:39:13 INFO SparkContext: Submitted application: PostgreSQL Connection with PySpark
[2024-06-19T09:39:13.632+0000] {docker.py:413} INFO - 24/06/19 09:39:13 INFO ResourceProfile: Default ResourceProfile created, executor resources: Map(cores -> name: cores, amount: 1, script: , vendor: , memory -> name: memory, amount: 1024, script: , vendor: , offHeap -> name: offHeap, amount: 0, script: , vendor: ), task resources: Map(cpus -> name: cpus, amount: 1.0)
[2024-06-19T09:39:13.637+0000] {docker.py:413} INFO - 24/06/19 09:39:13 INFO ResourceProfile: Limiting resource is cpu
[2024-06-19T09:39:13.637+0000] {docker.py:413} INFO - 24/06/19 09:39:13 INFO ResourceProfileManager: Added ResourceProfile id: 0
[2024-06-19T09:39:13.671+0000] {docker.py:413} INFO - 24/06/19 09:39:13 INFO SecurityManager: Changing view acls to: spark
[2024-06-19T09:39:13.672+0000] {docker.py:413} INFO - 24/06/19 09:39:13 INFO SecurityManager: Changing modify acls to: spark
[2024-06-19T09:39:13.672+0000] {docker.py:413} INFO - 24/06/19 09:39:13 INFO SecurityManager: Changing view acls groups to:
[2024-06-19T09:39:13.672+0000] {docker.py:413} INFO - 24/06/19 09:39:13 INFO SecurityManager: Changing modify acls groups to:
[2024-06-19T09:39:13.673+0000] {docker.py:413} INFO - 24/06/19 09:39:13 INFO SecurityManager: SecurityManager: authentication disabled; ui acls disabled; users with view permissions: spark; groups with view permissions: EMPTY; users with modify permissions: spark; groups with modify permissions: EMPTY
[2024-06-19T09:39:13.834+0000] {docker.py:413} INFO - 24/06/19 09:39:13 INFO Utils: Successfully started service 'sparkDriver' on port 45057.
[2024-06-19T09:39:13.858+0000] {docker.py:413} INFO - 24/06/19 09:39:13 INFO SparkEnv: Registering MapOutputTracker
[2024-06-19T09:39:13.887+0000] {docker.py:413} INFO - 24/06/19 09:39:13 INFO SparkEnv: Registering BlockManagerMaster
[2024-06-19T09:39:13.903+0000] {docker.py:413} INFO - 24/06/19 09:39:13 INFO BlockManagerMasterEndpoint: Using org.apache.spark.storage.DefaultTopologyMapper for getting topology information
[2024-06-19T09:39:13.903+0000] {docker.py:413} INFO - 24/06/19 09:39:13 INFO BlockManagerMasterEndpoint: BlockManagerMasterEndpoint up
[2024-06-19T09:39:13.906+0000] {docker.py:413} INFO - 24/06/19 09:39:13 INFO SparkEnv: Registering BlockManagerMasterHeartbeat
[2024-06-19T09:39:13.925+0000] {docker.py:413} INFO - 24/06/19 09:39:13 INFO DiskBlockManager: Created local directory at /tmp/blockmgr-ee53e69d-6102-4448-838a-9765e3892e50
[2024-06-19T09:39:13.940+0000] {docker.py:413} INFO - 24/06/19 09:39:13 INFO MemoryStore: MemoryStore started with capacity 434.4 MiB
[2024-06-19T09:39:13.960+0000] {docker.py:413} INFO - 24/06/19 09:39:13 INFO SparkEnv: Registering OutputCommitCoordinator
[2024-06-19T09:39:14.075+0000] {docker.py:413} INFO - 24/06/19 09:39:14 INFO JettyUtils: Start Jetty 0.0.0.0:4040 for SparkUI
[2024-06-19T09:39:14.129+0000] {docker.py:413} INFO - 24/06/19 09:39:14 INFO Utils: Successfully started service 'SparkUI' on port 4040.
[2024-06-19T09:39:14.157+0000] {docker.py:413} INFO - 24/06/19 09:39:14 INFO SparkContext: Added JAR file:///opt/bitnami/spark/.ivy2/jars/org.postgresql_postgresql-42.5.4.jar at spark://localhost:45057/jars/org.postgresql_postgresql-42.5.4.jar with timestamp 1718789953594
[2024-06-19T09:39:14.160+0000] {docker.py:413} INFO - 24/06/19 09:39:14 INFO SparkContext: Added JAR file:///opt/bitnami/spark/.ivy2/jars/org.apache.spark_spark-sql-kafka-0-10_2.12-3.5.0.jar at spark://localhost:45057/jars/org.apache.spark_spark-sql-kafka-0-10_2.12-3.5.0.jar with timestamp 1718789953594
[2024-06-19T09:39:14.166+0000] {docker.py:413} INFO - 24/06/19 09:39:14 INFO SparkContext: Added JAR file:///opt/bitnami/spark/.ivy2/jars/org.checkerframework_checker-qual-3.5.0.jar at spark://localhost:45057/jars/org.checkerframework_checker-qual-3.5.0.jar with timestamp 1718789953594
[2024-06-19T09:39:14.167+0000] {docker.py:413} INFO - 24/06/19 09:39:14 INFO SparkContext: Added JAR file:///opt/bitnami/spark/.ivy2/jars/org.apache.spark_spark-token-provider-kafka-0-10_2.12-3.5.0.jar at spark://localhost:45057/jars/org.apache.spark_spark-token-provider-kafka-0-10_2.12-3.5.0.jar with timestamp 1718789953594
[2024-06-19T09:39:14.167+0000] {docker.py:413} INFO - 24/06/19 09:39:14 INFO SparkContext: Added JAR file:///opt/bitnami/spark/.ivy2/jars/org.apache.kafka_kafka-clients-3.4.1.jar at spark://localhost:45057/jars/org.apache.kafka_kafka-clients-3.4.1.jar with timestamp 1718789953594
[2024-06-19T09:39:14.167+0000] {docker.py:413} INFO - 24/06/19 09:39:14 INFO SparkContext: Added JAR file:///opt/bitnami/spark/.ivy2/jars/com.google.code.findbugs_jsr305-3.0.0.jar at spark://localhost:45057/jars/com.google.code.findbugs_jsr305-3.0.0.jar with timestamp 1718789953594
24/06/19 09:39:14 INFO SparkContext: Added JAR file:///opt/bitnami/spark/.ivy2/jars/org.apache.commons_commons-pool2-2.11.1.jar at spark://localhost:45057/jars/org.apache.commons_commons-pool2-2.11.1.jar with timestamp 1718789953594
24/06/19 09:39:14 INFO SparkContext: Added JAR file:///opt/bitnami/spark/.ivy2/jars/org.apache.hadoop_hadoop-client-runtime-3.3.4.jar at spark://localhost:45057/jars/org.apache.hadoop_hadoop-client-runtime-3.3.4.jar with timestamp 1718789953594
[2024-06-19T09:39:14.168+0000] {docker.py:413} INFO - 24/06/19 09:39:14 INFO SparkContext: Added JAR file:///opt/bitnami/spark/.ivy2/jars/org.lz4_lz4-java-1.8.0.jar at spark://localhost:45057/jars/org.lz4_lz4-java-1.8.0.jar with timestamp 1718789953594
[2024-06-19T09:39:14.168+0000] {docker.py:413} INFO - 24/06/19 09:39:14 INFO SparkContext: Added JAR file:///opt/bitnami/spark/.ivy2/jars/org.xerial.snappy_snappy-java-1.1.10.3.jar at spark://localhost:45057/jars/org.xerial.snappy_snappy-java-1.1.10.3.jar with timestamp 1718789953594
[2024-06-19T09:39:14.168+0000] {docker.py:413} INFO - 24/06/19 09:39:14 INFO SparkContext: Added JAR file:///opt/bitnami/spark/.ivy2/jars/org.slf4j_slf4j-api-2.0.7.jar at spark://localhost:45057/jars/org.slf4j_slf4j-api-2.0.7.jar with timestamp 1718789953594
[2024-06-19T09:39:14.168+0000] {docker.py:413} INFO - 24/06/19 09:39:14 INFO SparkContext: Added JAR file:///opt/bitnami/spark/.ivy2/jars/org.apache.hadoop_hadoop-client-api-3.3.4.jar at spark://localhost:45057/jars/org.apache.hadoop_hadoop-client-api-3.3.4.jar with timestamp 1718789953594
[2024-06-19T09:39:14.169+0000] {docker.py:413} INFO - 24/06/19 09:39:14 INFO SparkContext: Added JAR file:///opt/bitnami/spark/.ivy2/jars/commons-logging_commons-logging-1.1.3.jar at spark://localhost:45057/jars/commons-logging_commons-logging-1.1.3.jar with timestamp 1718789953594
[2024-06-19T09:39:14.169+0000] {docker.py:413} INFO - 24/06/19 09:39:14 INFO SparkContext: Added file file:///opt/bitnami/spark/.ivy2/jars/org.postgresql_postgresql-42.5.4.jar at file:///opt/bitnami/spark/.ivy2/jars/org.postgresql_postgresql-42.5.4.jar with timestamp 1718789953594
[2024-06-19T09:39:14.169+0000] {docker.py:413} INFO - 24/06/19 09:39:14 INFO Utils: Copying /opt/bitnami/spark/.ivy2/jars/org.postgresql_postgresql-42.5.4.jar to /tmp/spark-5cfb71d7-4e63-489c-b8cf-1af86091a8ef/userFiles-985c7e4a-e811-4d5e-8f4e-7fb86ecb6491/org.postgresql_postgresql-42.5.4.jar
[2024-06-19T09:39:14.175+0000] {docker.py:413} INFO - 24/06/19 09:39:14 INFO SparkContext: Added file file:///opt/bitnami/spark/.ivy2/jars/org.apache.spark_spark-sql-kafka-0-10_2.12-3.5.0.jar at file:///opt/bitnami/spark/.ivy2/jars/org.apache.spark_spark-sql-kafka-0-10_2.12-3.5.0.jar with timestamp 1718789953594
[2024-06-19T09:39:14.176+0000] {docker.py:413} INFO - 24/06/19 09:39:14 INFO Utils: Copying /opt/bitnami/spark/.ivy2/jars/org.apache.spark_spark-sql-kafka-0-10_2.12-3.5.0.jar to /tmp/spark-5cfb71d7-4e63-489c-b8cf-1af86091a8ef/userFiles-985c7e4a-e811-4d5e-8f4e-7fb86ecb6491/org.apache.spark_spark-sql-kafka-0-10_2.12-3.5.0.jar
[2024-06-19T09:39:14.187+0000] {docker.py:413} INFO - 24/06/19 09:39:14 INFO SparkContext: Added file file:///opt/bitnami/spark/.ivy2/jars/org.checkerframework_checker-qual-3.5.0.jar at file:///opt/bitnami/spark/.ivy2/jars/org.checkerframework_checker-qual-3.5.0.jar with timestamp 1718789953594
[2024-06-19T09:39:14.190+0000] {docker.py:413} INFO - 24/06/19 09:39:14 INFO Utils: Copying /opt/bitnami/spark/.ivy2/jars/org.checkerframework_checker-qual-3.5.0.jar to /tmp/spark-5cfb71d7-4e63-489c-b8cf-1af86091a8ef/userFiles-985c7e4a-e811-4d5e-8f4e-7fb86ecb6491/org.checkerframework_checker-qual-3.5.0.jar
[2024-06-19T09:39:14.201+0000] {docker.py:413} INFO - 24/06/19 09:39:14 INFO SparkContext: Added file file:///opt/bitnami/spark/.ivy2/jars/org.apache.spark_spark-token-provider-kafka-0-10_2.12-3.5.0.jar at file:///opt/bitnami/spark/.ivy2/jars/org.apache.spark_spark-token-provider-kafka-0-10_2.12-3.5.0.jar with timestamp 1718789953594
24/06/19 09:39:14 INFO Utils: Copying /opt/bitnami/spark/.ivy2/jars/org.apache.spark_spark-token-provider-kafka-0-10_2.12-3.5.0.jar to /tmp/spark-5cfb71d7-4e63-489c-b8cf-1af86091a8ef/userFiles-985c7e4a-e811-4d5e-8f4e-7fb86ecb6491/org.apache.spark_spark-token-provider-kafka-0-10_2.12-3.5.0.jar
[2024-06-19T09:39:14.210+0000] {docker.py:413} INFO - 24/06/19 09:39:14 INFO SparkContext: Added file file:///opt/bitnami/spark/.ivy2/jars/org.apache.kafka_kafka-clients-3.4.1.jar at file:///opt/bitnami/spark/.ivy2/jars/org.apache.kafka_kafka-clients-3.4.1.jar with timestamp 1718789953594
[2024-06-19T09:39:14.211+0000] {docker.py:413} INFO - 24/06/19 09:39:14 INFO Utils: Copying /opt/bitnami/spark/.ivy2/jars/org.apache.kafka_kafka-clients-3.4.1.jar to /tmp/spark-5cfb71d7-4e63-489c-b8cf-1af86091a8ef/userFiles-985c7e4a-e811-4d5e-8f4e-7fb86ecb6491/org.apache.kafka_kafka-clients-3.4.1.jar
[2024-06-19T09:39:14.241+0000] {docker.py:413} INFO - 24/06/19 09:39:14 INFO SparkContext: Added file file:///opt/bitnami/spark/.ivy2/jars/com.google.code.findbugs_jsr305-3.0.0.jar at file:///opt/bitnami/spark/.ivy2/jars/com.google.code.findbugs_jsr305-3.0.0.jar with timestamp 1718789953594
[2024-06-19T09:39:14.243+0000] {docker.py:413} INFO - 24/06/19 09:39:14 INFO Utils: Copying /opt/bitnami/spark/.ivy2/jars/com.google.code.findbugs_jsr305-3.0.0.jar to /tmp/spark-5cfb71d7-4e63-489c-b8cf-1af86091a8ef/userFiles-985c7e4a-e811-4d5e-8f4e-7fb86ecb6491/com.google.code.findbugs_jsr305-3.0.0.jar
[2024-06-19T09:39:14.245+0000] {docker.py:413} INFO - 24/06/19 09:39:14 INFO SparkContext: Added file file:///opt/bitnami/spark/.ivy2/jars/org.apache.commons_commons-pool2-2.11.1.jar at file:///opt/bitnami/spark/.ivy2/jars/org.apache.commons_commons-pool2-2.11.1.jar with timestamp 1718789953594
[2024-06-19T09:39:14.245+0000] {docker.py:413} INFO - 24/06/19 09:39:14 INFO Utils: Copying /opt/bitnami/spark/.ivy2/jars/org.apache.commons_commons-pool2-2.11.1.jar to /tmp/spark-5cfb71d7-4e63-489c-b8cf-1af86091a8ef/userFiles-985c7e4a-e811-4d5e-8f4e-7fb86ecb6491/org.apache.commons_commons-pool2-2.11.1.jar
[2024-06-19T09:39:14.249+0000] {docker.py:413} INFO - 24/06/19 09:39:14 INFO SparkContext: Added file file:///opt/bitnami/spark/.ivy2/jars/org.apache.hadoop_hadoop-client-runtime-3.3.4.jar at file:///opt/bitnami/spark/.ivy2/jars/org.apache.hadoop_hadoop-client-runtime-3.3.4.jar with timestamp 1718789953594
[2024-06-19T09:39:14.249+0000] {docker.py:413} INFO - 24/06/19 09:39:14 INFO Utils: Copying /opt/bitnami/spark/.ivy2/jars/org.apache.hadoop_hadoop-client-runtime-3.3.4.jar to /tmp/spark-5cfb71d7-4e63-489c-b8cf-1af86091a8ef/userFiles-985c7e4a-e811-4d5e-8f4e-7fb86ecb6491/org.apache.hadoop_hadoop-client-runtime-3.3.4.jar
[2024-06-19T09:39:14.376+0000] {docker.py:413} INFO - 24/06/19 09:39:14 INFO SparkContext: Added file file:///opt/bitnami/spark/.ivy2/jars/org.lz4_lz4-java-1.8.0.jar at file:///opt/bitnami/spark/.ivy2/jars/org.lz4_lz4-java-1.8.0.jar with timestamp 1718789953594
[2024-06-19T09:39:14.376+0000] {docker.py:413} INFO - 24/06/19 09:39:14 INFO Utils: Copying /opt/bitnami/spark/.ivy2/jars/org.lz4_lz4-java-1.8.0.jar to /tmp/spark-5cfb71d7-4e63-489c-b8cf-1af86091a8ef/userFiles-985c7e4a-e811-4d5e-8f4e-7fb86ecb6491/org.lz4_lz4-java-1.8.0.jar
[2024-06-19T09:39:14.380+0000] {docker.py:413} INFO - 24/06/19 09:39:14 INFO SparkContext: Added file file:///opt/bitnami/spark/.ivy2/jars/org.xerial.snappy_snappy-java-1.1.10.3.jar at file:///opt/bitnami/spark/.ivy2/jars/org.xerial.snappy_snappy-java-1.1.10.3.jar with timestamp 1718789953594
24/06/19 09:39:14 INFO Utils: Copying /opt/bitnami/spark/.ivy2/jars/org.xerial.snappy_snappy-java-1.1.10.3.jar to /tmp/spark-5cfb71d7-4e63-489c-b8cf-1af86091a8ef/userFiles-985c7e4a-e811-4d5e-8f4e-7fb86ecb6491/org.xerial.snappy_snappy-java-1.1.10.3.jar
[2024-06-19T09:39:14.387+0000] {docker.py:413} INFO - 24/06/19 09:39:14 INFO SparkContext: Added file file:///opt/bitnami/spark/.ivy2/jars/org.slf4j_slf4j-api-2.0.7.jar at file:///opt/bitnami/spark/.ivy2/jars/org.slf4j_slf4j-api-2.0.7.jar with timestamp 1718789953594
[2024-06-19T09:39:14.387+0000] {docker.py:413} INFO - 24/06/19 09:39:14 INFO Utils: Copying /opt/bitnami/spark/.ivy2/jars/org.slf4j_slf4j-api-2.0.7.jar to /tmp/spark-5cfb71d7-4e63-489c-b8cf-1af86091a8ef/userFiles-985c7e4a-e811-4d5e-8f4e-7fb86ecb6491/org.slf4j_slf4j-api-2.0.7.jar
[2024-06-19T09:39:14.390+0000] {docker.py:413} INFO - 24/06/19 09:39:14 INFO SparkContext: Added file file:///opt/bitnami/spark/.ivy2/jars/org.apache.hadoop_hadoop-client-api-3.3.4.jar at file:///opt/bitnami/spark/.ivy2/jars/org.apache.hadoop_hadoop-client-api-3.3.4.jar with timestamp 1718789953594
24/06/19 09:39:14 INFO Utils: Copying /opt/bitnami/spark/.ivy2/jars/org.apache.hadoop_hadoop-client-api-3.3.4.jar to /tmp/spark-5cfb71d7-4e63-489c-b8cf-1af86091a8ef/userFiles-985c7e4a-e811-4d5e-8f4e-7fb86ecb6491/org.apache.hadoop_hadoop-client-api-3.3.4.jar
[2024-06-19T09:39:14.467+0000] {docker.py:413} INFO - 24/06/19 09:39:14 INFO SparkContext: Added file file:///opt/bitnami/spark/.ivy2/jars/commons-logging_commons-logging-1.1.3.jar at file:///opt/bitnami/spark/.ivy2/jars/commons-logging_commons-logging-1.1.3.jar with timestamp 1718789953594
24/06/19 09:39:14 INFO Utils: Copying /opt/bitnami/spark/.ivy2/jars/commons-logging_commons-logging-1.1.3.jar to /tmp/spark-5cfb71d7-4e63-489c-b8cf-1af86091a8ef/userFiles-985c7e4a-e811-4d5e-8f4e-7fb86ecb6491/commons-logging_commons-logging-1.1.3.jar
[2024-06-19T09:39:14.512+0000] {docker.py:413} INFO - 24/06/19 09:39:14 INFO Executor: Starting executor ID driver on host localhost
[2024-06-19T09:39:14.512+0000] {docker.py:413} INFO - 24/06/19 09:39:14 INFO Executor: OS info Linux, 6.6.12-linuxkit, aarch64
[2024-06-19T09:39:14.513+0000] {docker.py:413} INFO - 24/06/19 09:39:14 INFO Executor: Java version 17.0.10
[2024-06-19T09:39:14.516+0000] {docker.py:413} INFO - 24/06/19 09:39:14 INFO Executor: Starting executor with user classpath (userClassPathFirst = false): ''
[2024-06-19T09:39:14.517+0000] {docker.py:413} INFO - 24/06/19 09:39:14 INFO Executor: Created or updated repl class loader org.apache.spark.util.MutableURLClassLoader@85c1d7f for default.
[2024-06-19T09:39:14.523+0000] {docker.py:413} INFO - 24/06/19 09:39:14 INFO Executor: Fetching file:///opt/bitnami/spark/.ivy2/jars/org.apache.spark_spark-token-provider-kafka-0-10_2.12-3.5.0.jar with timestamp 1718789953594
[2024-06-19T09:39:14.533+0000] {docker.py:413} INFO - 24/06/19 09:39:14 INFO Utils: /opt/bitnami/spark/.ivy2/jars/org.apache.spark_spark-token-provider-kafka-0-10_2.12-3.5.0.jar has been previously copied to /tmp/spark-5cfb71d7-4e63-489c-b8cf-1af86091a8ef/userFiles-985c7e4a-e811-4d5e-8f4e-7fb86ecb6491/org.apache.spark_spark-token-provider-kafka-0-10_2.12-3.5.0.jar
[2024-06-19T09:39:14.535+0000] {docker.py:413} INFO - 24/06/19 09:39:14 INFO Executor: Fetching file:///opt/bitnami/spark/.ivy2/jars/org.apache.hadoop_hadoop-client-runtime-3.3.4.jar with timestamp 1718789953594
[2024-06-19T09:39:14.548+0000] {docker.py:413} INFO - 24/06/19 09:39:14 INFO Utils: /opt/bitnami/spark/.ivy2/jars/org.apache.hadoop_hadoop-client-runtime-3.3.4.jar has been previously copied to /tmp/spark-5cfb71d7-4e63-489c-b8cf-1af86091a8ef/userFiles-985c7e4a-e811-4d5e-8f4e-7fb86ecb6491/org.apache.hadoop_hadoop-client-runtime-3.3.4.jar
[2024-06-19T09:39:14.550+0000] {docker.py:413} INFO - 24/06/19 09:39:14 INFO Executor: Fetching file:///opt/bitnami/spark/.ivy2/jars/org.apache.commons_commons-pool2-2.11.1.jar with timestamp 1718789953594
[2024-06-19T09:39:14.551+0000] {docker.py:413} INFO - 24/06/19 09:39:14 INFO Utils: /opt/bitnami/spark/.ivy2/jars/org.apache.commons_commons-pool2-2.11.1.jar has been previously copied to /tmp/spark-5cfb71d7-4e63-489c-b8cf-1af86091a8ef/userFiles-985c7e4a-e811-4d5e-8f4e-7fb86ecb6491/org.apache.commons_commons-pool2-2.11.1.jar
[2024-06-19T09:39:14.553+0000] {docker.py:413} INFO - 24/06/19 09:39:14 INFO Executor: Fetching file:///opt/bitnami/spark/.ivy2/jars/org.postgresql_postgresql-42.5.4.jar with timestamp 1718789953594
[2024-06-19T09:39:14.553+0000] {docker.py:413} INFO - 24/06/19 09:39:14 INFO Utils: /opt/bitnami/spark/.ivy2/jars/org.postgresql_postgresql-42.5.4.jar has been previously copied to /tmp/spark-5cfb71d7-4e63-489c-b8cf-1af86091a8ef/userFiles-985c7e4a-e811-4d5e-8f4e-7fb86ecb6491/org.postgresql_postgresql-42.5.4.jar
[2024-06-19T09:39:14.555+0000] {docker.py:413} INFO - 24/06/19 09:39:14 INFO Executor: Fetching file:///opt/bitnami/spark/.ivy2/jars/org.slf4j_slf4j-api-2.0.7.jar with timestamp 1718789953594
[2024-06-19T09:39:14.555+0000] {docker.py:413} INFO - 24/06/19 09:39:14 INFO Utils: /opt/bitnami/spark/.ivy2/jars/org.slf4j_slf4j-api-2.0.7.jar has been previously copied to /tmp/spark-5cfb71d7-4e63-489c-b8cf-1af86091a8ef/userFiles-985c7e4a-e811-4d5e-8f4e-7fb86ecb6491/org.slf4j_slf4j-api-2.0.7.jar
[2024-06-19T09:39:14.557+0000] {docker.py:413} INFO - 24/06/19 09:39:14 INFO Executor: Fetching file:///opt/bitnami/spark/.ivy2/jars/org.apache.kafka_kafka-clients-3.4.1.jar with timestamp 1718789953594
[2024-06-19T09:39:14.559+0000] {docker.py:413} INFO - 24/06/19 09:39:14 INFO Utils: /opt/bitnami/spark/.ivy2/jars/org.apache.kafka_kafka-clients-3.4.1.jar has been previously copied to /tmp/spark-5cfb71d7-4e63-489c-b8cf-1af86091a8ef/userFiles-985c7e4a-e811-4d5e-8f4e-7fb86ecb6491/org.apache.kafka_kafka-clients-3.4.1.jar
[2024-06-19T09:39:14.561+0000] {docker.py:413} INFO - 24/06/19 09:39:14 INFO Executor: Fetching file:///opt/bitnami/spark/.ivy2/jars/com.google.code.findbugs_jsr305-3.0.0.jar with timestamp 1718789953594
[2024-06-19T09:39:14.562+0000] {docker.py:413} INFO - 24/06/19 09:39:14 INFO Utils: /opt/bitnami/spark/.ivy2/jars/com.google.code.findbugs_jsr305-3.0.0.jar has been previously copied to /tmp/spark-5cfb71d7-4e63-489c-b8cf-1af86091a8ef/userFiles-985c7e4a-e811-4d5e-8f4e-7fb86ecb6491/com.google.code.findbugs_jsr305-3.0.0.jar
[2024-06-19T09:39:14.564+0000] {docker.py:413} INFO - 24/06/19 09:39:14 INFO Executor: Fetching file:///opt/bitnami/spark/.ivy2/jars/org.lz4_lz4-java-1.8.0.jar with timestamp 1718789953594
[2024-06-19T09:39:14.565+0000] {docker.py:413} INFO - 24/06/19 09:39:14 INFO Utils: /opt/bitnami/spark/.ivy2/jars/org.lz4_lz4-java-1.8.0.jar has been previously copied to /tmp/spark-5cfb71d7-4e63-489c-b8cf-1af86091a8ef/userFiles-985c7e4a-e811-4d5e-8f4e-7fb86ecb6491/org.lz4_lz4-java-1.8.0.jar
[2024-06-19T09:39:14.566+0000] {docker.py:413} INFO - 24/06/19 09:39:14 INFO Executor: Fetching file:///opt/bitnami/spark/.ivy2/jars/org.apache.spark_spark-sql-kafka-0-10_2.12-3.5.0.jar with timestamp 1718789953594
[2024-06-19T09:39:14.567+0000] {docker.py:413} INFO - 24/06/19 09:39:14 INFO Utils: /opt/bitnami/spark/.ivy2/jars/org.apache.spark_spark-sql-kafka-0-10_2.12-3.5.0.jar has been previously copied to /tmp/spark-5cfb71d7-4e63-489c-b8cf-1af86091a8ef/userFiles-985c7e4a-e811-4d5e-8f4e-7fb86ecb6491/org.apache.spark_spark-sql-kafka-0-10_2.12-3.5.0.jar
[2024-06-19T09:39:14.570+0000] {docker.py:413} INFO - 24/06/19 09:39:14 INFO Executor: Fetching file:///opt/bitnami/spark/.ivy2/jars/org.apache.hadoop_hadoop-client-api-3.3.4.jar with timestamp 1718789953594
[2024-06-19T09:39:14.576+0000] {docker.py:413} INFO - 24/06/19 09:39:14 INFO Utils: /opt/bitnami/spark/.ivy2/jars/org.apache.hadoop_hadoop-client-api-3.3.4.jar has been previously copied to /tmp/spark-5cfb71d7-4e63-489c-b8cf-1af86091a8ef/userFiles-985c7e4a-e811-4d5e-8f4e-7fb86ecb6491/org.apache.hadoop_hadoop-client-api-3.3.4.jar
[2024-06-19T09:39:14.578+0000] {docker.py:413} INFO - 24/06/19 09:39:14 INFO Executor: Fetching file:///opt/bitnami/spark/.ivy2/jars/commons-logging_commons-logging-1.1.3.jar with timestamp 1718789953594
[2024-06-19T09:39:14.579+0000] {docker.py:413} INFO - 24/06/19 09:39:14 INFO Utils: /opt/bitnami/spark/.ivy2/jars/commons-logging_commons-logging-1.1.3.jar has been previously copied to /tmp/spark-5cfb71d7-4e63-489c-b8cf-1af86091a8ef/userFiles-985c7e4a-e811-4d5e-8f4e-7fb86ecb6491/commons-logging_commons-logging-1.1.3.jar
[2024-06-19T09:39:14.580+0000] {docker.py:413} INFO - 24/06/19 09:39:14 INFO Executor: Fetching file:///opt/bitnami/spark/.ivy2/jars/org.checkerframework_checker-qual-3.5.0.jar with timestamp 1718789953594
[2024-06-19T09:39:14.581+0000] {docker.py:413} INFO - 24/06/19 09:39:14 INFO Utils: /opt/bitnami/spark/.ivy2/jars/org.checkerframework_checker-qual-3.5.0.jar has been previously copied to /tmp/spark-5cfb71d7-4e63-489c-b8cf-1af86091a8ef/userFiles-985c7e4a-e811-4d5e-8f4e-7fb86ecb6491/org.checkerframework_checker-qual-3.5.0.jar
[2024-06-19T09:39:14.583+0000] {docker.py:413} INFO - 24/06/19 09:39:14 INFO Executor: Fetching file:///opt/bitnami/spark/.ivy2/jars/org.xerial.snappy_snappy-java-1.1.10.3.jar with timestamp 1718789953594
[2024-06-19T09:39:14.584+0000] {docker.py:413} INFO - 24/06/19 09:39:14 INFO Utils: /opt/bitnami/spark/.ivy2/jars/org.xerial.snappy_snappy-java-1.1.10.3.jar has been previously copied to /tmp/spark-5cfb71d7-4e63-489c-b8cf-1af86091a8ef/userFiles-985c7e4a-e811-4d5e-8f4e-7fb86ecb6491/org.xerial.snappy_snappy-java-1.1.10.3.jar
[2024-06-19T09:39:14.587+0000] {docker.py:413} INFO - 24/06/19 09:39:14 INFO Executor: Fetching spark://localhost:45057/jars/org.apache.commons_commons-pool2-2.11.1.jar with timestamp 1718789953594
[2024-06-19T09:39:14.612+0000] {docker.py:413} INFO - 24/06/19 09:39:14 INFO TransportClientFactory: Successfully created connection to localhost/127.0.0.1:45057 after 15 ms (0 ms spent in bootstraps)
[2024-06-19T09:39:14.615+0000] {docker.py:413} INFO - 24/06/19 09:39:14 INFO Utils: Fetching spark://localhost:45057/jars/org.apache.commons_commons-pool2-2.11.1.jar to /tmp/spark-5cfb71d7-4e63-489c-b8cf-1af86091a8ef/userFiles-985c7e4a-e811-4d5e-8f4e-7fb86ecb6491/fetchFileTemp17469209988187732329.tmp
[2024-06-19T09:39:14.661+0000] {docker.py:413} INFO - 24/06/19 09:39:14 INFO Utils: /tmp/spark-5cfb71d7-4e63-489c-b8cf-1af86091a8ef/userFiles-985c7e4a-e811-4d5e-8f4e-7fb86ecb6491/fetchFileTemp17469209988187732329.tmp has been previously copied to /tmp/spark-5cfb71d7-4e63-489c-b8cf-1af86091a8ef/userFiles-985c7e4a-e811-4d5e-8f4e-7fb86ecb6491/org.apache.commons_commons-pool2-2.11.1.jar
[2024-06-19T09:39:14.667+0000] {docker.py:413} INFO - 24/06/19 09:39:14 INFO Executor: Adding file:/tmp/spark-5cfb71d7-4e63-489c-b8cf-1af86091a8ef/userFiles-985c7e4a-e811-4d5e-8f4e-7fb86ecb6491/org.apache.commons_commons-pool2-2.11.1.jar to class loader default
24/06/19 09:39:14 INFO Executor: Fetching spark://localhost:45057/jars/org.lz4_lz4-java-1.8.0.jar with timestamp 1718789953594
[2024-06-19T09:39:14.669+0000] {docker.py:413} INFO - 24/06/19 09:39:14 INFO Utils: Fetching spark://localhost:45057/jars/org.lz4_lz4-java-1.8.0.jar to /tmp/spark-5cfb71d7-4e63-489c-b8cf-1af86091a8ef/userFiles-985c7e4a-e811-4d5e-8f4e-7fb86ecb6491/fetchFileTemp8868919535408524982.tmp
[2024-06-19T09:39:14.674+0000] {docker.py:413} INFO - 24/06/19 09:39:14 INFO Utils: /tmp/spark-5cfb71d7-4e63-489c-b8cf-1af86091a8ef/userFiles-985c7e4a-e811-4d5e-8f4e-7fb86ecb6491/fetchFileTemp8868919535408524982.tmp has been previously copied to /tmp/spark-5cfb71d7-4e63-489c-b8cf-1af86091a8ef/userFiles-985c7e4a-e811-4d5e-8f4e-7fb86ecb6491/org.lz4_lz4-java-1.8.0.jar
[2024-06-19T09:39:14.678+0000] {docker.py:413} INFO - 24/06/19 09:39:14 INFO Executor: Adding file:/tmp/spark-5cfb71d7-4e63-489c-b8cf-1af86091a8ef/userFiles-985c7e4a-e811-4d5e-8f4e-7fb86ecb6491/org.lz4_lz4-java-1.8.0.jar to class loader default
[2024-06-19T09:39:14.679+0000] {docker.py:413} INFO - 24/06/19 09:39:14 INFO Executor: Fetching spark://localhost:45057/jars/org.xerial.snappy_snappy-java-1.1.10.3.jar with timestamp 1718789953594
[2024-06-19T09:39:14.681+0000] {docker.py:413} INFO - 24/06/19 09:39:14 INFO Utils: Fetching spark://localhost:45057/jars/org.xerial.snappy_snappy-java-1.1.10.3.jar to /tmp/spark-5cfb71d7-4e63-489c-b8cf-1af86091a8ef/userFiles-985c7e4a-e811-4d5e-8f4e-7fb86ecb6491/fetchFileTemp7744609254660004055.tmp
[2024-06-19T09:39:14.695+0000] {docker.py:413} INFO - 24/06/19 09:39:14 INFO Utils: /tmp/spark-5cfb71d7-4e63-489c-b8cf-1af86091a8ef/userFiles-985c7e4a-e811-4d5e-8f4e-7fb86ecb6491/fetchFileTemp7744609254660004055.tmp has been previously copied to /tmp/spark-5cfb71d7-4e63-489c-b8cf-1af86091a8ef/userFiles-985c7e4a-e811-4d5e-8f4e-7fb86ecb6491/org.xerial.snappy_snappy-java-1.1.10.3.jar
[2024-06-19T09:39:14.698+0000] {docker.py:413} INFO - 24/06/19 09:39:14 INFO Executor: Adding file:/tmp/spark-5cfb71d7-4e63-489c-b8cf-1af86091a8ef/userFiles-985c7e4a-e811-4d5e-8f4e-7fb86ecb6491/org.xerial.snappy_snappy-java-1.1.10.3.jar to class loader default
24/06/19 09:39:14 INFO Executor: Fetching spark://localhost:45057/jars/org.apache.spark_spark-sql-kafka-0-10_2.12-3.5.0.jar with timestamp 1718789953594
[2024-06-19T09:39:14.699+0000] {docker.py:413} INFO - 24/06/19 09:39:14 INFO Utils: Fetching spark://localhost:45057/jars/org.apache.spark_spark-sql-kafka-0-10_2.12-3.5.0.jar to /tmp/spark-5cfb71d7-4e63-489c-b8cf-1af86091a8ef/userFiles-985c7e4a-e811-4d5e-8f4e-7fb86ecb6491/fetchFileTemp9461272938759355438.tmp
[2024-06-19T09:39:14.701+0000] {docker.py:413} INFO - 24/06/19 09:39:14 INFO Utils: /tmp/spark-5cfb71d7-4e63-489c-b8cf-1af86091a8ef/userFiles-985c7e4a-e811-4d5e-8f4e-7fb86ecb6491/fetchFileTemp9461272938759355438.tmp has been previously copied to /tmp/spark-5cfb71d7-4e63-489c-b8cf-1af86091a8ef/userFiles-985c7e4a-e811-4d5e-8f4e-7fb86ecb6491/org.apache.spark_spark-sql-kafka-0-10_2.12-3.5.0.jar
[2024-06-19T09:39:14.704+0000] {docker.py:413} INFO - 24/06/19 09:39:14 INFO Executor: Adding file:/tmp/spark-5cfb71d7-4e63-489c-b8cf-1af86091a8ef/userFiles-985c7e4a-e811-4d5e-8f4e-7fb86ecb6491/org.apache.spark_spark-sql-kafka-0-10_2.12-3.5.0.jar to class loader default
[2024-06-19T09:39:14.704+0000] {docker.py:413} INFO - 24/06/19 09:39:14 INFO Executor: Fetching spark://localhost:45057/jars/org.slf4j_slf4j-api-2.0.7.jar with timestamp 1718789953594
[2024-06-19T09:39:14.705+0000] {docker.py:413} INFO - 24/06/19 09:39:14 INFO Utils: Fetching spark://localhost:45057/jars/org.slf4j_slf4j-api-2.0.7.jar to /tmp/spark-5cfb71d7-4e63-489c-b8cf-1af86091a8ef/userFiles-985c7e4a-e811-4d5e-8f4e-7fb86ecb6491/fetchFileTemp11632830969524358895.tmp
[2024-06-19T09:39:14.706+0000] {docker.py:413} INFO - 24/06/19 09:39:14 INFO Utils: /tmp/spark-5cfb71d7-4e63-489c-b8cf-1af86091a8ef/userFiles-985c7e4a-e811-4d5e-8f4e-7fb86ecb6491/fetchFileTemp11632830969524358895.tmp has been previously copied to /tmp/spark-5cfb71d7-4e63-489c-b8cf-1af86091a8ef/userFiles-985c7e4a-e811-4d5e-8f4e-7fb86ecb6491/org.slf4j_slf4j-api-2.0.7.jar
[2024-06-19T09:39:14.709+0000] {docker.py:413} INFO - 24/06/19 09:39:14 INFO Executor: Adding file:/tmp/spark-5cfb71d7-4e63-489c-b8cf-1af86091a8ef/userFiles-985c7e4a-e811-4d5e-8f4e-7fb86ecb6491/org.slf4j_slf4j-api-2.0.7.jar to class loader default
24/06/19 09:39:14 INFO Executor: Fetching spark://localhost:45057/jars/org.apache.kafka_kafka-clients-3.4.1.jar with timestamp 1718789953594
[2024-06-19T09:39:14.710+0000] {docker.py:413} INFO - 24/06/19 09:39:14 INFO Utils: Fetching spark://localhost:45057/jars/org.apache.kafka_kafka-clients-3.4.1.jar to /tmp/spark-5cfb71d7-4e63-489c-b8cf-1af86091a8ef/userFiles-985c7e4a-e811-4d5e-8f4e-7fb86ecb6491/fetchFileTemp14696992613137585721.tmp
[2024-06-19T09:39:14.733+0000] {docker.py:413} INFO - 24/06/19 09:39:14 INFO Utils: /tmp/spark-5cfb71d7-4e63-489c-b8cf-1af86091a8ef/userFiles-985c7e4a-e811-4d5e-8f4e-7fb86ecb6491/fetchFileTemp14696992613137585721.tmp has been previously copied to /tmp/spark-5cfb71d7-4e63-489c-b8cf-1af86091a8ef/userFiles-985c7e4a-e811-4d5e-8f4e-7fb86ecb6491/org.apache.kafka_kafka-clients-3.4.1.jar
[2024-06-19T09:39:14.736+0000] {docker.py:413} INFO - 24/06/19 09:39:14 INFO Executor: Adding file:/tmp/spark-5cfb71d7-4e63-489c-b8cf-1af86091a8ef/userFiles-985c7e4a-e811-4d5e-8f4e-7fb86ecb6491/org.apache.kafka_kafka-clients-3.4.1.jar to class loader default
24/06/19 09:39:14 INFO Executor: Fetching spark://localhost:45057/jars/org.apache.spark_spark-token-provider-kafka-0-10_2.12-3.5.0.jar with timestamp 1718789953594
[2024-06-19T09:39:14.738+0000] {docker.py:413} INFO - 24/06/19 09:39:14 INFO Utils: Fetching spark://localhost:45057/jars/org.apache.spark_spark-token-provider-kafka-0-10_2.12-3.5.0.jar to /tmp/spark-5cfb71d7-4e63-489c-b8cf-1af86091a8ef/userFiles-985c7e4a-e811-4d5e-8f4e-7fb86ecb6491/fetchFileTemp11871459487162747208.tmp
[2024-06-19T09:39:14.738+0000] {docker.py:413} INFO - 24/06/19 09:39:14 INFO Utils: /tmp/spark-5cfb71d7-4e63-489c-b8cf-1af86091a8ef/userFiles-985c7e4a-e811-4d5e-8f4e-7fb86ecb6491/fetchFileTemp11871459487162747208.tmp has been previously copied to /tmp/spark-5cfb71d7-4e63-489c-b8cf-1af86091a8ef/userFiles-985c7e4a-e811-4d5e-8f4e-7fb86ecb6491/org.apache.spark_spark-token-provider-kafka-0-10_2.12-3.5.0.jar
[2024-06-19T09:39:14.740+0000] {docker.py:413} INFO - 24/06/19 09:39:14 INFO Executor: Adding file:/tmp/spark-5cfb71d7-4e63-489c-b8cf-1af86091a8ef/userFiles-985c7e4a-e811-4d5e-8f4e-7fb86ecb6491/org.apache.spark_spark-token-provider-kafka-0-10_2.12-3.5.0.jar to class loader default
[2024-06-19T09:39:14.741+0000] {docker.py:413} INFO - 24/06/19 09:39:14 INFO Executor: Fetching spark://localhost:45057/jars/org.checkerframework_checker-qual-3.5.0.jar with timestamp 1718789953594
[2024-06-19T09:39:14.742+0000] {docker.py:413} INFO - 24/06/19 09:39:14 INFO Utils: Fetching spark://localhost:45057/jars/org.checkerframework_checker-qual-3.5.0.jar to /tmp/spark-5cfb71d7-4e63-489c-b8cf-1af86091a8ef/userFiles-985c7e4a-e811-4d5e-8f4e-7fb86ecb6491/fetchFileTemp136628637299414236.tmp
[2024-06-19T09:39:14.743+0000] {docker.py:413} INFO - 24/06/19 09:39:14 INFO Utils: /tmp/spark-5cfb71d7-4e63-489c-b8cf-1af86091a8ef/userFiles-985c7e4a-e811-4d5e-8f4e-7fb86ecb6491/fetchFileTemp136628637299414236.tmp has been previously copied to /tmp/spark-5cfb71d7-4e63-489c-b8cf-1af86091a8ef/userFiles-985c7e4a-e811-4d5e-8f4e-7fb86ecb6491/org.checkerframework_checker-qual-3.5.0.jar
[2024-06-19T09:39:14.747+0000] {docker.py:413} INFO - 24/06/19 09:39:14 INFO Executor: Adding file:/tmp/spark-5cfb71d7-4e63-489c-b8cf-1af86091a8ef/userFiles-985c7e4a-e811-4d5e-8f4e-7fb86ecb6491/org.checkerframework_checker-qual-3.5.0.jar to class loader default
24/06/19 09:39:14 INFO Executor: Fetching spark://localhost:45057/jars/commons-logging_commons-logging-1.1.3.jar with timestamp 1718789953594
[2024-06-19T09:39:14.748+0000] {docker.py:413} INFO - 24/06/19 09:39:14 INFO Utils: Fetching spark://localhost:45057/jars/commons-logging_commons-logging-1.1.3.jar to /tmp/spark-5cfb71d7-4e63-489c-b8cf-1af86091a8ef/userFiles-985c7e4a-e811-4d5e-8f4e-7fb86ecb6491/fetchFileTemp692128068829426639.tmp
[2024-06-19T09:39:14.749+0000] {docker.py:413} INFO - 24/06/19 09:39:14 INFO Utils: /tmp/spark-5cfb71d7-4e63-489c-b8cf-1af86091a8ef/userFiles-985c7e4a-e811-4d5e-8f4e-7fb86ecb6491/fetchFileTemp692128068829426639.tmp has been previously copied to /tmp/spark-5cfb71d7-4e63-489c-b8cf-1af86091a8ef/userFiles-985c7e4a-e811-4d5e-8f4e-7fb86ecb6491/commons-logging_commons-logging-1.1.3.jar
[2024-06-19T09:39:14.751+0000] {docker.py:413} INFO - 24/06/19 09:39:14 INFO Executor: Adding file:/tmp/spark-5cfb71d7-4e63-489c-b8cf-1af86091a8ef/userFiles-985c7e4a-e811-4d5e-8f4e-7fb86ecb6491/commons-logging_commons-logging-1.1.3.jar to class loader default
[2024-06-19T09:39:14.752+0000] {docker.py:413} INFO - 24/06/19 09:39:14 INFO Executor: Fetching spark://localhost:45057/jars/org.apache.hadoop_hadoop-client-runtime-3.3.4.jar with timestamp 1718789953594
[2024-06-19T09:39:14.752+0000] {docker.py:413} INFO - 24/06/19 09:39:14 INFO Utils: Fetching spark://localhost:45057/jars/org.apache.hadoop_hadoop-client-runtime-3.3.4.jar to /tmp/spark-5cfb71d7-4e63-489c-b8cf-1af86091a8ef/userFiles-985c7e4a-e811-4d5e-8f4e-7fb86ecb6491/fetchFileTemp3874476455814909388.tmp
[2024-06-19T09:39:14.952+0000] {docker.py:413} INFO - 24/06/19 09:39:14 INFO Utils: /tmp/spark-5cfb71d7-4e63-489c-b8cf-1af86091a8ef/userFiles-985c7e4a-e811-4d5e-8f4e-7fb86ecb6491/fetchFileTemp3874476455814909388.tmp has been previously copied to /tmp/spark-5cfb71d7-4e63-489c-b8cf-1af86091a8ef/userFiles-985c7e4a-e811-4d5e-8f4e-7fb86ecb6491/org.apache.hadoop_hadoop-client-runtime-3.3.4.jar
[2024-06-19T09:39:14.959+0000] {docker.py:413} INFO - 24/06/19 09:39:14 INFO Executor: Adding file:/tmp/spark-5cfb71d7-4e63-489c-b8cf-1af86091a8ef/userFiles-985c7e4a-e811-4d5e-8f4e-7fb86ecb6491/org.apache.hadoop_hadoop-client-runtime-3.3.4.jar to class loader default
[2024-06-19T09:39:14.960+0000] {docker.py:413} INFO - 24/06/19 09:39:14 INFO Executor: Fetching spark://localhost:45057/jars/org.postgresql_postgresql-42.5.4.jar with timestamp 1718789953594
[2024-06-19T09:39:14.961+0000] {docker.py:413} INFO - 24/06/19 09:39:14 INFO Utils: Fetching spark://localhost:45057/jars/org.postgresql_postgresql-42.5.4.jar to /tmp/spark-5cfb71d7-4e63-489c-b8cf-1af86091a8ef/userFiles-985c7e4a-e811-4d5e-8f4e-7fb86ecb6491/fetchFileTemp14189789259886758331.tmp
[2024-06-19T09:39:14.963+0000] {docker.py:413} INFO - 24/06/19 09:39:14 INFO Utils: /tmp/spark-5cfb71d7-4e63-489c-b8cf-1af86091a8ef/userFiles-985c7e4a-e811-4d5e-8f4e-7fb86ecb6491/fetchFileTemp14189789259886758331.tmp has been previously copied to /tmp/spark-5cfb71d7-4e63-489c-b8cf-1af86091a8ef/userFiles-985c7e4a-e811-4d5e-8f4e-7fb86ecb6491/org.postgresql_postgresql-42.5.4.jar
[2024-06-19T09:39:14.969+0000] {docker.py:413} INFO - 24/06/19 09:39:14 INFO Executor: Adding file:/tmp/spark-5cfb71d7-4e63-489c-b8cf-1af86091a8ef/userFiles-985c7e4a-e811-4d5e-8f4e-7fb86ecb6491/org.postgresql_postgresql-42.5.4.jar to class loader default
24/06/19 09:39:14 INFO Executor: Fetching spark://localhost:45057/jars/com.google.code.findbugs_jsr305-3.0.0.jar with timestamp 1718789953594
[2024-06-19T09:39:14.970+0000] {docker.py:413} INFO - 24/06/19 09:39:14 INFO Utils: Fetching spark://localhost:45057/jars/com.google.code.findbugs_jsr305-3.0.0.jar to /tmp/spark-5cfb71d7-4e63-489c-b8cf-1af86091a8ef/userFiles-985c7e4a-e811-4d5e-8f4e-7fb86ecb6491/fetchFileTemp16107947015020856065.tmp
[2024-06-19T09:39:14.970+0000] {docker.py:413} INFO - 24/06/19 09:39:14 INFO Utils: /tmp/spark-5cfb71d7-4e63-489c-b8cf-1af86091a8ef/userFiles-985c7e4a-e811-4d5e-8f4e-7fb86ecb6491/fetchFileTemp16107947015020856065.tmp has been previously copied to /tmp/spark-5cfb71d7-4e63-489c-b8cf-1af86091a8ef/userFiles-985c7e4a-e811-4d5e-8f4e-7fb86ecb6491/com.google.code.findbugs_jsr305-3.0.0.jar
[2024-06-19T09:39:14.973+0000] {docker.py:413} INFO - 24/06/19 09:39:14 INFO Executor: Adding file:/tmp/spark-5cfb71d7-4e63-489c-b8cf-1af86091a8ef/userFiles-985c7e4a-e811-4d5e-8f4e-7fb86ecb6491/com.google.code.findbugs_jsr305-3.0.0.jar to class loader default
[2024-06-19T09:39:14.973+0000] {docker.py:413} INFO - 24/06/19 09:39:14 INFO Executor: Fetching spark://localhost:45057/jars/org.apache.hadoop_hadoop-client-api-3.3.4.jar with timestamp 1718789953594
[2024-06-19T09:39:14.975+0000] {docker.py:413} INFO - 24/06/19 09:39:14 INFO Utils: Fetching spark://localhost:45057/jars/org.apache.hadoop_hadoop-client-api-3.3.4.jar to /tmp/spark-5cfb71d7-4e63-489c-b8cf-1af86091a8ef/userFiles-985c7e4a-e811-4d5e-8f4e-7fb86ecb6491/fetchFileTemp16155373022221283229.tmp
[2024-06-19T09:39:14.997+0000] {docker.py:413} INFO - 24/06/19 09:39:14 INFO Utils: /tmp/spark-5cfb71d7-4e63-489c-b8cf-1af86091a8ef/userFiles-985c7e4a-e811-4d5e-8f4e-7fb86ecb6491/fetchFileTemp16155373022221283229.tmp has been previously copied to /tmp/spark-5cfb71d7-4e63-489c-b8cf-1af86091a8ef/userFiles-985c7e4a-e811-4d5e-8f4e-7fb86ecb6491/org.apache.hadoop_hadoop-client-api-3.3.4.jar
[2024-06-19T09:39:14.999+0000] {docker.py:413} INFO - 24/06/19 09:39:14 INFO Executor: Adding file:/tmp/spark-5cfb71d7-4e63-489c-b8cf-1af86091a8ef/userFiles-985c7e4a-e811-4d5e-8f4e-7fb86ecb6491/org.apache.hadoop_hadoop-client-api-3.3.4.jar to class loader default
[2024-06-19T09:39:15.004+0000] {docker.py:413} INFO - 24/06/19 09:39:15 INFO Utils: Successfully started service 'org.apache.spark.network.netty.NettyBlockTransferService' on port 45865.
[2024-06-19T09:39:15.005+0000] {docker.py:413} INFO - 24/06/19 09:39:15 INFO NettyBlockTransferService: Server created on localhost:45865
[2024-06-19T09:39:15.005+0000] {docker.py:413} INFO - 24/06/19 09:39:15 INFO BlockManager: Using org.apache.spark.storage.RandomBlockReplicationPolicy for block replication policy
[2024-06-19T09:39:15.009+0000] {docker.py:413} INFO - 24/06/19 09:39:15 INFO BlockManagerMaster: Registering BlockManager BlockManagerId(driver, localhost, 45865, None)
[2024-06-19T09:39:15.011+0000] {docker.py:413} INFO - 24/06/19 09:39:15 INFO BlockManagerMasterEndpoint: Registering block manager localhost:45865 with 434.4 MiB RAM, BlockManagerId(driver, localhost, 45865, None)
[2024-06-19T09:39:15.012+0000] {docker.py:413} INFO - 24/06/19 09:39:15 INFO BlockManagerMaster: Registered BlockManager BlockManagerId(driver, localhost, 45865, None)
[2024-06-19T09:39:15.013+0000] {docker.py:413} INFO - 24/06/19 09:39:15 INFO BlockManager: Initialized BlockManager: BlockManagerId(driver, localhost, 45865, None)
[2024-06-19T09:39:15.237+0000] {docker.py:413} INFO - 2024-06-19 09:39:15,235:create_spark_session:INFO:Spark session created successfully
[2024-06-19T09:39:15.239+0000] {docker.py:413} INFO - 24/06/19 09:39:15 INFO SharedState: Setting hive.metastore.warehouse.dir ('null') to the value of spark.sql.warehouse.dir.
[2024-06-19T09:39:15.240+0000] {docker.py:413} INFO - 24/06/19 09:39:15 INFO SharedState: Warehouse path is 'file:/opt/bitnami/spark/spark-warehouse'.
[2024-06-19T09:39:16.081+0000] {docker.py:413} INFO - 2024-06-19 09:39:16,081:create_initial_dataframe:INFO:Initial dataframe created successfully
[2024-06-19T09:39:16.090+0000] {docker.py:413} INFO - 2024-06-19 09:39:16,089:create_initial_dataframe:INFO:Initial dataframe created successfully
[2024-06-19T09:39:16.099+0000] {docker.py:413} INFO - 2024-06-19 09:39:16,098:create_initial_dataframe:INFO:Initial dataframe created successfully
[2024-06-19T09:39:16.259+0000] {docker.py:413} INFO - 24/06/19 09:39:16 WARN SparkStringUtils: Truncated the string representation of a plan since it was too large. This behavior can be adjusted by setting 'spark.sql.debug.maxToStringFields'.
[2024-06-19T09:39:16.394+0000] {docker.py:413} INFO - 2024-06-19 09:39:16,393:start_streaming:INFO:Start streaming into {keys}
[2024-06-19T09:39:16.567+0000] {docker.py:413} INFO - Traceback (most recent call last):
  File "/opt/bitnami/spark/spark_streaming.py", line 153, in <module>
    write_to_postgres()
  File "/opt/bitnami/spark/spark_streaming.py", line 149, in write_to_postgres
[2024-06-19T09:39:16.567+0000] {docker.py:413} INFO - start_streaming(df_final, spark=spark)
  File "/opt/bitnami/spark/spark_streaming.py", line 137, in start_streaming
    query = df.write.jdbc(
            ^^^^^^^^
  File "/opt/bitnami/spark/python/lib/pyspark.zip/pyspark/sql/dataframe.py", line 509, in write
  File "/opt/bitnami/spark/python/lib/pyspark.zip/pyspark/sql/readwriter.py", line 964, in __init__
  File "/opt/bitnami/spark/python/lib/py4j-0.10.9.7-src.zip/py4j/java_gateway.py", line 1322, in __call__
  File "/opt/bitnami/spark/python/lib/pyspark.zip/pyspark/errors/exceptions/captured.py", line 185, in deco
pyspark.errors.exceptions.captured.AnalysisException
[2024-06-19T09:39:16.571+0000] {docker.py:413} INFO - : [CALL_ON_STREAMING_DATASET_UNSUPPORTED] The method `write` can not be called on streaming Dataset/DataFrame.
[2024-06-19T09:39:16.571+0000] {docker.py:413} INFO - 2024-06-19 09:39:16,570:close:INFO:Closing down clientserver connection
[2024-06-19T09:39:16.589+0000] {docker.py:413} INFO - 24/06/19 09:39:16 INFO SparkContext: Invoking stop() from shutdown hook
[2024-06-19T09:39:16.590+0000] {docker.py:413} INFO - 24/06/19 09:39:16 INFO SparkContext: SparkContext is stopping with exitCode 0.
[2024-06-19T09:39:16.594+0000] {docker.py:413} INFO - 24/06/19 09:39:16 INFO SparkUI: Stopped Spark web UI at http://localhost:4040
[2024-06-19T09:39:16.601+0000] {docker.py:413} INFO - 24/06/19 09:39:16 INFO MapOutputTrackerMasterEndpoint: MapOutputTrackerMasterEndpoint stopped!
[2024-06-19T09:39:16.608+0000] {docker.py:413} INFO - 24/06/19 09:39:16 INFO MemoryStore: MemoryStore cleared
[2024-06-19T09:39:16.609+0000] {docker.py:413} INFO - 24/06/19 09:39:16 INFO BlockManager: BlockManager stopped
[2024-06-19T09:39:16.612+0000] {docker.py:413} INFO - 24/06/19 09:39:16 INFO BlockManagerMaster: BlockManagerMaster stopped
[2024-06-19T09:39:16.614+0000] {docker.py:413} INFO - 24/06/19 09:39:16 INFO OutputCommitCoordinator$OutputCommitCoordinatorEndpoint: OutputCommitCoordinator stopped!
[2024-06-19T09:39:16.622+0000] {docker.py:413} INFO - 24/06/19 09:39:16 INFO SparkContext: Successfully stopped SparkContext
[2024-06-19T09:39:16.623+0000] {docker.py:413} INFO - 24/06/19 09:39:16 INFO ShutdownHookManager: Shutdown hook called
[2024-06-19T09:39:16.624+0000] {docker.py:413} INFO - 24/06/19 09:39:16 INFO ShutdownHookManager: Deleting directory /tmp/spark-5cfb71d7-4e63-489c-b8cf-1af86091a8ef
[2024-06-19T09:39:16.624+0000] {docker.py:413} INFO - 24/06/19 09:39:16 INFO ShutdownHookManager: Deleting directory /tmp/spark-5cfb71d7-4e63-489c-b8cf-1af86091a8ef/pyspark-a51b6af3-e5af-4816-8e92-4348f45d2fe0
[2024-06-19T09:39:16.626+0000] {docker.py:413} INFO - 24/06/19 09:39:16 INFO ShutdownHookManager: Deleting directory /tmp/spark-a2f8bb0c-bf04-4849-8f7f-6a57ab4d3b34
[2024-06-19T09:39:17.000+0000] {taskinstance.py:1937} ERROR - Task failed with exception
Traceback (most recent call last):
  File "/home/airflow/.local/lib/python3.8/site-packages/docker/api/client.py", line 268, in _raise_for_status
    response.raise_for_status()
  File "/home/airflow/.local/lib/python3.8/site-packages/requests/models.py", line 1021, in raise_for_status
    raise HTTPError(http_error_msg, response=self)
requests.exceptions.HTTPError: 400 Client Error: Bad Request for url: http://docker-proxy:2375/v1.44/containers/create

The above exception was the direct cause of the following exception:

Traceback (most recent call last):
  File "/home/airflow/.local/lib/python3.8/site-packages/airflow/providers/docker/operators/docker.py", line 348, in _run_image
    return self._run_image_with_mounts([*self.mounts, tmp_mount], add_tmp_variable=True)
  File "/home/airflow/.local/lib/python3.8/site-packages/airflow/providers/docker/operators/docker.py", line 375, in _run_image_with_mounts
    self.container = self.cli.create_container(
  File "/home/airflow/.local/lib/python3.8/site-packages/docker/api/container.py", line 431, in create_container
    return self.create_container_from_config(config, name, platform)
  File "/home/airflow/.local/lib/python3.8/site-packages/docker/api/container.py", line 448, in create_container_from_config
    return self._result(res, True)
  File "/home/airflow/.local/lib/python3.8/site-packages/docker/api/client.py", line 274, in _result
    self._raise_for_status(response)
  File "/home/airflow/.local/lib/python3.8/site-packages/docker/api/client.py", line 270, in _raise_for_status
    raise create_api_error_from_http_exception(e) from e
  File "/home/airflow/.local/lib/python3.8/site-packages/docker/errors.py", line 39, in create_api_error_from_http_exception
    raise cls(e, response=response, explanation=explanation) from e
docker.errors.APIError: 400 Client Error for http://docker-proxy:2375/v1.44/containers/create: Bad Request ("invalid mount config for type "bind": bind source path does not exist: /host_mnt/private/tmp/airflowtmp8i9vh8ap")

During handling of the above exception, another exception occurred:

Traceback (most recent call last):
  File "/home/airflow/.local/lib/python3.8/site-packages/airflow/providers/docker/operators/docker.py", line 486, in execute
    return self._run_image()
  File "/home/airflow/.local/lib/python3.8/site-packages/airflow/providers/docker/operators/docker.py", line 357, in _run_image
    return self._run_image_with_mounts(self.mounts, add_tmp_variable=False)
  File "/home/airflow/.local/lib/python3.8/site-packages/airflow/providers/docker/operators/docker.py", line 421, in _run_image_with_mounts
    raise DockerContainerFailedException(f"Docker container failed: {result!r}", logs=log_lines)
airflow.providers.docker.exceptions.DockerContainerFailedException: Docker container failed: {'StatusCode': 1}
[2024-06-19T09:39:17.014+0000] {taskinstance.py:1400} INFO - Marking task as FAILED. dag_id=kafka_spark_dag, task_id=pyspark_consumer, execution_date=20240619T091638, start_date=20240619T093830, end_date=20240619T093917
[2024-06-19T09:39:17.049+0000] {standard_task_runner.py:104} ERROR - Failed to execute job 142 for task pyspark_consumer (Docker container failed: {'StatusCode': 1}; 11155)
[2024-06-19T09:39:17.110+0000] {local_task_job_runner.py:228} INFO - Task exited with return code 1
[2024-06-19T09:39:17.179+0000] {taskinstance.py:2778} INFO - 0 downstream tasks scheduled from follow-on schedule check
