[2024-06-19T09:37:26.730+0000] {taskinstance.py:1159} INFO - Dependencies all met for dep_context=non-requeueable deps ti=<TaskInstance: kafka_spark_dag.pyspark_consumer scheduled__2024-06-19T09:16:38.394942+00:00 [queued]>
[2024-06-19T09:37:26.734+0000] {taskinstance.py:1159} INFO - Dependencies all met for dep_context=requeueable deps ti=<TaskInstance: kafka_spark_dag.pyspark_consumer scheduled__2024-06-19T09:16:38.394942+00:00 [queued]>
[2024-06-19T09:37:26.735+0000] {taskinstance.py:1361} INFO - Starting attempt 1 of 2
[2024-06-19T09:37:26.744+0000] {taskinstance.py:1382} INFO - Executing <Task(DockerOperator): pyspark_consumer> on 2024-06-19 09:16:38.394942+00:00
[2024-06-19T09:37:26.748+0000] {standard_task_runner.py:57} INFO - Started process 10890 to run task
[2024-06-19T09:37:26.751+0000] {standard_task_runner.py:84} INFO - Running: ['***', 'tasks', 'run', 'kafka_spark_dag', 'pyspark_consumer', 'scheduled__2024-06-19T09:16:38.394942+00:00', '--job-id', '136', '--raw', '--subdir', 'DAGS_FOLDER/dag_kafka_spark.py', '--cfg-path', '/tmp/tmp6pv4lmre']
[2024-06-19T09:37:26.752+0000] {standard_task_runner.py:85} INFO - Job 136: Subtask pyspark_consumer
[2024-06-19T09:37:26.794+0000] {task_command.py:416} INFO - Running <TaskInstance: kafka_spark_dag.pyspark_consumer scheduled__2024-06-19T09:16:38.394942+00:00 [running]> on host 2ad9230613d5
[2024-06-19T09:37:26.835+0000] {taskinstance.py:1662} INFO - Exporting env vars: AIRFLOW_CTX_DAG_OWNER='***' AIRFLOW_CTX_DAG_ID='kafka_spark_dag' AIRFLOW_CTX_TASK_ID='pyspark_consumer' AIRFLOW_CTX_EXECUTION_DATE='2024-06-19T09:16:38.394942+00:00' AIRFLOW_CTX_TRY_NUMBER='1' AIRFLOW_CTX_DAG_RUN_ID='scheduled__2024-06-19T09:16:38.394942+00:00'
[2024-06-19T09:37:26.898+0000] {docker.py:343} INFO - Starting docker container from image rappel-conso/spark:latest
[2024-06-19T09:37:26.906+0000] {docker.py:351} WARNING - Using remote engine or docker-in-docker and mounting temporary volume from host is not supported. Falling back to `mount_tmp_dir=False` mode. You can set `mount_tmp_dir` parameter to False to disable mounting and remove the warning
[2024-06-19T09:37:27.507+0000] {docker.py:413} INFO - [38;5;6mspark [38;5;5m09:37:27.49 [0m[38;5;2mINFO [0m ==>
[2024-06-19T09:37:27.536+0000] {docker.py:413} INFO - [38;5;6mspark [38;5;5m09:37:27.50 [0m[38;5;2mINFO [0m ==> [1mWelcome to the Bitnami spark container[0m
[2024-06-19T09:37:27.538+0000] {docker.py:413} INFO - [38;5;6mspark [38;5;5m09:37:27.50 [0m[38;5;2mINFO [0m ==> Subscribe to project updates by watching [1mhttps://github.com/bitnami/containers[0m
[2024-06-19T09:37:27.539+0000] {docker.py:413} INFO - [38;5;6mspark [38;5;5m09:37:27.50 [0m[38;5;2mINFO [0m ==> Submit issues and feature requests at [1mhttps://github.com/bitnami/containers/issues[0m
[38;5;6mspark [38;5;5m09:37:27.51 [0m[38;5;2mINFO [0m ==>
[2024-06-19T09:37:27.540+0000] {docker.py:413} INFO - 
[2024-06-19T09:37:29.309+0000] {docker.py:413} INFO - :: loading settings :: url = jar:file:/opt/bitnami/spark/jars/ivy-2.5.1.jar!/org/apache/ivy/core/settings/ivysettings.xml
[2024-06-19T09:37:29.381+0000] {docker.py:413} INFO - Ivy Default Cache set to: /opt/bitnami/spark/.ivy2/cache
The jars for the packages stored in: /opt/bitnami/spark/.ivy2/jars
[2024-06-19T09:37:29.386+0000] {docker.py:413} INFO - org.postgresql#postgresql added as a dependency
org.apache.spark#spark-sql-kafka-0-10_2.12 added as a dependency
[2024-06-19T09:37:29.387+0000] {docker.py:413} INFO - :: resolving dependencies :: org.apache.spark#spark-submit-parent-3cf75eb1-b011-4dfb-8f13-82e39eb69656;1.0
	confs: [default]
[2024-06-19T09:37:31.086+0000] {docker.py:413} INFO - found org.postgresql#postgresql;42.5.4 in central
[2024-06-19T09:37:31.573+0000] {docker.py:413} INFO - found org.checkerframework#checker-qual;3.5.0 in central
[2024-06-19T09:37:36.361+0000] {docker.py:413} INFO - found org.apache.spark#spark-sql-kafka-0-10_2.12;3.5.0 in central
[2024-06-19T09:37:37.103+0000] {docker.py:413} INFO - found org.apache.spark#spark-token-provider-kafka-0-10_2.12;3.5.0 in central
[2024-06-19T09:37:38.103+0000] {docker.py:413} INFO - found org.apache.kafka#kafka-clients;3.4.1 in central
[2024-06-19T09:37:38.585+0000] {docker.py:413} INFO - found org.lz4#lz4-java;1.8.0 in central
[2024-06-19T09:37:39.149+0000] {docker.py:413} INFO - found org.xerial.snappy#snappy-java;1.1.10.3 in central
[2024-06-19T09:37:41.242+0000] {docker.py:413} INFO - found org.slf4j#slf4j-api;2.0.7 in central
[2024-06-19T09:37:45.661+0000] {docker.py:413} INFO - found org.apache.hadoop#hadoop-client-runtime;3.3.4 in central
[2024-06-19T09:37:46.639+0000] {docker.py:413} INFO - found org.apache.hadoop#hadoop-client-api;3.3.4 in central
[2024-06-19T09:38:01.977+0000] {docker.py:413} INFO - found commons-logging#commons-logging;1.1.3 in central
[2024-06-19T09:38:02.441+0000] {docker.py:413} INFO - found com.google.code.findbugs#jsr305;3.0.0 in central
[2024-06-19T09:38:06.741+0000] {docker.py:413} INFO - found org.apache.commons#commons-pool2;2.11.1 in central
[2024-06-19T09:38:06.981+0000] {docker.py:413} INFO - downloading https://repo1.maven.org/maven2/org/postgresql/postgresql/42.5.4/postgresql-42.5.4.jar ...
[2024-06-19T09:38:07.775+0000] {docker.py:413} INFO - [SUCCESSFUL ] org.postgresql#postgresql;42.5.4!postgresql.jar (1022ms)
[2024-06-19T09:38:08.004+0000] {docker.py:413} INFO - downloading https://repo1.maven.org/maven2/org/apache/spark/spark-sql-kafka-0-10_2.12/3.5.0/spark-sql-kafka-0-10_2.12-3.5.0.jar ...
[2024-06-19T09:38:08.326+0000] {docker.py:413} INFO - [SUCCESSFUL ] org.apache.spark#spark-sql-kafka-0-10_2.12;3.5.0!spark-sql-kafka-0-10_2.12.jar (548ms)
[2024-06-19T09:38:08.554+0000] {docker.py:413} INFO - downloading https://repo1.maven.org/maven2/org/checkerframework/checker-qual/3.5.0/checker-qual-3.5.0.jar ...
[2024-06-19T09:38:08.804+0000] {docker.py:413} INFO - [SUCCESSFUL ] org.checkerframework#checker-qual;3.5.0!checker-qual.jar (478ms)
[2024-06-19T09:38:09.036+0000] {docker.py:413} INFO - downloading https://repo1.maven.org/maven2/org/apache/spark/spark-token-provider-kafka-0-10_2.12/3.5.0/spark-token-provider-kafka-0-10_2.12-3.5.0.jar ...
[2024-06-19T09:38:09.271+0000] {docker.py:413} INFO - [SUCCESSFUL ] org.apache.spark#spark-token-provider-kafka-0-10_2.12;3.5.0!spark-token-provider-kafka-0-10_2.12.jar (466ms)
[2024-06-19T09:38:09.500+0000] {docker.py:413} INFO - downloading https://repo1.maven.org/maven2/org/apache/kafka/kafka-clients/3.4.1/kafka-clients-3.4.1.jar ...
[2024-06-19T09:38:10.288+0000] {docker.py:413} INFO - [SUCCESSFUL ] org.apache.kafka#kafka-clients;3.4.1!kafka-clients.jar (1017ms)
[2024-06-19T09:38:10.514+0000] {docker.py:413} INFO - downloading https://repo1.maven.org/maven2/com/google/code/findbugs/jsr305/3.0.0/jsr305-3.0.0.jar ...
[2024-06-19T09:38:10.757+0000] {docker.py:413} INFO - [SUCCESSFUL ] com.google.code.findbugs#jsr305;3.0.0!jsr305.jar (467ms)
[2024-06-19T09:38:10.985+0000] {docker.py:413} INFO - downloading https://repo1.maven.org/maven2/org/apache/commons/commons-pool2/2.11.1/commons-pool2-2.11.1.jar ...
[2024-06-19T09:38:11.225+0000] {docker.py:413} INFO - [SUCCESSFUL ] org.apache.commons#commons-pool2;2.11.1!commons-pool2.jar (466ms)
[2024-06-19T09:38:11.451+0000] {docker.py:413} INFO - downloading https://repo1.maven.org/maven2/org/apache/hadoop/hadoop-client-runtime/3.3.4/hadoop-client-runtime-3.3.4.jar ...
[2024-06-19T09:38:13.794+0000] {docker.py:413} INFO - [SUCCESSFUL ] org.apache.hadoop#hadoop-client-runtime;3.3.4!hadoop-client-runtime.jar (2566ms)
[2024-06-19T09:38:14.024+0000] {docker.py:413} INFO - downloading https://repo1.maven.org/maven2/org/lz4/lz4-java/1.8.0/lz4-java-1.8.0.jar ...
[2024-06-19T09:38:14.284+0000] {docker.py:413} INFO - [SUCCESSFUL ] org.lz4#lz4-java;1.8.0!lz4-java.jar (488ms)
[2024-06-19T09:38:14.517+0000] {docker.py:413} INFO - downloading https://repo1.maven.org/maven2/org/xerial/snappy/snappy-java/1.1.10.3/snappy-java-1.1.10.3.jar ...
[2024-06-19T09:38:14.910+0000] {docker.py:413} INFO - [SUCCESSFUL ] org.xerial.snappy#snappy-java;1.1.10.3!snappy-java.jar(bundle) (621ms)
[2024-06-19T09:38:15.134+0000] {docker.py:413} INFO - downloading https://repo1.maven.org/maven2/org/slf4j/slf4j-api/2.0.7/slf4j-api-2.0.7.jar ...
[2024-06-19T09:38:15.366+0000] {docker.py:413} INFO - [SUCCESSFUL ] org.slf4j#slf4j-api;2.0.7!slf4j-api.jar (457ms)
[2024-06-19T09:38:15.601+0000] {docker.py:413} INFO - downloading https://repo1.maven.org/maven2/org/apache/hadoop/hadoop-client-api/3.3.4/hadoop-client-api-3.3.4.jar ...
[2024-06-19T09:38:17.064+0000] {docker.py:413} INFO - [SUCCESSFUL ] org.apache.hadoop#hadoop-client-api;3.3.4!hadoop-client-api.jar (1683ms)
[2024-06-19T09:38:17.286+0000] {docker.py:413} INFO - downloading https://repo1.maven.org/maven2/commons-logging/commons-logging/1.1.3/commons-logging-1.1.3.jar ...
[2024-06-19T09:38:17.525+0000] {docker.py:413} INFO - [SUCCESSFUL ] commons-logging#commons-logging;1.1.3!commons-logging.jar (465ms)
[2024-06-19T09:38:17.529+0000] {docker.py:413} INFO - :: resolution report :: resolve 37373ms :: artifacts dl 10773ms
[2024-06-19T09:38:17.532+0000] {docker.py:413} INFO - :: modules in use:
[2024-06-19T09:38:17.534+0000] {docker.py:413} INFO - com.google.code.findbugs#jsr305;3.0.0 from central in [default]
	commons-logging#commons-logging;1.1.3 from central in [default]
[2024-06-19T09:38:17.537+0000] {docker.py:413} INFO - org.apache.commons#commons-pool2;2.11.1 from central in [default]
	org.apache.hadoop#hadoop-client-api;3.3.4 from central in [default]
[2024-06-19T09:38:17.539+0000] {docker.py:413} INFO - org.apache.hadoop#hadoop-client-runtime;3.3.4 from central in [default]
	org.apache.kafka#kafka-clients;3.4.1 from central in [default]
	org.apache.spark#spark-sql-kafka-0-10_2.12;3.5.0 from central in [default]
	org.apache.spark#spark-token-provider-kafka-0-10_2.12;3.5.0 from central in [default]
	org.checkerframework#checker-qual;3.5.0 from central in [default]
[2024-06-19T09:38:17.541+0000] {docker.py:413} INFO - org.lz4#lz4-java;1.8.0 from central in [default]
	org.postgresql#postgresql;42.5.4 from central in [default]
	org.slf4j#slf4j-api;2.0.7 from central in [default]
	org.xerial.snappy#snappy-java;1.1.10.3 from central in [default]
	---------------------------------------------------------------------
	|                  |            modules            ||   artifacts   |
	|       conf       | number| search|dwnlded|evicted|| number|dwnlded|
	---------------------------------------------------------------------
	|      default     |   13  |   13  |   13  |   0   ||   13  |   13  |
	---------------------------------------------------------------------
[2024-06-19T09:38:17.555+0000] {docker.py:413} INFO - :: retrieving :: org.apache.spark#spark-submit-parent-3cf75eb1-b011-4dfb-8f13-82e39eb69656
[2024-06-19T09:38:17.556+0000] {docker.py:413} INFO - confs: [default]
[2024-06-19T09:38:17.663+0000] {docker.py:413} INFO - 13 artifacts copied, 0 already retrieved (58001kB/109ms)
[2024-06-19T09:38:17.817+0000] {docker.py:413} INFO - 24/06/19 09:38:17 WARN NativeCodeLoader: Unable to load native-hadoop library for your platform... using builtin-java classes where applicable
[2024-06-19T09:38:18.611+0000] {docker.py:413} INFO - 24/06/19 09:38:18 INFO SparkContext: Running Spark version 3.5.0
[2024-06-19T09:38:18.611+0000] {docker.py:413} INFO - 24/06/19 09:38:18 INFO SparkContext: OS info Linux, 6.6.12-linuxkit, aarch64
[2024-06-19T09:38:18.612+0000] {docker.py:413} INFO - 24/06/19 09:38:18 INFO SparkContext: Java version 17.0.10
[2024-06-19T09:38:18.624+0000] {docker.py:413} INFO - 24/06/19 09:38:18 INFO ResourceUtils: ==============================================================
[2024-06-19T09:38:18.625+0000] {docker.py:413} INFO - 24/06/19 09:38:18 INFO ResourceUtils: No custom resources configured for spark.driver.
[2024-06-19T09:38:18.625+0000] {docker.py:413} INFO - 24/06/19 09:38:18 INFO ResourceUtils: ==============================================================
[2024-06-19T09:38:18.625+0000] {docker.py:413} INFO - 24/06/19 09:38:18 INFO SparkContext: Submitted application: PostgreSQL Connection with PySpark
[2024-06-19T09:38:18.637+0000] {docker.py:413} INFO - 24/06/19 09:38:18 INFO ResourceProfile: Default ResourceProfile created, executor resources: Map(cores -> name: cores, amount: 1, script: , vendor: , memory -> name: memory, amount: 1024, script: , vendor: , offHeap -> name: offHeap, amount: 0, script: , vendor: ), task resources: Map(cpus -> name: cpus, amount: 1.0)
[2024-06-19T09:38:18.642+0000] {docker.py:413} INFO - 24/06/19 09:38:18 INFO ResourceProfile: Limiting resource is cpu
[2024-06-19T09:38:18.642+0000] {docker.py:413} INFO - 24/06/19 09:38:18 INFO ResourceProfileManager: Added ResourceProfile id: 0
[2024-06-19T09:38:18.678+0000] {docker.py:413} INFO - 24/06/19 09:38:18 INFO SecurityManager: Changing view acls to: spark
[2024-06-19T09:38:18.679+0000] {docker.py:413} INFO - 24/06/19 09:38:18 INFO SecurityManager: Changing modify acls to: spark
[2024-06-19T09:38:18.679+0000] {docker.py:413} INFO - 24/06/19 09:38:18 INFO SecurityManager: Changing view acls groups to:
[2024-06-19T09:38:18.680+0000] {docker.py:413} INFO - 24/06/19 09:38:18 INFO SecurityManager: Changing modify acls groups to:
[2024-06-19T09:38:18.680+0000] {docker.py:413} INFO - 24/06/19 09:38:18 INFO SecurityManager: SecurityManager: authentication disabled; ui acls disabled; users with view permissions: spark; groups with view permissions: EMPTY; users with modify permissions: spark; groups with modify permissions: EMPTY
[2024-06-19T09:38:18.805+0000] {docker.py:413} INFO - 24/06/19 09:38:18 INFO Utils: Successfully started service 'sparkDriver' on port 33545.
[2024-06-19T09:38:18.823+0000] {docker.py:413} INFO - 24/06/19 09:38:18 INFO SparkEnv: Registering MapOutputTracker
[2024-06-19T09:38:18.844+0000] {docker.py:413} INFO - 24/06/19 09:38:18 INFO SparkEnv: Registering BlockManagerMaster
[2024-06-19T09:38:18.854+0000] {docker.py:413} INFO - 24/06/19 09:38:18 INFO BlockManagerMasterEndpoint: Using org.apache.spark.storage.DefaultTopologyMapper for getting topology information
[2024-06-19T09:38:18.854+0000] {docker.py:413} INFO - 24/06/19 09:38:18 INFO BlockManagerMasterEndpoint: BlockManagerMasterEndpoint up
[2024-06-19T09:38:18.856+0000] {docker.py:413} INFO - 24/06/19 09:38:18 INFO SparkEnv: Registering BlockManagerMasterHeartbeat
[2024-06-19T09:38:18.868+0000] {docker.py:413} INFO - 24/06/19 09:38:18 INFO DiskBlockManager: Created local directory at /tmp/blockmgr-a1d64ade-82ac-4b23-b9b2-756fb460323f
[2024-06-19T09:38:18.877+0000] {docker.py:413} INFO - 24/06/19 09:38:18 INFO MemoryStore: MemoryStore started with capacity 434.4 MiB
[2024-06-19T09:38:18.889+0000] {docker.py:413} INFO - 24/06/19 09:38:18 INFO SparkEnv: Registering OutputCommitCoordinator
[2024-06-19T09:38:18.965+0000] {docker.py:413} INFO - 24/06/19 09:38:18 INFO JettyUtils: Start Jetty 0.0.0.0:4040 for SparkUI
[2024-06-19T09:38:19.019+0000] {docker.py:413} INFO - 24/06/19 09:38:19 INFO Utils: Successfully started service 'SparkUI' on port 4040.
[2024-06-19T09:38:19.044+0000] {docker.py:413} INFO - 24/06/19 09:38:19 INFO SparkContext: Added JAR file:///opt/bitnami/spark/.ivy2/jars/org.postgresql_postgresql-42.5.4.jar at spark://localhost:33545/jars/org.postgresql_postgresql-42.5.4.jar with timestamp 1718789898606
[2024-06-19T09:38:19.045+0000] {docker.py:413} INFO - 24/06/19 09:38:19 INFO SparkContext: Added JAR file:///opt/bitnami/spark/.ivy2/jars/org.apache.spark_spark-sql-kafka-0-10_2.12-3.5.0.jar at spark://localhost:33545/jars/org.apache.spark_spark-sql-kafka-0-10_2.12-3.5.0.jar with timestamp 1718789898606
[2024-06-19T09:38:19.046+0000] {docker.py:413} INFO - 24/06/19 09:38:19 INFO SparkContext: Added JAR file:///opt/bitnami/spark/.ivy2/jars/org.checkerframework_checker-qual-3.5.0.jar at spark://localhost:33545/jars/org.checkerframework_checker-qual-3.5.0.jar with timestamp 1718789898606
24/06/19 09:38:19 INFO SparkContext: Added JAR file:///opt/bitnami/spark/.ivy2/jars/org.apache.spark_spark-token-provider-kafka-0-10_2.12-3.5.0.jar at spark://localhost:33545/jars/org.apache.spark_spark-token-provider-kafka-0-10_2.12-3.5.0.jar with timestamp 1718789898606
[2024-06-19T09:38:19.046+0000] {docker.py:413} INFO - 24/06/19 09:38:19 INFO SparkContext: Added JAR file:///opt/bitnami/spark/.ivy2/jars/org.apache.kafka_kafka-clients-3.4.1.jar at spark://localhost:33545/jars/org.apache.kafka_kafka-clients-3.4.1.jar with timestamp 1718789898606
[2024-06-19T09:38:19.047+0000] {docker.py:413} INFO - 24/06/19 09:38:19 INFO SparkContext: Added JAR file:///opt/bitnami/spark/.ivy2/jars/com.google.code.findbugs_jsr305-3.0.0.jar at spark://localhost:33545/jars/com.google.code.findbugs_jsr305-3.0.0.jar with timestamp 1718789898606
[2024-06-19T09:38:19.048+0000] {docker.py:413} INFO - 24/06/19 09:38:19 INFO SparkContext: Added JAR file:///opt/bitnami/spark/.ivy2/jars/org.apache.commons_commons-pool2-2.11.1.jar at spark://localhost:33545/jars/org.apache.commons_commons-pool2-2.11.1.jar with timestamp 1718789898606
[2024-06-19T09:38:19.048+0000] {docker.py:413} INFO - 24/06/19 09:38:19 INFO SparkContext: Added JAR file:///opt/bitnami/spark/.ivy2/jars/org.apache.hadoop_hadoop-client-runtime-3.3.4.jar at spark://localhost:33545/jars/org.apache.hadoop_hadoop-client-runtime-3.3.4.jar with timestamp 1718789898606
24/06/19 09:38:19 INFO SparkContext: Added JAR file:///opt/bitnami/spark/.ivy2/jars/org.lz4_lz4-java-1.8.0.jar at spark://localhost:33545/jars/org.lz4_lz4-java-1.8.0.jar with timestamp 1718789898606
[2024-06-19T09:38:19.049+0000] {docker.py:413} INFO - 24/06/19 09:38:19 INFO SparkContext: Added JAR file:///opt/bitnami/spark/.ivy2/jars/org.xerial.snappy_snappy-java-1.1.10.3.jar at spark://localhost:33545/jars/org.xerial.snappy_snappy-java-1.1.10.3.jar with timestamp 1718789898606
[2024-06-19T09:38:19.049+0000] {docker.py:413} INFO - 24/06/19 09:38:19 INFO SparkContext: Added JAR file:///opt/bitnami/spark/.ivy2/jars/org.slf4j_slf4j-api-2.0.7.jar at spark://localhost:33545/jars/org.slf4j_slf4j-api-2.0.7.jar with timestamp 1718789898606
24/06/19 09:38:19 INFO SparkContext: Added JAR file:///opt/bitnami/spark/.ivy2/jars/org.apache.hadoop_hadoop-client-api-3.3.4.jar at spark://localhost:33545/jars/org.apache.hadoop_hadoop-client-api-3.3.4.jar with timestamp 1718789898606
[2024-06-19T09:38:19.049+0000] {docker.py:413} INFO - 24/06/19 09:38:19 INFO SparkContext: Added JAR file:///opt/bitnami/spark/.ivy2/jars/commons-logging_commons-logging-1.1.3.jar at spark://localhost:33545/jars/commons-logging_commons-logging-1.1.3.jar with timestamp 1718789898606
[2024-06-19T09:38:19.050+0000] {docker.py:413} INFO - 24/06/19 09:38:19 INFO SparkContext: Added file file:///opt/bitnami/spark/.ivy2/jars/org.postgresql_postgresql-42.5.4.jar at file:///opt/bitnami/spark/.ivy2/jars/org.postgresql_postgresql-42.5.4.jar with timestamp 1718789898606
[2024-06-19T09:38:19.050+0000] {docker.py:413} INFO - 24/06/19 09:38:19 INFO Utils: Copying /opt/bitnami/spark/.ivy2/jars/org.postgresql_postgresql-42.5.4.jar to /tmp/spark-8556b227-b4d6-4b6b-a22c-39da7dc88629/userFiles-e6bb2d6e-a049-46be-885e-f7029337c442/org.postgresql_postgresql-42.5.4.jar
[2024-06-19T09:38:19.056+0000] {docker.py:413} INFO - 24/06/19 09:38:19 INFO SparkContext: Added file file:///opt/bitnami/spark/.ivy2/jars/org.apache.spark_spark-sql-kafka-0-10_2.12-3.5.0.jar at file:///opt/bitnami/spark/.ivy2/jars/org.apache.spark_spark-sql-kafka-0-10_2.12-3.5.0.jar with timestamp 1718789898606
24/06/19 09:38:19 INFO Utils: Copying /opt/bitnami/spark/.ivy2/jars/org.apache.spark_spark-sql-kafka-0-10_2.12-3.5.0.jar to /tmp/spark-8556b227-b4d6-4b6b-a22c-39da7dc88629/userFiles-e6bb2d6e-a049-46be-885e-f7029337c442/org.apache.spark_spark-sql-kafka-0-10_2.12-3.5.0.jar
[2024-06-19T09:38:19.060+0000] {docker.py:413} INFO - 24/06/19 09:38:19 INFO SparkContext: Added file file:///opt/bitnami/spark/.ivy2/jars/org.checkerframework_checker-qual-3.5.0.jar at file:///opt/bitnami/spark/.ivy2/jars/org.checkerframework_checker-qual-3.5.0.jar with timestamp 1718789898606
[2024-06-19T09:38:19.061+0000] {docker.py:413} INFO - 24/06/19 09:38:19 INFO Utils: Copying /opt/bitnami/spark/.ivy2/jars/org.checkerframework_checker-qual-3.5.0.jar to /tmp/spark-8556b227-b4d6-4b6b-a22c-39da7dc88629/userFiles-e6bb2d6e-a049-46be-885e-f7029337c442/org.checkerframework_checker-qual-3.5.0.jar
[2024-06-19T09:38:19.063+0000] {docker.py:413} INFO - 24/06/19 09:38:19 INFO SparkContext: Added file file:///opt/bitnami/spark/.ivy2/jars/org.apache.spark_spark-token-provider-kafka-0-10_2.12-3.5.0.jar at file:///opt/bitnami/spark/.ivy2/jars/org.apache.spark_spark-token-provider-kafka-0-10_2.12-3.5.0.jar with timestamp 1718789898606
[2024-06-19T09:38:19.064+0000] {docker.py:413} INFO - 24/06/19 09:38:19 INFO Utils: Copying /opt/bitnami/spark/.ivy2/jars/org.apache.spark_spark-token-provider-kafka-0-10_2.12-3.5.0.jar to /tmp/spark-8556b227-b4d6-4b6b-a22c-39da7dc88629/userFiles-e6bb2d6e-a049-46be-885e-f7029337c442/org.apache.spark_spark-token-provider-kafka-0-10_2.12-3.5.0.jar
[2024-06-19T09:38:19.066+0000] {docker.py:413} INFO - 24/06/19 09:38:19 INFO SparkContext: Added file file:///opt/bitnami/spark/.ivy2/jars/org.apache.kafka_kafka-clients-3.4.1.jar at file:///opt/bitnami/spark/.ivy2/jars/org.apache.kafka_kafka-clients-3.4.1.jar with timestamp 1718789898606
[2024-06-19T09:38:19.066+0000] {docker.py:413} INFO - 24/06/19 09:38:19 INFO Utils: Copying /opt/bitnami/spark/.ivy2/jars/org.apache.kafka_kafka-clients-3.4.1.jar to /tmp/spark-8556b227-b4d6-4b6b-a22c-39da7dc88629/userFiles-e6bb2d6e-a049-46be-885e-f7029337c442/org.apache.kafka_kafka-clients-3.4.1.jar
[2024-06-19T09:38:19.082+0000] {docker.py:413} INFO - 24/06/19 09:38:19 INFO SparkContext: Added file file:///opt/bitnami/spark/.ivy2/jars/com.google.code.findbugs_jsr305-3.0.0.jar at file:///opt/bitnami/spark/.ivy2/jars/com.google.code.findbugs_jsr305-3.0.0.jar with timestamp 1718789898606
[2024-06-19T09:38:19.082+0000] {docker.py:413} INFO - 24/06/19 09:38:19 INFO Utils: Copying /opt/bitnami/spark/.ivy2/jars/com.google.code.findbugs_jsr305-3.0.0.jar to /tmp/spark-8556b227-b4d6-4b6b-a22c-39da7dc88629/userFiles-e6bb2d6e-a049-46be-885e-f7029337c442/com.google.code.findbugs_jsr305-3.0.0.jar
[2024-06-19T09:38:19.089+0000] {docker.py:413} INFO - 24/06/19 09:38:19 INFO SparkContext: Added file file:///opt/bitnami/spark/.ivy2/jars/org.apache.commons_commons-pool2-2.11.1.jar at file:///opt/bitnami/spark/.ivy2/jars/org.apache.commons_commons-pool2-2.11.1.jar with timestamp 1718789898606
24/06/19 09:38:19 INFO Utils: Copying /opt/bitnami/spark/.ivy2/jars/org.apache.commons_commons-pool2-2.11.1.jar to /tmp/spark-8556b227-b4d6-4b6b-a22c-39da7dc88629/userFiles-e6bb2d6e-a049-46be-885e-f7029337c442/org.apache.commons_commons-pool2-2.11.1.jar
[2024-06-19T09:38:19.098+0000] {docker.py:413} INFO - 24/06/19 09:38:19 INFO SparkContext: Added file file:///opt/bitnami/spark/.ivy2/jars/org.apache.hadoop_hadoop-client-runtime-3.3.4.jar at file:///opt/bitnami/spark/.ivy2/jars/org.apache.hadoop_hadoop-client-runtime-3.3.4.jar with timestamp 1718789898606
24/06/19 09:38:19 INFO Utils: Copying /opt/bitnami/spark/.ivy2/jars/org.apache.hadoop_hadoop-client-runtime-3.3.4.jar to /tmp/spark-8556b227-b4d6-4b6b-a22c-39da7dc88629/userFiles-e6bb2d6e-a049-46be-885e-f7029337c442/org.apache.hadoop_hadoop-client-runtime-3.3.4.jar
[2024-06-19T09:38:19.249+0000] {docker.py:413} INFO - 24/06/19 09:38:19 INFO SparkContext: Added file file:///opt/bitnami/spark/.ivy2/jars/org.lz4_lz4-java-1.8.0.jar at file:///opt/bitnami/spark/.ivy2/jars/org.lz4_lz4-java-1.8.0.jar with timestamp 1718789898606
[2024-06-19T09:38:19.250+0000] {docker.py:413} INFO - 24/06/19 09:38:19 INFO Utils: Copying /opt/bitnami/spark/.ivy2/jars/org.lz4_lz4-java-1.8.0.jar to /tmp/spark-8556b227-b4d6-4b6b-a22c-39da7dc88629/userFiles-e6bb2d6e-a049-46be-885e-f7029337c442/org.lz4_lz4-java-1.8.0.jar
[2024-06-19T09:38:19.258+0000] {docker.py:413} INFO - 24/06/19 09:38:19 INFO SparkContext: Added file file:///opt/bitnami/spark/.ivy2/jars/org.xerial.snappy_snappy-java-1.1.10.3.jar at file:///opt/bitnami/spark/.ivy2/jars/org.xerial.snappy_snappy-java-1.1.10.3.jar with timestamp 1718789898606
[2024-06-19T09:38:19.258+0000] {docker.py:413} INFO - 24/06/19 09:38:19 INFO Utils: Copying /opt/bitnami/spark/.ivy2/jars/org.xerial.snappy_snappy-java-1.1.10.3.jar to /tmp/spark-8556b227-b4d6-4b6b-a22c-39da7dc88629/userFiles-e6bb2d6e-a049-46be-885e-f7029337c442/org.xerial.snappy_snappy-java-1.1.10.3.jar
[2024-06-19T09:38:19.273+0000] {docker.py:413} INFO - 24/06/19 09:38:19 INFO SparkContext: Added file file:///opt/bitnami/spark/.ivy2/jars/org.slf4j_slf4j-api-2.0.7.jar at file:///opt/bitnami/spark/.ivy2/jars/org.slf4j_slf4j-api-2.0.7.jar with timestamp 1718789898606
[2024-06-19T09:38:19.274+0000] {docker.py:413} INFO - 24/06/19 09:38:19 INFO Utils: Copying /opt/bitnami/spark/.ivy2/jars/org.slf4j_slf4j-api-2.0.7.jar to /tmp/spark-8556b227-b4d6-4b6b-a22c-39da7dc88629/userFiles-e6bb2d6e-a049-46be-885e-f7029337c442/org.slf4j_slf4j-api-2.0.7.jar
[2024-06-19T09:38:19.275+0000] {docker.py:413} INFO - 24/06/19 09:38:19 INFO SparkContext: Added file file:///opt/bitnami/spark/.ivy2/jars/org.apache.hadoop_hadoop-client-api-3.3.4.jar at file:///opt/bitnami/spark/.ivy2/jars/org.apache.hadoop_hadoop-client-api-3.3.4.jar with timestamp 1718789898606
[2024-06-19T09:38:19.276+0000] {docker.py:413} INFO - 24/06/19 09:38:19 INFO Utils: Copying /opt/bitnami/spark/.ivy2/jars/org.apache.hadoop_hadoop-client-api-3.3.4.jar to /tmp/spark-8556b227-b4d6-4b6b-a22c-39da7dc88629/userFiles-e6bb2d6e-a049-46be-885e-f7029337c442/org.apache.hadoop_hadoop-client-api-3.3.4.jar
[2024-06-19T09:38:19.372+0000] {docker.py:413} INFO - 24/06/19 09:38:19 INFO SparkContext: Added file file:///opt/bitnami/spark/.ivy2/jars/commons-logging_commons-logging-1.1.3.jar at file:///opt/bitnami/spark/.ivy2/jars/commons-logging_commons-logging-1.1.3.jar with timestamp 1718789898606
[2024-06-19T09:38:19.373+0000] {docker.py:413} INFO - 24/06/19 09:38:19 INFO Utils: Copying /opt/bitnami/spark/.ivy2/jars/commons-logging_commons-logging-1.1.3.jar to /tmp/spark-8556b227-b4d6-4b6b-a22c-39da7dc88629/userFiles-e6bb2d6e-a049-46be-885e-f7029337c442/commons-logging_commons-logging-1.1.3.jar
[2024-06-19T09:38:19.415+0000] {docker.py:413} INFO - 24/06/19 09:38:19 INFO Executor: Starting executor ID driver on host localhost
[2024-06-19T09:38:19.417+0000] {docker.py:413} INFO - 24/06/19 09:38:19 INFO Executor: OS info Linux, 6.6.12-linuxkit, aarch64
[2024-06-19T09:38:19.418+0000] {docker.py:413} INFO - 24/06/19 09:38:19 INFO Executor: Java version 17.0.10
[2024-06-19T09:38:19.419+0000] {docker.py:413} INFO - 24/06/19 09:38:19 INFO Executor: Starting executor with user classpath (userClassPathFirst = false): ''
[2024-06-19T09:38:19.419+0000] {docker.py:413} INFO - 24/06/19 09:38:19 INFO Executor: Created or updated repl class loader org.apache.spark.util.MutableURLClassLoader@448423f6 for default.
[2024-06-19T09:38:19.426+0000] {docker.py:413} INFO - 24/06/19 09:38:19 INFO Executor: Fetching file:///opt/bitnami/spark/.ivy2/jars/org.apache.spark_spark-token-provider-kafka-0-10_2.12-3.5.0.jar with timestamp 1718789898606
[2024-06-19T09:38:19.438+0000] {docker.py:413} INFO - 24/06/19 09:38:19 INFO Utils: /opt/bitnami/spark/.ivy2/jars/org.apache.spark_spark-token-provider-kafka-0-10_2.12-3.5.0.jar has been previously copied to /tmp/spark-8556b227-b4d6-4b6b-a22c-39da7dc88629/userFiles-e6bb2d6e-a049-46be-885e-f7029337c442/org.apache.spark_spark-token-provider-kafka-0-10_2.12-3.5.0.jar
[2024-06-19T09:38:19.441+0000] {docker.py:413} INFO - 24/06/19 09:38:19 INFO Executor: Fetching file:///opt/bitnami/spark/.ivy2/jars/org.apache.hadoop_hadoop-client-runtime-3.3.4.jar with timestamp 1718789898606
[2024-06-19T09:38:19.456+0000] {docker.py:413} INFO - 24/06/19 09:38:19 INFO Utils: /opt/bitnami/spark/.ivy2/jars/org.apache.hadoop_hadoop-client-runtime-3.3.4.jar has been previously copied to /tmp/spark-8556b227-b4d6-4b6b-a22c-39da7dc88629/userFiles-e6bb2d6e-a049-46be-885e-f7029337c442/org.apache.hadoop_hadoop-client-runtime-3.3.4.jar
[2024-06-19T09:38:19.458+0000] {docker.py:413} INFO - 24/06/19 09:38:19 INFO Executor: Fetching file:///opt/bitnami/spark/.ivy2/jars/org.apache.commons_commons-pool2-2.11.1.jar with timestamp 1718789898606
[2024-06-19T09:38:19.459+0000] {docker.py:413} INFO - 24/06/19 09:38:19 INFO Utils: /opt/bitnami/spark/.ivy2/jars/org.apache.commons_commons-pool2-2.11.1.jar has been previously copied to /tmp/spark-8556b227-b4d6-4b6b-a22c-39da7dc88629/userFiles-e6bb2d6e-a049-46be-885e-f7029337c442/org.apache.commons_commons-pool2-2.11.1.jar
[2024-06-19T09:38:19.460+0000] {docker.py:413} INFO - 24/06/19 09:38:19 INFO Executor: Fetching file:///opt/bitnami/spark/.ivy2/jars/org.postgresql_postgresql-42.5.4.jar with timestamp 1718789898606
[2024-06-19T09:38:19.460+0000] {docker.py:413} INFO - 24/06/19 09:38:19 INFO Utils: /opt/bitnami/spark/.ivy2/jars/org.postgresql_postgresql-42.5.4.jar has been previously copied to /tmp/spark-8556b227-b4d6-4b6b-a22c-39da7dc88629/userFiles-e6bb2d6e-a049-46be-885e-f7029337c442/org.postgresql_postgresql-42.5.4.jar
[2024-06-19T09:38:19.462+0000] {docker.py:413} INFO - 24/06/19 09:38:19 INFO Executor: Fetching file:///opt/bitnami/spark/.ivy2/jars/org.slf4j_slf4j-api-2.0.7.jar with timestamp 1718789898606
[2024-06-19T09:38:19.463+0000] {docker.py:413} INFO - 24/06/19 09:38:19 INFO Utils: /opt/bitnami/spark/.ivy2/jars/org.slf4j_slf4j-api-2.0.7.jar has been previously copied to /tmp/spark-8556b227-b4d6-4b6b-a22c-39da7dc88629/userFiles-e6bb2d6e-a049-46be-885e-f7029337c442/org.slf4j_slf4j-api-2.0.7.jar
[2024-06-19T09:38:19.465+0000] {docker.py:413} INFO - 24/06/19 09:38:19 INFO Executor: Fetching file:///opt/bitnami/spark/.ivy2/jars/org.apache.kafka_kafka-clients-3.4.1.jar with timestamp 1718789898606
[2024-06-19T09:38:19.467+0000] {docker.py:413} INFO - 24/06/19 09:38:19 INFO Utils: /opt/bitnami/spark/.ivy2/jars/org.apache.kafka_kafka-clients-3.4.1.jar has been previously copied to /tmp/spark-8556b227-b4d6-4b6b-a22c-39da7dc88629/userFiles-e6bb2d6e-a049-46be-885e-f7029337c442/org.apache.kafka_kafka-clients-3.4.1.jar
[2024-06-19T09:38:19.469+0000] {docker.py:413} INFO - 24/06/19 09:38:19 INFO Executor: Fetching file:///opt/bitnami/spark/.ivy2/jars/com.google.code.findbugs_jsr305-3.0.0.jar with timestamp 1718789898606
[2024-06-19T09:38:19.469+0000] {docker.py:413} INFO - 24/06/19 09:38:19 INFO Utils: /opt/bitnami/spark/.ivy2/jars/com.google.code.findbugs_jsr305-3.0.0.jar has been previously copied to /tmp/spark-8556b227-b4d6-4b6b-a22c-39da7dc88629/userFiles-e6bb2d6e-a049-46be-885e-f7029337c442/com.google.code.findbugs_jsr305-3.0.0.jar
[2024-06-19T09:38:19.471+0000] {docker.py:413} INFO - 24/06/19 09:38:19 INFO Executor: Fetching file:///opt/bitnami/spark/.ivy2/jars/org.lz4_lz4-java-1.8.0.jar with timestamp 1718789898606
[2024-06-19T09:38:19.471+0000] {docker.py:413} INFO - 24/06/19 09:38:19 INFO Utils: /opt/bitnami/spark/.ivy2/jars/org.lz4_lz4-java-1.8.0.jar has been previously copied to /tmp/spark-8556b227-b4d6-4b6b-a22c-39da7dc88629/userFiles-e6bb2d6e-a049-46be-885e-f7029337c442/org.lz4_lz4-java-1.8.0.jar
[2024-06-19T09:38:19.473+0000] {docker.py:413} INFO - 24/06/19 09:38:19 INFO Executor: Fetching file:///opt/bitnami/spark/.ivy2/jars/org.apache.spark_spark-sql-kafka-0-10_2.12-3.5.0.jar with timestamp 1718789898606
[2024-06-19T09:38:19.473+0000] {docker.py:413} INFO - 24/06/19 09:38:19 INFO Utils: /opt/bitnami/spark/.ivy2/jars/org.apache.spark_spark-sql-kafka-0-10_2.12-3.5.0.jar has been previously copied to /tmp/spark-8556b227-b4d6-4b6b-a22c-39da7dc88629/userFiles-e6bb2d6e-a049-46be-885e-f7029337c442/org.apache.spark_spark-sql-kafka-0-10_2.12-3.5.0.jar
[2024-06-19T09:38:19.475+0000] {docker.py:413} INFO - 24/06/19 09:38:19 INFO Executor: Fetching file:///opt/bitnami/spark/.ivy2/jars/org.apache.hadoop_hadoop-client-api-3.3.4.jar with timestamp 1718789898606
[2024-06-19T09:38:19.480+0000] {docker.py:413} INFO - 24/06/19 09:38:19 INFO Utils: /opt/bitnami/spark/.ivy2/jars/org.apache.hadoop_hadoop-client-api-3.3.4.jar has been previously copied to /tmp/spark-8556b227-b4d6-4b6b-a22c-39da7dc88629/userFiles-e6bb2d6e-a049-46be-885e-f7029337c442/org.apache.hadoop_hadoop-client-api-3.3.4.jar
[2024-06-19T09:38:19.482+0000] {docker.py:413} INFO - 24/06/19 09:38:19 INFO Executor: Fetching file:///opt/bitnami/spark/.ivy2/jars/commons-logging_commons-logging-1.1.3.jar with timestamp 1718789898606
[2024-06-19T09:38:19.482+0000] {docker.py:413} INFO - 24/06/19 09:38:19 INFO Utils: /opt/bitnami/spark/.ivy2/jars/commons-logging_commons-logging-1.1.3.jar has been previously copied to /tmp/spark-8556b227-b4d6-4b6b-a22c-39da7dc88629/userFiles-e6bb2d6e-a049-46be-885e-f7029337c442/commons-logging_commons-logging-1.1.3.jar
[2024-06-19T09:38:19.484+0000] {docker.py:413} INFO - 24/06/19 09:38:19 INFO Executor: Fetching file:///opt/bitnami/spark/.ivy2/jars/org.checkerframework_checker-qual-3.5.0.jar with timestamp 1718789898606
[2024-06-19T09:38:19.485+0000] {docker.py:413} INFO - 24/06/19 09:38:19 INFO Utils: /opt/bitnami/spark/.ivy2/jars/org.checkerframework_checker-qual-3.5.0.jar has been previously copied to /tmp/spark-8556b227-b4d6-4b6b-a22c-39da7dc88629/userFiles-e6bb2d6e-a049-46be-885e-f7029337c442/org.checkerframework_checker-qual-3.5.0.jar
[2024-06-19T09:38:19.486+0000] {docker.py:413} INFO - 24/06/19 09:38:19 INFO Executor: Fetching file:///opt/bitnami/spark/.ivy2/jars/org.xerial.snappy_snappy-java-1.1.10.3.jar with timestamp 1718789898606
[2024-06-19T09:38:19.487+0000] {docker.py:413} INFO - 24/06/19 09:38:19 INFO Utils: /opt/bitnami/spark/.ivy2/jars/org.xerial.snappy_snappy-java-1.1.10.3.jar has been previously copied to /tmp/spark-8556b227-b4d6-4b6b-a22c-39da7dc88629/userFiles-e6bb2d6e-a049-46be-885e-f7029337c442/org.xerial.snappy_snappy-java-1.1.10.3.jar
[2024-06-19T09:38:19.490+0000] {docker.py:413} INFO - 24/06/19 09:38:19 INFO Executor: Fetching spark://localhost:33545/jars/com.google.code.findbugs_jsr305-3.0.0.jar with timestamp 1718789898606
[2024-06-19T09:38:19.508+0000] {docker.py:413} INFO - 24/06/19 09:38:19 INFO TransportClientFactory: Successfully created connection to localhost/127.0.0.1:33545 after 12 ms (0 ms spent in bootstraps)
[2024-06-19T09:38:19.511+0000] {docker.py:413} INFO - 24/06/19 09:38:19 INFO Utils: Fetching spark://localhost:33545/jars/com.google.code.findbugs_jsr305-3.0.0.jar to /tmp/spark-8556b227-b4d6-4b6b-a22c-39da7dc88629/userFiles-e6bb2d6e-a049-46be-885e-f7029337c442/fetchFileTemp4854559572004988585.tmp
[2024-06-19T09:38:19.554+0000] {docker.py:413} INFO - 24/06/19 09:38:19 INFO Utils: /tmp/spark-8556b227-b4d6-4b6b-a22c-39da7dc88629/userFiles-e6bb2d6e-a049-46be-885e-f7029337c442/fetchFileTemp4854559572004988585.tmp has been previously copied to /tmp/spark-8556b227-b4d6-4b6b-a22c-39da7dc88629/userFiles-e6bb2d6e-a049-46be-885e-f7029337c442/com.google.code.findbugs_jsr305-3.0.0.jar
[2024-06-19T09:38:19.555+0000] {docker.py:413} INFO - 24/06/19 09:38:19 INFO Executor: Adding file:/tmp/spark-8556b227-b4d6-4b6b-a22c-39da7dc88629/userFiles-e6bb2d6e-a049-46be-885e-f7029337c442/com.google.code.findbugs_jsr305-3.0.0.jar to class loader default
[2024-06-19T09:38:19.556+0000] {docker.py:413} INFO - 24/06/19 09:38:19 INFO Executor: Fetching spark://localhost:33545/jars/org.slf4j_slf4j-api-2.0.7.jar with timestamp 1718789898606
[2024-06-19T09:38:19.557+0000] {docker.py:413} INFO - 24/06/19 09:38:19 INFO Utils: Fetching spark://localhost:33545/jars/org.slf4j_slf4j-api-2.0.7.jar to /tmp/spark-8556b227-b4d6-4b6b-a22c-39da7dc88629/userFiles-e6bb2d6e-a049-46be-885e-f7029337c442/fetchFileTemp5639847034785744103.tmp
[2024-06-19T09:38:19.557+0000] {docker.py:413} INFO - 24/06/19 09:38:19 INFO Utils: /tmp/spark-8556b227-b4d6-4b6b-a22c-39da7dc88629/userFiles-e6bb2d6e-a049-46be-885e-f7029337c442/fetchFileTemp5639847034785744103.tmp has been previously copied to /tmp/spark-8556b227-b4d6-4b6b-a22c-39da7dc88629/userFiles-e6bb2d6e-a049-46be-885e-f7029337c442/org.slf4j_slf4j-api-2.0.7.jar
[2024-06-19T09:38:19.559+0000] {docker.py:413} INFO - 24/06/19 09:38:19 INFO Executor: Adding file:/tmp/spark-8556b227-b4d6-4b6b-a22c-39da7dc88629/userFiles-e6bb2d6e-a049-46be-885e-f7029337c442/org.slf4j_slf4j-api-2.0.7.jar to class loader default
[2024-06-19T09:38:19.560+0000] {docker.py:413} INFO - 24/06/19 09:38:19 INFO Executor: Fetching spark://localhost:33545/jars/org.checkerframework_checker-qual-3.5.0.jar with timestamp 1718789898606
[2024-06-19T09:38:19.560+0000] {docker.py:413} INFO - 24/06/19 09:38:19 INFO Utils: Fetching spark://localhost:33545/jars/org.checkerframework_checker-qual-3.5.0.jar to /tmp/spark-8556b227-b4d6-4b6b-a22c-39da7dc88629/userFiles-e6bb2d6e-a049-46be-885e-f7029337c442/fetchFileTemp13980559325901745195.tmp
[2024-06-19T09:38:19.563+0000] {docker.py:413} INFO - 24/06/19 09:38:19 INFO Utils: /tmp/spark-8556b227-b4d6-4b6b-a22c-39da7dc88629/userFiles-e6bb2d6e-a049-46be-885e-f7029337c442/fetchFileTemp13980559325901745195.tmp has been previously copied to /tmp/spark-8556b227-b4d6-4b6b-a22c-39da7dc88629/userFiles-e6bb2d6e-a049-46be-885e-f7029337c442/org.checkerframework_checker-qual-3.5.0.jar
[2024-06-19T09:38:19.567+0000] {docker.py:413} INFO - 24/06/19 09:38:19 INFO Executor: Adding file:/tmp/spark-8556b227-b4d6-4b6b-a22c-39da7dc88629/userFiles-e6bb2d6e-a049-46be-885e-f7029337c442/org.checkerframework_checker-qual-3.5.0.jar to class loader default
24/06/19 09:38:19 INFO Executor: Fetching spark://localhost:33545/jars/org.apache.commons_commons-pool2-2.11.1.jar with timestamp 1718789898606
[2024-06-19T09:38:19.573+0000] {docker.py:413} INFO - 24/06/19 09:38:19 INFO Utils: Fetching spark://localhost:33545/jars/org.apache.commons_commons-pool2-2.11.1.jar to /tmp/spark-8556b227-b4d6-4b6b-a22c-39da7dc88629/userFiles-e6bb2d6e-a049-46be-885e-f7029337c442/fetchFileTemp4170759305660490290.tmp
[2024-06-19T09:38:19.575+0000] {docker.py:413} INFO - 24/06/19 09:38:19 INFO Utils: /tmp/spark-8556b227-b4d6-4b6b-a22c-39da7dc88629/userFiles-e6bb2d6e-a049-46be-885e-f7029337c442/fetchFileTemp4170759305660490290.tmp has been previously copied to /tmp/spark-8556b227-b4d6-4b6b-a22c-39da7dc88629/userFiles-e6bb2d6e-a049-46be-885e-f7029337c442/org.apache.commons_commons-pool2-2.11.1.jar
[2024-06-19T09:38:19.576+0000] {docker.py:413} INFO - 24/06/19 09:38:19 INFO Executor: Adding file:/tmp/spark-8556b227-b4d6-4b6b-a22c-39da7dc88629/userFiles-e6bb2d6e-a049-46be-885e-f7029337c442/org.apache.commons_commons-pool2-2.11.1.jar to class loader default
[2024-06-19T09:38:19.576+0000] {docker.py:413} INFO - 24/06/19 09:38:19 INFO Executor: Fetching spark://localhost:33545/jars/org.apache.spark_spark-token-provider-kafka-0-10_2.12-3.5.0.jar with timestamp 1718789898606
[2024-06-19T09:38:19.576+0000] {docker.py:413} INFO - 24/06/19 09:38:19 INFO Utils: Fetching spark://localhost:33545/jars/org.apache.spark_spark-token-provider-kafka-0-10_2.12-3.5.0.jar to /tmp/spark-8556b227-b4d6-4b6b-a22c-39da7dc88629/userFiles-e6bb2d6e-a049-46be-885e-f7029337c442/fetchFileTemp1393662519907227493.tmp
[2024-06-19T09:38:19.577+0000] {docker.py:413} INFO - 24/06/19 09:38:19 INFO Utils: /tmp/spark-8556b227-b4d6-4b6b-a22c-39da7dc88629/userFiles-e6bb2d6e-a049-46be-885e-f7029337c442/fetchFileTemp1393662519907227493.tmp has been previously copied to /tmp/spark-8556b227-b4d6-4b6b-a22c-39da7dc88629/userFiles-e6bb2d6e-a049-46be-885e-f7029337c442/org.apache.spark_spark-token-provider-kafka-0-10_2.12-3.5.0.jar
[2024-06-19T09:38:19.579+0000] {docker.py:413} INFO - 24/06/19 09:38:19 INFO Executor: Adding file:/tmp/spark-8556b227-b4d6-4b6b-a22c-39da7dc88629/userFiles-e6bb2d6e-a049-46be-885e-f7029337c442/org.apache.spark_spark-token-provider-kafka-0-10_2.12-3.5.0.jar to class loader default
[2024-06-19T09:38:19.580+0000] {docker.py:413} INFO - 24/06/19 09:38:19 INFO Executor: Fetching spark://localhost:33545/jars/org.lz4_lz4-java-1.8.0.jar with timestamp 1718789898606
[2024-06-19T09:38:19.580+0000] {docker.py:413} INFO - 24/06/19 09:38:19 INFO Utils: Fetching spark://localhost:33545/jars/org.lz4_lz4-java-1.8.0.jar to /tmp/spark-8556b227-b4d6-4b6b-a22c-39da7dc88629/userFiles-e6bb2d6e-a049-46be-885e-f7029337c442/fetchFileTemp10034964065872826435.tmp
[2024-06-19T09:38:19.587+0000] {docker.py:413} INFO - 24/06/19 09:38:19 INFO Utils: /tmp/spark-8556b227-b4d6-4b6b-a22c-39da7dc88629/userFiles-e6bb2d6e-a049-46be-885e-f7029337c442/fetchFileTemp10034964065872826435.tmp has been previously copied to /tmp/spark-8556b227-b4d6-4b6b-a22c-39da7dc88629/userFiles-e6bb2d6e-a049-46be-885e-f7029337c442/org.lz4_lz4-java-1.8.0.jar
[2024-06-19T09:38:19.590+0000] {docker.py:413} INFO - 24/06/19 09:38:19 INFO Executor: Adding file:/tmp/spark-8556b227-b4d6-4b6b-a22c-39da7dc88629/userFiles-e6bb2d6e-a049-46be-885e-f7029337c442/org.lz4_lz4-java-1.8.0.jar to class loader default
[2024-06-19T09:38:19.591+0000] {docker.py:413} INFO - 24/06/19 09:38:19 INFO Executor: Fetching spark://localhost:33545/jars/org.postgresql_postgresql-42.5.4.jar with timestamp 1718789898606
[2024-06-19T09:38:19.591+0000] {docker.py:413} INFO - 24/06/19 09:38:19 INFO Utils: Fetching spark://localhost:33545/jars/org.postgresql_postgresql-42.5.4.jar to /tmp/spark-8556b227-b4d6-4b6b-a22c-39da7dc88629/userFiles-e6bb2d6e-a049-46be-885e-f7029337c442/fetchFileTemp5620596328981733652.tmp
[2024-06-19T09:38:19.598+0000] {docker.py:413} INFO - 24/06/19 09:38:19 INFO Utils: /tmp/spark-8556b227-b4d6-4b6b-a22c-39da7dc88629/userFiles-e6bb2d6e-a049-46be-885e-f7029337c442/fetchFileTemp5620596328981733652.tmp has been previously copied to /tmp/spark-8556b227-b4d6-4b6b-a22c-39da7dc88629/userFiles-e6bb2d6e-a049-46be-885e-f7029337c442/org.postgresql_postgresql-42.5.4.jar
[2024-06-19T09:38:19.600+0000] {docker.py:413} INFO - 24/06/19 09:38:19 INFO Executor: Adding file:/tmp/spark-8556b227-b4d6-4b6b-a22c-39da7dc88629/userFiles-e6bb2d6e-a049-46be-885e-f7029337c442/org.postgresql_postgresql-42.5.4.jar to class loader default
[2024-06-19T09:38:19.602+0000] {docker.py:413} INFO - 24/06/19 09:38:19 INFO Executor: Fetching spark://localhost:33545/jars/org.xerial.snappy_snappy-java-1.1.10.3.jar with timestamp 1718789898606
[2024-06-19T09:38:19.602+0000] {docker.py:413} INFO - 24/06/19 09:38:19 INFO Utils: Fetching spark://localhost:33545/jars/org.xerial.snappy_snappy-java-1.1.10.3.jar to /tmp/spark-8556b227-b4d6-4b6b-a22c-39da7dc88629/userFiles-e6bb2d6e-a049-46be-885e-f7029337c442/fetchFileTemp3416662016010511708.tmp
[2024-06-19T09:38:19.616+0000] {docker.py:413} INFO - 24/06/19 09:38:19 INFO Utils: /tmp/spark-8556b227-b4d6-4b6b-a22c-39da7dc88629/userFiles-e6bb2d6e-a049-46be-885e-f7029337c442/fetchFileTemp3416662016010511708.tmp has been previously copied to /tmp/spark-8556b227-b4d6-4b6b-a22c-39da7dc88629/userFiles-e6bb2d6e-a049-46be-885e-f7029337c442/org.xerial.snappy_snappy-java-1.1.10.3.jar
[2024-06-19T09:38:19.619+0000] {docker.py:413} INFO - 24/06/19 09:38:19 INFO Executor: Adding file:/tmp/spark-8556b227-b4d6-4b6b-a22c-39da7dc88629/userFiles-e6bb2d6e-a049-46be-885e-f7029337c442/org.xerial.snappy_snappy-java-1.1.10.3.jar to class loader default
[2024-06-19T09:38:19.619+0000] {docker.py:413} INFO - 24/06/19 09:38:19 INFO Executor: Fetching spark://localhost:33545/jars/commons-logging_commons-logging-1.1.3.jar with timestamp 1718789898606
[2024-06-19T09:38:19.619+0000] {docker.py:413} INFO - 24/06/19 09:38:19 INFO Utils: Fetching spark://localhost:33545/jars/commons-logging_commons-logging-1.1.3.jar to /tmp/spark-8556b227-b4d6-4b6b-a22c-39da7dc88629/userFiles-e6bb2d6e-a049-46be-885e-f7029337c442/fetchFileTemp16536689302936645044.tmp
[2024-06-19T09:38:19.620+0000] {docker.py:413} INFO - 24/06/19 09:38:19 INFO Utils: /tmp/spark-8556b227-b4d6-4b6b-a22c-39da7dc88629/userFiles-e6bb2d6e-a049-46be-885e-f7029337c442/fetchFileTemp16536689302936645044.tmp has been previously copied to /tmp/spark-8556b227-b4d6-4b6b-a22c-39da7dc88629/userFiles-e6bb2d6e-a049-46be-885e-f7029337c442/commons-logging_commons-logging-1.1.3.jar
[2024-06-19T09:38:19.622+0000] {docker.py:413} INFO - 24/06/19 09:38:19 INFO Executor: Adding file:/tmp/spark-8556b227-b4d6-4b6b-a22c-39da7dc88629/userFiles-e6bb2d6e-a049-46be-885e-f7029337c442/commons-logging_commons-logging-1.1.3.jar to class loader default
[2024-06-19T09:38:19.622+0000] {docker.py:413} INFO - 24/06/19 09:38:19 INFO Executor: Fetching spark://localhost:33545/jars/org.apache.kafka_kafka-clients-3.4.1.jar with timestamp 1718789898606
[2024-06-19T09:38:19.623+0000] {docker.py:413} INFO - 24/06/19 09:38:19 INFO Utils: Fetching spark://localhost:33545/jars/org.apache.kafka_kafka-clients-3.4.1.jar to /tmp/spark-8556b227-b4d6-4b6b-a22c-39da7dc88629/userFiles-e6bb2d6e-a049-46be-885e-f7029337c442/fetchFileTemp5818732870577004924.tmp
[2024-06-19T09:38:19.637+0000] {docker.py:413} INFO - 24/06/19 09:38:19 INFO Utils: /tmp/spark-8556b227-b4d6-4b6b-a22c-39da7dc88629/userFiles-e6bb2d6e-a049-46be-885e-f7029337c442/fetchFileTemp5818732870577004924.tmp has been previously copied to /tmp/spark-8556b227-b4d6-4b6b-a22c-39da7dc88629/userFiles-e6bb2d6e-a049-46be-885e-f7029337c442/org.apache.kafka_kafka-clients-3.4.1.jar
[2024-06-19T09:38:19.638+0000] {docker.py:413} INFO - 24/06/19 09:38:19 INFO Executor: Adding file:/tmp/spark-8556b227-b4d6-4b6b-a22c-39da7dc88629/userFiles-e6bb2d6e-a049-46be-885e-f7029337c442/org.apache.kafka_kafka-clients-3.4.1.jar to class loader default
[2024-06-19T09:38:19.639+0000] {docker.py:413} INFO - 24/06/19 09:38:19 INFO Executor: Fetching spark://localhost:33545/jars/org.apache.hadoop_hadoop-client-runtime-3.3.4.jar with timestamp 1718789898606
[2024-06-19T09:38:19.639+0000] {docker.py:413} INFO - 24/06/19 09:38:19 INFO Utils: Fetching spark://localhost:33545/jars/org.apache.hadoop_hadoop-client-runtime-3.3.4.jar to /tmp/spark-8556b227-b4d6-4b6b-a22c-39da7dc88629/userFiles-e6bb2d6e-a049-46be-885e-f7029337c442/fetchFileTemp184352846640466276.tmp
[2024-06-19T09:38:19.774+0000] {docker.py:413} INFO - 24/06/19 09:38:19 INFO Utils: /tmp/spark-8556b227-b4d6-4b6b-a22c-39da7dc88629/userFiles-e6bb2d6e-a049-46be-885e-f7029337c442/fetchFileTemp184352846640466276.tmp has been previously copied to /tmp/spark-8556b227-b4d6-4b6b-a22c-39da7dc88629/userFiles-e6bb2d6e-a049-46be-885e-f7029337c442/org.apache.hadoop_hadoop-client-runtime-3.3.4.jar
[2024-06-19T09:38:19.778+0000] {docker.py:413} INFO - 24/06/19 09:38:19 INFO Executor: Adding file:/tmp/spark-8556b227-b4d6-4b6b-a22c-39da7dc88629/userFiles-e6bb2d6e-a049-46be-885e-f7029337c442/org.apache.hadoop_hadoop-client-runtime-3.3.4.jar to class loader default
[2024-06-19T09:38:19.778+0000] {docker.py:413} INFO - 24/06/19 09:38:19 INFO Executor: Fetching spark://localhost:33545/jars/org.apache.spark_spark-sql-kafka-0-10_2.12-3.5.0.jar with timestamp 1718789898606
[2024-06-19T09:38:19.779+0000] {docker.py:413} INFO - 24/06/19 09:38:19 INFO Utils: Fetching spark://localhost:33545/jars/org.apache.spark_spark-sql-kafka-0-10_2.12-3.5.0.jar to /tmp/spark-8556b227-b4d6-4b6b-a22c-39da7dc88629/userFiles-e6bb2d6e-a049-46be-885e-f7029337c442/fetchFileTemp6214749405637560118.tmp
[2024-06-19T09:38:19.779+0000] {docker.py:413} INFO - 24/06/19 09:38:19 INFO Utils: /tmp/spark-8556b227-b4d6-4b6b-a22c-39da7dc88629/userFiles-e6bb2d6e-a049-46be-885e-f7029337c442/fetchFileTemp6214749405637560118.tmp has been previously copied to /tmp/spark-8556b227-b4d6-4b6b-a22c-39da7dc88629/userFiles-e6bb2d6e-a049-46be-885e-f7029337c442/org.apache.spark_spark-sql-kafka-0-10_2.12-3.5.0.jar
[2024-06-19T09:38:19.781+0000] {docker.py:413} INFO - 24/06/19 09:38:19 INFO Executor: Adding file:/tmp/spark-8556b227-b4d6-4b6b-a22c-39da7dc88629/userFiles-e6bb2d6e-a049-46be-885e-f7029337c442/org.apache.spark_spark-sql-kafka-0-10_2.12-3.5.0.jar to class loader default
[2024-06-19T09:38:19.782+0000] {docker.py:413} INFO - 24/06/19 09:38:19 INFO Executor: Fetching spark://localhost:33545/jars/org.apache.hadoop_hadoop-client-api-3.3.4.jar with timestamp 1718789898606
[2024-06-19T09:38:19.782+0000] {docker.py:413} INFO - 24/06/19 09:38:19 INFO Utils: Fetching spark://localhost:33545/jars/org.apache.hadoop_hadoop-client-api-3.3.4.jar to /tmp/spark-8556b227-b4d6-4b6b-a22c-39da7dc88629/userFiles-e6bb2d6e-a049-46be-885e-f7029337c442/fetchFileTemp8867052897537564127.tmp
[2024-06-19T09:38:19.810+0000] {docker.py:413} INFO - 24/06/19 09:38:19 INFO Utils: /tmp/spark-8556b227-b4d6-4b6b-a22c-39da7dc88629/userFiles-e6bb2d6e-a049-46be-885e-f7029337c442/fetchFileTemp8867052897537564127.tmp has been previously copied to /tmp/spark-8556b227-b4d6-4b6b-a22c-39da7dc88629/userFiles-e6bb2d6e-a049-46be-885e-f7029337c442/org.apache.hadoop_hadoop-client-api-3.3.4.jar
[2024-06-19T09:38:19.823+0000] {docker.py:413} INFO - 24/06/19 09:38:19 INFO Executor: Adding file:/tmp/spark-8556b227-b4d6-4b6b-a22c-39da7dc88629/userFiles-e6bb2d6e-a049-46be-885e-f7029337c442/org.apache.hadoop_hadoop-client-api-3.3.4.jar to class loader default
[2024-06-19T09:38:19.828+0000] {docker.py:413} INFO - 24/06/19 09:38:19 INFO Utils: Successfully started service 'org.apache.spark.network.netty.NettyBlockTransferService' on port 38841.
[2024-06-19T09:38:19.828+0000] {docker.py:413} INFO - 24/06/19 09:38:19 INFO NettyBlockTransferService: Server created on localhost:38841
[2024-06-19T09:38:19.829+0000] {docker.py:413} INFO - 24/06/19 09:38:19 INFO BlockManager: Using org.apache.spark.storage.RandomBlockReplicationPolicy for block replication policy
[2024-06-19T09:38:19.833+0000] {docker.py:413} INFO - 24/06/19 09:38:19 INFO BlockManagerMaster: Registering BlockManager BlockManagerId(driver, localhost, 38841, None)
[2024-06-19T09:38:19.835+0000] {docker.py:413} INFO - 24/06/19 09:38:19 INFO BlockManagerMasterEndpoint: Registering block manager localhost:38841 with 434.4 MiB RAM, BlockManagerId(driver, localhost, 38841, None)
[2024-06-19T09:38:19.836+0000] {docker.py:413} INFO - 24/06/19 09:38:19 INFO BlockManagerMaster: Registered BlockManager BlockManagerId(driver, localhost, 38841, None)
[2024-06-19T09:38:19.837+0000] {docker.py:413} INFO - 24/06/19 09:38:19 INFO BlockManager: Initialized BlockManager: BlockManagerId(driver, localhost, 38841, None)
[2024-06-19T09:38:20.066+0000] {docker.py:413} INFO - 2024-06-19 09:38:20,065:create_spark_session:INFO:Spark session created successfully
[2024-06-19T09:38:20.070+0000] {docker.py:413} INFO - 24/06/19 09:38:20 INFO SharedState: Setting hive.metastore.warehouse.dir ('null') to the value of spark.sql.warehouse.dir.
[2024-06-19T09:38:20.071+0000] {docker.py:413} INFO - 24/06/19 09:38:20 INFO SharedState: Warehouse path is 'file:/opt/bitnami/spark/spark-warehouse'.
[2024-06-19T09:38:20.884+0000] {docker.py:413} INFO - 2024-06-19 09:38:20,883:create_initial_dataframe:INFO:Initial dataframe created successfully
[2024-06-19T09:38:20.892+0000] {docker.py:413} INFO - 2024-06-19 09:38:20,892:create_initial_dataframe:INFO:Initial dataframe created successfully
[2024-06-19T09:38:20.900+0000] {docker.py:413} INFO - 2024-06-19 09:38:20,900:create_initial_dataframe:INFO:Initial dataframe created successfully
[2024-06-19T09:38:21.084+0000] {docker.py:413} INFO - 24/06/19 09:38:21 WARN SparkStringUtils: Truncated the string representation of a plan since it was too large. This behavior can be adjusted by setting 'spark.sql.debug.maxToStringFields'.
[2024-06-19T09:38:21.168+0000] {docker.py:413} INFO - 2024-06-19 09:38:21,167:start_streaming:INFO:Start streaming into {keys}
[2024-06-19T09:38:21.321+0000] {docker.py:413} INFO - Traceback (most recent call last):
  File "/opt/bitnami/spark/spark_streaming.py", line 153, in <module>
    write_to_postgres()
  File "/opt/bitnami/spark/spark_streaming.py", line 149, in write_to_postgres
    start_streaming(df_final, spark=spark)
  File "/opt/bitnami/spark/spark_streaming.py", line 137, in start_streaming
[2024-06-19T09:38:21.322+0000] {docker.py:413} INFO - query = df.write.jdbc(
            ^^^^^^^^
  File "/opt/bitnami/spark/python/lib/pyspark.zip/pyspark/sql/dataframe.py", line 509, in write
[2024-06-19T09:38:21.322+0000] {docker.py:413} INFO - File "/opt/bitnami/spark/python/lib/pyspark.zip/pyspark/sql/readwriter.py", line 964, in __init__
[2024-06-19T09:38:21.324+0000] {docker.py:413} INFO - File "/opt/bitnami/spark/python/lib/py4j-0.10.9.7-src.zip/py4j/java_gateway.py", line 1322, in __call__
[2024-06-19T09:38:21.325+0000] {docker.py:413} INFO - File "/opt/bitnami/spark/python/lib/pyspark.zip/pyspark/errors/exceptions/captured.py", line 185, in deco
[2024-06-19T09:38:21.325+0000] {docker.py:413} INFO - pyspark.errors.exceptions.captured.AnalysisException
[2024-06-19T09:38:21.328+0000] {docker.py:413} INFO - : [CALL_ON_STREAMING_DATASET_UNSUPPORTED] The method `write` can not be called on streaming Dataset/DataFrame.
[2024-06-19T09:38:21.329+0000] {docker.py:413} INFO - 2024-06-19 09:38:21,327:close:INFO:Closing down clientserver connection
[2024-06-19T09:38:21.350+0000] {docker.py:413} INFO - 24/06/19 09:38:21 INFO SparkContext: Invoking stop() from shutdown hook
[2024-06-19T09:38:21.351+0000] {docker.py:413} INFO - 24/06/19 09:38:21 INFO SparkContext: SparkContext is stopping with exitCode 0.
[2024-06-19T09:38:21.355+0000] {docker.py:413} INFO - 24/06/19 09:38:21 INFO SparkUI: Stopped Spark web UI at http://localhost:4040
[2024-06-19T09:38:21.363+0000] {docker.py:413} INFO - 24/06/19 09:38:21 INFO MapOutputTrackerMasterEndpoint: MapOutputTrackerMasterEndpoint stopped!
[2024-06-19T09:38:21.369+0000] {docker.py:413} INFO - 24/06/19 09:38:21 INFO MemoryStore: MemoryStore cleared
[2024-06-19T09:38:21.370+0000] {docker.py:413} INFO - 24/06/19 09:38:21 INFO BlockManager: BlockManager stopped
[2024-06-19T09:38:21.373+0000] {docker.py:413} INFO - 24/06/19 09:38:21 INFO BlockManagerMaster: BlockManagerMaster stopped
[2024-06-19T09:38:21.374+0000] {docker.py:413} INFO - 24/06/19 09:38:21 INFO OutputCommitCoordinator$OutputCommitCoordinatorEndpoint: OutputCommitCoordinator stopped!
[2024-06-19T09:38:21.383+0000] {docker.py:413} INFO - 24/06/19 09:38:21 INFO SparkContext: Successfully stopped SparkContext
[2024-06-19T09:38:21.383+0000] {docker.py:413} INFO - 24/06/19 09:38:21 INFO ShutdownHookManager: Shutdown hook called
[2024-06-19T09:38:21.383+0000] {docker.py:413} INFO - 24/06/19 09:38:21 INFO ShutdownHookManager: Deleting directory /tmp/spark-8556b227-b4d6-4b6b-a22c-39da7dc88629
[2024-06-19T09:38:21.384+0000] {docker.py:413} INFO - 24/06/19 09:38:21 INFO ShutdownHookManager: Deleting directory /tmp/spark-96e69b19-8ede-4f0b-87ef-eab408123614
[2024-06-19T09:38:21.385+0000] {docker.py:413} INFO - 24/06/19 09:38:21 INFO ShutdownHookManager: Deleting directory /tmp/spark-8556b227-b4d6-4b6b-a22c-39da7dc88629/pyspark-7dfde28d-4d3b-441d-8f2e-14ef3ef00b4b
[2024-06-19T09:38:21.653+0000] {taskinstance.py:1937} ERROR - Task failed with exception
Traceback (most recent call last):
  File "/home/airflow/.local/lib/python3.8/site-packages/docker/api/client.py", line 268, in _raise_for_status
    response.raise_for_status()
  File "/home/airflow/.local/lib/python3.8/site-packages/requests/models.py", line 1021, in raise_for_status
    raise HTTPError(http_error_msg, response=self)
requests.exceptions.HTTPError: 400 Client Error: Bad Request for url: http://docker-proxy:2375/v1.44/containers/create

The above exception was the direct cause of the following exception:

Traceback (most recent call last):
  File "/home/airflow/.local/lib/python3.8/site-packages/airflow/providers/docker/operators/docker.py", line 348, in _run_image
    return self._run_image_with_mounts([*self.mounts, tmp_mount], add_tmp_variable=True)
  File "/home/airflow/.local/lib/python3.8/site-packages/airflow/providers/docker/operators/docker.py", line 375, in _run_image_with_mounts
    self.container = self.cli.create_container(
  File "/home/airflow/.local/lib/python3.8/site-packages/docker/api/container.py", line 431, in create_container
    return self.create_container_from_config(config, name, platform)
  File "/home/airflow/.local/lib/python3.8/site-packages/docker/api/container.py", line 448, in create_container_from_config
    return self._result(res, True)
  File "/home/airflow/.local/lib/python3.8/site-packages/docker/api/client.py", line 274, in _result
    self._raise_for_status(response)
  File "/home/airflow/.local/lib/python3.8/site-packages/docker/api/client.py", line 270, in _raise_for_status
    raise create_api_error_from_http_exception(e) from e
  File "/home/airflow/.local/lib/python3.8/site-packages/docker/errors.py", line 39, in create_api_error_from_http_exception
    raise cls(e, response=response, explanation=explanation) from e
docker.errors.APIError: 400 Client Error for http://docker-proxy:2375/v1.44/containers/create: Bad Request ("invalid mount config for type "bind": bind source path does not exist: /host_mnt/private/tmp/airflowtmp9dcn_j9x")

During handling of the above exception, another exception occurred:

Traceback (most recent call last):
  File "/home/airflow/.local/lib/python3.8/site-packages/airflow/providers/docker/operators/docker.py", line 486, in execute
    return self._run_image()
  File "/home/airflow/.local/lib/python3.8/site-packages/airflow/providers/docker/operators/docker.py", line 357, in _run_image
    return self._run_image_with_mounts(self.mounts, add_tmp_variable=False)
  File "/home/airflow/.local/lib/python3.8/site-packages/airflow/providers/docker/operators/docker.py", line 421, in _run_image_with_mounts
    raise DockerContainerFailedException(f"Docker container failed: {result!r}", logs=log_lines)
airflow.providers.docker.exceptions.DockerContainerFailedException: Docker container failed: {'StatusCode': 1}
[2024-06-19T09:38:21.665+0000] {taskinstance.py:1400} INFO - Marking task as UP_FOR_RETRY. dag_id=kafka_spark_dag, task_id=pyspark_consumer, execution_date=20240619T091638, start_date=20240619T093726, end_date=20240619T093821
[2024-06-19T09:38:21.703+0000] {standard_task_runner.py:104} ERROR - Failed to execute job 136 for task pyspark_consumer (Docker container failed: {'StatusCode': 1}; 10890)
[2024-06-19T09:38:21.740+0000] {local_task_job_runner.py:228} INFO - Task exited with return code 1
[2024-06-19T09:38:21.783+0000] {taskinstance.py:2778} INFO - 0 downstream tasks scheduled from follow-on schedule check
