[2024-06-19T06:49:49.254+0000] {taskinstance.py:1159} INFO - Dependencies all met for dep_context=non-requeueable deps ti=<TaskInstance: kafka_spark_dag.pyspark_consumer scheduled__2024-06-19T06:44:21.211817+00:00 [queued]>
[2024-06-19T06:49:49.258+0000] {taskinstance.py:1159} INFO - Dependencies all met for dep_context=requeueable deps ti=<TaskInstance: kafka_spark_dag.pyspark_consumer scheduled__2024-06-19T06:44:21.211817+00:00 [queued]>
[2024-06-19T06:49:49.258+0000] {taskinstance.py:1361} INFO - Starting attempt 1 of 2
[2024-06-19T06:49:49.264+0000] {taskinstance.py:1382} INFO - Executing <Task(DockerOperator): pyspark_consumer> on 2024-06-19 06:44:21.211817+00:00
[2024-06-19T06:49:49.268+0000] {standard_task_runner.py:57} INFO - Started process 2514 to run task
[2024-06-19T06:49:49.270+0000] {standard_task_runner.py:84} INFO - Running: ['***', 'tasks', 'run', 'kafka_spark_dag', 'pyspark_consumer', 'scheduled__2024-06-19T06:44:21.211817+00:00', '--job-id', '99', '--raw', '--subdir', 'DAGS_FOLDER/dag_kafka_spark.py', '--cfg-path', '/tmp/tmpd3ehqna9']
[2024-06-19T06:49:49.271+0000] {standard_task_runner.py:85} INFO - Job 99: Subtask pyspark_consumer
[2024-06-19T06:49:49.296+0000] {task_command.py:416} INFO - Running <TaskInstance: kafka_spark_dag.pyspark_consumer scheduled__2024-06-19T06:44:21.211817+00:00 [running]> on host 2ad9230613d5
[2024-06-19T06:49:49.342+0000] {taskinstance.py:1662} INFO - Exporting env vars: AIRFLOW_CTX_DAG_OWNER='***' AIRFLOW_CTX_DAG_ID='kafka_spark_dag' AIRFLOW_CTX_TASK_ID='pyspark_consumer' AIRFLOW_CTX_EXECUTION_DATE='2024-06-19T06:44:21.211817+00:00' AIRFLOW_CTX_TRY_NUMBER='1' AIRFLOW_CTX_DAG_RUN_ID='scheduled__2024-06-19T06:44:21.211817+00:00'
[2024-06-19T06:49:49.381+0000] {docker.py:343} INFO - Starting docker container from image rappel-conso/spark:latest
[2024-06-19T06:49:49.391+0000] {docker.py:351} WARNING - Using remote engine or docker-in-docker and mounting temporary volume from host is not supported. Falling back to `mount_tmp_dir=False` mode. You can set `mount_tmp_dir` parameter to False to disable mounting and remove the warning
[2024-06-19T06:49:49.895+0000] {docker.py:413} INFO - [38;5;6mspark [38;5;5m06:49:49.87 [0m[38;5;2mINFO [0m ==>
[2024-06-19T06:49:49.897+0000] {docker.py:413} INFO - [38;5;6mspark [38;5;5m06:49:49.88 [0m[38;5;2mINFO [0m ==> [1mWelcome to the Bitnami spark container[0m
[2024-06-19T06:49:49.900+0000] {docker.py:413} INFO - [38;5;6mspark [38;5;5m06:49:49.89 [0m[38;5;2mINFO [0m ==> Subscribe to project updates by watching [1mhttps://github.com/bitnami/containers[0m
[2024-06-19T06:49:49.902+0000] {docker.py:413} INFO - [38;5;6mspark [38;5;5m06:49:49.89 [0m[38;5;2mINFO [0m ==> Submit issues and feature requests at [1mhttps://github.com/bitnami/containers/issues[0m
[2024-06-19T06:49:49.902+0000] {docker.py:413} INFO - [38;5;6mspark [38;5;5m06:49:49.89 [0m[38;5;2mINFO [0m ==>
[2024-06-19T06:49:49.910+0000] {docker.py:413} INFO - 
[2024-06-19T06:49:52.518+0000] {docker.py:413} INFO - :: loading settings :: url = jar:file:/opt/bitnami/spark/jars/ivy-2.5.1.jar!/org/apache/ivy/core/settings/ivysettings.xml
[2024-06-19T06:49:52.643+0000] {docker.py:413} INFO - Ivy Default Cache set to: /opt/bitnami/spark/.ivy2/cache
The jars for the packages stored in: /opt/bitnami/spark/.ivy2/jars
[2024-06-19T06:49:52.651+0000] {docker.py:413} INFO - org.postgresql#postgresql added as a dependency
[2024-06-19T06:49:52.652+0000] {docker.py:413} INFO - org.apache.spark#spark-sql-kafka-0-10_2.12 added as a dependency
[2024-06-19T06:49:52.652+0000] {docker.py:413} INFO - :: resolving dependencies :: org.apache.spark#spark-submit-parent-c8fe50ea-957a-4607-8d0e-c71a9e30e34b;1.0
	confs: [default]
[2024-06-19T06:49:54.198+0000] {docker.py:413} INFO - found org.postgresql#postgresql;42.5.4 in central
[2024-06-19T06:49:54.616+0000] {docker.py:413} INFO - found org.checkerframework#checker-qual;3.5.0 in central
[2024-06-19T06:52:28.570+0000] {docker.py:413} INFO - found org.apache.spark#spark-sql-kafka-0-10_2.12;3.5.0 in central
[2024-06-19T06:52:30.085+0000] {docker.py:413} INFO - found org.apache.spark#spark-token-provider-kafka-0-10_2.12;3.5.0 in central
[2024-06-19T06:52:30.709+0000] {docker.py:413} INFO - found org.apache.kafka#kafka-clients;3.4.1 in central
[2024-06-19T06:52:31.300+0000] {docker.py:413} INFO - found org.lz4#lz4-java;1.8.0 in central
[2024-06-19T06:52:31.854+0000] {docker.py:413} INFO - found org.xerial.snappy#snappy-java;1.1.10.3 in central
[2024-06-19T06:52:34.539+0000] {docker.py:413} INFO - found org.slf4j#slf4j-api;2.0.7 in central
[2024-06-19T06:52:39.311+0000] {docker.py:413} INFO - found org.apache.hadoop#hadoop-client-runtime;3.3.4 in central
[2024-06-19T06:52:39.936+0000] {docker.py:413} INFO - found org.apache.hadoop#hadoop-client-api;3.3.4 in central
[2024-06-19T06:52:42.807+0000] {docker.py:413} INFO - found commons-logging#commons-logging;1.1.3 in central
[2024-06-19T06:52:43.420+0000] {docker.py:413} INFO - found com.google.code.findbugs#jsr305;3.0.0 in central
[2024-06-19T06:52:47.931+0000] {docker.py:413} INFO - found org.apache.commons#commons-pool2;2.11.1 in central
[2024-06-19T06:52:48.208+0000] {docker.py:413} INFO - downloading https://repo1.maven.org/maven2/org/postgresql/postgresql/42.5.4/postgresql-42.5.4.jar ...
[2024-06-19T06:52:49.175+0000] {docker.py:413} INFO - [SUCCESSFUL ] org.postgresql#postgresql;42.5.4!postgresql.jar (1225ms)
[2024-06-19T06:52:49.516+0000] {docker.py:413} INFO - downloading https://repo1.maven.org/maven2/org/apache/spark/spark-sql-kafka-0-10_2.12/3.5.0/spark-sql-kafka-0-10_2.12-3.5.0.jar ...
[2024-06-19T06:52:49.833+0000] {docker.py:413} INFO - [SUCCESSFUL ] org.apache.spark#spark-sql-kafka-0-10_2.12;3.5.0!spark-sql-kafka-0-10_2.12.jar (657ms)
[2024-06-19T06:52:50.099+0000] {docker.py:413} INFO - downloading https://repo1.maven.org/maven2/org/checkerframework/checker-qual/3.5.0/checker-qual-3.5.0.jar ...
[2024-06-19T06:52:50.392+0000] {docker.py:413} INFO - [SUCCESSFUL ] org.checkerframework#checker-qual;3.5.0!checker-qual.jar (556ms)
[2024-06-19T06:52:50.651+0000] {docker.py:413} INFO - downloading https://repo1.maven.org/maven2/org/apache/spark/spark-token-provider-kafka-0-10_2.12/3.5.0/spark-token-provider-kafka-0-10_2.12-3.5.0.jar ...
[2024-06-19T06:52:50.925+0000] {docker.py:413} INFO - [SUCCESSFUL ] org.apache.spark#spark-token-provider-kafka-0-10_2.12;3.5.0!spark-token-provider-kafka-0-10_2.12.jar (532ms)
[2024-06-19T06:52:51.198+0000] {docker.py:413} INFO - downloading https://repo1.maven.org/maven2/org/apache/kafka/kafka-clients/3.4.1/kafka-clients-3.4.1.jar ...
[2024-06-19T06:52:52.444+0000] {docker.py:413} INFO - [SUCCESSFUL ] org.apache.kafka#kafka-clients;3.4.1!kafka-clients.jar (1518ms)
[2024-06-19T06:52:52.709+0000] {docker.py:413} INFO - downloading https://repo1.maven.org/maven2/com/google/code/findbugs/jsr305/3.0.0/jsr305-3.0.0.jar ...
[2024-06-19T06:52:52.975+0000] {docker.py:413} INFO - [SUCCESSFUL ] com.google.code.findbugs#jsr305;3.0.0!jsr305.jar (526ms)
[2024-06-19T06:52:53.236+0000] {docker.py:413} INFO - downloading https://repo1.maven.org/maven2/org/apache/commons/commons-pool2/2.11.1/commons-pool2-2.11.1.jar ...
[2024-06-19T06:52:53.559+0000] {docker.py:413} INFO - [SUCCESSFUL ] org.apache.commons#commons-pool2;2.11.1!commons-pool2.jar (582ms)
[2024-06-19T06:52:53.825+0000] {docker.py:413} INFO - downloading https://repo1.maven.org/maven2/org/apache/hadoop/hadoop-client-runtime/3.3.4/hadoop-client-runtime-3.3.4.jar ...
[2024-06-19T06:53:02.854+0000] {docker.py:413} INFO - [SUCCESSFUL ] org.apache.hadoop#hadoop-client-runtime;3.3.4!hadoop-client-runtime.jar (9281ms)
[2024-06-19T06:53:03.114+0000] {docker.py:413} INFO - downloading https://repo1.maven.org/maven2/org/lz4/lz4-java/1.8.0/lz4-java-1.8.0.jar ...
[2024-06-19T06:53:03.549+0000] {docker.py:413} INFO - [SUCCESSFUL ] org.lz4#lz4-java;1.8.0!lz4-java.jar (698ms)
[2024-06-19T06:53:03.807+0000] {docker.py:413} INFO - downloading https://repo1.maven.org/maven2/org/xerial/snappy/snappy-java/1.1.10.3/snappy-java-1.1.10.3.jar ...
[2024-06-19T06:53:04.509+0000] {docker.py:413} INFO - [SUCCESSFUL ] org.xerial.snappy#snappy-java;1.1.10.3!snappy-java.jar(bundle) (958ms)
[2024-06-19T06:53:04.776+0000] {docker.py:413} INFO - downloading https://repo1.maven.org/maven2/org/slf4j/slf4j-api/2.0.7/slf4j-api-2.0.7.jar ...
[2024-06-19T06:53:05.056+0000] {docker.py:413} INFO - [SUCCESSFUL ] org.slf4j#slf4j-api;2.0.7!slf4j-api.jar (543ms)
[2024-06-19T06:53:05.319+0000] {docker.py:413} INFO - downloading https://repo1.maven.org/maven2/org/apache/hadoop/hadoop-client-api/3.3.4/hadoop-client-api-3.3.4.jar ...
[2024-06-19T06:53:10.457+0000] {docker.py:413} INFO - [SUCCESSFUL ] org.apache.hadoop#hadoop-client-api;3.3.4!hadoop-client-api.jar (5395ms)
[2024-06-19T06:53:10.726+0000] {docker.py:413} INFO - downloading https://repo1.maven.org/maven2/commons-logging/commons-logging/1.1.3/commons-logging-1.1.3.jar ...
[2024-06-19T06:53:11.013+0000] {docker.py:413} INFO - [SUCCESSFUL ] commons-logging#commons-logging;1.1.3!commons-logging.jar (548ms)
[2024-06-19T06:53:11.023+0000] {docker.py:413} INFO - :: resolution report :: resolve 175295ms :: artifacts dl 23068ms
[2024-06-19T06:53:11.028+0000] {docker.py:413} INFO - :: modules in use:
[2024-06-19T06:53:11.044+0000] {docker.py:413} INFO - com.google.code.findbugs#jsr305;3.0.0 from central in [default]
	commons-logging#commons-logging;1.1.3 from central in [default]
	org.apache.commons#commons-pool2;2.11.1 from central in [default]
	org.apache.hadoop#hadoop-client-api;3.3.4 from central in [default]
	org.apache.hadoop#hadoop-client-runtime;3.3.4 from central in [default]
	org.apache.kafka#kafka-clients;3.4.1 from central in [default]
	org.apache.spark#spark-sql-kafka-0-10_2.12;3.5.0 from central in [default]
	org.apache.spark#spark-token-provider-kafka-0-10_2.12;3.5.0 from central in [default]
	org.checkerframework#checker-qual;3.5.0 from central in [default]
	org.lz4#lz4-java;1.8.0 from central in [default]
	org.postgresql#postgresql;42.5.4 from central in [default]
	org.slf4j#slf4j-api;2.0.7 from central in [default]
	org.xerial.snappy#snappy-java;1.1.10.3 from central in [default]
[2024-06-19T06:53:11.055+0000] {docker.py:413} INFO - ---------------------------------------------------------------------
[2024-06-19T06:53:11.057+0000] {docker.py:413} INFO - |                  |            modules            ||   artifacts   |
[2024-06-19T06:53:11.059+0000] {docker.py:413} INFO - |       conf       | number| search|dwnlded|evicted|| number|dwnlded|
	---------------------------------------------------------------------
[2024-06-19T06:53:11.064+0000] {docker.py:413} INFO - |      default     |   13  |   13  |   13  |   0   ||   13  |   13  |
	---------------------------------------------------------------------
[2024-06-19T06:53:11.077+0000] {docker.py:413} INFO - :: problems summary ::
:::: ERRORS
[2024-06-19T06:53:11.083+0000] {docker.py:413} INFO - Server access error at url https://repos.spark-packages.org/org/apache/apache/18/apache-18.jar (java.net.ConnectException: Connection refused)

	Server access error at url https://repos.spark-packages.org/org/apache/spark/spark-parent_2.12/3.5.0/spark-parent_2.12-3.5.0.jar (java.net.ConnectException: Connection refused)


:: USE VERBOSE OR DEBUG MESSAGE LEVEL FOR MORE DETAILS
[2024-06-19T06:53:11.085+0000] {docker.py:413} INFO - :: retrieving :: org.apache.spark#spark-submit-parent-c8fe50ea-957a-4607-8d0e-c71a9e30e34b
	confs: [default]
[2024-06-19T06:53:11.338+0000] {docker.py:413} INFO - 13 artifacts copied, 0 already retrieved (58001kB/259ms)
[2024-06-19T06:53:12.349+0000] {docker.py:413} INFO - 24/06/19 06:53:12 WARN NativeCodeLoader: Unable to load native-hadoop library for your platform... using builtin-java classes where applicable
[2024-06-19T06:53:13.276+0000] {docker.py:413} INFO - 24/06/19 06:53:13 INFO SparkContext: Running Spark version 3.5.0
[2024-06-19T06:53:13.277+0000] {docker.py:413} INFO - 24/06/19 06:53:13 INFO SparkContext: OS info Linux, 6.6.12-linuxkit, aarch64
[2024-06-19T06:53:13.277+0000] {docker.py:413} INFO - 24/06/19 06:53:13 INFO SparkContext: Java version 17.0.10
[2024-06-19T06:53:13.292+0000] {docker.py:413} INFO - 24/06/19 06:53:13 INFO ResourceUtils: ==============================================================
[2024-06-19T06:53:13.293+0000] {docker.py:413} INFO - 24/06/19 06:53:13 INFO ResourceUtils: No custom resources configured for spark.driver.
[2024-06-19T06:53:13.294+0000] {docker.py:413} INFO - 24/06/19 06:53:13 INFO ResourceUtils: ==============================================================
[2024-06-19T06:53:13.294+0000] {docker.py:413} INFO - 24/06/19 06:53:13 INFO SparkContext: Submitted application: PostgreSQL Connection with PySpark
[2024-06-19T06:53:13.310+0000] {docker.py:413} INFO - 24/06/19 06:53:13 INFO ResourceProfile: Default ResourceProfile created, executor resources: Map(cores -> name: cores, amount: 1, script: , vendor: , memory -> name: memory, amount: 1024, script: , vendor: , offHeap -> name: offHeap, amount: 0, script: , vendor: ), task resources: Map(cpus -> name: cpus, amount: 1.0)
[2024-06-19T06:53:13.315+0000] {docker.py:413} INFO - 24/06/19 06:53:13 INFO ResourceProfile: Limiting resource is cpu
[2024-06-19T06:53:13.315+0000] {docker.py:413} INFO - 24/06/19 06:53:13 INFO ResourceProfileManager: Added ResourceProfile id: 0
[2024-06-19T06:53:13.356+0000] {docker.py:413} INFO - 24/06/19 06:53:13 INFO SecurityManager: Changing view acls to: spark
[2024-06-19T06:53:13.356+0000] {docker.py:413} INFO - 24/06/19 06:53:13 INFO SecurityManager: Changing modify acls to: spark
[2024-06-19T06:53:13.356+0000] {docker.py:413} INFO - 24/06/19 06:53:13 INFO SecurityManager: Changing view acls groups to:
[2024-06-19T06:53:13.357+0000] {docker.py:413} INFO - 24/06/19 06:53:13 INFO SecurityManager: Changing modify acls groups to:
[2024-06-19T06:53:13.357+0000] {docker.py:413} INFO - 24/06/19 06:53:13 INFO SecurityManager: SecurityManager: authentication disabled; ui acls disabled; users with view permissions: spark; groups with view permissions: EMPTY; users with modify permissions: spark; groups with modify permissions: EMPTY
[2024-06-19T06:53:13.566+0000] {docker.py:413} INFO - 24/06/19 06:53:13 INFO Utils: Successfully started service 'sparkDriver' on port 45111.
[2024-06-19T06:53:13.594+0000] {docker.py:413} INFO - 24/06/19 06:53:13 INFO SparkEnv: Registering MapOutputTracker
[2024-06-19T06:53:13.629+0000] {docker.py:413} INFO - 24/06/19 06:53:13 INFO SparkEnv: Registering BlockManagerMaster
[2024-06-19T06:53:13.647+0000] {docker.py:413} INFO - 24/06/19 06:53:13 INFO BlockManagerMasterEndpoint: Using org.apache.spark.storage.DefaultTopologyMapper for getting topology information
[2024-06-19T06:53:13.648+0000] {docker.py:413} INFO - 24/06/19 06:53:13 INFO BlockManagerMasterEndpoint: BlockManagerMasterEndpoint up
[2024-06-19T06:53:13.650+0000] {docker.py:413} INFO - 24/06/19 06:53:13 INFO SparkEnv: Registering BlockManagerMasterHeartbeat
[2024-06-19T06:53:13.663+0000] {docker.py:413} INFO - 24/06/19 06:53:13 INFO DiskBlockManager: Created local directory at /tmp/blockmgr-d5ca6943-7550-4882-a63b-da9208664609
[2024-06-19T06:53:13.672+0000] {docker.py:413} INFO - 24/06/19 06:53:13 INFO MemoryStore: MemoryStore started with capacity 434.4 MiB
[2024-06-19T06:53:13.682+0000] {docker.py:413} INFO - 24/06/19 06:53:13 INFO SparkEnv: Registering OutputCommitCoordinator
[2024-06-19T06:53:13.776+0000] {docker.py:413} INFO - 24/06/19 06:53:13 INFO JettyUtils: Start Jetty 0.0.0.0:4040 for SparkUI
[2024-06-19T06:53:13.826+0000] {docker.py:413} INFO - 24/06/19 06:53:13 INFO Utils: Successfully started service 'SparkUI' on port 4040.
[2024-06-19T06:53:13.850+0000] {docker.py:413} INFO - 24/06/19 06:53:13 INFO SparkContext: Added JAR file:///opt/bitnami/spark/.ivy2/jars/org.postgresql_postgresql-42.5.4.jar at spark://localhost:45111/jars/org.postgresql_postgresql-42.5.4.jar with timestamp 1718779993265
24/06/19 06:53:13 INFO SparkContext: Added JAR file:///opt/bitnami/spark/.ivy2/jars/org.apache.spark_spark-sql-kafka-0-10_2.12-3.5.0.jar at spark://localhost:45111/jars/org.apache.spark_spark-sql-kafka-0-10_2.12-3.5.0.jar with timestamp 1718779993265
24/06/19 06:53:13 INFO SparkContext: Added JAR file:///opt/bitnami/spark/.ivy2/jars/org.checkerframework_checker-qual-3.5.0.jar at spark://localhost:45111/jars/org.checkerframework_checker-qual-3.5.0.jar with timestamp 1718779993265
24/06/19 06:53:13 INFO SparkContext: Added JAR file:///opt/bitnami/spark/.ivy2/jars/org.apache.spark_spark-token-provider-kafka-0-10_2.12-3.5.0.jar at spark://localhost:45111/jars/org.apache.spark_spark-token-provider-kafka-0-10_2.12-3.5.0.jar with timestamp 1718779993265
[2024-06-19T06:53:13.852+0000] {docker.py:413} INFO - 24/06/19 06:53:13 INFO SparkContext: Added JAR file:///opt/bitnami/spark/.ivy2/jars/org.apache.kafka_kafka-clients-3.4.1.jar at spark://localhost:45111/jars/org.apache.kafka_kafka-clients-3.4.1.jar with timestamp 1718779993265
[2024-06-19T06:53:13.854+0000] {docker.py:413} INFO - 24/06/19 06:53:13 INFO SparkContext: Added JAR file:///opt/bitnami/spark/.ivy2/jars/com.google.code.findbugs_jsr305-3.0.0.jar at spark://localhost:45111/jars/com.google.code.findbugs_jsr305-3.0.0.jar with timestamp 1718779993265
24/06/19 06:53:13 INFO SparkContext: Added JAR file:///opt/bitnami/spark/.ivy2/jars/org.apache.commons_commons-pool2-2.11.1.jar at spark://localhost:45111/jars/org.apache.commons_commons-pool2-2.11.1.jar with timestamp 1718779993265
[2024-06-19T06:53:13.855+0000] {docker.py:413} INFO - 24/06/19 06:53:13 INFO SparkContext: Added JAR file:///opt/bitnami/spark/.ivy2/jars/org.apache.hadoop_hadoop-client-runtime-3.3.4.jar at spark://localhost:45111/jars/org.apache.hadoop_hadoop-client-runtime-3.3.4.jar with timestamp 1718779993265
[2024-06-19T06:53:13.856+0000] {docker.py:413} INFO - 24/06/19 06:53:13 INFO SparkContext: Added JAR file:///opt/bitnami/spark/.ivy2/jars/org.lz4_lz4-java-1.8.0.jar at spark://localhost:45111/jars/org.lz4_lz4-java-1.8.0.jar with timestamp 1718779993265
24/06/19 06:53:13 INFO SparkContext: Added JAR file:///opt/bitnami/spark/.ivy2/jars/org.xerial.snappy_snappy-java-1.1.10.3.jar at spark://localhost:45111/jars/org.xerial.snappy_snappy-java-1.1.10.3.jar with timestamp 1718779993265
[2024-06-19T06:53:13.856+0000] {docker.py:413} INFO - 24/06/19 06:53:13 INFO SparkContext: Added JAR file:///opt/bitnami/spark/.ivy2/jars/org.slf4j_slf4j-api-2.0.7.jar at spark://localhost:45111/jars/org.slf4j_slf4j-api-2.0.7.jar with timestamp 1718779993265
24/06/19 06:53:13 INFO SparkContext: Added JAR file:///opt/bitnami/spark/.ivy2/jars/org.apache.hadoop_hadoop-client-api-3.3.4.jar at spark://localhost:45111/jars/org.apache.hadoop_hadoop-client-api-3.3.4.jar with timestamp 1718779993265
[2024-06-19T06:53:13.856+0000] {docker.py:413} INFO - 24/06/19 06:53:13 INFO SparkContext: Added JAR file:///opt/bitnami/spark/.ivy2/jars/commons-logging_commons-logging-1.1.3.jar at spark://localhost:45111/jars/commons-logging_commons-logging-1.1.3.jar with timestamp 1718779993265
[2024-06-19T06:53:13.857+0000] {docker.py:413} INFO - 24/06/19 06:53:13 INFO SparkContext: Added file file:///opt/bitnami/spark/.ivy2/jars/org.postgresql_postgresql-42.5.4.jar at file:///opt/bitnami/spark/.ivy2/jars/org.postgresql_postgresql-42.5.4.jar with timestamp 1718779993265
[2024-06-19T06:53:13.857+0000] {docker.py:413} INFO - 24/06/19 06:53:13 INFO Utils: Copying /opt/bitnami/spark/.ivy2/jars/org.postgresql_postgresql-42.5.4.jar to /tmp/spark-ee85f083-5c11-4cc8-ada0-5a5caf22b8b3/userFiles-a5c68754-7837-4422-83cb-f0d8a4825db5/org.postgresql_postgresql-42.5.4.jar
[2024-06-19T06:53:13.879+0000] {docker.py:413} INFO - 24/06/19 06:53:13 INFO SparkContext: Added file file:///opt/bitnami/spark/.ivy2/jars/org.apache.spark_spark-sql-kafka-0-10_2.12-3.5.0.jar at file:///opt/bitnami/spark/.ivy2/jars/org.apache.spark_spark-sql-kafka-0-10_2.12-3.5.0.jar with timestamp 1718779993265
[2024-06-19T06:53:13.881+0000] {docker.py:413} INFO - 24/06/19 06:53:13 INFO Utils: Copying /opt/bitnami/spark/.ivy2/jars/org.apache.spark_spark-sql-kafka-0-10_2.12-3.5.0.jar to /tmp/spark-ee85f083-5c11-4cc8-ada0-5a5caf22b8b3/userFiles-a5c68754-7837-4422-83cb-f0d8a4825db5/org.apache.spark_spark-sql-kafka-0-10_2.12-3.5.0.jar
[2024-06-19T06:53:13.888+0000] {docker.py:413} INFO - 24/06/19 06:53:13 INFO SparkContext: Added file file:///opt/bitnami/spark/.ivy2/jars/org.checkerframework_checker-qual-3.5.0.jar at file:///opt/bitnami/spark/.ivy2/jars/org.checkerframework_checker-qual-3.5.0.jar with timestamp 1718779993265
[2024-06-19T06:53:13.889+0000] {docker.py:413} INFO - 24/06/19 06:53:13 INFO Utils: Copying /opt/bitnami/spark/.ivy2/jars/org.checkerframework_checker-qual-3.5.0.jar to /tmp/spark-ee85f083-5c11-4cc8-ada0-5a5caf22b8b3/userFiles-a5c68754-7837-4422-83cb-f0d8a4825db5/org.checkerframework_checker-qual-3.5.0.jar
[2024-06-19T06:53:13.893+0000] {docker.py:413} INFO - 24/06/19 06:53:13 INFO SparkContext: Added file file:///opt/bitnami/spark/.ivy2/jars/org.apache.spark_spark-token-provider-kafka-0-10_2.12-3.5.0.jar at file:///opt/bitnami/spark/.ivy2/jars/org.apache.spark_spark-token-provider-kafka-0-10_2.12-3.5.0.jar with timestamp 1718779993265
24/06/19 06:53:13 INFO Utils: Copying /opt/bitnami/spark/.ivy2/jars/org.apache.spark_spark-token-provider-kafka-0-10_2.12-3.5.0.jar to /tmp/spark-ee85f083-5c11-4cc8-ada0-5a5caf22b8b3/userFiles-a5c68754-7837-4422-83cb-f0d8a4825db5/org.apache.spark_spark-token-provider-kafka-0-10_2.12-3.5.0.jar
[2024-06-19T06:53:13.898+0000] {docker.py:413} INFO - 24/06/19 06:53:13 INFO SparkContext: Added file file:///opt/bitnami/spark/.ivy2/jars/org.apache.kafka_kafka-clients-3.4.1.jar at file:///opt/bitnami/spark/.ivy2/jars/org.apache.kafka_kafka-clients-3.4.1.jar with timestamp 1718779993265
[2024-06-19T06:53:13.899+0000] {docker.py:413} INFO - 24/06/19 06:53:13 INFO Utils: Copying /opt/bitnami/spark/.ivy2/jars/org.apache.kafka_kafka-clients-3.4.1.jar to /tmp/spark-ee85f083-5c11-4cc8-ada0-5a5caf22b8b3/userFiles-a5c68754-7837-4422-83cb-f0d8a4825db5/org.apache.kafka_kafka-clients-3.4.1.jar
[2024-06-19T06:53:13.931+0000] {docker.py:413} INFO - 24/06/19 06:53:13 INFO SparkContext: Added file file:///opt/bitnami/spark/.ivy2/jars/com.google.code.findbugs_jsr305-3.0.0.jar at file:///opt/bitnami/spark/.ivy2/jars/com.google.code.findbugs_jsr305-3.0.0.jar with timestamp 1718779993265
24/06/19 06:53:13 INFO Utils: Copying /opt/bitnami/spark/.ivy2/jars/com.google.code.findbugs_jsr305-3.0.0.jar to /tmp/spark-ee85f083-5c11-4cc8-ada0-5a5caf22b8b3/userFiles-a5c68754-7837-4422-83cb-f0d8a4825db5/com.google.code.findbugs_jsr305-3.0.0.jar
[2024-06-19T06:53:13.940+0000] {docker.py:413} INFO - 24/06/19 06:53:13 INFO SparkContext: Added file file:///opt/bitnami/spark/.ivy2/jars/org.apache.commons_commons-pool2-2.11.1.jar at file:///opt/bitnami/spark/.ivy2/jars/org.apache.commons_commons-pool2-2.11.1.jar with timestamp 1718779993265
[2024-06-19T06:53:13.944+0000] {docker.py:413} INFO - 24/06/19 06:53:13 INFO Utils: Copying /opt/bitnami/spark/.ivy2/jars/org.apache.commons_commons-pool2-2.11.1.jar to /tmp/spark-ee85f083-5c11-4cc8-ada0-5a5caf22b8b3/userFiles-a5c68754-7837-4422-83cb-f0d8a4825db5/org.apache.commons_commons-pool2-2.11.1.jar
[2024-06-19T06:53:13.946+0000] {docker.py:413} INFO - 24/06/19 06:53:13 INFO SparkContext: Added file file:///opt/bitnami/spark/.ivy2/jars/org.apache.hadoop_hadoop-client-runtime-3.3.4.jar at file:///opt/bitnami/spark/.ivy2/jars/org.apache.hadoop_hadoop-client-runtime-3.3.4.jar with timestamp 1718779993265
[2024-06-19T06:53:13.947+0000] {docker.py:413} INFO - 24/06/19 06:53:13 INFO Utils: Copying /opt/bitnami/spark/.ivy2/jars/org.apache.hadoop_hadoop-client-runtime-3.3.4.jar to /tmp/spark-ee85f083-5c11-4cc8-ada0-5a5caf22b8b3/userFiles-a5c68754-7837-4422-83cb-f0d8a4825db5/org.apache.hadoop_hadoop-client-runtime-3.3.4.jar
[2024-06-19T06:53:14.002+0000] {docker.py:413} INFO - 24/06/19 06:53:14 INFO SparkContext: Added file file:///opt/bitnami/spark/.ivy2/jars/org.lz4_lz4-java-1.8.0.jar at file:///opt/bitnami/spark/.ivy2/jars/org.lz4_lz4-java-1.8.0.jar with timestamp 1718779993265
[2024-06-19T06:53:14.003+0000] {docker.py:413} INFO - 24/06/19 06:53:14 INFO Utils: Copying /opt/bitnami/spark/.ivy2/jars/org.lz4_lz4-java-1.8.0.jar to /tmp/spark-ee85f083-5c11-4cc8-ada0-5a5caf22b8b3/userFiles-a5c68754-7837-4422-83cb-f0d8a4825db5/org.lz4_lz4-java-1.8.0.jar
[2024-06-19T06:53:14.009+0000] {docker.py:413} INFO - 24/06/19 06:53:14 INFO SparkContext: Added file file:///opt/bitnami/spark/.ivy2/jars/org.xerial.snappy_snappy-java-1.1.10.3.jar at file:///opt/bitnami/spark/.ivy2/jars/org.xerial.snappy_snappy-java-1.1.10.3.jar with timestamp 1718779993265
[2024-06-19T06:53:14.010+0000] {docker.py:413} INFO - 24/06/19 06:53:14 INFO Utils: Copying /opt/bitnami/spark/.ivy2/jars/org.xerial.snappy_snappy-java-1.1.10.3.jar to /tmp/spark-ee85f083-5c11-4cc8-ada0-5a5caf22b8b3/userFiles-a5c68754-7837-4422-83cb-f0d8a4825db5/org.xerial.snappy_snappy-java-1.1.10.3.jar
[2024-06-19T06:53:14.016+0000] {docker.py:413} INFO - 24/06/19 06:53:14 INFO SparkContext: Added file file:///opt/bitnami/spark/.ivy2/jars/org.slf4j_slf4j-api-2.0.7.jar at file:///opt/bitnami/spark/.ivy2/jars/org.slf4j_slf4j-api-2.0.7.jar with timestamp 1718779993265
[2024-06-19T06:53:14.017+0000] {docker.py:413} INFO - 24/06/19 06:53:14 INFO Utils: Copying /opt/bitnami/spark/.ivy2/jars/org.slf4j_slf4j-api-2.0.7.jar to /tmp/spark-ee85f083-5c11-4cc8-ada0-5a5caf22b8b3/userFiles-a5c68754-7837-4422-83cb-f0d8a4825db5/org.slf4j_slf4j-api-2.0.7.jar
[2024-06-19T06:53:14.019+0000] {docker.py:413} INFO - 24/06/19 06:53:14 INFO SparkContext: Added file file:///opt/bitnami/spark/.ivy2/jars/org.apache.hadoop_hadoop-client-api-3.3.4.jar at file:///opt/bitnami/spark/.ivy2/jars/org.apache.hadoop_hadoop-client-api-3.3.4.jar with timestamp 1718779993265
[2024-06-19T06:53:14.022+0000] {docker.py:413} INFO - 24/06/19 06:53:14 INFO Utils: Copying /opt/bitnami/spark/.ivy2/jars/org.apache.hadoop_hadoop-client-api-3.3.4.jar to /tmp/spark-ee85f083-5c11-4cc8-ada0-5a5caf22b8b3/userFiles-a5c68754-7837-4422-83cb-f0d8a4825db5/org.apache.hadoop_hadoop-client-api-3.3.4.jar
[2024-06-19T06:53:14.101+0000] {docker.py:413} INFO - 24/06/19 06:53:14 INFO SparkContext: Added file file:///opt/bitnami/spark/.ivy2/jars/commons-logging_commons-logging-1.1.3.jar at file:///opt/bitnami/spark/.ivy2/jars/commons-logging_commons-logging-1.1.3.jar with timestamp 1718779993265
[2024-06-19T06:53:14.102+0000] {docker.py:413} INFO - 24/06/19 06:53:14 INFO Utils: Copying /opt/bitnami/spark/.ivy2/jars/commons-logging_commons-logging-1.1.3.jar to /tmp/spark-ee85f083-5c11-4cc8-ada0-5a5caf22b8b3/userFiles-a5c68754-7837-4422-83cb-f0d8a4825db5/commons-logging_commons-logging-1.1.3.jar
[2024-06-19T06:53:14.161+0000] {docker.py:413} INFO - 24/06/19 06:53:14 INFO Executor: Starting executor ID driver on host localhost
[2024-06-19T06:53:14.162+0000] {docker.py:413} INFO - 24/06/19 06:53:14 INFO Executor: OS info Linux, 6.6.12-linuxkit, aarch64
[2024-06-19T06:53:14.162+0000] {docker.py:413} INFO - 24/06/19 06:53:14 INFO Executor: Java version 17.0.10
[2024-06-19T06:53:14.166+0000] {docker.py:413} INFO - 24/06/19 06:53:14 INFO Executor: Starting executor with user classpath (userClassPathFirst = false): ''
[2024-06-19T06:53:14.167+0000] {docker.py:413} INFO - 24/06/19 06:53:14 INFO Executor: Created or updated repl class loader org.apache.spark.util.MutableURLClassLoader@33ad7fd9 for default.
[2024-06-19T06:53:14.174+0000] {docker.py:413} INFO - 24/06/19 06:53:14 INFO Executor: Fetching file:///opt/bitnami/spark/.ivy2/jars/org.apache.spark_spark-token-provider-kafka-0-10_2.12-3.5.0.jar with timestamp 1718779993265
[2024-06-19T06:53:14.185+0000] {docker.py:413} INFO - 24/06/19 06:53:14 INFO Utils: /opt/bitnami/spark/.ivy2/jars/org.apache.spark_spark-token-provider-kafka-0-10_2.12-3.5.0.jar has been previously copied to /tmp/spark-ee85f083-5c11-4cc8-ada0-5a5caf22b8b3/userFiles-a5c68754-7837-4422-83cb-f0d8a4825db5/org.apache.spark_spark-token-provider-kafka-0-10_2.12-3.5.0.jar
[2024-06-19T06:53:14.189+0000] {docker.py:413} INFO - 24/06/19 06:53:14 INFO Executor: Fetching file:///opt/bitnami/spark/.ivy2/jars/org.apache.hadoop_hadoop-client-runtime-3.3.4.jar with timestamp 1718779993265
[2024-06-19T06:53:14.201+0000] {docker.py:413} INFO - 24/06/19 06:53:14 INFO Utils: /opt/bitnami/spark/.ivy2/jars/org.apache.hadoop_hadoop-client-runtime-3.3.4.jar has been previously copied to /tmp/spark-ee85f083-5c11-4cc8-ada0-5a5caf22b8b3/userFiles-a5c68754-7837-4422-83cb-f0d8a4825db5/org.apache.hadoop_hadoop-client-runtime-3.3.4.jar
[2024-06-19T06:53:14.209+0000] {docker.py:413} INFO - 24/06/19 06:53:14 INFO Executor: Fetching file:///opt/bitnami/spark/.ivy2/jars/org.apache.commons_commons-pool2-2.11.1.jar with timestamp 1718779993265
[2024-06-19T06:53:14.209+0000] {docker.py:413} INFO - 24/06/19 06:53:14 INFO Utils: /opt/bitnami/spark/.ivy2/jars/org.apache.commons_commons-pool2-2.11.1.jar has been previously copied to /tmp/spark-ee85f083-5c11-4cc8-ada0-5a5caf22b8b3/userFiles-a5c68754-7837-4422-83cb-f0d8a4825db5/org.apache.commons_commons-pool2-2.11.1.jar
[2024-06-19T06:53:14.214+0000] {docker.py:413} INFO - 24/06/19 06:53:14 INFO Executor: Fetching file:///opt/bitnami/spark/.ivy2/jars/org.postgresql_postgresql-42.5.4.jar with timestamp 1718779993265
[2024-06-19T06:53:14.216+0000] {docker.py:413} INFO - 24/06/19 06:53:14 INFO Utils: /opt/bitnami/spark/.ivy2/jars/org.postgresql_postgresql-42.5.4.jar has been previously copied to /tmp/spark-ee85f083-5c11-4cc8-ada0-5a5caf22b8b3/userFiles-a5c68754-7837-4422-83cb-f0d8a4825db5/org.postgresql_postgresql-42.5.4.jar
[2024-06-19T06:53:14.217+0000] {docker.py:413} INFO - 24/06/19 06:53:14 INFO Executor: Fetching file:///opt/bitnami/spark/.ivy2/jars/org.slf4j_slf4j-api-2.0.7.jar with timestamp 1718779993265
[2024-06-19T06:53:14.217+0000] {docker.py:413} INFO - 24/06/19 06:53:14 INFO Utils: /opt/bitnami/spark/.ivy2/jars/org.slf4j_slf4j-api-2.0.7.jar has been previously copied to /tmp/spark-ee85f083-5c11-4cc8-ada0-5a5caf22b8b3/userFiles-a5c68754-7837-4422-83cb-f0d8a4825db5/org.slf4j_slf4j-api-2.0.7.jar
[2024-06-19T06:53:14.220+0000] {docker.py:413} INFO - 24/06/19 06:53:14 INFO Executor: Fetching file:///opt/bitnami/spark/.ivy2/jars/org.apache.kafka_kafka-clients-3.4.1.jar with timestamp 1718779993265
[2024-06-19T06:53:14.223+0000] {docker.py:413} INFO - 24/06/19 06:53:14 INFO Utils: /opt/bitnami/spark/.ivy2/jars/org.apache.kafka_kafka-clients-3.4.1.jar has been previously copied to /tmp/spark-ee85f083-5c11-4cc8-ada0-5a5caf22b8b3/userFiles-a5c68754-7837-4422-83cb-f0d8a4825db5/org.apache.kafka_kafka-clients-3.4.1.jar
[2024-06-19T06:53:14.225+0000] {docker.py:413} INFO - 24/06/19 06:53:14 INFO Executor: Fetching file:///opt/bitnami/spark/.ivy2/jars/com.google.code.findbugs_jsr305-3.0.0.jar with timestamp 1718779993265
[2024-06-19T06:53:14.225+0000] {docker.py:413} INFO - 24/06/19 06:53:14 INFO Utils: /opt/bitnami/spark/.ivy2/jars/com.google.code.findbugs_jsr305-3.0.0.jar has been previously copied to /tmp/spark-ee85f083-5c11-4cc8-ada0-5a5caf22b8b3/userFiles-a5c68754-7837-4422-83cb-f0d8a4825db5/com.google.code.findbugs_jsr305-3.0.0.jar
[2024-06-19T06:53:14.228+0000] {docker.py:413} INFO - 24/06/19 06:53:14 INFO Executor: Fetching file:///opt/bitnami/spark/.ivy2/jars/org.lz4_lz4-java-1.8.0.jar with timestamp 1718779993265
[2024-06-19T06:53:14.228+0000] {docker.py:413} INFO - 24/06/19 06:53:14 INFO Utils: /opt/bitnami/spark/.ivy2/jars/org.lz4_lz4-java-1.8.0.jar has been previously copied to /tmp/spark-ee85f083-5c11-4cc8-ada0-5a5caf22b8b3/userFiles-a5c68754-7837-4422-83cb-f0d8a4825db5/org.lz4_lz4-java-1.8.0.jar
[2024-06-19T06:53:14.230+0000] {docker.py:413} INFO - 24/06/19 06:53:14 INFO Executor: Fetching file:///opt/bitnami/spark/.ivy2/jars/org.apache.spark_spark-sql-kafka-0-10_2.12-3.5.0.jar with timestamp 1718779993265
[2024-06-19T06:53:14.231+0000] {docker.py:413} INFO - 24/06/19 06:53:14 INFO Utils: /opt/bitnami/spark/.ivy2/jars/org.apache.spark_spark-sql-kafka-0-10_2.12-3.5.0.jar has been previously copied to /tmp/spark-ee85f083-5c11-4cc8-ada0-5a5caf22b8b3/userFiles-a5c68754-7837-4422-83cb-f0d8a4825db5/org.apache.spark_spark-sql-kafka-0-10_2.12-3.5.0.jar
[2024-06-19T06:53:14.233+0000] {docker.py:413} INFO - 24/06/19 06:53:14 INFO Executor: Fetching file:///opt/bitnami/spark/.ivy2/jars/org.apache.hadoop_hadoop-client-api-3.3.4.jar with timestamp 1718779993265
[2024-06-19T06:53:14.244+0000] {docker.py:413} INFO - 24/06/19 06:53:14 INFO Utils: /opt/bitnami/spark/.ivy2/jars/org.apache.hadoop_hadoop-client-api-3.3.4.jar has been previously copied to /tmp/spark-ee85f083-5c11-4cc8-ada0-5a5caf22b8b3/userFiles-a5c68754-7837-4422-83cb-f0d8a4825db5/org.apache.hadoop_hadoop-client-api-3.3.4.jar
[2024-06-19T06:53:14.247+0000] {docker.py:413} INFO - 24/06/19 06:53:14 INFO Executor: Fetching file:///opt/bitnami/spark/.ivy2/jars/commons-logging_commons-logging-1.1.3.jar with timestamp 1718779993265
[2024-06-19T06:53:14.247+0000] {docker.py:413} INFO - 24/06/19 06:53:14 INFO Utils: /opt/bitnami/spark/.ivy2/jars/commons-logging_commons-logging-1.1.3.jar has been previously copied to /tmp/spark-ee85f083-5c11-4cc8-ada0-5a5caf22b8b3/userFiles-a5c68754-7837-4422-83cb-f0d8a4825db5/commons-logging_commons-logging-1.1.3.jar
[2024-06-19T06:53:14.249+0000] {docker.py:413} INFO - 24/06/19 06:53:14 INFO Executor: Fetching file:///opt/bitnami/spark/.ivy2/jars/org.checkerframework_checker-qual-3.5.0.jar with timestamp 1718779993265
[2024-06-19T06:53:14.249+0000] {docker.py:413} INFO - 24/06/19 06:53:14 INFO Utils: /opt/bitnami/spark/.ivy2/jars/org.checkerframework_checker-qual-3.5.0.jar has been previously copied to /tmp/spark-ee85f083-5c11-4cc8-ada0-5a5caf22b8b3/userFiles-a5c68754-7837-4422-83cb-f0d8a4825db5/org.checkerframework_checker-qual-3.5.0.jar
[2024-06-19T06:53:14.252+0000] {docker.py:413} INFO - 24/06/19 06:53:14 INFO Executor: Fetching file:///opt/bitnami/spark/.ivy2/jars/org.xerial.snappy_snappy-java-1.1.10.3.jar with timestamp 1718779993265
[2024-06-19T06:53:14.253+0000] {docker.py:413} INFO - 24/06/19 06:53:14 INFO Utils: /opt/bitnami/spark/.ivy2/jars/org.xerial.snappy_snappy-java-1.1.10.3.jar has been previously copied to /tmp/spark-ee85f083-5c11-4cc8-ada0-5a5caf22b8b3/userFiles-a5c68754-7837-4422-83cb-f0d8a4825db5/org.xerial.snappy_snappy-java-1.1.10.3.jar
[2024-06-19T06:53:14.258+0000] {docker.py:413} INFO - 24/06/19 06:53:14 INFO Executor: Fetching spark://localhost:45111/jars/org.xerial.snappy_snappy-java-1.1.10.3.jar with timestamp 1718779993265
[2024-06-19T06:53:14.303+0000] {docker.py:413} INFO - 24/06/19 06:53:14 INFO TransportClientFactory: Successfully created connection to localhost/127.0.0.1:45111 after 37 ms (0 ms spent in bootstraps)
[2024-06-19T06:53:14.309+0000] {docker.py:413} INFO - 24/06/19 06:53:14 INFO Utils: Fetching spark://localhost:45111/jars/org.xerial.snappy_snappy-java-1.1.10.3.jar to /tmp/spark-ee85f083-5c11-4cc8-ada0-5a5caf22b8b3/userFiles-a5c68754-7837-4422-83cb-f0d8a4825db5/fetchFileTemp15475254803101476153.tmp
[2024-06-19T06:53:14.326+0000] {docker.py:413} INFO - 24/06/19 06:53:14 INFO Utils: /tmp/spark-ee85f083-5c11-4cc8-ada0-5a5caf22b8b3/userFiles-a5c68754-7837-4422-83cb-f0d8a4825db5/fetchFileTemp15475254803101476153.tmp has been previously copied to /tmp/spark-ee85f083-5c11-4cc8-ada0-5a5caf22b8b3/userFiles-a5c68754-7837-4422-83cb-f0d8a4825db5/org.xerial.snappy_snappy-java-1.1.10.3.jar
[2024-06-19T06:53:14.328+0000] {docker.py:413} INFO - 24/06/19 06:53:14 INFO Executor: Adding file:/tmp/spark-ee85f083-5c11-4cc8-ada0-5a5caf22b8b3/userFiles-a5c68754-7837-4422-83cb-f0d8a4825db5/org.xerial.snappy_snappy-java-1.1.10.3.jar to class loader default
[2024-06-19T06:53:14.329+0000] {docker.py:413} INFO - 24/06/19 06:53:14 INFO Executor: Fetching spark://localhost:45111/jars/org.apache.hadoop_hadoop-client-api-3.3.4.jar with timestamp 1718779993265
[2024-06-19T06:53:14.330+0000] {docker.py:413} INFO - 24/06/19 06:53:14 INFO Utils: Fetching spark://localhost:45111/jars/org.apache.hadoop_hadoop-client-api-3.3.4.jar to /tmp/spark-ee85f083-5c11-4cc8-ada0-5a5caf22b8b3/userFiles-a5c68754-7837-4422-83cb-f0d8a4825db5/fetchFileTemp14206341231320509613.tmp
[2024-06-19T06:53:14.394+0000] {docker.py:413} INFO - 24/06/19 06:53:14 INFO Utils: /tmp/spark-ee85f083-5c11-4cc8-ada0-5a5caf22b8b3/userFiles-a5c68754-7837-4422-83cb-f0d8a4825db5/fetchFileTemp14206341231320509613.tmp has been previously copied to /tmp/spark-ee85f083-5c11-4cc8-ada0-5a5caf22b8b3/userFiles-a5c68754-7837-4422-83cb-f0d8a4825db5/org.apache.hadoop_hadoop-client-api-3.3.4.jar
[2024-06-19T06:53:14.404+0000] {docker.py:413} INFO - 24/06/19 06:53:14 INFO Executor: Adding file:/tmp/spark-ee85f083-5c11-4cc8-ada0-5a5caf22b8b3/userFiles-a5c68754-7837-4422-83cb-f0d8a4825db5/org.apache.hadoop_hadoop-client-api-3.3.4.jar to class loader default
[2024-06-19T06:53:14.406+0000] {docker.py:413} INFO - 24/06/19 06:53:14 INFO Executor: Fetching spark://localhost:45111/jars/commons-logging_commons-logging-1.1.3.jar with timestamp 1718779993265
[2024-06-19T06:53:14.407+0000] {docker.py:413} INFO - 24/06/19 06:53:14 INFO Utils: Fetching spark://localhost:45111/jars/commons-logging_commons-logging-1.1.3.jar to /tmp/spark-ee85f083-5c11-4cc8-ada0-5a5caf22b8b3/userFiles-a5c68754-7837-4422-83cb-f0d8a4825db5/fetchFileTemp8488569148137021457.tmp
[2024-06-19T06:53:14.423+0000] {docker.py:413} INFO - 24/06/19 06:53:14 INFO Utils: /tmp/spark-ee85f083-5c11-4cc8-ada0-5a5caf22b8b3/userFiles-a5c68754-7837-4422-83cb-f0d8a4825db5/fetchFileTemp8488569148137021457.tmp has been previously copied to /tmp/spark-ee85f083-5c11-4cc8-ada0-5a5caf22b8b3/userFiles-a5c68754-7837-4422-83cb-f0d8a4825db5/commons-logging_commons-logging-1.1.3.jar
[2024-06-19T06:53:14.426+0000] {docker.py:413} INFO - 24/06/19 06:53:14 INFO Executor: Adding file:/tmp/spark-ee85f083-5c11-4cc8-ada0-5a5caf22b8b3/userFiles-a5c68754-7837-4422-83cb-f0d8a4825db5/commons-logging_commons-logging-1.1.3.jar to class loader default
24/06/19 06:53:14 INFO Executor: Fetching spark://localhost:45111/jars/org.apache.spark_spark-sql-kafka-0-10_2.12-3.5.0.jar with timestamp 1718779993265
[2024-06-19T06:53:14.427+0000] {docker.py:413} INFO - 24/06/19 06:53:14 INFO Utils: Fetching spark://localhost:45111/jars/org.apache.spark_spark-sql-kafka-0-10_2.12-3.5.0.jar to /tmp/spark-ee85f083-5c11-4cc8-ada0-5a5caf22b8b3/userFiles-a5c68754-7837-4422-83cb-f0d8a4825db5/fetchFileTemp16135229944751490416.tmp
[2024-06-19T06:53:14.430+0000] {docker.py:413} INFO - 24/06/19 06:53:14 INFO Utils: /tmp/spark-ee85f083-5c11-4cc8-ada0-5a5caf22b8b3/userFiles-a5c68754-7837-4422-83cb-f0d8a4825db5/fetchFileTemp16135229944751490416.tmp has been previously copied to /tmp/spark-ee85f083-5c11-4cc8-ada0-5a5caf22b8b3/userFiles-a5c68754-7837-4422-83cb-f0d8a4825db5/org.apache.spark_spark-sql-kafka-0-10_2.12-3.5.0.jar
[2024-06-19T06:53:14.435+0000] {docker.py:413} INFO - 24/06/19 06:53:14 INFO Executor: Adding file:/tmp/spark-ee85f083-5c11-4cc8-ada0-5a5caf22b8b3/userFiles-a5c68754-7837-4422-83cb-f0d8a4825db5/org.apache.spark_spark-sql-kafka-0-10_2.12-3.5.0.jar to class loader default
[2024-06-19T06:53:14.435+0000] {docker.py:413} INFO - 24/06/19 06:53:14 INFO Executor: Fetching spark://localhost:45111/jars/org.lz4_lz4-java-1.8.0.jar with timestamp 1718779993265
[2024-06-19T06:53:14.440+0000] {docker.py:413} INFO - 24/06/19 06:53:14 INFO Utils: Fetching spark://localhost:45111/jars/org.lz4_lz4-java-1.8.0.jar to /tmp/spark-ee85f083-5c11-4cc8-ada0-5a5caf22b8b3/userFiles-a5c68754-7837-4422-83cb-f0d8a4825db5/fetchFileTemp778990321721440795.tmp
[2024-06-19T06:53:14.443+0000] {docker.py:413} INFO - 24/06/19 06:53:14 INFO Utils: /tmp/spark-ee85f083-5c11-4cc8-ada0-5a5caf22b8b3/userFiles-a5c68754-7837-4422-83cb-f0d8a4825db5/fetchFileTemp778990321721440795.tmp has been previously copied to /tmp/spark-ee85f083-5c11-4cc8-ada0-5a5caf22b8b3/userFiles-a5c68754-7837-4422-83cb-f0d8a4825db5/org.lz4_lz4-java-1.8.0.jar
[2024-06-19T06:53:14.446+0000] {docker.py:413} INFO - 24/06/19 06:53:14 INFO Executor: Adding file:/tmp/spark-ee85f083-5c11-4cc8-ada0-5a5caf22b8b3/userFiles-a5c68754-7837-4422-83cb-f0d8a4825db5/org.lz4_lz4-java-1.8.0.jar to class loader default
[2024-06-19T06:53:14.447+0000] {docker.py:413} INFO - 24/06/19 06:53:14 INFO Executor: Fetching spark://localhost:45111/jars/org.checkerframework_checker-qual-3.5.0.jar with timestamp 1718779993265
[2024-06-19T06:53:14.448+0000] {docker.py:413} INFO - 24/06/19 06:53:14 INFO Utils: Fetching spark://localhost:45111/jars/org.checkerframework_checker-qual-3.5.0.jar to /tmp/spark-ee85f083-5c11-4cc8-ada0-5a5caf22b8b3/userFiles-a5c68754-7837-4422-83cb-f0d8a4825db5/fetchFileTemp13548053882571108323.tmp
[2024-06-19T06:53:14.449+0000] {docker.py:413} INFO - 24/06/19 06:53:14 INFO Utils: /tmp/spark-ee85f083-5c11-4cc8-ada0-5a5caf22b8b3/userFiles-a5c68754-7837-4422-83cb-f0d8a4825db5/fetchFileTemp13548053882571108323.tmp has been previously copied to /tmp/spark-ee85f083-5c11-4cc8-ada0-5a5caf22b8b3/userFiles-a5c68754-7837-4422-83cb-f0d8a4825db5/org.checkerframework_checker-qual-3.5.0.jar
[2024-06-19T06:53:14.455+0000] {docker.py:413} INFO - 24/06/19 06:53:14 INFO Executor: Adding file:/tmp/spark-ee85f083-5c11-4cc8-ada0-5a5caf22b8b3/userFiles-a5c68754-7837-4422-83cb-f0d8a4825db5/org.checkerframework_checker-qual-3.5.0.jar to class loader default
[2024-06-19T06:53:14.456+0000] {docker.py:413} INFO - 24/06/19 06:53:14 INFO Executor: Fetching spark://localhost:45111/jars/org.apache.spark_spark-token-provider-kafka-0-10_2.12-3.5.0.jar with timestamp 1718779993265
[2024-06-19T06:53:14.457+0000] {docker.py:413} INFO - 24/06/19 06:53:14 INFO Utils: Fetching spark://localhost:45111/jars/org.apache.spark_spark-token-provider-kafka-0-10_2.12-3.5.0.jar to /tmp/spark-ee85f083-5c11-4cc8-ada0-5a5caf22b8b3/userFiles-a5c68754-7837-4422-83cb-f0d8a4825db5/fetchFileTemp9431779462061429428.tmp
[2024-06-19T06:53:14.457+0000] {docker.py:413} INFO - 24/06/19 06:53:14 INFO Utils: /tmp/spark-ee85f083-5c11-4cc8-ada0-5a5caf22b8b3/userFiles-a5c68754-7837-4422-83cb-f0d8a4825db5/fetchFileTemp9431779462061429428.tmp has been previously copied to /tmp/spark-ee85f083-5c11-4cc8-ada0-5a5caf22b8b3/userFiles-a5c68754-7837-4422-83cb-f0d8a4825db5/org.apache.spark_spark-token-provider-kafka-0-10_2.12-3.5.0.jar
[2024-06-19T06:53:14.461+0000] {docker.py:413} INFO - 24/06/19 06:53:14 INFO Executor: Adding file:/tmp/spark-ee85f083-5c11-4cc8-ada0-5a5caf22b8b3/userFiles-a5c68754-7837-4422-83cb-f0d8a4825db5/org.apache.spark_spark-token-provider-kafka-0-10_2.12-3.5.0.jar to class loader default
[2024-06-19T06:53:14.463+0000] {docker.py:413} INFO - 24/06/19 06:53:14 INFO Executor: Fetching spark://localhost:45111/jars/org.slf4j_slf4j-api-2.0.7.jar with timestamp 1718779993265
[2024-06-19T06:53:14.463+0000] {docker.py:413} INFO - 24/06/19 06:53:14 INFO Utils: Fetching spark://localhost:45111/jars/org.slf4j_slf4j-api-2.0.7.jar to /tmp/spark-ee85f083-5c11-4cc8-ada0-5a5caf22b8b3/userFiles-a5c68754-7837-4422-83cb-f0d8a4825db5/fetchFileTemp10815928286000196674.tmp
[2024-06-19T06:53:14.464+0000] {docker.py:413} INFO - 24/06/19 06:53:14 INFO Utils: /tmp/spark-ee85f083-5c11-4cc8-ada0-5a5caf22b8b3/userFiles-a5c68754-7837-4422-83cb-f0d8a4825db5/fetchFileTemp10815928286000196674.tmp has been previously copied to /tmp/spark-ee85f083-5c11-4cc8-ada0-5a5caf22b8b3/userFiles-a5c68754-7837-4422-83cb-f0d8a4825db5/org.slf4j_slf4j-api-2.0.7.jar
[2024-06-19T06:53:14.466+0000] {docker.py:413} INFO - 24/06/19 06:53:14 INFO Executor: Adding file:/tmp/spark-ee85f083-5c11-4cc8-ada0-5a5caf22b8b3/userFiles-a5c68754-7837-4422-83cb-f0d8a4825db5/org.slf4j_slf4j-api-2.0.7.jar to class loader default
[2024-06-19T06:53:14.467+0000] {docker.py:413} INFO - 24/06/19 06:53:14 INFO Executor: Fetching spark://localhost:45111/jars/org.apache.commons_commons-pool2-2.11.1.jar with timestamp 1718779993265
[2024-06-19T06:53:14.467+0000] {docker.py:413} INFO - 24/06/19 06:53:14 INFO Utils: Fetching spark://localhost:45111/jars/org.apache.commons_commons-pool2-2.11.1.jar to /tmp/spark-ee85f083-5c11-4cc8-ada0-5a5caf22b8b3/userFiles-a5c68754-7837-4422-83cb-f0d8a4825db5/fetchFileTemp557739637326023093.tmp
[2024-06-19T06:53:14.468+0000] {docker.py:413} INFO - 24/06/19 06:53:14 INFO Utils: /tmp/spark-ee85f083-5c11-4cc8-ada0-5a5caf22b8b3/userFiles-a5c68754-7837-4422-83cb-f0d8a4825db5/fetchFileTemp557739637326023093.tmp has been previously copied to /tmp/spark-ee85f083-5c11-4cc8-ada0-5a5caf22b8b3/userFiles-a5c68754-7837-4422-83cb-f0d8a4825db5/org.apache.commons_commons-pool2-2.11.1.jar
[2024-06-19T06:53:14.473+0000] {docker.py:413} INFO - 24/06/19 06:53:14 INFO Executor: Adding file:/tmp/spark-ee85f083-5c11-4cc8-ada0-5a5caf22b8b3/userFiles-a5c68754-7837-4422-83cb-f0d8a4825db5/org.apache.commons_commons-pool2-2.11.1.jar to class loader default
24/06/19 06:53:14 INFO Executor: Fetching spark://localhost:45111/jars/org.apache.kafka_kafka-clients-3.4.1.jar with timestamp 1718779993265
[2024-06-19T06:53:14.474+0000] {docker.py:413} INFO - 24/06/19 06:53:14 INFO Utils: Fetching spark://localhost:45111/jars/org.apache.kafka_kafka-clients-3.4.1.jar to /tmp/spark-ee85f083-5c11-4cc8-ada0-5a5caf22b8b3/userFiles-a5c68754-7837-4422-83cb-f0d8a4825db5/fetchFileTemp13878713888314594157.tmp
[2024-06-19T06:53:14.481+0000] {docker.py:413} INFO - 24/06/19 06:53:14 INFO Utils: /tmp/spark-ee85f083-5c11-4cc8-ada0-5a5caf22b8b3/userFiles-a5c68754-7837-4422-83cb-f0d8a4825db5/fetchFileTemp13878713888314594157.tmp has been previously copied to /tmp/spark-ee85f083-5c11-4cc8-ada0-5a5caf22b8b3/userFiles-a5c68754-7837-4422-83cb-f0d8a4825db5/org.apache.kafka_kafka-clients-3.4.1.jar
[2024-06-19T06:53:14.482+0000] {docker.py:413} INFO - 24/06/19 06:53:14 INFO Executor: Adding file:/tmp/spark-ee85f083-5c11-4cc8-ada0-5a5caf22b8b3/userFiles-a5c68754-7837-4422-83cb-f0d8a4825db5/org.apache.kafka_kafka-clients-3.4.1.jar to class loader default
[2024-06-19T06:53:14.483+0000] {docker.py:413} INFO - 24/06/19 06:53:14 INFO Executor: Fetching spark://localhost:45111/jars/com.google.code.findbugs_jsr305-3.0.0.jar with timestamp 1718779993265
[2024-06-19T06:53:14.483+0000] {docker.py:413} INFO - 24/06/19 06:53:14 INFO Utils: Fetching spark://localhost:45111/jars/com.google.code.findbugs_jsr305-3.0.0.jar to /tmp/spark-ee85f083-5c11-4cc8-ada0-5a5caf22b8b3/userFiles-a5c68754-7837-4422-83cb-f0d8a4825db5/fetchFileTemp16163134050862385427.tmp
[2024-06-19T06:53:14.484+0000] {docker.py:413} INFO - 24/06/19 06:53:14 INFO Utils: /tmp/spark-ee85f083-5c11-4cc8-ada0-5a5caf22b8b3/userFiles-a5c68754-7837-4422-83cb-f0d8a4825db5/fetchFileTemp16163134050862385427.tmp has been previously copied to /tmp/spark-ee85f083-5c11-4cc8-ada0-5a5caf22b8b3/userFiles-a5c68754-7837-4422-83cb-f0d8a4825db5/com.google.code.findbugs_jsr305-3.0.0.jar
[2024-06-19T06:53:14.485+0000] {docker.py:413} INFO - 24/06/19 06:53:14 INFO Executor: Adding file:/tmp/spark-ee85f083-5c11-4cc8-ada0-5a5caf22b8b3/userFiles-a5c68754-7837-4422-83cb-f0d8a4825db5/com.google.code.findbugs_jsr305-3.0.0.jar to class loader default
[2024-06-19T06:53:14.486+0000] {docker.py:413} INFO - 24/06/19 06:53:14 INFO Executor: Fetching spark://localhost:45111/jars/org.postgresql_postgresql-42.5.4.jar with timestamp 1718779993265
[2024-06-19T06:53:14.486+0000] {docker.py:413} INFO - 24/06/19 06:53:14 INFO Utils: Fetching spark://localhost:45111/jars/org.postgresql_postgresql-42.5.4.jar to /tmp/spark-ee85f083-5c11-4cc8-ada0-5a5caf22b8b3/userFiles-a5c68754-7837-4422-83cb-f0d8a4825db5/fetchFileTemp18345829326588222043.tmp
[2024-06-19T06:53:14.489+0000] {docker.py:413} INFO - 24/06/19 06:53:14 INFO Utils: /tmp/spark-ee85f083-5c11-4cc8-ada0-5a5caf22b8b3/userFiles-a5c68754-7837-4422-83cb-f0d8a4825db5/fetchFileTemp18345829326588222043.tmp has been previously copied to /tmp/spark-ee85f083-5c11-4cc8-ada0-5a5caf22b8b3/userFiles-a5c68754-7837-4422-83cb-f0d8a4825db5/org.postgresql_postgresql-42.5.4.jar
[2024-06-19T06:53:14.491+0000] {docker.py:413} INFO - 24/06/19 06:53:14 INFO Executor: Adding file:/tmp/spark-ee85f083-5c11-4cc8-ada0-5a5caf22b8b3/userFiles-a5c68754-7837-4422-83cb-f0d8a4825db5/org.postgresql_postgresql-42.5.4.jar to class loader default
[2024-06-19T06:53:14.492+0000] {docker.py:413} INFO - 24/06/19 06:53:14 INFO Executor: Fetching spark://localhost:45111/jars/org.apache.hadoop_hadoop-client-runtime-3.3.4.jar with timestamp 1718779993265
[2024-06-19T06:53:14.492+0000] {docker.py:413} INFO - 24/06/19 06:53:14 INFO Utils: Fetching spark://localhost:45111/jars/org.apache.hadoop_hadoop-client-runtime-3.3.4.jar to /tmp/spark-ee85f083-5c11-4cc8-ada0-5a5caf22b8b3/userFiles-a5c68754-7837-4422-83cb-f0d8a4825db5/fetchFileTemp7714320627451558897.tmp
[2024-06-19T06:53:14.565+0000] {docker.py:413} INFO - 24/06/19 06:53:14 INFO Utils: /tmp/spark-ee85f083-5c11-4cc8-ada0-5a5caf22b8b3/userFiles-a5c68754-7837-4422-83cb-f0d8a4825db5/fetchFileTemp7714320627451558897.tmp has been previously copied to /tmp/spark-ee85f083-5c11-4cc8-ada0-5a5caf22b8b3/userFiles-a5c68754-7837-4422-83cb-f0d8a4825db5/org.apache.hadoop_hadoop-client-runtime-3.3.4.jar
[2024-06-19T06:53:14.579+0000] {docker.py:413} INFO - 24/06/19 06:53:14 INFO Executor: Adding file:/tmp/spark-ee85f083-5c11-4cc8-ada0-5a5caf22b8b3/userFiles-a5c68754-7837-4422-83cb-f0d8a4825db5/org.apache.hadoop_hadoop-client-runtime-3.3.4.jar to class loader default
[2024-06-19T06:53:14.592+0000] {docker.py:413} INFO - 24/06/19 06:53:14 INFO Utils: Successfully started service 'org.apache.spark.network.netty.NettyBlockTransferService' on port 43883.
[2024-06-19T06:53:14.592+0000] {docker.py:413} INFO - 24/06/19 06:53:14 INFO NettyBlockTransferService: Server created on localhost:43883
[2024-06-19T06:53:14.594+0000] {docker.py:413} INFO - 24/06/19 06:53:14 INFO BlockManager: Using org.apache.spark.storage.RandomBlockReplicationPolicy for block replication policy
[2024-06-19T06:53:14.598+0000] {docker.py:413} INFO - 24/06/19 06:53:14 INFO BlockManagerMaster: Registering BlockManager BlockManagerId(driver, localhost, 43883, None)
[2024-06-19T06:53:14.601+0000] {docker.py:413} INFO - 24/06/19 06:53:14 INFO BlockManagerMasterEndpoint: Registering block manager localhost:43883 with 434.4 MiB RAM, BlockManagerId(driver, localhost, 43883, None)
[2024-06-19T06:53:14.602+0000] {docker.py:413} INFO - 24/06/19 06:53:14 INFO BlockManagerMaster: Registered BlockManager BlockManagerId(driver, localhost, 43883, None)
[2024-06-19T06:53:14.603+0000] {docker.py:413} INFO - 24/06/19 06:53:14 INFO BlockManager: Initialized BlockManager: BlockManagerId(driver, localhost, 43883, None)
[2024-06-19T06:53:14.839+0000] {docker.py:413} INFO - 2024-06-19 06:53:14,838:create_spark_session:INFO:Spark session created successfully
[2024-06-19T06:53:14.844+0000] {docker.py:413} INFO - 24/06/19 06:53:14 INFO SharedState: Setting hive.metastore.warehouse.dir ('null') to the value of spark.sql.warehouse.dir.
[2024-06-19T06:53:14.845+0000] {docker.py:413} INFO - 24/06/19 06:53:14 INFO SharedState: Warehouse path is 'file:/opt/bitnami/spark/spark-warehouse'.
[2024-06-19T06:53:15.740+0000] {docker.py:413} INFO - 2024-06-19 06:53:15,738:create_initial_dataframe:INFO:Initial dataframe created successfully
[2024-06-19T06:53:15.750+0000] {docker.py:413} INFO - 2024-06-19 06:53:15,749:create_initial_dataframe:INFO:Initial dataframe created successfully
[2024-06-19T06:53:15.760+0000] {docker.py:413} INFO - 2024-06-19 06:53:15,759:create_initial_dataframe:INFO:Initial dataframe created successfully
[2024-06-19T06:53:15.973+0000] {docker.py:413} INFO - 24/06/19 06:53:15 WARN SparkStringUtils: Truncated the string representation of a plan since it was too large. This behavior can be adjusted by setting 'spark.sql.debug.maxToStringFields'.
[2024-06-19T06:53:16.038+0000] {docker.py:413} INFO - Traceback (most recent call last):
  File "/opt/bitnami/spark/spark_streaming.py", line 153, in <module>
[2024-06-19T06:53:16.041+0000] {docker.py:413} INFO - write_to_postgres()
  File "/opt/bitnami/spark/spark_streaming.py", line 148, in write_to_postgres
    df_final = create_final_dataframe(df)
               ^^^^^^^^^^^^^^^^^^^^^^^^^^
  File "/opt/bitnami/spark/spark_streaming.py", line 100, in create_final_dataframe
    df_out.update(df1)
TypeError: cannot convert dictionary update sequence element #0 to a sequence
2024-06-19 06:53:16,035:close:INFO:Closing down clientserver connection
[2024-06-19T06:53:16.059+0000] {docker.py:413} INFO - 24/06/19 06:53:16 INFO SparkContext: Invoking stop() from shutdown hook
[2024-06-19T06:53:16.060+0000] {docker.py:413} INFO - 24/06/19 06:53:16 INFO SparkContext: SparkContext is stopping with exitCode 0.
[2024-06-19T06:53:16.065+0000] {docker.py:413} INFO - 24/06/19 06:53:16 INFO SparkUI: Stopped Spark web UI at http://localhost:4040
[2024-06-19T06:53:16.071+0000] {docker.py:413} INFO - 24/06/19 06:53:16 INFO MapOutputTrackerMasterEndpoint: MapOutputTrackerMasterEndpoint stopped!
[2024-06-19T06:53:16.079+0000] {docker.py:413} INFO - 24/06/19 06:53:16 INFO MemoryStore: MemoryStore cleared
[2024-06-19T06:53:16.079+0000] {docker.py:413} INFO - 24/06/19 06:53:16 INFO BlockManager: BlockManager stopped
[2024-06-19T06:53:16.084+0000] {docker.py:413} INFO - 24/06/19 06:53:16 INFO BlockManagerMaster: BlockManagerMaster stopped
[2024-06-19T06:53:16.084+0000] {docker.py:413} INFO - 24/06/19 06:53:16 INFO OutputCommitCoordinator$OutputCommitCoordinatorEndpoint: OutputCommitCoordinator stopped!
[2024-06-19T06:53:16.093+0000] {docker.py:413} INFO - 24/06/19 06:53:16 INFO SparkContext: Successfully stopped SparkContext
[2024-06-19T06:53:16.093+0000] {docker.py:413} INFO - 24/06/19 06:53:16 INFO ShutdownHookManager: Shutdown hook called
[2024-06-19T06:53:16.093+0000] {docker.py:413} INFO - 24/06/19 06:53:16 INFO ShutdownHookManager: Deleting directory /tmp/spark-4fb1475a-5a74-4b2e-b715-43d0e71c34df
[2024-06-19T06:53:16.094+0000] {docker.py:413} INFO - 24/06/19 06:53:16 INFO ShutdownHookManager: Deleting directory /tmp/spark-ee85f083-5c11-4cc8-ada0-5a5caf22b8b3/pyspark-f7d5e5c2-a0e4-4b1d-ac66-7eebef3681e7
[2024-06-19T06:53:16.096+0000] {docker.py:413} INFO - 24/06/19 06:53:16 INFO ShutdownHookManager: Deleting directory /tmp/spark-ee85f083-5c11-4cc8-ada0-5a5caf22b8b3
[2024-06-19T06:53:16.448+0000] {taskinstance.py:1937} ERROR - Task failed with exception
Traceback (most recent call last):
  File "/home/airflow/.local/lib/python3.8/site-packages/docker/api/client.py", line 268, in _raise_for_status
    response.raise_for_status()
  File "/home/airflow/.local/lib/python3.8/site-packages/requests/models.py", line 1021, in raise_for_status
    raise HTTPError(http_error_msg, response=self)
requests.exceptions.HTTPError: 400 Client Error: Bad Request for url: http://docker-proxy:2375/v1.44/containers/create

The above exception was the direct cause of the following exception:

Traceback (most recent call last):
  File "/home/airflow/.local/lib/python3.8/site-packages/airflow/providers/docker/operators/docker.py", line 348, in _run_image
    return self._run_image_with_mounts([*self.mounts, tmp_mount], add_tmp_variable=True)
  File "/home/airflow/.local/lib/python3.8/site-packages/airflow/providers/docker/operators/docker.py", line 375, in _run_image_with_mounts
    self.container = self.cli.create_container(
  File "/home/airflow/.local/lib/python3.8/site-packages/docker/api/container.py", line 431, in create_container
    return self.create_container_from_config(config, name, platform)
  File "/home/airflow/.local/lib/python3.8/site-packages/docker/api/container.py", line 448, in create_container_from_config
    return self._result(res, True)
  File "/home/airflow/.local/lib/python3.8/site-packages/docker/api/client.py", line 274, in _result
    self._raise_for_status(response)
  File "/home/airflow/.local/lib/python3.8/site-packages/docker/api/client.py", line 270, in _raise_for_status
    raise create_api_error_from_http_exception(e) from e
  File "/home/airflow/.local/lib/python3.8/site-packages/docker/errors.py", line 39, in create_api_error_from_http_exception
    raise cls(e, response=response, explanation=explanation) from e
docker.errors.APIError: 400 Client Error for http://docker-proxy:2375/v1.44/containers/create: Bad Request ("invalid mount config for type "bind": bind source path does not exist: /host_mnt/private/tmp/airflowtmpnw322pb2")

During handling of the above exception, another exception occurred:

Traceback (most recent call last):
  File "/home/airflow/.local/lib/python3.8/site-packages/airflow/providers/docker/operators/docker.py", line 486, in execute
    return self._run_image()
  File "/home/airflow/.local/lib/python3.8/site-packages/airflow/providers/docker/operators/docker.py", line 357, in _run_image
    return self._run_image_with_mounts(self.mounts, add_tmp_variable=False)
  File "/home/airflow/.local/lib/python3.8/site-packages/airflow/providers/docker/operators/docker.py", line 421, in _run_image_with_mounts
    raise DockerContainerFailedException(f"Docker container failed: {result!r}", logs=log_lines)
airflow.providers.docker.exceptions.DockerContainerFailedException: Docker container failed: {'StatusCode': 1}
[2024-06-19T06:53:16.463+0000] {taskinstance.py:1400} INFO - Marking task as UP_FOR_RETRY. dag_id=kafka_spark_dag, task_id=pyspark_consumer, execution_date=20240619T064421, start_date=20240619T064949, end_date=20240619T065316
[2024-06-19T06:53:16.500+0000] {standard_task_runner.py:104} ERROR - Failed to execute job 99 for task pyspark_consumer (Docker container failed: {'StatusCode': 1}; 2514)
[2024-06-19T06:53:16.544+0000] {local_task_job_runner.py:228} INFO - Task exited with return code 1
[2024-06-19T06:53:16.576+0000] {taskinstance.py:2778} INFO - 0 downstream tasks scheduled from follow-on schedule check
