[2024-06-18T11:37:35.041+0000] {taskinstance.py:1159} INFO - Dependencies all met for dep_context=non-requeueable deps ti=<TaskInstance: kafka_spark_dag.kafka_data_stream scheduled__2024-06-18T11:32:34.104021+00:00 [queued]>
[2024-06-18T11:37:35.045+0000] {taskinstance.py:1159} INFO - Dependencies all met for dep_context=requeueable deps ti=<TaskInstance: kafka_spark_dag.kafka_data_stream scheduled__2024-06-18T11:32:34.104021+00:00 [queued]>
[2024-06-18T11:37:35.045+0000] {taskinstance.py:1361} INFO - Starting attempt 1 of 2
[2024-06-18T11:37:35.051+0000] {taskinstance.py:1382} INFO - Executing <Task(PythonOperator): kafka_data_stream> on 2024-06-18 11:32:34.104021+00:00
[2024-06-18T11:37:35.054+0000] {standard_task_runner.py:57} INFO - Started process 7554 to run task
[2024-06-18T11:37:35.056+0000] {standard_task_runner.py:84} INFO - Running: ['***', 'tasks', 'run', 'kafka_spark_dag', 'kafka_data_stream', 'scheduled__2024-06-18T11:32:34.104021+00:00', '--job-id', '23', '--raw', '--subdir', 'DAGS_FOLDER/dag_kafka_spark.py', '--cfg-path', '/tmp/tmpqiu4sz71']
[2024-06-18T11:37:35.057+0000] {standard_task_runner.py:85} INFO - Job 23: Subtask kafka_data_stream
[2024-06-18T11:37:35.078+0000] {task_command.py:416} INFO - Running <TaskInstance: kafka_spark_dag.kafka_data_stream scheduled__2024-06-18T11:32:34.104021+00:00 [running]> on host 2ad9230613d5
[2024-06-18T11:37:35.112+0000] {taskinstance.py:1662} INFO - Exporting env vars: AIRFLOW_CTX_DAG_OWNER='***' AIRFLOW_CTX_DAG_ID='kafka_spark_dag' AIRFLOW_CTX_TASK_ID='kafka_data_stream' AIRFLOW_CTX_EXECUTION_DATE='2024-06-18T11:32:34.104021+00:00' AIRFLOW_CTX_TRY_NUMBER='1' AIRFLOW_CTX_DAG_RUN_ID='scheduled__2024-06-18T11:32:34.104021+00:00'
[2024-06-18T11:37:35.115+0000] {conn.py:380} INFO - <BrokerConnection node_id=bootstrap-0 host=kafka:9092 <connecting> [IPv4 ('172.18.0.3', 9092)]>: connecting to kafka:9092 [('172.18.0.3', 9092) IPv4]
[2024-06-18T11:37:35.116+0000] {conn.py:1205} INFO - Probing node bootstrap-0 broker version
[2024-06-18T11:37:35.116+0000] {conn.py:410} INFO - <BrokerConnection node_id=bootstrap-0 host=kafka:9092 <connecting> [IPv4 ('172.18.0.3', 9092)]>: Connection complete.
[2024-06-18T11:37:35.222+0000] {conn.py:1267} INFO - Broker version identified as 2.5.0
[2024-06-18T11:37:35.222+0000] {conn.py:1268} INFO - Set configuration api_version=(2, 5, 0) to skip auto check_version requests on startup
[2024-06-18T11:37:35.224+0000] {taskinstance.py:1937} ERROR - Task failed with exception
Traceback (most recent call last):
  File "/home/airflow/.local/lib/python3.8/site-packages/airflow/operators/python.py", line 192, in execute
    return_value = self.execute_callable()
  File "/home/airflow/.local/lib/python3.8/site-packages/airflow/operators/python.py", line 209, in execute_callable
    return self.python_callable(*self.op_args, **self.op_kwargs)
  File "/opt/airflow/dags/src/kafka_client/kafka_stream_data.py", line 146, in stream
    data = get_data()
  File "/opt/airflow/dags/src/kafka_client/kafka_stream_data.py", line 111, in get_data
    config = dict_from_yaml(API)
  File "/opt/airflow/dags/src/kafka_client/kafka_stream_data.py", line 26, in dict_from_yaml
    with open(yaml_file, "r") as file:
FileNotFoundError: [Errno 2] No such file or directory: 'config.yaml'
[2024-06-18T11:37:35.233+0000] {taskinstance.py:1400} INFO - Marking task as UP_FOR_RETRY. dag_id=kafka_spark_dag, task_id=kafka_data_stream, execution_date=20240618T113234, start_date=20240618T113735, end_date=20240618T113735
[2024-06-18T11:37:35.239+0000] {standard_task_runner.py:104} ERROR - Failed to execute job 23 for task kafka_data_stream ([Errno 2] No such file or directory: 'config.yaml'; 7554)
[2024-06-18T11:37:35.282+0000] {local_task_job_runner.py:228} INFO - Task exited with return code 1
[2024-06-18T11:37:35.296+0000] {taskinstance.py:2778} INFO - 0 downstream tasks scheduled from follow-on schedule check
