[2024-06-19T09:37:43.625+0000] {taskinstance.py:1159} INFO - Dependencies all met for dep_context=non-requeueable deps ti=<TaskInstance: kafka_spark_dag.pyspark_consumer scheduled__2024-06-19T09:32:38.058484+00:00 [queued]>
[2024-06-19T09:37:43.628+0000] {taskinstance.py:1159} INFO - Dependencies all met for dep_context=requeueable deps ti=<TaskInstance: kafka_spark_dag.pyspark_consumer scheduled__2024-06-19T09:32:38.058484+00:00 [queued]>
[2024-06-19T09:37:43.629+0000] {taskinstance.py:1361} INFO - Starting attempt 1 of 2
[2024-06-19T09:37:43.634+0000] {taskinstance.py:1382} INFO - Executing <Task(DockerOperator): pyspark_consumer> on 2024-06-19 09:32:38.058484+00:00
[2024-06-19T09:37:43.638+0000] {standard_task_runner.py:57} INFO - Started process 10908 to run task
[2024-06-19T09:37:43.641+0000] {standard_task_runner.py:84} INFO - Running: ['***', 'tasks', 'run', 'kafka_spark_dag', 'pyspark_consumer', 'scheduled__2024-06-19T09:32:38.058484+00:00', '--job-id', '141', '--raw', '--subdir', 'DAGS_FOLDER/dag_kafka_spark.py', '--cfg-path', '/tmp/tmp99o_rfw7']
[2024-06-19T09:37:43.643+0000] {standard_task_runner.py:85} INFO - Job 141: Subtask pyspark_consumer
[2024-06-19T09:37:43.699+0000] {task_command.py:416} INFO - Running <TaskInstance: kafka_spark_dag.pyspark_consumer scheduled__2024-06-19T09:32:38.058484+00:00 [running]> on host 2ad9230613d5
[2024-06-19T09:37:43.739+0000] {taskinstance.py:1662} INFO - Exporting env vars: AIRFLOW_CTX_DAG_OWNER='***' AIRFLOW_CTX_DAG_ID='kafka_spark_dag' AIRFLOW_CTX_TASK_ID='pyspark_consumer' AIRFLOW_CTX_EXECUTION_DATE='2024-06-19T09:32:38.058484+00:00' AIRFLOW_CTX_TRY_NUMBER='1' AIRFLOW_CTX_DAG_RUN_ID='scheduled__2024-06-19T09:32:38.058484+00:00'
[2024-06-19T09:37:43.811+0000] {docker.py:343} INFO - Starting docker container from image rappel-conso/spark:latest
[2024-06-19T09:37:43.865+0000] {docker.py:351} WARNING - Using remote engine or docker-in-docker and mounting temporary volume from host is not supported. Falling back to `mount_tmp_dir=False` mode. You can set `mount_tmp_dir` parameter to False to disable mounting and remove the warning
[2024-06-19T09:37:44.131+0000] {docker.py:413} INFO - [38;5;6mspark [38;5;5m09:37:44.12 [0m[38;5;2mINFO [0m ==>
[2024-06-19T09:37:44.132+0000] {docker.py:413} INFO - [38;5;6mspark [38;5;5m09:37:44.13 [0m[38;5;2mINFO [0m ==> [1mWelcome to the Bitnami spark container[0m
[2024-06-19T09:37:44.132+0000] {docker.py:413} INFO - [38;5;6mspark [38;5;5m09:37:44.13 [0m[38;5;2mINFO [0m ==> Subscribe to project updates by watching [1mhttps://github.com/bitnami/containers[0m
[2024-06-19T09:37:44.133+0000] {docker.py:413} INFO - [38;5;6mspark [38;5;5m09:37:44.13 [0m[38;5;2mINFO [0m ==> Submit issues and feature requests at [1mhttps://github.com/bitnami/containers/issues[0m
[2024-06-19T09:37:44.139+0000] {docker.py:413} INFO - [38;5;6mspark [38;5;5m09:37:44.13 [0m[38;5;2mINFO [0m ==>
[2024-06-19T09:37:44.153+0000] {docker.py:413} INFO - 
[2024-06-19T09:37:45.251+0000] {docker.py:413} INFO - :: loading settings :: url = jar:file:/opt/bitnami/spark/jars/ivy-2.5.1.jar!/org/apache/ivy/core/settings/ivysettings.xml
[2024-06-19T09:37:45.306+0000] {docker.py:413} INFO - Ivy Default Cache set to: /opt/bitnami/spark/.ivy2/cache
The jars for the packages stored in: /opt/bitnami/spark/.ivy2/jars
[2024-06-19T09:37:45.311+0000] {docker.py:413} INFO - org.postgresql#postgresql added as a dependency
org.apache.spark#spark-sql-kafka-0-10_2.12 added as a dependency
[2024-06-19T09:37:45.312+0000] {docker.py:413} INFO - :: resolving dependencies :: org.apache.spark#spark-submit-parent-171b329f-071d-4ce2-bab1-47beec25f180;1.0
	confs: [default]
[2024-06-19T09:37:47.992+0000] {docker.py:413} INFO - found org.postgresql#postgresql;42.5.4 in central
[2024-06-19T09:37:48.831+0000] {docker.py:413} INFO - found org.checkerframework#checker-qual;3.5.0 in central
[2024-06-19T09:38:04.860+0000] {docker.py:413} INFO - found org.apache.spark#spark-sql-kafka-0-10_2.12;3.5.0 in central
[2024-06-19T09:38:05.522+0000] {docker.py:413} INFO - found org.apache.spark#spark-token-provider-kafka-0-10_2.12;3.5.0 in central
[2024-06-19T09:38:06.008+0000] {docker.py:413} INFO - found org.apache.kafka#kafka-clients;3.4.1 in central
[2024-06-19T09:38:06.510+0000] {docker.py:413} INFO - found org.lz4#lz4-java;1.8.0 in central
[2024-06-19T09:38:07.003+0000] {docker.py:413} INFO - found org.xerial.snappy#snappy-java;1.1.10.3 in central
[2024-06-19T09:38:08.349+0000] {docker.py:413} INFO - found org.slf4j#slf4j-api;2.0.7 in central
[2024-06-19T09:38:10.417+0000] {docker.py:413} INFO - found org.apache.hadoop#hadoop-client-runtime;3.3.4 in central
[2024-06-19T09:38:10.919+0000] {docker.py:413} INFO - found org.apache.hadoop#hadoop-client-api;3.3.4 in central
[2024-06-19T09:38:14.921+0000] {docker.py:413} INFO - found commons-logging#commons-logging;1.1.3 in central
[2024-06-19T09:38:15.409+0000] {docker.py:413} INFO - found com.google.code.findbugs#jsr305;3.0.0 in central
[2024-06-19T09:38:19.325+0000] {docker.py:413} INFO - found org.apache.commons#commons-pool2;2.11.1 in central
[2024-06-19T09:38:19.569+0000] {docker.py:413} INFO - downloading https://repo1.maven.org/maven2/org/postgresql/postgresql/42.5.4/postgresql-42.5.4.jar ...
[2024-06-19T09:38:20.951+0000] {docker.py:413} INFO - [SUCCESSFUL ] org.postgresql#postgresql;42.5.4!postgresql.jar (1618ms)
[2024-06-19T09:38:21.179+0000] {docker.py:413} INFO - downloading https://repo1.maven.org/maven2/org/apache/spark/spark-sql-kafka-0-10_2.12/3.5.0/spark-sql-kafka-0-10_2.12-3.5.0.jar ...
[2024-06-19T09:38:21.796+0000] {docker.py:413} INFO - [SUCCESSFUL ] org.apache.spark#spark-sql-kafka-0-10_2.12;3.5.0!spark-sql-kafka-0-10_2.12.jar (840ms)
[2024-06-19T09:38:22.028+0000] {docker.py:413} INFO - downloading https://repo1.maven.org/maven2/org/checkerframework/checker-qual/3.5.0/checker-qual-3.5.0.jar ...
[2024-06-19T09:38:22.420+0000] {docker.py:413} INFO - [SUCCESSFUL ] org.checkerframework#checker-qual;3.5.0!checker-qual.jar (621ms)
[2024-06-19T09:38:22.654+0000] {docker.py:413} INFO - downloading https://repo1.maven.org/maven2/org/apache/spark/spark-token-provider-kafka-0-10_2.12/3.5.0/spark-token-provider-kafka-0-10_2.12-3.5.0.jar ...
[2024-06-19T09:38:22.946+0000] {docker.py:413} INFO - [SUCCESSFUL ] org.apache.spark#spark-token-provider-kafka-0-10_2.12;3.5.0!spark-token-provider-kafka-0-10_2.12.jar (525ms)
[2024-06-19T09:38:23.178+0000] {docker.py:413} INFO - downloading https://repo1.maven.org/maven2/org/apache/kafka/kafka-clients/3.4.1/kafka-clients-3.4.1.jar ...
[2024-06-19T09:38:27.499+0000] {docker.py:413} INFO - [SUCCESSFUL ] org.apache.kafka#kafka-clients;3.4.1!kafka-clients.jar (4522ms)
[2024-06-19T09:38:27.725+0000] {docker.py:413} INFO - downloading https://repo1.maven.org/maven2/com/google/code/findbugs/jsr305/3.0.0/jsr305-3.0.0.jar ...
[2024-06-19T09:38:27.974+0000] {docker.py:413} INFO - [SUCCESSFUL ] com.google.code.findbugs#jsr305;3.0.0!jsr305.jar (489ms)
[2024-06-19T09:38:28.215+0000] {docker.py:413} INFO - downloading https://repo1.maven.org/maven2/org/apache/commons/commons-pool2/2.11.1/commons-pool2-2.11.1.jar ...
[2024-06-19T09:38:28.562+0000] {docker.py:413} INFO - [SUCCESSFUL ] org.apache.commons#commons-pool2;2.11.1!commons-pool2.jar (572ms)
[2024-06-19T09:38:28.790+0000] {docker.py:413} INFO - downloading https://repo1.maven.org/maven2/org/apache/hadoop/hadoop-client-runtime/3.3.4/hadoop-client-runtime-3.3.4.jar ...
[2024-06-19T09:38:36.982+0000] {docker.py:413} INFO - [SUCCESSFUL ] org.apache.hadoop#hadoop-client-runtime;3.3.4!hadoop-client-runtime.jar (8422ms)
[2024-06-19T09:38:37.223+0000] {docker.py:413} INFO - downloading https://repo1.maven.org/maven2/org/lz4/lz4-java/1.8.0/lz4-java-1.8.0.jar ...
[2024-06-19T09:38:37.558+0000] {docker.py:413} INFO - [SUCCESSFUL ] org.lz4#lz4-java;1.8.0!lz4-java.jar (580ms)
[2024-06-19T09:38:37.797+0000] {docker.py:413} INFO - downloading https://repo1.maven.org/maven2/org/xerial/snappy/snappy-java/1.1.10.3/snappy-java-1.1.10.3.jar ...
[2024-06-19T09:38:38.397+0000] {docker.py:413} INFO - [SUCCESSFUL ] org.xerial.snappy#snappy-java;1.1.10.3!snappy-java.jar(bundle) (836ms)
[2024-06-19T09:38:38.629+0000] {docker.py:413} INFO - downloading https://repo1.maven.org/maven2/org/slf4j/slf4j-api/2.0.7/slf4j-api-2.0.7.jar ...
[2024-06-19T09:38:38.874+0000] {docker.py:413} INFO - [SUCCESSFUL ] org.slf4j#slf4j-api;2.0.7!slf4j-api.jar (476ms)
[2024-06-19T09:38:39.108+0000] {docker.py:413} INFO - downloading https://repo1.maven.org/maven2/org/apache/hadoop/hadoop-client-api/3.3.4/hadoop-client-api-3.3.4.jar ...
[2024-06-19T09:38:42.737+0000] {docker.py:413} INFO - [SUCCESSFUL ] org.apache.hadoop#hadoop-client-api;3.3.4!hadoop-client-api.jar (3860ms)
[2024-06-19T09:38:42.973+0000] {docker.py:413} INFO - downloading https://repo1.maven.org/maven2/commons-logging/commons-logging/1.1.3/commons-logging-1.1.3.jar ...
[2024-06-19T09:38:43.230+0000] {docker.py:413} INFO - [SUCCESSFUL ] commons-logging#commons-logging;1.1.3!commons-logging.jar (488ms)
[2024-06-19T09:38:43.241+0000] {docker.py:413} INFO - :: resolution report :: resolve 34024ms :: artifacts dl 23892ms
[2024-06-19T09:38:43.244+0000] {docker.py:413} INFO - :: modules in use:
	com.google.code.findbugs#jsr305;3.0.0 from central in [default]
	commons-logging#commons-logging;1.1.3 from central in [default]
	org.apache.commons#commons-pool2;2.11.1 from central in [default]
	org.apache.hadoop#hadoop-client-api;3.3.4 from central in [default]
	org.apache.hadoop#hadoop-client-runtime;3.3.4 from central in [default]
	org.apache.kafka#kafka-clients;3.4.1 from central in [default]
	org.apache.spark#spark-sql-kafka-0-10_2.12;3.5.0 from central in [default]
	org.apache.spark#spark-token-provider-kafka-0-10_2.12;3.5.0 from central in [default]
	org.checkerframework#checker-qual;3.5.0 from central in [default]
	org.lz4#lz4-java;1.8.0 from central in [default]
	org.postgresql#postgresql;42.5.4 from central in [default]
	org.slf4j#slf4j-api;2.0.7 from central in [default]
	org.xerial.snappy#snappy-java;1.1.10.3 from central in [default]
	---------------------------------------------------------------------
	|                  |            modules            ||   artifacts   |
	|       conf       | number| search|dwnlded|evicted|| number|dwnlded|
	---------------------------------------------------------------------
	|      default     |   13  |   13  |   13  |   0   ||   13  |   13  |
	---------------------------------------------------------------------
[2024-06-19T09:38:43.383+0000] {docker.py:413} INFO - :: retrieving :: org.apache.spark#spark-submit-parent-171b329f-071d-4ce2-bab1-47beec25f180
[2024-06-19T09:38:43.384+0000] {docker.py:413} INFO - confs: [default]
[2024-06-19T09:38:43.802+0000] {docker.py:413} INFO - 13 artifacts copied, 0 already retrieved (58001kB/418ms)
[2024-06-19T09:38:44.186+0000] {docker.py:413} INFO - 24/06/19 09:38:44 WARN NativeCodeLoader: Unable to load native-hadoop library for your platform... using builtin-java classes where applicable
[2024-06-19T09:38:44.965+0000] {docker.py:413} INFO - 24/06/19 09:38:44 INFO SparkContext: Running Spark version 3.5.0
[2024-06-19T09:38:44.966+0000] {docker.py:413} INFO - 24/06/19 09:38:44 INFO SparkContext: OS info Linux, 6.6.12-linuxkit, aarch64
[2024-06-19T09:38:44.966+0000] {docker.py:413} INFO - 24/06/19 09:38:44 INFO SparkContext: Java version 17.0.10
[2024-06-19T09:38:44.981+0000] {docker.py:413} INFO - 24/06/19 09:38:44 INFO ResourceUtils: ==============================================================
[2024-06-19T09:38:44.981+0000] {docker.py:413} INFO - 24/06/19 09:38:44 INFO ResourceUtils: No custom resources configured for spark.driver.
[2024-06-19T09:38:44.981+0000] {docker.py:413} INFO - 24/06/19 09:38:44 INFO ResourceUtils: ==============================================================
[2024-06-19T09:38:44.981+0000] {docker.py:413} INFO - 24/06/19 09:38:44 INFO SparkContext: Submitted application: PostgreSQL Connection with PySpark
[2024-06-19T09:38:44.993+0000] {docker.py:413} INFO - 24/06/19 09:38:44 INFO ResourceProfile: Default ResourceProfile created, executor resources: Map(cores -> name: cores, amount: 1, script: , vendor: , memory -> name: memory, amount: 1024, script: , vendor: , offHeap -> name: offHeap, amount: 0, script: , vendor: ), task resources: Map(cpus -> name: cpus, amount: 1.0)
[2024-06-19T09:38:44.998+0000] {docker.py:413} INFO - 24/06/19 09:38:44 INFO ResourceProfile: Limiting resource is cpu
[2024-06-19T09:38:44.999+0000] {docker.py:413} INFO - 24/06/19 09:38:44 INFO ResourceProfileManager: Added ResourceProfile id: 0
[2024-06-19T09:38:45.031+0000] {docker.py:413} INFO - 24/06/19 09:38:45 INFO SecurityManager: Changing view acls to: spark
[2024-06-19T09:38:45.032+0000] {docker.py:413} INFO - 24/06/19 09:38:45 INFO SecurityManager: Changing modify acls to: spark
[2024-06-19T09:38:45.032+0000] {docker.py:413} INFO - 24/06/19 09:38:45 INFO SecurityManager: Changing view acls groups to:
[2024-06-19T09:38:45.032+0000] {docker.py:413} INFO - 24/06/19 09:38:45 INFO SecurityManager: Changing modify acls groups to:
[2024-06-19T09:38:45.032+0000] {docker.py:413} INFO - 24/06/19 09:38:45 INFO SecurityManager: SecurityManager: authentication disabled; ui acls disabled; users with view permissions: spark; groups with view permissions: EMPTY; users with modify permissions: spark; groups with modify permissions: EMPTY
[2024-06-19T09:38:45.196+0000] {docker.py:413} INFO - 24/06/19 09:38:45 INFO Utils: Successfully started service 'sparkDriver' on port 42705.
[2024-06-19T09:38:45.219+0000] {docker.py:413} INFO - 24/06/19 09:38:45 INFO SparkEnv: Registering MapOutputTracker
[2024-06-19T09:38:45.255+0000] {docker.py:413} INFO - 24/06/19 09:38:45 INFO SparkEnv: Registering BlockManagerMaster
[2024-06-19T09:38:45.284+0000] {docker.py:413} INFO - 24/06/19 09:38:45 INFO BlockManagerMasterEndpoint: Using org.apache.spark.storage.DefaultTopologyMapper for getting topology information
[2024-06-19T09:38:45.287+0000] {docker.py:413} INFO - 24/06/19 09:38:45 INFO BlockManagerMasterEndpoint: BlockManagerMasterEndpoint up
[2024-06-19T09:38:45.289+0000] {docker.py:413} INFO - 24/06/19 09:38:45 INFO SparkEnv: Registering BlockManagerMasterHeartbeat
[2024-06-19T09:38:45.306+0000] {docker.py:413} INFO - 24/06/19 09:38:45 INFO DiskBlockManager: Created local directory at /tmp/blockmgr-7fbaf7ce-af6f-4797-a0ef-88bbf8b02d84
[2024-06-19T09:38:45.314+0000] {docker.py:413} INFO - 24/06/19 09:38:45 INFO MemoryStore: MemoryStore started with capacity 434.4 MiB
[2024-06-19T09:38:45.324+0000] {docker.py:413} INFO - 24/06/19 09:38:45 INFO SparkEnv: Registering OutputCommitCoordinator
[2024-06-19T09:38:45.405+0000] {docker.py:413} INFO - 24/06/19 09:38:45 INFO JettyUtils: Start Jetty 0.0.0.0:4040 for SparkUI
[2024-06-19T09:38:45.465+0000] {docker.py:413} INFO - 24/06/19 09:38:45 INFO Utils: Successfully started service 'SparkUI' on port 4040.
[2024-06-19T09:38:45.496+0000] {docker.py:413} INFO - 24/06/19 09:38:45 INFO SparkContext: Added JAR file:///opt/bitnami/spark/.ivy2/jars/org.postgresql_postgresql-42.5.4.jar at spark://localhost:42705/jars/org.postgresql_postgresql-42.5.4.jar with timestamp 1718789924959
[2024-06-19T09:38:45.498+0000] {docker.py:413} INFO - 24/06/19 09:38:45 INFO SparkContext: Added JAR file:///opt/bitnami/spark/.ivy2/jars/org.apache.spark_spark-sql-kafka-0-10_2.12-3.5.0.jar at spark://localhost:42705/jars/org.apache.spark_spark-sql-kafka-0-10_2.12-3.5.0.jar with timestamp 1718789924959
[2024-06-19T09:38:45.500+0000] {docker.py:413} INFO - 24/06/19 09:38:45 INFO SparkContext: Added JAR file:///opt/bitnami/spark/.ivy2/jars/org.checkerframework_checker-qual-3.5.0.jar at spark://localhost:42705/jars/org.checkerframework_checker-qual-3.5.0.jar with timestamp 1718789924959
[2024-06-19T09:38:45.502+0000] {docker.py:413} INFO - 24/06/19 09:38:45 INFO SparkContext: Added JAR file:///opt/bitnami/spark/.ivy2/jars/org.apache.spark_spark-token-provider-kafka-0-10_2.12-3.5.0.jar at spark://localhost:42705/jars/org.apache.spark_spark-token-provider-kafka-0-10_2.12-3.5.0.jar with timestamp 1718789924959
24/06/19 09:38:45 INFO SparkContext: Added JAR file:///opt/bitnami/spark/.ivy2/jars/org.apache.kafka_kafka-clients-3.4.1.jar at spark://localhost:42705/jars/org.apache.kafka_kafka-clients-3.4.1.jar with timestamp 1718789924959
24/06/19 09:38:45 INFO SparkContext: Added JAR file:///opt/bitnami/spark/.ivy2/jars/com.google.code.findbugs_jsr305-3.0.0.jar at spark://localhost:42705/jars/com.google.code.findbugs_jsr305-3.0.0.jar with timestamp 1718789924959
24/06/19 09:38:45 INFO SparkContext: Added JAR file:///opt/bitnami/spark/.ivy2/jars/org.apache.commons_commons-pool2-2.11.1.jar at spark://localhost:42705/jars/org.apache.commons_commons-pool2-2.11.1.jar with timestamp 1718789924959
[2024-06-19T09:38:45.503+0000] {docker.py:413} INFO - 24/06/19 09:38:45 INFO SparkContext: Added JAR file:///opt/bitnami/spark/.ivy2/jars/org.apache.hadoop_hadoop-client-runtime-3.3.4.jar at spark://localhost:42705/jars/org.apache.hadoop_hadoop-client-runtime-3.3.4.jar with timestamp 1718789924959
24/06/19 09:38:45 INFO SparkContext: Added JAR file:///opt/bitnami/spark/.ivy2/jars/org.lz4_lz4-java-1.8.0.jar at spark://localhost:42705/jars/org.lz4_lz4-java-1.8.0.jar with timestamp 1718789924959
24/06/19 09:38:45 INFO SparkContext: Added JAR file:///opt/bitnami/spark/.ivy2/jars/org.xerial.snappy_snappy-java-1.1.10.3.jar at spark://localhost:42705/jars/org.xerial.snappy_snappy-java-1.1.10.3.jar with timestamp 1718789924959
[2024-06-19T09:38:45.503+0000] {docker.py:413} INFO - 24/06/19 09:38:45 INFO SparkContext: Added JAR file:///opt/bitnami/spark/.ivy2/jars/org.slf4j_slf4j-api-2.0.7.jar at spark://localhost:42705/jars/org.slf4j_slf4j-api-2.0.7.jar with timestamp 1718789924959
24/06/19 09:38:45 INFO SparkContext: Added JAR file:///opt/bitnami/spark/.ivy2/jars/org.apache.hadoop_hadoop-client-api-3.3.4.jar at spark://localhost:42705/jars/org.apache.hadoop_hadoop-client-api-3.3.4.jar with timestamp 1718789924959
[2024-06-19T09:38:45.503+0000] {docker.py:413} INFO - 24/06/19 09:38:45 INFO SparkContext: Added JAR file:///opt/bitnami/spark/.ivy2/jars/commons-logging_commons-logging-1.1.3.jar at spark://localhost:42705/jars/commons-logging_commons-logging-1.1.3.jar with timestamp 1718789924959
[2024-06-19T09:38:45.504+0000] {docker.py:413} INFO - 24/06/19 09:38:45 INFO SparkContext: Added file file:///opt/bitnami/spark/.ivy2/jars/org.postgresql_postgresql-42.5.4.jar at file:///opt/bitnami/spark/.ivy2/jars/org.postgresql_postgresql-42.5.4.jar with timestamp 1718789924959
[2024-06-19T09:38:45.504+0000] {docker.py:413} INFO - 24/06/19 09:38:45 INFO Utils: Copying /opt/bitnami/spark/.ivy2/jars/org.postgresql_postgresql-42.5.4.jar to /tmp/spark-44157d49-1bf7-4894-9617-123bc3d801d1/userFiles-ee581d28-2755-48fb-bf5d-1aaf821bf798/org.postgresql_postgresql-42.5.4.jar
[2024-06-19T09:38:45.509+0000] {docker.py:413} INFO - 24/06/19 09:38:45 INFO SparkContext: Added file file:///opt/bitnami/spark/.ivy2/jars/org.apache.spark_spark-sql-kafka-0-10_2.12-3.5.0.jar at file:///opt/bitnami/spark/.ivy2/jars/org.apache.spark_spark-sql-kafka-0-10_2.12-3.5.0.jar with timestamp 1718789924959
[2024-06-19T09:38:45.509+0000] {docker.py:413} INFO - 24/06/19 09:38:45 INFO Utils: Copying /opt/bitnami/spark/.ivy2/jars/org.apache.spark_spark-sql-kafka-0-10_2.12-3.5.0.jar to /tmp/spark-44157d49-1bf7-4894-9617-123bc3d801d1/userFiles-ee581d28-2755-48fb-bf5d-1aaf821bf798/org.apache.spark_spark-sql-kafka-0-10_2.12-3.5.0.jar
[2024-06-19T09:38:45.512+0000] {docker.py:413} INFO - 24/06/19 09:38:45 INFO SparkContext: Added file file:///opt/bitnami/spark/.ivy2/jars/org.checkerframework_checker-qual-3.5.0.jar at file:///opt/bitnami/spark/.ivy2/jars/org.checkerframework_checker-qual-3.5.0.jar with timestamp 1718789924959
[2024-06-19T09:38:45.512+0000] {docker.py:413} INFO - 24/06/19 09:38:45 INFO Utils: Copying /opt/bitnami/spark/.ivy2/jars/org.checkerframework_checker-qual-3.5.0.jar to /tmp/spark-44157d49-1bf7-4894-9617-123bc3d801d1/userFiles-ee581d28-2755-48fb-bf5d-1aaf821bf798/org.checkerframework_checker-qual-3.5.0.jar
[2024-06-19T09:38:45.515+0000] {docker.py:413} INFO - 24/06/19 09:38:45 INFO SparkContext: Added file file:///opt/bitnami/spark/.ivy2/jars/org.apache.spark_spark-token-provider-kafka-0-10_2.12-3.5.0.jar at file:///opt/bitnami/spark/.ivy2/jars/org.apache.spark_spark-token-provider-kafka-0-10_2.12-3.5.0.jar with timestamp 1718789924959
[2024-06-19T09:38:45.516+0000] {docker.py:413} INFO - 24/06/19 09:38:45 INFO Utils: Copying /opt/bitnami/spark/.ivy2/jars/org.apache.spark_spark-token-provider-kafka-0-10_2.12-3.5.0.jar to /tmp/spark-44157d49-1bf7-4894-9617-123bc3d801d1/userFiles-ee581d28-2755-48fb-bf5d-1aaf821bf798/org.apache.spark_spark-token-provider-kafka-0-10_2.12-3.5.0.jar
[2024-06-19T09:38:45.519+0000] {docker.py:413} INFO - 24/06/19 09:38:45 INFO SparkContext: Added file file:///opt/bitnami/spark/.ivy2/jars/org.apache.kafka_kafka-clients-3.4.1.jar at file:///opt/bitnami/spark/.ivy2/jars/org.apache.kafka_kafka-clients-3.4.1.jar with timestamp 1718789924959
[2024-06-19T09:38:45.519+0000] {docker.py:413} INFO - 24/06/19 09:38:45 INFO Utils: Copying /opt/bitnami/spark/.ivy2/jars/org.apache.kafka_kafka-clients-3.4.1.jar to /tmp/spark-44157d49-1bf7-4894-9617-123bc3d801d1/userFiles-ee581d28-2755-48fb-bf5d-1aaf821bf798/org.apache.kafka_kafka-clients-3.4.1.jar
[2024-06-19T09:38:45.528+0000] {docker.py:413} INFO - 24/06/19 09:38:45 INFO SparkContext: Added file file:///opt/bitnami/spark/.ivy2/jars/com.google.code.findbugs_jsr305-3.0.0.jar at file:///opt/bitnami/spark/.ivy2/jars/com.google.code.findbugs_jsr305-3.0.0.jar with timestamp 1718789924959
[2024-06-19T09:38:45.528+0000] {docker.py:413} INFO - 24/06/19 09:38:45 INFO Utils: Copying /opt/bitnami/spark/.ivy2/jars/com.google.code.findbugs_jsr305-3.0.0.jar to /tmp/spark-44157d49-1bf7-4894-9617-123bc3d801d1/userFiles-ee581d28-2755-48fb-bf5d-1aaf821bf798/com.google.code.findbugs_jsr305-3.0.0.jar
[2024-06-19T09:38:45.530+0000] {docker.py:413} INFO - 24/06/19 09:38:45 INFO SparkContext: Added file file:///opt/bitnami/spark/.ivy2/jars/org.apache.commons_commons-pool2-2.11.1.jar at file:///opt/bitnami/spark/.ivy2/jars/org.apache.commons_commons-pool2-2.11.1.jar with timestamp 1718789924959
[2024-06-19T09:38:45.530+0000] {docker.py:413} INFO - 24/06/19 09:38:45 INFO Utils: Copying /opt/bitnami/spark/.ivy2/jars/org.apache.commons_commons-pool2-2.11.1.jar to /tmp/spark-44157d49-1bf7-4894-9617-123bc3d801d1/userFiles-ee581d28-2755-48fb-bf5d-1aaf821bf798/org.apache.commons_commons-pool2-2.11.1.jar
[2024-06-19T09:38:45.533+0000] {docker.py:413} INFO - 24/06/19 09:38:45 INFO SparkContext: Added file file:///opt/bitnami/spark/.ivy2/jars/org.apache.hadoop_hadoop-client-runtime-3.3.4.jar at file:///opt/bitnami/spark/.ivy2/jars/org.apache.hadoop_hadoop-client-runtime-3.3.4.jar with timestamp 1718789924959
[2024-06-19T09:38:45.533+0000] {docker.py:413} INFO - 24/06/19 09:38:45 INFO Utils: Copying /opt/bitnami/spark/.ivy2/jars/org.apache.hadoop_hadoop-client-runtime-3.3.4.jar to /tmp/spark-44157d49-1bf7-4894-9617-123bc3d801d1/userFiles-ee581d28-2755-48fb-bf5d-1aaf821bf798/org.apache.hadoop_hadoop-client-runtime-3.3.4.jar
[2024-06-19T09:38:45.603+0000] {docker.py:413} INFO - 24/06/19 09:38:45 INFO SparkContext: Added file file:///opt/bitnami/spark/.ivy2/jars/org.lz4_lz4-java-1.8.0.jar at file:///opt/bitnami/spark/.ivy2/jars/org.lz4_lz4-java-1.8.0.jar with timestamp 1718789924959
[2024-06-19T09:38:45.604+0000] {docker.py:413} INFO - 24/06/19 09:38:45 INFO Utils: Copying /opt/bitnami/spark/.ivy2/jars/org.lz4_lz4-java-1.8.0.jar to /tmp/spark-44157d49-1bf7-4894-9617-123bc3d801d1/userFiles-ee581d28-2755-48fb-bf5d-1aaf821bf798/org.lz4_lz4-java-1.8.0.jar
[2024-06-19T09:38:45.608+0000] {docker.py:413} INFO - 24/06/19 09:38:45 INFO SparkContext: Added file file:///opt/bitnami/spark/.ivy2/jars/org.xerial.snappy_snappy-java-1.1.10.3.jar at file:///opt/bitnami/spark/.ivy2/jars/org.xerial.snappy_snappy-java-1.1.10.3.jar with timestamp 1718789924959
24/06/19 09:38:45 INFO Utils: Copying /opt/bitnami/spark/.ivy2/jars/org.xerial.snappy_snappy-java-1.1.10.3.jar to /tmp/spark-44157d49-1bf7-4894-9617-123bc3d801d1/userFiles-ee581d28-2755-48fb-bf5d-1aaf821bf798/org.xerial.snappy_snappy-java-1.1.10.3.jar
[2024-06-19T09:38:45.615+0000] {docker.py:413} INFO - 24/06/19 09:38:45 INFO SparkContext: Added file file:///opt/bitnami/spark/.ivy2/jars/org.slf4j_slf4j-api-2.0.7.jar at file:///opt/bitnami/spark/.ivy2/jars/org.slf4j_slf4j-api-2.0.7.jar with timestamp 1718789924959
24/06/19 09:38:45 INFO Utils: Copying /opt/bitnami/spark/.ivy2/jars/org.slf4j_slf4j-api-2.0.7.jar to /tmp/spark-44157d49-1bf7-4894-9617-123bc3d801d1/userFiles-ee581d28-2755-48fb-bf5d-1aaf821bf798/org.slf4j_slf4j-api-2.0.7.jar
[2024-06-19T09:38:45.617+0000] {docker.py:413} INFO - 24/06/19 09:38:45 INFO SparkContext: Added file file:///opt/bitnami/spark/.ivy2/jars/org.apache.hadoop_hadoop-client-api-3.3.4.jar at file:///opt/bitnami/spark/.ivy2/jars/org.apache.hadoop_hadoop-client-api-3.3.4.jar with timestamp 1718789924959
[2024-06-19T09:38:45.618+0000] {docker.py:413} INFO - 24/06/19 09:38:45 INFO Utils: Copying /opt/bitnami/spark/.ivy2/jars/org.apache.hadoop_hadoop-client-api-3.3.4.jar to /tmp/spark-44157d49-1bf7-4894-9617-123bc3d801d1/userFiles-ee581d28-2755-48fb-bf5d-1aaf821bf798/org.apache.hadoop_hadoop-client-api-3.3.4.jar
[2024-06-19T09:38:45.651+0000] {docker.py:413} INFO - 24/06/19 09:38:45 INFO SparkContext: Added file file:///opt/bitnami/spark/.ivy2/jars/commons-logging_commons-logging-1.1.3.jar at file:///opt/bitnami/spark/.ivy2/jars/commons-logging_commons-logging-1.1.3.jar with timestamp 1718789924959
[2024-06-19T09:38:45.652+0000] {docker.py:413} INFO - 24/06/19 09:38:45 INFO Utils: Copying /opt/bitnami/spark/.ivy2/jars/commons-logging_commons-logging-1.1.3.jar to /tmp/spark-44157d49-1bf7-4894-9617-123bc3d801d1/userFiles-ee581d28-2755-48fb-bf5d-1aaf821bf798/commons-logging_commons-logging-1.1.3.jar
[2024-06-19T09:38:45.709+0000] {docker.py:413} INFO - 24/06/19 09:38:45 INFO Executor: Starting executor ID driver on host localhost
[2024-06-19T09:38:45.709+0000] {docker.py:413} INFO - 24/06/19 09:38:45 INFO Executor: OS info Linux, 6.6.12-linuxkit, aarch64
[2024-06-19T09:38:45.710+0000] {docker.py:413} INFO - 24/06/19 09:38:45 INFO Executor: Java version 17.0.10
[2024-06-19T09:38:45.712+0000] {docker.py:413} INFO - 24/06/19 09:38:45 INFO Executor: Starting executor with user classpath (userClassPathFirst = false): ''
[2024-06-19T09:38:45.713+0000] {docker.py:413} INFO - 24/06/19 09:38:45 INFO Executor: Created or updated repl class loader org.apache.spark.util.MutableURLClassLoader@1b5673bd for default.
[2024-06-19T09:38:45.718+0000] {docker.py:413} INFO - 24/06/19 09:38:45 INFO Executor: Fetching file:///opt/bitnami/spark/.ivy2/jars/org.apache.spark_spark-token-provider-kafka-0-10_2.12-3.5.0.jar with timestamp 1718789924959
[2024-06-19T09:38:45.727+0000] {docker.py:413} INFO - 24/06/19 09:38:45 INFO Utils: /opt/bitnami/spark/.ivy2/jars/org.apache.spark_spark-token-provider-kafka-0-10_2.12-3.5.0.jar has been previously copied to /tmp/spark-44157d49-1bf7-4894-9617-123bc3d801d1/userFiles-ee581d28-2755-48fb-bf5d-1aaf821bf798/org.apache.spark_spark-token-provider-kafka-0-10_2.12-3.5.0.jar
[2024-06-19T09:38:45.729+0000] {docker.py:413} INFO - 24/06/19 09:38:45 INFO Executor: Fetching file:///opt/bitnami/spark/.ivy2/jars/org.apache.hadoop_hadoop-client-runtime-3.3.4.jar with timestamp 1718789924959
[2024-06-19T09:38:45.747+0000] {docker.py:413} INFO - 24/06/19 09:38:45 INFO Utils: /opt/bitnami/spark/.ivy2/jars/org.apache.hadoop_hadoop-client-runtime-3.3.4.jar has been previously copied to /tmp/spark-44157d49-1bf7-4894-9617-123bc3d801d1/userFiles-ee581d28-2755-48fb-bf5d-1aaf821bf798/org.apache.hadoop_hadoop-client-runtime-3.3.4.jar
[2024-06-19T09:38:45.750+0000] {docker.py:413} INFO - 24/06/19 09:38:45 INFO Executor: Fetching file:///opt/bitnami/spark/.ivy2/jars/org.apache.commons_commons-pool2-2.11.1.jar with timestamp 1718789924959
[2024-06-19T09:38:45.751+0000] {docker.py:413} INFO - 24/06/19 09:38:45 INFO Utils: /opt/bitnami/spark/.ivy2/jars/org.apache.commons_commons-pool2-2.11.1.jar has been previously copied to /tmp/spark-44157d49-1bf7-4894-9617-123bc3d801d1/userFiles-ee581d28-2755-48fb-bf5d-1aaf821bf798/org.apache.commons_commons-pool2-2.11.1.jar
[2024-06-19T09:38:45.753+0000] {docker.py:413} INFO - 24/06/19 09:38:45 INFO Executor: Fetching file:///opt/bitnami/spark/.ivy2/jars/org.postgresql_postgresql-42.5.4.jar with timestamp 1718789924959
[2024-06-19T09:38:45.753+0000] {docker.py:413} INFO - 24/06/19 09:38:45 INFO Utils: /opt/bitnami/spark/.ivy2/jars/org.postgresql_postgresql-42.5.4.jar has been previously copied to /tmp/spark-44157d49-1bf7-4894-9617-123bc3d801d1/userFiles-ee581d28-2755-48fb-bf5d-1aaf821bf798/org.postgresql_postgresql-42.5.4.jar
[2024-06-19T09:38:45.755+0000] {docker.py:413} INFO - 24/06/19 09:38:45 INFO Executor: Fetching file:///opt/bitnami/spark/.ivy2/jars/org.slf4j_slf4j-api-2.0.7.jar with timestamp 1718789924959
[2024-06-19T09:38:45.756+0000] {docker.py:413} INFO - 24/06/19 09:38:45 INFO Utils: /opt/bitnami/spark/.ivy2/jars/org.slf4j_slf4j-api-2.0.7.jar has been previously copied to /tmp/spark-44157d49-1bf7-4894-9617-123bc3d801d1/userFiles-ee581d28-2755-48fb-bf5d-1aaf821bf798/org.slf4j_slf4j-api-2.0.7.jar
[2024-06-19T09:38:45.757+0000] {docker.py:413} INFO - 24/06/19 09:38:45 INFO Executor: Fetching file:///opt/bitnami/spark/.ivy2/jars/org.apache.kafka_kafka-clients-3.4.1.jar with timestamp 1718789924959
[2024-06-19T09:38:45.759+0000] {docker.py:413} INFO - 24/06/19 09:38:45 INFO Utils: /opt/bitnami/spark/.ivy2/jars/org.apache.kafka_kafka-clients-3.4.1.jar has been previously copied to /tmp/spark-44157d49-1bf7-4894-9617-123bc3d801d1/userFiles-ee581d28-2755-48fb-bf5d-1aaf821bf798/org.apache.kafka_kafka-clients-3.4.1.jar
[2024-06-19T09:38:45.761+0000] {docker.py:413} INFO - 24/06/19 09:38:45 INFO Executor: Fetching file:///opt/bitnami/spark/.ivy2/jars/com.google.code.findbugs_jsr305-3.0.0.jar with timestamp 1718789924959
[2024-06-19T09:38:45.761+0000] {docker.py:413} INFO - 24/06/19 09:38:45 INFO Utils: /opt/bitnami/spark/.ivy2/jars/com.google.code.findbugs_jsr305-3.0.0.jar has been previously copied to /tmp/spark-44157d49-1bf7-4894-9617-123bc3d801d1/userFiles-ee581d28-2755-48fb-bf5d-1aaf821bf798/com.google.code.findbugs_jsr305-3.0.0.jar
[2024-06-19T09:38:45.763+0000] {docker.py:413} INFO - 24/06/19 09:38:45 INFO Executor: Fetching file:///opt/bitnami/spark/.ivy2/jars/org.lz4_lz4-java-1.8.0.jar with timestamp 1718789924959
[2024-06-19T09:38:45.763+0000] {docker.py:413} INFO - 24/06/19 09:38:45 INFO Utils: /opt/bitnami/spark/.ivy2/jars/org.lz4_lz4-java-1.8.0.jar has been previously copied to /tmp/spark-44157d49-1bf7-4894-9617-123bc3d801d1/userFiles-ee581d28-2755-48fb-bf5d-1aaf821bf798/org.lz4_lz4-java-1.8.0.jar
[2024-06-19T09:38:45.765+0000] {docker.py:413} INFO - 24/06/19 09:38:45 INFO Executor: Fetching file:///opt/bitnami/spark/.ivy2/jars/org.apache.spark_spark-sql-kafka-0-10_2.12-3.5.0.jar with timestamp 1718789924959
[2024-06-19T09:38:45.765+0000] {docker.py:413} INFO - 24/06/19 09:38:45 INFO Utils: /opt/bitnami/spark/.ivy2/jars/org.apache.spark_spark-sql-kafka-0-10_2.12-3.5.0.jar has been previously copied to /tmp/spark-44157d49-1bf7-4894-9617-123bc3d801d1/userFiles-ee581d28-2755-48fb-bf5d-1aaf821bf798/org.apache.spark_spark-sql-kafka-0-10_2.12-3.5.0.jar
[2024-06-19T09:38:45.767+0000] {docker.py:413} INFO - 24/06/19 09:38:45 INFO Executor: Fetching file:///opt/bitnami/spark/.ivy2/jars/org.apache.hadoop_hadoop-client-api-3.3.4.jar with timestamp 1718789924959
[2024-06-19T09:38:45.778+0000] {docker.py:413} INFO - 24/06/19 09:38:45 INFO Utils: /opt/bitnami/spark/.ivy2/jars/org.apache.hadoop_hadoop-client-api-3.3.4.jar has been previously copied to /tmp/spark-44157d49-1bf7-4894-9617-123bc3d801d1/userFiles-ee581d28-2755-48fb-bf5d-1aaf821bf798/org.apache.hadoop_hadoop-client-api-3.3.4.jar
[2024-06-19T09:38:45.781+0000] {docker.py:413} INFO - 24/06/19 09:38:45 INFO Executor: Fetching file:///opt/bitnami/spark/.ivy2/jars/commons-logging_commons-logging-1.1.3.jar with timestamp 1718789924959
[2024-06-19T09:38:45.781+0000] {docker.py:413} INFO - 24/06/19 09:38:45 INFO Utils: /opt/bitnami/spark/.ivy2/jars/commons-logging_commons-logging-1.1.3.jar has been previously copied to /tmp/spark-44157d49-1bf7-4894-9617-123bc3d801d1/userFiles-ee581d28-2755-48fb-bf5d-1aaf821bf798/commons-logging_commons-logging-1.1.3.jar
[2024-06-19T09:38:45.783+0000] {docker.py:413} INFO - 24/06/19 09:38:45 INFO Executor: Fetching file:///opt/bitnami/spark/.ivy2/jars/org.checkerframework_checker-qual-3.5.0.jar with timestamp 1718789924959
[2024-06-19T09:38:45.784+0000] {docker.py:413} INFO - 24/06/19 09:38:45 INFO Utils: /opt/bitnami/spark/.ivy2/jars/org.checkerframework_checker-qual-3.5.0.jar has been previously copied to /tmp/spark-44157d49-1bf7-4894-9617-123bc3d801d1/userFiles-ee581d28-2755-48fb-bf5d-1aaf821bf798/org.checkerframework_checker-qual-3.5.0.jar
[2024-06-19T09:38:45.786+0000] {docker.py:413} INFO - 24/06/19 09:38:45 INFO Executor: Fetching file:///opt/bitnami/spark/.ivy2/jars/org.xerial.snappy_snappy-java-1.1.10.3.jar with timestamp 1718789924959
[2024-06-19T09:38:45.787+0000] {docker.py:413} INFO - 24/06/19 09:38:45 INFO Utils: /opt/bitnami/spark/.ivy2/jars/org.xerial.snappy_snappy-java-1.1.10.3.jar has been previously copied to /tmp/spark-44157d49-1bf7-4894-9617-123bc3d801d1/userFiles-ee581d28-2755-48fb-bf5d-1aaf821bf798/org.xerial.snappy_snappy-java-1.1.10.3.jar
[2024-06-19T09:38:45.791+0000] {docker.py:413} INFO - 24/06/19 09:38:45 INFO Executor: Fetching spark://localhost:42705/jars/commons-logging_commons-logging-1.1.3.jar with timestamp 1718789924959
[2024-06-19T09:38:45.831+0000] {docker.py:413} INFO - 24/06/19 09:38:45 INFO TransportClientFactory: Successfully created connection to localhost/127.0.0.1:42705 after 24 ms (0 ms spent in bootstraps)
[2024-06-19T09:38:45.838+0000] {docker.py:413} INFO - 24/06/19 09:38:45 INFO Utils: Fetching spark://localhost:42705/jars/commons-logging_commons-logging-1.1.3.jar to /tmp/spark-44157d49-1bf7-4894-9617-123bc3d801d1/userFiles-ee581d28-2755-48fb-bf5d-1aaf821bf798/fetchFileTemp213213567578845474.tmp
[2024-06-19T09:38:45.856+0000] {docker.py:413} INFO - 24/06/19 09:38:45 INFO Utils: /tmp/spark-44157d49-1bf7-4894-9617-123bc3d801d1/userFiles-ee581d28-2755-48fb-bf5d-1aaf821bf798/fetchFileTemp213213567578845474.tmp has been previously copied to /tmp/spark-44157d49-1bf7-4894-9617-123bc3d801d1/userFiles-ee581d28-2755-48fb-bf5d-1aaf821bf798/commons-logging_commons-logging-1.1.3.jar
[2024-06-19T09:38:45.860+0000] {docker.py:413} INFO - 24/06/19 09:38:45 INFO Executor: Adding file:/tmp/spark-44157d49-1bf7-4894-9617-123bc3d801d1/userFiles-ee581d28-2755-48fb-bf5d-1aaf821bf798/commons-logging_commons-logging-1.1.3.jar to class loader default
[2024-06-19T09:38:45.861+0000] {docker.py:413} INFO - 24/06/19 09:38:45 INFO Executor: Fetching spark://localhost:42705/jars/org.apache.hadoop_hadoop-client-runtime-3.3.4.jar with timestamp 1718789924959
[2024-06-19T09:38:45.862+0000] {docker.py:413} INFO - 24/06/19 09:38:45 INFO Utils: Fetching spark://localhost:42705/jars/org.apache.hadoop_hadoop-client-runtime-3.3.4.jar to /tmp/spark-44157d49-1bf7-4894-9617-123bc3d801d1/userFiles-ee581d28-2755-48fb-bf5d-1aaf821bf798/fetchFileTemp15817133638641012248.tmp
[2024-06-19T09:38:45.944+0000] {docker.py:413} INFO - 24/06/19 09:38:45 INFO Utils: /tmp/spark-44157d49-1bf7-4894-9617-123bc3d801d1/userFiles-ee581d28-2755-48fb-bf5d-1aaf821bf798/fetchFileTemp15817133638641012248.tmp has been previously copied to /tmp/spark-44157d49-1bf7-4894-9617-123bc3d801d1/userFiles-ee581d28-2755-48fb-bf5d-1aaf821bf798/org.apache.hadoop_hadoop-client-runtime-3.3.4.jar
[2024-06-19T09:38:45.948+0000] {docker.py:413} INFO - 24/06/19 09:38:45 INFO Executor: Adding file:/tmp/spark-44157d49-1bf7-4894-9617-123bc3d801d1/userFiles-ee581d28-2755-48fb-bf5d-1aaf821bf798/org.apache.hadoop_hadoop-client-runtime-3.3.4.jar to class loader default
[2024-06-19T09:38:45.949+0000] {docker.py:413} INFO - 24/06/19 09:38:45 INFO Executor: Fetching spark://localhost:42705/jars/org.slf4j_slf4j-api-2.0.7.jar with timestamp 1718789924959
[2024-06-19T09:38:45.950+0000] {docker.py:413} INFO - 24/06/19 09:38:45 INFO Utils: Fetching spark://localhost:42705/jars/org.slf4j_slf4j-api-2.0.7.jar to /tmp/spark-44157d49-1bf7-4894-9617-123bc3d801d1/userFiles-ee581d28-2755-48fb-bf5d-1aaf821bf798/fetchFileTemp2546395796979295180.tmp
[2024-06-19T09:38:45.950+0000] {docker.py:413} INFO - 24/06/19 09:38:45 INFO Utils: /tmp/spark-44157d49-1bf7-4894-9617-123bc3d801d1/userFiles-ee581d28-2755-48fb-bf5d-1aaf821bf798/fetchFileTemp2546395796979295180.tmp has been previously copied to /tmp/spark-44157d49-1bf7-4894-9617-123bc3d801d1/userFiles-ee581d28-2755-48fb-bf5d-1aaf821bf798/org.slf4j_slf4j-api-2.0.7.jar
[2024-06-19T09:38:45.952+0000] {docker.py:413} INFO - 24/06/19 09:38:45 INFO Executor: Adding file:/tmp/spark-44157d49-1bf7-4894-9617-123bc3d801d1/userFiles-ee581d28-2755-48fb-bf5d-1aaf821bf798/org.slf4j_slf4j-api-2.0.7.jar to class loader default
[2024-06-19T09:38:45.953+0000] {docker.py:413} INFO - 24/06/19 09:38:45 INFO Executor: Fetching spark://localhost:42705/jars/org.apache.spark_spark-token-provider-kafka-0-10_2.12-3.5.0.jar with timestamp 1718789924959
[2024-06-19T09:38:45.953+0000] {docker.py:413} INFO - 24/06/19 09:38:45 INFO Utils: Fetching spark://localhost:42705/jars/org.apache.spark_spark-token-provider-kafka-0-10_2.12-3.5.0.jar to /tmp/spark-44157d49-1bf7-4894-9617-123bc3d801d1/userFiles-ee581d28-2755-48fb-bf5d-1aaf821bf798/fetchFileTemp17271988917689095672.tmp
[2024-06-19T09:38:45.954+0000] {docker.py:413} INFO - 24/06/19 09:38:45 INFO Utils: /tmp/spark-44157d49-1bf7-4894-9617-123bc3d801d1/userFiles-ee581d28-2755-48fb-bf5d-1aaf821bf798/fetchFileTemp17271988917689095672.tmp has been previously copied to /tmp/spark-44157d49-1bf7-4894-9617-123bc3d801d1/userFiles-ee581d28-2755-48fb-bf5d-1aaf821bf798/org.apache.spark_spark-token-provider-kafka-0-10_2.12-3.5.0.jar
[2024-06-19T09:38:45.956+0000] {docker.py:413} INFO - 24/06/19 09:38:45 INFO Executor: Adding file:/tmp/spark-44157d49-1bf7-4894-9617-123bc3d801d1/userFiles-ee581d28-2755-48fb-bf5d-1aaf821bf798/org.apache.spark_spark-token-provider-kafka-0-10_2.12-3.5.0.jar to class loader default
[2024-06-19T09:38:45.957+0000] {docker.py:413} INFO - 24/06/19 09:38:45 INFO Executor: Fetching spark://localhost:42705/jars/org.postgresql_postgresql-42.5.4.jar with timestamp 1718789924959
[2024-06-19T09:38:45.961+0000] {docker.py:413} INFO - 24/06/19 09:38:45 INFO Utils: Fetching spark://localhost:42705/jars/org.postgresql_postgresql-42.5.4.jar to /tmp/spark-44157d49-1bf7-4894-9617-123bc3d801d1/userFiles-ee581d28-2755-48fb-bf5d-1aaf821bf798/fetchFileTemp3738399707071521060.tmp
[2024-06-19T09:38:45.962+0000] {docker.py:413} INFO - 24/06/19 09:38:45 INFO Utils: /tmp/spark-44157d49-1bf7-4894-9617-123bc3d801d1/userFiles-ee581d28-2755-48fb-bf5d-1aaf821bf798/fetchFileTemp3738399707071521060.tmp has been previously copied to /tmp/spark-44157d49-1bf7-4894-9617-123bc3d801d1/userFiles-ee581d28-2755-48fb-bf5d-1aaf821bf798/org.postgresql_postgresql-42.5.4.jar
[2024-06-19T09:38:45.964+0000] {docker.py:413} INFO - 24/06/19 09:38:45 INFO Executor: Adding file:/tmp/spark-44157d49-1bf7-4894-9617-123bc3d801d1/userFiles-ee581d28-2755-48fb-bf5d-1aaf821bf798/org.postgresql_postgresql-42.5.4.jar to class loader default
[2024-06-19T09:38:45.965+0000] {docker.py:413} INFO - 24/06/19 09:38:45 INFO Executor: Fetching spark://localhost:42705/jars/org.checkerframework_checker-qual-3.5.0.jar with timestamp 1718789924959
[2024-06-19T09:38:45.966+0000] {docker.py:413} INFO - 24/06/19 09:38:45 INFO Utils: Fetching spark://localhost:42705/jars/org.checkerframework_checker-qual-3.5.0.jar to /tmp/spark-44157d49-1bf7-4894-9617-123bc3d801d1/userFiles-ee581d28-2755-48fb-bf5d-1aaf821bf798/fetchFileTemp1758769270184951710.tmp
[2024-06-19T09:38:45.967+0000] {docker.py:413} INFO - 24/06/19 09:38:45 INFO Utils: /tmp/spark-44157d49-1bf7-4894-9617-123bc3d801d1/userFiles-ee581d28-2755-48fb-bf5d-1aaf821bf798/fetchFileTemp1758769270184951710.tmp has been previously copied to /tmp/spark-44157d49-1bf7-4894-9617-123bc3d801d1/userFiles-ee581d28-2755-48fb-bf5d-1aaf821bf798/org.checkerframework_checker-qual-3.5.0.jar
[2024-06-19T09:38:45.970+0000] {docker.py:413} INFO - 24/06/19 09:38:45 INFO Executor: Adding file:/tmp/spark-44157d49-1bf7-4894-9617-123bc3d801d1/userFiles-ee581d28-2755-48fb-bf5d-1aaf821bf798/org.checkerframework_checker-qual-3.5.0.jar to class loader default
[2024-06-19T09:38:45.971+0000] {docker.py:413} INFO - 24/06/19 09:38:45 INFO Executor: Fetching spark://localhost:42705/jars/org.apache.spark_spark-sql-kafka-0-10_2.12-3.5.0.jar with timestamp 1718789924959
[2024-06-19T09:38:45.971+0000] {docker.py:413} INFO - 24/06/19 09:38:45 INFO Utils: Fetching spark://localhost:42705/jars/org.apache.spark_spark-sql-kafka-0-10_2.12-3.5.0.jar to /tmp/spark-44157d49-1bf7-4894-9617-123bc3d801d1/userFiles-ee581d28-2755-48fb-bf5d-1aaf821bf798/fetchFileTemp16623270273522950708.tmp
[2024-06-19T09:38:45.975+0000] {docker.py:413} INFO - 24/06/19 09:38:45 INFO Utils: /tmp/spark-44157d49-1bf7-4894-9617-123bc3d801d1/userFiles-ee581d28-2755-48fb-bf5d-1aaf821bf798/fetchFileTemp16623270273522950708.tmp has been previously copied to /tmp/spark-44157d49-1bf7-4894-9617-123bc3d801d1/userFiles-ee581d28-2755-48fb-bf5d-1aaf821bf798/org.apache.spark_spark-sql-kafka-0-10_2.12-3.5.0.jar
[2024-06-19T09:38:45.979+0000] {docker.py:413} INFO - 24/06/19 09:38:45 INFO Executor: Adding file:/tmp/spark-44157d49-1bf7-4894-9617-123bc3d801d1/userFiles-ee581d28-2755-48fb-bf5d-1aaf821bf798/org.apache.spark_spark-sql-kafka-0-10_2.12-3.5.0.jar to class loader default
[2024-06-19T09:38:45.980+0000] {docker.py:413} INFO - 24/06/19 09:38:45 INFO Executor: Fetching spark://localhost:42705/jars/org.lz4_lz4-java-1.8.0.jar with timestamp 1718789924959
[2024-06-19T09:38:45.981+0000] {docker.py:413} INFO - 24/06/19 09:38:45 INFO Utils: Fetching spark://localhost:42705/jars/org.lz4_lz4-java-1.8.0.jar to /tmp/spark-44157d49-1bf7-4894-9617-123bc3d801d1/userFiles-ee581d28-2755-48fb-bf5d-1aaf821bf798/fetchFileTemp16152492734786187007.tmp
[2024-06-19T09:38:45.983+0000] {docker.py:413} INFO - 24/06/19 09:38:45 INFO Utils: /tmp/spark-44157d49-1bf7-4894-9617-123bc3d801d1/userFiles-ee581d28-2755-48fb-bf5d-1aaf821bf798/fetchFileTemp16152492734786187007.tmp has been previously copied to /tmp/spark-44157d49-1bf7-4894-9617-123bc3d801d1/userFiles-ee581d28-2755-48fb-bf5d-1aaf821bf798/org.lz4_lz4-java-1.8.0.jar
[2024-06-19T09:38:45.987+0000] {docker.py:413} INFO - 24/06/19 09:38:45 INFO Executor: Adding file:/tmp/spark-44157d49-1bf7-4894-9617-123bc3d801d1/userFiles-ee581d28-2755-48fb-bf5d-1aaf821bf798/org.lz4_lz4-java-1.8.0.jar to class loader default
[2024-06-19T09:38:45.988+0000] {docker.py:413} INFO - 24/06/19 09:38:45 INFO Executor: Fetching spark://localhost:42705/jars/org.apache.kafka_kafka-clients-3.4.1.jar with timestamp 1718789924959
[2024-06-19T09:38:45.989+0000] {docker.py:413} INFO - 24/06/19 09:38:45 INFO Utils: Fetching spark://localhost:42705/jars/org.apache.kafka_kafka-clients-3.4.1.jar to /tmp/spark-44157d49-1bf7-4894-9617-123bc3d801d1/userFiles-ee581d28-2755-48fb-bf5d-1aaf821bf798/fetchFileTemp5411292913485692457.tmp
[2024-06-19T09:38:45.997+0000] {docker.py:413} INFO - 24/06/19 09:38:45 INFO Utils: /tmp/spark-44157d49-1bf7-4894-9617-123bc3d801d1/userFiles-ee581d28-2755-48fb-bf5d-1aaf821bf798/fetchFileTemp5411292913485692457.tmp has been previously copied to /tmp/spark-44157d49-1bf7-4894-9617-123bc3d801d1/userFiles-ee581d28-2755-48fb-bf5d-1aaf821bf798/org.apache.kafka_kafka-clients-3.4.1.jar
[2024-06-19T09:38:45.999+0000] {docker.py:413} INFO - 24/06/19 09:38:45 INFO Executor: Adding file:/tmp/spark-44157d49-1bf7-4894-9617-123bc3d801d1/userFiles-ee581d28-2755-48fb-bf5d-1aaf821bf798/org.apache.kafka_kafka-clients-3.4.1.jar to class loader default
[2024-06-19T09:38:46.000+0000] {docker.py:413} INFO - 24/06/19 09:38:45 INFO Executor: Fetching spark://localhost:42705/jars/org.xerial.snappy_snappy-java-1.1.10.3.jar with timestamp 1718789924959
[2024-06-19T09:38:46.000+0000] {docker.py:413} INFO - 24/06/19 09:38:45 INFO Utils: Fetching spark://localhost:42705/jars/org.xerial.snappy_snappy-java-1.1.10.3.jar to /tmp/spark-44157d49-1bf7-4894-9617-123bc3d801d1/userFiles-ee581d28-2755-48fb-bf5d-1aaf821bf798/fetchFileTemp3676366480748330559.tmp
[2024-06-19T09:38:46.005+0000] {docker.py:413} INFO - 24/06/19 09:38:46 INFO Utils: /tmp/spark-44157d49-1bf7-4894-9617-123bc3d801d1/userFiles-ee581d28-2755-48fb-bf5d-1aaf821bf798/fetchFileTemp3676366480748330559.tmp has been previously copied to /tmp/spark-44157d49-1bf7-4894-9617-123bc3d801d1/userFiles-ee581d28-2755-48fb-bf5d-1aaf821bf798/org.xerial.snappy_snappy-java-1.1.10.3.jar
[2024-06-19T09:38:46.008+0000] {docker.py:413} INFO - 24/06/19 09:38:46 INFO Executor: Adding file:/tmp/spark-44157d49-1bf7-4894-9617-123bc3d801d1/userFiles-ee581d28-2755-48fb-bf5d-1aaf821bf798/org.xerial.snappy_snappy-java-1.1.10.3.jar to class loader default
[2024-06-19T09:38:46.009+0000] {docker.py:413} INFO - 24/06/19 09:38:46 INFO Executor: Fetching spark://localhost:42705/jars/com.google.code.findbugs_jsr305-3.0.0.jar with timestamp 1718789924959
[2024-06-19T09:38:46.010+0000] {docker.py:413} INFO - 24/06/19 09:38:46 INFO Utils: Fetching spark://localhost:42705/jars/com.google.code.findbugs_jsr305-3.0.0.jar to /tmp/spark-44157d49-1bf7-4894-9617-123bc3d801d1/userFiles-ee581d28-2755-48fb-bf5d-1aaf821bf798/fetchFileTemp10368905141963284198.tmp
[2024-06-19T09:38:46.010+0000] {docker.py:413} INFO - 24/06/19 09:38:46 INFO Utils: /tmp/spark-44157d49-1bf7-4894-9617-123bc3d801d1/userFiles-ee581d28-2755-48fb-bf5d-1aaf821bf798/fetchFileTemp10368905141963284198.tmp has been previously copied to /tmp/spark-44157d49-1bf7-4894-9617-123bc3d801d1/userFiles-ee581d28-2755-48fb-bf5d-1aaf821bf798/com.google.code.findbugs_jsr305-3.0.0.jar
[2024-06-19T09:38:46.012+0000] {docker.py:413} INFO - 24/06/19 09:38:46 INFO Executor: Adding file:/tmp/spark-44157d49-1bf7-4894-9617-123bc3d801d1/userFiles-ee581d28-2755-48fb-bf5d-1aaf821bf798/com.google.code.findbugs_jsr305-3.0.0.jar to class loader default
[2024-06-19T09:38:46.013+0000] {docker.py:413} INFO - 24/06/19 09:38:46 INFO Executor: Fetching spark://localhost:42705/jars/org.apache.commons_commons-pool2-2.11.1.jar with timestamp 1718789924959
[2024-06-19T09:38:46.013+0000] {docker.py:413} INFO - 24/06/19 09:38:46 INFO Utils: Fetching spark://localhost:42705/jars/org.apache.commons_commons-pool2-2.11.1.jar to /tmp/spark-44157d49-1bf7-4894-9617-123bc3d801d1/userFiles-ee581d28-2755-48fb-bf5d-1aaf821bf798/fetchFileTemp16607751587106983396.tmp
[2024-06-19T09:38:46.014+0000] {docker.py:413} INFO - 24/06/19 09:38:46 INFO Utils: /tmp/spark-44157d49-1bf7-4894-9617-123bc3d801d1/userFiles-ee581d28-2755-48fb-bf5d-1aaf821bf798/fetchFileTemp16607751587106983396.tmp has been previously copied to /tmp/spark-44157d49-1bf7-4894-9617-123bc3d801d1/userFiles-ee581d28-2755-48fb-bf5d-1aaf821bf798/org.apache.commons_commons-pool2-2.11.1.jar
[2024-06-19T09:38:46.017+0000] {docker.py:413} INFO - 24/06/19 09:38:46 INFO Executor: Adding file:/tmp/spark-44157d49-1bf7-4894-9617-123bc3d801d1/userFiles-ee581d28-2755-48fb-bf5d-1aaf821bf798/org.apache.commons_commons-pool2-2.11.1.jar to class loader default
[2024-06-19T09:38:46.017+0000] {docker.py:413} INFO - 24/06/19 09:38:46 INFO Executor: Fetching spark://localhost:42705/jars/org.apache.hadoop_hadoop-client-api-3.3.4.jar with timestamp 1718789924959
[2024-06-19T09:38:46.018+0000] {docker.py:413} INFO - 24/06/19 09:38:46 INFO Utils: Fetching spark://localhost:42705/jars/org.apache.hadoop_hadoop-client-api-3.3.4.jar to /tmp/spark-44157d49-1bf7-4894-9617-123bc3d801d1/userFiles-ee581d28-2755-48fb-bf5d-1aaf821bf798/fetchFileTemp2333773986849146197.tmp
[2024-06-19T09:38:46.063+0000] {docker.py:413} INFO - 24/06/19 09:38:46 INFO Utils: /tmp/spark-44157d49-1bf7-4894-9617-123bc3d801d1/userFiles-ee581d28-2755-48fb-bf5d-1aaf821bf798/fetchFileTemp2333773986849146197.tmp has been previously copied to /tmp/spark-44157d49-1bf7-4894-9617-123bc3d801d1/userFiles-ee581d28-2755-48fb-bf5d-1aaf821bf798/org.apache.hadoop_hadoop-client-api-3.3.4.jar
[2024-06-19T09:38:46.066+0000] {docker.py:413} INFO - 24/06/19 09:38:46 INFO Executor: Adding file:/tmp/spark-44157d49-1bf7-4894-9617-123bc3d801d1/userFiles-ee581d28-2755-48fb-bf5d-1aaf821bf798/org.apache.hadoop_hadoop-client-api-3.3.4.jar to class loader default
[2024-06-19T09:38:46.073+0000] {docker.py:413} INFO - 24/06/19 09:38:46 INFO Utils: Successfully started service 'org.apache.spark.network.netty.NettyBlockTransferService' on port 45305.
[2024-06-19T09:38:46.076+0000] {docker.py:413} INFO - 24/06/19 09:38:46 INFO NettyBlockTransferService: Server created on localhost:45305
[2024-06-19T09:38:46.077+0000] {docker.py:413} INFO - 24/06/19 09:38:46 INFO BlockManager: Using org.apache.spark.storage.RandomBlockReplicationPolicy for block replication policy
[2024-06-19T09:38:46.082+0000] {docker.py:413} INFO - 24/06/19 09:38:46 INFO BlockManagerMaster: Registering BlockManager BlockManagerId(driver, localhost, 45305, None)
[2024-06-19T09:38:46.087+0000] {docker.py:413} INFO - 24/06/19 09:38:46 INFO BlockManagerMasterEndpoint: Registering block manager localhost:45305 with 434.4 MiB RAM, BlockManagerId(driver, localhost, 45305, None)
[2024-06-19T09:38:46.089+0000] {docker.py:413} INFO - 24/06/19 09:38:46 INFO BlockManagerMaster: Registered BlockManager BlockManagerId(driver, localhost, 45305, None)
[2024-06-19T09:38:46.091+0000] {docker.py:413} INFO - 24/06/19 09:38:46 INFO BlockManager: Initialized BlockManager: BlockManagerId(driver, localhost, 45305, None)
[2024-06-19T09:38:46.463+0000] {docker.py:413} INFO - 2024-06-19 09:38:46,461:create_spark_session:INFO:Spark session created successfully
[2024-06-19T09:38:46.467+0000] {docker.py:413} INFO - 24/06/19 09:38:46 INFO SharedState: Setting hive.metastore.warehouse.dir ('null') to the value of spark.sql.warehouse.dir.
[2024-06-19T09:38:46.468+0000] {docker.py:413} INFO - 24/06/19 09:38:46 INFO SharedState: Warehouse path is 'file:/opt/bitnami/spark/spark-warehouse'.
[2024-06-19T09:38:47.476+0000] {docker.py:413} INFO - 2024-06-19 09:38:47,475:create_initial_dataframe:INFO:Initial dataframe created successfully
[2024-06-19T09:38:47.497+0000] {docker.py:413} INFO - 2024-06-19 09:38:47,495:create_initial_dataframe:INFO:Initial dataframe created successfully
[2024-06-19T09:38:47.527+0000] {docker.py:413} INFO - 2024-06-19 09:38:47,520:create_initial_dataframe:INFO:Initial dataframe created successfully
[2024-06-19T09:38:47.837+0000] {docker.py:413} INFO - 24/06/19 09:38:47 WARN SparkStringUtils: Truncated the string representation of a plan since it was too large. This behavior can be adjusted by setting 'spark.sql.debug.maxToStringFields'.
[2024-06-19T09:38:48.129+0000] {docker.py:413} INFO - 2024-06-19 09:38:48,124:start_streaming:INFO:Start streaming into {keys}
[2024-06-19T09:38:48.447+0000] {docker.py:413} INFO - Traceback (most recent call last):
  File "/opt/bitnami/spark/spark_streaming.py", line 153, in <module>
[2024-06-19T09:38:48.451+0000] {docker.py:413} INFO - write_to_postgres()
  File "/opt/bitnami/spark/spark_streaming.py", line 149, in write_to_postgres
    start_streaming(df_final, spark=spark)
  File "/opt/bitnami/spark/spark_streaming.py", line 137, in start_streaming
    query = df.write.jdbc(
            ^^^^^^^^
  File "/opt/bitnami/spark/python/lib/pyspark.zip/pyspark/sql/dataframe.py", line 509, in write
[2024-06-19T09:38:48.458+0000] {docker.py:413} INFO - File "/opt/bitnami/spark/python/lib/pyspark.zip/pyspark/sql/readwriter.py", line 964, in __init__
  File "/opt/bitnami/spark/python/lib/py4j-0.10.9.7-src.zip/py4j/java_gateway.py", line 1322, in __call__
  File "/opt/bitnami/spark/python/lib/pyspark.zip/pyspark/errors/exceptions/captured.py", line 185, in deco
pyspark.errors.exceptions.captured.AnalysisException
[2024-06-19T09:38:48.467+0000] {docker.py:413} INFO - : [CALL_ON_STREAMING_DATASET_UNSUPPORTED] The method `write` can not be called on streaming Dataset/DataFrame.
[2024-06-19T09:38:48.471+0000] {docker.py:413} INFO - 2024-06-19 09:38:48,466:close:INFO:Closing down clientserver connection
[2024-06-19T09:38:48.530+0000] {docker.py:413} INFO - 24/06/19 09:38:48 INFO SparkContext: Invoking stop() from shutdown hook
24/06/19 09:38:48 INFO SparkContext: SparkContext is stopping with exitCode 0.
[2024-06-19T09:38:48.552+0000] {docker.py:413} INFO - 24/06/19 09:38:48 INFO SparkUI: Stopped Spark web UI at http://localhost:4040
[2024-06-19T09:38:48.570+0000] {docker.py:413} INFO - 24/06/19 09:38:48 INFO MapOutputTrackerMasterEndpoint: MapOutputTrackerMasterEndpoint stopped!
[2024-06-19T09:38:48.598+0000] {docker.py:413} INFO - 24/06/19 09:38:48 INFO MemoryStore: MemoryStore cleared
24/06/19 09:38:48 INFO BlockManager: BlockManager stopped
[2024-06-19T09:38:48.607+0000] {docker.py:413} INFO - 24/06/19 09:38:48 INFO BlockManagerMaster: BlockManagerMaster stopped
[2024-06-19T09:38:48.611+0000] {docker.py:413} INFO - 24/06/19 09:38:48 INFO OutputCommitCoordinator$OutputCommitCoordinatorEndpoint: OutputCommitCoordinator stopped!
[2024-06-19T09:38:48.660+0000] {docker.py:413} INFO - 24/06/19 09:38:48 INFO SparkContext: Successfully stopped SparkContext
[2024-06-19T09:38:48.664+0000] {docker.py:413} INFO - 24/06/19 09:38:48 INFO ShutdownHookManager: Shutdown hook called
[2024-06-19T09:38:48.664+0000] {docker.py:413} INFO - 24/06/19 09:38:48 INFO ShutdownHookManager: Deleting directory /tmp/spark-44157d49-1bf7-4894-9617-123bc3d801d1
[2024-06-19T09:38:48.666+0000] {docker.py:413} INFO - 24/06/19 09:38:48 INFO ShutdownHookManager: Deleting directory /tmp/spark-44157d49-1bf7-4894-9617-123bc3d801d1/pyspark-eae19a87-da45-4d00-bf73-c1fab6aec032
[2024-06-19T09:38:48.667+0000] {docker.py:413} INFO - 24/06/19 09:38:48 INFO ShutdownHookManager: Deleting directory /tmp/spark-6ebb5790-4263-4207-a0e0-06e9c7a5c4df
[2024-06-19T09:38:49.475+0000] {taskinstance.py:1937} ERROR - Task failed with exception
Traceback (most recent call last):
  File "/home/airflow/.local/lib/python3.8/site-packages/docker/api/client.py", line 268, in _raise_for_status
    response.raise_for_status()
  File "/home/airflow/.local/lib/python3.8/site-packages/requests/models.py", line 1021, in raise_for_status
    raise HTTPError(http_error_msg, response=self)
requests.exceptions.HTTPError: 400 Client Error: Bad Request for url: http://docker-proxy:2375/v1.44/containers/create

The above exception was the direct cause of the following exception:

Traceback (most recent call last):
  File "/home/airflow/.local/lib/python3.8/site-packages/airflow/providers/docker/operators/docker.py", line 348, in _run_image
    return self._run_image_with_mounts([*self.mounts, tmp_mount], add_tmp_variable=True)
  File "/home/airflow/.local/lib/python3.8/site-packages/airflow/providers/docker/operators/docker.py", line 375, in _run_image_with_mounts
    self.container = self.cli.create_container(
  File "/home/airflow/.local/lib/python3.8/site-packages/docker/api/container.py", line 431, in create_container
    return self.create_container_from_config(config, name, platform)
  File "/home/airflow/.local/lib/python3.8/site-packages/docker/api/container.py", line 448, in create_container_from_config
    return self._result(res, True)
  File "/home/airflow/.local/lib/python3.8/site-packages/docker/api/client.py", line 274, in _result
    self._raise_for_status(response)
  File "/home/airflow/.local/lib/python3.8/site-packages/docker/api/client.py", line 270, in _raise_for_status
    raise create_api_error_from_http_exception(e) from e
  File "/home/airflow/.local/lib/python3.8/site-packages/docker/errors.py", line 39, in create_api_error_from_http_exception
    raise cls(e, response=response, explanation=explanation) from e
docker.errors.APIError: 400 Client Error for http://docker-proxy:2375/v1.44/containers/create: Bad Request ("invalid mount config for type "bind": bind source path does not exist: /host_mnt/private/tmp/airflowtmpzs13774_")

During handling of the above exception, another exception occurred:

Traceback (most recent call last):
  File "/home/airflow/.local/lib/python3.8/site-packages/airflow/providers/docker/operators/docker.py", line 486, in execute
    return self._run_image()
  File "/home/airflow/.local/lib/python3.8/site-packages/airflow/providers/docker/operators/docker.py", line 357, in _run_image
    return self._run_image_with_mounts(self.mounts, add_tmp_variable=False)
  File "/home/airflow/.local/lib/python3.8/site-packages/airflow/providers/docker/operators/docker.py", line 421, in _run_image_with_mounts
    raise DockerContainerFailedException(f"Docker container failed: {result!r}", logs=log_lines)
airflow.providers.docker.exceptions.DockerContainerFailedException: Docker container failed: {'StatusCode': 1}
[2024-06-19T09:38:49.520+0000] {taskinstance.py:1400} INFO - Marking task as UP_FOR_RETRY. dag_id=kafka_spark_dag, task_id=pyspark_consumer, execution_date=20240619T093238, start_date=20240619T093743, end_date=20240619T093849
[2024-06-19T09:38:49.553+0000] {standard_task_runner.py:104} ERROR - Failed to execute job 141 for task pyspark_consumer (Docker container failed: {'StatusCode': 1}; 10908)
[2024-06-19T09:38:49.611+0000] {local_task_job_runner.py:228} INFO - Task exited with return code 1
[2024-06-19T09:38:49.692+0000] {taskinstance.py:2778} INFO - 0 downstream tasks scheduled from follow-on schedule check
