[2024-06-19T09:07:21.366+0000] {taskinstance.py:1159} INFO - Dependencies all met for dep_context=non-requeueable deps ti=<TaskInstance: kafka_spark_dag.pyspark_consumer scheduled__2024-06-19T09:01:38.394942+00:00 [queued]>
[2024-06-19T09:07:21.374+0000] {taskinstance.py:1159} INFO - Dependencies all met for dep_context=requeueable deps ti=<TaskInstance: kafka_spark_dag.pyspark_consumer scheduled__2024-06-19T09:01:38.394942+00:00 [queued]>
[2024-06-19T09:07:21.375+0000] {taskinstance.py:1361} INFO - Starting attempt 2 of 2
[2024-06-19T09:07:21.381+0000] {taskinstance.py:1382} INFO - Executing <Task(DockerOperator): pyspark_consumer> on 2024-06-19 09:01:38.394942+00:00
[2024-06-19T09:07:21.384+0000] {standard_task_runner.py:57} INFO - Started process 5634 to run task
[2024-06-19T09:07:21.387+0000] {standard_task_runner.py:84} INFO - Running: ['***', 'tasks', 'run', 'kafka_spark_dag', 'pyspark_consumer', 'scheduled__2024-06-19T09:01:38.394942+00:00', '--job-id', '127', '--raw', '--subdir', 'DAGS_FOLDER/dag_kafka_spark.py', '--cfg-path', '/tmp/tmprkfaefyy']
[2024-06-19T09:07:21.388+0000] {standard_task_runner.py:85} INFO - Job 127: Subtask pyspark_consumer
[2024-06-19T09:07:21.416+0000] {task_command.py:416} INFO - Running <TaskInstance: kafka_spark_dag.pyspark_consumer scheduled__2024-06-19T09:01:38.394942+00:00 [running]> on host 2ad9230613d5
[2024-06-19T09:07:21.453+0000] {taskinstance.py:1662} INFO - Exporting env vars: AIRFLOW_CTX_DAG_OWNER='***' AIRFLOW_CTX_DAG_ID='kafka_spark_dag' AIRFLOW_CTX_TASK_ID='pyspark_consumer' AIRFLOW_CTX_EXECUTION_DATE='2024-06-19T09:01:38.394942+00:00' AIRFLOW_CTX_TRY_NUMBER='2' AIRFLOW_CTX_DAG_RUN_ID='scheduled__2024-06-19T09:01:38.394942+00:00'
[2024-06-19T09:07:21.525+0000] {docker.py:343} INFO - Starting docker container from image rappel-conso/spark:latest
[2024-06-19T09:07:21.575+0000] {docker.py:351} WARNING - Using remote engine or docker-in-docker and mounting temporary volume from host is not supported. Falling back to `mount_tmp_dir=False` mode. You can set `mount_tmp_dir` parameter to False to disable mounting and remove the warning
[2024-06-19T09:07:21.891+0000] {docker.py:413} INFO - [38;5;6mspark [38;5;5m09:07:21.89 [0m[38;5;2mINFO [0m ==>
[2024-06-19T09:07:21.892+0000] {docker.py:413} INFO - [38;5;6mspark [38;5;5m09:07:21.89 [0m[38;5;2mINFO [0m ==> [1mWelcome to the Bitnami spark container[0m
[2024-06-19T09:07:21.893+0000] {docker.py:413} INFO - [38;5;6mspark [38;5;5m09:07:21.89 [0m[38;5;2mINFO [0m ==> Subscribe to project updates by watching [1mhttps://github.com/bitnami/containers[0m
[2024-06-19T09:07:21.893+0000] {docker.py:413} INFO - [38;5;6mspark [38;5;5m09:07:21.89 [0m[38;5;2mINFO [0m ==> Submit issues and feature requests at [1mhttps://github.com/bitnami/containers/issues[0m
[2024-06-19T09:07:21.894+0000] {docker.py:413} INFO - [38;5;6mspark [38;5;5m09:07:21.89 [0m[38;5;2mINFO [0m ==>
[2024-06-19T09:07:21.899+0000] {docker.py:413} INFO - 
[2024-06-19T09:07:22.760+0000] {docker.py:413} INFO - :: loading settings :: url = jar:file:/opt/bitnami/spark/jars/ivy-2.5.1.jar!/org/apache/ivy/core/settings/ivysettings.xml
[2024-06-19T09:07:22.804+0000] {docker.py:413} INFO - Ivy Default Cache set to: /opt/bitnami/spark/.ivy2/cache
The jars for the packages stored in: /opt/bitnami/spark/.ivy2/jars
[2024-06-19T09:07:22.806+0000] {docker.py:413} INFO - org.postgresql#postgresql added as a dependency
org.apache.spark#spark-sql-kafka-0-10_2.12 added as a dependency
[2024-06-19T09:07:22.807+0000] {docker.py:413} INFO - :: resolving dependencies :: org.apache.spark#spark-submit-parent-40d6c1be-6974-44fa-b6f4-9394046edd88;1.0
	confs: [default]
[2024-06-19T09:07:24.258+0000] {docker.py:413} INFO - found org.postgresql#postgresql;42.5.4 in central
[2024-06-19T09:07:24.727+0000] {docker.py:413} INFO - found org.checkerframework#checker-qual;3.5.0 in central
[2024-06-19T09:07:29.255+0000] {docker.py:413} INFO - found org.apache.spark#spark-sql-kafka-0-10_2.12;3.5.0 in central
[2024-06-19T09:07:29.907+0000] {docker.py:413} INFO - found org.apache.spark#spark-token-provider-kafka-0-10_2.12;3.5.0 in central
[2024-06-19T09:07:30.405+0000] {docker.py:413} INFO - found org.apache.kafka#kafka-clients;3.4.1 in central
[2024-06-19T09:07:30.891+0000] {docker.py:413} INFO - found org.lz4#lz4-java;1.8.0 in central
[2024-06-19T09:07:31.389+0000] {docker.py:413} INFO - found org.xerial.snappy#snappy-java;1.1.10.3 in central
[2024-06-19T09:07:33.631+0000] {docker.py:413} INFO - found org.slf4j#slf4j-api;2.0.7 in central
[2024-06-19T09:07:37.647+0000] {docker.py:413} INFO - found org.apache.hadoop#hadoop-client-runtime;3.3.4 in central
[2024-06-19T09:07:38.164+0000] {docker.py:413} INFO - found org.apache.hadoop#hadoop-client-api;3.3.4 in central
[2024-06-19T09:07:42.030+0000] {docker.py:413} INFO - found commons-logging#commons-logging;1.1.3 in central
[2024-06-19T09:07:42.500+0000] {docker.py:413} INFO - found com.google.code.findbugs#jsr305;3.0.0 in central
[2024-06-19T09:07:45.916+0000] {docker.py:413} INFO - found org.apache.commons#commons-pool2;2.11.1 in central
[2024-06-19T09:07:46.162+0000] {docker.py:413} INFO - downloading https://repo1.maven.org/maven2/org/postgresql/postgresql/42.5.4/postgresql-42.5.4.jar ...
[2024-06-19T09:07:46.933+0000] {docker.py:413} INFO - [SUCCESSFUL ] org.postgresql#postgresql;42.5.4!postgresql.jar (996ms)
[2024-06-19T09:07:47.162+0000] {docker.py:413} INFO - downloading https://repo1.maven.org/maven2/org/apache/spark/spark-sql-kafka-0-10_2.12/3.5.0/spark-sql-kafka-0-10_2.12-3.5.0.jar ...
[2024-06-19T09:07:47.425+0000] {docker.py:413} INFO - [SUCCESSFUL ] org.apache.spark#spark-sql-kafka-0-10_2.12;3.5.0!spark-sql-kafka-0-10_2.12.jar (490ms)
[2024-06-19T09:07:47.654+0000] {docker.py:413} INFO - downloading https://repo1.maven.org/maven2/org/checkerframework/checker-qual/3.5.0/checker-qual-3.5.0.jar ...
[2024-06-19T09:07:47.900+0000] {docker.py:413} INFO - [SUCCESSFUL ] org.checkerframework#checker-qual;3.5.0!checker-qual.jar (473ms)
[2024-06-19T09:07:48.122+0000] {docker.py:413} INFO - downloading https://repo1.maven.org/maven2/org/apache/spark/spark-token-provider-kafka-0-10_2.12/3.5.0/spark-token-provider-kafka-0-10_2.12-3.5.0.jar ...
[2024-06-19T09:07:48.350+0000] {docker.py:413} INFO - [SUCCESSFUL ] org.apache.spark#spark-token-provider-kafka-0-10_2.12;3.5.0!spark-token-provider-kafka-0-10_2.12.jar (449ms)
[2024-06-19T09:07:48.578+0000] {docker.py:413} INFO - downloading https://repo1.maven.org/maven2/org/apache/kafka/kafka-clients/3.4.1/kafka-clients-3.4.1.jar ...
[2024-06-19T09:07:49.340+0000] {docker.py:413} INFO - [SUCCESSFUL ] org.apache.kafka#kafka-clients;3.4.1!kafka-clients.jar (989ms)
[2024-06-19T09:07:49.560+0000] {docker.py:413} INFO - downloading https://repo1.maven.org/maven2/com/google/code/findbugs/jsr305/3.0.0/jsr305-3.0.0.jar ...
[2024-06-19T09:07:49.787+0000] {docker.py:413} INFO - [SUCCESSFUL ] com.google.code.findbugs#jsr305;3.0.0!jsr305.jar (444ms)
[2024-06-19T09:07:50.011+0000] {docker.py:413} INFO - downloading https://repo1.maven.org/maven2/org/apache/commons/commons-pool2/2.11.1/commons-pool2-2.11.1.jar ...
[2024-06-19T09:07:50.243+0000] {docker.py:413} INFO - [SUCCESSFUL ] org.apache.commons#commons-pool2;2.11.1!commons-pool2.jar (455ms)
[2024-06-19T09:07:50.468+0000] {docker.py:413} INFO - downloading https://repo1.maven.org/maven2/org/apache/hadoop/hadoop-client-runtime/3.3.4/hadoop-client-runtime-3.3.4.jar ...
[2024-06-19T09:07:52.510+0000] {docker.py:413} INFO - [SUCCESSFUL ] org.apache.hadoop#hadoop-client-runtime;3.3.4!hadoop-client-runtime.jar (2266ms)
[2024-06-19T09:07:52.734+0000] {docker.py:413} INFO - downloading https://repo1.maven.org/maven2/org/lz4/lz4-java/1.8.0/lz4-java-1.8.0.jar ...
[2024-06-19T09:07:52.997+0000] {docker.py:413} INFO - [SUCCESSFUL ] org.lz4#lz4-java;1.8.0!lz4-java.jar (482ms)
[2024-06-19T09:07:53.220+0000] {docker.py:413} INFO - downloading https://repo1.maven.org/maven2/org/xerial/snappy/snappy-java/1.1.10.3/snappy-java-1.1.10.3.jar ...
[2024-06-19T09:07:53.530+0000] {docker.py:413} INFO - [SUCCESSFUL ] org.xerial.snappy#snappy-java;1.1.10.3!snappy-java.jar(bundle) (530ms)
[2024-06-19T09:07:53.758+0000] {docker.py:413} INFO - downloading https://repo1.maven.org/maven2/org/slf4j/slf4j-api/2.0.7/slf4j-api-2.0.7.jar ...
[2024-06-19T09:07:53.984+0000] {docker.py:413} INFO - [SUCCESSFUL ] org.slf4j#slf4j-api;2.0.7!slf4j-api.jar (453ms)
[2024-06-19T09:07:54.206+0000] {docker.py:413} INFO - downloading https://repo1.maven.org/maven2/org/apache/hadoop/hadoop-client-api/3.3.4/hadoop-client-api-3.3.4.jar ...
[2024-06-19T09:07:55.443+0000] {docker.py:413} INFO - [SUCCESSFUL ] org.apache.hadoop#hadoop-client-api;3.3.4!hadoop-client-api.jar (1457ms)
[2024-06-19T09:07:55.666+0000] {docker.py:413} INFO - downloading https://repo1.maven.org/maven2/commons-logging/commons-logging/1.1.3/commons-logging-1.1.3.jar ...
[2024-06-19T09:07:55.889+0000] {docker.py:413} INFO - [SUCCESSFUL ] commons-logging#commons-logging;1.1.3!commons-logging.jar (445ms)
[2024-06-19T09:07:55.890+0000] {docker.py:413} INFO - :: resolution report :: resolve 23127ms :: artifacts dl 9956ms
[2024-06-19T09:07:55.890+0000] {docker.py:413} INFO - :: modules in use:
[2024-06-19T09:07:55.890+0000] {docker.py:413} INFO - com.google.code.findbugs#jsr305;3.0.0 from central in [default]
	commons-logging#commons-logging;1.1.3 from central in [default]
[2024-06-19T09:07:55.890+0000] {docker.py:413} INFO - org.apache.commons#commons-pool2;2.11.1 from central in [default]
	org.apache.hadoop#hadoop-client-api;3.3.4 from central in [default]
	org.apache.hadoop#hadoop-client-runtime;3.3.4 from central in [default]
	org.apache.kafka#kafka-clients;3.4.1 from central in [default]
	org.apache.spark#spark-sql-kafka-0-10_2.12;3.5.0 from central in [default]
	org.apache.spark#spark-token-provider-kafka-0-10_2.12;3.5.0 from central in [default]
	org.checkerframework#checker-qual;3.5.0 from central in [default]
	org.lz4#lz4-java;1.8.0 from central in [default]
	org.postgresql#postgresql;42.5.4 from central in [default]
	org.slf4j#slf4j-api;2.0.7 from central in [default]
[2024-06-19T09:07:55.891+0000] {docker.py:413} INFO - org.xerial.snappy#snappy-java;1.1.10.3 from central in [default]
	---------------------------------------------------------------------
[2024-06-19T09:07:55.891+0000] {docker.py:413} INFO - |                  |            modules            ||   artifacts   |
	|       conf       | number| search|dwnlded|evicted|| number|dwnlded|
	---------------------------------------------------------------------
[2024-06-19T09:07:55.895+0000] {docker.py:413} INFO - |      default     |   13  |   13  |   13  |   0   ||   13  |   13  |
	---------------------------------------------------------------------
[2024-06-19T09:07:55.897+0000] {docker.py:413} INFO - :: retrieving :: org.apache.spark#spark-submit-parent-40d6c1be-6974-44fa-b6f4-9394046edd88
	confs: [default]
[2024-06-19T09:07:55.934+0000] {docker.py:413} INFO - 13 artifacts copied, 0 already retrieved (58001kB/38ms)
[2024-06-19T09:07:56.056+0000] {docker.py:413} INFO - 24/06/19 09:07:56 WARN NativeCodeLoader: Unable to load native-hadoop library for your platform... using builtin-java classes where applicable
[2024-06-19T09:07:57.350+0000] {docker.py:413} INFO - 24/06/19 09:07:57 INFO SparkContext: Running Spark version 3.5.0
24/06/19 09:07:57 INFO SparkContext: OS info Linux, 6.6.12-linuxkit, aarch64
[2024-06-19T09:07:57.353+0000] {docker.py:413} INFO - 24/06/19 09:07:57 INFO SparkContext: Java version 17.0.10
[2024-06-19T09:07:57.363+0000] {docker.py:413} INFO - 24/06/19 09:07:57 INFO ResourceUtils: ==============================================================
[2024-06-19T09:07:57.363+0000] {docker.py:413} INFO - 24/06/19 09:07:57 INFO ResourceUtils: No custom resources configured for spark.driver.
[2024-06-19T09:07:57.364+0000] {docker.py:413} INFO - 24/06/19 09:07:57 INFO ResourceUtils: ==============================================================
[2024-06-19T09:07:57.364+0000] {docker.py:413} INFO - 24/06/19 09:07:57 INFO SparkContext: Submitted application: PostgreSQL Connection with PySpark
[2024-06-19T09:07:57.375+0000] {docker.py:413} INFO - 24/06/19 09:07:57 INFO ResourceProfile: Default ResourceProfile created, executor resources: Map(cores -> name: cores, amount: 1, script: , vendor: , memory -> name: memory, amount: 1024, script: , vendor: , offHeap -> name: offHeap, amount: 0, script: , vendor: ), task resources: Map(cpus -> name: cpus, amount: 1.0)
[2024-06-19T09:07:57.380+0000] {docker.py:413} INFO - 24/06/19 09:07:57 INFO ResourceProfile: Limiting resource is cpu
[2024-06-19T09:07:57.380+0000] {docker.py:413} INFO - 24/06/19 09:07:57 INFO ResourceProfileManager: Added ResourceProfile id: 0
[2024-06-19T09:07:57.412+0000] {docker.py:413} INFO - 24/06/19 09:07:57 INFO SecurityManager: Changing view acls to: spark
[2024-06-19T09:07:57.412+0000] {docker.py:413} INFO - 24/06/19 09:07:57 INFO SecurityManager: Changing modify acls to: spark
[2024-06-19T09:07:57.412+0000] {docker.py:413} INFO - 24/06/19 09:07:57 INFO SecurityManager: Changing view acls groups to:
[2024-06-19T09:07:57.413+0000] {docker.py:413} INFO - 24/06/19 09:07:57 INFO SecurityManager: Changing modify acls groups to:
[2024-06-19T09:07:57.413+0000] {docker.py:413} INFO - 24/06/19 09:07:57 INFO SecurityManager: SecurityManager: authentication disabled; ui acls disabled; users with view permissions: spark; groups with view permissions: EMPTY; users with modify permissions: spark; groups with modify permissions: EMPTY
[2024-06-19T09:07:57.554+0000] {docker.py:413} INFO - 24/06/19 09:07:57 INFO Utils: Successfully started service 'sparkDriver' on port 41779.
[2024-06-19T09:07:57.569+0000] {docker.py:413} INFO - 24/06/19 09:07:57 INFO SparkEnv: Registering MapOutputTracker
[2024-06-19T09:07:57.588+0000] {docker.py:413} INFO - 24/06/19 09:07:57 INFO SparkEnv: Registering BlockManagerMaster
[2024-06-19T09:07:57.597+0000] {docker.py:413} INFO - 24/06/19 09:07:57 INFO BlockManagerMasterEndpoint: Using org.apache.spark.storage.DefaultTopologyMapper for getting topology information
[2024-06-19T09:07:57.597+0000] {docker.py:413} INFO - 24/06/19 09:07:57 INFO BlockManagerMasterEndpoint: BlockManagerMasterEndpoint up
[2024-06-19T09:07:57.599+0000] {docker.py:413} INFO - 24/06/19 09:07:57 INFO SparkEnv: Registering BlockManagerMasterHeartbeat
[2024-06-19T09:07:57.611+0000] {docker.py:413} INFO - 24/06/19 09:07:57 INFO DiskBlockManager: Created local directory at /tmp/blockmgr-648e4fea-722c-43aa-923b-ac992713cf22
[2024-06-19T09:07:57.619+0000] {docker.py:413} INFO - 24/06/19 09:07:57 INFO MemoryStore: MemoryStore started with capacity 434.4 MiB
[2024-06-19T09:07:57.628+0000] {docker.py:413} INFO - 24/06/19 09:07:57 INFO SparkEnv: Registering OutputCommitCoordinator
[2024-06-19T09:07:57.698+0000] {docker.py:413} INFO - 24/06/19 09:07:57 INFO JettyUtils: Start Jetty 0.0.0.0:4040 for SparkUI
[2024-06-19T09:07:57.731+0000] {docker.py:413} INFO - 24/06/19 09:07:57 INFO Utils: Successfully started service 'SparkUI' on port 4040.
[2024-06-19T09:07:57.751+0000] {docker.py:413} INFO - 24/06/19 09:07:57 INFO SparkContext: Added JAR file:///opt/bitnami/spark/.ivy2/jars/org.postgresql_postgresql-42.5.4.jar at spark://localhost:41779/jars/org.postgresql_postgresql-42.5.4.jar with timestamp 1718788077341
24/06/19 09:07:57 INFO SparkContext: Added JAR file:///opt/bitnami/spark/.ivy2/jars/org.apache.spark_spark-sql-kafka-0-10_2.12-3.5.0.jar at spark://localhost:41779/jars/org.apache.spark_spark-sql-kafka-0-10_2.12-3.5.0.jar with timestamp 1718788077341
24/06/19 09:07:57 INFO SparkContext: Added JAR file:///opt/bitnami/spark/.ivy2/jars/org.checkerframework_checker-qual-3.5.0.jar at spark://localhost:41779/jars/org.checkerframework_checker-qual-3.5.0.jar with timestamp 1718788077341
[2024-06-19T09:07:57.751+0000] {docker.py:413} INFO - 24/06/19 09:07:57 INFO SparkContext: Added JAR file:///opt/bitnami/spark/.ivy2/jars/org.apache.spark_spark-token-provider-kafka-0-10_2.12-3.5.0.jar at spark://localhost:41779/jars/org.apache.spark_spark-token-provider-kafka-0-10_2.12-3.5.0.jar with timestamp 1718788077341
[2024-06-19T09:07:57.752+0000] {docker.py:413} INFO - 24/06/19 09:07:57 INFO SparkContext: Added JAR file:///opt/bitnami/spark/.ivy2/jars/org.apache.kafka_kafka-clients-3.4.1.jar at spark://localhost:41779/jars/org.apache.kafka_kafka-clients-3.4.1.jar with timestamp 1718788077341
[2024-06-19T09:07:57.752+0000] {docker.py:413} INFO - 24/06/19 09:07:57 INFO SparkContext: Added JAR file:///opt/bitnami/spark/.ivy2/jars/com.google.code.findbugs_jsr305-3.0.0.jar at spark://localhost:41779/jars/com.google.code.findbugs_jsr305-3.0.0.jar with timestamp 1718788077341
24/06/19 09:07:57 INFO SparkContext: Added JAR file:///opt/bitnami/spark/.ivy2/jars/org.apache.commons_commons-pool2-2.11.1.jar at spark://localhost:41779/jars/org.apache.commons_commons-pool2-2.11.1.jar with timestamp 1718788077341
[2024-06-19T09:07:57.754+0000] {docker.py:413} INFO - 24/06/19 09:07:57 INFO SparkContext: Added JAR file:///opt/bitnami/spark/.ivy2/jars/org.apache.hadoop_hadoop-client-runtime-3.3.4.jar at spark://localhost:41779/jars/org.apache.hadoop_hadoop-client-runtime-3.3.4.jar with timestamp 1718788077341
[2024-06-19T09:07:57.754+0000] {docker.py:413} INFO - 24/06/19 09:07:57 INFO SparkContext: Added JAR file:///opt/bitnami/spark/.ivy2/jars/org.lz4_lz4-java-1.8.0.jar at spark://localhost:41779/jars/org.lz4_lz4-java-1.8.0.jar with timestamp 1718788077341
[2024-06-19T09:07:57.755+0000] {docker.py:413} INFO - 24/06/19 09:07:57 INFO SparkContext: Added JAR file:///opt/bitnami/spark/.ivy2/jars/org.xerial.snappy_snappy-java-1.1.10.3.jar at spark://localhost:41779/jars/org.xerial.snappy_snappy-java-1.1.10.3.jar with timestamp 1718788077341
24/06/19 09:07:57 INFO SparkContext: Added JAR file:///opt/bitnami/spark/.ivy2/jars/org.slf4j_slf4j-api-2.0.7.jar at spark://localhost:41779/jars/org.slf4j_slf4j-api-2.0.7.jar with timestamp 1718788077341
24/06/19 09:07:57 INFO SparkContext: Added JAR file:///opt/bitnami/spark/.ivy2/jars/org.apache.hadoop_hadoop-client-api-3.3.4.jar at spark://localhost:41779/jars/org.apache.hadoop_hadoop-client-api-3.3.4.jar with timestamp 1718788077341
24/06/19 09:07:57 INFO SparkContext: Added JAR file:///opt/bitnami/spark/.ivy2/jars/commons-logging_commons-logging-1.1.3.jar at spark://localhost:41779/jars/commons-logging_commons-logging-1.1.3.jar with timestamp 1718788077341
[2024-06-19T09:07:57.755+0000] {docker.py:413} INFO - 24/06/19 09:07:57 INFO SparkContext: Added file file:///opt/bitnami/spark/.ivy2/jars/org.postgresql_postgresql-42.5.4.jar at file:///opt/bitnami/spark/.ivy2/jars/org.postgresql_postgresql-42.5.4.jar with timestamp 1718788077341
[2024-06-19T09:07:57.755+0000] {docker.py:413} INFO - 24/06/19 09:07:57 INFO Utils: Copying /opt/bitnami/spark/.ivy2/jars/org.postgresql_postgresql-42.5.4.jar to /tmp/spark-4cf35f84-4fb5-4ae6-81bd-23d905e5b274/userFiles-a150367b-a2e3-4015-9b5e-bf3f670eaf5b/org.postgresql_postgresql-42.5.4.jar
[2024-06-19T09:07:57.764+0000] {docker.py:413} INFO - 24/06/19 09:07:57 INFO SparkContext: Added file file:///opt/bitnami/spark/.ivy2/jars/org.apache.spark_spark-sql-kafka-0-10_2.12-3.5.0.jar at file:///opt/bitnami/spark/.ivy2/jars/org.apache.spark_spark-sql-kafka-0-10_2.12-3.5.0.jar with timestamp 1718788077341
24/06/19 09:07:57 INFO Utils: Copying /opt/bitnami/spark/.ivy2/jars/org.apache.spark_spark-sql-kafka-0-10_2.12-3.5.0.jar to /tmp/spark-4cf35f84-4fb5-4ae6-81bd-23d905e5b274/userFiles-a150367b-a2e3-4015-9b5e-bf3f670eaf5b/org.apache.spark_spark-sql-kafka-0-10_2.12-3.5.0.jar
[2024-06-19T09:07:57.768+0000] {docker.py:413} INFO - 24/06/19 09:07:57 INFO SparkContext: Added file file:///opt/bitnami/spark/.ivy2/jars/org.checkerframework_checker-qual-3.5.0.jar at file:///opt/bitnami/spark/.ivy2/jars/org.checkerframework_checker-qual-3.5.0.jar with timestamp 1718788077341
[2024-06-19T09:07:57.768+0000] {docker.py:413} INFO - 24/06/19 09:07:57 INFO Utils: Copying /opt/bitnami/spark/.ivy2/jars/org.checkerframework_checker-qual-3.5.0.jar to /tmp/spark-4cf35f84-4fb5-4ae6-81bd-23d905e5b274/userFiles-a150367b-a2e3-4015-9b5e-bf3f670eaf5b/org.checkerframework_checker-qual-3.5.0.jar
[2024-06-19T09:07:57.770+0000] {docker.py:413} INFO - 24/06/19 09:07:57 INFO SparkContext: Added file file:///opt/bitnami/spark/.ivy2/jars/org.apache.spark_spark-token-provider-kafka-0-10_2.12-3.5.0.jar at file:///opt/bitnami/spark/.ivy2/jars/org.apache.spark_spark-token-provider-kafka-0-10_2.12-3.5.0.jar with timestamp 1718788077341
[2024-06-19T09:07:57.770+0000] {docker.py:413} INFO - 24/06/19 09:07:57 INFO Utils: Copying /opt/bitnami/spark/.ivy2/jars/org.apache.spark_spark-token-provider-kafka-0-10_2.12-3.5.0.jar to /tmp/spark-4cf35f84-4fb5-4ae6-81bd-23d905e5b274/userFiles-a150367b-a2e3-4015-9b5e-bf3f670eaf5b/org.apache.spark_spark-token-provider-kafka-0-10_2.12-3.5.0.jar
[2024-06-19T09:07:57.772+0000] {docker.py:413} INFO - 24/06/19 09:07:57 INFO SparkContext: Added file file:///opt/bitnami/spark/.ivy2/jars/org.apache.kafka_kafka-clients-3.4.1.jar at file:///opt/bitnami/spark/.ivy2/jars/org.apache.kafka_kafka-clients-3.4.1.jar with timestamp 1718788077341
[2024-06-19T09:07:57.772+0000] {docker.py:413} INFO - 24/06/19 09:07:57 INFO Utils: Copying /opt/bitnami/spark/.ivy2/jars/org.apache.kafka_kafka-clients-3.4.1.jar to /tmp/spark-4cf35f84-4fb5-4ae6-81bd-23d905e5b274/userFiles-a150367b-a2e3-4015-9b5e-bf3f670eaf5b/org.apache.kafka_kafka-clients-3.4.1.jar
[2024-06-19T09:07:57.780+0000] {docker.py:413} INFO - 24/06/19 09:07:57 INFO SparkContext: Added file file:///opt/bitnami/spark/.ivy2/jars/com.google.code.findbugs_jsr305-3.0.0.jar at file:///opt/bitnami/spark/.ivy2/jars/com.google.code.findbugs_jsr305-3.0.0.jar with timestamp 1718788077341
[2024-06-19T09:07:57.780+0000] {docker.py:413} INFO - 24/06/19 09:07:57 INFO Utils: Copying /opt/bitnami/spark/.ivy2/jars/com.google.code.findbugs_jsr305-3.0.0.jar to /tmp/spark-4cf35f84-4fb5-4ae6-81bd-23d905e5b274/userFiles-a150367b-a2e3-4015-9b5e-bf3f670eaf5b/com.google.code.findbugs_jsr305-3.0.0.jar
[2024-06-19T09:07:57.782+0000] {docker.py:413} INFO - 24/06/19 09:07:57 INFO SparkContext: Added file file:///opt/bitnami/spark/.ivy2/jars/org.apache.commons_commons-pool2-2.11.1.jar at file:///opt/bitnami/spark/.ivy2/jars/org.apache.commons_commons-pool2-2.11.1.jar with timestamp 1718788077341
[2024-06-19T09:07:57.783+0000] {docker.py:413} INFO - 24/06/19 09:07:57 INFO Utils: Copying /opt/bitnami/spark/.ivy2/jars/org.apache.commons_commons-pool2-2.11.1.jar to /tmp/spark-4cf35f84-4fb5-4ae6-81bd-23d905e5b274/userFiles-a150367b-a2e3-4015-9b5e-bf3f670eaf5b/org.apache.commons_commons-pool2-2.11.1.jar
[2024-06-19T09:07:57.784+0000] {docker.py:413} INFO - 24/06/19 09:07:57 INFO SparkContext: Added file file:///opt/bitnami/spark/.ivy2/jars/org.apache.hadoop_hadoop-client-runtime-3.3.4.jar at file:///opt/bitnami/spark/.ivy2/jars/org.apache.hadoop_hadoop-client-runtime-3.3.4.jar with timestamp 1718788077341
[2024-06-19T09:07:57.785+0000] {docker.py:413} INFO - 24/06/19 09:07:57 INFO Utils: Copying /opt/bitnami/spark/.ivy2/jars/org.apache.hadoop_hadoop-client-runtime-3.3.4.jar to /tmp/spark-4cf35f84-4fb5-4ae6-81bd-23d905e5b274/userFiles-a150367b-a2e3-4015-9b5e-bf3f670eaf5b/org.apache.hadoop_hadoop-client-runtime-3.3.4.jar
[2024-06-19T09:07:57.854+0000] {docker.py:413} INFO - 24/06/19 09:07:57 INFO SparkContext: Added file file:///opt/bitnami/spark/.ivy2/jars/org.lz4_lz4-java-1.8.0.jar at file:///opt/bitnami/spark/.ivy2/jars/org.lz4_lz4-java-1.8.0.jar with timestamp 1718788077341
[2024-06-19T09:07:57.855+0000] {docker.py:413} INFO - 24/06/19 09:07:57 INFO Utils: Copying /opt/bitnami/spark/.ivy2/jars/org.lz4_lz4-java-1.8.0.jar to /tmp/spark-4cf35f84-4fb5-4ae6-81bd-23d905e5b274/userFiles-a150367b-a2e3-4015-9b5e-bf3f670eaf5b/org.lz4_lz4-java-1.8.0.jar
[2024-06-19T09:07:57.862+0000] {docker.py:413} INFO - 24/06/19 09:07:57 INFO SparkContext: Added file file:///opt/bitnami/spark/.ivy2/jars/org.xerial.snappy_snappy-java-1.1.10.3.jar at file:///opt/bitnami/spark/.ivy2/jars/org.xerial.snappy_snappy-java-1.1.10.3.jar with timestamp 1718788077341
[2024-06-19T09:07:57.863+0000] {docker.py:413} INFO - 24/06/19 09:07:57 INFO Utils: Copying /opt/bitnami/spark/.ivy2/jars/org.xerial.snappy_snappy-java-1.1.10.3.jar to /tmp/spark-4cf35f84-4fb5-4ae6-81bd-23d905e5b274/userFiles-a150367b-a2e3-4015-9b5e-bf3f670eaf5b/org.xerial.snappy_snappy-java-1.1.10.3.jar
[2024-06-19T09:07:57.875+0000] {docker.py:413} INFO - 24/06/19 09:07:57 INFO SparkContext: Added file file:///opt/bitnami/spark/.ivy2/jars/org.slf4j_slf4j-api-2.0.7.jar at file:///opt/bitnami/spark/.ivy2/jars/org.slf4j_slf4j-api-2.0.7.jar with timestamp 1718788077341
[2024-06-19T09:07:57.876+0000] {docker.py:413} INFO - 24/06/19 09:07:57 INFO Utils: Copying /opt/bitnami/spark/.ivy2/jars/org.slf4j_slf4j-api-2.0.7.jar to /tmp/spark-4cf35f84-4fb5-4ae6-81bd-23d905e5b274/userFiles-a150367b-a2e3-4015-9b5e-bf3f670eaf5b/org.slf4j_slf4j-api-2.0.7.jar
[2024-06-19T09:07:57.878+0000] {docker.py:413} INFO - 24/06/19 09:07:57 INFO SparkContext: Added file file:///opt/bitnami/spark/.ivy2/jars/org.apache.hadoop_hadoop-client-api-3.3.4.jar at file:///opt/bitnami/spark/.ivy2/jars/org.apache.hadoop_hadoop-client-api-3.3.4.jar with timestamp 1718788077341
[2024-06-19T09:07:57.878+0000] {docker.py:413} INFO - 24/06/19 09:07:57 INFO Utils: Copying /opt/bitnami/spark/.ivy2/jars/org.apache.hadoop_hadoop-client-api-3.3.4.jar to /tmp/spark-4cf35f84-4fb5-4ae6-81bd-23d905e5b274/userFiles-a150367b-a2e3-4015-9b5e-bf3f670eaf5b/org.apache.hadoop_hadoop-client-api-3.3.4.jar
[2024-06-19T09:07:57.927+0000] {docker.py:413} INFO - 24/06/19 09:07:57 INFO SparkContext: Added file file:///opt/bitnami/spark/.ivy2/jars/commons-logging_commons-logging-1.1.3.jar at file:///opt/bitnami/spark/.ivy2/jars/commons-logging_commons-logging-1.1.3.jar with timestamp 1718788077341
24/06/19 09:07:57 INFO Utils: Copying /opt/bitnami/spark/.ivy2/jars/commons-logging_commons-logging-1.1.3.jar to /tmp/spark-4cf35f84-4fb5-4ae6-81bd-23d905e5b274/userFiles-a150367b-a2e3-4015-9b5e-bf3f670eaf5b/commons-logging_commons-logging-1.1.3.jar
[2024-06-19T09:07:57.966+0000] {docker.py:413} INFO - 24/06/19 09:07:57 INFO Executor: Starting executor ID driver on host localhost
[2024-06-19T09:07:57.966+0000] {docker.py:413} INFO - 24/06/19 09:07:57 INFO Executor: OS info Linux, 6.6.12-linuxkit, aarch64
[2024-06-19T09:07:57.966+0000] {docker.py:413} INFO - 24/06/19 09:07:57 INFO Executor: Java version 17.0.10
[2024-06-19T09:07:57.969+0000] {docker.py:413} INFO - 24/06/19 09:07:57 INFO Executor: Starting executor with user classpath (userClassPathFirst = false): ''
[2024-06-19T09:07:57.970+0000] {docker.py:413} INFO - 24/06/19 09:07:57 INFO Executor: Created or updated repl class loader org.apache.spark.util.MutableURLClassLoader@d89260a for default.
[2024-06-19T09:07:57.975+0000] {docker.py:413} INFO - 24/06/19 09:07:57 INFO Executor: Fetching file:///opt/bitnami/spark/.ivy2/jars/org.apache.spark_spark-token-provider-kafka-0-10_2.12-3.5.0.jar with timestamp 1718788077341
[2024-06-19T09:07:57.983+0000] {docker.py:413} INFO - 24/06/19 09:07:57 INFO Utils: /opt/bitnami/spark/.ivy2/jars/org.apache.spark_spark-token-provider-kafka-0-10_2.12-3.5.0.jar has been previously copied to /tmp/spark-4cf35f84-4fb5-4ae6-81bd-23d905e5b274/userFiles-a150367b-a2e3-4015-9b5e-bf3f670eaf5b/org.apache.spark_spark-token-provider-kafka-0-10_2.12-3.5.0.jar
[2024-06-19T09:07:57.985+0000] {docker.py:413} INFO - 24/06/19 09:07:57 INFO Executor: Fetching file:///opt/bitnami/spark/.ivy2/jars/org.apache.hadoop_hadoop-client-runtime-3.3.4.jar with timestamp 1718788077341
[2024-06-19T09:07:57.998+0000] {docker.py:413} INFO - 24/06/19 09:07:57 INFO Utils: /opt/bitnami/spark/.ivy2/jars/org.apache.hadoop_hadoop-client-runtime-3.3.4.jar has been previously copied to /tmp/spark-4cf35f84-4fb5-4ae6-81bd-23d905e5b274/userFiles-a150367b-a2e3-4015-9b5e-bf3f670eaf5b/org.apache.hadoop_hadoop-client-runtime-3.3.4.jar
[2024-06-19T09:07:57.999+0000] {docker.py:413} INFO - 24/06/19 09:07:57 INFO Executor: Fetching file:///opt/bitnami/spark/.ivy2/jars/org.apache.commons_commons-pool2-2.11.1.jar with timestamp 1718788077341
[2024-06-19T09:07:58.000+0000] {docker.py:413} INFO - 24/06/19 09:07:57 INFO Utils: /opt/bitnami/spark/.ivy2/jars/org.apache.commons_commons-pool2-2.11.1.jar has been previously copied to /tmp/spark-4cf35f84-4fb5-4ae6-81bd-23d905e5b274/userFiles-a150367b-a2e3-4015-9b5e-bf3f670eaf5b/org.apache.commons_commons-pool2-2.11.1.jar
[2024-06-19T09:07:58.001+0000] {docker.py:413} INFO - 24/06/19 09:07:58 INFO Executor: Fetching file:///opt/bitnami/spark/.ivy2/jars/org.postgresql_postgresql-42.5.4.jar with timestamp 1718788077341
[2024-06-19T09:07:58.003+0000] {docker.py:413} INFO - 24/06/19 09:07:58 INFO Utils: /opt/bitnami/spark/.ivy2/jars/org.postgresql_postgresql-42.5.4.jar has been previously copied to /tmp/spark-4cf35f84-4fb5-4ae6-81bd-23d905e5b274/userFiles-a150367b-a2e3-4015-9b5e-bf3f670eaf5b/org.postgresql_postgresql-42.5.4.jar
[2024-06-19T09:07:58.003+0000] {docker.py:413} INFO - 24/06/19 09:07:58 INFO Executor: Fetching file:///opt/bitnami/spark/.ivy2/jars/org.slf4j_slf4j-api-2.0.7.jar with timestamp 1718788077341
[2024-06-19T09:07:58.004+0000] {docker.py:413} INFO - 24/06/19 09:07:58 INFO Utils: /opt/bitnami/spark/.ivy2/jars/org.slf4j_slf4j-api-2.0.7.jar has been previously copied to /tmp/spark-4cf35f84-4fb5-4ae6-81bd-23d905e5b274/userFiles-a150367b-a2e3-4015-9b5e-bf3f670eaf5b/org.slf4j_slf4j-api-2.0.7.jar
[2024-06-19T09:07:58.005+0000] {docker.py:413} INFO - 24/06/19 09:07:58 INFO Executor: Fetching file:///opt/bitnami/spark/.ivy2/jars/org.apache.kafka_kafka-clients-3.4.1.jar with timestamp 1718788077341
[2024-06-19T09:07:58.007+0000] {docker.py:413} INFO - 24/06/19 09:07:58 INFO Utils: /opt/bitnami/spark/.ivy2/jars/org.apache.kafka_kafka-clients-3.4.1.jar has been previously copied to /tmp/spark-4cf35f84-4fb5-4ae6-81bd-23d905e5b274/userFiles-a150367b-a2e3-4015-9b5e-bf3f670eaf5b/org.apache.kafka_kafka-clients-3.4.1.jar
[2024-06-19T09:07:58.008+0000] {docker.py:413} INFO - 24/06/19 09:07:58 INFO Executor: Fetching file:///opt/bitnami/spark/.ivy2/jars/com.google.code.findbugs_jsr305-3.0.0.jar with timestamp 1718788077341
[2024-06-19T09:07:58.009+0000] {docker.py:413} INFO - 24/06/19 09:07:58 INFO Utils: /opt/bitnami/spark/.ivy2/jars/com.google.code.findbugs_jsr305-3.0.0.jar has been previously copied to /tmp/spark-4cf35f84-4fb5-4ae6-81bd-23d905e5b274/userFiles-a150367b-a2e3-4015-9b5e-bf3f670eaf5b/com.google.code.findbugs_jsr305-3.0.0.jar
[2024-06-19T09:07:58.010+0000] {docker.py:413} INFO - 24/06/19 09:07:58 INFO Executor: Fetching file:///opt/bitnami/spark/.ivy2/jars/org.lz4_lz4-java-1.8.0.jar with timestamp 1718788077341
[2024-06-19T09:07:58.011+0000] {docker.py:413} INFO - 24/06/19 09:07:58 INFO Utils: /opt/bitnami/spark/.ivy2/jars/org.lz4_lz4-java-1.8.0.jar has been previously copied to /tmp/spark-4cf35f84-4fb5-4ae6-81bd-23d905e5b274/userFiles-a150367b-a2e3-4015-9b5e-bf3f670eaf5b/org.lz4_lz4-java-1.8.0.jar
[2024-06-19T09:07:58.012+0000] {docker.py:413} INFO - 24/06/19 09:07:58 INFO Executor: Fetching file:///opt/bitnami/spark/.ivy2/jars/org.apache.spark_spark-sql-kafka-0-10_2.12-3.5.0.jar with timestamp 1718788077341
[2024-06-19T09:07:58.013+0000] {docker.py:413} INFO - 24/06/19 09:07:58 INFO Utils: /opt/bitnami/spark/.ivy2/jars/org.apache.spark_spark-sql-kafka-0-10_2.12-3.5.0.jar has been previously copied to /tmp/spark-4cf35f84-4fb5-4ae6-81bd-23d905e5b274/userFiles-a150367b-a2e3-4015-9b5e-bf3f670eaf5b/org.apache.spark_spark-sql-kafka-0-10_2.12-3.5.0.jar
[2024-06-19T09:07:58.014+0000] {docker.py:413} INFO - 24/06/19 09:07:58 INFO Executor: Fetching file:///opt/bitnami/spark/.ivy2/jars/org.apache.hadoop_hadoop-client-api-3.3.4.jar with timestamp 1718788077341
[2024-06-19T09:07:58.022+0000] {docker.py:413} INFO - 24/06/19 09:07:58 INFO Utils: /opt/bitnami/spark/.ivy2/jars/org.apache.hadoop_hadoop-client-api-3.3.4.jar has been previously copied to /tmp/spark-4cf35f84-4fb5-4ae6-81bd-23d905e5b274/userFiles-a150367b-a2e3-4015-9b5e-bf3f670eaf5b/org.apache.hadoop_hadoop-client-api-3.3.4.jar
[2024-06-19T09:07:58.023+0000] {docker.py:413} INFO - 24/06/19 09:07:58 INFO Executor: Fetching file:///opt/bitnami/spark/.ivy2/jars/commons-logging_commons-logging-1.1.3.jar with timestamp 1718788077341
[2024-06-19T09:07:58.023+0000] {docker.py:413} INFO - 24/06/19 09:07:58 INFO Utils: /opt/bitnami/spark/.ivy2/jars/commons-logging_commons-logging-1.1.3.jar has been previously copied to /tmp/spark-4cf35f84-4fb5-4ae6-81bd-23d905e5b274/userFiles-a150367b-a2e3-4015-9b5e-bf3f670eaf5b/commons-logging_commons-logging-1.1.3.jar
[2024-06-19T09:07:58.025+0000] {docker.py:413} INFO - 24/06/19 09:07:58 INFO Executor: Fetching file:///opt/bitnami/spark/.ivy2/jars/org.checkerframework_checker-qual-3.5.0.jar with timestamp 1718788077341
[2024-06-19T09:07:58.025+0000] {docker.py:413} INFO - 24/06/19 09:07:58 INFO Utils: /opt/bitnami/spark/.ivy2/jars/org.checkerframework_checker-qual-3.5.0.jar has been previously copied to /tmp/spark-4cf35f84-4fb5-4ae6-81bd-23d905e5b274/userFiles-a150367b-a2e3-4015-9b5e-bf3f670eaf5b/org.checkerframework_checker-qual-3.5.0.jar
[2024-06-19T09:07:58.026+0000] {docker.py:413} INFO - 24/06/19 09:07:58 INFO Executor: Fetching file:///opt/bitnami/spark/.ivy2/jars/org.xerial.snappy_snappy-java-1.1.10.3.jar with timestamp 1718788077341
[2024-06-19T09:07:58.027+0000] {docker.py:413} INFO - 24/06/19 09:07:58 INFO Utils: /opt/bitnami/spark/.ivy2/jars/org.xerial.snappy_snappy-java-1.1.10.3.jar has been previously copied to /tmp/spark-4cf35f84-4fb5-4ae6-81bd-23d905e5b274/userFiles-a150367b-a2e3-4015-9b5e-bf3f670eaf5b/org.xerial.snappy_snappy-java-1.1.10.3.jar
[2024-06-19T09:07:58.030+0000] {docker.py:413} INFO - 24/06/19 09:07:58 INFO Executor: Fetching spark://localhost:41779/jars/com.google.code.findbugs_jsr305-3.0.0.jar with timestamp 1718788077341
[2024-06-19T09:07:58.055+0000] {docker.py:413} INFO - 24/06/19 09:07:58 INFO TransportClientFactory: Successfully created connection to localhost/127.0.0.1:41779 after 19 ms (0 ms spent in bootstraps)
[2024-06-19T09:07:58.059+0000] {docker.py:413} INFO - 24/06/19 09:07:58 INFO Utils: Fetching spark://localhost:41779/jars/com.google.code.findbugs_jsr305-3.0.0.jar to /tmp/spark-4cf35f84-4fb5-4ae6-81bd-23d905e5b274/userFiles-a150367b-a2e3-4015-9b5e-bf3f670eaf5b/fetchFileTemp4503895063807349420.tmp
[2024-06-19T09:07:58.071+0000] {docker.py:413} INFO - 24/06/19 09:07:58 INFO Utils: /tmp/spark-4cf35f84-4fb5-4ae6-81bd-23d905e5b274/userFiles-a150367b-a2e3-4015-9b5e-bf3f670eaf5b/fetchFileTemp4503895063807349420.tmp has been previously copied to /tmp/spark-4cf35f84-4fb5-4ae6-81bd-23d905e5b274/userFiles-a150367b-a2e3-4015-9b5e-bf3f670eaf5b/com.google.code.findbugs_jsr305-3.0.0.jar
[2024-06-19T09:07:58.073+0000] {docker.py:413} INFO - 24/06/19 09:07:58 INFO Executor: Adding file:/tmp/spark-4cf35f84-4fb5-4ae6-81bd-23d905e5b274/userFiles-a150367b-a2e3-4015-9b5e-bf3f670eaf5b/com.google.code.findbugs_jsr305-3.0.0.jar to class loader default
[2024-06-19T09:07:58.074+0000] {docker.py:413} INFO - 24/06/19 09:07:58 INFO Executor: Fetching spark://localhost:41779/jars/org.lz4_lz4-java-1.8.0.jar with timestamp 1718788077341
[2024-06-19T09:07:58.075+0000] {docker.py:413} INFO - 24/06/19 09:07:58 INFO Utils: Fetching spark://localhost:41779/jars/org.lz4_lz4-java-1.8.0.jar to /tmp/spark-4cf35f84-4fb5-4ae6-81bd-23d905e5b274/userFiles-a150367b-a2e3-4015-9b5e-bf3f670eaf5b/fetchFileTemp11410304368816520140.tmp
[2024-06-19T09:07:58.078+0000] {docker.py:413} INFO - 24/06/19 09:07:58 INFO Utils: /tmp/spark-4cf35f84-4fb5-4ae6-81bd-23d905e5b274/userFiles-a150367b-a2e3-4015-9b5e-bf3f670eaf5b/fetchFileTemp11410304368816520140.tmp has been previously copied to /tmp/spark-4cf35f84-4fb5-4ae6-81bd-23d905e5b274/userFiles-a150367b-a2e3-4015-9b5e-bf3f670eaf5b/org.lz4_lz4-java-1.8.0.jar
[2024-06-19T09:07:58.079+0000] {docker.py:413} INFO - 24/06/19 09:07:58 INFO Executor: Adding file:/tmp/spark-4cf35f84-4fb5-4ae6-81bd-23d905e5b274/userFiles-a150367b-a2e3-4015-9b5e-bf3f670eaf5b/org.lz4_lz4-java-1.8.0.jar to class loader default
[2024-06-19T09:07:58.080+0000] {docker.py:413} INFO - 24/06/19 09:07:58 INFO Executor: Fetching spark://localhost:41779/jars/org.apache.kafka_kafka-clients-3.4.1.jar with timestamp 1718788077341
[2024-06-19T09:07:58.080+0000] {docker.py:413} INFO - 24/06/19 09:07:58 INFO Utils: Fetching spark://localhost:41779/jars/org.apache.kafka_kafka-clients-3.4.1.jar to /tmp/spark-4cf35f84-4fb5-4ae6-81bd-23d905e5b274/userFiles-a150367b-a2e3-4015-9b5e-bf3f670eaf5b/fetchFileTemp3004914732333668983.tmp
[2024-06-19T09:07:58.094+0000] {docker.py:413} INFO - 24/06/19 09:07:58 INFO Utils: /tmp/spark-4cf35f84-4fb5-4ae6-81bd-23d905e5b274/userFiles-a150367b-a2e3-4015-9b5e-bf3f670eaf5b/fetchFileTemp3004914732333668983.tmp has been previously copied to /tmp/spark-4cf35f84-4fb5-4ae6-81bd-23d905e5b274/userFiles-a150367b-a2e3-4015-9b5e-bf3f670eaf5b/org.apache.kafka_kafka-clients-3.4.1.jar
[2024-06-19T09:07:58.096+0000] {docker.py:413} INFO - 24/06/19 09:07:58 INFO Executor: Adding file:/tmp/spark-4cf35f84-4fb5-4ae6-81bd-23d905e5b274/userFiles-a150367b-a2e3-4015-9b5e-bf3f670eaf5b/org.apache.kafka_kafka-clients-3.4.1.jar to class loader default
[2024-06-19T09:07:58.097+0000] {docker.py:413} INFO - 24/06/19 09:07:58 INFO Executor: Fetching spark://localhost:41779/jars/org.slf4j_slf4j-api-2.0.7.jar with timestamp 1718788077341
[2024-06-19T09:07:58.097+0000] {docker.py:413} INFO - 24/06/19 09:07:58 INFO Utils: Fetching spark://localhost:41779/jars/org.slf4j_slf4j-api-2.0.7.jar to /tmp/spark-4cf35f84-4fb5-4ae6-81bd-23d905e5b274/userFiles-a150367b-a2e3-4015-9b5e-bf3f670eaf5b/fetchFileTemp10904178983910458516.tmp
[2024-06-19T09:07:58.097+0000] {docker.py:413} INFO - 24/06/19 09:07:58 INFO Utils: /tmp/spark-4cf35f84-4fb5-4ae6-81bd-23d905e5b274/userFiles-a150367b-a2e3-4015-9b5e-bf3f670eaf5b/fetchFileTemp10904178983910458516.tmp has been previously copied to /tmp/spark-4cf35f84-4fb5-4ae6-81bd-23d905e5b274/userFiles-a150367b-a2e3-4015-9b5e-bf3f670eaf5b/org.slf4j_slf4j-api-2.0.7.jar
[2024-06-19T09:07:58.099+0000] {docker.py:413} INFO - 24/06/19 09:07:58 INFO Executor: Adding file:/tmp/spark-4cf35f84-4fb5-4ae6-81bd-23d905e5b274/userFiles-a150367b-a2e3-4015-9b5e-bf3f670eaf5b/org.slf4j_slf4j-api-2.0.7.jar to class loader default
[2024-06-19T09:07:58.100+0000] {docker.py:413} INFO - 24/06/19 09:07:58 INFO Executor: Fetching spark://localhost:41779/jars/org.apache.hadoop_hadoop-client-runtime-3.3.4.jar with timestamp 1718788077341
24/06/19 09:07:58 INFO Utils: Fetching spark://localhost:41779/jars/org.apache.hadoop_hadoop-client-runtime-3.3.4.jar to /tmp/spark-4cf35f84-4fb5-4ae6-81bd-23d905e5b274/userFiles-a150367b-a2e3-4015-9b5e-bf3f670eaf5b/fetchFileTemp10509860410275551810.tmp
[2024-06-19T09:07:58.152+0000] {docker.py:413} INFO - 24/06/19 09:07:58 INFO Utils: /tmp/spark-4cf35f84-4fb5-4ae6-81bd-23d905e5b274/userFiles-a150367b-a2e3-4015-9b5e-bf3f670eaf5b/fetchFileTemp10509860410275551810.tmp has been previously copied to /tmp/spark-4cf35f84-4fb5-4ae6-81bd-23d905e5b274/userFiles-a150367b-a2e3-4015-9b5e-bf3f670eaf5b/org.apache.hadoop_hadoop-client-runtime-3.3.4.jar
[2024-06-19T09:07:58.155+0000] {docker.py:413} INFO - 24/06/19 09:07:58 INFO Executor: Adding file:/tmp/spark-4cf35f84-4fb5-4ae6-81bd-23d905e5b274/userFiles-a150367b-a2e3-4015-9b5e-bf3f670eaf5b/org.apache.hadoop_hadoop-client-runtime-3.3.4.jar to class loader default
[2024-06-19T09:07:58.156+0000] {docker.py:413} INFO - 24/06/19 09:07:58 INFO Executor: Fetching spark://localhost:41779/jars/org.apache.spark_spark-token-provider-kafka-0-10_2.12-3.5.0.jar with timestamp 1718788077341
[2024-06-19T09:07:58.156+0000] {docker.py:413} INFO - 24/06/19 09:07:58 INFO Utils: Fetching spark://localhost:41779/jars/org.apache.spark_spark-token-provider-kafka-0-10_2.12-3.5.0.jar to /tmp/spark-4cf35f84-4fb5-4ae6-81bd-23d905e5b274/userFiles-a150367b-a2e3-4015-9b5e-bf3f670eaf5b/fetchFileTemp5471917761168998979.tmp
[2024-06-19T09:07:58.156+0000] {docker.py:413} INFO - 24/06/19 09:07:58 INFO Utils: /tmp/spark-4cf35f84-4fb5-4ae6-81bd-23d905e5b274/userFiles-a150367b-a2e3-4015-9b5e-bf3f670eaf5b/fetchFileTemp5471917761168998979.tmp has been previously copied to /tmp/spark-4cf35f84-4fb5-4ae6-81bd-23d905e5b274/userFiles-a150367b-a2e3-4015-9b5e-bf3f670eaf5b/org.apache.spark_spark-token-provider-kafka-0-10_2.12-3.5.0.jar
[2024-06-19T09:07:58.158+0000] {docker.py:413} INFO - 24/06/19 09:07:58 INFO Executor: Adding file:/tmp/spark-4cf35f84-4fb5-4ae6-81bd-23d905e5b274/userFiles-a150367b-a2e3-4015-9b5e-bf3f670eaf5b/org.apache.spark_spark-token-provider-kafka-0-10_2.12-3.5.0.jar to class loader default
[2024-06-19T09:07:58.159+0000] {docker.py:413} INFO - 24/06/19 09:07:58 INFO Executor: Fetching spark://localhost:41779/jars/org.apache.hadoop_hadoop-client-api-3.3.4.jar with timestamp 1718788077341
[2024-06-19T09:07:58.159+0000] {docker.py:413} INFO - 24/06/19 09:07:58 INFO Utils: Fetching spark://localhost:41779/jars/org.apache.hadoop_hadoop-client-api-3.3.4.jar to /tmp/spark-4cf35f84-4fb5-4ae6-81bd-23d905e5b274/userFiles-a150367b-a2e3-4015-9b5e-bf3f670eaf5b/fetchFileTemp10840912649081823516.tmp
[2024-06-19T09:07:58.197+0000] {docker.py:413} INFO - 24/06/19 09:07:58 INFO Utils: /tmp/spark-4cf35f84-4fb5-4ae6-81bd-23d905e5b274/userFiles-a150367b-a2e3-4015-9b5e-bf3f670eaf5b/fetchFileTemp10840912649081823516.tmp has been previously copied to /tmp/spark-4cf35f84-4fb5-4ae6-81bd-23d905e5b274/userFiles-a150367b-a2e3-4015-9b5e-bf3f670eaf5b/org.apache.hadoop_hadoop-client-api-3.3.4.jar
[2024-06-19T09:07:58.206+0000] {docker.py:413} INFO - 24/06/19 09:07:58 INFO Executor: Adding file:/tmp/spark-4cf35f84-4fb5-4ae6-81bd-23d905e5b274/userFiles-a150367b-a2e3-4015-9b5e-bf3f670eaf5b/org.apache.hadoop_hadoop-client-api-3.3.4.jar to class loader default
[2024-06-19T09:07:58.207+0000] {docker.py:413} INFO - 24/06/19 09:07:58 INFO Executor: Fetching spark://localhost:41779/jars/org.apache.spark_spark-sql-kafka-0-10_2.12-3.5.0.jar with timestamp 1718788077341
[2024-06-19T09:07:58.208+0000] {docker.py:413} INFO - 24/06/19 09:07:58 INFO Utils: Fetching spark://localhost:41779/jars/org.apache.spark_spark-sql-kafka-0-10_2.12-3.5.0.jar to /tmp/spark-4cf35f84-4fb5-4ae6-81bd-23d905e5b274/userFiles-a150367b-a2e3-4015-9b5e-bf3f670eaf5b/fetchFileTemp14772658083779638069.tmp
[2024-06-19T09:07:58.209+0000] {docker.py:413} INFO - 24/06/19 09:07:58 INFO Utils: /tmp/spark-4cf35f84-4fb5-4ae6-81bd-23d905e5b274/userFiles-a150367b-a2e3-4015-9b5e-bf3f670eaf5b/fetchFileTemp14772658083779638069.tmp has been previously copied to /tmp/spark-4cf35f84-4fb5-4ae6-81bd-23d905e5b274/userFiles-a150367b-a2e3-4015-9b5e-bf3f670eaf5b/org.apache.spark_spark-sql-kafka-0-10_2.12-3.5.0.jar
[2024-06-19T09:07:58.219+0000] {docker.py:413} INFO - 24/06/19 09:07:58 INFO Executor: Adding file:/tmp/spark-4cf35f84-4fb5-4ae6-81bd-23d905e5b274/userFiles-a150367b-a2e3-4015-9b5e-bf3f670eaf5b/org.apache.spark_spark-sql-kafka-0-10_2.12-3.5.0.jar to class loader default
[2024-06-19T09:07:58.220+0000] {docker.py:413} INFO - 24/06/19 09:07:58 INFO Executor: Fetching spark://localhost:41779/jars/org.apache.commons_commons-pool2-2.11.1.jar with timestamp 1718788077341
[2024-06-19T09:07:58.220+0000] {docker.py:413} INFO - 24/06/19 09:07:58 INFO Utils: Fetching spark://localhost:41779/jars/org.apache.commons_commons-pool2-2.11.1.jar to /tmp/spark-4cf35f84-4fb5-4ae6-81bd-23d905e5b274/userFiles-a150367b-a2e3-4015-9b5e-bf3f670eaf5b/fetchFileTemp13297496047788277805.tmp
[2024-06-19T09:07:58.221+0000] {docker.py:413} INFO - 24/06/19 09:07:58 INFO Utils: /tmp/spark-4cf35f84-4fb5-4ae6-81bd-23d905e5b274/userFiles-a150367b-a2e3-4015-9b5e-bf3f670eaf5b/fetchFileTemp13297496047788277805.tmp has been previously copied to /tmp/spark-4cf35f84-4fb5-4ae6-81bd-23d905e5b274/userFiles-a150367b-a2e3-4015-9b5e-bf3f670eaf5b/org.apache.commons_commons-pool2-2.11.1.jar
[2024-06-19T09:07:58.222+0000] {docker.py:413} INFO - 24/06/19 09:07:58 INFO Executor: Adding file:/tmp/spark-4cf35f84-4fb5-4ae6-81bd-23d905e5b274/userFiles-a150367b-a2e3-4015-9b5e-bf3f670eaf5b/org.apache.commons_commons-pool2-2.11.1.jar to class loader default
[2024-06-19T09:07:58.223+0000] {docker.py:413} INFO - 24/06/19 09:07:58 INFO Executor: Fetching spark://localhost:41779/jars/org.xerial.snappy_snappy-java-1.1.10.3.jar with timestamp 1718788077341
[2024-06-19T09:07:58.223+0000] {docker.py:413} INFO - 24/06/19 09:07:58 INFO Utils: Fetching spark://localhost:41779/jars/org.xerial.snappy_snappy-java-1.1.10.3.jar to /tmp/spark-4cf35f84-4fb5-4ae6-81bd-23d905e5b274/userFiles-a150367b-a2e3-4015-9b5e-bf3f670eaf5b/fetchFileTemp5564183791615209608.tmp
[2024-06-19T09:07:58.227+0000] {docker.py:413} INFO - 24/06/19 09:07:58 INFO Utils: /tmp/spark-4cf35f84-4fb5-4ae6-81bd-23d905e5b274/userFiles-a150367b-a2e3-4015-9b5e-bf3f670eaf5b/fetchFileTemp5564183791615209608.tmp has been previously copied to /tmp/spark-4cf35f84-4fb5-4ae6-81bd-23d905e5b274/userFiles-a150367b-a2e3-4015-9b5e-bf3f670eaf5b/org.xerial.snappy_snappy-java-1.1.10.3.jar
[2024-06-19T09:07:58.230+0000] {docker.py:413} INFO - 24/06/19 09:07:58 INFO Executor: Adding file:/tmp/spark-4cf35f84-4fb5-4ae6-81bd-23d905e5b274/userFiles-a150367b-a2e3-4015-9b5e-bf3f670eaf5b/org.xerial.snappy_snappy-java-1.1.10.3.jar to class loader default
[2024-06-19T09:07:58.230+0000] {docker.py:413} INFO - 24/06/19 09:07:58 INFO Executor: Fetching spark://localhost:41779/jars/org.postgresql_postgresql-42.5.4.jar with timestamp 1718788077341
[2024-06-19T09:07:58.231+0000] {docker.py:413} INFO - 24/06/19 09:07:58 INFO Utils: Fetching spark://localhost:41779/jars/org.postgresql_postgresql-42.5.4.jar to /tmp/spark-4cf35f84-4fb5-4ae6-81bd-23d905e5b274/userFiles-a150367b-a2e3-4015-9b5e-bf3f670eaf5b/fetchFileTemp1540277762064903696.tmp
[2024-06-19T09:07:58.232+0000] {docker.py:413} INFO - 24/06/19 09:07:58 INFO Utils: /tmp/spark-4cf35f84-4fb5-4ae6-81bd-23d905e5b274/userFiles-a150367b-a2e3-4015-9b5e-bf3f670eaf5b/fetchFileTemp1540277762064903696.tmp has been previously copied to /tmp/spark-4cf35f84-4fb5-4ae6-81bd-23d905e5b274/userFiles-a150367b-a2e3-4015-9b5e-bf3f670eaf5b/org.postgresql_postgresql-42.5.4.jar
[2024-06-19T09:07:58.234+0000] {docker.py:413} INFO - 24/06/19 09:07:58 INFO Executor: Adding file:/tmp/spark-4cf35f84-4fb5-4ae6-81bd-23d905e5b274/userFiles-a150367b-a2e3-4015-9b5e-bf3f670eaf5b/org.postgresql_postgresql-42.5.4.jar to class loader default
24/06/19 09:07:58 INFO Executor: Fetching spark://localhost:41779/jars/org.checkerframework_checker-qual-3.5.0.jar with timestamp 1718788077341
[2024-06-19T09:07:58.235+0000] {docker.py:413} INFO - 24/06/19 09:07:58 INFO Utils: Fetching spark://localhost:41779/jars/org.checkerframework_checker-qual-3.5.0.jar to /tmp/spark-4cf35f84-4fb5-4ae6-81bd-23d905e5b274/userFiles-a150367b-a2e3-4015-9b5e-bf3f670eaf5b/fetchFileTemp15551168116227550747.tmp
[2024-06-19T09:07:58.236+0000] {docker.py:413} INFO - 24/06/19 09:07:58 INFO Utils: /tmp/spark-4cf35f84-4fb5-4ae6-81bd-23d905e5b274/userFiles-a150367b-a2e3-4015-9b5e-bf3f670eaf5b/fetchFileTemp15551168116227550747.tmp has been previously copied to /tmp/spark-4cf35f84-4fb5-4ae6-81bd-23d905e5b274/userFiles-a150367b-a2e3-4015-9b5e-bf3f670eaf5b/org.checkerframework_checker-qual-3.5.0.jar
[2024-06-19T09:07:58.238+0000] {docker.py:413} INFO - 24/06/19 09:07:58 INFO Executor: Adding file:/tmp/spark-4cf35f84-4fb5-4ae6-81bd-23d905e5b274/userFiles-a150367b-a2e3-4015-9b5e-bf3f670eaf5b/org.checkerframework_checker-qual-3.5.0.jar to class loader default
[2024-06-19T09:07:58.238+0000] {docker.py:413} INFO - 24/06/19 09:07:58 INFO Executor: Fetching spark://localhost:41779/jars/commons-logging_commons-logging-1.1.3.jar with timestamp 1718788077341
[2024-06-19T09:07:58.238+0000] {docker.py:413} INFO - 24/06/19 09:07:58 INFO Utils: Fetching spark://localhost:41779/jars/commons-logging_commons-logging-1.1.3.jar to /tmp/spark-4cf35f84-4fb5-4ae6-81bd-23d905e5b274/userFiles-a150367b-a2e3-4015-9b5e-bf3f670eaf5b/fetchFileTemp67975441393386544.tmp
[2024-06-19T09:07:58.239+0000] {docker.py:413} INFO - 24/06/19 09:07:58 INFO Utils: /tmp/spark-4cf35f84-4fb5-4ae6-81bd-23d905e5b274/userFiles-a150367b-a2e3-4015-9b5e-bf3f670eaf5b/fetchFileTemp67975441393386544.tmp has been previously copied to /tmp/spark-4cf35f84-4fb5-4ae6-81bd-23d905e5b274/userFiles-a150367b-a2e3-4015-9b5e-bf3f670eaf5b/commons-logging_commons-logging-1.1.3.jar
[2024-06-19T09:07:58.242+0000] {docker.py:413} INFO - 24/06/19 09:07:58 INFO Executor: Adding file:/tmp/spark-4cf35f84-4fb5-4ae6-81bd-23d905e5b274/userFiles-a150367b-a2e3-4015-9b5e-bf3f670eaf5b/commons-logging_commons-logging-1.1.3.jar to class loader default
[2024-06-19T09:07:58.248+0000] {docker.py:413} INFO - 24/06/19 09:07:58 INFO Utils: Successfully started service 'org.apache.spark.network.netty.NettyBlockTransferService' on port 32813.
[2024-06-19T09:07:58.248+0000] {docker.py:413} INFO - 24/06/19 09:07:58 INFO NettyBlockTransferService: Server created on localhost:32813
[2024-06-19T09:07:58.249+0000] {docker.py:413} INFO - 24/06/19 09:07:58 INFO BlockManager: Using org.apache.spark.storage.RandomBlockReplicationPolicy for block replication policy
[2024-06-19T09:07:58.253+0000] {docker.py:413} INFO - 24/06/19 09:07:58 INFO BlockManagerMaster: Registering BlockManager BlockManagerId(driver, localhost, 32813, None)
[2024-06-19T09:07:58.255+0000] {docker.py:413} INFO - 24/06/19 09:07:58 INFO BlockManagerMasterEndpoint: Registering block manager localhost:32813 with 434.4 MiB RAM, BlockManagerId(driver, localhost, 32813, None)
[2024-06-19T09:07:58.256+0000] {docker.py:413} INFO - 24/06/19 09:07:58 INFO BlockManagerMaster: Registered BlockManager BlockManagerId(driver, localhost, 32813, None)
[2024-06-19T09:07:58.256+0000] {docker.py:413} INFO - 24/06/19 09:07:58 INFO BlockManager: Initialized BlockManager: BlockManagerId(driver, localhost, 32813, None)
[2024-06-19T09:07:58.457+0000] {docker.py:413} INFO - 2024-06-19 09:07:58,455:create_spark_session:INFO:Spark session created successfully
[2024-06-19T09:07:58.465+0000] {docker.py:413} INFO - 24/06/19 09:07:58 INFO SharedState: Setting hive.metastore.warehouse.dir ('null') to the value of spark.sql.warehouse.dir.
[2024-06-19T09:07:58.466+0000] {docker.py:413} INFO - 24/06/19 09:07:58 INFO SharedState: Warehouse path is 'file:/opt/bitnami/spark/spark-warehouse'.
[2024-06-19T09:07:59.191+0000] {docker.py:413} INFO - 2024-06-19 09:07:59,190:create_initial_dataframe:INFO:Initial dataframe created successfully
[2024-06-19T09:07:59.201+0000] {docker.py:413} INFO - 2024-06-19 09:07:59,200:create_initial_dataframe:INFO:Initial dataframe created successfully
[2024-06-19T09:07:59.211+0000] {docker.py:413} INFO - 2024-06-19 09:07:59,210:create_initial_dataframe:INFO:Initial dataframe created successfully
[2024-06-19T09:07:59.461+0000] {docker.py:413} INFO - 24/06/19 09:07:59 WARN SparkStringUtils: Truncated the string representation of a plan since it was too large. This behavior can be adjusted by setting 'spark.sql.debug.maxToStringFields'.
[2024-06-19T09:07:59.570+0000] {docker.py:413} INFO - 2024-06-19 09:07:59,569:start_streaming:INFO:Start streaming into {keys}
[2024-06-19T09:07:59.740+0000] {docker.py:413} INFO - Traceback (most recent call last):
  File "/opt/bitnami/spark/spark_streaming.py", line 153, in <module>
[2024-06-19T09:07:59.741+0000] {docker.py:413} INFO - write_to_postgres()
  File "/opt/bitnami/spark/spark_streaming.py", line 149, in write_to_postgres
    start_streaming(df_final, spark=spark)
  File "/opt/bitnami/spark/spark_streaming.py", line 137, in start_streaming
    query = df.write.jdbc(
            ^^^^^^^^
  File "/opt/bitnami/spark/python/lib/pyspark.zip/pyspark/sql/dataframe.py", line 509, in write
[2024-06-19T09:07:59.742+0000] {docker.py:413} INFO - File "/opt/bitnami/spark/python/lib/pyspark.zip/pyspark/sql/readwriter.py", line 964, in __init__
[2024-06-19T09:07:59.742+0000] {docker.py:413} INFO - File "/opt/bitnami/spark/python/lib/py4j-0.10.9.7-src.zip/py4j/java_gateway.py", line 1322, in __call__
  File "/opt/bitnami/spark/python/lib/pyspark.zip/pyspark/errors/exceptions/captured.py", line 185, in deco
pyspark.errors.exceptions.captured.AnalysisException
[2024-06-19T09:07:59.749+0000] {docker.py:413} INFO - : [CALL_ON_STREAMING_DATASET_UNSUPPORTED] The method `write` can not be called on streaming Dataset/DataFrame.
[2024-06-19T09:07:59.750+0000] {docker.py:413} INFO - 2024-06-19 09:07:59,747:close:INFO:Closing down clientserver connection
[2024-06-19T09:07:59.789+0000] {docker.py:413} INFO - 24/06/19 09:07:59 INFO SparkContext: Invoking stop() from shutdown hook
[2024-06-19T09:07:59.789+0000] {docker.py:413} INFO - 24/06/19 09:07:59 INFO SparkContext: SparkContext is stopping with exitCode 0.
[2024-06-19T09:07:59.794+0000] {docker.py:413} INFO - 24/06/19 09:07:59 INFO SparkUI: Stopped Spark web UI at http://localhost:4040
[2024-06-19T09:07:59.799+0000] {docker.py:413} INFO - 24/06/19 09:07:59 INFO MapOutputTrackerMasterEndpoint: MapOutputTrackerMasterEndpoint stopped!
[2024-06-19T09:07:59.805+0000] {docker.py:413} INFO - 24/06/19 09:07:59 INFO MemoryStore: MemoryStore cleared
[2024-06-19T09:07:59.806+0000] {docker.py:413} INFO - 24/06/19 09:07:59 INFO BlockManager: BlockManager stopped
[2024-06-19T09:07:59.810+0000] {docker.py:413} INFO - 24/06/19 09:07:59 INFO BlockManagerMaster: BlockManagerMaster stopped
[2024-06-19T09:07:59.811+0000] {docker.py:413} INFO - 24/06/19 09:07:59 INFO OutputCommitCoordinator$OutputCommitCoordinatorEndpoint: OutputCommitCoordinator stopped!
[2024-06-19T09:07:59.819+0000] {docker.py:413} INFO - 24/06/19 09:07:59 INFO SparkContext: Successfully stopped SparkContext
[2024-06-19T09:07:59.819+0000] {docker.py:413} INFO - 24/06/19 09:07:59 INFO ShutdownHookManager: Shutdown hook called
[2024-06-19T09:07:59.819+0000] {docker.py:413} INFO - 24/06/19 09:07:59 INFO ShutdownHookManager: Deleting directory /tmp/spark-4cf35f84-4fb5-4ae6-81bd-23d905e5b274
[2024-06-19T09:07:59.821+0000] {docker.py:413} INFO - 24/06/19 09:07:59 INFO ShutdownHookManager: Deleting directory /tmp/spark-ad3c4626-eabf-48ec-8631-8b370040050b
[2024-06-19T09:07:59.822+0000] {docker.py:413} INFO - 24/06/19 09:07:59 INFO ShutdownHookManager: Deleting directory /tmp/spark-4cf35f84-4fb5-4ae6-81bd-23d905e5b274/pyspark-de2620a3-7d03-49ea-ae99-b7ae5dafd6ba
[2024-06-19T09:08:00.167+0000] {taskinstance.py:1937} ERROR - Task failed with exception
Traceback (most recent call last):
  File "/home/airflow/.local/lib/python3.8/site-packages/docker/api/client.py", line 268, in _raise_for_status
    response.raise_for_status()
  File "/home/airflow/.local/lib/python3.8/site-packages/requests/models.py", line 1021, in raise_for_status
    raise HTTPError(http_error_msg, response=self)
requests.exceptions.HTTPError: 400 Client Error: Bad Request for url: http://docker-proxy:2375/v1.44/containers/create

The above exception was the direct cause of the following exception:

Traceback (most recent call last):
  File "/home/airflow/.local/lib/python3.8/site-packages/airflow/providers/docker/operators/docker.py", line 348, in _run_image
    return self._run_image_with_mounts([*self.mounts, tmp_mount], add_tmp_variable=True)
  File "/home/airflow/.local/lib/python3.8/site-packages/airflow/providers/docker/operators/docker.py", line 375, in _run_image_with_mounts
    self.container = self.cli.create_container(
  File "/home/airflow/.local/lib/python3.8/site-packages/docker/api/container.py", line 431, in create_container
    return self.create_container_from_config(config, name, platform)
  File "/home/airflow/.local/lib/python3.8/site-packages/docker/api/container.py", line 448, in create_container_from_config
    return self._result(res, True)
  File "/home/airflow/.local/lib/python3.8/site-packages/docker/api/client.py", line 274, in _result
    self._raise_for_status(response)
  File "/home/airflow/.local/lib/python3.8/site-packages/docker/api/client.py", line 270, in _raise_for_status
    raise create_api_error_from_http_exception(e) from e
  File "/home/airflow/.local/lib/python3.8/site-packages/docker/errors.py", line 39, in create_api_error_from_http_exception
    raise cls(e, response=response, explanation=explanation) from e
docker.errors.APIError: 400 Client Error for http://docker-proxy:2375/v1.44/containers/create: Bad Request ("invalid mount config for type "bind": bind source path does not exist: /host_mnt/private/tmp/airflowtmpndekr_rf")

During handling of the above exception, another exception occurred:

Traceback (most recent call last):
  File "/home/airflow/.local/lib/python3.8/site-packages/airflow/providers/docker/operators/docker.py", line 486, in execute
    return self._run_image()
  File "/home/airflow/.local/lib/python3.8/site-packages/airflow/providers/docker/operators/docker.py", line 357, in _run_image
    return self._run_image_with_mounts(self.mounts, add_tmp_variable=False)
  File "/home/airflow/.local/lib/python3.8/site-packages/airflow/providers/docker/operators/docker.py", line 421, in _run_image_with_mounts
    raise DockerContainerFailedException(f"Docker container failed: {result!r}", logs=log_lines)
airflow.providers.docker.exceptions.DockerContainerFailedException: Docker container failed: {'StatusCode': 1}
[2024-06-19T09:08:00.173+0000] {taskinstance.py:1400} INFO - Marking task as FAILED. dag_id=kafka_spark_dag, task_id=pyspark_consumer, execution_date=20240619T090138, start_date=20240619T090721, end_date=20240619T090800
[2024-06-19T09:08:00.183+0000] {standard_task_runner.py:104} ERROR - Failed to execute job 127 for task pyspark_consumer (Docker container failed: {'StatusCode': 1}; 5634)
[2024-06-19T09:08:00.212+0000] {local_task_job_runner.py:228} INFO - Task exited with return code 1
[2024-06-19T09:08:00.232+0000] {taskinstance.py:2778} INFO - 0 downstream tasks scheduled from follow-on schedule check
