[2024-06-23T01:24:24.198+0000] {processor.py:157} INFO - Started process (PID=13158) to work on /home/airflow/.local/lib/python3.8/site-packages/airflow/example_dags/example_local_kubernetes_executor.py
[2024-06-23T01:24:24.200+0000] {processor.py:829} INFO - Processing file /home/airflow/.local/lib/python3.8/site-packages/airflow/example_dags/example_local_kubernetes_executor.py for tasks to queue
[2024-06-23T01:24:24.200+0000] {logging_mixin.py:154} INFO - [2024-06-23T01:24:24.200+0000] {dagbag.py:536} INFO - Filling up the DagBag from /home/airflow/.local/lib/python3.8/site-packages/airflow/example_dags/example_local_kubernetes_executor.py
[2024-06-23T01:24:24.205+0000] {processor.py:839} INFO - DAG(s) dict_keys(['example_local_kubernetes_executor']) retrieved from /home/airflow/.local/lib/python3.8/site-packages/airflow/example_dags/example_local_kubernetes_executor.py
[2024-06-23T01:24:24.225+0000] {logging_mixin.py:154} INFO - [2024-06-23T01:24:24.225+0000] {dag.py:2941} INFO - Sync 1 DAGs
[2024-06-23T01:24:24.233+0000] {logging_mixin.py:154} INFO - [2024-06-23T01:24:24.233+0000] {dag.py:3722} INFO - Setting next_dagrun for example_local_kubernetes_executor to None, run_after=None
[2024-06-23T01:24:24.245+0000] {processor.py:179} INFO - Processing /home/airflow/.local/lib/python3.8/site-packages/airflow/example_dags/example_local_kubernetes_executor.py took 0.049 seconds
[2024-06-23T02:48:33.034+0000] {processor.py:157} INFO - Started process (PID=13403) to work on /home/airflow/.local/lib/python3.8/site-packages/airflow/example_dags/example_local_kubernetes_executor.py
[2024-06-23T02:48:33.035+0000] {processor.py:829} INFO - Processing file /home/airflow/.local/lib/python3.8/site-packages/airflow/example_dags/example_local_kubernetes_executor.py for tasks to queue
[2024-06-23T02:48:33.036+0000] {logging_mixin.py:154} INFO - [2024-06-23T02:48:33.036+0000] {dagbag.py:536} INFO - Filling up the DagBag from /home/airflow/.local/lib/python3.8/site-packages/airflow/example_dags/example_local_kubernetes_executor.py
[2024-06-23T02:48:33.041+0000] {processor.py:839} INFO - DAG(s) dict_keys(['example_local_kubernetes_executor']) retrieved from /home/airflow/.local/lib/python3.8/site-packages/airflow/example_dags/example_local_kubernetes_executor.py
[2024-06-23T02:48:33.071+0000] {logging_mixin.py:154} INFO - [2024-06-23T02:48:33.071+0000] {dag.py:2941} INFO - Sync 1 DAGs
[2024-06-23T02:48:33.081+0000] {logging_mixin.py:154} INFO - [2024-06-23T02:48:33.081+0000] {dag.py:3722} INFO - Setting next_dagrun for example_local_kubernetes_executor to None, run_after=None
[2024-06-23T02:48:33.093+0000] {processor.py:179} INFO - Processing /home/airflow/.local/lib/python3.8/site-packages/airflow/example_dags/example_local_kubernetes_executor.py took 0.061 seconds
[2024-06-23T04:09:03.960+0000] {processor.py:157} INFO - Started process (PID=13647) to work on /home/airflow/.local/lib/python3.8/site-packages/airflow/example_dags/example_local_kubernetes_executor.py
[2024-06-23T04:09:03.961+0000] {processor.py:829} INFO - Processing file /home/airflow/.local/lib/python3.8/site-packages/airflow/example_dags/example_local_kubernetes_executor.py for tasks to queue
[2024-06-23T04:09:03.963+0000] {logging_mixin.py:154} INFO - [2024-06-23T04:09:03.962+0000] {dagbag.py:536} INFO - Filling up the DagBag from /home/airflow/.local/lib/python3.8/site-packages/airflow/example_dags/example_local_kubernetes_executor.py
[2024-06-23T04:09:03.969+0000] {processor.py:839} INFO - DAG(s) dict_keys(['example_local_kubernetes_executor']) retrieved from /home/airflow/.local/lib/python3.8/site-packages/airflow/example_dags/example_local_kubernetes_executor.py
[2024-06-23T04:09:03.995+0000] {logging_mixin.py:154} INFO - [2024-06-23T04:09:03.995+0000] {dag.py:2941} INFO - Sync 1 DAGs
[2024-06-23T04:09:04.004+0000] {logging_mixin.py:154} INFO - [2024-06-23T04:09:04.004+0000] {dag.py:3722} INFO - Setting next_dagrun for example_local_kubernetes_executor to None, run_after=None
[2024-06-23T04:09:04.016+0000] {processor.py:179} INFO - Processing /home/airflow/.local/lib/python3.8/site-packages/airflow/example_dags/example_local_kubernetes_executor.py took 0.060 seconds
[2024-06-23T05:49:42.864+0000] {processor.py:157} INFO - Started process (PID=13893) to work on /home/airflow/.local/lib/python3.8/site-packages/airflow/example_dags/example_local_kubernetes_executor.py
[2024-06-23T05:49:42.865+0000] {processor.py:829} INFO - Processing file /home/airflow/.local/lib/python3.8/site-packages/airflow/example_dags/example_local_kubernetes_executor.py for tasks to queue
[2024-06-23T05:49:42.866+0000] {logging_mixin.py:154} INFO - [2024-06-23T05:49:42.866+0000] {dagbag.py:536} INFO - Filling up the DagBag from /home/airflow/.local/lib/python3.8/site-packages/airflow/example_dags/example_local_kubernetes_executor.py
[2024-06-23T05:49:42.875+0000] {processor.py:839} INFO - DAG(s) dict_keys(['example_local_kubernetes_executor']) retrieved from /home/airflow/.local/lib/python3.8/site-packages/airflow/example_dags/example_local_kubernetes_executor.py
[2024-06-23T05:49:42.901+0000] {logging_mixin.py:154} INFO - [2024-06-23T05:49:42.901+0000] {dag.py:2941} INFO - Sync 1 DAGs
[2024-06-23T05:49:42.909+0000] {logging_mixin.py:154} INFO - [2024-06-23T05:49:42.909+0000] {dag.py:3722} INFO - Setting next_dagrun for example_local_kubernetes_executor to None, run_after=None
[2024-06-23T05:49:42.928+0000] {processor.py:179} INFO - Processing /home/airflow/.local/lib/python3.8/site-packages/airflow/example_dags/example_local_kubernetes_executor.py took 0.066 seconds
[2024-06-23T07:07:58.918+0000] {processor.py:157} INFO - Started process (PID=14148) to work on /home/airflow/.local/lib/python3.8/site-packages/airflow/example_dags/example_local_kubernetes_executor.py
[2024-06-23T07:07:58.919+0000] {processor.py:829} INFO - Processing file /home/airflow/.local/lib/python3.8/site-packages/airflow/example_dags/example_local_kubernetes_executor.py for tasks to queue
[2024-06-23T07:07:58.920+0000] {logging_mixin.py:154} INFO - [2024-06-23T07:07:58.920+0000] {dagbag.py:536} INFO - Filling up the DagBag from /home/airflow/.local/lib/python3.8/site-packages/airflow/example_dags/example_local_kubernetes_executor.py
[2024-06-23T07:07:58.926+0000] {processor.py:839} INFO - DAG(s) dict_keys(['example_local_kubernetes_executor']) retrieved from /home/airflow/.local/lib/python3.8/site-packages/airflow/example_dags/example_local_kubernetes_executor.py
[2024-06-23T07:07:58.962+0000] {logging_mixin.py:154} INFO - [2024-06-23T07:07:58.962+0000] {dag.py:2941} INFO - Sync 1 DAGs
[2024-06-23T07:07:58.976+0000] {logging_mixin.py:154} INFO - [2024-06-23T07:07:58.976+0000] {dag.py:3722} INFO - Setting next_dagrun for example_local_kubernetes_executor to None, run_after=None
[2024-06-23T07:07:59.009+0000] {processor.py:179} INFO - Processing /home/airflow/.local/lib/python3.8/site-packages/airflow/example_dags/example_local_kubernetes_executor.py took 0.094 seconds
[2024-06-23T07:08:29.832+0000] {processor.py:157} INFO - Started process (PID=14389) to work on /home/airflow/.local/lib/python3.8/site-packages/airflow/example_dags/example_local_kubernetes_executor.py
[2024-06-23T07:08:29.834+0000] {processor.py:829} INFO - Processing file /home/airflow/.local/lib/python3.8/site-packages/airflow/example_dags/example_local_kubernetes_executor.py for tasks to queue
[2024-06-23T07:08:29.835+0000] {logging_mixin.py:154} INFO - [2024-06-23T07:08:29.835+0000] {dagbag.py:536} INFO - Filling up the DagBag from /home/airflow/.local/lib/python3.8/site-packages/airflow/example_dags/example_local_kubernetes_executor.py
[2024-06-23T07:08:29.842+0000] {processor.py:839} INFO - DAG(s) dict_keys(['example_local_kubernetes_executor']) retrieved from /home/airflow/.local/lib/python3.8/site-packages/airflow/example_dags/example_local_kubernetes_executor.py
[2024-06-23T07:08:29.871+0000] {logging_mixin.py:154} INFO - [2024-06-23T07:08:29.870+0000] {dag.py:2941} INFO - Sync 1 DAGs
[2024-06-23T07:08:29.884+0000] {logging_mixin.py:154} INFO - [2024-06-23T07:08:29.884+0000] {dag.py:3722} INFO - Setting next_dagrun for example_local_kubernetes_executor to None, run_after=None
[2024-06-23T07:08:29.903+0000] {processor.py:179} INFO - Processing /home/airflow/.local/lib/python3.8/site-packages/airflow/example_dags/example_local_kubernetes_executor.py took 0.073 seconds
[2024-06-23T07:09:00.202+0000] {processor.py:157} INFO - Started process (PID=14634) to work on /home/airflow/.local/lib/python3.8/site-packages/airflow/example_dags/example_local_kubernetes_executor.py
[2024-06-23T07:09:00.203+0000] {processor.py:829} INFO - Processing file /home/airflow/.local/lib/python3.8/site-packages/airflow/example_dags/example_local_kubernetes_executor.py for tasks to queue
[2024-06-23T07:09:00.205+0000] {logging_mixin.py:154} INFO - [2024-06-23T07:09:00.205+0000] {dagbag.py:536} INFO - Filling up the DagBag from /home/airflow/.local/lib/python3.8/site-packages/airflow/example_dags/example_local_kubernetes_executor.py
[2024-06-23T07:09:00.212+0000] {processor.py:839} INFO - DAG(s) dict_keys(['example_local_kubernetes_executor']) retrieved from /home/airflow/.local/lib/python3.8/site-packages/airflow/example_dags/example_local_kubernetes_executor.py
[2024-06-23T07:09:00.240+0000] {logging_mixin.py:154} INFO - [2024-06-23T07:09:00.239+0000] {dag.py:2941} INFO - Sync 1 DAGs
[2024-06-23T07:09:00.250+0000] {logging_mixin.py:154} INFO - [2024-06-23T07:09:00.249+0000] {dag.py:3722} INFO - Setting next_dagrun for example_local_kubernetes_executor to None, run_after=None
[2024-06-23T07:09:00.267+0000] {processor.py:179} INFO - Processing /home/airflow/.local/lib/python3.8/site-packages/airflow/example_dags/example_local_kubernetes_executor.py took 0.068 seconds
[2024-06-23T07:09:30.456+0000] {processor.py:157} INFO - Started process (PID=14878) to work on /home/airflow/.local/lib/python3.8/site-packages/airflow/example_dags/example_local_kubernetes_executor.py
[2024-06-23T07:09:30.457+0000] {processor.py:829} INFO - Processing file /home/airflow/.local/lib/python3.8/site-packages/airflow/example_dags/example_local_kubernetes_executor.py for tasks to queue
[2024-06-23T07:09:30.458+0000] {logging_mixin.py:154} INFO - [2024-06-23T07:09:30.457+0000] {dagbag.py:536} INFO - Filling up the DagBag from /home/airflow/.local/lib/python3.8/site-packages/airflow/example_dags/example_local_kubernetes_executor.py
[2024-06-23T07:09:30.463+0000] {processor.py:839} INFO - DAG(s) dict_keys(['example_local_kubernetes_executor']) retrieved from /home/airflow/.local/lib/python3.8/site-packages/airflow/example_dags/example_local_kubernetes_executor.py
[2024-06-23T07:09:30.485+0000] {logging_mixin.py:154} INFO - [2024-06-23T07:09:30.485+0000] {dag.py:2941} INFO - Sync 1 DAGs
[2024-06-23T07:09:30.493+0000] {logging_mixin.py:154} INFO - [2024-06-23T07:09:30.493+0000] {dag.py:3722} INFO - Setting next_dagrun for example_local_kubernetes_executor to None, run_after=None
[2024-06-23T07:09:30.502+0000] {processor.py:179} INFO - Processing /home/airflow/.local/lib/python3.8/site-packages/airflow/example_dags/example_local_kubernetes_executor.py took 0.048 seconds
[2024-06-23T07:10:00.642+0000] {processor.py:157} INFO - Started process (PID=15124) to work on /home/airflow/.local/lib/python3.8/site-packages/airflow/example_dags/example_local_kubernetes_executor.py
[2024-06-23T07:10:00.644+0000] {processor.py:829} INFO - Processing file /home/airflow/.local/lib/python3.8/site-packages/airflow/example_dags/example_local_kubernetes_executor.py for tasks to queue
[2024-06-23T07:10:00.645+0000] {logging_mixin.py:154} INFO - [2024-06-23T07:10:00.645+0000] {dagbag.py:536} INFO - Filling up the DagBag from /home/airflow/.local/lib/python3.8/site-packages/airflow/example_dags/example_local_kubernetes_executor.py
[2024-06-23T07:10:00.654+0000] {processor.py:839} INFO - DAG(s) dict_keys(['example_local_kubernetes_executor']) retrieved from /home/airflow/.local/lib/python3.8/site-packages/airflow/example_dags/example_local_kubernetes_executor.py
[2024-06-23T07:10:00.685+0000] {logging_mixin.py:154} INFO - [2024-06-23T07:10:00.684+0000] {dag.py:2941} INFO - Sync 1 DAGs
[2024-06-23T07:10:00.696+0000] {logging_mixin.py:154} INFO - [2024-06-23T07:10:00.696+0000] {dag.py:3722} INFO - Setting next_dagrun for example_local_kubernetes_executor to None, run_after=None
[2024-06-23T07:10:00.714+0000] {processor.py:179} INFO - Processing /home/airflow/.local/lib/python3.8/site-packages/airflow/example_dags/example_local_kubernetes_executor.py took 0.076 seconds
[2024-06-23T07:10:32.229+0000] {processor.py:157} INFO - Started process (PID=15366) to work on /home/airflow/.local/lib/python3.8/site-packages/airflow/example_dags/example_local_kubernetes_executor.py
[2024-06-23T07:10:32.239+0000] {processor.py:829} INFO - Processing file /home/airflow/.local/lib/python3.8/site-packages/airflow/example_dags/example_local_kubernetes_executor.py for tasks to queue
[2024-06-23T07:10:32.244+0000] {logging_mixin.py:154} INFO - [2024-06-23T07:10:32.243+0000] {dagbag.py:536} INFO - Filling up the DagBag from /home/airflow/.local/lib/python3.8/site-packages/airflow/example_dags/example_local_kubernetes_executor.py
[2024-06-23T07:10:32.272+0000] {processor.py:839} INFO - DAG(s) dict_keys(['example_local_kubernetes_executor']) retrieved from /home/airflow/.local/lib/python3.8/site-packages/airflow/example_dags/example_local_kubernetes_executor.py
[2024-06-23T07:10:32.362+0000] {logging_mixin.py:154} INFO - [2024-06-23T07:10:32.361+0000] {dag.py:2941} INFO - Sync 1 DAGs
[2024-06-23T07:10:32.389+0000] {logging_mixin.py:154} INFO - [2024-06-23T07:10:32.388+0000] {dag.py:3722} INFO - Setting next_dagrun for example_local_kubernetes_executor to None, run_after=None
[2024-06-23T07:10:32.464+0000] {processor.py:179} INFO - Processing /home/airflow/.local/lib/python3.8/site-packages/airflow/example_dags/example_local_kubernetes_executor.py took 0.258 seconds
[2024-06-23T07:11:03.042+0000] {processor.py:157} INFO - Started process (PID=15617) to work on /home/airflow/.local/lib/python3.8/site-packages/airflow/example_dags/example_local_kubernetes_executor.py
[2024-06-23T07:11:03.045+0000] {processor.py:829} INFO - Processing file /home/airflow/.local/lib/python3.8/site-packages/airflow/example_dags/example_local_kubernetes_executor.py for tasks to queue
[2024-06-23T07:11:03.047+0000] {logging_mixin.py:154} INFO - [2024-06-23T07:11:03.047+0000] {dagbag.py:536} INFO - Filling up the DagBag from /home/airflow/.local/lib/python3.8/site-packages/airflow/example_dags/example_local_kubernetes_executor.py
[2024-06-23T07:11:03.058+0000] {processor.py:839} INFO - DAG(s) dict_keys(['example_local_kubernetes_executor']) retrieved from /home/airflow/.local/lib/python3.8/site-packages/airflow/example_dags/example_local_kubernetes_executor.py
[2024-06-23T07:11:03.160+0000] {logging_mixin.py:154} INFO - [2024-06-23T07:11:03.160+0000] {dag.py:2941} INFO - Sync 1 DAGs
[2024-06-23T07:11:03.170+0000] {logging_mixin.py:154} INFO - [2024-06-23T07:11:03.170+0000] {dag.py:3722} INFO - Setting next_dagrun for example_local_kubernetes_executor to None, run_after=None
[2024-06-23T07:11:03.193+0000] {processor.py:179} INFO - Processing /home/airflow/.local/lib/python3.8/site-packages/airflow/example_dags/example_local_kubernetes_executor.py took 0.158 seconds
[2024-06-23T07:11:33.723+0000] {processor.py:157} INFO - Started process (PID=15861) to work on /home/airflow/.local/lib/python3.8/site-packages/airflow/example_dags/example_local_kubernetes_executor.py
[2024-06-23T07:11:33.724+0000] {processor.py:829} INFO - Processing file /home/airflow/.local/lib/python3.8/site-packages/airflow/example_dags/example_local_kubernetes_executor.py for tasks to queue
[2024-06-23T07:11:33.724+0000] {logging_mixin.py:154} INFO - [2024-06-23T07:11:33.724+0000] {dagbag.py:536} INFO - Filling up the DagBag from /home/airflow/.local/lib/python3.8/site-packages/airflow/example_dags/example_local_kubernetes_executor.py
[2024-06-23T07:11:33.730+0000] {processor.py:839} INFO - DAG(s) dict_keys(['example_local_kubernetes_executor']) retrieved from /home/airflow/.local/lib/python3.8/site-packages/airflow/example_dags/example_local_kubernetes_executor.py
[2024-06-23T07:11:33.755+0000] {logging_mixin.py:154} INFO - [2024-06-23T07:11:33.755+0000] {dag.py:2941} INFO - Sync 1 DAGs
[2024-06-23T07:11:33.764+0000] {logging_mixin.py:154} INFO - [2024-06-23T07:11:33.764+0000] {dag.py:3722} INFO - Setting next_dagrun for example_local_kubernetes_executor to None, run_after=None
[2024-06-23T07:11:33.778+0000] {processor.py:179} INFO - Processing /home/airflow/.local/lib/python3.8/site-packages/airflow/example_dags/example_local_kubernetes_executor.py took 0.057 seconds
[2024-06-23T07:12:04.086+0000] {processor.py:157} INFO - Started process (PID=16105) to work on /home/airflow/.local/lib/python3.8/site-packages/airflow/example_dags/example_local_kubernetes_executor.py
[2024-06-23T07:12:04.088+0000] {processor.py:829} INFO - Processing file /home/airflow/.local/lib/python3.8/site-packages/airflow/example_dags/example_local_kubernetes_executor.py for tasks to queue
[2024-06-23T07:12:04.091+0000] {logging_mixin.py:154} INFO - [2024-06-23T07:12:04.091+0000] {dagbag.py:536} INFO - Filling up the DagBag from /home/airflow/.local/lib/python3.8/site-packages/airflow/example_dags/example_local_kubernetes_executor.py
[2024-06-23T07:12:04.099+0000] {processor.py:839} INFO - DAG(s) dict_keys(['example_local_kubernetes_executor']) retrieved from /home/airflow/.local/lib/python3.8/site-packages/airflow/example_dags/example_local_kubernetes_executor.py
[2024-06-23T07:12:04.135+0000] {logging_mixin.py:154} INFO - [2024-06-23T07:12:04.135+0000] {dag.py:2941} INFO - Sync 1 DAGs
[2024-06-23T07:12:04.149+0000] {logging_mixin.py:154} INFO - [2024-06-23T07:12:04.149+0000] {dag.py:3722} INFO - Setting next_dagrun for example_local_kubernetes_executor to None, run_after=None
[2024-06-23T07:12:04.164+0000] {processor.py:179} INFO - Processing /home/airflow/.local/lib/python3.8/site-packages/airflow/example_dags/example_local_kubernetes_executor.py took 0.084 seconds
[2024-06-23T07:12:34.848+0000] {processor.py:157} INFO - Started process (PID=16349) to work on /home/airflow/.local/lib/python3.8/site-packages/airflow/example_dags/example_local_kubernetes_executor.py
[2024-06-23T07:12:34.848+0000] {processor.py:829} INFO - Processing file /home/airflow/.local/lib/python3.8/site-packages/airflow/example_dags/example_local_kubernetes_executor.py for tasks to queue
[2024-06-23T07:12:34.849+0000] {logging_mixin.py:154} INFO - [2024-06-23T07:12:34.849+0000] {dagbag.py:536} INFO - Filling up the DagBag from /home/airflow/.local/lib/python3.8/site-packages/airflow/example_dags/example_local_kubernetes_executor.py
[2024-06-23T07:12:34.854+0000] {processor.py:839} INFO - DAG(s) dict_keys(['example_local_kubernetes_executor']) retrieved from /home/airflow/.local/lib/python3.8/site-packages/airflow/example_dags/example_local_kubernetes_executor.py
[2024-06-23T07:12:34.886+0000] {logging_mixin.py:154} INFO - [2024-06-23T07:12:34.885+0000] {dag.py:2941} INFO - Sync 1 DAGs
[2024-06-23T07:12:34.900+0000] {logging_mixin.py:154} INFO - [2024-06-23T07:12:34.899+0000] {dag.py:3722} INFO - Setting next_dagrun for example_local_kubernetes_executor to None, run_after=None
[2024-06-23T07:12:34.922+0000] {processor.py:179} INFO - Processing /home/airflow/.local/lib/python3.8/site-packages/airflow/example_dags/example_local_kubernetes_executor.py took 0.077 seconds
[2024-06-23T07:13:05.046+0000] {processor.py:157} INFO - Started process (PID=16592) to work on /home/airflow/.local/lib/python3.8/site-packages/airflow/example_dags/example_local_kubernetes_executor.py
[2024-06-23T07:13:05.047+0000] {processor.py:829} INFO - Processing file /home/airflow/.local/lib/python3.8/site-packages/airflow/example_dags/example_local_kubernetes_executor.py for tasks to queue
[2024-06-23T07:13:05.048+0000] {logging_mixin.py:154} INFO - [2024-06-23T07:13:05.047+0000] {dagbag.py:536} INFO - Filling up the DagBag from /home/airflow/.local/lib/python3.8/site-packages/airflow/example_dags/example_local_kubernetes_executor.py
[2024-06-23T07:13:05.053+0000] {processor.py:839} INFO - DAG(s) dict_keys(['example_local_kubernetes_executor']) retrieved from /home/airflow/.local/lib/python3.8/site-packages/airflow/example_dags/example_local_kubernetes_executor.py
[2024-06-23T07:13:05.072+0000] {logging_mixin.py:154} INFO - [2024-06-23T07:13:05.072+0000] {dag.py:2941} INFO - Sync 1 DAGs
[2024-06-23T07:13:05.081+0000] {logging_mixin.py:154} INFO - [2024-06-23T07:13:05.081+0000] {dag.py:3722} INFO - Setting next_dagrun for example_local_kubernetes_executor to None, run_after=None
[2024-06-23T07:13:05.097+0000] {processor.py:179} INFO - Processing /home/airflow/.local/lib/python3.8/site-packages/airflow/example_dags/example_local_kubernetes_executor.py took 0.055 seconds
[2024-06-23T07:13:35.902+0000] {processor.py:157} INFO - Started process (PID=16837) to work on /home/airflow/.local/lib/python3.8/site-packages/airflow/example_dags/example_local_kubernetes_executor.py
[2024-06-23T07:13:35.903+0000] {processor.py:829} INFO - Processing file /home/airflow/.local/lib/python3.8/site-packages/airflow/example_dags/example_local_kubernetes_executor.py for tasks to queue
[2024-06-23T07:13:35.903+0000] {logging_mixin.py:154} INFO - [2024-06-23T07:13:35.903+0000] {dagbag.py:536} INFO - Filling up the DagBag from /home/airflow/.local/lib/python3.8/site-packages/airflow/example_dags/example_local_kubernetes_executor.py
[2024-06-23T07:13:35.909+0000] {processor.py:839} INFO - DAG(s) dict_keys(['example_local_kubernetes_executor']) retrieved from /home/airflow/.local/lib/python3.8/site-packages/airflow/example_dags/example_local_kubernetes_executor.py
[2024-06-23T07:13:35.933+0000] {logging_mixin.py:154} INFO - [2024-06-23T07:13:35.933+0000] {dag.py:2941} INFO - Sync 1 DAGs
[2024-06-23T07:13:35.952+0000] {logging_mixin.py:154} INFO - [2024-06-23T07:13:35.952+0000] {dag.py:3722} INFO - Setting next_dagrun for example_local_kubernetes_executor to None, run_after=None
[2024-06-23T07:13:35.992+0000] {processor.py:179} INFO - Processing /home/airflow/.local/lib/python3.8/site-packages/airflow/example_dags/example_local_kubernetes_executor.py took 0.092 seconds
[2024-06-23T07:14:06.989+0000] {processor.py:157} INFO - Started process (PID=17081) to work on /home/airflow/.local/lib/python3.8/site-packages/airflow/example_dags/example_local_kubernetes_executor.py
[2024-06-23T07:14:06.991+0000] {processor.py:829} INFO - Processing file /home/airflow/.local/lib/python3.8/site-packages/airflow/example_dags/example_local_kubernetes_executor.py for tasks to queue
[2024-06-23T07:14:06.992+0000] {logging_mixin.py:154} INFO - [2024-06-23T07:14:06.992+0000] {dagbag.py:536} INFO - Filling up the DagBag from /home/airflow/.local/lib/python3.8/site-packages/airflow/example_dags/example_local_kubernetes_executor.py
[2024-06-23T07:14:07.001+0000] {processor.py:839} INFO - DAG(s) dict_keys(['example_local_kubernetes_executor']) retrieved from /home/airflow/.local/lib/python3.8/site-packages/airflow/example_dags/example_local_kubernetes_executor.py
[2024-06-23T07:14:07.030+0000] {logging_mixin.py:154} INFO - [2024-06-23T07:14:07.029+0000] {dag.py:2941} INFO - Sync 1 DAGs
[2024-06-23T07:14:07.039+0000] {logging_mixin.py:154} INFO - [2024-06-23T07:14:07.039+0000] {dag.py:3722} INFO - Setting next_dagrun for example_local_kubernetes_executor to None, run_after=None
[2024-06-23T07:14:07.051+0000] {processor.py:179} INFO - Processing /home/airflow/.local/lib/python3.8/site-packages/airflow/example_dags/example_local_kubernetes_executor.py took 0.065 seconds
[2024-06-23T07:14:37.164+0000] {processor.py:157} INFO - Started process (PID=17319) to work on /home/airflow/.local/lib/python3.8/site-packages/airflow/example_dags/example_local_kubernetes_executor.py
[2024-06-23T07:14:37.165+0000] {processor.py:829} INFO - Processing file /home/airflow/.local/lib/python3.8/site-packages/airflow/example_dags/example_local_kubernetes_executor.py for tasks to queue
[2024-06-23T07:14:37.166+0000] {logging_mixin.py:154} INFO - [2024-06-23T07:14:37.166+0000] {dagbag.py:536} INFO - Filling up the DagBag from /home/airflow/.local/lib/python3.8/site-packages/airflow/example_dags/example_local_kubernetes_executor.py
[2024-06-23T07:14:37.171+0000] {processor.py:839} INFO - DAG(s) dict_keys(['example_local_kubernetes_executor']) retrieved from /home/airflow/.local/lib/python3.8/site-packages/airflow/example_dags/example_local_kubernetes_executor.py
[2024-06-23T07:14:37.190+0000] {logging_mixin.py:154} INFO - [2024-06-23T07:14:37.190+0000] {dag.py:2941} INFO - Sync 1 DAGs
[2024-06-23T07:14:37.198+0000] {logging_mixin.py:154} INFO - [2024-06-23T07:14:37.198+0000] {dag.py:3722} INFO - Setting next_dagrun for example_local_kubernetes_executor to None, run_after=None
[2024-06-23T07:14:37.217+0000] {processor.py:179} INFO - Processing /home/airflow/.local/lib/python3.8/site-packages/airflow/example_dags/example_local_kubernetes_executor.py took 0.055 seconds
[2024-06-23T07:15:07.941+0000] {processor.py:157} INFO - Started process (PID=17569) to work on /home/airflow/.local/lib/python3.8/site-packages/airflow/example_dags/example_local_kubernetes_executor.py
[2024-06-23T07:15:07.942+0000] {processor.py:829} INFO - Processing file /home/airflow/.local/lib/python3.8/site-packages/airflow/example_dags/example_local_kubernetes_executor.py for tasks to queue
[2024-06-23T07:15:07.942+0000] {logging_mixin.py:154} INFO - [2024-06-23T07:15:07.942+0000] {dagbag.py:536} INFO - Filling up the DagBag from /home/airflow/.local/lib/python3.8/site-packages/airflow/example_dags/example_local_kubernetes_executor.py
[2024-06-23T07:15:07.947+0000] {processor.py:839} INFO - DAG(s) dict_keys(['example_local_kubernetes_executor']) retrieved from /home/airflow/.local/lib/python3.8/site-packages/airflow/example_dags/example_local_kubernetes_executor.py
[2024-06-23T07:15:07.964+0000] {logging_mixin.py:154} INFO - [2024-06-23T07:15:07.964+0000] {dag.py:2941} INFO - Sync 1 DAGs
[2024-06-23T07:15:07.973+0000] {logging_mixin.py:154} INFO - [2024-06-23T07:15:07.973+0000] {dag.py:3722} INFO - Setting next_dagrun for example_local_kubernetes_executor to None, run_after=None
[2024-06-23T07:15:07.983+0000] {processor.py:179} INFO - Processing /home/airflow/.local/lib/python3.8/site-packages/airflow/example_dags/example_local_kubernetes_executor.py took 0.044 seconds
[2024-06-23T07:15:39.033+0000] {processor.py:157} INFO - Started process (PID=17813) to work on /home/airflow/.local/lib/python3.8/site-packages/airflow/example_dags/example_local_kubernetes_executor.py
[2024-06-23T07:15:39.034+0000] {processor.py:829} INFO - Processing file /home/airflow/.local/lib/python3.8/site-packages/airflow/example_dags/example_local_kubernetes_executor.py for tasks to queue
[2024-06-23T07:15:39.035+0000] {logging_mixin.py:154} INFO - [2024-06-23T07:15:39.035+0000] {dagbag.py:536} INFO - Filling up the DagBag from /home/airflow/.local/lib/python3.8/site-packages/airflow/example_dags/example_local_kubernetes_executor.py
[2024-06-23T07:15:39.040+0000] {processor.py:839} INFO - DAG(s) dict_keys(['example_local_kubernetes_executor']) retrieved from /home/airflow/.local/lib/python3.8/site-packages/airflow/example_dags/example_local_kubernetes_executor.py
[2024-06-23T07:15:39.061+0000] {logging_mixin.py:154} INFO - [2024-06-23T07:15:39.061+0000] {dag.py:2941} INFO - Sync 1 DAGs
[2024-06-23T07:15:39.069+0000] {logging_mixin.py:154} INFO - [2024-06-23T07:15:39.069+0000] {dag.py:3722} INFO - Setting next_dagrun for example_local_kubernetes_executor to None, run_after=None
[2024-06-23T07:15:39.082+0000] {processor.py:179} INFO - Processing /home/airflow/.local/lib/python3.8/site-packages/airflow/example_dags/example_local_kubernetes_executor.py took 0.051 seconds
[2024-06-23T07:16:09.538+0000] {processor.py:157} INFO - Started process (PID=18057) to work on /home/airflow/.local/lib/python3.8/site-packages/airflow/example_dags/example_local_kubernetes_executor.py
[2024-06-23T07:16:09.539+0000] {processor.py:829} INFO - Processing file /home/airflow/.local/lib/python3.8/site-packages/airflow/example_dags/example_local_kubernetes_executor.py for tasks to queue
[2024-06-23T07:16:09.541+0000] {logging_mixin.py:154} INFO - [2024-06-23T07:16:09.540+0000] {dagbag.py:536} INFO - Filling up the DagBag from /home/airflow/.local/lib/python3.8/site-packages/airflow/example_dags/example_local_kubernetes_executor.py
[2024-06-23T07:16:09.547+0000] {processor.py:839} INFO - DAG(s) dict_keys(['example_local_kubernetes_executor']) retrieved from /home/airflow/.local/lib/python3.8/site-packages/airflow/example_dags/example_local_kubernetes_executor.py
[2024-06-23T07:16:09.672+0000] {logging_mixin.py:154} INFO - [2024-06-23T07:16:09.672+0000] {dag.py:2941} INFO - Sync 1 DAGs
[2024-06-23T07:16:09.685+0000] {logging_mixin.py:154} INFO - [2024-06-23T07:16:09.684+0000] {dag.py:3722} INFO - Setting next_dagrun for example_local_kubernetes_executor to None, run_after=None
[2024-06-23T07:16:09.707+0000] {processor.py:179} INFO - Processing /home/airflow/.local/lib/python3.8/site-packages/airflow/example_dags/example_local_kubernetes_executor.py took 0.172 seconds
[2024-06-23T07:16:39.753+0000] {processor.py:157} INFO - Started process (PID=18295) to work on /home/airflow/.local/lib/python3.8/site-packages/airflow/example_dags/example_local_kubernetes_executor.py
[2024-06-23T07:16:39.755+0000] {processor.py:829} INFO - Processing file /home/airflow/.local/lib/python3.8/site-packages/airflow/example_dags/example_local_kubernetes_executor.py for tasks to queue
[2024-06-23T07:16:39.756+0000] {logging_mixin.py:154} INFO - [2024-06-23T07:16:39.755+0000] {dagbag.py:536} INFO - Filling up the DagBag from /home/airflow/.local/lib/python3.8/site-packages/airflow/example_dags/example_local_kubernetes_executor.py
[2024-06-23T07:16:39.763+0000] {processor.py:839} INFO - DAG(s) dict_keys(['example_local_kubernetes_executor']) retrieved from /home/airflow/.local/lib/python3.8/site-packages/airflow/example_dags/example_local_kubernetes_executor.py
[2024-06-23T07:16:39.790+0000] {logging_mixin.py:154} INFO - [2024-06-23T07:16:39.790+0000] {dag.py:2941} INFO - Sync 1 DAGs
[2024-06-23T07:16:39.799+0000] {logging_mixin.py:154} INFO - [2024-06-23T07:16:39.799+0000] {dag.py:3722} INFO - Setting next_dagrun for example_local_kubernetes_executor to None, run_after=None
[2024-06-23T07:16:39.810+0000] {processor.py:179} INFO - Processing /home/airflow/.local/lib/python3.8/site-packages/airflow/example_dags/example_local_kubernetes_executor.py took 0.068 seconds
[2024-06-23T07:17:10.056+0000] {processor.py:157} INFO - Started process (PID=18539) to work on /home/airflow/.local/lib/python3.8/site-packages/airflow/example_dags/example_local_kubernetes_executor.py
[2024-06-23T07:17:10.057+0000] {processor.py:829} INFO - Processing file /home/airflow/.local/lib/python3.8/site-packages/airflow/example_dags/example_local_kubernetes_executor.py for tasks to queue
[2024-06-23T07:17:10.058+0000] {logging_mixin.py:154} INFO - [2024-06-23T07:17:10.057+0000] {dagbag.py:536} INFO - Filling up the DagBag from /home/airflow/.local/lib/python3.8/site-packages/airflow/example_dags/example_local_kubernetes_executor.py
[2024-06-23T07:17:10.064+0000] {processor.py:839} INFO - DAG(s) dict_keys(['example_local_kubernetes_executor']) retrieved from /home/airflow/.local/lib/python3.8/site-packages/airflow/example_dags/example_local_kubernetes_executor.py
[2024-06-23T07:17:10.092+0000] {logging_mixin.py:154} INFO - [2024-06-23T07:17:10.092+0000] {dag.py:2941} INFO - Sync 1 DAGs
[2024-06-23T07:17:10.101+0000] {logging_mixin.py:154} INFO - [2024-06-23T07:17:10.100+0000] {dag.py:3722} INFO - Setting next_dagrun for example_local_kubernetes_executor to None, run_after=None
[2024-06-23T07:17:10.112+0000] {processor.py:179} INFO - Processing /home/airflow/.local/lib/python3.8/site-packages/airflow/example_dags/example_local_kubernetes_executor.py took 0.058 seconds
[2024-06-23T07:17:40.638+0000] {processor.py:157} INFO - Started process (PID=18783) to work on /home/airflow/.local/lib/python3.8/site-packages/airflow/example_dags/example_local_kubernetes_executor.py
[2024-06-23T07:17:40.640+0000] {processor.py:829} INFO - Processing file /home/airflow/.local/lib/python3.8/site-packages/airflow/example_dags/example_local_kubernetes_executor.py for tasks to queue
[2024-06-23T07:17:40.642+0000] {logging_mixin.py:154} INFO - [2024-06-23T07:17:40.642+0000] {dagbag.py:536} INFO - Filling up the DagBag from /home/airflow/.local/lib/python3.8/site-packages/airflow/example_dags/example_local_kubernetes_executor.py
[2024-06-23T07:17:40.653+0000] {processor.py:839} INFO - DAG(s) dict_keys(['example_local_kubernetes_executor']) retrieved from /home/airflow/.local/lib/python3.8/site-packages/airflow/example_dags/example_local_kubernetes_executor.py
[2024-06-23T07:17:40.683+0000] {logging_mixin.py:154} INFO - [2024-06-23T07:17:40.683+0000] {dag.py:2941} INFO - Sync 1 DAGs
[2024-06-23T07:17:40.692+0000] {logging_mixin.py:154} INFO - [2024-06-23T07:17:40.692+0000] {dag.py:3722} INFO - Setting next_dagrun for example_local_kubernetes_executor to None, run_after=None
[2024-06-23T07:17:40.703+0000] {processor.py:179} INFO - Processing /home/airflow/.local/lib/python3.8/site-packages/airflow/example_dags/example_local_kubernetes_executor.py took 0.070 seconds
[2024-06-23T07:18:10.826+0000] {processor.py:157} INFO - Started process (PID=19027) to work on /home/airflow/.local/lib/python3.8/site-packages/airflow/example_dags/example_local_kubernetes_executor.py
[2024-06-23T07:18:10.827+0000] {processor.py:829} INFO - Processing file /home/airflow/.local/lib/python3.8/site-packages/airflow/example_dags/example_local_kubernetes_executor.py for tasks to queue
[2024-06-23T07:18:10.828+0000] {logging_mixin.py:154} INFO - [2024-06-23T07:18:10.828+0000] {dagbag.py:536} INFO - Filling up the DagBag from /home/airflow/.local/lib/python3.8/site-packages/airflow/example_dags/example_local_kubernetes_executor.py
[2024-06-23T07:18:10.834+0000] {processor.py:839} INFO - DAG(s) dict_keys(['example_local_kubernetes_executor']) retrieved from /home/airflow/.local/lib/python3.8/site-packages/airflow/example_dags/example_local_kubernetes_executor.py
[2024-06-23T07:18:10.853+0000] {logging_mixin.py:154} INFO - [2024-06-23T07:18:10.853+0000] {dag.py:2941} INFO - Sync 1 DAGs
[2024-06-23T07:18:10.861+0000] {logging_mixin.py:154} INFO - [2024-06-23T07:18:10.861+0000] {dag.py:3722} INFO - Setting next_dagrun for example_local_kubernetes_executor to None, run_after=None
[2024-06-23T07:18:10.874+0000] {processor.py:179} INFO - Processing /home/airflow/.local/lib/python3.8/site-packages/airflow/example_dags/example_local_kubernetes_executor.py took 0.050 seconds
[2024-06-23T07:18:41.033+0000] {processor.py:157} INFO - Started process (PID=19271) to work on /home/airflow/.local/lib/python3.8/site-packages/airflow/example_dags/example_local_kubernetes_executor.py
[2024-06-23T07:18:41.035+0000] {processor.py:829} INFO - Processing file /home/airflow/.local/lib/python3.8/site-packages/airflow/example_dags/example_local_kubernetes_executor.py for tasks to queue
[2024-06-23T07:18:41.036+0000] {logging_mixin.py:154} INFO - [2024-06-23T07:18:41.036+0000] {dagbag.py:536} INFO - Filling up the DagBag from /home/airflow/.local/lib/python3.8/site-packages/airflow/example_dags/example_local_kubernetes_executor.py
[2024-06-23T07:18:41.042+0000] {processor.py:839} INFO - DAG(s) dict_keys(['example_local_kubernetes_executor']) retrieved from /home/airflow/.local/lib/python3.8/site-packages/airflow/example_dags/example_local_kubernetes_executor.py
[2024-06-23T07:18:41.068+0000] {logging_mixin.py:154} INFO - [2024-06-23T07:18:41.068+0000] {dag.py:2941} INFO - Sync 1 DAGs
[2024-06-23T07:18:41.077+0000] {logging_mixin.py:154} INFO - [2024-06-23T07:18:41.077+0000] {dag.py:3722} INFO - Setting next_dagrun for example_local_kubernetes_executor to None, run_after=None
[2024-06-23T07:18:41.089+0000] {processor.py:179} INFO - Processing /home/airflow/.local/lib/python3.8/site-packages/airflow/example_dags/example_local_kubernetes_executor.py took 0.058 seconds
[2024-06-23T07:19:11.174+0000] {processor.py:157} INFO - Started process (PID=19514) to work on /home/airflow/.local/lib/python3.8/site-packages/airflow/example_dags/example_local_kubernetes_executor.py
[2024-06-23T07:19:11.175+0000] {processor.py:829} INFO - Processing file /home/airflow/.local/lib/python3.8/site-packages/airflow/example_dags/example_local_kubernetes_executor.py for tasks to queue
[2024-06-23T07:19:11.176+0000] {logging_mixin.py:154} INFO - [2024-06-23T07:19:11.176+0000] {dagbag.py:536} INFO - Filling up the DagBag from /home/airflow/.local/lib/python3.8/site-packages/airflow/example_dags/example_local_kubernetes_executor.py
[2024-06-23T07:19:11.183+0000] {processor.py:839} INFO - DAG(s) dict_keys(['example_local_kubernetes_executor']) retrieved from /home/airflow/.local/lib/python3.8/site-packages/airflow/example_dags/example_local_kubernetes_executor.py
[2024-06-23T07:19:11.213+0000] {logging_mixin.py:154} INFO - [2024-06-23T07:19:11.213+0000] {dag.py:2941} INFO - Sync 1 DAGs
[2024-06-23T07:19:11.223+0000] {logging_mixin.py:154} INFO - [2024-06-23T07:19:11.223+0000] {dag.py:3722} INFO - Setting next_dagrun for example_local_kubernetes_executor to None, run_after=None
[2024-06-23T07:19:11.239+0000] {processor.py:179} INFO - Processing /home/airflow/.local/lib/python3.8/site-packages/airflow/example_dags/example_local_kubernetes_executor.py took 0.067 seconds
[2024-06-23T07:19:41.645+0000] {processor.py:157} INFO - Started process (PID=19758) to work on /home/airflow/.local/lib/python3.8/site-packages/airflow/example_dags/example_local_kubernetes_executor.py
[2024-06-23T07:19:41.646+0000] {processor.py:829} INFO - Processing file /home/airflow/.local/lib/python3.8/site-packages/airflow/example_dags/example_local_kubernetes_executor.py for tasks to queue
[2024-06-23T07:19:41.647+0000] {logging_mixin.py:154} INFO - [2024-06-23T07:19:41.647+0000] {dagbag.py:536} INFO - Filling up the DagBag from /home/airflow/.local/lib/python3.8/site-packages/airflow/example_dags/example_local_kubernetes_executor.py
[2024-06-23T07:19:41.652+0000] {processor.py:839} INFO - DAG(s) dict_keys(['example_local_kubernetes_executor']) retrieved from /home/airflow/.local/lib/python3.8/site-packages/airflow/example_dags/example_local_kubernetes_executor.py
[2024-06-23T07:19:41.677+0000] {logging_mixin.py:154} INFO - [2024-06-23T07:19:41.677+0000] {dag.py:2941} INFO - Sync 1 DAGs
[2024-06-23T07:19:41.690+0000] {logging_mixin.py:154} INFO - [2024-06-23T07:19:41.690+0000] {dag.py:3722} INFO - Setting next_dagrun for example_local_kubernetes_executor to None, run_after=None
[2024-06-23T07:19:41.711+0000] {processor.py:179} INFO - Processing /home/airflow/.local/lib/python3.8/site-packages/airflow/example_dags/example_local_kubernetes_executor.py took 0.070 seconds
[2024-06-23T07:20:11.972+0000] {processor.py:157} INFO - Started process (PID=20001) to work on /home/airflow/.local/lib/python3.8/site-packages/airflow/example_dags/example_local_kubernetes_executor.py
[2024-06-23T07:20:11.973+0000] {processor.py:829} INFO - Processing file /home/airflow/.local/lib/python3.8/site-packages/airflow/example_dags/example_local_kubernetes_executor.py for tasks to queue
[2024-06-23T07:20:11.974+0000] {logging_mixin.py:154} INFO - [2024-06-23T07:20:11.974+0000] {dagbag.py:536} INFO - Filling up the DagBag from /home/airflow/.local/lib/python3.8/site-packages/airflow/example_dags/example_local_kubernetes_executor.py
[2024-06-23T07:20:11.981+0000] {processor.py:839} INFO - DAG(s) dict_keys(['example_local_kubernetes_executor']) retrieved from /home/airflow/.local/lib/python3.8/site-packages/airflow/example_dags/example_local_kubernetes_executor.py
[2024-06-23T07:20:12.004+0000] {logging_mixin.py:154} INFO - [2024-06-23T07:20:12.004+0000] {dag.py:2941} INFO - Sync 1 DAGs
[2024-06-23T07:20:12.013+0000] {logging_mixin.py:154} INFO - [2024-06-23T07:20:12.012+0000] {dag.py:3722} INFO - Setting next_dagrun for example_local_kubernetes_executor to None, run_after=None
[2024-06-23T07:20:12.025+0000] {processor.py:179} INFO - Processing /home/airflow/.local/lib/python3.8/site-packages/airflow/example_dags/example_local_kubernetes_executor.py took 0.056 seconds
[2024-06-23T07:20:42.759+0000] {processor.py:157} INFO - Started process (PID=20244) to work on /home/airflow/.local/lib/python3.8/site-packages/airflow/example_dags/example_local_kubernetes_executor.py
[2024-06-23T07:20:42.760+0000] {processor.py:829} INFO - Processing file /home/airflow/.local/lib/python3.8/site-packages/airflow/example_dags/example_local_kubernetes_executor.py for tasks to queue
[2024-06-23T07:20:42.761+0000] {logging_mixin.py:154} INFO - [2024-06-23T07:20:42.761+0000] {dagbag.py:536} INFO - Filling up the DagBag from /home/airflow/.local/lib/python3.8/site-packages/airflow/example_dags/example_local_kubernetes_executor.py
[2024-06-23T07:20:42.766+0000] {processor.py:839} INFO - DAG(s) dict_keys(['example_local_kubernetes_executor']) retrieved from /home/airflow/.local/lib/python3.8/site-packages/airflow/example_dags/example_local_kubernetes_executor.py
[2024-06-23T07:20:42.791+0000] {logging_mixin.py:154} INFO - [2024-06-23T07:20:42.791+0000] {dag.py:2941} INFO - Sync 1 DAGs
[2024-06-23T07:20:42.803+0000] {logging_mixin.py:154} INFO - [2024-06-23T07:20:42.803+0000] {dag.py:3722} INFO - Setting next_dagrun for example_local_kubernetes_executor to None, run_after=None
[2024-06-23T07:20:42.819+0000] {processor.py:179} INFO - Processing /home/airflow/.local/lib/python3.8/site-packages/airflow/example_dags/example_local_kubernetes_executor.py took 0.061 seconds
[2024-06-23T07:21:12.910+0000] {processor.py:157} INFO - Started process (PID=20488) to work on /home/airflow/.local/lib/python3.8/site-packages/airflow/example_dags/example_local_kubernetes_executor.py
[2024-06-23T07:21:12.911+0000] {processor.py:829} INFO - Processing file /home/airflow/.local/lib/python3.8/site-packages/airflow/example_dags/example_local_kubernetes_executor.py for tasks to queue
[2024-06-23T07:21:12.912+0000] {logging_mixin.py:154} INFO - [2024-06-23T07:21:12.912+0000] {dagbag.py:536} INFO - Filling up the DagBag from /home/airflow/.local/lib/python3.8/site-packages/airflow/example_dags/example_local_kubernetes_executor.py
[2024-06-23T07:21:12.917+0000] {processor.py:839} INFO - DAG(s) dict_keys(['example_local_kubernetes_executor']) retrieved from /home/airflow/.local/lib/python3.8/site-packages/airflow/example_dags/example_local_kubernetes_executor.py
[2024-06-23T07:21:12.943+0000] {logging_mixin.py:154} INFO - [2024-06-23T07:21:12.943+0000] {dag.py:2941} INFO - Sync 1 DAGs
[2024-06-23T07:21:12.953+0000] {logging_mixin.py:154} INFO - [2024-06-23T07:21:12.953+0000] {dag.py:3722} INFO - Setting next_dagrun for example_local_kubernetes_executor to None, run_after=None
[2024-06-23T07:21:12.967+0000] {processor.py:179} INFO - Processing /home/airflow/.local/lib/python3.8/site-packages/airflow/example_dags/example_local_kubernetes_executor.py took 0.060 seconds
[2024-06-23T07:21:43.006+0000] {processor.py:157} INFO - Started process (PID=20729) to work on /home/airflow/.local/lib/python3.8/site-packages/airflow/example_dags/example_local_kubernetes_executor.py
[2024-06-23T07:21:43.008+0000] {processor.py:829} INFO - Processing file /home/airflow/.local/lib/python3.8/site-packages/airflow/example_dags/example_local_kubernetes_executor.py for tasks to queue
[2024-06-23T07:21:43.009+0000] {logging_mixin.py:154} INFO - [2024-06-23T07:21:43.009+0000] {dagbag.py:536} INFO - Filling up the DagBag from /home/airflow/.local/lib/python3.8/site-packages/airflow/example_dags/example_local_kubernetes_executor.py
[2024-06-23T07:21:43.021+0000] {processor.py:839} INFO - DAG(s) dict_keys(['example_local_kubernetes_executor']) retrieved from /home/airflow/.local/lib/python3.8/site-packages/airflow/example_dags/example_local_kubernetes_executor.py
[2024-06-23T07:21:43.047+0000] {logging_mixin.py:154} INFO - [2024-06-23T07:21:43.047+0000] {dag.py:2941} INFO - Sync 1 DAGs
[2024-06-23T07:21:43.056+0000] {logging_mixin.py:154} INFO - [2024-06-23T07:21:43.056+0000] {dag.py:3722} INFO - Setting next_dagrun for example_local_kubernetes_executor to None, run_after=None
[2024-06-23T07:21:43.067+0000] {processor.py:179} INFO - Processing /home/airflow/.local/lib/python3.8/site-packages/airflow/example_dags/example_local_kubernetes_executor.py took 0.067 seconds
[2024-06-23T07:22:13.870+0000] {processor.py:157} INFO - Started process (PID=20976) to work on /home/airflow/.local/lib/python3.8/site-packages/airflow/example_dags/example_local_kubernetes_executor.py
[2024-06-23T07:22:13.871+0000] {processor.py:829} INFO - Processing file /home/airflow/.local/lib/python3.8/site-packages/airflow/example_dags/example_local_kubernetes_executor.py for tasks to queue
[2024-06-23T07:22:13.871+0000] {logging_mixin.py:154} INFO - [2024-06-23T07:22:13.871+0000] {dagbag.py:536} INFO - Filling up the DagBag from /home/airflow/.local/lib/python3.8/site-packages/airflow/example_dags/example_local_kubernetes_executor.py
[2024-06-23T07:22:13.877+0000] {processor.py:839} INFO - DAG(s) dict_keys(['example_local_kubernetes_executor']) retrieved from /home/airflow/.local/lib/python3.8/site-packages/airflow/example_dags/example_local_kubernetes_executor.py
[2024-06-23T07:22:13.899+0000] {logging_mixin.py:154} INFO - [2024-06-23T07:22:13.899+0000] {dag.py:2941} INFO - Sync 1 DAGs
[2024-06-23T07:22:13.907+0000] {logging_mixin.py:154} INFO - [2024-06-23T07:22:13.907+0000] {dag.py:3722} INFO - Setting next_dagrun for example_local_kubernetes_executor to None, run_after=None
[2024-06-23T07:22:13.921+0000] {processor.py:179} INFO - Processing /home/airflow/.local/lib/python3.8/site-packages/airflow/example_dags/example_local_kubernetes_executor.py took 0.053 seconds
[2024-06-23T07:22:44.658+0000] {processor.py:157} INFO - Started process (PID=21220) to work on /home/airflow/.local/lib/python3.8/site-packages/airflow/example_dags/example_local_kubernetes_executor.py
[2024-06-23T07:22:44.659+0000] {processor.py:829} INFO - Processing file /home/airflow/.local/lib/python3.8/site-packages/airflow/example_dags/example_local_kubernetes_executor.py for tasks to queue
[2024-06-23T07:22:44.660+0000] {logging_mixin.py:154} INFO - [2024-06-23T07:22:44.660+0000] {dagbag.py:536} INFO - Filling up the DagBag from /home/airflow/.local/lib/python3.8/site-packages/airflow/example_dags/example_local_kubernetes_executor.py
[2024-06-23T07:22:44.665+0000] {processor.py:839} INFO - DAG(s) dict_keys(['example_local_kubernetes_executor']) retrieved from /home/airflow/.local/lib/python3.8/site-packages/airflow/example_dags/example_local_kubernetes_executor.py
[2024-06-23T07:22:44.703+0000] {logging_mixin.py:154} INFO - [2024-06-23T07:22:44.702+0000] {dag.py:2941} INFO - Sync 1 DAGs
[2024-06-23T07:22:44.710+0000] {logging_mixin.py:154} INFO - [2024-06-23T07:22:44.710+0000] {dag.py:3722} INFO - Setting next_dagrun for example_local_kubernetes_executor to None, run_after=None
[2024-06-23T07:22:44.723+0000] {processor.py:179} INFO - Processing /home/airflow/.local/lib/python3.8/site-packages/airflow/example_dags/example_local_kubernetes_executor.py took 0.067 seconds
[2024-06-23T07:23:15.699+0000] {processor.py:157} INFO - Started process (PID=21464) to work on /home/airflow/.local/lib/python3.8/site-packages/airflow/example_dags/example_local_kubernetes_executor.py
[2024-06-23T07:23:15.700+0000] {processor.py:829} INFO - Processing file /home/airflow/.local/lib/python3.8/site-packages/airflow/example_dags/example_local_kubernetes_executor.py for tasks to queue
[2024-06-23T07:23:15.702+0000] {logging_mixin.py:154} INFO - [2024-06-23T07:23:15.701+0000] {dagbag.py:536} INFO - Filling up the DagBag from /home/airflow/.local/lib/python3.8/site-packages/airflow/example_dags/example_local_kubernetes_executor.py
[2024-06-23T07:23:15.713+0000] {processor.py:839} INFO - DAG(s) dict_keys(['example_local_kubernetes_executor']) retrieved from /home/airflow/.local/lib/python3.8/site-packages/airflow/example_dags/example_local_kubernetes_executor.py
[2024-06-23T07:23:15.742+0000] {logging_mixin.py:154} INFO - [2024-06-23T07:23:15.742+0000] {dag.py:2941} INFO - Sync 1 DAGs
[2024-06-23T07:23:15.754+0000] {logging_mixin.py:154} INFO - [2024-06-23T07:23:15.754+0000] {dag.py:3722} INFO - Setting next_dagrun for example_local_kubernetes_executor to None, run_after=None
[2024-06-23T07:23:15.779+0000] {processor.py:179} INFO - Processing /home/airflow/.local/lib/python3.8/site-packages/airflow/example_dags/example_local_kubernetes_executor.py took 0.083 seconds
[2024-06-23T07:23:46.261+0000] {processor.py:157} INFO - Started process (PID=21708) to work on /home/airflow/.local/lib/python3.8/site-packages/airflow/example_dags/example_local_kubernetes_executor.py
[2024-06-23T07:23:46.262+0000] {processor.py:829} INFO - Processing file /home/airflow/.local/lib/python3.8/site-packages/airflow/example_dags/example_local_kubernetes_executor.py for tasks to queue
[2024-06-23T07:23:46.263+0000] {logging_mixin.py:154} INFO - [2024-06-23T07:23:46.263+0000] {dagbag.py:536} INFO - Filling up the DagBag from /home/airflow/.local/lib/python3.8/site-packages/airflow/example_dags/example_local_kubernetes_executor.py
[2024-06-23T07:23:46.267+0000] {processor.py:839} INFO - DAG(s) dict_keys(['example_local_kubernetes_executor']) retrieved from /home/airflow/.local/lib/python3.8/site-packages/airflow/example_dags/example_local_kubernetes_executor.py
[2024-06-23T07:23:46.287+0000] {logging_mixin.py:154} INFO - [2024-06-23T07:23:46.287+0000] {dag.py:2941} INFO - Sync 1 DAGs
[2024-06-23T07:23:46.294+0000] {logging_mixin.py:154} INFO - [2024-06-23T07:23:46.294+0000] {dag.py:3722} INFO - Setting next_dagrun for example_local_kubernetes_executor to None, run_after=None
[2024-06-23T07:23:46.307+0000] {processor.py:179} INFO - Processing /home/airflow/.local/lib/python3.8/site-packages/airflow/example_dags/example_local_kubernetes_executor.py took 0.048 seconds
[2024-06-23T07:24:17.315+0000] {processor.py:157} INFO - Started process (PID=21952) to work on /home/airflow/.local/lib/python3.8/site-packages/airflow/example_dags/example_local_kubernetes_executor.py
[2024-06-23T07:24:17.315+0000] {processor.py:829} INFO - Processing file /home/airflow/.local/lib/python3.8/site-packages/airflow/example_dags/example_local_kubernetes_executor.py for tasks to queue
[2024-06-23T07:24:17.316+0000] {logging_mixin.py:154} INFO - [2024-06-23T07:24:17.316+0000] {dagbag.py:536} INFO - Filling up the DagBag from /home/airflow/.local/lib/python3.8/site-packages/airflow/example_dags/example_local_kubernetes_executor.py
[2024-06-23T07:24:17.321+0000] {processor.py:839} INFO - DAG(s) dict_keys(['example_local_kubernetes_executor']) retrieved from /home/airflow/.local/lib/python3.8/site-packages/airflow/example_dags/example_local_kubernetes_executor.py
[2024-06-23T07:24:17.340+0000] {logging_mixin.py:154} INFO - [2024-06-23T07:24:17.340+0000] {dag.py:2941} INFO - Sync 1 DAGs
[2024-06-23T07:24:17.348+0000] {logging_mixin.py:154} INFO - [2024-06-23T07:24:17.348+0000] {dag.py:3722} INFO - Setting next_dagrun for example_local_kubernetes_executor to None, run_after=None
[2024-06-23T07:24:17.360+0000] {processor.py:179} INFO - Processing /home/airflow/.local/lib/python3.8/site-packages/airflow/example_dags/example_local_kubernetes_executor.py took 0.047 seconds
[2024-06-23T07:24:48.324+0000] {processor.py:157} INFO - Started process (PID=22196) to work on /home/airflow/.local/lib/python3.8/site-packages/airflow/example_dags/example_local_kubernetes_executor.py
[2024-06-23T07:24:48.326+0000] {processor.py:829} INFO - Processing file /home/airflow/.local/lib/python3.8/site-packages/airflow/example_dags/example_local_kubernetes_executor.py for tasks to queue
[2024-06-23T07:24:48.327+0000] {logging_mixin.py:154} INFO - [2024-06-23T07:24:48.327+0000] {dagbag.py:536} INFO - Filling up the DagBag from /home/airflow/.local/lib/python3.8/site-packages/airflow/example_dags/example_local_kubernetes_executor.py
[2024-06-23T07:24:48.334+0000] {processor.py:839} INFO - DAG(s) dict_keys(['example_local_kubernetes_executor']) retrieved from /home/airflow/.local/lib/python3.8/site-packages/airflow/example_dags/example_local_kubernetes_executor.py
[2024-06-23T07:24:48.357+0000] {logging_mixin.py:154} INFO - [2024-06-23T07:24:48.357+0000] {dag.py:2941} INFO - Sync 1 DAGs
[2024-06-23T07:24:48.365+0000] {logging_mixin.py:154} INFO - [2024-06-23T07:24:48.365+0000] {dag.py:3722} INFO - Setting next_dagrun for example_local_kubernetes_executor to None, run_after=None
[2024-06-23T07:24:48.378+0000] {processor.py:179} INFO - Processing /home/airflow/.local/lib/python3.8/site-packages/airflow/example_dags/example_local_kubernetes_executor.py took 0.057 seconds
[2024-06-23T07:25:18.426+0000] {processor.py:157} INFO - Started process (PID=22440) to work on /home/airflow/.local/lib/python3.8/site-packages/airflow/example_dags/example_local_kubernetes_executor.py
[2024-06-23T07:25:18.426+0000] {processor.py:829} INFO - Processing file /home/airflow/.local/lib/python3.8/site-packages/airflow/example_dags/example_local_kubernetes_executor.py for tasks to queue
[2024-06-23T07:25:18.427+0000] {logging_mixin.py:154} INFO - [2024-06-23T07:25:18.427+0000] {dagbag.py:536} INFO - Filling up the DagBag from /home/airflow/.local/lib/python3.8/site-packages/airflow/example_dags/example_local_kubernetes_executor.py
[2024-06-23T07:25:18.432+0000] {processor.py:839} INFO - DAG(s) dict_keys(['example_local_kubernetes_executor']) retrieved from /home/airflow/.local/lib/python3.8/site-packages/airflow/example_dags/example_local_kubernetes_executor.py
[2024-06-23T07:25:18.451+0000] {logging_mixin.py:154} INFO - [2024-06-23T07:25:18.451+0000] {dag.py:2941} INFO - Sync 1 DAGs
[2024-06-23T07:25:18.457+0000] {logging_mixin.py:154} INFO - [2024-06-23T07:25:18.457+0000] {dag.py:3722} INFO - Setting next_dagrun for example_local_kubernetes_executor to None, run_after=None
[2024-06-23T07:25:18.466+0000] {processor.py:179} INFO - Processing /home/airflow/.local/lib/python3.8/site-packages/airflow/example_dags/example_local_kubernetes_executor.py took 0.043 seconds
[2024-06-23T07:25:48.640+0000] {processor.py:157} INFO - Started process (PID=22684) to work on /home/airflow/.local/lib/python3.8/site-packages/airflow/example_dags/example_local_kubernetes_executor.py
[2024-06-23T07:25:48.641+0000] {processor.py:829} INFO - Processing file /home/airflow/.local/lib/python3.8/site-packages/airflow/example_dags/example_local_kubernetes_executor.py for tasks to queue
[2024-06-23T07:25:48.642+0000] {logging_mixin.py:154} INFO - [2024-06-23T07:25:48.642+0000] {dagbag.py:536} INFO - Filling up the DagBag from /home/airflow/.local/lib/python3.8/site-packages/airflow/example_dags/example_local_kubernetes_executor.py
[2024-06-23T07:25:48.646+0000] {processor.py:839} INFO - DAG(s) dict_keys(['example_local_kubernetes_executor']) retrieved from /home/airflow/.local/lib/python3.8/site-packages/airflow/example_dags/example_local_kubernetes_executor.py
[2024-06-23T07:25:48.664+0000] {logging_mixin.py:154} INFO - [2024-06-23T07:25:48.664+0000] {dag.py:2941} INFO - Sync 1 DAGs
[2024-06-23T07:25:48.670+0000] {logging_mixin.py:154} INFO - [2024-06-23T07:25:48.670+0000] {dag.py:3722} INFO - Setting next_dagrun for example_local_kubernetes_executor to None, run_after=None
[2024-06-23T07:25:48.678+0000] {processor.py:179} INFO - Processing /home/airflow/.local/lib/python3.8/site-packages/airflow/example_dags/example_local_kubernetes_executor.py took 0.040 seconds
[2024-06-23T07:26:19.418+0000] {processor.py:157} INFO - Started process (PID=22928) to work on /home/airflow/.local/lib/python3.8/site-packages/airflow/example_dags/example_local_kubernetes_executor.py
[2024-06-23T07:26:19.419+0000] {processor.py:829} INFO - Processing file /home/airflow/.local/lib/python3.8/site-packages/airflow/example_dags/example_local_kubernetes_executor.py for tasks to queue
[2024-06-23T07:26:19.420+0000] {logging_mixin.py:154} INFO - [2024-06-23T07:26:19.419+0000] {dagbag.py:536} INFO - Filling up the DagBag from /home/airflow/.local/lib/python3.8/site-packages/airflow/example_dags/example_local_kubernetes_executor.py
[2024-06-23T07:26:19.425+0000] {processor.py:839} INFO - DAG(s) dict_keys(['example_local_kubernetes_executor']) retrieved from /home/airflow/.local/lib/python3.8/site-packages/airflow/example_dags/example_local_kubernetes_executor.py
[2024-06-23T07:26:19.450+0000] {logging_mixin.py:154} INFO - [2024-06-23T07:26:19.450+0000] {dag.py:2941} INFO - Sync 1 DAGs
[2024-06-23T07:26:19.459+0000] {logging_mixin.py:154} INFO - [2024-06-23T07:26:19.459+0000] {dag.py:3722} INFO - Setting next_dagrun for example_local_kubernetes_executor to None, run_after=None
[2024-06-23T07:26:19.480+0000] {processor.py:179} INFO - Processing /home/airflow/.local/lib/python3.8/site-packages/airflow/example_dags/example_local_kubernetes_executor.py took 0.064 seconds
[2024-06-23T07:26:50.387+0000] {processor.py:157} INFO - Started process (PID=23172) to work on /home/airflow/.local/lib/python3.8/site-packages/airflow/example_dags/example_local_kubernetes_executor.py
[2024-06-23T07:26:50.389+0000] {processor.py:829} INFO - Processing file /home/airflow/.local/lib/python3.8/site-packages/airflow/example_dags/example_local_kubernetes_executor.py for tasks to queue
[2024-06-23T07:26:50.390+0000] {logging_mixin.py:154} INFO - [2024-06-23T07:26:50.390+0000] {dagbag.py:536} INFO - Filling up the DagBag from /home/airflow/.local/lib/python3.8/site-packages/airflow/example_dags/example_local_kubernetes_executor.py
[2024-06-23T07:26:50.399+0000] {processor.py:839} INFO - DAG(s) dict_keys(['example_local_kubernetes_executor']) retrieved from /home/airflow/.local/lib/python3.8/site-packages/airflow/example_dags/example_local_kubernetes_executor.py
[2024-06-23T07:26:50.423+0000] {logging_mixin.py:154} INFO - [2024-06-23T07:26:50.423+0000] {dag.py:2941} INFO - Sync 1 DAGs
[2024-06-23T07:26:50.433+0000] {logging_mixin.py:154} INFO - [2024-06-23T07:26:50.433+0000] {dag.py:3722} INFO - Setting next_dagrun for example_local_kubernetes_executor to None, run_after=None
[2024-06-23T07:26:50.442+0000] {processor.py:179} INFO - Processing /home/airflow/.local/lib/python3.8/site-packages/airflow/example_dags/example_local_kubernetes_executor.py took 0.059 seconds
[2024-06-23T07:27:21.253+0000] {processor.py:157} INFO - Started process (PID=23415) to work on /home/airflow/.local/lib/python3.8/site-packages/airflow/example_dags/example_local_kubernetes_executor.py
[2024-06-23T07:27:21.255+0000] {processor.py:829} INFO - Processing file /home/airflow/.local/lib/python3.8/site-packages/airflow/example_dags/example_local_kubernetes_executor.py for tasks to queue
[2024-06-23T07:27:21.256+0000] {logging_mixin.py:154} INFO - [2024-06-23T07:27:21.255+0000] {dagbag.py:536} INFO - Filling up the DagBag from /home/airflow/.local/lib/python3.8/site-packages/airflow/example_dags/example_local_kubernetes_executor.py
[2024-06-23T07:27:21.263+0000] {processor.py:839} INFO - DAG(s) dict_keys(['example_local_kubernetes_executor']) retrieved from /home/airflow/.local/lib/python3.8/site-packages/airflow/example_dags/example_local_kubernetes_executor.py
[2024-06-23T07:27:21.323+0000] {logging_mixin.py:154} INFO - [2024-06-23T07:27:21.323+0000] {dag.py:2941} INFO - Sync 1 DAGs
[2024-06-23T07:27:21.327+0000] {logging_mixin.py:154} INFO - [2024-06-23T07:27:21.327+0000] {dag.py:3722} INFO - Setting next_dagrun for example_local_kubernetes_executor to None, run_after=None
[2024-06-23T07:27:21.336+0000] {processor.py:179} INFO - Processing /home/airflow/.local/lib/python3.8/site-packages/airflow/example_dags/example_local_kubernetes_executor.py took 0.086 seconds
[2024-06-23T07:27:52.054+0000] {processor.py:157} INFO - Started process (PID=23659) to work on /home/airflow/.local/lib/python3.8/site-packages/airflow/example_dags/example_local_kubernetes_executor.py
[2024-06-23T07:27:52.056+0000] {processor.py:829} INFO - Processing file /home/airflow/.local/lib/python3.8/site-packages/airflow/example_dags/example_local_kubernetes_executor.py for tasks to queue
[2024-06-23T07:27:52.056+0000] {logging_mixin.py:154} INFO - [2024-06-23T07:27:52.056+0000] {dagbag.py:536} INFO - Filling up the DagBag from /home/airflow/.local/lib/python3.8/site-packages/airflow/example_dags/example_local_kubernetes_executor.py
[2024-06-23T07:27:52.062+0000] {processor.py:839} INFO - DAG(s) dict_keys(['example_local_kubernetes_executor']) retrieved from /home/airflow/.local/lib/python3.8/site-packages/airflow/example_dags/example_local_kubernetes_executor.py
[2024-06-23T07:27:52.081+0000] {logging_mixin.py:154} INFO - [2024-06-23T07:27:52.080+0000] {dag.py:2941} INFO - Sync 1 DAGs
[2024-06-23T07:27:52.090+0000] {logging_mixin.py:154} INFO - [2024-06-23T07:27:52.090+0000] {dag.py:3722} INFO - Setting next_dagrun for example_local_kubernetes_executor to None, run_after=None
[2024-06-23T07:27:52.103+0000] {processor.py:179} INFO - Processing /home/airflow/.local/lib/python3.8/site-packages/airflow/example_dags/example_local_kubernetes_executor.py took 0.051 seconds
[2024-06-23T07:28:23.071+0000] {processor.py:157} INFO - Started process (PID=23903) to work on /home/airflow/.local/lib/python3.8/site-packages/airflow/example_dags/example_local_kubernetes_executor.py
[2024-06-23T07:28:23.073+0000] {processor.py:829} INFO - Processing file /home/airflow/.local/lib/python3.8/site-packages/airflow/example_dags/example_local_kubernetes_executor.py for tasks to queue
[2024-06-23T07:28:23.074+0000] {logging_mixin.py:154} INFO - [2024-06-23T07:28:23.074+0000] {dagbag.py:536} INFO - Filling up the DagBag from /home/airflow/.local/lib/python3.8/site-packages/airflow/example_dags/example_local_kubernetes_executor.py
[2024-06-23T07:28:23.082+0000] {processor.py:839} INFO - DAG(s) dict_keys(['example_local_kubernetes_executor']) retrieved from /home/airflow/.local/lib/python3.8/site-packages/airflow/example_dags/example_local_kubernetes_executor.py
[2024-06-23T07:28:23.107+0000] {logging_mixin.py:154} INFO - [2024-06-23T07:28:23.107+0000] {dag.py:2941} INFO - Sync 1 DAGs
[2024-06-23T07:28:23.116+0000] {logging_mixin.py:154} INFO - [2024-06-23T07:28:23.116+0000] {dag.py:3722} INFO - Setting next_dagrun for example_local_kubernetes_executor to None, run_after=None
[2024-06-23T07:28:23.127+0000] {processor.py:179} INFO - Processing /home/airflow/.local/lib/python3.8/site-packages/airflow/example_dags/example_local_kubernetes_executor.py took 0.059 seconds
[2024-06-23T07:28:53.225+0000] {processor.py:157} INFO - Started process (PID=24147) to work on /home/airflow/.local/lib/python3.8/site-packages/airflow/example_dags/example_local_kubernetes_executor.py
[2024-06-23T07:28:53.227+0000] {processor.py:829} INFO - Processing file /home/airflow/.local/lib/python3.8/site-packages/airflow/example_dags/example_local_kubernetes_executor.py for tasks to queue
[2024-06-23T07:28:53.228+0000] {logging_mixin.py:154} INFO - [2024-06-23T07:28:53.228+0000] {dagbag.py:536} INFO - Filling up the DagBag from /home/airflow/.local/lib/python3.8/site-packages/airflow/example_dags/example_local_kubernetes_executor.py
[2024-06-23T07:28:53.235+0000] {processor.py:839} INFO - DAG(s) dict_keys(['example_local_kubernetes_executor']) retrieved from /home/airflow/.local/lib/python3.8/site-packages/airflow/example_dags/example_local_kubernetes_executor.py
[2024-06-23T07:28:53.259+0000] {logging_mixin.py:154} INFO - [2024-06-23T07:28:53.259+0000] {dag.py:2941} INFO - Sync 1 DAGs
[2024-06-23T07:28:53.266+0000] {logging_mixin.py:154} INFO - [2024-06-23T07:28:53.266+0000] {dag.py:3722} INFO - Setting next_dagrun for example_local_kubernetes_executor to None, run_after=None
[2024-06-23T07:28:53.277+0000] {processor.py:179} INFO - Processing /home/airflow/.local/lib/python3.8/site-packages/airflow/example_dags/example_local_kubernetes_executor.py took 0.055 seconds
[2024-06-23T07:29:23.440+0000] {processor.py:157} INFO - Started process (PID=24391) to work on /home/airflow/.local/lib/python3.8/site-packages/airflow/example_dags/example_local_kubernetes_executor.py
[2024-06-23T07:29:23.442+0000] {processor.py:829} INFO - Processing file /home/airflow/.local/lib/python3.8/site-packages/airflow/example_dags/example_local_kubernetes_executor.py for tasks to queue
[2024-06-23T07:29:23.443+0000] {logging_mixin.py:154} INFO - [2024-06-23T07:29:23.442+0000] {dagbag.py:536} INFO - Filling up the DagBag from /home/airflow/.local/lib/python3.8/site-packages/airflow/example_dags/example_local_kubernetes_executor.py
[2024-06-23T07:29:23.470+0000] {processor.py:839} INFO - DAG(s) dict_keys(['example_local_kubernetes_executor']) retrieved from /home/airflow/.local/lib/python3.8/site-packages/airflow/example_dags/example_local_kubernetes_executor.py
[2024-06-23T07:29:23.501+0000] {logging_mixin.py:154} INFO - [2024-06-23T07:29:23.500+0000] {dag.py:2941} INFO - Sync 1 DAGs
[2024-06-23T07:29:23.511+0000] {logging_mixin.py:154} INFO - [2024-06-23T07:29:23.511+0000] {dag.py:3722} INFO - Setting next_dagrun for example_local_kubernetes_executor to None, run_after=None
[2024-06-23T07:29:23.523+0000] {processor.py:179} INFO - Processing /home/airflow/.local/lib/python3.8/site-packages/airflow/example_dags/example_local_kubernetes_executor.py took 0.086 seconds
[2024-06-23T07:29:53.814+0000] {processor.py:157} INFO - Started process (PID=24635) to work on /home/airflow/.local/lib/python3.8/site-packages/airflow/example_dags/example_local_kubernetes_executor.py
[2024-06-23T07:29:53.815+0000] {processor.py:829} INFO - Processing file /home/airflow/.local/lib/python3.8/site-packages/airflow/example_dags/example_local_kubernetes_executor.py for tasks to queue
[2024-06-23T07:29:53.816+0000] {logging_mixin.py:154} INFO - [2024-06-23T07:29:53.816+0000] {dagbag.py:536} INFO - Filling up the DagBag from /home/airflow/.local/lib/python3.8/site-packages/airflow/example_dags/example_local_kubernetes_executor.py
[2024-06-23T07:29:53.824+0000] {processor.py:839} INFO - DAG(s) dict_keys(['example_local_kubernetes_executor']) retrieved from /home/airflow/.local/lib/python3.8/site-packages/airflow/example_dags/example_local_kubernetes_executor.py
[2024-06-23T07:29:53.848+0000] {logging_mixin.py:154} INFO - [2024-06-23T07:29:53.848+0000] {dag.py:2941} INFO - Sync 1 DAGs
[2024-06-23T07:29:53.855+0000] {logging_mixin.py:154} INFO - [2024-06-23T07:29:53.855+0000] {dag.py:3722} INFO - Setting next_dagrun for example_local_kubernetes_executor to None, run_after=None
[2024-06-23T07:29:53.865+0000] {processor.py:179} INFO - Processing /home/airflow/.local/lib/python3.8/site-packages/airflow/example_dags/example_local_kubernetes_executor.py took 0.055 seconds
[2024-06-23T07:30:24.438+0000] {processor.py:157} INFO - Started process (PID=24879) to work on /home/airflow/.local/lib/python3.8/site-packages/airflow/example_dags/example_local_kubernetes_executor.py
[2024-06-23T07:30:24.441+0000] {processor.py:829} INFO - Processing file /home/airflow/.local/lib/python3.8/site-packages/airflow/example_dags/example_local_kubernetes_executor.py for tasks to queue
[2024-06-23T07:30:24.442+0000] {logging_mixin.py:154} INFO - [2024-06-23T07:30:24.442+0000] {dagbag.py:536} INFO - Filling up the DagBag from /home/airflow/.local/lib/python3.8/site-packages/airflow/example_dags/example_local_kubernetes_executor.py
[2024-06-23T07:30:24.446+0000] {processor.py:839} INFO - DAG(s) dict_keys(['example_local_kubernetes_executor']) retrieved from /home/airflow/.local/lib/python3.8/site-packages/airflow/example_dags/example_local_kubernetes_executor.py
[2024-06-23T07:30:24.464+0000] {logging_mixin.py:154} INFO - [2024-06-23T07:30:24.463+0000] {dag.py:2941} INFO - Sync 1 DAGs
[2024-06-23T07:30:24.470+0000] {logging_mixin.py:154} INFO - [2024-06-23T07:30:24.470+0000] {dag.py:3722} INFO - Setting next_dagrun for example_local_kubernetes_executor to None, run_after=None
[2024-06-23T07:30:24.481+0000] {processor.py:179} INFO - Processing /home/airflow/.local/lib/python3.8/site-packages/airflow/example_dags/example_local_kubernetes_executor.py took 0.045 seconds
[2024-06-23T07:30:54.623+0000] {processor.py:157} INFO - Started process (PID=25125) to work on /home/airflow/.local/lib/python3.8/site-packages/airflow/example_dags/example_local_kubernetes_executor.py
[2024-06-23T07:30:54.624+0000] {processor.py:829} INFO - Processing file /home/airflow/.local/lib/python3.8/site-packages/airflow/example_dags/example_local_kubernetes_executor.py for tasks to queue
[2024-06-23T07:30:54.624+0000] {logging_mixin.py:154} INFO - [2024-06-23T07:30:54.624+0000] {dagbag.py:536} INFO - Filling up the DagBag from /home/airflow/.local/lib/python3.8/site-packages/airflow/example_dags/example_local_kubernetes_executor.py
[2024-06-23T07:30:54.629+0000] {processor.py:839} INFO - DAG(s) dict_keys(['example_local_kubernetes_executor']) retrieved from /home/airflow/.local/lib/python3.8/site-packages/airflow/example_dags/example_local_kubernetes_executor.py
[2024-06-23T07:30:54.647+0000] {logging_mixin.py:154} INFO - [2024-06-23T07:30:54.647+0000] {dag.py:2941} INFO - Sync 1 DAGs
[2024-06-23T07:30:54.654+0000] {logging_mixin.py:154} INFO - [2024-06-23T07:30:54.654+0000] {dag.py:3722} INFO - Setting next_dagrun for example_local_kubernetes_executor to None, run_after=None
[2024-06-23T07:30:54.663+0000] {processor.py:179} INFO - Processing /home/airflow/.local/lib/python3.8/site-packages/airflow/example_dags/example_local_kubernetes_executor.py took 0.042 seconds
