[2024-06-23T01:24:24.433+0000] {processor.py:157} INFO - Started process (PID=13183) to work on /home/airflow/.local/lib/python3.8/site-packages/airflow/example_dags/example_params_trigger_ui.py
[2024-06-23T01:24:24.434+0000] {processor.py:829} INFO - Processing file /home/airflow/.local/lib/python3.8/site-packages/airflow/example_dags/example_params_trigger_ui.py for tasks to queue
[2024-06-23T01:24:24.435+0000] {logging_mixin.py:154} INFO - [2024-06-23T01:24:24.435+0000] {dagbag.py:536} INFO - Filling up the DagBag from /home/airflow/.local/lib/python3.8/site-packages/airflow/example_dags/example_params_trigger_ui.py
[2024-06-23T01:24:24.447+0000] {processor.py:839} INFO - DAG(s) dict_keys(['example_params_trigger_ui']) retrieved from /home/airflow/.local/lib/python3.8/site-packages/airflow/example_dags/example_params_trigger_ui.py
[2024-06-23T01:24:24.478+0000] {logging_mixin.py:154} INFO - [2024-06-23T01:24:24.478+0000] {dag.py:2941} INFO - Sync 1 DAGs
[2024-06-23T01:24:24.486+0000] {logging_mixin.py:154} INFO - [2024-06-23T01:24:24.486+0000] {dag.py:3722} INFO - Setting next_dagrun for example_params_trigger_ui to None, run_after=None
[2024-06-23T01:24:24.498+0000] {processor.py:179} INFO - Processing /home/airflow/.local/lib/python3.8/site-packages/airflow/example_dags/example_params_trigger_ui.py took 0.067 seconds
[2024-06-23T02:48:33.253+0000] {processor.py:157} INFO - Started process (PID=13426) to work on /home/airflow/.local/lib/python3.8/site-packages/airflow/example_dags/example_params_trigger_ui.py
[2024-06-23T02:48:33.254+0000] {processor.py:829} INFO - Processing file /home/airflow/.local/lib/python3.8/site-packages/airflow/example_dags/example_params_trigger_ui.py for tasks to queue
[2024-06-23T02:48:33.255+0000] {logging_mixin.py:154} INFO - [2024-06-23T02:48:33.255+0000] {dagbag.py:536} INFO - Filling up the DagBag from /home/airflow/.local/lib/python3.8/site-packages/airflow/example_dags/example_params_trigger_ui.py
[2024-06-23T02:48:33.269+0000] {processor.py:839} INFO - DAG(s) dict_keys(['example_params_trigger_ui']) retrieved from /home/airflow/.local/lib/python3.8/site-packages/airflow/example_dags/example_params_trigger_ui.py
[2024-06-23T02:48:33.295+0000] {logging_mixin.py:154} INFO - [2024-06-23T02:48:33.295+0000] {dag.py:2941} INFO - Sync 1 DAGs
[2024-06-23T02:48:33.303+0000] {logging_mixin.py:154} INFO - [2024-06-23T02:48:33.302+0000] {dag.py:3722} INFO - Setting next_dagrun for example_params_trigger_ui to None, run_after=None
[2024-06-23T02:48:33.314+0000] {processor.py:179} INFO - Processing /home/airflow/.local/lib/python3.8/site-packages/airflow/example_dags/example_params_trigger_ui.py took 0.064 seconds
[2024-06-23T04:09:04.269+0000] {processor.py:157} INFO - Started process (PID=13674) to work on /home/airflow/.local/lib/python3.8/site-packages/airflow/example_dags/example_params_trigger_ui.py
[2024-06-23T04:09:04.270+0000] {processor.py:829} INFO - Processing file /home/airflow/.local/lib/python3.8/site-packages/airflow/example_dags/example_params_trigger_ui.py for tasks to queue
[2024-06-23T04:09:04.271+0000] {logging_mixin.py:154} INFO - [2024-06-23T04:09:04.270+0000] {dagbag.py:536} INFO - Filling up the DagBag from /home/airflow/.local/lib/python3.8/site-packages/airflow/example_dags/example_params_trigger_ui.py
[2024-06-23T04:09:04.287+0000] {processor.py:839} INFO - DAG(s) dict_keys(['example_params_trigger_ui']) retrieved from /home/airflow/.local/lib/python3.8/site-packages/airflow/example_dags/example_params_trigger_ui.py
[2024-06-23T04:09:04.295+0000] {logging_mixin.py:154} INFO - [2024-06-23T04:09:04.295+0000] {dag.py:2941} INFO - Sync 1 DAGs
[2024-06-23T04:09:04.304+0000] {logging_mixin.py:154} INFO - [2024-06-23T04:09:04.304+0000] {dag.py:3722} INFO - Setting next_dagrun for example_params_trigger_ui to None, run_after=None
[2024-06-23T04:09:04.313+0000] {processor.py:179} INFO - Processing /home/airflow/.local/lib/python3.8/site-packages/airflow/example_dags/example_params_trigger_ui.py took 0.046 seconds
[2024-06-23T05:49:43.083+0000] {processor.py:157} INFO - Started process (PID=13918) to work on /home/airflow/.local/lib/python3.8/site-packages/airflow/example_dags/example_params_trigger_ui.py
[2024-06-23T05:49:43.084+0000] {processor.py:829} INFO - Processing file /home/airflow/.local/lib/python3.8/site-packages/airflow/example_dags/example_params_trigger_ui.py for tasks to queue
[2024-06-23T05:49:43.085+0000] {logging_mixin.py:154} INFO - [2024-06-23T05:49:43.085+0000] {dagbag.py:536} INFO - Filling up the DagBag from /home/airflow/.local/lib/python3.8/site-packages/airflow/example_dags/example_params_trigger_ui.py
[2024-06-23T05:49:43.100+0000] {processor.py:839} INFO - DAG(s) dict_keys(['example_params_trigger_ui']) retrieved from /home/airflow/.local/lib/python3.8/site-packages/airflow/example_dags/example_params_trigger_ui.py
[2024-06-23T05:49:43.129+0000] {logging_mixin.py:154} INFO - [2024-06-23T05:49:43.129+0000] {dag.py:2941} INFO - Sync 1 DAGs
[2024-06-23T05:49:43.137+0000] {logging_mixin.py:154} INFO - [2024-06-23T05:49:43.137+0000] {dag.py:3722} INFO - Setting next_dagrun for example_params_trigger_ui to None, run_after=None
[2024-06-23T05:49:43.149+0000] {processor.py:179} INFO - Processing /home/airflow/.local/lib/python3.8/site-packages/airflow/example_dags/example_params_trigger_ui.py took 0.069 seconds
[2024-06-23T07:07:59.300+0000] {processor.py:157} INFO - Started process (PID=14173) to work on /home/airflow/.local/lib/python3.8/site-packages/airflow/example_dags/example_params_trigger_ui.py
[2024-06-23T07:07:59.302+0000] {processor.py:829} INFO - Processing file /home/airflow/.local/lib/python3.8/site-packages/airflow/example_dags/example_params_trigger_ui.py for tasks to queue
[2024-06-23T07:07:59.304+0000] {logging_mixin.py:154} INFO - [2024-06-23T07:07:59.303+0000] {dagbag.py:536} INFO - Filling up the DagBag from /home/airflow/.local/lib/python3.8/site-packages/airflow/example_dags/example_params_trigger_ui.py
[2024-06-23T07:07:59.320+0000] {processor.py:839} INFO - DAG(s) dict_keys(['example_params_trigger_ui']) retrieved from /home/airflow/.local/lib/python3.8/site-packages/airflow/example_dags/example_params_trigger_ui.py
[2024-06-23T07:07:59.383+0000] {logging_mixin.py:154} INFO - [2024-06-23T07:07:59.383+0000] {dag.py:2941} INFO - Sync 1 DAGs
[2024-06-23T07:07:59.398+0000] {logging_mixin.py:154} INFO - [2024-06-23T07:07:59.398+0000] {dag.py:3722} INFO - Setting next_dagrun for example_params_trigger_ui to None, run_after=None
[2024-06-23T07:07:59.425+0000] {processor.py:179} INFO - Processing /home/airflow/.local/lib/python3.8/site-packages/airflow/example_dags/example_params_trigger_ui.py took 0.128 seconds
[2024-06-23T07:08:30.158+0000] {processor.py:157} INFO - Started process (PID=14415) to work on /home/airflow/.local/lib/python3.8/site-packages/airflow/example_dags/example_params_trigger_ui.py
[2024-06-23T07:08:30.159+0000] {processor.py:829} INFO - Processing file /home/airflow/.local/lib/python3.8/site-packages/airflow/example_dags/example_params_trigger_ui.py for tasks to queue
[2024-06-23T07:08:30.160+0000] {logging_mixin.py:154} INFO - [2024-06-23T07:08:30.160+0000] {dagbag.py:536} INFO - Filling up the DagBag from /home/airflow/.local/lib/python3.8/site-packages/airflow/example_dags/example_params_trigger_ui.py
[2024-06-23T07:08:30.177+0000] {processor.py:839} INFO - DAG(s) dict_keys(['example_params_trigger_ui']) retrieved from /home/airflow/.local/lib/python3.8/site-packages/airflow/example_dags/example_params_trigger_ui.py
[2024-06-23T07:08:30.231+0000] {logging_mixin.py:154} INFO - [2024-06-23T07:08:30.231+0000] {dag.py:2941} INFO - Sync 1 DAGs
[2024-06-23T07:08:30.245+0000] {logging_mixin.py:154} INFO - [2024-06-23T07:08:30.245+0000] {dag.py:3722} INFO - Setting next_dagrun for example_params_trigger_ui to None, run_after=None
[2024-06-23T07:08:30.263+0000] {processor.py:179} INFO - Processing /home/airflow/.local/lib/python3.8/site-packages/airflow/example_dags/example_params_trigger_ui.py took 0.108 seconds
[2024-06-23T07:09:00.630+0000] {processor.py:157} INFO - Started process (PID=14661) to work on /home/airflow/.local/lib/python3.8/site-packages/airflow/example_dags/example_params_trigger_ui.py
[2024-06-23T07:09:00.632+0000] {processor.py:829} INFO - Processing file /home/airflow/.local/lib/python3.8/site-packages/airflow/example_dags/example_params_trigger_ui.py for tasks to queue
[2024-06-23T07:09:00.635+0000] {logging_mixin.py:154} INFO - [2024-06-23T07:09:00.634+0000] {dagbag.py:536} INFO - Filling up the DagBag from /home/airflow/.local/lib/python3.8/site-packages/airflow/example_dags/example_params_trigger_ui.py
[2024-06-23T07:09:00.663+0000] {processor.py:839} INFO - DAG(s) dict_keys(['example_params_trigger_ui']) retrieved from /home/airflow/.local/lib/python3.8/site-packages/airflow/example_dags/example_params_trigger_ui.py
[2024-06-23T07:09:00.751+0000] {logging_mixin.py:154} INFO - [2024-06-23T07:09:00.750+0000] {dag.py:2941} INFO - Sync 1 DAGs
[2024-06-23T07:09:00.758+0000] {logging_mixin.py:154} INFO - [2024-06-23T07:09:00.758+0000] {dag.py:3722} INFO - Setting next_dagrun for example_params_trigger_ui to None, run_after=None
[2024-06-23T07:09:00.772+0000] {processor.py:179} INFO - Processing /home/airflow/.local/lib/python3.8/site-packages/airflow/example_dags/example_params_trigger_ui.py took 0.147 seconds
[2024-06-23T07:09:31.634+0000] {processor.py:157} INFO - Started process (PID=14905) to work on /home/airflow/.local/lib/python3.8/site-packages/airflow/example_dags/example_params_trigger_ui.py
[2024-06-23T07:09:31.636+0000] {processor.py:829} INFO - Processing file /home/airflow/.local/lib/python3.8/site-packages/airflow/example_dags/example_params_trigger_ui.py for tasks to queue
[2024-06-23T07:09:31.637+0000] {logging_mixin.py:154} INFO - [2024-06-23T07:09:31.637+0000] {dagbag.py:536} INFO - Filling up the DagBag from /home/airflow/.local/lib/python3.8/site-packages/airflow/example_dags/example_params_trigger_ui.py
[2024-06-23T07:09:31.650+0000] {processor.py:839} INFO - DAG(s) dict_keys(['example_params_trigger_ui']) retrieved from /home/airflow/.local/lib/python3.8/site-packages/airflow/example_dags/example_params_trigger_ui.py
[2024-06-23T07:09:31.679+0000] {logging_mixin.py:154} INFO - [2024-06-23T07:09:31.679+0000] {dag.py:2941} INFO - Sync 1 DAGs
[2024-06-23T07:09:31.691+0000] {logging_mixin.py:154} INFO - [2024-06-23T07:09:31.691+0000] {dag.py:3722} INFO - Setting next_dagrun for example_params_trigger_ui to None, run_after=None
[2024-06-23T07:09:31.705+0000] {processor.py:179} INFO - Processing /home/airflow/.local/lib/python3.8/site-packages/airflow/example_dags/example_params_trigger_ui.py took 0.073 seconds
[2024-06-23T07:10:01.869+0000] {processor.py:157} INFO - Started process (PID=15149) to work on /home/airflow/.local/lib/python3.8/site-packages/airflow/example_dags/example_params_trigger_ui.py
[2024-06-23T07:10:01.873+0000] {processor.py:829} INFO - Processing file /home/airflow/.local/lib/python3.8/site-packages/airflow/example_dags/example_params_trigger_ui.py for tasks to queue
[2024-06-23T07:10:01.874+0000] {logging_mixin.py:154} INFO - [2024-06-23T07:10:01.874+0000] {dagbag.py:536} INFO - Filling up the DagBag from /home/airflow/.local/lib/python3.8/site-packages/airflow/example_dags/example_params_trigger_ui.py
[2024-06-23T07:10:01.887+0000] {processor.py:839} INFO - DAG(s) dict_keys(['example_params_trigger_ui']) retrieved from /home/airflow/.local/lib/python3.8/site-packages/airflow/example_dags/example_params_trigger_ui.py
[2024-06-23T07:10:01.922+0000] {logging_mixin.py:154} INFO - [2024-06-23T07:10:01.922+0000] {dag.py:2941} INFO - Sync 1 DAGs
[2024-06-23T07:10:01.932+0000] {logging_mixin.py:154} INFO - [2024-06-23T07:10:01.932+0000] {dag.py:3722} INFO - Setting next_dagrun for example_params_trigger_ui to None, run_after=None
[2024-06-23T07:10:01.951+0000] {processor.py:179} INFO - Processing /home/airflow/.local/lib/python3.8/site-packages/airflow/example_dags/example_params_trigger_ui.py took 0.085 seconds
[2024-06-23T07:10:33.016+0000] {processor.py:157} INFO - Started process (PID=15400) to work on /home/airflow/.local/lib/python3.8/site-packages/airflow/example_dags/example_params_trigger_ui.py
[2024-06-23T07:10:33.017+0000] {processor.py:829} INFO - Processing file /home/airflow/.local/lib/python3.8/site-packages/airflow/example_dags/example_params_trigger_ui.py for tasks to queue
[2024-06-23T07:10:33.018+0000] {logging_mixin.py:154} INFO - [2024-06-23T07:10:33.018+0000] {dagbag.py:536} INFO - Filling up the DagBag from /home/airflow/.local/lib/python3.8/site-packages/airflow/example_dags/example_params_trigger_ui.py
[2024-06-23T07:10:33.039+0000] {processor.py:839} INFO - DAG(s) dict_keys(['example_params_trigger_ui']) retrieved from /home/airflow/.local/lib/python3.8/site-packages/airflow/example_dags/example_params_trigger_ui.py
[2024-06-23T07:10:33.078+0000] {logging_mixin.py:154} INFO - [2024-06-23T07:10:33.078+0000] {dag.py:2941} INFO - Sync 1 DAGs
[2024-06-23T07:10:33.087+0000] {logging_mixin.py:154} INFO - [2024-06-23T07:10:33.087+0000] {dag.py:3722} INFO - Setting next_dagrun for example_params_trigger_ui to None, run_after=None
[2024-06-23T07:10:33.100+0000] {processor.py:179} INFO - Processing /home/airflow/.local/lib/python3.8/site-packages/airflow/example_dags/example_params_trigger_ui.py took 0.087 seconds
[2024-06-23T07:11:03.435+0000] {processor.py:157} INFO - Started process (PID=15644) to work on /home/airflow/.local/lib/python3.8/site-packages/airflow/example_dags/example_params_trigger_ui.py
[2024-06-23T07:11:03.436+0000] {processor.py:829} INFO - Processing file /home/airflow/.local/lib/python3.8/site-packages/airflow/example_dags/example_params_trigger_ui.py for tasks to queue
[2024-06-23T07:11:03.437+0000] {logging_mixin.py:154} INFO - [2024-06-23T07:11:03.437+0000] {dagbag.py:536} INFO - Filling up the DagBag from /home/airflow/.local/lib/python3.8/site-packages/airflow/example_dags/example_params_trigger_ui.py
[2024-06-23T07:11:03.450+0000] {processor.py:839} INFO - DAG(s) dict_keys(['example_params_trigger_ui']) retrieved from /home/airflow/.local/lib/python3.8/site-packages/airflow/example_dags/example_params_trigger_ui.py
[2024-06-23T07:11:03.481+0000] {logging_mixin.py:154} INFO - [2024-06-23T07:11:03.481+0000] {dag.py:2941} INFO - Sync 1 DAGs
[2024-06-23T07:11:03.490+0000] {logging_mixin.py:154} INFO - [2024-06-23T07:11:03.489+0000] {dag.py:3722} INFO - Setting next_dagrun for example_params_trigger_ui to None, run_after=None
[2024-06-23T07:11:03.508+0000] {processor.py:179} INFO - Processing /home/airflow/.local/lib/python3.8/site-packages/airflow/example_dags/example_params_trigger_ui.py took 0.075 seconds
[2024-06-23T07:11:33.938+0000] {processor.py:157} INFO - Started process (PID=15886) to work on /home/airflow/.local/lib/python3.8/site-packages/airflow/example_dags/example_params_trigger_ui.py
[2024-06-23T07:11:33.939+0000] {processor.py:829} INFO - Processing file /home/airflow/.local/lib/python3.8/site-packages/airflow/example_dags/example_params_trigger_ui.py for tasks to queue
[2024-06-23T07:11:33.940+0000] {logging_mixin.py:154} INFO - [2024-06-23T07:11:33.940+0000] {dagbag.py:536} INFO - Filling up the DagBag from /home/airflow/.local/lib/python3.8/site-packages/airflow/example_dags/example_params_trigger_ui.py
[2024-06-23T07:11:33.952+0000] {processor.py:839} INFO - DAG(s) dict_keys(['example_params_trigger_ui']) retrieved from /home/airflow/.local/lib/python3.8/site-packages/airflow/example_dags/example_params_trigger_ui.py
[2024-06-23T07:11:33.983+0000] {logging_mixin.py:154} INFO - [2024-06-23T07:11:33.983+0000] {dag.py:2941} INFO - Sync 1 DAGs
[2024-06-23T07:11:33.993+0000] {logging_mixin.py:154} INFO - [2024-06-23T07:11:33.993+0000] {dag.py:3722} INFO - Setting next_dagrun for example_params_trigger_ui to None, run_after=None
[2024-06-23T07:11:34.003+0000] {processor.py:179} INFO - Processing /home/airflow/.local/lib/python3.8/site-packages/airflow/example_dags/example_params_trigger_ui.py took 0.068 seconds
[2024-06-23T07:12:04.406+0000] {processor.py:157} INFO - Started process (PID=16130) to work on /home/airflow/.local/lib/python3.8/site-packages/airflow/example_dags/example_params_trigger_ui.py
[2024-06-23T07:12:04.407+0000] {processor.py:829} INFO - Processing file /home/airflow/.local/lib/python3.8/site-packages/airflow/example_dags/example_params_trigger_ui.py for tasks to queue
[2024-06-23T07:12:04.408+0000] {logging_mixin.py:154} INFO - [2024-06-23T07:12:04.408+0000] {dagbag.py:536} INFO - Filling up the DagBag from /home/airflow/.local/lib/python3.8/site-packages/airflow/example_dags/example_params_trigger_ui.py
[2024-06-23T07:12:04.427+0000] {processor.py:839} INFO - DAG(s) dict_keys(['example_params_trigger_ui']) retrieved from /home/airflow/.local/lib/python3.8/site-packages/airflow/example_dags/example_params_trigger_ui.py
[2024-06-23T07:12:04.470+0000] {logging_mixin.py:154} INFO - [2024-06-23T07:12:04.469+0000] {dag.py:2941} INFO - Sync 1 DAGs
[2024-06-23T07:12:04.485+0000] {logging_mixin.py:154} INFO - [2024-06-23T07:12:04.485+0000] {dag.py:3722} INFO - Setting next_dagrun for example_params_trigger_ui to None, run_after=None
[2024-06-23T07:12:04.505+0000] {processor.py:179} INFO - Processing /home/airflow/.local/lib/python3.8/site-packages/airflow/example_dags/example_params_trigger_ui.py took 0.103 seconds
[2024-06-23T07:12:35.147+0000] {processor.py:157} INFO - Started process (PID=16374) to work on /home/airflow/.local/lib/python3.8/site-packages/airflow/example_dags/example_params_trigger_ui.py
[2024-06-23T07:12:35.148+0000] {processor.py:829} INFO - Processing file /home/airflow/.local/lib/python3.8/site-packages/airflow/example_dags/example_params_trigger_ui.py for tasks to queue
[2024-06-23T07:12:35.150+0000] {logging_mixin.py:154} INFO - [2024-06-23T07:12:35.149+0000] {dagbag.py:536} INFO - Filling up the DagBag from /home/airflow/.local/lib/python3.8/site-packages/airflow/example_dags/example_params_trigger_ui.py
[2024-06-23T07:12:35.164+0000] {processor.py:839} INFO - DAG(s) dict_keys(['example_params_trigger_ui']) retrieved from /home/airflow/.local/lib/python3.8/site-packages/airflow/example_dags/example_params_trigger_ui.py
[2024-06-23T07:12:35.194+0000] {logging_mixin.py:154} INFO - [2024-06-23T07:12:35.193+0000] {dag.py:2941} INFO - Sync 1 DAGs
[2024-06-23T07:12:35.201+0000] {logging_mixin.py:154} INFO - [2024-06-23T07:12:35.201+0000] {dag.py:3722} INFO - Setting next_dagrun for example_params_trigger_ui to None, run_after=None
[2024-06-23T07:12:35.214+0000] {processor.py:179} INFO - Processing /home/airflow/.local/lib/python3.8/site-packages/airflow/example_dags/example_params_trigger_ui.py took 0.070 seconds
[2024-06-23T07:13:05.398+0000] {processor.py:157} INFO - Started process (PID=16618) to work on /home/airflow/.local/lib/python3.8/site-packages/airflow/example_dags/example_params_trigger_ui.py
[2024-06-23T07:13:05.399+0000] {processor.py:829} INFO - Processing file /home/airflow/.local/lib/python3.8/site-packages/airflow/example_dags/example_params_trigger_ui.py for tasks to queue
[2024-06-23T07:13:05.401+0000] {logging_mixin.py:154} INFO - [2024-06-23T07:13:05.401+0000] {dagbag.py:536} INFO - Filling up the DagBag from /home/airflow/.local/lib/python3.8/site-packages/airflow/example_dags/example_params_trigger_ui.py
[2024-06-23T07:13:05.416+0000] {processor.py:839} INFO - DAG(s) dict_keys(['example_params_trigger_ui']) retrieved from /home/airflow/.local/lib/python3.8/site-packages/airflow/example_dags/example_params_trigger_ui.py
[2024-06-23T07:13:05.449+0000] {logging_mixin.py:154} INFO - [2024-06-23T07:13:05.449+0000] {dag.py:2941} INFO - Sync 1 DAGs
[2024-06-23T07:13:05.458+0000] {logging_mixin.py:154} INFO - [2024-06-23T07:13:05.458+0000] {dag.py:3722} INFO - Setting next_dagrun for example_params_trigger_ui to None, run_after=None
[2024-06-23T07:13:05.477+0000] {processor.py:179} INFO - Processing /home/airflow/.local/lib/python3.8/site-packages/airflow/example_dags/example_params_trigger_ui.py took 0.084 seconds
[2024-06-23T07:13:36.223+0000] {processor.py:157} INFO - Started process (PID=16862) to work on /home/airflow/.local/lib/python3.8/site-packages/airflow/example_dags/example_params_trigger_ui.py
[2024-06-23T07:13:36.225+0000] {processor.py:829} INFO - Processing file /home/airflow/.local/lib/python3.8/site-packages/airflow/example_dags/example_params_trigger_ui.py for tasks to queue
[2024-06-23T07:13:36.227+0000] {logging_mixin.py:154} INFO - [2024-06-23T07:13:36.227+0000] {dagbag.py:536} INFO - Filling up the DagBag from /home/airflow/.local/lib/python3.8/site-packages/airflow/example_dags/example_params_trigger_ui.py
[2024-06-23T07:13:36.249+0000] {processor.py:839} INFO - DAG(s) dict_keys(['example_params_trigger_ui']) retrieved from /home/airflow/.local/lib/python3.8/site-packages/airflow/example_dags/example_params_trigger_ui.py
[2024-06-23T07:13:36.296+0000] {logging_mixin.py:154} INFO - [2024-06-23T07:13:36.294+0000] {dag.py:2941} INFO - Sync 1 DAGs
[2024-06-23T07:13:36.346+0000] {logging_mixin.py:154} INFO - [2024-06-23T07:13:36.346+0000] {dag.py:3722} INFO - Setting next_dagrun for example_params_trigger_ui to None, run_after=None
[2024-06-23T07:13:36.492+0000] {processor.py:179} INFO - Processing /home/airflow/.local/lib/python3.8/site-packages/airflow/example_dags/example_params_trigger_ui.py took 0.272 seconds
[2024-06-23T07:14:07.228+0000] {processor.py:157} INFO - Started process (PID=17106) to work on /home/airflow/.local/lib/python3.8/site-packages/airflow/example_dags/example_params_trigger_ui.py
[2024-06-23T07:14:07.229+0000] {processor.py:829} INFO - Processing file /home/airflow/.local/lib/python3.8/site-packages/airflow/example_dags/example_params_trigger_ui.py for tasks to queue
[2024-06-23T07:14:07.230+0000] {logging_mixin.py:154} INFO - [2024-06-23T07:14:07.230+0000] {dagbag.py:536} INFO - Filling up the DagBag from /home/airflow/.local/lib/python3.8/site-packages/airflow/example_dags/example_params_trigger_ui.py
[2024-06-23T07:14:07.241+0000] {processor.py:839} INFO - DAG(s) dict_keys(['example_params_trigger_ui']) retrieved from /home/airflow/.local/lib/python3.8/site-packages/airflow/example_dags/example_params_trigger_ui.py
[2024-06-23T07:14:07.269+0000] {logging_mixin.py:154} INFO - [2024-06-23T07:14:07.269+0000] {dag.py:2941} INFO - Sync 1 DAGs
[2024-06-23T07:14:07.278+0000] {logging_mixin.py:154} INFO - [2024-06-23T07:14:07.277+0000] {dag.py:3722} INFO - Setting next_dagrun for example_params_trigger_ui to None, run_after=None
[2024-06-23T07:14:07.294+0000] {processor.py:179} INFO - Processing /home/airflow/.local/lib/python3.8/site-packages/airflow/example_dags/example_params_trigger_ui.py took 0.069 seconds
[2024-06-23T07:14:37.656+0000] {processor.py:157} INFO - Started process (PID=17350) to work on /home/airflow/.local/lib/python3.8/site-packages/airflow/example_dags/example_params_trigger_ui.py
[2024-06-23T07:14:37.661+0000] {processor.py:829} INFO - Processing file /home/airflow/.local/lib/python3.8/site-packages/airflow/example_dags/example_params_trigger_ui.py for tasks to queue
[2024-06-23T07:14:37.663+0000] {logging_mixin.py:154} INFO - [2024-06-23T07:14:37.662+0000] {dagbag.py:536} INFO - Filling up the DagBag from /home/airflow/.local/lib/python3.8/site-packages/airflow/example_dags/example_params_trigger_ui.py
[2024-06-23T07:14:37.681+0000] {processor.py:839} INFO - DAG(s) dict_keys(['example_params_trigger_ui']) retrieved from /home/airflow/.local/lib/python3.8/site-packages/airflow/example_dags/example_params_trigger_ui.py
[2024-06-23T07:14:37.743+0000] {logging_mixin.py:154} INFO - [2024-06-23T07:14:37.743+0000] {dag.py:2941} INFO - Sync 1 DAGs
[2024-06-23T07:14:37.789+0000] {logging_mixin.py:154} INFO - [2024-06-23T07:14:37.789+0000] {dag.py:3722} INFO - Setting next_dagrun for example_params_trigger_ui to None, run_after=None
[2024-06-23T07:14:37.940+0000] {processor.py:179} INFO - Processing /home/airflow/.local/lib/python3.8/site-packages/airflow/example_dags/example_params_trigger_ui.py took 0.291 seconds
[2024-06-23T07:15:08.225+0000] {processor.py:157} INFO - Started process (PID=17594) to work on /home/airflow/.local/lib/python3.8/site-packages/airflow/example_dags/example_params_trigger_ui.py
[2024-06-23T07:15:08.226+0000] {processor.py:829} INFO - Processing file /home/airflow/.local/lib/python3.8/site-packages/airflow/example_dags/example_params_trigger_ui.py for tasks to queue
[2024-06-23T07:15:08.228+0000] {logging_mixin.py:154} INFO - [2024-06-23T07:15:08.228+0000] {dagbag.py:536} INFO - Filling up the DagBag from /home/airflow/.local/lib/python3.8/site-packages/airflow/example_dags/example_params_trigger_ui.py
[2024-06-23T07:15:08.239+0000] {processor.py:839} INFO - DAG(s) dict_keys(['example_params_trigger_ui']) retrieved from /home/airflow/.local/lib/python3.8/site-packages/airflow/example_dags/example_params_trigger_ui.py
[2024-06-23T07:15:08.266+0000] {logging_mixin.py:154} INFO - [2024-06-23T07:15:08.266+0000] {dag.py:2941} INFO - Sync 1 DAGs
[2024-06-23T07:15:08.273+0000] {logging_mixin.py:154} INFO - [2024-06-23T07:15:08.273+0000] {dag.py:3722} INFO - Setting next_dagrun for example_params_trigger_ui to None, run_after=None
[2024-06-23T07:15:08.285+0000] {processor.py:179} INFO - Processing /home/airflow/.local/lib/python3.8/site-packages/airflow/example_dags/example_params_trigger_ui.py took 0.063 seconds
[2024-06-23T07:15:39.346+0000] {processor.py:157} INFO - Started process (PID=17838) to work on /home/airflow/.local/lib/python3.8/site-packages/airflow/example_dags/example_params_trigger_ui.py
[2024-06-23T07:15:39.348+0000] {processor.py:829} INFO - Processing file /home/airflow/.local/lib/python3.8/site-packages/airflow/example_dags/example_params_trigger_ui.py for tasks to queue
[2024-06-23T07:15:39.349+0000] {logging_mixin.py:154} INFO - [2024-06-23T07:15:39.348+0000] {dagbag.py:536} INFO - Filling up the DagBag from /home/airflow/.local/lib/python3.8/site-packages/airflow/example_dags/example_params_trigger_ui.py
[2024-06-23T07:15:39.365+0000] {processor.py:839} INFO - DAG(s) dict_keys(['example_params_trigger_ui']) retrieved from /home/airflow/.local/lib/python3.8/site-packages/airflow/example_dags/example_params_trigger_ui.py
[2024-06-23T07:15:39.404+0000] {logging_mixin.py:154} INFO - [2024-06-23T07:15:39.404+0000] {dag.py:2941} INFO - Sync 1 DAGs
[2024-06-23T07:15:39.416+0000] {logging_mixin.py:154} INFO - [2024-06-23T07:15:39.415+0000] {dag.py:3722} INFO - Setting next_dagrun for example_params_trigger_ui to None, run_after=None
[2024-06-23T07:15:39.436+0000] {processor.py:179} INFO - Processing /home/airflow/.local/lib/python3.8/site-packages/airflow/example_dags/example_params_trigger_ui.py took 0.093 seconds
[2024-06-23T07:16:10.019+0000] {processor.py:157} INFO - Started process (PID=18082) to work on /home/airflow/.local/lib/python3.8/site-packages/airflow/example_dags/example_params_trigger_ui.py
[2024-06-23T07:16:10.020+0000] {processor.py:829} INFO - Processing file /home/airflow/.local/lib/python3.8/site-packages/airflow/example_dags/example_params_trigger_ui.py for tasks to queue
[2024-06-23T07:16:10.021+0000] {logging_mixin.py:154} INFO - [2024-06-23T07:16:10.021+0000] {dagbag.py:536} INFO - Filling up the DagBag from /home/airflow/.local/lib/python3.8/site-packages/airflow/example_dags/example_params_trigger_ui.py
[2024-06-23T07:16:10.034+0000] {processor.py:839} INFO - DAG(s) dict_keys(['example_params_trigger_ui']) retrieved from /home/airflow/.local/lib/python3.8/site-packages/airflow/example_dags/example_params_trigger_ui.py
[2024-06-23T07:16:10.064+0000] {logging_mixin.py:154} INFO - [2024-06-23T07:16:10.064+0000] {dag.py:2941} INFO - Sync 1 DAGs
[2024-06-23T07:16:10.073+0000] {logging_mixin.py:154} INFO - [2024-06-23T07:16:10.073+0000] {dag.py:3722} INFO - Setting next_dagrun for example_params_trigger_ui to None, run_after=None
[2024-06-23T07:16:10.081+0000] {processor.py:179} INFO - Processing /home/airflow/.local/lib/python3.8/site-packages/airflow/example_dags/example_params_trigger_ui.py took 0.064 seconds
[2024-06-23T07:16:41.103+0000] {processor.py:157} INFO - Started process (PID=18326) to work on /home/airflow/.local/lib/python3.8/site-packages/airflow/example_dags/example_params_trigger_ui.py
[2024-06-23T07:16:41.105+0000] {processor.py:829} INFO - Processing file /home/airflow/.local/lib/python3.8/site-packages/airflow/example_dags/example_params_trigger_ui.py for tasks to queue
[2024-06-23T07:16:41.106+0000] {logging_mixin.py:154} INFO - [2024-06-23T07:16:41.105+0000] {dagbag.py:536} INFO - Filling up the DagBag from /home/airflow/.local/lib/python3.8/site-packages/airflow/example_dags/example_params_trigger_ui.py
[2024-06-23T07:16:41.116+0000] {processor.py:839} INFO - DAG(s) dict_keys(['example_params_trigger_ui']) retrieved from /home/airflow/.local/lib/python3.8/site-packages/airflow/example_dags/example_params_trigger_ui.py
[2024-06-23T07:16:41.149+0000] {logging_mixin.py:154} INFO - [2024-06-23T07:16:41.149+0000] {dag.py:2941} INFO - Sync 1 DAGs
[2024-06-23T07:16:41.162+0000] {logging_mixin.py:154} INFO - [2024-06-23T07:16:41.162+0000] {dag.py:3722} INFO - Setting next_dagrun for example_params_trigger_ui to None, run_after=None
[2024-06-23T07:16:41.179+0000] {processor.py:179} INFO - Processing /home/airflow/.local/lib/python3.8/site-packages/airflow/example_dags/example_params_trigger_ui.py took 0.077 seconds
[2024-06-23T07:17:11.347+0000] {processor.py:157} INFO - Started process (PID=18569) to work on /home/airflow/.local/lib/python3.8/site-packages/airflow/example_dags/example_params_trigger_ui.py
[2024-06-23T07:17:11.348+0000] {processor.py:829} INFO - Processing file /home/airflow/.local/lib/python3.8/site-packages/airflow/example_dags/example_params_trigger_ui.py for tasks to queue
[2024-06-23T07:17:11.349+0000] {logging_mixin.py:154} INFO - [2024-06-23T07:17:11.348+0000] {dagbag.py:536} INFO - Filling up the DagBag from /home/airflow/.local/lib/python3.8/site-packages/airflow/example_dags/example_params_trigger_ui.py
[2024-06-23T07:17:11.361+0000] {processor.py:839} INFO - DAG(s) dict_keys(['example_params_trigger_ui']) retrieved from /home/airflow/.local/lib/python3.8/site-packages/airflow/example_dags/example_params_trigger_ui.py
[2024-06-23T07:17:11.370+0000] {logging_mixin.py:154} INFO - [2024-06-23T07:17:11.370+0000] {dag.py:2941} INFO - Sync 1 DAGs
[2024-06-23T07:17:11.380+0000] {logging_mixin.py:154} INFO - [2024-06-23T07:17:11.380+0000] {dag.py:3722} INFO - Setting next_dagrun for example_params_trigger_ui to None, run_after=None
[2024-06-23T07:17:11.399+0000] {processor.py:179} INFO - Processing /home/airflow/.local/lib/python3.8/site-packages/airflow/example_dags/example_params_trigger_ui.py took 0.054 seconds
[2024-06-23T07:17:41.808+0000] {processor.py:157} INFO - Started process (PID=18808) to work on /home/airflow/.local/lib/python3.8/site-packages/airflow/example_dags/example_params_trigger_ui.py
[2024-06-23T07:17:41.809+0000] {processor.py:829} INFO - Processing file /home/airflow/.local/lib/python3.8/site-packages/airflow/example_dags/example_params_trigger_ui.py for tasks to queue
[2024-06-23T07:17:41.809+0000] {logging_mixin.py:154} INFO - [2024-06-23T07:17:41.809+0000] {dagbag.py:536} INFO - Filling up the DagBag from /home/airflow/.local/lib/python3.8/site-packages/airflow/example_dags/example_params_trigger_ui.py
[2024-06-23T07:17:41.821+0000] {processor.py:839} INFO - DAG(s) dict_keys(['example_params_trigger_ui']) retrieved from /home/airflow/.local/lib/python3.8/site-packages/airflow/example_dags/example_params_trigger_ui.py
[2024-06-23T07:17:41.854+0000] {logging_mixin.py:154} INFO - [2024-06-23T07:17:41.854+0000] {dag.py:2941} INFO - Sync 1 DAGs
[2024-06-23T07:17:41.864+0000] {logging_mixin.py:154} INFO - [2024-06-23T07:17:41.864+0000] {dag.py:3722} INFO - Setting next_dagrun for example_params_trigger_ui to None, run_after=None
[2024-06-23T07:17:41.882+0000] {processor.py:179} INFO - Processing /home/airflow/.local/lib/python3.8/site-packages/airflow/example_dags/example_params_trigger_ui.py took 0.077 seconds
[2024-06-23T07:18:12.038+0000] {processor.py:157} INFO - Started process (PID=19052) to work on /home/airflow/.local/lib/python3.8/site-packages/airflow/example_dags/example_params_trigger_ui.py
[2024-06-23T07:18:12.040+0000] {processor.py:829} INFO - Processing file /home/airflow/.local/lib/python3.8/site-packages/airflow/example_dags/example_params_trigger_ui.py for tasks to queue
[2024-06-23T07:18:12.041+0000] {logging_mixin.py:154} INFO - [2024-06-23T07:18:12.041+0000] {dagbag.py:536} INFO - Filling up the DagBag from /home/airflow/.local/lib/python3.8/site-packages/airflow/example_dags/example_params_trigger_ui.py
[2024-06-23T07:18:12.055+0000] {processor.py:839} INFO - DAG(s) dict_keys(['example_params_trigger_ui']) retrieved from /home/airflow/.local/lib/python3.8/site-packages/airflow/example_dags/example_params_trigger_ui.py
[2024-06-23T07:18:12.100+0000] {logging_mixin.py:154} INFO - [2024-06-23T07:18:12.100+0000] {dag.py:2941} INFO - Sync 1 DAGs
[2024-06-23T07:18:12.116+0000] {logging_mixin.py:154} INFO - [2024-06-23T07:18:12.116+0000] {dag.py:3722} INFO - Setting next_dagrun for example_params_trigger_ui to None, run_after=None
[2024-06-23T07:18:12.151+0000] {processor.py:179} INFO - Processing /home/airflow/.local/lib/python3.8/site-packages/airflow/example_dags/example_params_trigger_ui.py took 0.115 seconds
[2024-06-23T07:18:42.264+0000] {processor.py:157} INFO - Started process (PID=19296) to work on /home/airflow/.local/lib/python3.8/site-packages/airflow/example_dags/example_params_trigger_ui.py
[2024-06-23T07:18:42.266+0000] {processor.py:829} INFO - Processing file /home/airflow/.local/lib/python3.8/site-packages/airflow/example_dags/example_params_trigger_ui.py for tasks to queue
[2024-06-23T07:18:42.267+0000] {logging_mixin.py:154} INFO - [2024-06-23T07:18:42.266+0000] {dagbag.py:536} INFO - Filling up the DagBag from /home/airflow/.local/lib/python3.8/site-packages/airflow/example_dags/example_params_trigger_ui.py
[2024-06-23T07:18:42.279+0000] {processor.py:839} INFO - DAG(s) dict_keys(['example_params_trigger_ui']) retrieved from /home/airflow/.local/lib/python3.8/site-packages/airflow/example_dags/example_params_trigger_ui.py
[2024-06-23T07:18:42.303+0000] {logging_mixin.py:154} INFO - [2024-06-23T07:18:42.302+0000] {dag.py:2941} INFO - Sync 1 DAGs
[2024-06-23T07:18:42.311+0000] {logging_mixin.py:154} INFO - [2024-06-23T07:18:42.311+0000] {dag.py:3722} INFO - Setting next_dagrun for example_params_trigger_ui to None, run_after=None
[2024-06-23T07:18:42.325+0000] {processor.py:179} INFO - Processing /home/airflow/.local/lib/python3.8/site-packages/airflow/example_dags/example_params_trigger_ui.py took 0.063 seconds
[2024-06-23T07:19:12.418+0000] {processor.py:157} INFO - Started process (PID=19539) to work on /home/airflow/.local/lib/python3.8/site-packages/airflow/example_dags/example_params_trigger_ui.py
[2024-06-23T07:19:12.419+0000] {processor.py:829} INFO - Processing file /home/airflow/.local/lib/python3.8/site-packages/airflow/example_dags/example_params_trigger_ui.py for tasks to queue
[2024-06-23T07:19:12.419+0000] {logging_mixin.py:154} INFO - [2024-06-23T07:19:12.419+0000] {dagbag.py:536} INFO - Filling up the DagBag from /home/airflow/.local/lib/python3.8/site-packages/airflow/example_dags/example_params_trigger_ui.py
[2024-06-23T07:19:12.430+0000] {processor.py:839} INFO - DAG(s) dict_keys(['example_params_trigger_ui']) retrieved from /home/airflow/.local/lib/python3.8/site-packages/airflow/example_dags/example_params_trigger_ui.py
[2024-06-23T07:19:12.451+0000] {logging_mixin.py:154} INFO - [2024-06-23T07:19:12.451+0000] {dag.py:2941} INFO - Sync 1 DAGs
[2024-06-23T07:19:12.457+0000] {logging_mixin.py:154} INFO - [2024-06-23T07:19:12.457+0000] {dag.py:3722} INFO - Setting next_dagrun for example_params_trigger_ui to None, run_after=None
[2024-06-23T07:19:12.466+0000] {processor.py:179} INFO - Processing /home/airflow/.local/lib/python3.8/site-packages/airflow/example_dags/example_params_trigger_ui.py took 0.050 seconds
[2024-06-23T07:19:43.810+0000] {processor.py:157} INFO - Started process (PID=19785) to work on /home/airflow/.local/lib/python3.8/site-packages/airflow/example_dags/example_params_trigger_ui.py
[2024-06-23T07:19:43.811+0000] {processor.py:829} INFO - Processing file /home/airflow/.local/lib/python3.8/site-packages/airflow/example_dags/example_params_trigger_ui.py for tasks to queue
[2024-06-23T07:19:43.812+0000] {logging_mixin.py:154} INFO - [2024-06-23T07:19:43.812+0000] {dagbag.py:536} INFO - Filling up the DagBag from /home/airflow/.local/lib/python3.8/site-packages/airflow/example_dags/example_params_trigger_ui.py
[2024-06-23T07:19:43.828+0000] {processor.py:839} INFO - DAG(s) dict_keys(['example_params_trigger_ui']) retrieved from /home/airflow/.local/lib/python3.8/site-packages/airflow/example_dags/example_params_trigger_ui.py
[2024-06-23T07:19:43.872+0000] {logging_mixin.py:154} INFO - [2024-06-23T07:19:43.872+0000] {dag.py:2941} INFO - Sync 1 DAGs
[2024-06-23T07:19:43.886+0000] {logging_mixin.py:154} INFO - [2024-06-23T07:19:43.886+0000] {dag.py:3722} INFO - Setting next_dagrun for example_params_trigger_ui to None, run_after=None
[2024-06-23T07:19:43.908+0000] {processor.py:179} INFO - Processing /home/airflow/.local/lib/python3.8/site-packages/airflow/example_dags/example_params_trigger_ui.py took 0.101 seconds
[2024-06-23T07:20:14.097+0000] {processor.py:157} INFO - Started process (PID=20026) to work on /home/airflow/.local/lib/python3.8/site-packages/airflow/example_dags/example_params_trigger_ui.py
[2024-06-23T07:20:14.098+0000] {processor.py:829} INFO - Processing file /home/airflow/.local/lib/python3.8/site-packages/airflow/example_dags/example_params_trigger_ui.py for tasks to queue
[2024-06-23T07:20:14.099+0000] {logging_mixin.py:154} INFO - [2024-06-23T07:20:14.099+0000] {dagbag.py:536} INFO - Filling up the DagBag from /home/airflow/.local/lib/python3.8/site-packages/airflow/example_dags/example_params_trigger_ui.py
[2024-06-23T07:20:14.109+0000] {processor.py:839} INFO - DAG(s) dict_keys(['example_params_trigger_ui']) retrieved from /home/airflow/.local/lib/python3.8/site-packages/airflow/example_dags/example_params_trigger_ui.py
[2024-06-23T07:20:14.131+0000] {logging_mixin.py:154} INFO - [2024-06-23T07:20:14.131+0000] {dag.py:2941} INFO - Sync 1 DAGs
[2024-06-23T07:20:14.137+0000] {logging_mixin.py:154} INFO - [2024-06-23T07:20:14.137+0000] {dag.py:3722} INFO - Setting next_dagrun for example_params_trigger_ui to None, run_after=None
[2024-06-23T07:20:14.145+0000] {processor.py:179} INFO - Processing /home/airflow/.local/lib/python3.8/site-packages/airflow/example_dags/example_params_trigger_ui.py took 0.050 seconds
[2024-06-23T07:20:44.933+0000] {processor.py:157} INFO - Started process (PID=20271) to work on /home/airflow/.local/lib/python3.8/site-packages/airflow/example_dags/example_params_trigger_ui.py
[2024-06-23T07:20:44.934+0000] {processor.py:829} INFO - Processing file /home/airflow/.local/lib/python3.8/site-packages/airflow/example_dags/example_params_trigger_ui.py for tasks to queue
[2024-06-23T07:20:44.935+0000] {logging_mixin.py:154} INFO - [2024-06-23T07:20:44.934+0000] {dagbag.py:536} INFO - Filling up the DagBag from /home/airflow/.local/lib/python3.8/site-packages/airflow/example_dags/example_params_trigger_ui.py
[2024-06-23T07:20:44.945+0000] {processor.py:839} INFO - DAG(s) dict_keys(['example_params_trigger_ui']) retrieved from /home/airflow/.local/lib/python3.8/site-packages/airflow/example_dags/example_params_trigger_ui.py
[2024-06-23T07:20:44.967+0000] {logging_mixin.py:154} INFO - [2024-06-23T07:20:44.967+0000] {dag.py:2941} INFO - Sync 1 DAGs
[2024-06-23T07:20:44.972+0000] {logging_mixin.py:154} INFO - [2024-06-23T07:20:44.972+0000] {dag.py:3722} INFO - Setting next_dagrun for example_params_trigger_ui to None, run_after=None
[2024-06-23T07:20:44.981+0000] {processor.py:179} INFO - Processing /home/airflow/.local/lib/python3.8/site-packages/airflow/example_dags/example_params_trigger_ui.py took 0.049 seconds
[2024-06-23T07:21:15.135+0000] {processor.py:157} INFO - Started process (PID=20513) to work on /home/airflow/.local/lib/python3.8/site-packages/airflow/example_dags/example_params_trigger_ui.py
[2024-06-23T07:21:15.136+0000] {processor.py:829} INFO - Processing file /home/airflow/.local/lib/python3.8/site-packages/airflow/example_dags/example_params_trigger_ui.py for tasks to queue
[2024-06-23T07:21:15.137+0000] {logging_mixin.py:154} INFO - [2024-06-23T07:21:15.137+0000] {dagbag.py:536} INFO - Filling up the DagBag from /home/airflow/.local/lib/python3.8/site-packages/airflow/example_dags/example_params_trigger_ui.py
[2024-06-23T07:21:15.155+0000] {processor.py:839} INFO - DAG(s) dict_keys(['example_params_trigger_ui']) retrieved from /home/airflow/.local/lib/python3.8/site-packages/airflow/example_dags/example_params_trigger_ui.py
[2024-06-23T07:21:15.188+0000] {logging_mixin.py:154} INFO - [2024-06-23T07:21:15.188+0000] {dag.py:2941} INFO - Sync 1 DAGs
[2024-06-23T07:21:15.199+0000] {logging_mixin.py:154} INFO - [2024-06-23T07:21:15.198+0000] {dag.py:3722} INFO - Setting next_dagrun for example_params_trigger_ui to None, run_after=None
[2024-06-23T07:21:15.215+0000] {processor.py:179} INFO - Processing /home/airflow/.local/lib/python3.8/site-packages/airflow/example_dags/example_params_trigger_ui.py took 0.084 seconds
[2024-06-23T07:21:45.250+0000] {processor.py:157} INFO - Started process (PID=20759) to work on /home/airflow/.local/lib/python3.8/site-packages/airflow/example_dags/example_params_trigger_ui.py
[2024-06-23T07:21:45.251+0000] {processor.py:829} INFO - Processing file /home/airflow/.local/lib/python3.8/site-packages/airflow/example_dags/example_params_trigger_ui.py for tasks to queue
[2024-06-23T07:21:45.251+0000] {logging_mixin.py:154} INFO - [2024-06-23T07:21:45.251+0000] {dagbag.py:536} INFO - Filling up the DagBag from /home/airflow/.local/lib/python3.8/site-packages/airflow/example_dags/example_params_trigger_ui.py
[2024-06-23T07:21:45.271+0000] {processor.py:839} INFO - DAG(s) dict_keys(['example_params_trigger_ui']) retrieved from /home/airflow/.local/lib/python3.8/site-packages/airflow/example_dags/example_params_trigger_ui.py
[2024-06-23T07:21:45.293+0000] {logging_mixin.py:154} INFO - [2024-06-23T07:21:45.293+0000] {dag.py:2941} INFO - Sync 1 DAGs
[2024-06-23T07:21:45.299+0000] {logging_mixin.py:154} INFO - [2024-06-23T07:21:45.299+0000] {dag.py:3722} INFO - Setting next_dagrun for example_params_trigger_ui to None, run_after=None
[2024-06-23T07:21:45.307+0000] {processor.py:179} INFO - Processing /home/airflow/.local/lib/python3.8/site-packages/airflow/example_dags/example_params_trigger_ui.py took 0.060 seconds
[2024-06-23T07:22:16.106+0000] {processor.py:157} INFO - Started process (PID=21001) to work on /home/airflow/.local/lib/python3.8/site-packages/airflow/example_dags/example_params_trigger_ui.py
[2024-06-23T07:22:16.107+0000] {processor.py:829} INFO - Processing file /home/airflow/.local/lib/python3.8/site-packages/airflow/example_dags/example_params_trigger_ui.py for tasks to queue
[2024-06-23T07:22:16.108+0000] {logging_mixin.py:154} INFO - [2024-06-23T07:22:16.108+0000] {dagbag.py:536} INFO - Filling up the DagBag from /home/airflow/.local/lib/python3.8/site-packages/airflow/example_dags/example_params_trigger_ui.py
[2024-06-23T07:22:16.118+0000] {processor.py:839} INFO - DAG(s) dict_keys(['example_params_trigger_ui']) retrieved from /home/airflow/.local/lib/python3.8/site-packages/airflow/example_dags/example_params_trigger_ui.py
[2024-06-23T07:22:16.141+0000] {logging_mixin.py:154} INFO - [2024-06-23T07:22:16.141+0000] {dag.py:2941} INFO - Sync 1 DAGs
[2024-06-23T07:22:16.147+0000] {logging_mixin.py:154} INFO - [2024-06-23T07:22:16.147+0000] {dag.py:3722} INFO - Setting next_dagrun for example_params_trigger_ui to None, run_after=None
[2024-06-23T07:22:16.155+0000] {processor.py:179} INFO - Processing /home/airflow/.local/lib/python3.8/site-packages/airflow/example_dags/example_params_trigger_ui.py took 0.051 seconds
[2024-06-23T07:22:46.885+0000] {processor.py:157} INFO - Started process (PID=21245) to work on /home/airflow/.local/lib/python3.8/site-packages/airflow/example_dags/example_params_trigger_ui.py
[2024-06-23T07:22:46.886+0000] {processor.py:829} INFO - Processing file /home/airflow/.local/lib/python3.8/site-packages/airflow/example_dags/example_params_trigger_ui.py for tasks to queue
[2024-06-23T07:22:46.886+0000] {logging_mixin.py:154} INFO - [2024-06-23T07:22:46.886+0000] {dagbag.py:536} INFO - Filling up the DagBag from /home/airflow/.local/lib/python3.8/site-packages/airflow/example_dags/example_params_trigger_ui.py
[2024-06-23T07:22:46.897+0000] {processor.py:839} INFO - DAG(s) dict_keys(['example_params_trigger_ui']) retrieved from /home/airflow/.local/lib/python3.8/site-packages/airflow/example_dags/example_params_trigger_ui.py
[2024-06-23T07:22:46.918+0000] {logging_mixin.py:154} INFO - [2024-06-23T07:22:46.918+0000] {dag.py:2941} INFO - Sync 1 DAGs
[2024-06-23T07:22:46.924+0000] {logging_mixin.py:154} INFO - [2024-06-23T07:22:46.924+0000] {dag.py:3722} INFO - Setting next_dagrun for example_params_trigger_ui to None, run_after=None
[2024-06-23T07:22:46.932+0000] {processor.py:179} INFO - Processing /home/airflow/.local/lib/python3.8/site-packages/airflow/example_dags/example_params_trigger_ui.py took 0.050 seconds
[2024-06-23T07:23:17.914+0000] {processor.py:157} INFO - Started process (PID=21489) to work on /home/airflow/.local/lib/python3.8/site-packages/airflow/example_dags/example_params_trigger_ui.py
[2024-06-23T07:23:17.916+0000] {processor.py:829} INFO - Processing file /home/airflow/.local/lib/python3.8/site-packages/airflow/example_dags/example_params_trigger_ui.py for tasks to queue
[2024-06-23T07:23:17.917+0000] {logging_mixin.py:154} INFO - [2024-06-23T07:23:17.917+0000] {dagbag.py:536} INFO - Filling up the DagBag from /home/airflow/.local/lib/python3.8/site-packages/airflow/example_dags/example_params_trigger_ui.py
[2024-06-23T07:23:17.944+0000] {processor.py:839} INFO - DAG(s) dict_keys(['example_params_trigger_ui']) retrieved from /home/airflow/.local/lib/python3.8/site-packages/airflow/example_dags/example_params_trigger_ui.py
[2024-06-23T07:23:17.993+0000] {logging_mixin.py:154} INFO - [2024-06-23T07:23:17.993+0000] {dag.py:2941} INFO - Sync 1 DAGs
[2024-06-23T07:23:18.006+0000] {logging_mixin.py:154} INFO - [2024-06-23T07:23:18.006+0000] {dag.py:3722} INFO - Setting next_dagrun for example_params_trigger_ui to None, run_after=None
[2024-06-23T07:23:18.025+0000] {processor.py:179} INFO - Processing /home/airflow/.local/lib/python3.8/site-packages/airflow/example_dags/example_params_trigger_ui.py took 0.113 seconds
[2024-06-23T07:23:48.470+0000] {processor.py:157} INFO - Started process (PID=21733) to work on /home/airflow/.local/lib/python3.8/site-packages/airflow/example_dags/example_params_trigger_ui.py
[2024-06-23T07:23:48.471+0000] {processor.py:829} INFO - Processing file /home/airflow/.local/lib/python3.8/site-packages/airflow/example_dags/example_params_trigger_ui.py for tasks to queue
[2024-06-23T07:23:48.472+0000] {logging_mixin.py:154} INFO - [2024-06-23T07:23:48.472+0000] {dagbag.py:536} INFO - Filling up the DagBag from /home/airflow/.local/lib/python3.8/site-packages/airflow/example_dags/example_params_trigger_ui.py
[2024-06-23T07:23:48.484+0000] {processor.py:839} INFO - DAG(s) dict_keys(['example_params_trigger_ui']) retrieved from /home/airflow/.local/lib/python3.8/site-packages/airflow/example_dags/example_params_trigger_ui.py
[2024-06-23T07:23:48.510+0000] {logging_mixin.py:154} INFO - [2024-06-23T07:23:48.510+0000] {dag.py:2941} INFO - Sync 1 DAGs
[2024-06-23T07:23:48.517+0000] {logging_mixin.py:154} INFO - [2024-06-23T07:23:48.517+0000] {dag.py:3722} INFO - Setting next_dagrun for example_params_trigger_ui to None, run_after=None
[2024-06-23T07:23:48.527+0000] {processor.py:179} INFO - Processing /home/airflow/.local/lib/python3.8/site-packages/airflow/example_dags/example_params_trigger_ui.py took 0.059 seconds
[2024-06-23T07:24:18.574+0000] {processor.py:157} INFO - Started process (PID=21979) to work on /home/airflow/.local/lib/python3.8/site-packages/airflow/example_dags/example_params_trigger_ui.py
[2024-06-23T07:24:18.574+0000] {processor.py:829} INFO - Processing file /home/airflow/.local/lib/python3.8/site-packages/airflow/example_dags/example_params_trigger_ui.py for tasks to queue
[2024-06-23T07:24:18.575+0000] {logging_mixin.py:154} INFO - [2024-06-23T07:24:18.575+0000] {dagbag.py:536} INFO - Filling up the DagBag from /home/airflow/.local/lib/python3.8/site-packages/airflow/example_dags/example_params_trigger_ui.py
[2024-06-23T07:24:18.584+0000] {processor.py:839} INFO - DAG(s) dict_keys(['example_params_trigger_ui']) retrieved from /home/airflow/.local/lib/python3.8/site-packages/airflow/example_dags/example_params_trigger_ui.py
[2024-06-23T07:24:18.605+0000] {logging_mixin.py:154} INFO - [2024-06-23T07:24:18.605+0000] {dag.py:2941} INFO - Sync 1 DAGs
[2024-06-23T07:24:18.611+0000] {logging_mixin.py:154} INFO - [2024-06-23T07:24:18.611+0000] {dag.py:3722} INFO - Setting next_dagrun for example_params_trigger_ui to None, run_after=None
[2024-06-23T07:24:18.620+0000] {processor.py:179} INFO - Processing /home/airflow/.local/lib/python3.8/site-packages/airflow/example_dags/example_params_trigger_ui.py took 0.048 seconds
[2024-06-23T07:24:49.554+0000] {processor.py:157} INFO - Started process (PID=22221) to work on /home/airflow/.local/lib/python3.8/site-packages/airflow/example_dags/example_params_trigger_ui.py
[2024-06-23T07:24:49.555+0000] {processor.py:829} INFO - Processing file /home/airflow/.local/lib/python3.8/site-packages/airflow/example_dags/example_params_trigger_ui.py for tasks to queue
[2024-06-23T07:24:49.556+0000] {logging_mixin.py:154} INFO - [2024-06-23T07:24:49.556+0000] {dagbag.py:536} INFO - Filling up the DagBag from /home/airflow/.local/lib/python3.8/site-packages/airflow/example_dags/example_params_trigger_ui.py
[2024-06-23T07:24:49.568+0000] {processor.py:839} INFO - DAG(s) dict_keys(['example_params_trigger_ui']) retrieved from /home/airflow/.local/lib/python3.8/site-packages/airflow/example_dags/example_params_trigger_ui.py
[2024-06-23T07:24:49.597+0000] {logging_mixin.py:154} INFO - [2024-06-23T07:24:49.597+0000] {dag.py:2941} INFO - Sync 1 DAGs
[2024-06-23T07:24:49.604+0000] {logging_mixin.py:154} INFO - [2024-06-23T07:24:49.604+0000] {dag.py:3722} INFO - Setting next_dagrun for example_params_trigger_ui to None, run_after=None
[2024-06-23T07:24:49.616+0000] {processor.py:179} INFO - Processing /home/airflow/.local/lib/python3.8/site-packages/airflow/example_dags/example_params_trigger_ui.py took 0.064 seconds
[2024-06-23T07:25:19.647+0000] {processor.py:157} INFO - Started process (PID=22465) to work on /home/airflow/.local/lib/python3.8/site-packages/airflow/example_dags/example_params_trigger_ui.py
[2024-06-23T07:25:19.648+0000] {processor.py:829} INFO - Processing file /home/airflow/.local/lib/python3.8/site-packages/airflow/example_dags/example_params_trigger_ui.py for tasks to queue
[2024-06-23T07:25:19.648+0000] {logging_mixin.py:154} INFO - [2024-06-23T07:25:19.648+0000] {dagbag.py:536} INFO - Filling up the DagBag from /home/airflow/.local/lib/python3.8/site-packages/airflow/example_dags/example_params_trigger_ui.py
[2024-06-23T07:25:19.658+0000] {processor.py:839} INFO - DAG(s) dict_keys(['example_params_trigger_ui']) retrieved from /home/airflow/.local/lib/python3.8/site-packages/airflow/example_dags/example_params_trigger_ui.py
[2024-06-23T07:25:19.680+0000] {logging_mixin.py:154} INFO - [2024-06-23T07:25:19.680+0000] {dag.py:2941} INFO - Sync 1 DAGs
[2024-06-23T07:25:19.686+0000] {logging_mixin.py:154} INFO - [2024-06-23T07:25:19.686+0000] {dag.py:3722} INFO - Setting next_dagrun for example_params_trigger_ui to None, run_after=None
[2024-06-23T07:25:19.694+0000] {processor.py:179} INFO - Processing /home/airflow/.local/lib/python3.8/site-packages/airflow/example_dags/example_params_trigger_ui.py took 0.049 seconds
[2024-06-23T07:25:49.793+0000] {processor.py:157} INFO - Started process (PID=22711) to work on /home/airflow/.local/lib/python3.8/site-packages/airflow/example_dags/example_params_trigger_ui.py
[2024-06-23T07:25:49.793+0000] {processor.py:829} INFO - Processing file /home/airflow/.local/lib/python3.8/site-packages/airflow/example_dags/example_params_trigger_ui.py for tasks to queue
[2024-06-23T07:25:49.794+0000] {logging_mixin.py:154} INFO - [2024-06-23T07:25:49.794+0000] {dagbag.py:536} INFO - Filling up the DagBag from /home/airflow/.local/lib/python3.8/site-packages/airflow/example_dags/example_params_trigger_ui.py
[2024-06-23T07:25:49.803+0000] {processor.py:839} INFO - DAG(s) dict_keys(['example_params_trigger_ui']) retrieved from /home/airflow/.local/lib/python3.8/site-packages/airflow/example_dags/example_params_trigger_ui.py
[2024-06-23T07:25:49.824+0000] {logging_mixin.py:154} INFO - [2024-06-23T07:25:49.824+0000] {dag.py:2941} INFO - Sync 1 DAGs
[2024-06-23T07:25:49.829+0000] {logging_mixin.py:154} INFO - [2024-06-23T07:25:49.829+0000] {dag.py:3722} INFO - Setting next_dagrun for example_params_trigger_ui to None, run_after=None
[2024-06-23T07:25:49.837+0000] {processor.py:179} INFO - Processing /home/airflow/.local/lib/python3.8/site-packages/airflow/example_dags/example_params_trigger_ui.py took 0.046 seconds
[2024-06-23T07:26:20.586+0000] {processor.py:157} INFO - Started process (PID=22953) to work on /home/airflow/.local/lib/python3.8/site-packages/airflow/example_dags/example_params_trigger_ui.py
[2024-06-23T07:26:20.586+0000] {processor.py:829} INFO - Processing file /home/airflow/.local/lib/python3.8/site-packages/airflow/example_dags/example_params_trigger_ui.py for tasks to queue
[2024-06-23T07:26:20.587+0000] {logging_mixin.py:154} INFO - [2024-06-23T07:26:20.586+0000] {dagbag.py:536} INFO - Filling up the DagBag from /home/airflow/.local/lib/python3.8/site-packages/airflow/example_dags/example_params_trigger_ui.py
[2024-06-23T07:26:20.597+0000] {processor.py:839} INFO - DAG(s) dict_keys(['example_params_trigger_ui']) retrieved from /home/airflow/.local/lib/python3.8/site-packages/airflow/example_dags/example_params_trigger_ui.py
[2024-06-23T07:26:20.622+0000] {logging_mixin.py:154} INFO - [2024-06-23T07:26:20.621+0000] {dag.py:2941} INFO - Sync 1 DAGs
[2024-06-23T07:26:20.628+0000] {logging_mixin.py:154} INFO - [2024-06-23T07:26:20.628+0000] {dag.py:3722} INFO - Setting next_dagrun for example_params_trigger_ui to None, run_after=None
[2024-06-23T07:26:20.639+0000] {processor.py:179} INFO - Processing /home/airflow/.local/lib/python3.8/site-packages/airflow/example_dags/example_params_trigger_ui.py took 0.056 seconds
[2024-06-23T07:26:51.533+0000] {processor.py:157} INFO - Started process (PID=23197) to work on /home/airflow/.local/lib/python3.8/site-packages/airflow/example_dags/example_params_trigger_ui.py
[2024-06-23T07:26:51.533+0000] {processor.py:829} INFO - Processing file /home/airflow/.local/lib/python3.8/site-packages/airflow/example_dags/example_params_trigger_ui.py for tasks to queue
[2024-06-23T07:26:51.534+0000] {logging_mixin.py:154} INFO - [2024-06-23T07:26:51.534+0000] {dagbag.py:536} INFO - Filling up the DagBag from /home/airflow/.local/lib/python3.8/site-packages/airflow/example_dags/example_params_trigger_ui.py
[2024-06-23T07:26:51.544+0000] {processor.py:839} INFO - DAG(s) dict_keys(['example_params_trigger_ui']) retrieved from /home/airflow/.local/lib/python3.8/site-packages/airflow/example_dags/example_params_trigger_ui.py
[2024-06-23T07:26:51.566+0000] {logging_mixin.py:154} INFO - [2024-06-23T07:26:51.565+0000] {dag.py:2941} INFO - Sync 1 DAGs
[2024-06-23T07:26:51.571+0000] {logging_mixin.py:154} INFO - [2024-06-23T07:26:51.571+0000] {dag.py:3722} INFO - Setting next_dagrun for example_params_trigger_ui to None, run_after=None
[2024-06-23T07:26:51.580+0000] {processor.py:179} INFO - Processing /home/airflow/.local/lib/python3.8/site-packages/airflow/example_dags/example_params_trigger_ui.py took 0.050 seconds
[2024-06-23T07:27:22.482+0000] {processor.py:157} INFO - Started process (PID=23440) to work on /home/airflow/.local/lib/python3.8/site-packages/airflow/example_dags/example_params_trigger_ui.py
[2024-06-23T07:27:22.483+0000] {processor.py:829} INFO - Processing file /home/airflow/.local/lib/python3.8/site-packages/airflow/example_dags/example_params_trigger_ui.py for tasks to queue
[2024-06-23T07:27:22.483+0000] {logging_mixin.py:154} INFO - [2024-06-23T07:27:22.483+0000] {dagbag.py:536} INFO - Filling up the DagBag from /home/airflow/.local/lib/python3.8/site-packages/airflow/example_dags/example_params_trigger_ui.py
[2024-06-23T07:27:22.493+0000] {processor.py:839} INFO - DAG(s) dict_keys(['example_params_trigger_ui']) retrieved from /home/airflow/.local/lib/python3.8/site-packages/airflow/example_dags/example_params_trigger_ui.py
[2024-06-23T07:27:22.516+0000] {logging_mixin.py:154} INFO - [2024-06-23T07:27:22.516+0000] {dag.py:2941} INFO - Sync 1 DAGs
[2024-06-23T07:27:22.522+0000] {logging_mixin.py:154} INFO - [2024-06-23T07:27:22.522+0000] {dag.py:3722} INFO - Setting next_dagrun for example_params_trigger_ui to None, run_after=None
[2024-06-23T07:27:22.531+0000] {processor.py:179} INFO - Processing /home/airflow/.local/lib/python3.8/site-packages/airflow/example_dags/example_params_trigger_ui.py took 0.051 seconds
[2024-06-23T07:27:53.225+0000] {processor.py:157} INFO - Started process (PID=23684) to work on /home/airflow/.local/lib/python3.8/site-packages/airflow/example_dags/example_params_trigger_ui.py
[2024-06-23T07:27:53.226+0000] {processor.py:829} INFO - Processing file /home/airflow/.local/lib/python3.8/site-packages/airflow/example_dags/example_params_trigger_ui.py for tasks to queue
[2024-06-23T07:27:53.227+0000] {logging_mixin.py:154} INFO - [2024-06-23T07:27:53.227+0000] {dagbag.py:536} INFO - Filling up the DagBag from /home/airflow/.local/lib/python3.8/site-packages/airflow/example_dags/example_params_trigger_ui.py
[2024-06-23T07:27:53.237+0000] {processor.py:839} INFO - DAG(s) dict_keys(['example_params_trigger_ui']) retrieved from /home/airflow/.local/lib/python3.8/site-packages/airflow/example_dags/example_params_trigger_ui.py
[2024-06-23T07:27:53.259+0000] {logging_mixin.py:154} INFO - [2024-06-23T07:27:53.259+0000] {dag.py:2941} INFO - Sync 1 DAGs
[2024-06-23T07:27:53.265+0000] {logging_mixin.py:154} INFO - [2024-06-23T07:27:53.265+0000] {dag.py:3722} INFO - Setting next_dagrun for example_params_trigger_ui to None, run_after=None
[2024-06-23T07:27:53.273+0000] {processor.py:179} INFO - Processing /home/airflow/.local/lib/python3.8/site-packages/airflow/example_dags/example_params_trigger_ui.py took 0.050 seconds
[2024-06-23T07:28:24.262+0000] {processor.py:157} INFO - Started process (PID=23928) to work on /home/airflow/.local/lib/python3.8/site-packages/airflow/example_dags/example_params_trigger_ui.py
[2024-06-23T07:28:24.262+0000] {processor.py:829} INFO - Processing file /home/airflow/.local/lib/python3.8/site-packages/airflow/example_dags/example_params_trigger_ui.py for tasks to queue
[2024-06-23T07:28:24.263+0000] {logging_mixin.py:154} INFO - [2024-06-23T07:28:24.263+0000] {dagbag.py:536} INFO - Filling up the DagBag from /home/airflow/.local/lib/python3.8/site-packages/airflow/example_dags/example_params_trigger_ui.py
[2024-06-23T07:28:24.273+0000] {processor.py:839} INFO - DAG(s) dict_keys(['example_params_trigger_ui']) retrieved from /home/airflow/.local/lib/python3.8/site-packages/airflow/example_dags/example_params_trigger_ui.py
[2024-06-23T07:28:24.296+0000] {logging_mixin.py:154} INFO - [2024-06-23T07:28:24.296+0000] {dag.py:2941} INFO - Sync 1 DAGs
[2024-06-23T07:28:24.306+0000] {logging_mixin.py:154} INFO - [2024-06-23T07:28:24.305+0000] {dag.py:3722} INFO - Setting next_dagrun for example_params_trigger_ui to None, run_after=None
[2024-06-23T07:28:24.317+0000] {processor.py:179} INFO - Processing /home/airflow/.local/lib/python3.8/site-packages/airflow/example_dags/example_params_trigger_ui.py took 0.057 seconds
[2024-06-23T07:28:54.412+0000] {processor.py:157} INFO - Started process (PID=24172) to work on /home/airflow/.local/lib/python3.8/site-packages/airflow/example_dags/example_params_trigger_ui.py
[2024-06-23T07:28:54.414+0000] {processor.py:829} INFO - Processing file /home/airflow/.local/lib/python3.8/site-packages/airflow/example_dags/example_params_trigger_ui.py for tasks to queue
[2024-06-23T07:28:54.415+0000] {logging_mixin.py:154} INFO - [2024-06-23T07:28:54.415+0000] {dagbag.py:536} INFO - Filling up the DagBag from /home/airflow/.local/lib/python3.8/site-packages/airflow/example_dags/example_params_trigger_ui.py
[2024-06-23T07:28:54.429+0000] {processor.py:839} INFO - DAG(s) dict_keys(['example_params_trigger_ui']) retrieved from /home/airflow/.local/lib/python3.8/site-packages/airflow/example_dags/example_params_trigger_ui.py
[2024-06-23T07:28:54.454+0000] {logging_mixin.py:154} INFO - [2024-06-23T07:28:54.454+0000] {dag.py:2941} INFO - Sync 1 DAGs
[2024-06-23T07:28:54.461+0000] {logging_mixin.py:154} INFO - [2024-06-23T07:28:54.460+0000] {dag.py:3722} INFO - Setting next_dagrun for example_params_trigger_ui to None, run_after=None
[2024-06-23T07:28:54.471+0000] {processor.py:179} INFO - Processing /home/airflow/.local/lib/python3.8/site-packages/airflow/example_dags/example_params_trigger_ui.py took 0.064 seconds
[2024-06-23T07:29:24.614+0000] {processor.py:157} INFO - Started process (PID=24416) to work on /home/airflow/.local/lib/python3.8/site-packages/airflow/example_dags/example_params_trigger_ui.py
[2024-06-23T07:29:24.616+0000] {processor.py:829} INFO - Processing file /home/airflow/.local/lib/python3.8/site-packages/airflow/example_dags/example_params_trigger_ui.py for tasks to queue
[2024-06-23T07:29:24.616+0000] {logging_mixin.py:154} INFO - [2024-06-23T07:29:24.616+0000] {dagbag.py:536} INFO - Filling up the DagBag from /home/airflow/.local/lib/python3.8/site-packages/airflow/example_dags/example_params_trigger_ui.py
[2024-06-23T07:29:24.639+0000] {processor.py:839} INFO - DAG(s) dict_keys(['example_params_trigger_ui']) retrieved from /home/airflow/.local/lib/python3.8/site-packages/airflow/example_dags/example_params_trigger_ui.py
[2024-06-23T07:29:24.665+0000] {logging_mixin.py:154} INFO - [2024-06-23T07:29:24.664+0000] {dag.py:2941} INFO - Sync 1 DAGs
[2024-06-23T07:29:24.671+0000] {logging_mixin.py:154} INFO - [2024-06-23T07:29:24.671+0000] {dag.py:3722} INFO - Setting next_dagrun for example_params_trigger_ui to None, run_after=None
[2024-06-23T07:29:24.681+0000] {processor.py:179} INFO - Processing /home/airflow/.local/lib/python3.8/site-packages/airflow/example_dags/example_params_trigger_ui.py took 0.069 seconds
[2024-06-23T07:29:54.982+0000] {processor.py:157} INFO - Started process (PID=24660) to work on /home/airflow/.local/lib/python3.8/site-packages/airflow/example_dags/example_params_trigger_ui.py
[2024-06-23T07:29:54.983+0000] {processor.py:829} INFO - Processing file /home/airflow/.local/lib/python3.8/site-packages/airflow/example_dags/example_params_trigger_ui.py for tasks to queue
[2024-06-23T07:29:54.984+0000] {logging_mixin.py:154} INFO - [2024-06-23T07:29:54.984+0000] {dagbag.py:536} INFO - Filling up the DagBag from /home/airflow/.local/lib/python3.8/site-packages/airflow/example_dags/example_params_trigger_ui.py
[2024-06-23T07:29:54.997+0000] {processor.py:839} INFO - DAG(s) dict_keys(['example_params_trigger_ui']) retrieved from /home/airflow/.local/lib/python3.8/site-packages/airflow/example_dags/example_params_trigger_ui.py
[2024-06-23T07:29:55.018+0000] {logging_mixin.py:154} INFO - [2024-06-23T07:29:55.018+0000] {dag.py:2941} INFO - Sync 1 DAGs
[2024-06-23T07:29:55.024+0000] {logging_mixin.py:154} INFO - [2024-06-23T07:29:55.024+0000] {dag.py:3722} INFO - Setting next_dagrun for example_params_trigger_ui to None, run_after=None
[2024-06-23T07:29:55.032+0000] {processor.py:179} INFO - Processing /home/airflow/.local/lib/python3.8/site-packages/airflow/example_dags/example_params_trigger_ui.py took 0.052 seconds
[2024-06-23T07:30:25.671+0000] {processor.py:157} INFO - Started process (PID=24904) to work on /home/airflow/.local/lib/python3.8/site-packages/airflow/example_dags/example_params_trigger_ui.py
[2024-06-23T07:30:25.672+0000] {processor.py:829} INFO - Processing file /home/airflow/.local/lib/python3.8/site-packages/airflow/example_dags/example_params_trigger_ui.py for tasks to queue
[2024-06-23T07:30:25.672+0000] {logging_mixin.py:154} INFO - [2024-06-23T07:30:25.672+0000] {dagbag.py:536} INFO - Filling up the DagBag from /home/airflow/.local/lib/python3.8/site-packages/airflow/example_dags/example_params_trigger_ui.py
[2024-06-23T07:30:25.684+0000] {processor.py:839} INFO - DAG(s) dict_keys(['example_params_trigger_ui']) retrieved from /home/airflow/.local/lib/python3.8/site-packages/airflow/example_dags/example_params_trigger_ui.py
[2024-06-23T07:30:25.708+0000] {logging_mixin.py:154} INFO - [2024-06-23T07:30:25.708+0000] {dag.py:2941} INFO - Sync 1 DAGs
[2024-06-23T07:30:25.715+0000] {logging_mixin.py:154} INFO - [2024-06-23T07:30:25.715+0000] {dag.py:3722} INFO - Setting next_dagrun for example_params_trigger_ui to None, run_after=None
[2024-06-23T07:30:25.726+0000] {processor.py:179} INFO - Processing /home/airflow/.local/lib/python3.8/site-packages/airflow/example_dags/example_params_trigger_ui.py took 0.057 seconds
[2024-06-23T07:30:55.749+0000] {processor.py:157} INFO - Started process (PID=25148) to work on /home/airflow/.local/lib/python3.8/site-packages/airflow/example_dags/example_params_trigger_ui.py
[2024-06-23T07:30:55.750+0000] {processor.py:829} INFO - Processing file /home/airflow/.local/lib/python3.8/site-packages/airflow/example_dags/example_params_trigger_ui.py for tasks to queue
[2024-06-23T07:30:55.751+0000] {logging_mixin.py:154} INFO - [2024-06-23T07:30:55.750+0000] {dagbag.py:536} INFO - Filling up the DagBag from /home/airflow/.local/lib/python3.8/site-packages/airflow/example_dags/example_params_trigger_ui.py
[2024-06-23T07:30:55.764+0000] {processor.py:839} INFO - DAG(s) dict_keys(['example_params_trigger_ui']) retrieved from /home/airflow/.local/lib/python3.8/site-packages/airflow/example_dags/example_params_trigger_ui.py
[2024-06-23T07:30:55.789+0000] {logging_mixin.py:154} INFO - [2024-06-23T07:30:55.789+0000] {dag.py:2941} INFO - Sync 1 DAGs
[2024-06-23T07:30:55.797+0000] {logging_mixin.py:154} INFO - [2024-06-23T07:30:55.796+0000] {dag.py:3722} INFO - Setting next_dagrun for example_params_trigger_ui to None, run_after=None
[2024-06-23T07:30:55.809+0000] {processor.py:179} INFO - Processing /home/airflow/.local/lib/python3.8/site-packages/airflow/example_dags/example_params_trigger_ui.py took 0.062 seconds
