[2024-06-23T01:24:24.457+0000] {processor.py:157} INFO - Started process (PID=13188) to work on /home/airflow/.local/lib/python3.8/site-packages/airflow/example_dags/example_branch_day_of_week_operator.py
[2024-06-23T01:24:24.458+0000] {processor.py:829} INFO - Processing file /home/airflow/.local/lib/python3.8/site-packages/airflow/example_dags/example_branch_day_of_week_operator.py for tasks to queue
[2024-06-23T01:24:24.459+0000] {logging_mixin.py:154} INFO - [2024-06-23T01:24:24.459+0000] {dagbag.py:536} INFO - Filling up the DagBag from /home/airflow/.local/lib/python3.8/site-packages/airflow/example_dags/example_branch_day_of_week_operator.py
[2024-06-23T01:24:24.465+0000] {processor.py:839} INFO - DAG(s) dict_keys(['example_weekday_branch_operator']) retrieved from /home/airflow/.local/lib/python3.8/site-packages/airflow/example_dags/example_branch_day_of_week_operator.py
[2024-06-23T01:24:24.481+0000] {logging_mixin.py:154} INFO - [2024-06-23T01:24:24.481+0000] {dag.py:2941} INFO - Sync 1 DAGs
[2024-06-23T01:24:24.495+0000] {logging_mixin.py:154} INFO - [2024-06-23T01:24:24.495+0000] {dag.py:3722} INFO - Setting next_dagrun for example_weekday_branch_operator to 2024-06-22T00:00:00+00:00, run_after=2024-06-23T00:00:00+00:00
[2024-06-23T01:24:24.509+0000] {processor.py:179} INFO - Processing /home/airflow/.local/lib/python3.8/site-packages/airflow/example_dags/example_branch_day_of_week_operator.py took 0.055 seconds
[2024-06-23T02:48:33.324+0000] {processor.py:157} INFO - Started process (PID=13431) to work on /home/airflow/.local/lib/python3.8/site-packages/airflow/example_dags/example_branch_day_of_week_operator.py
[2024-06-23T02:48:33.324+0000] {processor.py:829} INFO - Processing file /home/airflow/.local/lib/python3.8/site-packages/airflow/example_dags/example_branch_day_of_week_operator.py for tasks to queue
[2024-06-23T02:48:33.328+0000] {logging_mixin.py:154} INFO - [2024-06-23T02:48:33.327+0000] {dagbag.py:536} INFO - Filling up the DagBag from /home/airflow/.local/lib/python3.8/site-packages/airflow/example_dags/example_branch_day_of_week_operator.py
[2024-06-23T02:48:33.332+0000] {processor.py:839} INFO - DAG(s) dict_keys(['example_weekday_branch_operator']) retrieved from /home/airflow/.local/lib/python3.8/site-packages/airflow/example_dags/example_branch_day_of_week_operator.py
[2024-06-23T02:48:33.347+0000] {logging_mixin.py:154} INFO - [2024-06-23T02:48:33.347+0000] {dag.py:2941} INFO - Sync 1 DAGs
[2024-06-23T02:48:33.359+0000] {logging_mixin.py:154} INFO - [2024-06-23T02:48:33.359+0000] {dag.py:3722} INFO - Setting next_dagrun for example_weekday_branch_operator to 2024-06-22T00:00:00+00:00, run_after=2024-06-23T00:00:00+00:00
[2024-06-23T02:48:33.371+0000] {processor.py:179} INFO - Processing /home/airflow/.local/lib/python3.8/site-packages/airflow/example_dags/example_branch_day_of_week_operator.py took 0.049 seconds
[2024-06-23T04:09:04.328+0000] {processor.py:157} INFO - Started process (PID=13679) to work on /home/airflow/.local/lib/python3.8/site-packages/airflow/example_dags/example_branch_day_of_week_operator.py
[2024-06-23T04:09:04.329+0000] {processor.py:829} INFO - Processing file /home/airflow/.local/lib/python3.8/site-packages/airflow/example_dags/example_branch_day_of_week_operator.py for tasks to queue
[2024-06-23T04:09:04.329+0000] {logging_mixin.py:154} INFO - [2024-06-23T04:09:04.329+0000] {dagbag.py:536} INFO - Filling up the DagBag from /home/airflow/.local/lib/python3.8/site-packages/airflow/example_dags/example_branch_day_of_week_operator.py
[2024-06-23T04:09:04.335+0000] {processor.py:839} INFO - DAG(s) dict_keys(['example_weekday_branch_operator']) retrieved from /home/airflow/.local/lib/python3.8/site-packages/airflow/example_dags/example_branch_day_of_week_operator.py
[2024-06-23T04:09:04.344+0000] {logging_mixin.py:154} INFO - [2024-06-23T04:09:04.344+0000] {dag.py:2941} INFO - Sync 1 DAGs
[2024-06-23T04:09:04.363+0000] {logging_mixin.py:154} INFO - [2024-06-23T04:09:04.363+0000] {dag.py:3722} INFO - Setting next_dagrun for example_weekday_branch_operator to 2024-06-22T00:00:00+00:00, run_after=2024-06-23T00:00:00+00:00
[2024-06-23T04:09:04.376+0000] {processor.py:179} INFO - Processing /home/airflow/.local/lib/python3.8/site-packages/airflow/example_dags/example_branch_day_of_week_operator.py took 0.050 seconds
[2024-06-23T05:49:43.169+0000] {processor.py:157} INFO - Started process (PID=13924) to work on /home/airflow/.local/lib/python3.8/site-packages/airflow/example_dags/example_branch_day_of_week_operator.py
[2024-06-23T05:49:43.170+0000] {processor.py:829} INFO - Processing file /home/airflow/.local/lib/python3.8/site-packages/airflow/example_dags/example_branch_day_of_week_operator.py for tasks to queue
[2024-06-23T05:49:43.172+0000] {logging_mixin.py:154} INFO - [2024-06-23T05:49:43.172+0000] {dagbag.py:536} INFO - Filling up the DagBag from /home/airflow/.local/lib/python3.8/site-packages/airflow/example_dags/example_branch_day_of_week_operator.py
[2024-06-23T05:49:43.177+0000] {processor.py:839} INFO - DAG(s) dict_keys(['example_weekday_branch_operator']) retrieved from /home/airflow/.local/lib/python3.8/site-packages/airflow/example_dags/example_branch_day_of_week_operator.py
[2024-06-23T05:49:43.240+0000] {logging_mixin.py:154} INFO - [2024-06-23T05:49:43.240+0000] {dag.py:2941} INFO - Sync 1 DAGs
[2024-06-23T05:49:43.253+0000] {logging_mixin.py:154} INFO - [2024-06-23T05:49:43.253+0000] {dag.py:3722} INFO - Setting next_dagrun for example_weekday_branch_operator to 2024-06-22T00:00:00+00:00, run_after=2024-06-23T00:00:00+00:00
[2024-06-23T05:49:43.265+0000] {processor.py:179} INFO - Processing /home/airflow/.local/lib/python3.8/site-packages/airflow/example_dags/example_branch_day_of_week_operator.py took 0.099 seconds
[2024-06-23T07:07:59.302+0000] {processor.py:157} INFO - Started process (PID=14176) to work on /home/airflow/.local/lib/python3.8/site-packages/airflow/example_dags/example_branch_day_of_week_operator.py
[2024-06-23T07:07:59.304+0000] {processor.py:829} INFO - Processing file /home/airflow/.local/lib/python3.8/site-packages/airflow/example_dags/example_branch_day_of_week_operator.py for tasks to queue
[2024-06-23T07:07:59.307+0000] {logging_mixin.py:154} INFO - [2024-06-23T07:07:59.306+0000] {dagbag.py:536} INFO - Filling up the DagBag from /home/airflow/.local/lib/python3.8/site-packages/airflow/example_dags/example_branch_day_of_week_operator.py
[2024-06-23T07:07:59.316+0000] {processor.py:839} INFO - DAG(s) dict_keys(['example_weekday_branch_operator']) retrieved from /home/airflow/.local/lib/python3.8/site-packages/airflow/example_dags/example_branch_day_of_week_operator.py
[2024-06-23T07:07:59.371+0000] {logging_mixin.py:154} INFO - [2024-06-23T07:07:59.371+0000] {dag.py:2941} INFO - Sync 1 DAGs
[2024-06-23T07:07:59.395+0000] {logging_mixin.py:154} INFO - [2024-06-23T07:07:59.395+0000] {dag.py:3722} INFO - Setting next_dagrun for example_weekday_branch_operator to 2024-06-22T00:00:00+00:00, run_after=2024-06-23T00:00:00+00:00
[2024-06-23T07:07:59.419+0000] {processor.py:179} INFO - Processing /home/airflow/.local/lib/python3.8/site-packages/airflow/example_dags/example_branch_day_of_week_operator.py took 0.120 seconds
[2024-06-23T07:08:30.265+0000] {processor.py:157} INFO - Started process (PID=14420) to work on /home/airflow/.local/lib/python3.8/site-packages/airflow/example_dags/example_branch_day_of_week_operator.py
[2024-06-23T07:08:30.266+0000] {processor.py:829} INFO - Processing file /home/airflow/.local/lib/python3.8/site-packages/airflow/example_dags/example_branch_day_of_week_operator.py for tasks to queue
[2024-06-23T07:08:30.266+0000] {logging_mixin.py:154} INFO - [2024-06-23T07:08:30.266+0000] {dagbag.py:536} INFO - Filling up the DagBag from /home/airflow/.local/lib/python3.8/site-packages/airflow/example_dags/example_branch_day_of_week_operator.py
[2024-06-23T07:08:30.273+0000] {processor.py:839} INFO - DAG(s) dict_keys(['example_weekday_branch_operator']) retrieved from /home/airflow/.local/lib/python3.8/site-packages/airflow/example_dags/example_branch_day_of_week_operator.py
[2024-06-23T07:08:30.291+0000] {logging_mixin.py:154} INFO - [2024-06-23T07:08:30.291+0000] {dag.py:2941} INFO - Sync 1 DAGs
[2024-06-23T07:08:30.306+0000] {logging_mixin.py:154} INFO - [2024-06-23T07:08:30.306+0000] {dag.py:3722} INFO - Setting next_dagrun for example_weekday_branch_operator to 2024-06-22T00:00:00+00:00, run_after=2024-06-23T00:00:00+00:00
[2024-06-23T07:08:30.317+0000] {processor.py:179} INFO - Processing /home/airflow/.local/lib/python3.8/site-packages/airflow/example_dags/example_branch_day_of_week_operator.py took 0.055 seconds
[2024-06-23T07:09:00.638+0000] {processor.py:157} INFO - Started process (PID=14664) to work on /home/airflow/.local/lib/python3.8/site-packages/airflow/example_dags/example_branch_day_of_week_operator.py
[2024-06-23T07:09:00.640+0000] {processor.py:829} INFO - Processing file /home/airflow/.local/lib/python3.8/site-packages/airflow/example_dags/example_branch_day_of_week_operator.py for tasks to queue
[2024-06-23T07:09:00.642+0000] {logging_mixin.py:154} INFO - [2024-06-23T07:09:00.641+0000] {dagbag.py:536} INFO - Filling up the DagBag from /home/airflow/.local/lib/python3.8/site-packages/airflow/example_dags/example_branch_day_of_week_operator.py
[2024-06-23T07:09:00.652+0000] {processor.py:839} INFO - DAG(s) dict_keys(['example_weekday_branch_operator']) retrieved from /home/airflow/.local/lib/python3.8/site-packages/airflow/example_dags/example_branch_day_of_week_operator.py
[2024-06-23T07:09:00.696+0000] {logging_mixin.py:154} INFO - [2024-06-23T07:09:00.695+0000] {dag.py:2941} INFO - Sync 1 DAGs
[2024-06-23T07:09:00.749+0000] {logging_mixin.py:154} INFO - [2024-06-23T07:09:00.749+0000] {dag.py:3722} INFO - Setting next_dagrun for example_weekday_branch_operator to 2024-06-22T00:00:00+00:00, run_after=2024-06-23T00:00:00+00:00
[2024-06-23T07:09:00.762+0000] {processor.py:179} INFO - Processing /home/airflow/.local/lib/python3.8/site-packages/airflow/example_dags/example_branch_day_of_week_operator.py took 0.129 seconds
[2024-06-23T07:09:31.638+0000] {processor.py:157} INFO - Started process (PID=14908) to work on /home/airflow/.local/lib/python3.8/site-packages/airflow/example_dags/example_branch_day_of_week_operator.py
[2024-06-23T07:09:31.639+0000] {processor.py:829} INFO - Processing file /home/airflow/.local/lib/python3.8/site-packages/airflow/example_dags/example_branch_day_of_week_operator.py for tasks to queue
[2024-06-23T07:09:31.640+0000] {logging_mixin.py:154} INFO - [2024-06-23T07:09:31.640+0000] {dagbag.py:536} INFO - Filling up the DagBag from /home/airflow/.local/lib/python3.8/site-packages/airflow/example_dags/example_branch_day_of_week_operator.py
[2024-06-23T07:09:31.645+0000] {processor.py:839} INFO - DAG(s) dict_keys(['example_weekday_branch_operator']) retrieved from /home/airflow/.local/lib/python3.8/site-packages/airflow/example_dags/example_branch_day_of_week_operator.py
[2024-06-23T07:09:31.665+0000] {logging_mixin.py:154} INFO - [2024-06-23T07:09:31.665+0000] {dag.py:2941} INFO - Sync 1 DAGs
[2024-06-23T07:09:31.682+0000] {logging_mixin.py:154} INFO - [2024-06-23T07:09:31.682+0000] {dag.py:3722} INFO - Setting next_dagrun for example_weekday_branch_operator to 2024-06-22T00:00:00+00:00, run_after=2024-06-23T00:00:00+00:00
[2024-06-23T07:09:31.698+0000] {processor.py:179} INFO - Processing /home/airflow/.local/lib/python3.8/site-packages/airflow/example_dags/example_branch_day_of_week_operator.py took 0.063 seconds
[2024-06-23T07:10:01.873+0000] {processor.py:157} INFO - Started process (PID=15152) to work on /home/airflow/.local/lib/python3.8/site-packages/airflow/example_dags/example_branch_day_of_week_operator.py
[2024-06-23T07:10:01.873+0000] {processor.py:829} INFO - Processing file /home/airflow/.local/lib/python3.8/site-packages/airflow/example_dags/example_branch_day_of_week_operator.py for tasks to queue
[2024-06-23T07:10:01.874+0000] {logging_mixin.py:154} INFO - [2024-06-23T07:10:01.874+0000] {dagbag.py:536} INFO - Filling up the DagBag from /home/airflow/.local/lib/python3.8/site-packages/airflow/example_dags/example_branch_day_of_week_operator.py
[2024-06-23T07:10:01.880+0000] {processor.py:839} INFO - DAG(s) dict_keys(['example_weekday_branch_operator']) retrieved from /home/airflow/.local/lib/python3.8/site-packages/airflow/example_dags/example_branch_day_of_week_operator.py
[2024-06-23T07:10:01.900+0000] {logging_mixin.py:154} INFO - [2024-06-23T07:10:01.900+0000] {dag.py:2941} INFO - Sync 1 DAGs
[2024-06-23T07:10:01.919+0000] {logging_mixin.py:154} INFO - [2024-06-23T07:10:01.918+0000] {dag.py:3722} INFO - Setting next_dagrun for example_weekday_branch_operator to 2024-06-22T00:00:00+00:00, run_after=2024-06-23T00:00:00+00:00
[2024-06-23T07:10:01.941+0000] {processor.py:179} INFO - Processing /home/airflow/.local/lib/python3.8/site-packages/airflow/example_dags/example_branch_day_of_week_operator.py took 0.071 seconds
[2024-06-23T07:10:33.029+0000] {processor.py:157} INFO - Started process (PID=15403) to work on /home/airflow/.local/lib/python3.8/site-packages/airflow/example_dags/example_branch_day_of_week_operator.py
[2024-06-23T07:10:33.031+0000] {processor.py:829} INFO - Processing file /home/airflow/.local/lib/python3.8/site-packages/airflow/example_dags/example_branch_day_of_week_operator.py for tasks to queue
[2024-06-23T07:10:33.032+0000] {logging_mixin.py:154} INFO - [2024-06-23T07:10:33.032+0000] {dagbag.py:536} INFO - Filling up the DagBag from /home/airflow/.local/lib/python3.8/site-packages/airflow/example_dags/example_branch_day_of_week_operator.py
[2024-06-23T07:10:33.038+0000] {processor.py:839} INFO - DAG(s) dict_keys(['example_weekday_branch_operator']) retrieved from /home/airflow/.local/lib/python3.8/site-packages/airflow/example_dags/example_branch_day_of_week_operator.py
[2024-06-23T07:10:33.060+0000] {logging_mixin.py:154} INFO - [2024-06-23T07:10:33.060+0000] {dag.py:2941} INFO - Sync 1 DAGs
[2024-06-23T07:10:33.082+0000] {logging_mixin.py:154} INFO - [2024-06-23T07:10:33.082+0000] {dag.py:3722} INFO - Setting next_dagrun for example_weekday_branch_operator to 2024-06-22T00:00:00+00:00, run_after=2024-06-23T00:00:00+00:00
[2024-06-23T07:10:33.099+0000] {processor.py:179} INFO - Processing /home/airflow/.local/lib/python3.8/site-packages/airflow/example_dags/example_branch_day_of_week_operator.py took 0.075 seconds
[2024-06-23T07:11:03.439+0000] {processor.py:157} INFO - Started process (PID=15647) to work on /home/airflow/.local/lib/python3.8/site-packages/airflow/example_dags/example_branch_day_of_week_operator.py
[2024-06-23T07:11:03.440+0000] {processor.py:829} INFO - Processing file /home/airflow/.local/lib/python3.8/site-packages/airflow/example_dags/example_branch_day_of_week_operator.py for tasks to queue
[2024-06-23T07:11:03.441+0000] {logging_mixin.py:154} INFO - [2024-06-23T07:11:03.441+0000] {dagbag.py:536} INFO - Filling up the DagBag from /home/airflow/.local/lib/python3.8/site-packages/airflow/example_dags/example_branch_day_of_week_operator.py
[2024-06-23T07:11:03.448+0000] {processor.py:839} INFO - DAG(s) dict_keys(['example_weekday_branch_operator']) retrieved from /home/airflow/.local/lib/python3.8/site-packages/airflow/example_dags/example_branch_day_of_week_operator.py
[2024-06-23T07:11:03.464+0000] {logging_mixin.py:154} INFO - [2024-06-23T07:11:03.464+0000] {dag.py:2941} INFO - Sync 1 DAGs
[2024-06-23T07:11:03.482+0000] {logging_mixin.py:154} INFO - [2024-06-23T07:11:03.482+0000] {dag.py:3722} INFO - Setting next_dagrun for example_weekday_branch_operator to 2024-06-22T00:00:00+00:00, run_after=2024-06-23T00:00:00+00:00
[2024-06-23T07:11:03.500+0000] {processor.py:179} INFO - Processing /home/airflow/.local/lib/python3.8/site-packages/airflow/example_dags/example_branch_day_of_week_operator.py took 0.063 seconds
[2024-06-23T07:11:33.964+0000] {processor.py:157} INFO - Started process (PID=15891) to work on /home/airflow/.local/lib/python3.8/site-packages/airflow/example_dags/example_branch_day_of_week_operator.py
[2024-06-23T07:11:33.965+0000] {processor.py:829} INFO - Processing file /home/airflow/.local/lib/python3.8/site-packages/airflow/example_dags/example_branch_day_of_week_operator.py for tasks to queue
[2024-06-23T07:11:33.966+0000] {logging_mixin.py:154} INFO - [2024-06-23T07:11:33.965+0000] {dagbag.py:536} INFO - Filling up the DagBag from /home/airflow/.local/lib/python3.8/site-packages/airflow/example_dags/example_branch_day_of_week_operator.py
[2024-06-23T07:11:33.971+0000] {processor.py:839} INFO - DAG(s) dict_keys(['example_weekday_branch_operator']) retrieved from /home/airflow/.local/lib/python3.8/site-packages/airflow/example_dags/example_branch_day_of_week_operator.py
[2024-06-23T07:11:33.992+0000] {logging_mixin.py:154} INFO - [2024-06-23T07:11:33.992+0000] {dag.py:2941} INFO - Sync 1 DAGs
[2024-06-23T07:11:34.006+0000] {logging_mixin.py:154} INFO - [2024-06-23T07:11:34.006+0000] {dag.py:3722} INFO - Setting next_dagrun for example_weekday_branch_operator to 2024-06-22T00:00:00+00:00, run_after=2024-06-23T00:00:00+00:00
[2024-06-23T07:11:34.017+0000] {processor.py:179} INFO - Processing /home/airflow/.local/lib/python3.8/site-packages/airflow/example_dags/example_branch_day_of_week_operator.py took 0.056 seconds
[2024-06-23T07:12:04.440+0000] {processor.py:157} INFO - Started process (PID=16135) to work on /home/airflow/.local/lib/python3.8/site-packages/airflow/example_dags/example_branch_day_of_week_operator.py
[2024-06-23T07:12:04.442+0000] {processor.py:829} INFO - Processing file /home/airflow/.local/lib/python3.8/site-packages/airflow/example_dags/example_branch_day_of_week_operator.py for tasks to queue
[2024-06-23T07:12:04.443+0000] {logging_mixin.py:154} INFO - [2024-06-23T07:12:04.443+0000] {dagbag.py:536} INFO - Filling up the DagBag from /home/airflow/.local/lib/python3.8/site-packages/airflow/example_dags/example_branch_day_of_week_operator.py
[2024-06-23T07:12:04.450+0000] {processor.py:839} INFO - DAG(s) dict_keys(['example_weekday_branch_operator']) retrieved from /home/airflow/.local/lib/python3.8/site-packages/airflow/example_dags/example_branch_day_of_week_operator.py
[2024-06-23T07:12:04.475+0000] {logging_mixin.py:154} INFO - [2024-06-23T07:12:04.475+0000] {dag.py:2941} INFO - Sync 1 DAGs
[2024-06-23T07:12:04.495+0000] {logging_mixin.py:154} INFO - [2024-06-23T07:12:04.494+0000] {dag.py:3722} INFO - Setting next_dagrun for example_weekday_branch_operator to 2024-06-22T00:00:00+00:00, run_after=2024-06-23T00:00:00+00:00
[2024-06-23T07:12:04.520+0000] {processor.py:179} INFO - Processing /home/airflow/.local/lib/python3.8/site-packages/airflow/example_dags/example_branch_day_of_week_operator.py took 0.083 seconds
[2024-06-23T07:12:35.204+0000] {processor.py:157} INFO - Started process (PID=16379) to work on /home/airflow/.local/lib/python3.8/site-packages/airflow/example_dags/example_branch_day_of_week_operator.py
[2024-06-23T07:12:35.205+0000] {processor.py:829} INFO - Processing file /home/airflow/.local/lib/python3.8/site-packages/airflow/example_dags/example_branch_day_of_week_operator.py for tasks to queue
[2024-06-23T07:12:35.206+0000] {logging_mixin.py:154} INFO - [2024-06-23T07:12:35.206+0000] {dagbag.py:536} INFO - Filling up the DagBag from /home/airflow/.local/lib/python3.8/site-packages/airflow/example_dags/example_branch_day_of_week_operator.py
[2024-06-23T07:12:35.210+0000] {processor.py:839} INFO - DAG(s) dict_keys(['example_weekday_branch_operator']) retrieved from /home/airflow/.local/lib/python3.8/site-packages/airflow/example_dags/example_branch_day_of_week_operator.py
[2024-06-23T07:12:35.227+0000] {logging_mixin.py:154} INFO - [2024-06-23T07:12:35.227+0000] {dag.py:2941} INFO - Sync 1 DAGs
[2024-06-23T07:12:35.243+0000] {logging_mixin.py:154} INFO - [2024-06-23T07:12:35.243+0000] {dag.py:3722} INFO - Setting next_dagrun for example_weekday_branch_operator to 2024-06-22T00:00:00+00:00, run_after=2024-06-23T00:00:00+00:00
[2024-06-23T07:12:35.262+0000] {processor.py:179} INFO - Processing /home/airflow/.local/lib/python3.8/site-packages/airflow/example_dags/example_branch_day_of_week_operator.py took 0.061 seconds
[2024-06-23T07:13:05.469+0000] {processor.py:157} INFO - Started process (PID=16623) to work on /home/airflow/.local/lib/python3.8/site-packages/airflow/example_dags/example_branch_day_of_week_operator.py
[2024-06-23T07:13:05.470+0000] {processor.py:829} INFO - Processing file /home/airflow/.local/lib/python3.8/site-packages/airflow/example_dags/example_branch_day_of_week_operator.py for tasks to queue
[2024-06-23T07:13:05.471+0000] {logging_mixin.py:154} INFO - [2024-06-23T07:13:05.471+0000] {dagbag.py:536} INFO - Filling up the DagBag from /home/airflow/.local/lib/python3.8/site-packages/airflow/example_dags/example_branch_day_of_week_operator.py
[2024-06-23T07:13:05.478+0000] {processor.py:839} INFO - DAG(s) dict_keys(['example_weekday_branch_operator']) retrieved from /home/airflow/.local/lib/python3.8/site-packages/airflow/example_dags/example_branch_day_of_week_operator.py
[2024-06-23T07:13:05.499+0000] {logging_mixin.py:154} INFO - [2024-06-23T07:13:05.499+0000] {dag.py:2941} INFO - Sync 1 DAGs
[2024-06-23T07:13:05.526+0000] {logging_mixin.py:154} INFO - [2024-06-23T07:13:05.525+0000] {dag.py:3722} INFO - Setting next_dagrun for example_weekday_branch_operator to 2024-06-22T00:00:00+00:00, run_after=2024-06-23T00:00:00+00:00
[2024-06-23T07:13:05.548+0000] {processor.py:179} INFO - Processing /home/airflow/.local/lib/python3.8/site-packages/airflow/example_dags/example_branch_day_of_week_operator.py took 0.081 seconds
[2024-06-23T07:13:36.271+0000] {processor.py:157} INFO - Started process (PID=16867) to work on /home/airflow/.local/lib/python3.8/site-packages/airflow/example_dags/example_branch_day_of_week_operator.py
[2024-06-23T07:13:36.272+0000] {processor.py:829} INFO - Processing file /home/airflow/.local/lib/python3.8/site-packages/airflow/example_dags/example_branch_day_of_week_operator.py for tasks to queue
[2024-06-23T07:13:36.273+0000] {logging_mixin.py:154} INFO - [2024-06-23T07:13:36.272+0000] {dagbag.py:536} INFO - Filling up the DagBag from /home/airflow/.local/lib/python3.8/site-packages/airflow/example_dags/example_branch_day_of_week_operator.py
[2024-06-23T07:13:36.280+0000] {processor.py:839} INFO - DAG(s) dict_keys(['example_weekday_branch_operator']) retrieved from /home/airflow/.local/lib/python3.8/site-packages/airflow/example_dags/example_branch_day_of_week_operator.py
[2024-06-23T07:13:36.307+0000] {logging_mixin.py:154} INFO - [2024-06-23T07:13:36.306+0000] {dag.py:2941} INFO - Sync 1 DAGs
[2024-06-23T07:13:36.436+0000] {logging_mixin.py:154} INFO - [2024-06-23T07:13:36.436+0000] {dag.py:3722} INFO - Setting next_dagrun for example_weekday_branch_operator to 2024-06-22T00:00:00+00:00, run_after=2024-06-23T00:00:00+00:00
[2024-06-23T07:13:36.493+0000] {processor.py:179} INFO - Processing /home/airflow/.local/lib/python3.8/site-packages/airflow/example_dags/example_branch_day_of_week_operator.py took 0.225 seconds
[2024-06-23T07:14:07.303+0000] {processor.py:157} INFO - Started process (PID=17111) to work on /home/airflow/.local/lib/python3.8/site-packages/airflow/example_dags/example_branch_day_of_week_operator.py
[2024-06-23T07:14:07.304+0000] {processor.py:829} INFO - Processing file /home/airflow/.local/lib/python3.8/site-packages/airflow/example_dags/example_branch_day_of_week_operator.py for tasks to queue
[2024-06-23T07:14:07.305+0000] {logging_mixin.py:154} INFO - [2024-06-23T07:14:07.305+0000] {dagbag.py:536} INFO - Filling up the DagBag from /home/airflow/.local/lib/python3.8/site-packages/airflow/example_dags/example_branch_day_of_week_operator.py
[2024-06-23T07:14:07.315+0000] {processor.py:839} INFO - DAG(s) dict_keys(['example_weekday_branch_operator']) retrieved from /home/airflow/.local/lib/python3.8/site-packages/airflow/example_dags/example_branch_day_of_week_operator.py
[2024-06-23T07:14:07.335+0000] {logging_mixin.py:154} INFO - [2024-06-23T07:14:07.334+0000] {dag.py:2941} INFO - Sync 1 DAGs
[2024-06-23T07:14:07.355+0000] {logging_mixin.py:154} INFO - [2024-06-23T07:14:07.355+0000] {dag.py:3722} INFO - Setting next_dagrun for example_weekday_branch_operator to 2024-06-22T00:00:00+00:00, run_after=2024-06-23T00:00:00+00:00
[2024-06-23T07:14:07.372+0000] {processor.py:179} INFO - Processing /home/airflow/.local/lib/python3.8/site-packages/airflow/example_dags/example_branch_day_of_week_operator.py took 0.072 seconds
[2024-06-23T07:14:37.678+0000] {processor.py:157} INFO - Started process (PID=17355) to work on /home/airflow/.local/lib/python3.8/site-packages/airflow/example_dags/example_branch_day_of_week_operator.py
[2024-06-23T07:14:37.679+0000] {processor.py:829} INFO - Processing file /home/airflow/.local/lib/python3.8/site-packages/airflow/example_dags/example_branch_day_of_week_operator.py for tasks to queue
[2024-06-23T07:14:37.682+0000] {logging_mixin.py:154} INFO - [2024-06-23T07:14:37.682+0000] {dagbag.py:536} INFO - Filling up the DagBag from /home/airflow/.local/lib/python3.8/site-packages/airflow/example_dags/example_branch_day_of_week_operator.py
[2024-06-23T07:14:37.694+0000] {processor.py:839} INFO - DAG(s) dict_keys(['example_weekday_branch_operator']) retrieved from /home/airflow/.local/lib/python3.8/site-packages/airflow/example_dags/example_branch_day_of_week_operator.py
[2024-06-23T07:14:37.718+0000] {logging_mixin.py:154} INFO - [2024-06-23T07:14:37.718+0000] {dag.py:2941} INFO - Sync 1 DAGs
[2024-06-23T07:14:37.761+0000] {logging_mixin.py:154} INFO - [2024-06-23T07:14:37.760+0000] {dag.py:3722} INFO - Setting next_dagrun for example_weekday_branch_operator to 2024-06-22T00:00:00+00:00, run_after=2024-06-23T00:00:00+00:00
[2024-06-23T07:14:37.933+0000] {processor.py:179} INFO - Processing /home/airflow/.local/lib/python3.8/site-packages/airflow/example_dags/example_branch_day_of_week_operator.py took 0.258 seconds
[2024-06-23T07:15:08.249+0000] {processor.py:157} INFO - Started process (PID=17599) to work on /home/airflow/.local/lib/python3.8/site-packages/airflow/example_dags/example_branch_day_of_week_operator.py
[2024-06-23T07:15:08.250+0000] {processor.py:829} INFO - Processing file /home/airflow/.local/lib/python3.8/site-packages/airflow/example_dags/example_branch_day_of_week_operator.py for tasks to queue
[2024-06-23T07:15:08.250+0000] {logging_mixin.py:154} INFO - [2024-06-23T07:15:08.250+0000] {dagbag.py:536} INFO - Filling up the DagBag from /home/airflow/.local/lib/python3.8/site-packages/airflow/example_dags/example_branch_day_of_week_operator.py
[2024-06-23T07:15:08.255+0000] {processor.py:839} INFO - DAG(s) dict_keys(['example_weekday_branch_operator']) retrieved from /home/airflow/.local/lib/python3.8/site-packages/airflow/example_dags/example_branch_day_of_week_operator.py
[2024-06-23T07:15:08.269+0000] {logging_mixin.py:154} INFO - [2024-06-23T07:15:08.269+0000] {dag.py:2941} INFO - Sync 1 DAGs
[2024-06-23T07:15:08.282+0000] {logging_mixin.py:154} INFO - [2024-06-23T07:15:08.282+0000] {dag.py:3722} INFO - Setting next_dagrun for example_weekday_branch_operator to 2024-06-22T00:00:00+00:00, run_after=2024-06-23T00:00:00+00:00
[2024-06-23T07:15:08.295+0000] {processor.py:179} INFO - Processing /home/airflow/.local/lib/python3.8/site-packages/airflow/example_dags/example_branch_day_of_week_operator.py took 0.048 seconds
[2024-06-23T07:15:39.404+0000] {processor.py:157} INFO - Started process (PID=17843) to work on /home/airflow/.local/lib/python3.8/site-packages/airflow/example_dags/example_branch_day_of_week_operator.py
[2024-06-23T07:15:39.405+0000] {processor.py:829} INFO - Processing file /home/airflow/.local/lib/python3.8/site-packages/airflow/example_dags/example_branch_day_of_week_operator.py for tasks to queue
[2024-06-23T07:15:39.406+0000] {logging_mixin.py:154} INFO - [2024-06-23T07:15:39.406+0000] {dagbag.py:536} INFO - Filling up the DagBag from /home/airflow/.local/lib/python3.8/site-packages/airflow/example_dags/example_branch_day_of_week_operator.py
[2024-06-23T07:15:39.412+0000] {processor.py:839} INFO - DAG(s) dict_keys(['example_weekday_branch_operator']) retrieved from /home/airflow/.local/lib/python3.8/site-packages/airflow/example_dags/example_branch_day_of_week_operator.py
[2024-06-23T07:15:39.486+0000] {logging_mixin.py:154} INFO - [2024-06-23T07:15:39.486+0000] {dag.py:2941} INFO - Sync 1 DAGs
[2024-06-23T07:15:39.506+0000] {logging_mixin.py:154} INFO - [2024-06-23T07:15:39.505+0000] {dag.py:3722} INFO - Setting next_dagrun for example_weekday_branch_operator to 2024-06-22T00:00:00+00:00, run_after=2024-06-23T00:00:00+00:00
[2024-06-23T07:15:39.528+0000] {processor.py:179} INFO - Processing /home/airflow/.local/lib/python3.8/site-packages/airflow/example_dags/example_branch_day_of_week_operator.py took 0.126 seconds
[2024-06-23T07:16:10.056+0000] {processor.py:157} INFO - Started process (PID=18087) to work on /home/airflow/.local/lib/python3.8/site-packages/airflow/example_dags/example_branch_day_of_week_operator.py
[2024-06-23T07:16:10.059+0000] {processor.py:829} INFO - Processing file /home/airflow/.local/lib/python3.8/site-packages/airflow/example_dags/example_branch_day_of_week_operator.py for tasks to queue
[2024-06-23T07:16:10.060+0000] {logging_mixin.py:154} INFO - [2024-06-23T07:16:10.060+0000] {dagbag.py:536} INFO - Filling up the DagBag from /home/airflow/.local/lib/python3.8/site-packages/airflow/example_dags/example_branch_day_of_week_operator.py
[2024-06-23T07:16:10.066+0000] {processor.py:839} INFO - DAG(s) dict_keys(['example_weekday_branch_operator']) retrieved from /home/airflow/.local/lib/python3.8/site-packages/airflow/example_dags/example_branch_day_of_week_operator.py
[2024-06-23T07:16:10.079+0000] {logging_mixin.py:154} INFO - [2024-06-23T07:16:10.079+0000] {dag.py:2941} INFO - Sync 1 DAGs
[2024-06-23T07:16:10.091+0000] {logging_mixin.py:154} INFO - [2024-06-23T07:16:10.091+0000] {dag.py:3722} INFO - Setting next_dagrun for example_weekday_branch_operator to 2024-06-22T00:00:00+00:00, run_after=2024-06-23T00:00:00+00:00
[2024-06-23T07:16:10.100+0000] {processor.py:179} INFO - Processing /home/airflow/.local/lib/python3.8/site-packages/airflow/example_dags/example_branch_day_of_week_operator.py took 0.047 seconds
[2024-06-23T07:16:41.200+0000] {processor.py:157} INFO - Started process (PID=18333) to work on /home/airflow/.local/lib/python3.8/site-packages/airflow/example_dags/example_branch_day_of_week_operator.py
[2024-06-23T07:16:41.201+0000] {processor.py:829} INFO - Processing file /home/airflow/.local/lib/python3.8/site-packages/airflow/example_dags/example_branch_day_of_week_operator.py for tasks to queue
[2024-06-23T07:16:41.203+0000] {logging_mixin.py:154} INFO - [2024-06-23T07:16:41.203+0000] {dagbag.py:536} INFO - Filling up the DagBag from /home/airflow/.local/lib/python3.8/site-packages/airflow/example_dags/example_branch_day_of_week_operator.py
[2024-06-23T07:16:41.209+0000] {processor.py:839} INFO - DAG(s) dict_keys(['example_weekday_branch_operator']) retrieved from /home/airflow/.local/lib/python3.8/site-packages/airflow/example_dags/example_branch_day_of_week_operator.py
[2024-06-23T07:16:41.224+0000] {logging_mixin.py:154} INFO - [2024-06-23T07:16:41.224+0000] {dag.py:2941} INFO - Sync 1 DAGs
[2024-06-23T07:16:41.248+0000] {logging_mixin.py:154} INFO - [2024-06-23T07:16:41.248+0000] {dag.py:3722} INFO - Setting next_dagrun for example_weekday_branch_operator to 2024-06-22T00:00:00+00:00, run_after=2024-06-23T00:00:00+00:00
[2024-06-23T07:16:41.261+0000] {processor.py:179} INFO - Processing /home/airflow/.local/lib/python3.8/site-packages/airflow/example_dags/example_branch_day_of_week_operator.py took 0.064 seconds
[2024-06-23T07:17:11.422+0000] {processor.py:157} INFO - Started process (PID=18575) to work on /home/airflow/.local/lib/python3.8/site-packages/airflow/example_dags/example_branch_day_of_week_operator.py
[2024-06-23T07:17:11.423+0000] {processor.py:829} INFO - Processing file /home/airflow/.local/lib/python3.8/site-packages/airflow/example_dags/example_branch_day_of_week_operator.py for tasks to queue
[2024-06-23T07:17:11.423+0000] {logging_mixin.py:154} INFO - [2024-06-23T07:17:11.423+0000] {dagbag.py:536} INFO - Filling up the DagBag from /home/airflow/.local/lib/python3.8/site-packages/airflow/example_dags/example_branch_day_of_week_operator.py
[2024-06-23T07:17:11.429+0000] {processor.py:839} INFO - DAG(s) dict_keys(['example_weekday_branch_operator']) retrieved from /home/airflow/.local/lib/python3.8/site-packages/airflow/example_dags/example_branch_day_of_week_operator.py
[2024-06-23T07:17:11.448+0000] {logging_mixin.py:154} INFO - [2024-06-23T07:17:11.448+0000] {dag.py:2941} INFO - Sync 1 DAGs
[2024-06-23T07:17:11.464+0000] {logging_mixin.py:154} INFO - [2024-06-23T07:17:11.463+0000] {dag.py:3722} INFO - Setting next_dagrun for example_weekday_branch_operator to 2024-06-22T00:00:00+00:00, run_after=2024-06-23T00:00:00+00:00
[2024-06-23T07:17:11.478+0000] {processor.py:179} INFO - Processing /home/airflow/.local/lib/python3.8/site-packages/airflow/example_dags/example_branch_day_of_week_operator.py took 0.059 seconds
[2024-06-23T07:17:41.894+0000] {processor.py:157} INFO - Started process (PID=18813) to work on /home/airflow/.local/lib/python3.8/site-packages/airflow/example_dags/example_branch_day_of_week_operator.py
[2024-06-23T07:17:41.895+0000] {processor.py:829} INFO - Processing file /home/airflow/.local/lib/python3.8/site-packages/airflow/example_dags/example_branch_day_of_week_operator.py for tasks to queue
[2024-06-23T07:17:41.895+0000] {logging_mixin.py:154} INFO - [2024-06-23T07:17:41.895+0000] {dagbag.py:536} INFO - Filling up the DagBag from /home/airflow/.local/lib/python3.8/site-packages/airflow/example_dags/example_branch_day_of_week_operator.py
[2024-06-23T07:17:41.900+0000] {processor.py:839} INFO - DAG(s) dict_keys(['example_weekday_branch_operator']) retrieved from /home/airflow/.local/lib/python3.8/site-packages/airflow/example_dags/example_branch_day_of_week_operator.py
[2024-06-23T07:17:41.918+0000] {logging_mixin.py:154} INFO - [2024-06-23T07:17:41.918+0000] {dag.py:2941} INFO - Sync 1 DAGs
[2024-06-23T07:17:41.934+0000] {logging_mixin.py:154} INFO - [2024-06-23T07:17:41.934+0000] {dag.py:3722} INFO - Setting next_dagrun for example_weekday_branch_operator to 2024-06-22T00:00:00+00:00, run_after=2024-06-23T00:00:00+00:00
[2024-06-23T07:17:41.946+0000] {processor.py:179} INFO - Processing /home/airflow/.local/lib/python3.8/site-packages/airflow/example_dags/example_branch_day_of_week_operator.py took 0.054 seconds
[2024-06-23T07:18:12.059+0000] {processor.py:157} INFO - Started process (PID=19057) to work on /home/airflow/.local/lib/python3.8/site-packages/airflow/example_dags/example_branch_day_of_week_operator.py
[2024-06-23T07:18:12.060+0000] {processor.py:829} INFO - Processing file /home/airflow/.local/lib/python3.8/site-packages/airflow/example_dags/example_branch_day_of_week_operator.py for tasks to queue
[2024-06-23T07:18:12.063+0000] {logging_mixin.py:154} INFO - [2024-06-23T07:18:12.063+0000] {dagbag.py:536} INFO - Filling up the DagBag from /home/airflow/.local/lib/python3.8/site-packages/airflow/example_dags/example_branch_day_of_week_operator.py
[2024-06-23T07:18:12.070+0000] {processor.py:839} INFO - DAG(s) dict_keys(['example_weekday_branch_operator']) retrieved from /home/airflow/.local/lib/python3.8/site-packages/airflow/example_dags/example_branch_day_of_week_operator.py
[2024-06-23T07:18:12.097+0000] {logging_mixin.py:154} INFO - [2024-06-23T07:18:12.097+0000] {dag.py:2941} INFO - Sync 1 DAGs
[2024-06-23T07:18:12.126+0000] {logging_mixin.py:154} INFO - [2024-06-23T07:18:12.126+0000] {dag.py:3722} INFO - Setting next_dagrun for example_weekday_branch_operator to 2024-06-22T00:00:00+00:00, run_after=2024-06-23T00:00:00+00:00
[2024-06-23T07:18:12.170+0000] {processor.py:179} INFO - Processing /home/airflow/.local/lib/python3.8/site-packages/airflow/example_dags/example_branch_day_of_week_operator.py took 0.114 seconds
[2024-06-23T07:18:42.278+0000] {processor.py:157} INFO - Started process (PID=19301) to work on /home/airflow/.local/lib/python3.8/site-packages/airflow/example_dags/example_branch_day_of_week_operator.py
[2024-06-23T07:18:42.279+0000] {processor.py:829} INFO - Processing file /home/airflow/.local/lib/python3.8/site-packages/airflow/example_dags/example_branch_day_of_week_operator.py for tasks to queue
[2024-06-23T07:18:42.280+0000] {logging_mixin.py:154} INFO - [2024-06-23T07:18:42.280+0000] {dagbag.py:536} INFO - Filling up the DagBag from /home/airflow/.local/lib/python3.8/site-packages/airflow/example_dags/example_branch_day_of_week_operator.py
[2024-06-23T07:18:42.284+0000] {processor.py:839} INFO - DAG(s) dict_keys(['example_weekday_branch_operator']) retrieved from /home/airflow/.local/lib/python3.8/site-packages/airflow/example_dags/example_branch_day_of_week_operator.py
[2024-06-23T07:18:42.295+0000] {logging_mixin.py:154} INFO - [2024-06-23T07:18:42.295+0000] {dag.py:2941} INFO - Sync 1 DAGs
[2024-06-23T07:18:42.312+0000] {logging_mixin.py:154} INFO - [2024-06-23T07:18:42.312+0000] {dag.py:3722} INFO - Setting next_dagrun for example_weekday_branch_operator to 2024-06-22T00:00:00+00:00, run_after=2024-06-23T00:00:00+00:00
[2024-06-23T07:18:42.325+0000] {processor.py:179} INFO - Processing /home/airflow/.local/lib/python3.8/site-packages/airflow/example_dags/example_branch_day_of_week_operator.py took 0.050 seconds
[2024-06-23T07:19:12.471+0000] {processor.py:157} INFO - Started process (PID=19544) to work on /home/airflow/.local/lib/python3.8/site-packages/airflow/example_dags/example_branch_day_of_week_operator.py
[2024-06-23T07:19:12.473+0000] {processor.py:829} INFO - Processing file /home/airflow/.local/lib/python3.8/site-packages/airflow/example_dags/example_branch_day_of_week_operator.py for tasks to queue
[2024-06-23T07:19:12.474+0000] {logging_mixin.py:154} INFO - [2024-06-23T07:19:12.473+0000] {dagbag.py:536} INFO - Filling up the DagBag from /home/airflow/.local/lib/python3.8/site-packages/airflow/example_dags/example_branch_day_of_week_operator.py
[2024-06-23T07:19:12.478+0000] {processor.py:839} INFO - DAG(s) dict_keys(['example_weekday_branch_operator']) retrieved from /home/airflow/.local/lib/python3.8/site-packages/airflow/example_dags/example_branch_day_of_week_operator.py
[2024-06-23T07:19:12.490+0000] {logging_mixin.py:154} INFO - [2024-06-23T07:19:12.489+0000] {dag.py:2941} INFO - Sync 1 DAGs
[2024-06-23T07:19:12.501+0000] {logging_mixin.py:154} INFO - [2024-06-23T07:19:12.500+0000] {dag.py:3722} INFO - Setting next_dagrun for example_weekday_branch_operator to 2024-06-22T00:00:00+00:00, run_after=2024-06-23T00:00:00+00:00
[2024-06-23T07:19:12.510+0000] {processor.py:179} INFO - Processing /home/airflow/.local/lib/python3.8/site-packages/airflow/example_dags/example_branch_day_of_week_operator.py took 0.041 seconds
[2024-06-23T07:19:43.820+0000] {processor.py:157} INFO - Started process (PID=19788) to work on /home/airflow/.local/lib/python3.8/site-packages/airflow/example_dags/example_branch_day_of_week_operator.py
[2024-06-23T07:19:43.821+0000] {processor.py:829} INFO - Processing file /home/airflow/.local/lib/python3.8/site-packages/airflow/example_dags/example_branch_day_of_week_operator.py for tasks to queue
[2024-06-23T07:19:43.822+0000] {logging_mixin.py:154} INFO - [2024-06-23T07:19:43.822+0000] {dagbag.py:536} INFO - Filling up the DagBag from /home/airflow/.local/lib/python3.8/site-packages/airflow/example_dags/example_branch_day_of_week_operator.py
[2024-06-23T07:19:43.832+0000] {processor.py:839} INFO - DAG(s) dict_keys(['example_weekday_branch_operator']) retrieved from /home/airflow/.local/lib/python3.8/site-packages/airflow/example_dags/example_branch_day_of_week_operator.py
[2024-06-23T07:19:43.851+0000] {logging_mixin.py:154} INFO - [2024-06-23T07:19:43.851+0000] {dag.py:2941} INFO - Sync 1 DAGs
[2024-06-23T07:19:43.874+0000] {logging_mixin.py:154} INFO - [2024-06-23T07:19:43.873+0000] {dag.py:3722} INFO - Setting next_dagrun for example_weekday_branch_operator to 2024-06-22T00:00:00+00:00, run_after=2024-06-23T00:00:00+00:00
[2024-06-23T07:19:43.898+0000] {processor.py:179} INFO - Processing /home/airflow/.local/lib/python3.8/site-packages/airflow/example_dags/example_branch_day_of_week_operator.py took 0.082 seconds
[2024-06-23T07:20:14.108+0000] {processor.py:157} INFO - Started process (PID=20031) to work on /home/airflow/.local/lib/python3.8/site-packages/airflow/example_dags/example_branch_day_of_week_operator.py
[2024-06-23T07:20:14.109+0000] {processor.py:829} INFO - Processing file /home/airflow/.local/lib/python3.8/site-packages/airflow/example_dags/example_branch_day_of_week_operator.py for tasks to queue
[2024-06-23T07:20:14.109+0000] {logging_mixin.py:154} INFO - [2024-06-23T07:20:14.109+0000] {dagbag.py:536} INFO - Filling up the DagBag from /home/airflow/.local/lib/python3.8/site-packages/airflow/example_dags/example_branch_day_of_week_operator.py
[2024-06-23T07:20:14.113+0000] {processor.py:839} INFO - DAG(s) dict_keys(['example_weekday_branch_operator']) retrieved from /home/airflow/.local/lib/python3.8/site-packages/airflow/example_dags/example_branch_day_of_week_operator.py
[2024-06-23T07:20:14.124+0000] {logging_mixin.py:154} INFO - [2024-06-23T07:20:14.124+0000] {dag.py:2941} INFO - Sync 1 DAGs
[2024-06-23T07:20:14.134+0000] {logging_mixin.py:154} INFO - [2024-06-23T07:20:14.134+0000] {dag.py:3722} INFO - Setting next_dagrun for example_weekday_branch_operator to 2024-06-22T00:00:00+00:00, run_after=2024-06-23T00:00:00+00:00
[2024-06-23T07:20:14.143+0000] {processor.py:179} INFO - Processing /home/airflow/.local/lib/python3.8/site-packages/airflow/example_dags/example_branch_day_of_week_operator.py took 0.037 seconds
[2024-06-23T07:20:44.940+0000] {processor.py:157} INFO - Started process (PID=20274) to work on /home/airflow/.local/lib/python3.8/site-packages/airflow/example_dags/example_branch_day_of_week_operator.py
[2024-06-23T07:20:44.941+0000] {processor.py:829} INFO - Processing file /home/airflow/.local/lib/python3.8/site-packages/airflow/example_dags/example_branch_day_of_week_operator.py for tasks to queue
[2024-06-23T07:20:44.941+0000] {logging_mixin.py:154} INFO - [2024-06-23T07:20:44.941+0000] {dagbag.py:536} INFO - Filling up the DagBag from /home/airflow/.local/lib/python3.8/site-packages/airflow/example_dags/example_branch_day_of_week_operator.py
[2024-06-23T07:20:44.945+0000] {processor.py:839} INFO - DAG(s) dict_keys(['example_weekday_branch_operator']) retrieved from /home/airflow/.local/lib/python3.8/site-packages/airflow/example_dags/example_branch_day_of_week_operator.py
[2024-06-23T07:20:44.955+0000] {logging_mixin.py:154} INFO - [2024-06-23T07:20:44.955+0000] {dag.py:2941} INFO - Sync 1 DAGs
[2024-06-23T07:20:44.966+0000] {logging_mixin.py:154} INFO - [2024-06-23T07:20:44.966+0000] {dag.py:3722} INFO - Setting next_dagrun for example_weekday_branch_operator to 2024-06-22T00:00:00+00:00, run_after=2024-06-23T00:00:00+00:00
[2024-06-23T07:20:44.974+0000] {processor.py:179} INFO - Processing /home/airflow/.local/lib/python3.8/site-packages/airflow/example_dags/example_branch_day_of_week_operator.py took 0.036 seconds
[2024-06-23T07:21:15.155+0000] {processor.py:157} INFO - Started process (PID=20518) to work on /home/airflow/.local/lib/python3.8/site-packages/airflow/example_dags/example_branch_day_of_week_operator.py
[2024-06-23T07:21:15.157+0000] {processor.py:829} INFO - Processing file /home/airflow/.local/lib/python3.8/site-packages/airflow/example_dags/example_branch_day_of_week_operator.py for tasks to queue
[2024-06-23T07:21:15.157+0000] {logging_mixin.py:154} INFO - [2024-06-23T07:21:15.157+0000] {dagbag.py:536} INFO - Filling up the DagBag from /home/airflow/.local/lib/python3.8/site-packages/airflow/example_dags/example_branch_day_of_week_operator.py
[2024-06-23T07:21:15.164+0000] {processor.py:839} INFO - DAG(s) dict_keys(['example_weekday_branch_operator']) retrieved from /home/airflow/.local/lib/python3.8/site-packages/airflow/example_dags/example_branch_day_of_week_operator.py
[2024-06-23T07:21:15.184+0000] {logging_mixin.py:154} INFO - [2024-06-23T07:21:15.183+0000] {dag.py:2941} INFO - Sync 1 DAGs
[2024-06-23T07:21:15.204+0000] {logging_mixin.py:154} INFO - [2024-06-23T07:21:15.203+0000] {dag.py:3722} INFO - Setting next_dagrun for example_weekday_branch_operator to 2024-06-22T00:00:00+00:00, run_after=2024-06-23T00:00:00+00:00
[2024-06-23T07:21:15.220+0000] {processor.py:179} INFO - Processing /home/airflow/.local/lib/python3.8/site-packages/airflow/example_dags/example_branch_day_of_week_operator.py took 0.069 seconds
[2024-06-23T07:21:45.251+0000] {processor.py:157} INFO - Started process (PID=20762) to work on /home/airflow/.local/lib/python3.8/site-packages/airflow/example_dags/example_branch_day_of_week_operator.py
[2024-06-23T07:21:45.252+0000] {processor.py:829} INFO - Processing file /home/airflow/.local/lib/python3.8/site-packages/airflow/example_dags/example_branch_day_of_week_operator.py for tasks to queue
[2024-06-23T07:21:45.252+0000] {logging_mixin.py:154} INFO - [2024-06-23T07:21:45.252+0000] {dagbag.py:536} INFO - Filling up the DagBag from /home/airflow/.local/lib/python3.8/site-packages/airflow/example_dags/example_branch_day_of_week_operator.py
[2024-06-23T07:21:45.256+0000] {processor.py:839} INFO - DAG(s) dict_keys(['example_weekday_branch_operator']) retrieved from /home/airflow/.local/lib/python3.8/site-packages/airflow/example_dags/example_branch_day_of_week_operator.py
[2024-06-23T07:21:45.269+0000] {logging_mixin.py:154} INFO - [2024-06-23T07:21:45.269+0000] {dag.py:2941} INFO - Sync 1 DAGs
[2024-06-23T07:21:45.280+0000] {logging_mixin.py:154} INFO - [2024-06-23T07:21:45.280+0000] {dag.py:3722} INFO - Setting next_dagrun for example_weekday_branch_operator to 2024-06-22T00:00:00+00:00, run_after=2024-06-23T00:00:00+00:00
[2024-06-23T07:21:45.289+0000] {processor.py:179} INFO - Processing /home/airflow/.local/lib/python3.8/site-packages/airflow/example_dags/example_branch_day_of_week_operator.py took 0.040 seconds
[2024-06-23T07:22:16.117+0000] {processor.py:157} INFO - Started process (PID=21006) to work on /home/airflow/.local/lib/python3.8/site-packages/airflow/example_dags/example_branch_day_of_week_operator.py
[2024-06-23T07:22:16.117+0000] {processor.py:829} INFO - Processing file /home/airflow/.local/lib/python3.8/site-packages/airflow/example_dags/example_branch_day_of_week_operator.py for tasks to queue
[2024-06-23T07:22:16.118+0000] {logging_mixin.py:154} INFO - [2024-06-23T07:22:16.118+0000] {dagbag.py:536} INFO - Filling up the DagBag from /home/airflow/.local/lib/python3.8/site-packages/airflow/example_dags/example_branch_day_of_week_operator.py
[2024-06-23T07:22:16.122+0000] {processor.py:839} INFO - DAG(s) dict_keys(['example_weekday_branch_operator']) retrieved from /home/airflow/.local/lib/python3.8/site-packages/airflow/example_dags/example_branch_day_of_week_operator.py
[2024-06-23T07:22:16.134+0000] {logging_mixin.py:154} INFO - [2024-06-23T07:22:16.134+0000] {dag.py:2941} INFO - Sync 1 DAGs
[2024-06-23T07:22:16.144+0000] {logging_mixin.py:154} INFO - [2024-06-23T07:22:16.144+0000] {dag.py:3722} INFO - Setting next_dagrun for example_weekday_branch_operator to 2024-06-22T00:00:00+00:00, run_after=2024-06-23T00:00:00+00:00
[2024-06-23T07:22:16.153+0000] {processor.py:179} INFO - Processing /home/airflow/.local/lib/python3.8/site-packages/airflow/example_dags/example_branch_day_of_week_operator.py took 0.038 seconds
[2024-06-23T07:22:46.895+0000] {processor.py:157} INFO - Started process (PID=21250) to work on /home/airflow/.local/lib/python3.8/site-packages/airflow/example_dags/example_branch_day_of_week_operator.py
[2024-06-23T07:22:46.896+0000] {processor.py:829} INFO - Processing file /home/airflow/.local/lib/python3.8/site-packages/airflow/example_dags/example_branch_day_of_week_operator.py for tasks to queue
[2024-06-23T07:22:46.897+0000] {logging_mixin.py:154} INFO - [2024-06-23T07:22:46.897+0000] {dagbag.py:536} INFO - Filling up the DagBag from /home/airflow/.local/lib/python3.8/site-packages/airflow/example_dags/example_branch_day_of_week_operator.py
[2024-06-23T07:22:46.901+0000] {processor.py:839} INFO - DAG(s) dict_keys(['example_weekday_branch_operator']) retrieved from /home/airflow/.local/lib/python3.8/site-packages/airflow/example_dags/example_branch_day_of_week_operator.py
[2024-06-23T07:22:46.911+0000] {logging_mixin.py:154} INFO - [2024-06-23T07:22:46.911+0000] {dag.py:2941} INFO - Sync 1 DAGs
[2024-06-23T07:22:46.922+0000] {logging_mixin.py:154} INFO - [2024-06-23T07:22:46.922+0000] {dag.py:3722} INFO - Setting next_dagrun for example_weekday_branch_operator to 2024-06-22T00:00:00+00:00, run_after=2024-06-23T00:00:00+00:00
[2024-06-23T07:22:46.930+0000] {processor.py:179} INFO - Processing /home/airflow/.local/lib/python3.8/site-packages/airflow/example_dags/example_branch_day_of_week_operator.py took 0.036 seconds
[2024-06-23T07:23:17.954+0000] {processor.py:157} INFO - Started process (PID=21494) to work on /home/airflow/.local/lib/python3.8/site-packages/airflow/example_dags/example_branch_day_of_week_operator.py
[2024-06-23T07:23:17.956+0000] {processor.py:829} INFO - Processing file /home/airflow/.local/lib/python3.8/site-packages/airflow/example_dags/example_branch_day_of_week_operator.py for tasks to queue
[2024-06-23T07:23:17.957+0000] {logging_mixin.py:154} INFO - [2024-06-23T07:23:17.957+0000] {dagbag.py:536} INFO - Filling up the DagBag from /home/airflow/.local/lib/python3.8/site-packages/airflow/example_dags/example_branch_day_of_week_operator.py
[2024-06-23T07:23:17.965+0000] {processor.py:839} INFO - DAG(s) dict_keys(['example_weekday_branch_operator']) retrieved from /home/airflow/.local/lib/python3.8/site-packages/airflow/example_dags/example_branch_day_of_week_operator.py
[2024-06-23T07:23:17.988+0000] {logging_mixin.py:154} INFO - [2024-06-23T07:23:17.988+0000] {dag.py:2941} INFO - Sync 1 DAGs
[2024-06-23T07:23:18.011+0000] {logging_mixin.py:154} INFO - [2024-06-23T07:23:18.010+0000] {dag.py:3722} INFO - Setting next_dagrun for example_weekday_branch_operator to 2024-06-22T00:00:00+00:00, run_after=2024-06-23T00:00:00+00:00
[2024-06-23T07:23:18.036+0000] {processor.py:179} INFO - Processing /home/airflow/.local/lib/python3.8/site-packages/airflow/example_dags/example_branch_day_of_week_operator.py took 0.085 seconds
[2024-06-23T07:23:48.483+0000] {processor.py:157} INFO - Started process (PID=21738) to work on /home/airflow/.local/lib/python3.8/site-packages/airflow/example_dags/example_branch_day_of_week_operator.py
[2024-06-23T07:23:48.484+0000] {processor.py:829} INFO - Processing file /home/airflow/.local/lib/python3.8/site-packages/airflow/example_dags/example_branch_day_of_week_operator.py for tasks to queue
[2024-06-23T07:23:48.485+0000] {logging_mixin.py:154} INFO - [2024-06-23T07:23:48.485+0000] {dagbag.py:536} INFO - Filling up the DagBag from /home/airflow/.local/lib/python3.8/site-packages/airflow/example_dags/example_branch_day_of_week_operator.py
[2024-06-23T07:23:48.489+0000] {processor.py:839} INFO - DAG(s) dict_keys(['example_weekday_branch_operator']) retrieved from /home/airflow/.local/lib/python3.8/site-packages/airflow/example_dags/example_branch_day_of_week_operator.py
[2024-06-23T07:23:48.503+0000] {logging_mixin.py:154} INFO - [2024-06-23T07:23:48.503+0000] {dag.py:2941} INFO - Sync 1 DAGs
[2024-06-23T07:23:48.516+0000] {logging_mixin.py:154} INFO - [2024-06-23T07:23:48.516+0000] {dag.py:3722} INFO - Setting next_dagrun for example_weekday_branch_operator to 2024-06-22T00:00:00+00:00, run_after=2024-06-23T00:00:00+00:00
[2024-06-23T07:23:48.526+0000] {processor.py:179} INFO - Processing /home/airflow/.local/lib/python3.8/site-packages/airflow/example_dags/example_branch_day_of_week_operator.py took 0.045 seconds
[2024-06-23T07:24:18.576+0000] {processor.py:157} INFO - Started process (PID=21982) to work on /home/airflow/.local/lib/python3.8/site-packages/airflow/example_dags/example_branch_day_of_week_operator.py
[2024-06-23T07:24:18.577+0000] {processor.py:829} INFO - Processing file /home/airflow/.local/lib/python3.8/site-packages/airflow/example_dags/example_branch_day_of_week_operator.py for tasks to queue
[2024-06-23T07:24:18.578+0000] {logging_mixin.py:154} INFO - [2024-06-23T07:24:18.577+0000] {dagbag.py:536} INFO - Filling up the DagBag from /home/airflow/.local/lib/python3.8/site-packages/airflow/example_dags/example_branch_day_of_week_operator.py
[2024-06-23T07:24:18.581+0000] {processor.py:839} INFO - DAG(s) dict_keys(['example_weekday_branch_operator']) retrieved from /home/airflow/.local/lib/python3.8/site-packages/airflow/example_dags/example_branch_day_of_week_operator.py
[2024-06-23T07:24:18.593+0000] {logging_mixin.py:154} INFO - [2024-06-23T07:24:18.593+0000] {dag.py:2941} INFO - Sync 1 DAGs
[2024-06-23T07:24:18.604+0000] {logging_mixin.py:154} INFO - [2024-06-23T07:24:18.604+0000] {dag.py:3722} INFO - Setting next_dagrun for example_weekday_branch_operator to 2024-06-22T00:00:00+00:00, run_after=2024-06-23T00:00:00+00:00
[2024-06-23T07:24:18.612+0000] {processor.py:179} INFO - Processing /home/airflow/.local/lib/python3.8/site-packages/airflow/example_dags/example_branch_day_of_week_operator.py took 0.038 seconds
[2024-06-23T07:24:49.574+0000] {processor.py:157} INFO - Started process (PID=22226) to work on /home/airflow/.local/lib/python3.8/site-packages/airflow/example_dags/example_branch_day_of_week_operator.py
[2024-06-23T07:24:49.575+0000] {processor.py:829} INFO - Processing file /home/airflow/.local/lib/python3.8/site-packages/airflow/example_dags/example_branch_day_of_week_operator.py for tasks to queue
[2024-06-23T07:24:49.576+0000] {logging_mixin.py:154} INFO - [2024-06-23T07:24:49.576+0000] {dagbag.py:536} INFO - Filling up the DagBag from /home/airflow/.local/lib/python3.8/site-packages/airflow/example_dags/example_branch_day_of_week_operator.py
[2024-06-23T07:24:49.581+0000] {processor.py:839} INFO - DAG(s) dict_keys(['example_weekday_branch_operator']) retrieved from /home/airflow/.local/lib/python3.8/site-packages/airflow/example_dags/example_branch_day_of_week_operator.py
[2024-06-23T07:24:49.596+0000] {logging_mixin.py:154} INFO - [2024-06-23T07:24:49.596+0000] {dag.py:2941} INFO - Sync 1 DAGs
[2024-06-23T07:24:49.609+0000] {logging_mixin.py:154} INFO - [2024-06-23T07:24:49.609+0000] {dag.py:3722} INFO - Setting next_dagrun for example_weekday_branch_operator to 2024-06-22T00:00:00+00:00, run_after=2024-06-23T00:00:00+00:00
[2024-06-23T07:24:49.622+0000] {processor.py:179} INFO - Processing /home/airflow/.local/lib/python3.8/site-packages/airflow/example_dags/example_branch_day_of_week_operator.py took 0.050 seconds
[2024-06-23T07:25:19.656+0000] {processor.py:157} INFO - Started process (PID=22470) to work on /home/airflow/.local/lib/python3.8/site-packages/airflow/example_dags/example_branch_day_of_week_operator.py
[2024-06-23T07:25:19.657+0000] {processor.py:829} INFO - Processing file /home/airflow/.local/lib/python3.8/site-packages/airflow/example_dags/example_branch_day_of_week_operator.py for tasks to queue
[2024-06-23T07:25:19.657+0000] {logging_mixin.py:154} INFO - [2024-06-23T07:25:19.657+0000] {dagbag.py:536} INFO - Filling up the DagBag from /home/airflow/.local/lib/python3.8/site-packages/airflow/example_dags/example_branch_day_of_week_operator.py
[2024-06-23T07:25:19.661+0000] {processor.py:839} INFO - DAG(s) dict_keys(['example_weekday_branch_operator']) retrieved from /home/airflow/.local/lib/python3.8/site-packages/airflow/example_dags/example_branch_day_of_week_operator.py
[2024-06-23T07:25:19.672+0000] {logging_mixin.py:154} INFO - [2024-06-23T07:25:19.672+0000] {dag.py:2941} INFO - Sync 1 DAGs
[2024-06-23T07:25:19.682+0000] {logging_mixin.py:154} INFO - [2024-06-23T07:25:19.682+0000] {dag.py:3722} INFO - Setting next_dagrun for example_weekday_branch_operator to 2024-06-22T00:00:00+00:00, run_after=2024-06-23T00:00:00+00:00
[2024-06-23T07:25:19.690+0000] {processor.py:179} INFO - Processing /home/airflow/.local/lib/python3.8/site-packages/airflow/example_dags/example_branch_day_of_week_operator.py took 0.036 seconds
[2024-06-23T07:25:49.849+0000] {processor.py:157} INFO - Started process (PID=22716) to work on /home/airflow/.local/lib/python3.8/site-packages/airflow/example_dags/example_branch_day_of_week_operator.py
[2024-06-23T07:25:49.850+0000] {processor.py:829} INFO - Processing file /home/airflow/.local/lib/python3.8/site-packages/airflow/example_dags/example_branch_day_of_week_operator.py for tasks to queue
[2024-06-23T07:25:49.851+0000] {logging_mixin.py:154} INFO - [2024-06-23T07:25:49.850+0000] {dagbag.py:536} INFO - Filling up the DagBag from /home/airflow/.local/lib/python3.8/site-packages/airflow/example_dags/example_branch_day_of_week_operator.py
[2024-06-23T07:25:49.855+0000] {processor.py:839} INFO - DAG(s) dict_keys(['example_weekday_branch_operator']) retrieved from /home/airflow/.local/lib/python3.8/site-packages/airflow/example_dags/example_branch_day_of_week_operator.py
[2024-06-23T07:25:49.866+0000] {logging_mixin.py:154} INFO - [2024-06-23T07:25:49.866+0000] {dag.py:2941} INFO - Sync 1 DAGs
[2024-06-23T07:25:49.877+0000] {logging_mixin.py:154} INFO - [2024-06-23T07:25:49.877+0000] {dag.py:3722} INFO - Setting next_dagrun for example_weekday_branch_operator to 2024-06-22T00:00:00+00:00, run_after=2024-06-23T00:00:00+00:00
[2024-06-23T07:25:49.886+0000] {processor.py:179} INFO - Processing /home/airflow/.local/lib/python3.8/site-packages/airflow/example_dags/example_branch_day_of_week_operator.py took 0.038 seconds
[2024-06-23T07:26:20.651+0000] {processor.py:157} INFO - Started process (PID=22960) to work on /home/airflow/.local/lib/python3.8/site-packages/airflow/example_dags/example_branch_day_of_week_operator.py
[2024-06-23T07:26:20.652+0000] {processor.py:829} INFO - Processing file /home/airflow/.local/lib/python3.8/site-packages/airflow/example_dags/example_branch_day_of_week_operator.py for tasks to queue
[2024-06-23T07:26:20.652+0000] {logging_mixin.py:154} INFO - [2024-06-23T07:26:20.652+0000] {dagbag.py:536} INFO - Filling up the DagBag from /home/airflow/.local/lib/python3.8/site-packages/airflow/example_dags/example_branch_day_of_week_operator.py
[2024-06-23T07:26:20.656+0000] {processor.py:839} INFO - DAG(s) dict_keys(['example_weekday_branch_operator']) retrieved from /home/airflow/.local/lib/python3.8/site-packages/airflow/example_dags/example_branch_day_of_week_operator.py
[2024-06-23T07:26:20.667+0000] {logging_mixin.py:154} INFO - [2024-06-23T07:26:20.667+0000] {dag.py:2941} INFO - Sync 1 DAGs
[2024-06-23T07:26:20.678+0000] {logging_mixin.py:154} INFO - [2024-06-23T07:26:20.678+0000] {dag.py:3722} INFO - Setting next_dagrun for example_weekday_branch_operator to 2024-06-22T00:00:00+00:00, run_after=2024-06-23T00:00:00+00:00
[2024-06-23T07:26:20.687+0000] {processor.py:179} INFO - Processing /home/airflow/.local/lib/python3.8/site-packages/airflow/example_dags/example_branch_day_of_week_operator.py took 0.037 seconds
[2024-06-23T07:26:51.541+0000] {processor.py:157} INFO - Started process (PID=23202) to work on /home/airflow/.local/lib/python3.8/site-packages/airflow/example_dags/example_branch_day_of_week_operator.py
[2024-06-23T07:26:51.542+0000] {processor.py:829} INFO - Processing file /home/airflow/.local/lib/python3.8/site-packages/airflow/example_dags/example_branch_day_of_week_operator.py for tasks to queue
[2024-06-23T07:26:51.543+0000] {logging_mixin.py:154} INFO - [2024-06-23T07:26:51.542+0000] {dagbag.py:536} INFO - Filling up the DagBag from /home/airflow/.local/lib/python3.8/site-packages/airflow/example_dags/example_branch_day_of_week_operator.py
[2024-06-23T07:26:51.546+0000] {processor.py:839} INFO - DAG(s) dict_keys(['example_weekday_branch_operator']) retrieved from /home/airflow/.local/lib/python3.8/site-packages/airflow/example_dags/example_branch_day_of_week_operator.py
[2024-06-23T07:26:51.557+0000] {logging_mixin.py:154} INFO - [2024-06-23T07:26:51.557+0000] {dag.py:2941} INFO - Sync 1 DAGs
[2024-06-23T07:26:51.569+0000] {logging_mixin.py:154} INFO - [2024-06-23T07:26:51.568+0000] {dag.py:3722} INFO - Setting next_dagrun for example_weekday_branch_operator to 2024-06-22T00:00:00+00:00, run_after=2024-06-23T00:00:00+00:00
[2024-06-23T07:26:51.577+0000] {processor.py:179} INFO - Processing /home/airflow/.local/lib/python3.8/site-packages/airflow/example_dags/example_branch_day_of_week_operator.py took 0.038 seconds
[2024-06-23T07:27:22.515+0000] {processor.py:157} INFO - Started process (PID=23445) to work on /home/airflow/.local/lib/python3.8/site-packages/airflow/example_dags/example_branch_day_of_week_operator.py
[2024-06-23T07:27:22.516+0000] {processor.py:829} INFO - Processing file /home/airflow/.local/lib/python3.8/site-packages/airflow/example_dags/example_branch_day_of_week_operator.py for tasks to queue
[2024-06-23T07:27:22.516+0000] {logging_mixin.py:154} INFO - [2024-06-23T07:27:22.516+0000] {dagbag.py:536} INFO - Filling up the DagBag from /home/airflow/.local/lib/python3.8/site-packages/airflow/example_dags/example_branch_day_of_week_operator.py
[2024-06-23T07:27:22.520+0000] {processor.py:839} INFO - DAG(s) dict_keys(['example_weekday_branch_operator']) retrieved from /home/airflow/.local/lib/python3.8/site-packages/airflow/example_dags/example_branch_day_of_week_operator.py
[2024-06-23T07:27:22.532+0000] {logging_mixin.py:154} INFO - [2024-06-23T07:27:22.531+0000] {dag.py:2941} INFO - Sync 1 DAGs
[2024-06-23T07:27:22.544+0000] {logging_mixin.py:154} INFO - [2024-06-23T07:27:22.544+0000] {dag.py:3722} INFO - Setting next_dagrun for example_weekday_branch_operator to 2024-06-22T00:00:00+00:00, run_after=2024-06-23T00:00:00+00:00
[2024-06-23T07:27:22.553+0000] {processor.py:179} INFO - Processing /home/airflow/.local/lib/python3.8/site-packages/airflow/example_dags/example_branch_day_of_week_operator.py took 0.040 seconds
[2024-06-23T07:27:53.235+0000] {processor.py:157} INFO - Started process (PID=23689) to work on /home/airflow/.local/lib/python3.8/site-packages/airflow/example_dags/example_branch_day_of_week_operator.py
[2024-06-23T07:27:53.236+0000] {processor.py:829} INFO - Processing file /home/airflow/.local/lib/python3.8/site-packages/airflow/example_dags/example_branch_day_of_week_operator.py for tasks to queue
[2024-06-23T07:27:53.236+0000] {logging_mixin.py:154} INFO - [2024-06-23T07:27:53.236+0000] {dagbag.py:536} INFO - Filling up the DagBag from /home/airflow/.local/lib/python3.8/site-packages/airflow/example_dags/example_branch_day_of_week_operator.py
[2024-06-23T07:27:53.240+0000] {processor.py:839} INFO - DAG(s) dict_keys(['example_weekday_branch_operator']) retrieved from /home/airflow/.local/lib/python3.8/site-packages/airflow/example_dags/example_branch_day_of_week_operator.py
[2024-06-23T07:27:53.251+0000] {logging_mixin.py:154} INFO - [2024-06-23T07:27:53.251+0000] {dag.py:2941} INFO - Sync 1 DAGs
[2024-06-23T07:27:53.262+0000] {logging_mixin.py:154} INFO - [2024-06-23T07:27:53.261+0000] {dag.py:3722} INFO - Setting next_dagrun for example_weekday_branch_operator to 2024-06-22T00:00:00+00:00, run_after=2024-06-23T00:00:00+00:00
[2024-06-23T07:27:53.270+0000] {processor.py:179} INFO - Processing /home/airflow/.local/lib/python3.8/site-packages/airflow/example_dags/example_branch_day_of_week_operator.py took 0.037 seconds
[2024-06-23T07:28:24.318+0000] {processor.py:157} INFO - Started process (PID=23933) to work on /home/airflow/.local/lib/python3.8/site-packages/airflow/example_dags/example_branch_day_of_week_operator.py
[2024-06-23T07:28:24.319+0000] {processor.py:829} INFO - Processing file /home/airflow/.local/lib/python3.8/site-packages/airflow/example_dags/example_branch_day_of_week_operator.py for tasks to queue
[2024-06-23T07:28:24.320+0000] {logging_mixin.py:154} INFO - [2024-06-23T07:28:24.320+0000] {dagbag.py:536} INFO - Filling up the DagBag from /home/airflow/.local/lib/python3.8/site-packages/airflow/example_dags/example_branch_day_of_week_operator.py
[2024-06-23T07:28:24.325+0000] {processor.py:839} INFO - DAG(s) dict_keys(['example_weekday_branch_operator']) retrieved from /home/airflow/.local/lib/python3.8/site-packages/airflow/example_dags/example_branch_day_of_week_operator.py
[2024-06-23T07:28:24.339+0000] {logging_mixin.py:154} INFO - [2024-06-23T07:28:24.339+0000] {dag.py:2941} INFO - Sync 1 DAGs
[2024-06-23T07:28:24.354+0000] {logging_mixin.py:154} INFO - [2024-06-23T07:28:24.354+0000] {dag.py:3722} INFO - Setting next_dagrun for example_weekday_branch_operator to 2024-06-22T00:00:00+00:00, run_after=2024-06-23T00:00:00+00:00
[2024-06-23T07:28:24.365+0000] {processor.py:179} INFO - Processing /home/airflow/.local/lib/python3.8/site-packages/airflow/example_dags/example_branch_day_of_week_operator.py took 0.049 seconds
[2024-06-23T07:28:54.472+0000] {processor.py:157} INFO - Started process (PID=24177) to work on /home/airflow/.local/lib/python3.8/site-packages/airflow/example_dags/example_branch_day_of_week_operator.py
[2024-06-23T07:28:54.473+0000] {processor.py:829} INFO - Processing file /home/airflow/.local/lib/python3.8/site-packages/airflow/example_dags/example_branch_day_of_week_operator.py for tasks to queue
[2024-06-23T07:28:54.474+0000] {logging_mixin.py:154} INFO - [2024-06-23T07:28:54.473+0000] {dagbag.py:536} INFO - Filling up the DagBag from /home/airflow/.local/lib/python3.8/site-packages/airflow/example_dags/example_branch_day_of_week_operator.py
[2024-06-23T07:28:54.478+0000] {processor.py:839} INFO - DAG(s) dict_keys(['example_weekday_branch_operator']) retrieved from /home/airflow/.local/lib/python3.8/site-packages/airflow/example_dags/example_branch_day_of_week_operator.py
[2024-06-23T07:28:54.489+0000] {logging_mixin.py:154} INFO - [2024-06-23T07:28:54.489+0000] {dag.py:2941} INFO - Sync 1 DAGs
[2024-06-23T07:28:54.500+0000] {logging_mixin.py:154} INFO - [2024-06-23T07:28:54.500+0000] {dag.py:3722} INFO - Setting next_dagrun for example_weekday_branch_operator to 2024-06-22T00:00:00+00:00, run_after=2024-06-23T00:00:00+00:00
[2024-06-23T07:28:54.510+0000] {processor.py:179} INFO - Processing /home/airflow/.local/lib/python3.8/site-packages/airflow/example_dags/example_branch_day_of_week_operator.py took 0.040 seconds
[2024-06-23T07:29:24.688+0000] {processor.py:157} INFO - Started process (PID=24421) to work on /home/airflow/.local/lib/python3.8/site-packages/airflow/example_dags/example_branch_day_of_week_operator.py
[2024-06-23T07:29:24.689+0000] {processor.py:829} INFO - Processing file /home/airflow/.local/lib/python3.8/site-packages/airflow/example_dags/example_branch_day_of_week_operator.py for tasks to queue
[2024-06-23T07:29:24.689+0000] {logging_mixin.py:154} INFO - [2024-06-23T07:29:24.689+0000] {dagbag.py:536} INFO - Filling up the DagBag from /home/airflow/.local/lib/python3.8/site-packages/airflow/example_dags/example_branch_day_of_week_operator.py
[2024-06-23T07:29:24.693+0000] {processor.py:839} INFO - DAG(s) dict_keys(['example_weekday_branch_operator']) retrieved from /home/airflow/.local/lib/python3.8/site-packages/airflow/example_dags/example_branch_day_of_week_operator.py
[2024-06-23T07:29:24.705+0000] {logging_mixin.py:154} INFO - [2024-06-23T07:29:24.705+0000] {dag.py:2941} INFO - Sync 1 DAGs
[2024-06-23T07:29:24.722+0000] {logging_mixin.py:154} INFO - [2024-06-23T07:29:24.722+0000] {dag.py:3722} INFO - Setting next_dagrun for example_weekday_branch_operator to 2024-06-22T00:00:00+00:00, run_after=2024-06-23T00:00:00+00:00
[2024-06-23T07:29:24.735+0000] {processor.py:179} INFO - Processing /home/airflow/.local/lib/python3.8/site-packages/airflow/example_dags/example_branch_day_of_week_operator.py took 0.049 seconds
[2024-06-23T07:29:54.992+0000] {processor.py:157} INFO - Started process (PID=24665) to work on /home/airflow/.local/lib/python3.8/site-packages/airflow/example_dags/example_branch_day_of_week_operator.py
[2024-06-23T07:29:54.992+0000] {processor.py:829} INFO - Processing file /home/airflow/.local/lib/python3.8/site-packages/airflow/example_dags/example_branch_day_of_week_operator.py for tasks to queue
[2024-06-23T07:29:54.993+0000] {logging_mixin.py:154} INFO - [2024-06-23T07:29:54.993+0000] {dagbag.py:536} INFO - Filling up the DagBag from /home/airflow/.local/lib/python3.8/site-packages/airflow/example_dags/example_branch_day_of_week_operator.py
[2024-06-23T07:29:54.997+0000] {processor.py:839} INFO - DAG(s) dict_keys(['example_weekday_branch_operator']) retrieved from /home/airflow/.local/lib/python3.8/site-packages/airflow/example_dags/example_branch_day_of_week_operator.py
[2024-06-23T07:29:55.007+0000] {logging_mixin.py:154} INFO - [2024-06-23T07:29:55.007+0000] {dag.py:2941} INFO - Sync 1 DAGs
[2024-06-23T07:29:55.017+0000] {logging_mixin.py:154} INFO - [2024-06-23T07:29:55.017+0000] {dag.py:3722} INFO - Setting next_dagrun for example_weekday_branch_operator to 2024-06-22T00:00:00+00:00, run_after=2024-06-23T00:00:00+00:00
[2024-06-23T07:29:55.026+0000] {processor.py:179} INFO - Processing /home/airflow/.local/lib/python3.8/site-packages/airflow/example_dags/example_branch_day_of_week_operator.py took 0.036 seconds
[2024-06-23T07:30:25.684+0000] {processor.py:157} INFO - Started process (PID=24909) to work on /home/airflow/.local/lib/python3.8/site-packages/airflow/example_dags/example_branch_day_of_week_operator.py
[2024-06-23T07:30:25.686+0000] {processor.py:829} INFO - Processing file /home/airflow/.local/lib/python3.8/site-packages/airflow/example_dags/example_branch_day_of_week_operator.py for tasks to queue
[2024-06-23T07:30:25.686+0000] {logging_mixin.py:154} INFO - [2024-06-23T07:30:25.686+0000] {dagbag.py:536} INFO - Filling up the DagBag from /home/airflow/.local/lib/python3.8/site-packages/airflow/example_dags/example_branch_day_of_week_operator.py
[2024-06-23T07:30:25.691+0000] {processor.py:839} INFO - DAG(s) dict_keys(['example_weekday_branch_operator']) retrieved from /home/airflow/.local/lib/python3.8/site-packages/airflow/example_dags/example_branch_day_of_week_operator.py
[2024-06-23T07:30:25.703+0000] {logging_mixin.py:154} INFO - [2024-06-23T07:30:25.703+0000] {dag.py:2941} INFO - Sync 1 DAGs
[2024-06-23T07:30:25.716+0000] {logging_mixin.py:154} INFO - [2024-06-23T07:30:25.716+0000] {dag.py:3722} INFO - Setting next_dagrun for example_weekday_branch_operator to 2024-06-22T00:00:00+00:00, run_after=2024-06-23T00:00:00+00:00
[2024-06-23T07:30:25.726+0000] {processor.py:179} INFO - Processing /home/airflow/.local/lib/python3.8/site-packages/airflow/example_dags/example_branch_day_of_week_operator.py took 0.043 seconds
[2024-06-23T07:30:55.809+0000] {processor.py:157} INFO - Started process (PID=25153) to work on /home/airflow/.local/lib/python3.8/site-packages/airflow/example_dags/example_branch_day_of_week_operator.py
[2024-06-23T07:30:55.810+0000] {processor.py:829} INFO - Processing file /home/airflow/.local/lib/python3.8/site-packages/airflow/example_dags/example_branch_day_of_week_operator.py for tasks to queue
[2024-06-23T07:30:55.810+0000] {logging_mixin.py:154} INFO - [2024-06-23T07:30:55.810+0000] {dagbag.py:536} INFO - Filling up the DagBag from /home/airflow/.local/lib/python3.8/site-packages/airflow/example_dags/example_branch_day_of_week_operator.py
[2024-06-23T07:30:55.815+0000] {processor.py:839} INFO - DAG(s) dict_keys(['example_weekday_branch_operator']) retrieved from /home/airflow/.local/lib/python3.8/site-packages/airflow/example_dags/example_branch_day_of_week_operator.py
[2024-06-23T07:30:55.828+0000] {logging_mixin.py:154} INFO - [2024-06-23T07:30:55.828+0000] {dag.py:2941} INFO - Sync 1 DAGs
[2024-06-23T07:30:55.840+0000] {logging_mixin.py:154} INFO - [2024-06-23T07:30:55.840+0000] {dag.py:3722} INFO - Setting next_dagrun for example_weekday_branch_operator to 2024-06-22T00:00:00+00:00, run_after=2024-06-23T00:00:00+00:00
[2024-06-23T07:30:55.851+0000] {processor.py:179} INFO - Processing /home/airflow/.local/lib/python3.8/site-packages/airflow/example_dags/example_branch_day_of_week_operator.py took 0.044 seconds
