[2024-06-23T01:24:23.959+0000] {processor.py:157} INFO - Started process (PID=13128) to work on /home/airflow/.local/lib/python3.8/site-packages/airflow/example_dags/example_skip_dag.py
[2024-06-23T01:24:23.962+0000] {processor.py:829} INFO - Processing file /home/airflow/.local/lib/python3.8/site-packages/airflow/example_dags/example_skip_dag.py for tasks to queue
[2024-06-23T01:24:23.963+0000] {logging_mixin.py:154} INFO - [2024-06-23T01:24:23.963+0000] {dagbag.py:536} INFO - Filling up the DagBag from /home/airflow/.local/lib/python3.8/site-packages/airflow/example_dags/example_skip_dag.py
[2024-06-23T01:24:23.973+0000] {processor.py:839} INFO - DAG(s) dict_keys(['example_skip_dag']) retrieved from /home/airflow/.local/lib/python3.8/site-packages/airflow/example_dags/example_skip_dag.py
[2024-06-23T01:24:23.989+0000] {logging_mixin.py:154} INFO - [2024-06-23T01:24:23.989+0000] {dag.py:2941} INFO - Sync 1 DAGs
[2024-06-23T01:24:24.004+0000] {logging_mixin.py:154} INFO - [2024-06-23T01:24:24.004+0000] {dag.py:3722} INFO - Setting next_dagrun for example_skip_dag to 2024-06-22T01:24:24.003911+00:00, run_after=2024-06-23T01:24:24.003911+00:00
[2024-06-23T01:24:24.021+0000] {processor.py:179} INFO - Processing /home/airflow/.local/lib/python3.8/site-packages/airflow/example_dags/example_skip_dag.py took 0.064 seconds
[2024-06-23T02:48:32.709+0000] {processor.py:157} INFO - Started process (PID=13371) to work on /home/airflow/.local/lib/python3.8/site-packages/airflow/example_dags/example_skip_dag.py
[2024-06-23T02:48:32.712+0000] {processor.py:829} INFO - Processing file /home/airflow/.local/lib/python3.8/site-packages/airflow/example_dags/example_skip_dag.py for tasks to queue
[2024-06-23T02:48:32.713+0000] {logging_mixin.py:154} INFO - [2024-06-23T02:48:32.712+0000] {dagbag.py:536} INFO - Filling up the DagBag from /home/airflow/.local/lib/python3.8/site-packages/airflow/example_dags/example_skip_dag.py
[2024-06-23T02:48:32.724+0000] {processor.py:839} INFO - DAG(s) dict_keys(['example_skip_dag']) retrieved from /home/airflow/.local/lib/python3.8/site-packages/airflow/example_dags/example_skip_dag.py
[2024-06-23T02:48:32.743+0000] {logging_mixin.py:154} INFO - [2024-06-23T02:48:32.743+0000] {dag.py:2941} INFO - Sync 1 DAGs
[2024-06-23T02:48:32.760+0000] {logging_mixin.py:154} INFO - [2024-06-23T02:48:32.760+0000] {dag.py:3722} INFO - Setting next_dagrun for example_skip_dag to 2024-06-22T02:48:32.760184+00:00, run_after=2024-06-23T02:48:32.760184+00:00
[2024-06-23T02:48:32.772+0000] {processor.py:179} INFO - Processing /home/airflow/.local/lib/python3.8/site-packages/airflow/example_dags/example_skip_dag.py took 0.065 seconds
[2024-06-23T04:09:03.560+0000] {processor.py:157} INFO - Started process (PID=13617) to work on /home/airflow/.local/lib/python3.8/site-packages/airflow/example_dags/example_skip_dag.py
[2024-06-23T04:09:03.564+0000] {processor.py:829} INFO - Processing file /home/airflow/.local/lib/python3.8/site-packages/airflow/example_dags/example_skip_dag.py for tasks to queue
[2024-06-23T04:09:03.566+0000] {logging_mixin.py:154} INFO - [2024-06-23T04:09:03.566+0000] {dagbag.py:536} INFO - Filling up the DagBag from /home/airflow/.local/lib/python3.8/site-packages/airflow/example_dags/example_skip_dag.py
[2024-06-23T04:09:03.573+0000] {processor.py:839} INFO - DAG(s) dict_keys(['example_skip_dag']) retrieved from /home/airflow/.local/lib/python3.8/site-packages/airflow/example_dags/example_skip_dag.py
[2024-06-23T04:09:03.592+0000] {logging_mixin.py:154} INFO - [2024-06-23T04:09:03.592+0000] {dag.py:2941} INFO - Sync 1 DAGs
[2024-06-23T04:09:03.616+0000] {logging_mixin.py:154} INFO - [2024-06-23T04:09:03.615+0000] {dag.py:3722} INFO - Setting next_dagrun for example_skip_dag to 2024-06-22T04:09:03.614366+00:00, run_after=2024-06-23T04:09:03.614366+00:00
[2024-06-23T04:09:03.645+0000] {processor.py:179} INFO - Processing /home/airflow/.local/lib/python3.8/site-packages/airflow/example_dags/example_skip_dag.py took 0.089 seconds
[2024-06-23T05:49:42.532+0000] {processor.py:157} INFO - Started process (PID=13864) to work on /home/airflow/.local/lib/python3.8/site-packages/airflow/example_dags/example_skip_dag.py
[2024-06-23T05:49:42.534+0000] {processor.py:829} INFO - Processing file /home/airflow/.local/lib/python3.8/site-packages/airflow/example_dags/example_skip_dag.py for tasks to queue
[2024-06-23T05:49:42.535+0000] {logging_mixin.py:154} INFO - [2024-06-23T05:49:42.535+0000] {dagbag.py:536} INFO - Filling up the DagBag from /home/airflow/.local/lib/python3.8/site-packages/airflow/example_dags/example_skip_dag.py
[2024-06-23T05:49:42.543+0000] {processor.py:839} INFO - DAG(s) dict_keys(['example_skip_dag']) retrieved from /home/airflow/.local/lib/python3.8/site-packages/airflow/example_dags/example_skip_dag.py
[2024-06-23T05:49:42.565+0000] {logging_mixin.py:154} INFO - [2024-06-23T05:49:42.565+0000] {dag.py:2941} INFO - Sync 1 DAGs
[2024-06-23T05:49:42.587+0000] {logging_mixin.py:154} INFO - [2024-06-23T05:49:42.587+0000] {dag.py:3722} INFO - Setting next_dagrun for example_skip_dag to 2024-06-22T05:49:42.586896+00:00, run_after=2024-06-23T05:49:42.586896+00:00
[2024-06-23T05:49:42.615+0000] {processor.py:179} INFO - Processing /home/airflow/.local/lib/python3.8/site-packages/airflow/example_dags/example_skip_dag.py took 0.088 seconds
[2024-06-23T07:07:58.398+0000] {processor.py:157} INFO - Started process (PID=14116) to work on /home/airflow/.local/lib/python3.8/site-packages/airflow/example_dags/example_skip_dag.py
[2024-06-23T07:07:58.401+0000] {processor.py:829} INFO - Processing file /home/airflow/.local/lib/python3.8/site-packages/airflow/example_dags/example_skip_dag.py for tasks to queue
[2024-06-23T07:07:58.405+0000] {logging_mixin.py:154} INFO - [2024-06-23T07:07:58.405+0000] {dagbag.py:536} INFO - Filling up the DagBag from /home/airflow/.local/lib/python3.8/site-packages/airflow/example_dags/example_skip_dag.py
[2024-06-23T07:07:58.419+0000] {processor.py:839} INFO - DAG(s) dict_keys(['example_skip_dag']) retrieved from /home/airflow/.local/lib/python3.8/site-packages/airflow/example_dags/example_skip_dag.py
[2024-06-23T07:07:58.453+0000] {logging_mixin.py:154} INFO - [2024-06-23T07:07:58.452+0000] {dag.py:2941} INFO - Sync 1 DAGs
[2024-06-23T07:07:58.488+0000] {logging_mixin.py:154} INFO - [2024-06-23T07:07:58.488+0000] {dag.py:3722} INFO - Setting next_dagrun for example_skip_dag to 2024-06-22T07:07:58.488329+00:00, run_after=2024-06-23T07:07:58.488329+00:00
[2024-06-23T07:07:58.517+0000] {processor.py:179} INFO - Processing /home/airflow/.local/lib/python3.8/site-packages/airflow/example_dags/example_skip_dag.py took 0.126 seconds
[2024-06-23T07:08:28.540+0000] {processor.py:157} INFO - Started process (PID=14362) to work on /home/airflow/.local/lib/python3.8/site-packages/airflow/example_dags/example_skip_dag.py
[2024-06-23T07:08:28.541+0000] {processor.py:829} INFO - Processing file /home/airflow/.local/lib/python3.8/site-packages/airflow/example_dags/example_skip_dag.py for tasks to queue
[2024-06-23T07:08:28.543+0000] {logging_mixin.py:154} INFO - [2024-06-23T07:08:28.543+0000] {dagbag.py:536} INFO - Filling up the DagBag from /home/airflow/.local/lib/python3.8/site-packages/airflow/example_dags/example_skip_dag.py
[2024-06-23T07:08:28.550+0000] {processor.py:839} INFO - DAG(s) dict_keys(['example_skip_dag']) retrieved from /home/airflow/.local/lib/python3.8/site-packages/airflow/example_dags/example_skip_dag.py
[2024-06-23T07:08:28.579+0000] {logging_mixin.py:154} INFO - [2024-06-23T07:08:28.578+0000] {dag.py:2941} INFO - Sync 1 DAGs
[2024-06-23T07:08:28.608+0000] {logging_mixin.py:154} INFO - [2024-06-23T07:08:28.608+0000] {dag.py:3722} INFO - Setting next_dagrun for example_skip_dag to 2024-06-22T07:08:28.608050+00:00, run_after=2024-06-23T07:08:28.608050+00:00
[2024-06-23T07:08:28.632+0000] {processor.py:179} INFO - Processing /home/airflow/.local/lib/python3.8/site-packages/airflow/example_dags/example_skip_dag.py took 0.094 seconds
[2024-06-23T07:08:59.021+0000] {processor.py:157} INFO - Started process (PID=14604) to work on /home/airflow/.local/lib/python3.8/site-packages/airflow/example_dags/example_skip_dag.py
[2024-06-23T07:08:59.021+0000] {processor.py:829} INFO - Processing file /home/airflow/.local/lib/python3.8/site-packages/airflow/example_dags/example_skip_dag.py for tasks to queue
[2024-06-23T07:08:59.022+0000] {logging_mixin.py:154} INFO - [2024-06-23T07:08:59.022+0000] {dagbag.py:536} INFO - Filling up the DagBag from /home/airflow/.local/lib/python3.8/site-packages/airflow/example_dags/example_skip_dag.py
[2024-06-23T07:08:59.027+0000] {processor.py:839} INFO - DAG(s) dict_keys(['example_skip_dag']) retrieved from /home/airflow/.local/lib/python3.8/site-packages/airflow/example_dags/example_skip_dag.py
[2024-06-23T07:08:59.040+0000] {logging_mixin.py:154} INFO - [2024-06-23T07:08:59.040+0000] {dag.py:2941} INFO - Sync 1 DAGs
[2024-06-23T07:08:59.056+0000] {logging_mixin.py:154} INFO - [2024-06-23T07:08:59.056+0000] {dag.py:3722} INFO - Setting next_dagrun for example_skip_dag to 2024-06-22T07:08:59.056132+00:00, run_after=2024-06-23T07:08:59.056132+00:00
[2024-06-23T07:08:59.073+0000] {processor.py:179} INFO - Processing /home/airflow/.local/lib/python3.8/site-packages/airflow/example_dags/example_skip_dag.py took 0.054 seconds
[2024-06-23T07:09:29.157+0000] {processor.py:157} INFO - Started process (PID=14847) to work on /home/airflow/.local/lib/python3.8/site-packages/airflow/example_dags/example_skip_dag.py
[2024-06-23T07:09:29.158+0000] {processor.py:829} INFO - Processing file /home/airflow/.local/lib/python3.8/site-packages/airflow/example_dags/example_skip_dag.py for tasks to queue
[2024-06-23T07:09:29.159+0000] {logging_mixin.py:154} INFO - [2024-06-23T07:09:29.159+0000] {dagbag.py:536} INFO - Filling up the DagBag from /home/airflow/.local/lib/python3.8/site-packages/airflow/example_dags/example_skip_dag.py
[2024-06-23T07:09:29.164+0000] {processor.py:839} INFO - DAG(s) dict_keys(['example_skip_dag']) retrieved from /home/airflow/.local/lib/python3.8/site-packages/airflow/example_dags/example_skip_dag.py
[2024-06-23T07:09:29.178+0000] {logging_mixin.py:154} INFO - [2024-06-23T07:09:29.178+0000] {dag.py:2941} INFO - Sync 1 DAGs
[2024-06-23T07:09:29.192+0000] {logging_mixin.py:154} INFO - [2024-06-23T07:09:29.192+0000] {dag.py:3722} INFO - Setting next_dagrun for example_skip_dag to 2024-06-22T07:09:29.192592+00:00, run_after=2024-06-23T07:09:29.192592+00:00
[2024-06-23T07:09:29.204+0000] {processor.py:179} INFO - Processing /home/airflow/.local/lib/python3.8/site-packages/airflow/example_dags/example_skip_dag.py took 0.049 seconds
[2024-06-23T07:09:59.225+0000] {processor.py:157} INFO - Started process (PID=15088) to work on /home/airflow/.local/lib/python3.8/site-packages/airflow/example_dags/example_skip_dag.py
[2024-06-23T07:09:59.226+0000] {processor.py:829} INFO - Processing file /home/airflow/.local/lib/python3.8/site-packages/airflow/example_dags/example_skip_dag.py for tasks to queue
[2024-06-23T07:09:59.226+0000] {logging_mixin.py:154} INFO - [2024-06-23T07:09:59.226+0000] {dagbag.py:536} INFO - Filling up the DagBag from /home/airflow/.local/lib/python3.8/site-packages/airflow/example_dags/example_skip_dag.py
[2024-06-23T07:09:59.230+0000] {processor.py:839} INFO - DAG(s) dict_keys(['example_skip_dag']) retrieved from /home/airflow/.local/lib/python3.8/site-packages/airflow/example_dags/example_skip_dag.py
[2024-06-23T07:09:59.241+0000] {logging_mixin.py:154} INFO - [2024-06-23T07:09:59.241+0000] {dag.py:2941} INFO - Sync 1 DAGs
[2024-06-23T07:09:59.253+0000] {logging_mixin.py:154} INFO - [2024-06-23T07:09:59.253+0000] {dag.py:3722} INFO - Setting next_dagrun for example_skip_dag to 2024-06-22T07:09:59.253070+00:00, run_after=2024-06-23T07:09:59.253070+00:00
[2024-06-23T07:09:59.264+0000] {processor.py:179} INFO - Processing /home/airflow/.local/lib/python3.8/site-packages/airflow/example_dags/example_skip_dag.py took 0.040 seconds
[2024-06-23T07:10:29.970+0000] {processor.py:157} INFO - Started process (PID=15330) to work on /home/airflow/.local/lib/python3.8/site-packages/airflow/example_dags/example_skip_dag.py
[2024-06-23T07:10:29.971+0000] {processor.py:829} INFO - Processing file /home/airflow/.local/lib/python3.8/site-packages/airflow/example_dags/example_skip_dag.py for tasks to queue
[2024-06-23T07:10:29.972+0000] {logging_mixin.py:154} INFO - [2024-06-23T07:10:29.972+0000] {dagbag.py:536} INFO - Filling up the DagBag from /home/airflow/.local/lib/python3.8/site-packages/airflow/example_dags/example_skip_dag.py
[2024-06-23T07:10:29.979+0000] {processor.py:839} INFO - DAG(s) dict_keys(['example_skip_dag']) retrieved from /home/airflow/.local/lib/python3.8/site-packages/airflow/example_dags/example_skip_dag.py
[2024-06-23T07:10:29.993+0000] {logging_mixin.py:154} INFO - [2024-06-23T07:10:29.992+0000] {dag.py:2941} INFO - Sync 1 DAGs
[2024-06-23T07:10:30.006+0000] {logging_mixin.py:154} INFO - [2024-06-23T07:10:30.006+0000] {dag.py:3722} INFO - Setting next_dagrun for example_skip_dag to 2024-06-22T07:10:30.006576+00:00, run_after=2024-06-23T07:10:30.006576+00:00
[2024-06-23T07:10:30.017+0000] {processor.py:179} INFO - Processing /home/airflow/.local/lib/python3.8/site-packages/airflow/example_dags/example_skip_dag.py took 0.048 seconds
[2024-06-23T07:11:00.237+0000] {processor.py:157} INFO - Started process (PID=15574) to work on /home/airflow/.local/lib/python3.8/site-packages/airflow/example_dags/example_skip_dag.py
[2024-06-23T07:11:00.238+0000] {processor.py:829} INFO - Processing file /home/airflow/.local/lib/python3.8/site-packages/airflow/example_dags/example_skip_dag.py for tasks to queue
[2024-06-23T07:11:00.239+0000] {logging_mixin.py:154} INFO - [2024-06-23T07:11:00.239+0000] {dagbag.py:536} INFO - Filling up the DagBag from /home/airflow/.local/lib/python3.8/site-packages/airflow/example_dags/example_skip_dag.py
[2024-06-23T07:11:00.247+0000] {processor.py:839} INFO - DAG(s) dict_keys(['example_skip_dag']) retrieved from /home/airflow/.local/lib/python3.8/site-packages/airflow/example_dags/example_skip_dag.py
[2024-06-23T07:11:00.262+0000] {logging_mixin.py:154} INFO - [2024-06-23T07:11:00.262+0000] {dag.py:2941} INFO - Sync 1 DAGs
[2024-06-23T07:11:00.276+0000] {logging_mixin.py:154} INFO - [2024-06-23T07:11:00.276+0000] {dag.py:3722} INFO - Setting next_dagrun for example_skip_dag to 2024-06-22T07:11:00.276356+00:00, run_after=2024-06-23T07:11:00.276356+00:00
[2024-06-23T07:11:00.288+0000] {processor.py:179} INFO - Processing /home/airflow/.local/lib/python3.8/site-packages/airflow/example_dags/example_skip_dag.py took 0.053 seconds
[2024-06-23T07:11:31.377+0000] {processor.py:157} INFO - Started process (PID=15818) to work on /home/airflow/.local/lib/python3.8/site-packages/airflow/example_dags/example_skip_dag.py
[2024-06-23T07:11:31.378+0000] {processor.py:829} INFO - Processing file /home/airflow/.local/lib/python3.8/site-packages/airflow/example_dags/example_skip_dag.py for tasks to queue
[2024-06-23T07:11:31.378+0000] {logging_mixin.py:154} INFO - [2024-06-23T07:11:31.378+0000] {dagbag.py:536} INFO - Filling up the DagBag from /home/airflow/.local/lib/python3.8/site-packages/airflow/example_dags/example_skip_dag.py
[2024-06-23T07:11:31.383+0000] {processor.py:839} INFO - DAG(s) dict_keys(['example_skip_dag']) retrieved from /home/airflow/.local/lib/python3.8/site-packages/airflow/example_dags/example_skip_dag.py
[2024-06-23T07:11:31.395+0000] {logging_mixin.py:154} INFO - [2024-06-23T07:11:31.395+0000] {dag.py:2941} INFO - Sync 1 DAGs
[2024-06-23T07:11:31.406+0000] {logging_mixin.py:154} INFO - [2024-06-23T07:11:31.406+0000] {dag.py:3722} INFO - Setting next_dagrun for example_skip_dag to 2024-06-22T07:11:31.406448+00:00, run_after=2024-06-23T07:11:31.406448+00:00
[2024-06-23T07:11:31.416+0000] {processor.py:179} INFO - Processing /home/airflow/.local/lib/python3.8/site-packages/airflow/example_dags/example_skip_dag.py took 0.040 seconds
[2024-06-23T07:12:01.705+0000] {processor.py:157} INFO - Started process (PID=16062) to work on /home/airflow/.local/lib/python3.8/site-packages/airflow/example_dags/example_skip_dag.py
[2024-06-23T07:12:01.706+0000] {processor.py:829} INFO - Processing file /home/airflow/.local/lib/python3.8/site-packages/airflow/example_dags/example_skip_dag.py for tasks to queue
[2024-06-23T07:12:01.707+0000] {logging_mixin.py:154} INFO - [2024-06-23T07:12:01.706+0000] {dagbag.py:536} INFO - Filling up the DagBag from /home/airflow/.local/lib/python3.8/site-packages/airflow/example_dags/example_skip_dag.py
[2024-06-23T07:12:01.712+0000] {processor.py:839} INFO - DAG(s) dict_keys(['example_skip_dag']) retrieved from /home/airflow/.local/lib/python3.8/site-packages/airflow/example_dags/example_skip_dag.py
[2024-06-23T07:12:01.724+0000] {logging_mixin.py:154} INFO - [2024-06-23T07:12:01.724+0000] {dag.py:2941} INFO - Sync 1 DAGs
[2024-06-23T07:12:01.737+0000] {logging_mixin.py:154} INFO - [2024-06-23T07:12:01.737+0000] {dag.py:3722} INFO - Setting next_dagrun for example_skip_dag to 2024-06-22T07:12:01.737666+00:00, run_after=2024-06-23T07:12:01.737666+00:00
[2024-06-23T07:12:01.749+0000] {processor.py:179} INFO - Processing /home/airflow/.local/lib/python3.8/site-packages/airflow/example_dags/example_skip_dag.py took 0.047 seconds
[2024-06-23T07:12:32.434+0000] {processor.py:157} INFO - Started process (PID=16306) to work on /home/airflow/.local/lib/python3.8/site-packages/airflow/example_dags/example_skip_dag.py
[2024-06-23T07:12:32.436+0000] {processor.py:829} INFO - Processing file /home/airflow/.local/lib/python3.8/site-packages/airflow/example_dags/example_skip_dag.py for tasks to queue
[2024-06-23T07:12:32.436+0000] {logging_mixin.py:154} INFO - [2024-06-23T07:12:32.436+0000] {dagbag.py:536} INFO - Filling up the DagBag from /home/airflow/.local/lib/python3.8/site-packages/airflow/example_dags/example_skip_dag.py
[2024-06-23T07:12:32.442+0000] {processor.py:839} INFO - DAG(s) dict_keys(['example_skip_dag']) retrieved from /home/airflow/.local/lib/python3.8/site-packages/airflow/example_dags/example_skip_dag.py
[2024-06-23T07:12:32.461+0000] {logging_mixin.py:154} INFO - [2024-06-23T07:12:32.461+0000] {dag.py:2941} INFO - Sync 1 DAGs
[2024-06-23T07:12:32.477+0000] {logging_mixin.py:154} INFO - [2024-06-23T07:12:32.477+0000] {dag.py:3722} INFO - Setting next_dagrun for example_skip_dag to 2024-06-22T07:12:32.476923+00:00, run_after=2024-06-23T07:12:32.476923+00:00
[2024-06-23T07:12:32.488+0000] {processor.py:179} INFO - Processing /home/airflow/.local/lib/python3.8/site-packages/airflow/example_dags/example_skip_dag.py took 0.057 seconds
[2024-06-23T07:13:02.717+0000] {processor.py:157} INFO - Started process (PID=16550) to work on /home/airflow/.local/lib/python3.8/site-packages/airflow/example_dags/example_skip_dag.py
[2024-06-23T07:13:02.718+0000] {processor.py:829} INFO - Processing file /home/airflow/.local/lib/python3.8/site-packages/airflow/example_dags/example_skip_dag.py for tasks to queue
[2024-06-23T07:13:02.719+0000] {logging_mixin.py:154} INFO - [2024-06-23T07:13:02.719+0000] {dagbag.py:536} INFO - Filling up the DagBag from /home/airflow/.local/lib/python3.8/site-packages/airflow/example_dags/example_skip_dag.py
[2024-06-23T07:13:02.724+0000] {processor.py:839} INFO - DAG(s) dict_keys(['example_skip_dag']) retrieved from /home/airflow/.local/lib/python3.8/site-packages/airflow/example_dags/example_skip_dag.py
[2024-06-23T07:13:02.742+0000] {logging_mixin.py:154} INFO - [2024-06-23T07:13:02.741+0000] {dag.py:2941} INFO - Sync 1 DAGs
[2024-06-23T07:13:02.761+0000] {logging_mixin.py:154} INFO - [2024-06-23T07:13:02.761+0000] {dag.py:3722} INFO - Setting next_dagrun for example_skip_dag to 2024-06-22T07:13:02.761086+00:00, run_after=2024-06-23T07:13:02.761086+00:00
[2024-06-23T07:13:02.777+0000] {processor.py:179} INFO - Processing /home/airflow/.local/lib/python3.8/site-packages/airflow/example_dags/example_skip_dag.py took 0.062 seconds
[2024-06-23T07:13:33.359+0000] {processor.py:157} INFO - Started process (PID=16801) to work on /home/airflow/.local/lib/python3.8/site-packages/airflow/example_dags/example_skip_dag.py
[2024-06-23T07:13:33.360+0000] {processor.py:829} INFO - Processing file /home/airflow/.local/lib/python3.8/site-packages/airflow/example_dags/example_skip_dag.py for tasks to queue
[2024-06-23T07:13:33.361+0000] {logging_mixin.py:154} INFO - [2024-06-23T07:13:33.361+0000] {dagbag.py:536} INFO - Filling up the DagBag from /home/airflow/.local/lib/python3.8/site-packages/airflow/example_dags/example_skip_dag.py
[2024-06-23T07:13:33.368+0000] {processor.py:839} INFO - DAG(s) dict_keys(['example_skip_dag']) retrieved from /home/airflow/.local/lib/python3.8/site-packages/airflow/example_dags/example_skip_dag.py
[2024-06-23T07:13:33.390+0000] {logging_mixin.py:154} INFO - [2024-06-23T07:13:33.390+0000] {dag.py:2941} INFO - Sync 1 DAGs
[2024-06-23T07:13:33.408+0000] {logging_mixin.py:154} INFO - [2024-06-23T07:13:33.408+0000] {dag.py:3722} INFO - Setting next_dagrun for example_skip_dag to 2024-06-22T07:13:33.408500+00:00, run_after=2024-06-23T07:13:33.408500+00:00
[2024-06-23T07:13:33.426+0000] {processor.py:179} INFO - Processing /home/airflow/.local/lib/python3.8/site-packages/airflow/example_dags/example_skip_dag.py took 0.071 seconds
[2024-06-23T07:14:03.601+0000] {processor.py:157} INFO - Started process (PID=17045) to work on /home/airflow/.local/lib/python3.8/site-packages/airflow/example_dags/example_skip_dag.py
[2024-06-23T07:14:03.602+0000] {processor.py:829} INFO - Processing file /home/airflow/.local/lib/python3.8/site-packages/airflow/example_dags/example_skip_dag.py for tasks to queue
[2024-06-23T07:14:03.603+0000] {logging_mixin.py:154} INFO - [2024-06-23T07:14:03.603+0000] {dagbag.py:536} INFO - Filling up the DagBag from /home/airflow/.local/lib/python3.8/site-packages/airflow/example_dags/example_skip_dag.py
[2024-06-23T07:14:03.610+0000] {processor.py:839} INFO - DAG(s) dict_keys(['example_skip_dag']) retrieved from /home/airflow/.local/lib/python3.8/site-packages/airflow/example_dags/example_skip_dag.py
[2024-06-23T07:14:03.626+0000] {logging_mixin.py:154} INFO - [2024-06-23T07:14:03.625+0000] {dag.py:2941} INFO - Sync 1 DAGs
[2024-06-23T07:14:03.642+0000] {logging_mixin.py:154} INFO - [2024-06-23T07:14:03.642+0000] {dag.py:3722} INFO - Setting next_dagrun for example_skip_dag to 2024-06-22T07:14:03.642161+00:00, run_after=2024-06-23T07:14:03.642161+00:00
[2024-06-23T07:14:03.657+0000] {processor.py:179} INFO - Processing /home/airflow/.local/lib/python3.8/site-packages/airflow/example_dags/example_skip_dag.py took 0.059 seconds
[2024-06-23T07:14:33.860+0000] {processor.py:157} INFO - Started process (PID=17289) to work on /home/airflow/.local/lib/python3.8/site-packages/airflow/example_dags/example_skip_dag.py
[2024-06-23T07:14:33.861+0000] {processor.py:829} INFO - Processing file /home/airflow/.local/lib/python3.8/site-packages/airflow/example_dags/example_skip_dag.py for tasks to queue
[2024-06-23T07:14:33.862+0000] {logging_mixin.py:154} INFO - [2024-06-23T07:14:33.862+0000] {dagbag.py:536} INFO - Filling up the DagBag from /home/airflow/.local/lib/python3.8/site-packages/airflow/example_dags/example_skip_dag.py
[2024-06-23T07:14:33.869+0000] {processor.py:839} INFO - DAG(s) dict_keys(['example_skip_dag']) retrieved from /home/airflow/.local/lib/python3.8/site-packages/airflow/example_dags/example_skip_dag.py
[2024-06-23T07:14:33.891+0000] {logging_mixin.py:154} INFO - [2024-06-23T07:14:33.891+0000] {dag.py:2941} INFO - Sync 1 DAGs
[2024-06-23T07:14:33.915+0000] {logging_mixin.py:154} INFO - [2024-06-23T07:14:33.915+0000] {dag.py:3722} INFO - Setting next_dagrun for example_skip_dag to 2024-06-22T07:14:33.915377+00:00, run_after=2024-06-23T07:14:33.915377+00:00
[2024-06-23T07:14:33.935+0000] {processor.py:179} INFO - Processing /home/airflow/.local/lib/python3.8/site-packages/airflow/example_dags/example_skip_dag.py took 0.077 seconds
[2024-06-23T07:15:04.616+0000] {processor.py:157} INFO - Started process (PID=17533) to work on /home/airflow/.local/lib/python3.8/site-packages/airflow/example_dags/example_skip_dag.py
[2024-06-23T07:15:04.617+0000] {processor.py:829} INFO - Processing file /home/airflow/.local/lib/python3.8/site-packages/airflow/example_dags/example_skip_dag.py for tasks to queue
[2024-06-23T07:15:04.618+0000] {logging_mixin.py:154} INFO - [2024-06-23T07:15:04.618+0000] {dagbag.py:536} INFO - Filling up the DagBag from /home/airflow/.local/lib/python3.8/site-packages/airflow/example_dags/example_skip_dag.py
[2024-06-23T07:15:04.622+0000] {processor.py:839} INFO - DAG(s) dict_keys(['example_skip_dag']) retrieved from /home/airflow/.local/lib/python3.8/site-packages/airflow/example_dags/example_skip_dag.py
[2024-06-23T07:15:04.632+0000] {logging_mixin.py:154} INFO - [2024-06-23T07:15:04.632+0000] {dag.py:2941} INFO - Sync 1 DAGs
[2024-06-23T07:15:04.643+0000] {logging_mixin.py:154} INFO - [2024-06-23T07:15:04.643+0000] {dag.py:3722} INFO - Setting next_dagrun for example_skip_dag to 2024-06-22T07:15:04.643692+00:00, run_after=2024-06-23T07:15:04.643692+00:00
[2024-06-23T07:15:04.653+0000] {processor.py:179} INFO - Processing /home/airflow/.local/lib/python3.8/site-packages/airflow/example_dags/example_skip_dag.py took 0.038 seconds
[2024-06-23T07:15:34.749+0000] {processor.py:157} INFO - Started process (PID=17777) to work on /home/airflow/.local/lib/python3.8/site-packages/airflow/example_dags/example_skip_dag.py
[2024-06-23T07:15:34.749+0000] {processor.py:829} INFO - Processing file /home/airflow/.local/lib/python3.8/site-packages/airflow/example_dags/example_skip_dag.py for tasks to queue
[2024-06-23T07:15:34.750+0000] {logging_mixin.py:154} INFO - [2024-06-23T07:15:34.750+0000] {dagbag.py:536} INFO - Filling up the DagBag from /home/airflow/.local/lib/python3.8/site-packages/airflow/example_dags/example_skip_dag.py
[2024-06-23T07:15:34.754+0000] {processor.py:839} INFO - DAG(s) dict_keys(['example_skip_dag']) retrieved from /home/airflow/.local/lib/python3.8/site-packages/airflow/example_dags/example_skip_dag.py
[2024-06-23T07:15:34.765+0000] {logging_mixin.py:154} INFO - [2024-06-23T07:15:34.765+0000] {dag.py:2941} INFO - Sync 1 DAGs
[2024-06-23T07:15:34.778+0000] {logging_mixin.py:154} INFO - [2024-06-23T07:15:34.778+0000] {dag.py:3722} INFO - Setting next_dagrun for example_skip_dag to 2024-06-22T07:15:34.777963+00:00, run_after=2024-06-23T07:15:34.777963+00:00
[2024-06-23T07:15:34.789+0000] {processor.py:179} INFO - Processing /home/airflow/.local/lib/python3.8/site-packages/airflow/example_dags/example_skip_dag.py took 0.042 seconds
[2024-06-23T07:16:05.116+0000] {processor.py:157} INFO - Started process (PID=18021) to work on /home/airflow/.local/lib/python3.8/site-packages/airflow/example_dags/example_skip_dag.py
[2024-06-23T07:16:05.117+0000] {processor.py:829} INFO - Processing file /home/airflow/.local/lib/python3.8/site-packages/airflow/example_dags/example_skip_dag.py for tasks to queue
[2024-06-23T07:16:05.118+0000] {logging_mixin.py:154} INFO - [2024-06-23T07:16:05.118+0000] {dagbag.py:536} INFO - Filling up the DagBag from /home/airflow/.local/lib/python3.8/site-packages/airflow/example_dags/example_skip_dag.py
[2024-06-23T07:16:05.124+0000] {processor.py:839} INFO - DAG(s) dict_keys(['example_skip_dag']) retrieved from /home/airflow/.local/lib/python3.8/site-packages/airflow/example_dags/example_skip_dag.py
[2024-06-23T07:16:05.139+0000] {logging_mixin.py:154} INFO - [2024-06-23T07:16:05.139+0000] {dag.py:2941} INFO - Sync 1 DAGs
[2024-06-23T07:16:05.157+0000] {logging_mixin.py:154} INFO - [2024-06-23T07:16:05.157+0000] {dag.py:3722} INFO - Setting next_dagrun for example_skip_dag to 2024-06-22T07:16:05.157138+00:00, run_after=2024-06-23T07:16:05.157138+00:00
[2024-06-23T07:16:05.182+0000] {processor.py:179} INFO - Processing /home/airflow/.local/lib/python3.8/site-packages/airflow/example_dags/example_skip_dag.py took 0.068 seconds
[2024-06-23T07:16:35.526+0000] {processor.py:157} INFO - Started process (PID=18265) to work on /home/airflow/.local/lib/python3.8/site-packages/airflow/example_dags/example_skip_dag.py
[2024-06-23T07:16:35.527+0000] {processor.py:829} INFO - Processing file /home/airflow/.local/lib/python3.8/site-packages/airflow/example_dags/example_skip_dag.py for tasks to queue
[2024-06-23T07:16:35.528+0000] {logging_mixin.py:154} INFO - [2024-06-23T07:16:35.528+0000] {dagbag.py:536} INFO - Filling up the DagBag from /home/airflow/.local/lib/python3.8/site-packages/airflow/example_dags/example_skip_dag.py
[2024-06-23T07:16:35.533+0000] {processor.py:839} INFO - DAG(s) dict_keys(['example_skip_dag']) retrieved from /home/airflow/.local/lib/python3.8/site-packages/airflow/example_dags/example_skip_dag.py
[2024-06-23T07:16:35.548+0000] {logging_mixin.py:154} INFO - [2024-06-23T07:16:35.548+0000] {dag.py:2941} INFO - Sync 1 DAGs
[2024-06-23T07:16:35.564+0000] {logging_mixin.py:154} INFO - [2024-06-23T07:16:35.564+0000] {dag.py:3722} INFO - Setting next_dagrun for example_skip_dag to 2024-06-22T07:16:35.564336+00:00, run_after=2024-06-23T07:16:35.564336+00:00
[2024-06-23T07:16:35.575+0000] {processor.py:179} INFO - Processing /home/airflow/.local/lib/python3.8/site-packages/airflow/example_dags/example_skip_dag.py took 0.052 seconds
[2024-06-23T07:17:05.886+0000] {processor.py:157} INFO - Started process (PID=18511) to work on /home/airflow/.local/lib/python3.8/site-packages/airflow/example_dags/example_skip_dag.py
[2024-06-23T07:17:05.887+0000] {processor.py:829} INFO - Processing file /home/airflow/.local/lib/python3.8/site-packages/airflow/example_dags/example_skip_dag.py for tasks to queue
[2024-06-23T07:17:05.888+0000] {logging_mixin.py:154} INFO - [2024-06-23T07:17:05.888+0000] {dagbag.py:536} INFO - Filling up the DagBag from /home/airflow/.local/lib/python3.8/site-packages/airflow/example_dags/example_skip_dag.py
[2024-06-23T07:17:05.893+0000] {processor.py:839} INFO - DAG(s) dict_keys(['example_skip_dag']) retrieved from /home/airflow/.local/lib/python3.8/site-packages/airflow/example_dags/example_skip_dag.py
[2024-06-23T07:17:05.906+0000] {logging_mixin.py:154} INFO - [2024-06-23T07:17:05.906+0000] {dag.py:2941} INFO - Sync 1 DAGs
[2024-06-23T07:17:05.918+0000] {logging_mixin.py:154} INFO - [2024-06-23T07:17:05.918+0000] {dag.py:3722} INFO - Setting next_dagrun for example_skip_dag to 2024-06-22T07:17:05.918342+00:00, run_after=2024-06-23T07:17:05.918342+00:00
[2024-06-23T07:17:05.928+0000] {processor.py:179} INFO - Processing /home/airflow/.local/lib/python3.8/site-packages/airflow/example_dags/example_skip_dag.py took 0.044 seconds
[2024-06-23T07:17:36.419+0000] {processor.py:157} INFO - Started process (PID=18753) to work on /home/airflow/.local/lib/python3.8/site-packages/airflow/example_dags/example_skip_dag.py
[2024-06-23T07:17:36.420+0000] {processor.py:829} INFO - Processing file /home/airflow/.local/lib/python3.8/site-packages/airflow/example_dags/example_skip_dag.py for tasks to queue
[2024-06-23T07:17:36.421+0000] {logging_mixin.py:154} INFO - [2024-06-23T07:17:36.420+0000] {dagbag.py:536} INFO - Filling up the DagBag from /home/airflow/.local/lib/python3.8/site-packages/airflow/example_dags/example_skip_dag.py
[2024-06-23T07:17:36.426+0000] {processor.py:839} INFO - DAG(s) dict_keys(['example_skip_dag']) retrieved from /home/airflow/.local/lib/python3.8/site-packages/airflow/example_dags/example_skip_dag.py
[2024-06-23T07:17:36.443+0000] {logging_mixin.py:154} INFO - [2024-06-23T07:17:36.442+0000] {dag.py:2941} INFO - Sync 1 DAGs
[2024-06-23T07:17:36.461+0000] {logging_mixin.py:154} INFO - [2024-06-23T07:17:36.460+0000] {dag.py:3722} INFO - Setting next_dagrun for example_skip_dag to 2024-06-22T07:17:36.460317+00:00, run_after=2024-06-23T07:17:36.460317+00:00
[2024-06-23T07:17:36.474+0000] {processor.py:179} INFO - Processing /home/airflow/.local/lib/python3.8/site-packages/airflow/example_dags/example_skip_dag.py took 0.058 seconds
[2024-06-23T07:18:06.614+0000] {processor.py:157} INFO - Started process (PID=18997) to work on /home/airflow/.local/lib/python3.8/site-packages/airflow/example_dags/example_skip_dag.py
[2024-06-23T07:18:06.615+0000] {processor.py:829} INFO - Processing file /home/airflow/.local/lib/python3.8/site-packages/airflow/example_dags/example_skip_dag.py for tasks to queue
[2024-06-23T07:18:06.615+0000] {logging_mixin.py:154} INFO - [2024-06-23T07:18:06.615+0000] {dagbag.py:536} INFO - Filling up the DagBag from /home/airflow/.local/lib/python3.8/site-packages/airflow/example_dags/example_skip_dag.py
[2024-06-23T07:18:06.620+0000] {processor.py:839} INFO - DAG(s) dict_keys(['example_skip_dag']) retrieved from /home/airflow/.local/lib/python3.8/site-packages/airflow/example_dags/example_skip_dag.py
[2024-06-23T07:18:06.677+0000] {logging_mixin.py:154} INFO - [2024-06-23T07:18:06.677+0000] {dag.py:2941} INFO - Sync 1 DAGs
[2024-06-23T07:18:06.694+0000] {logging_mixin.py:154} INFO - [2024-06-23T07:18:06.693+0000] {dag.py:3722} INFO - Setting next_dagrun for example_skip_dag to 2024-06-22T07:18:06.693574+00:00, run_after=2024-06-23T07:18:06.693574+00:00
[2024-06-23T07:18:06.706+0000] {processor.py:179} INFO - Processing /home/airflow/.local/lib/python3.8/site-packages/airflow/example_dags/example_skip_dag.py took 0.095 seconds
[2024-06-23T07:18:36.880+0000] {processor.py:157} INFO - Started process (PID=19246) to work on /home/airflow/.local/lib/python3.8/site-packages/airflow/example_dags/example_skip_dag.py
[2024-06-23T07:18:36.882+0000] {processor.py:829} INFO - Processing file /home/airflow/.local/lib/python3.8/site-packages/airflow/example_dags/example_skip_dag.py for tasks to queue
[2024-06-23T07:18:36.882+0000] {logging_mixin.py:154} INFO - [2024-06-23T07:18:36.882+0000] {dagbag.py:536} INFO - Filling up the DagBag from /home/airflow/.local/lib/python3.8/site-packages/airflow/example_dags/example_skip_dag.py
[2024-06-23T07:18:36.887+0000] {processor.py:839} INFO - DAG(s) dict_keys(['example_skip_dag']) retrieved from /home/airflow/.local/lib/python3.8/site-packages/airflow/example_dags/example_skip_dag.py
[2024-06-23T07:18:36.902+0000] {logging_mixin.py:154} INFO - [2024-06-23T07:18:36.902+0000] {dag.py:2941} INFO - Sync 1 DAGs
[2024-06-23T07:18:36.917+0000] {logging_mixin.py:154} INFO - [2024-06-23T07:18:36.917+0000] {dag.py:3722} INFO - Setting next_dagrun for example_skip_dag to 2024-06-22T07:18:36.917058+00:00, run_after=2024-06-23T07:18:36.917058+00:00
[2024-06-23T07:18:36.929+0000] {processor.py:179} INFO - Processing /home/airflow/.local/lib/python3.8/site-packages/airflow/example_dags/example_skip_dag.py took 0.051 seconds
[2024-06-23T07:19:07.000+0000] {processor.py:157} INFO - Started process (PID=19486) to work on /home/airflow/.local/lib/python3.8/site-packages/airflow/example_dags/example_skip_dag.py
[2024-06-23T07:19:07.002+0000] {processor.py:829} INFO - Processing file /home/airflow/.local/lib/python3.8/site-packages/airflow/example_dags/example_skip_dag.py for tasks to queue
[2024-06-23T07:19:07.003+0000] {logging_mixin.py:154} INFO - [2024-06-23T07:19:07.002+0000] {dagbag.py:536} INFO - Filling up the DagBag from /home/airflow/.local/lib/python3.8/site-packages/airflow/example_dags/example_skip_dag.py
[2024-06-23T07:19:07.007+0000] {processor.py:839} INFO - DAG(s) dict_keys(['example_skip_dag']) retrieved from /home/airflow/.local/lib/python3.8/site-packages/airflow/example_dags/example_skip_dag.py
[2024-06-23T07:19:07.017+0000] {logging_mixin.py:154} INFO - [2024-06-23T07:19:07.017+0000] {dag.py:2941} INFO - Sync 1 DAGs
[2024-06-23T07:19:07.028+0000] {logging_mixin.py:154} INFO - [2024-06-23T07:19:07.028+0000] {dag.py:3722} INFO - Setting next_dagrun for example_skip_dag to 2024-06-22T07:19:07.028538+00:00, run_after=2024-06-23T07:19:07.028538+00:00
[2024-06-23T07:19:07.036+0000] {processor.py:179} INFO - Processing /home/airflow/.local/lib/python3.8/site-packages/airflow/example_dags/example_skip_dag.py took 0.038 seconds
[2024-06-23T07:19:37.400+0000] {processor.py:157} INFO - Started process (PID=19728) to work on /home/airflow/.local/lib/python3.8/site-packages/airflow/example_dags/example_skip_dag.py
[2024-06-23T07:19:37.400+0000] {processor.py:829} INFO - Processing file /home/airflow/.local/lib/python3.8/site-packages/airflow/example_dags/example_skip_dag.py for tasks to queue
[2024-06-23T07:19:37.401+0000] {logging_mixin.py:154} INFO - [2024-06-23T07:19:37.401+0000] {dagbag.py:536} INFO - Filling up the DagBag from /home/airflow/.local/lib/python3.8/site-packages/airflow/example_dags/example_skip_dag.py
[2024-06-23T07:19:37.407+0000] {processor.py:839} INFO - DAG(s) dict_keys(['example_skip_dag']) retrieved from /home/airflow/.local/lib/python3.8/site-packages/airflow/example_dags/example_skip_dag.py
[2024-06-23T07:19:37.424+0000] {logging_mixin.py:154} INFO - [2024-06-23T07:19:37.424+0000] {dag.py:2941} INFO - Sync 1 DAGs
[2024-06-23T07:19:37.440+0000] {logging_mixin.py:154} INFO - [2024-06-23T07:19:37.440+0000] {dag.py:3722} INFO - Setting next_dagrun for example_skip_dag to 2024-06-22T07:19:37.440317+00:00, run_after=2024-06-23T07:19:37.440317+00:00
[2024-06-23T07:19:37.454+0000] {processor.py:179} INFO - Processing /home/airflow/.local/lib/python3.8/site-packages/airflow/example_dags/example_skip_dag.py took 0.057 seconds
[2024-06-23T07:20:07.766+0000] {processor.py:157} INFO - Started process (PID=19971) to work on /home/airflow/.local/lib/python3.8/site-packages/airflow/example_dags/example_skip_dag.py
[2024-06-23T07:20:07.767+0000] {processor.py:829} INFO - Processing file /home/airflow/.local/lib/python3.8/site-packages/airflow/example_dags/example_skip_dag.py for tasks to queue
[2024-06-23T07:20:07.767+0000] {logging_mixin.py:154} INFO - [2024-06-23T07:20:07.767+0000] {dagbag.py:536} INFO - Filling up the DagBag from /home/airflow/.local/lib/python3.8/site-packages/airflow/example_dags/example_skip_dag.py
[2024-06-23T07:20:07.771+0000] {processor.py:839} INFO - DAG(s) dict_keys(['example_skip_dag']) retrieved from /home/airflow/.local/lib/python3.8/site-packages/airflow/example_dags/example_skip_dag.py
[2024-06-23T07:20:07.782+0000] {logging_mixin.py:154} INFO - [2024-06-23T07:20:07.782+0000] {dag.py:2941} INFO - Sync 1 DAGs
[2024-06-23T07:20:07.793+0000] {logging_mixin.py:154} INFO - [2024-06-23T07:20:07.793+0000] {dag.py:3722} INFO - Setting next_dagrun for example_skip_dag to 2024-06-22T07:20:07.793262+00:00, run_after=2024-06-23T07:20:07.793262+00:00
[2024-06-23T07:20:07.802+0000] {processor.py:179} INFO - Processing /home/airflow/.local/lib/python3.8/site-packages/airflow/example_dags/example_skip_dag.py took 0.038 seconds
[2024-06-23T07:20:38.575+0000] {processor.py:157} INFO - Started process (PID=20214) to work on /home/airflow/.local/lib/python3.8/site-packages/airflow/example_dags/example_skip_dag.py
[2024-06-23T07:20:38.575+0000] {processor.py:829} INFO - Processing file /home/airflow/.local/lib/python3.8/site-packages/airflow/example_dags/example_skip_dag.py for tasks to queue
[2024-06-23T07:20:38.576+0000] {logging_mixin.py:154} INFO - [2024-06-23T07:20:38.576+0000] {dagbag.py:536} INFO - Filling up the DagBag from /home/airflow/.local/lib/python3.8/site-packages/airflow/example_dags/example_skip_dag.py
[2024-06-23T07:20:38.580+0000] {processor.py:839} INFO - DAG(s) dict_keys(['example_skip_dag']) retrieved from /home/airflow/.local/lib/python3.8/site-packages/airflow/example_dags/example_skip_dag.py
[2024-06-23T07:20:38.591+0000] {logging_mixin.py:154} INFO - [2024-06-23T07:20:38.591+0000] {dag.py:2941} INFO - Sync 1 DAGs
[2024-06-23T07:20:38.603+0000] {logging_mixin.py:154} INFO - [2024-06-23T07:20:38.603+0000] {dag.py:3722} INFO - Setting next_dagrun for example_skip_dag to 2024-06-22T07:20:38.603376+00:00, run_after=2024-06-23T07:20:38.603376+00:00
[2024-06-23T07:20:38.613+0000] {processor.py:179} INFO - Processing /home/airflow/.local/lib/python3.8/site-packages/airflow/example_dags/example_skip_dag.py took 0.041 seconds
[2024-06-23T07:21:09.476+0000] {processor.py:157} INFO - Started process (PID=20458) to work on /home/airflow/.local/lib/python3.8/site-packages/airflow/example_dags/example_skip_dag.py
[2024-06-23T07:21:09.478+0000] {processor.py:829} INFO - Processing file /home/airflow/.local/lib/python3.8/site-packages/airflow/example_dags/example_skip_dag.py for tasks to queue
[2024-06-23T07:21:09.480+0000] {logging_mixin.py:154} INFO - [2024-06-23T07:21:09.479+0000] {dagbag.py:536} INFO - Filling up the DagBag from /home/airflow/.local/lib/python3.8/site-packages/airflow/example_dags/example_skip_dag.py
[2024-06-23T07:21:09.491+0000] {processor.py:839} INFO - DAG(s) dict_keys(['example_skip_dag']) retrieved from /home/airflow/.local/lib/python3.8/site-packages/airflow/example_dags/example_skip_dag.py
[2024-06-23T07:21:09.526+0000] {logging_mixin.py:154} INFO - [2024-06-23T07:21:09.526+0000] {dag.py:2941} INFO - Sync 1 DAGs
[2024-06-23T07:21:09.557+0000] {logging_mixin.py:154} INFO - [2024-06-23T07:21:09.557+0000] {dag.py:3722} INFO - Setting next_dagrun for example_skip_dag to 2024-06-22T07:21:09.557203+00:00, run_after=2024-06-23T07:21:09.557203+00:00
[2024-06-23T07:21:09.584+0000] {processor.py:179} INFO - Processing /home/airflow/.local/lib/python3.8/site-packages/airflow/example_dags/example_skip_dag.py took 0.110 seconds
[2024-06-23T07:21:39.833+0000] {processor.py:157} INFO - Started process (PID=20702) to work on /home/airflow/.local/lib/python3.8/site-packages/airflow/example_dags/example_skip_dag.py
[2024-06-23T07:21:39.835+0000] {processor.py:829} INFO - Processing file /home/airflow/.local/lib/python3.8/site-packages/airflow/example_dags/example_skip_dag.py for tasks to queue
[2024-06-23T07:21:39.839+0000] {logging_mixin.py:154} INFO - [2024-06-23T07:21:39.839+0000] {dagbag.py:536} INFO - Filling up the DagBag from /home/airflow/.local/lib/python3.8/site-packages/airflow/example_dags/example_skip_dag.py
[2024-06-23T07:21:39.843+0000] {processor.py:839} INFO - DAG(s) dict_keys(['example_skip_dag']) retrieved from /home/airflow/.local/lib/python3.8/site-packages/airflow/example_dags/example_skip_dag.py
[2024-06-23T07:21:39.859+0000] {logging_mixin.py:154} INFO - [2024-06-23T07:21:39.859+0000] {dag.py:2941} INFO - Sync 1 DAGs
[2024-06-23T07:21:39.874+0000] {logging_mixin.py:154} INFO - [2024-06-23T07:21:39.874+0000] {dag.py:3722} INFO - Setting next_dagrun for example_skip_dag to 2024-06-22T07:21:39.874384+00:00, run_after=2024-06-23T07:21:39.874384+00:00
[2024-06-23T07:21:39.887+0000] {processor.py:179} INFO - Processing /home/airflow/.local/lib/python3.8/site-packages/airflow/example_dags/example_skip_dag.py took 0.056 seconds
[2024-06-23T07:22:10.747+0000] {processor.py:157} INFO - Started process (PID=20946) to work on /home/airflow/.local/lib/python3.8/site-packages/airflow/example_dags/example_skip_dag.py
[2024-06-23T07:22:10.747+0000] {processor.py:829} INFO - Processing file /home/airflow/.local/lib/python3.8/site-packages/airflow/example_dags/example_skip_dag.py for tasks to queue
[2024-06-23T07:22:10.748+0000] {logging_mixin.py:154} INFO - [2024-06-23T07:22:10.747+0000] {dagbag.py:536} INFO - Filling up the DagBag from /home/airflow/.local/lib/python3.8/site-packages/airflow/example_dags/example_skip_dag.py
[2024-06-23T07:22:10.752+0000] {processor.py:839} INFO - DAG(s) dict_keys(['example_skip_dag']) retrieved from /home/airflow/.local/lib/python3.8/site-packages/airflow/example_dags/example_skip_dag.py
[2024-06-23T07:22:10.763+0000] {logging_mixin.py:154} INFO - [2024-06-23T07:22:10.763+0000] {dag.py:2941} INFO - Sync 1 DAGs
[2024-06-23T07:22:10.774+0000] {logging_mixin.py:154} INFO - [2024-06-23T07:22:10.774+0000] {dag.py:3722} INFO - Setting next_dagrun for example_skip_dag to 2024-06-22T07:22:10.773897+00:00, run_after=2024-06-23T07:22:10.773897+00:00
[2024-06-23T07:22:10.782+0000] {processor.py:179} INFO - Processing /home/airflow/.local/lib/python3.8/site-packages/airflow/example_dags/example_skip_dag.py took 0.037 seconds
[2024-06-23T07:22:41.520+0000] {processor.py:157} INFO - Started process (PID=21190) to work on /home/airflow/.local/lib/python3.8/site-packages/airflow/example_dags/example_skip_dag.py
[2024-06-23T07:22:41.521+0000] {processor.py:829} INFO - Processing file /home/airflow/.local/lib/python3.8/site-packages/airflow/example_dags/example_skip_dag.py for tasks to queue
[2024-06-23T07:22:41.521+0000] {logging_mixin.py:154} INFO - [2024-06-23T07:22:41.521+0000] {dagbag.py:536} INFO - Filling up the DagBag from /home/airflow/.local/lib/python3.8/site-packages/airflow/example_dags/example_skip_dag.py
[2024-06-23T07:22:41.525+0000] {processor.py:839} INFO - DAG(s) dict_keys(['example_skip_dag']) retrieved from /home/airflow/.local/lib/python3.8/site-packages/airflow/example_dags/example_skip_dag.py
[2024-06-23T07:22:41.536+0000] {logging_mixin.py:154} INFO - [2024-06-23T07:22:41.536+0000] {dag.py:2941} INFO - Sync 1 DAGs
[2024-06-23T07:22:41.546+0000] {logging_mixin.py:154} INFO - [2024-06-23T07:22:41.546+0000] {dag.py:3722} INFO - Setting next_dagrun for example_skip_dag to 2024-06-22T07:22:41.546414+00:00, run_after=2024-06-23T07:22:41.546414+00:00
[2024-06-23T07:22:41.554+0000] {processor.py:179} INFO - Processing /home/airflow/.local/lib/python3.8/site-packages/airflow/example_dags/example_skip_dag.py took 0.036 seconds
[2024-06-23T07:23:12.464+0000] {processor.py:157} INFO - Started process (PID=21434) to work on /home/airflow/.local/lib/python3.8/site-packages/airflow/example_dags/example_skip_dag.py
[2024-06-23T07:23:12.465+0000] {processor.py:829} INFO - Processing file /home/airflow/.local/lib/python3.8/site-packages/airflow/example_dags/example_skip_dag.py for tasks to queue
[2024-06-23T07:23:12.466+0000] {logging_mixin.py:154} INFO - [2024-06-23T07:23:12.465+0000] {dagbag.py:536} INFO - Filling up the DagBag from /home/airflow/.local/lib/python3.8/site-packages/airflow/example_dags/example_skip_dag.py
[2024-06-23T07:23:12.470+0000] {processor.py:839} INFO - DAG(s) dict_keys(['example_skip_dag']) retrieved from /home/airflow/.local/lib/python3.8/site-packages/airflow/example_dags/example_skip_dag.py
[2024-06-23T07:23:12.481+0000] {logging_mixin.py:154} INFO - [2024-06-23T07:23:12.481+0000] {dag.py:2941} INFO - Sync 1 DAGs
[2024-06-23T07:23:12.492+0000] {logging_mixin.py:154} INFO - [2024-06-23T07:23:12.492+0000] {dag.py:3722} INFO - Setting next_dagrun for example_skip_dag to 2024-06-22T07:23:12.492505+00:00, run_after=2024-06-23T07:23:12.492505+00:00
[2024-06-23T07:23:12.501+0000] {processor.py:179} INFO - Processing /home/airflow/.local/lib/python3.8/site-packages/airflow/example_dags/example_skip_dag.py took 0.038 seconds
[2024-06-23T07:23:43.106+0000] {processor.py:157} INFO - Started process (PID=21678) to work on /home/airflow/.local/lib/python3.8/site-packages/airflow/example_dags/example_skip_dag.py
[2024-06-23T07:23:43.107+0000] {processor.py:829} INFO - Processing file /home/airflow/.local/lib/python3.8/site-packages/airflow/example_dags/example_skip_dag.py for tasks to queue
[2024-06-23T07:23:43.108+0000] {logging_mixin.py:154} INFO - [2024-06-23T07:23:43.107+0000] {dagbag.py:536} INFO - Filling up the DagBag from /home/airflow/.local/lib/python3.8/site-packages/airflow/example_dags/example_skip_dag.py
[2024-06-23T07:23:43.112+0000] {processor.py:839} INFO - DAG(s) dict_keys(['example_skip_dag']) retrieved from /home/airflow/.local/lib/python3.8/site-packages/airflow/example_dags/example_skip_dag.py
[2024-06-23T07:23:43.124+0000] {logging_mixin.py:154} INFO - [2024-06-23T07:23:43.124+0000] {dag.py:2941} INFO - Sync 1 DAGs
[2024-06-23T07:23:43.137+0000] {logging_mixin.py:154} INFO - [2024-06-23T07:23:43.137+0000] {dag.py:3722} INFO - Setting next_dagrun for example_skip_dag to 2024-06-22T07:23:43.137342+00:00, run_after=2024-06-23T07:23:43.137342+00:00
[2024-06-23T07:23:43.148+0000] {processor.py:179} INFO - Processing /home/airflow/.local/lib/python3.8/site-packages/airflow/example_dags/example_skip_dag.py took 0.043 seconds
[2024-06-23T07:24:14.118+0000] {processor.py:157} INFO - Started process (PID=21922) to work on /home/airflow/.local/lib/python3.8/site-packages/airflow/example_dags/example_skip_dag.py
[2024-06-23T07:24:14.119+0000] {processor.py:829} INFO - Processing file /home/airflow/.local/lib/python3.8/site-packages/airflow/example_dags/example_skip_dag.py for tasks to queue
[2024-06-23T07:24:14.119+0000] {logging_mixin.py:154} INFO - [2024-06-23T07:24:14.119+0000] {dagbag.py:536} INFO - Filling up the DagBag from /home/airflow/.local/lib/python3.8/site-packages/airflow/example_dags/example_skip_dag.py
[2024-06-23T07:24:14.124+0000] {processor.py:839} INFO - DAG(s) dict_keys(['example_skip_dag']) retrieved from /home/airflow/.local/lib/python3.8/site-packages/airflow/example_dags/example_skip_dag.py
[2024-06-23T07:24:14.187+0000] {logging_mixin.py:154} INFO - [2024-06-23T07:24:14.186+0000] {dag.py:2941} INFO - Sync 1 DAGs
[2024-06-23T07:24:14.198+0000] {logging_mixin.py:154} INFO - [2024-06-23T07:24:14.198+0000] {dag.py:3722} INFO - Setting next_dagrun for example_skip_dag to 2024-06-22T07:24:14.198298+00:00, run_after=2024-06-23T07:24:14.198298+00:00
[2024-06-23T07:24:14.215+0000] {processor.py:179} INFO - Processing /home/airflow/.local/lib/python3.8/site-packages/airflow/example_dags/example_skip_dag.py took 0.100 seconds
[2024-06-23T07:24:45.178+0000] {processor.py:157} INFO - Started process (PID=22168) to work on /home/airflow/.local/lib/python3.8/site-packages/airflow/example_dags/example_skip_dag.py
[2024-06-23T07:24:45.180+0000] {processor.py:829} INFO - Processing file /home/airflow/.local/lib/python3.8/site-packages/airflow/example_dags/example_skip_dag.py for tasks to queue
[2024-06-23T07:24:45.180+0000] {logging_mixin.py:154} INFO - [2024-06-23T07:24:45.180+0000] {dagbag.py:536} INFO - Filling up the DagBag from /home/airflow/.local/lib/python3.8/site-packages/airflow/example_dags/example_skip_dag.py
[2024-06-23T07:24:45.187+0000] {processor.py:839} INFO - DAG(s) dict_keys(['example_skip_dag']) retrieved from /home/airflow/.local/lib/python3.8/site-packages/airflow/example_dags/example_skip_dag.py
[2024-06-23T07:24:45.201+0000] {logging_mixin.py:154} INFO - [2024-06-23T07:24:45.200+0000] {dag.py:2941} INFO - Sync 1 DAGs
[2024-06-23T07:24:45.215+0000] {logging_mixin.py:154} INFO - [2024-06-23T07:24:45.215+0000] {dag.py:3722} INFO - Setting next_dagrun for example_skip_dag to 2024-06-22T07:24:45.215743+00:00, run_after=2024-06-23T07:24:45.215743+00:00
[2024-06-23T07:24:45.226+0000] {processor.py:179} INFO - Processing /home/airflow/.local/lib/python3.8/site-packages/airflow/example_dags/example_skip_dag.py took 0.052 seconds
[2024-06-23T07:25:16.235+0000] {processor.py:157} INFO - Started process (PID=22410) to work on /home/airflow/.local/lib/python3.8/site-packages/airflow/example_dags/example_skip_dag.py
[2024-06-23T07:25:16.236+0000] {processor.py:829} INFO - Processing file /home/airflow/.local/lib/python3.8/site-packages/airflow/example_dags/example_skip_dag.py for tasks to queue
[2024-06-23T07:25:16.236+0000] {logging_mixin.py:154} INFO - [2024-06-23T07:25:16.236+0000] {dagbag.py:536} INFO - Filling up the DagBag from /home/airflow/.local/lib/python3.8/site-packages/airflow/example_dags/example_skip_dag.py
[2024-06-23T07:25:16.241+0000] {processor.py:839} INFO - DAG(s) dict_keys(['example_skip_dag']) retrieved from /home/airflow/.local/lib/python3.8/site-packages/airflow/example_dags/example_skip_dag.py
[2024-06-23T07:25:16.252+0000] {logging_mixin.py:154} INFO - [2024-06-23T07:25:16.252+0000] {dag.py:2941} INFO - Sync 1 DAGs
[2024-06-23T07:25:16.265+0000] {logging_mixin.py:154} INFO - [2024-06-23T07:25:16.265+0000] {dag.py:3722} INFO - Setting next_dagrun for example_skip_dag to 2024-06-22T07:25:16.265365+00:00, run_after=2024-06-23T07:25:16.265365+00:00
[2024-06-23T07:25:16.276+0000] {processor.py:179} INFO - Processing /home/airflow/.local/lib/python3.8/site-packages/airflow/example_dags/example_skip_dag.py took 0.043 seconds
[2024-06-23T07:25:46.524+0000] {processor.py:157} INFO - Started process (PID=22656) to work on /home/airflow/.local/lib/python3.8/site-packages/airflow/example_dags/example_skip_dag.py
[2024-06-23T07:25:46.524+0000] {processor.py:829} INFO - Processing file /home/airflow/.local/lib/python3.8/site-packages/airflow/example_dags/example_skip_dag.py for tasks to queue
[2024-06-23T07:25:46.525+0000] {logging_mixin.py:154} INFO - [2024-06-23T07:25:46.525+0000] {dagbag.py:536} INFO - Filling up the DagBag from /home/airflow/.local/lib/python3.8/site-packages/airflow/example_dags/example_skip_dag.py
[2024-06-23T07:25:46.529+0000] {processor.py:839} INFO - DAG(s) dict_keys(['example_skip_dag']) retrieved from /home/airflow/.local/lib/python3.8/site-packages/airflow/example_dags/example_skip_dag.py
[2024-06-23T07:25:46.540+0000] {logging_mixin.py:154} INFO - [2024-06-23T07:25:46.540+0000] {dag.py:2941} INFO - Sync 1 DAGs
[2024-06-23T07:25:46.551+0000] {logging_mixin.py:154} INFO - [2024-06-23T07:25:46.551+0000] {dag.py:3722} INFO - Setting next_dagrun for example_skip_dag to 2024-06-22T07:25:46.551045+00:00, run_after=2024-06-23T07:25:46.551045+00:00
[2024-06-23T07:25:46.559+0000] {processor.py:179} INFO - Processing /home/airflow/.local/lib/python3.8/site-packages/airflow/example_dags/example_skip_dag.py took 0.037 seconds
[2024-06-23T07:26:17.294+0000] {processor.py:157} INFO - Started process (PID=22898) to work on /home/airflow/.local/lib/python3.8/site-packages/airflow/example_dags/example_skip_dag.py
[2024-06-23T07:26:17.294+0000] {processor.py:829} INFO - Processing file /home/airflow/.local/lib/python3.8/site-packages/airflow/example_dags/example_skip_dag.py for tasks to queue
[2024-06-23T07:26:17.295+0000] {logging_mixin.py:154} INFO - [2024-06-23T07:26:17.295+0000] {dagbag.py:536} INFO - Filling up the DagBag from /home/airflow/.local/lib/python3.8/site-packages/airflow/example_dags/example_skip_dag.py
[2024-06-23T07:26:17.300+0000] {processor.py:839} INFO - DAG(s) dict_keys(['example_skip_dag']) retrieved from /home/airflow/.local/lib/python3.8/site-packages/airflow/example_dags/example_skip_dag.py
[2024-06-23T07:26:17.310+0000] {logging_mixin.py:154} INFO - [2024-06-23T07:26:17.310+0000] {dag.py:2941} INFO - Sync 1 DAGs
[2024-06-23T07:26:17.321+0000] {logging_mixin.py:154} INFO - [2024-06-23T07:26:17.321+0000] {dag.py:3722} INFO - Setting next_dagrun for example_skip_dag to 2024-06-22T07:26:17.321262+00:00, run_after=2024-06-23T07:26:17.321262+00:00
[2024-06-23T07:26:17.330+0000] {processor.py:179} INFO - Processing /home/airflow/.local/lib/python3.8/site-packages/airflow/example_dags/example_skip_dag.py took 0.038 seconds
[2024-06-23T07:26:48.159+0000] {processor.py:157} INFO - Started process (PID=23142) to work on /home/airflow/.local/lib/python3.8/site-packages/airflow/example_dags/example_skip_dag.py
[2024-06-23T07:26:48.159+0000] {processor.py:829} INFO - Processing file /home/airflow/.local/lib/python3.8/site-packages/airflow/example_dags/example_skip_dag.py for tasks to queue
[2024-06-23T07:26:48.160+0000] {logging_mixin.py:154} INFO - [2024-06-23T07:26:48.160+0000] {dagbag.py:536} INFO - Filling up the DagBag from /home/airflow/.local/lib/python3.8/site-packages/airflow/example_dags/example_skip_dag.py
[2024-06-23T07:26:48.165+0000] {processor.py:839} INFO - DAG(s) dict_keys(['example_skip_dag']) retrieved from /home/airflow/.local/lib/python3.8/site-packages/airflow/example_dags/example_skip_dag.py
[2024-06-23T07:26:48.177+0000] {logging_mixin.py:154} INFO - [2024-06-23T07:26:48.177+0000] {dag.py:2941} INFO - Sync 1 DAGs
[2024-06-23T07:26:48.190+0000] {logging_mixin.py:154} INFO - [2024-06-23T07:26:48.190+0000] {dag.py:3722} INFO - Setting next_dagrun for example_skip_dag to 2024-06-22T07:26:48.190100+00:00, run_after=2024-06-23T07:26:48.190100+00:00
[2024-06-23T07:26:48.202+0000] {processor.py:179} INFO - Processing /home/airflow/.local/lib/python3.8/site-packages/airflow/example_dags/example_skip_dag.py took 0.046 seconds
[2024-06-23T07:27:19.049+0000] {processor.py:157} INFO - Started process (PID=23387) to work on /home/airflow/.local/lib/python3.8/site-packages/airflow/example_dags/example_skip_dag.py
[2024-06-23T07:27:19.049+0000] {processor.py:829} INFO - Processing file /home/airflow/.local/lib/python3.8/site-packages/airflow/example_dags/example_skip_dag.py for tasks to queue
[2024-06-23T07:27:19.050+0000] {logging_mixin.py:154} INFO - [2024-06-23T07:27:19.050+0000] {dagbag.py:536} INFO - Filling up the DagBag from /home/airflow/.local/lib/python3.8/site-packages/airflow/example_dags/example_skip_dag.py
[2024-06-23T07:27:19.054+0000] {processor.py:839} INFO - DAG(s) dict_keys(['example_skip_dag']) retrieved from /home/airflow/.local/lib/python3.8/site-packages/airflow/example_dags/example_skip_dag.py
[2024-06-23T07:27:19.067+0000] {logging_mixin.py:154} INFO - [2024-06-23T07:27:19.066+0000] {dag.py:2941} INFO - Sync 1 DAGs
[2024-06-23T07:27:19.083+0000] {logging_mixin.py:154} INFO - [2024-06-23T07:27:19.083+0000] {dag.py:3722} INFO - Setting next_dagrun for example_skip_dag to 2024-06-22T07:27:19.083259+00:00, run_after=2024-06-23T07:27:19.083259+00:00
[2024-06-23T07:27:19.094+0000] {processor.py:179} INFO - Processing /home/airflow/.local/lib/python3.8/site-packages/airflow/example_dags/example_skip_dag.py took 0.047 seconds
[2024-06-23T07:27:49.911+0000] {processor.py:157} INFO - Started process (PID=23631) to work on /home/airflow/.local/lib/python3.8/site-packages/airflow/example_dags/example_skip_dag.py
[2024-06-23T07:27:49.912+0000] {processor.py:829} INFO - Processing file /home/airflow/.local/lib/python3.8/site-packages/airflow/example_dags/example_skip_dag.py for tasks to queue
[2024-06-23T07:27:49.912+0000] {logging_mixin.py:154} INFO - [2024-06-23T07:27:49.912+0000] {dagbag.py:536} INFO - Filling up the DagBag from /home/airflow/.local/lib/python3.8/site-packages/airflow/example_dags/example_skip_dag.py
[2024-06-23T07:27:49.918+0000] {processor.py:839} INFO - DAG(s) dict_keys(['example_skip_dag']) retrieved from /home/airflow/.local/lib/python3.8/site-packages/airflow/example_dags/example_skip_dag.py
[2024-06-23T07:27:49.930+0000] {logging_mixin.py:154} INFO - [2024-06-23T07:27:49.930+0000] {dag.py:2941} INFO - Sync 1 DAGs
[2024-06-23T07:27:49.942+0000] {logging_mixin.py:154} INFO - [2024-06-23T07:27:49.942+0000] {dag.py:3722} INFO - Setting next_dagrun for example_skip_dag to 2024-06-22T07:27:49.942416+00:00, run_after=2024-06-23T07:27:49.942416+00:00
[2024-06-23T07:27:49.954+0000] {processor.py:179} INFO - Processing /home/airflow/.local/lib/python3.8/site-packages/airflow/example_dags/example_skip_dag.py took 0.045 seconds
[2024-06-23T07:28:20.893+0000] {processor.py:157} INFO - Started process (PID=23873) to work on /home/airflow/.local/lib/python3.8/site-packages/airflow/example_dags/example_skip_dag.py
[2024-06-23T07:28:20.894+0000] {processor.py:829} INFO - Processing file /home/airflow/.local/lib/python3.8/site-packages/airflow/example_dags/example_skip_dag.py for tasks to queue
[2024-06-23T07:28:20.895+0000] {logging_mixin.py:154} INFO - [2024-06-23T07:28:20.895+0000] {dagbag.py:536} INFO - Filling up the DagBag from /home/airflow/.local/lib/python3.8/site-packages/airflow/example_dags/example_skip_dag.py
[2024-06-23T07:28:20.903+0000] {processor.py:839} INFO - DAG(s) dict_keys(['example_skip_dag']) retrieved from /home/airflow/.local/lib/python3.8/site-packages/airflow/example_dags/example_skip_dag.py
[2024-06-23T07:28:20.926+0000] {logging_mixin.py:154} INFO - [2024-06-23T07:28:20.926+0000] {dag.py:2941} INFO - Sync 1 DAGs
[2024-06-23T07:28:20.949+0000] {logging_mixin.py:154} INFO - [2024-06-23T07:28:20.949+0000] {dag.py:3722} INFO - Setting next_dagrun for example_skip_dag to 2024-06-22T07:28:20.948924+00:00, run_after=2024-06-23T07:28:20.948924+00:00
[2024-06-23T07:28:20.961+0000] {processor.py:179} INFO - Processing /home/airflow/.local/lib/python3.8/site-packages/airflow/example_dags/example_skip_dag.py took 0.070 seconds
[2024-06-23T07:28:51.087+0000] {processor.py:157} INFO - Started process (PID=24119) to work on /home/airflow/.local/lib/python3.8/site-packages/airflow/example_dags/example_skip_dag.py
[2024-06-23T07:28:51.088+0000] {processor.py:829} INFO - Processing file /home/airflow/.local/lib/python3.8/site-packages/airflow/example_dags/example_skip_dag.py for tasks to queue
[2024-06-23T07:28:51.088+0000] {logging_mixin.py:154} INFO - [2024-06-23T07:28:51.088+0000] {dagbag.py:536} INFO - Filling up the DagBag from /home/airflow/.local/lib/python3.8/site-packages/airflow/example_dags/example_skip_dag.py
[2024-06-23T07:28:51.092+0000] {processor.py:839} INFO - DAG(s) dict_keys(['example_skip_dag']) retrieved from /home/airflow/.local/lib/python3.8/site-packages/airflow/example_dags/example_skip_dag.py
[2024-06-23T07:28:51.102+0000] {logging_mixin.py:154} INFO - [2024-06-23T07:28:51.102+0000] {dag.py:2941} INFO - Sync 1 DAGs
[2024-06-23T07:28:51.112+0000] {logging_mixin.py:154} INFO - [2024-06-23T07:28:51.112+0000] {dag.py:3722} INFO - Setting next_dagrun for example_skip_dag to 2024-06-22T07:28:51.112434+00:00, run_after=2024-06-23T07:28:51.112434+00:00
[2024-06-23T07:28:51.120+0000] {processor.py:179} INFO - Processing /home/airflow/.local/lib/python3.8/site-packages/airflow/example_dags/example_skip_dag.py took 0.034 seconds
[2024-06-23T07:29:21.265+0000] {processor.py:157} INFO - Started process (PID=24361) to work on /home/airflow/.local/lib/python3.8/site-packages/airflow/example_dags/example_skip_dag.py
[2024-06-23T07:29:21.266+0000] {processor.py:829} INFO - Processing file /home/airflow/.local/lib/python3.8/site-packages/airflow/example_dags/example_skip_dag.py for tasks to queue
[2024-06-23T07:29:21.267+0000] {logging_mixin.py:154} INFO - [2024-06-23T07:29:21.267+0000] {dagbag.py:536} INFO - Filling up the DagBag from /home/airflow/.local/lib/python3.8/site-packages/airflow/example_dags/example_skip_dag.py
[2024-06-23T07:29:21.275+0000] {processor.py:839} INFO - DAG(s) dict_keys(['example_skip_dag']) retrieved from /home/airflow/.local/lib/python3.8/site-packages/airflow/example_dags/example_skip_dag.py
[2024-06-23T07:29:21.290+0000] {logging_mixin.py:154} INFO - [2024-06-23T07:29:21.290+0000] {dag.py:2941} INFO - Sync 1 DAGs
[2024-06-23T07:29:21.303+0000] {logging_mixin.py:154} INFO - [2024-06-23T07:29:21.303+0000] {dag.py:3722} INFO - Setting next_dagrun for example_skip_dag to 2024-06-22T07:29:21.302979+00:00, run_after=2024-06-23T07:29:21.302979+00:00
[2024-06-23T07:29:21.316+0000] {processor.py:179} INFO - Processing /home/airflow/.local/lib/python3.8/site-packages/airflow/example_dags/example_skip_dag.py took 0.054 seconds
[2024-06-23T07:29:51.624+0000] {processor.py:157} INFO - Started process (PID=24605) to work on /home/airflow/.local/lib/python3.8/site-packages/airflow/example_dags/example_skip_dag.py
[2024-06-23T07:29:51.625+0000] {processor.py:829} INFO - Processing file /home/airflow/.local/lib/python3.8/site-packages/airflow/example_dags/example_skip_dag.py for tasks to queue
[2024-06-23T07:29:51.625+0000] {logging_mixin.py:154} INFO - [2024-06-23T07:29:51.625+0000] {dagbag.py:536} INFO - Filling up the DagBag from /home/airflow/.local/lib/python3.8/site-packages/airflow/example_dags/example_skip_dag.py
[2024-06-23T07:29:51.629+0000] {processor.py:839} INFO - DAG(s) dict_keys(['example_skip_dag']) retrieved from /home/airflow/.local/lib/python3.8/site-packages/airflow/example_dags/example_skip_dag.py
[2024-06-23T07:29:51.640+0000] {logging_mixin.py:154} INFO - [2024-06-23T07:29:51.640+0000] {dag.py:2941} INFO - Sync 1 DAGs
[2024-06-23T07:29:51.651+0000] {logging_mixin.py:154} INFO - [2024-06-23T07:29:51.651+0000] {dag.py:3722} INFO - Setting next_dagrun for example_skip_dag to 2024-06-22T07:29:51.651675+00:00, run_after=2024-06-23T07:29:51.651675+00:00
[2024-06-23T07:29:51.660+0000] {processor.py:179} INFO - Processing /home/airflow/.local/lib/python3.8/site-packages/airflow/example_dags/example_skip_dag.py took 0.038 seconds
[2024-06-23T07:30:22.321+0000] {processor.py:157} INFO - Started process (PID=24849) to work on /home/airflow/.local/lib/python3.8/site-packages/airflow/example_dags/example_skip_dag.py
[2024-06-23T07:30:22.322+0000] {processor.py:829} INFO - Processing file /home/airflow/.local/lib/python3.8/site-packages/airflow/example_dags/example_skip_dag.py for tasks to queue
[2024-06-23T07:30:22.323+0000] {logging_mixin.py:154} INFO - [2024-06-23T07:30:22.323+0000] {dagbag.py:536} INFO - Filling up the DagBag from /home/airflow/.local/lib/python3.8/site-packages/airflow/example_dags/example_skip_dag.py
[2024-06-23T07:30:22.327+0000] {processor.py:839} INFO - DAG(s) dict_keys(['example_skip_dag']) retrieved from /home/airflow/.local/lib/python3.8/site-packages/airflow/example_dags/example_skip_dag.py
[2024-06-23T07:30:22.338+0000] {logging_mixin.py:154} INFO - [2024-06-23T07:30:22.338+0000] {dag.py:2941} INFO - Sync 1 DAGs
[2024-06-23T07:30:22.349+0000] {logging_mixin.py:154} INFO - [2024-06-23T07:30:22.349+0000] {dag.py:3722} INFO - Setting next_dagrun for example_skip_dag to 2024-06-22T07:30:22.349097+00:00, run_after=2024-06-23T07:30:22.349097+00:00
[2024-06-23T07:30:22.357+0000] {processor.py:179} INFO - Processing /home/airflow/.local/lib/python3.8/site-packages/airflow/example_dags/example_skip_dag.py took 0.038 seconds
[2024-06-23T07:30:53.331+0000] {processor.py:157} INFO - Started process (PID=25093) to work on /home/airflow/.local/lib/python3.8/site-packages/airflow/example_dags/example_skip_dag.py
[2024-06-23T07:30:53.333+0000] {processor.py:829} INFO - Processing file /home/airflow/.local/lib/python3.8/site-packages/airflow/example_dags/example_skip_dag.py for tasks to queue
[2024-06-23T07:30:53.334+0000] {logging_mixin.py:154} INFO - [2024-06-23T07:30:53.334+0000] {dagbag.py:536} INFO - Filling up the DagBag from /home/airflow/.local/lib/python3.8/site-packages/airflow/example_dags/example_skip_dag.py
[2024-06-23T07:30:53.339+0000] {processor.py:839} INFO - DAG(s) dict_keys(['example_skip_dag']) retrieved from /home/airflow/.local/lib/python3.8/site-packages/airflow/example_dags/example_skip_dag.py
[2024-06-23T07:30:53.351+0000] {logging_mixin.py:154} INFO - [2024-06-23T07:30:53.351+0000] {dag.py:2941} INFO - Sync 1 DAGs
[2024-06-23T07:30:53.362+0000] {logging_mixin.py:154} INFO - [2024-06-23T07:30:53.362+0000] {dag.py:3722} INFO - Setting next_dagrun for example_skip_dag to 2024-06-22T07:30:53.362504+00:00, run_after=2024-06-23T07:30:53.362504+00:00
[2024-06-23T07:30:53.373+0000] {processor.py:179} INFO - Processing /home/airflow/.local/lib/python3.8/site-packages/airflow/example_dags/example_skip_dag.py took 0.044 seconds
