[2024-06-23T01:24:24.739+0000] {processor.py:157} INFO - Started process (PID=13210) to work on /home/airflow/.local/lib/python3.8/site-packages/airflow/example_dags/example_xcomargs.py
[2024-06-23T01:24:24.740+0000] {processor.py:829} INFO - Processing file /home/airflow/.local/lib/python3.8/site-packages/airflow/example_dags/example_xcomargs.py for tasks to queue
[2024-06-23T01:24:24.740+0000] {logging_mixin.py:154} INFO - [2024-06-23T01:24:24.740+0000] {dagbag.py:536} INFO - Filling up the DagBag from /home/airflow/.local/lib/python3.8/site-packages/airflow/example_dags/example_xcomargs.py
[2024-06-23T01:24:24.745+0000] {processor.py:839} INFO - DAG(s) dict_keys(['example_xcom_args', 'example_xcom_args_with_operators']) retrieved from /home/airflow/.local/lib/python3.8/site-packages/airflow/example_dags/example_xcomargs.py
[2024-06-23T01:24:24.758+0000] {logging_mixin.py:154} INFO - [2024-06-23T01:24:24.758+0000] {dag.py:2941} INFO - Sync 2 DAGs
[2024-06-23T01:24:24.765+0000] {logging_mixin.py:154} INFO - [2024-06-23T01:24:24.765+0000] {dag.py:3722} INFO - Setting next_dagrun for example_xcom_args to None, run_after=None
[2024-06-23T01:24:24.767+0000] {logging_mixin.py:154} INFO - [2024-06-23T01:24:24.767+0000] {dag.py:3722} INFO - Setting next_dagrun for example_xcom_args_with_operators to None, run_after=None
[2024-06-23T01:24:24.776+0000] {processor.py:179} INFO - Processing /home/airflow/.local/lib/python3.8/site-packages/airflow/example_dags/example_xcomargs.py took 0.039 seconds
[2024-06-23T02:48:33.448+0000] {processor.py:157} INFO - Started process (PID=13451) to work on /home/airflow/.local/lib/python3.8/site-packages/airflow/example_dags/example_xcomargs.py
[2024-06-23T02:48:33.450+0000] {processor.py:829} INFO - Processing file /home/airflow/.local/lib/python3.8/site-packages/airflow/example_dags/example_xcomargs.py for tasks to queue
[2024-06-23T02:48:33.451+0000] {logging_mixin.py:154} INFO - [2024-06-23T02:48:33.451+0000] {dagbag.py:536} INFO - Filling up the DagBag from /home/airflow/.local/lib/python3.8/site-packages/airflow/example_dags/example_xcomargs.py
[2024-06-23T02:48:33.456+0000] {processor.py:839} INFO - DAG(s) dict_keys(['example_xcom_args', 'example_xcom_args_with_operators']) retrieved from /home/airflow/.local/lib/python3.8/site-packages/airflow/example_dags/example_xcomargs.py
[2024-06-23T02:48:33.475+0000] {logging_mixin.py:154} INFO - [2024-06-23T02:48:33.474+0000] {dag.py:2941} INFO - Sync 2 DAGs
[2024-06-23T02:48:33.484+0000] {logging_mixin.py:154} INFO - [2024-06-23T02:48:33.484+0000] {dag.py:3722} INFO - Setting next_dagrun for example_xcom_args to None, run_after=None
[2024-06-23T02:48:33.487+0000] {logging_mixin.py:154} INFO - [2024-06-23T02:48:33.487+0000] {dag.py:3722} INFO - Setting next_dagrun for example_xcom_args_with_operators to None, run_after=None
[2024-06-23T02:48:33.499+0000] {processor.py:179} INFO - Processing /home/airflow/.local/lib/python3.8/site-packages/airflow/example_dags/example_xcomargs.py took 0.053 seconds
[2024-06-23T04:09:04.470+0000] {processor.py:157} INFO - Started process (PID=13697) to work on /home/airflow/.local/lib/python3.8/site-packages/airflow/example_dags/example_xcomargs.py
[2024-06-23T04:09:04.471+0000] {processor.py:829} INFO - Processing file /home/airflow/.local/lib/python3.8/site-packages/airflow/example_dags/example_xcomargs.py for tasks to queue
[2024-06-23T04:09:04.472+0000] {logging_mixin.py:154} INFO - [2024-06-23T04:09:04.472+0000] {dagbag.py:536} INFO - Filling up the DagBag from /home/airflow/.local/lib/python3.8/site-packages/airflow/example_dags/example_xcomargs.py
[2024-06-23T04:09:04.483+0000] {processor.py:839} INFO - DAG(s) dict_keys(['example_xcom_args', 'example_xcom_args_with_operators']) retrieved from /home/airflow/.local/lib/python3.8/site-packages/airflow/example_dags/example_xcomargs.py
[2024-06-23T04:09:04.575+0000] {logging_mixin.py:154} INFO - [2024-06-23T04:09:04.575+0000] {dag.py:2941} INFO - Sync 2 DAGs
[2024-06-23T04:09:04.585+0000] {logging_mixin.py:154} INFO - [2024-06-23T04:09:04.585+0000] {dag.py:3722} INFO - Setting next_dagrun for example_xcom_args to None, run_after=None
[2024-06-23T04:09:04.588+0000] {logging_mixin.py:154} INFO - [2024-06-23T04:09:04.588+0000] {dag.py:3722} INFO - Setting next_dagrun for example_xcom_args_with_operators to None, run_after=None
[2024-06-23T04:09:04.606+0000] {processor.py:179} INFO - Processing /home/airflow/.local/lib/python3.8/site-packages/airflow/example_dags/example_xcomargs.py took 0.140 seconds
[2024-06-23T05:49:43.475+0000] {processor.py:157} INFO - Started process (PID=13944) to work on /home/airflow/.local/lib/python3.8/site-packages/airflow/example_dags/example_xcomargs.py
[2024-06-23T05:49:43.476+0000] {processor.py:829} INFO - Processing file /home/airflow/.local/lib/python3.8/site-packages/airflow/example_dags/example_xcomargs.py for tasks to queue
[2024-06-23T05:49:43.476+0000] {logging_mixin.py:154} INFO - [2024-06-23T05:49:43.476+0000] {dagbag.py:536} INFO - Filling up the DagBag from /home/airflow/.local/lib/python3.8/site-packages/airflow/example_dags/example_xcomargs.py
[2024-06-23T05:49:43.481+0000] {processor.py:839} INFO - DAG(s) dict_keys(['example_xcom_args', 'example_xcom_args_with_operators']) retrieved from /home/airflow/.local/lib/python3.8/site-packages/airflow/example_dags/example_xcomargs.py
[2024-06-23T05:49:43.497+0000] {logging_mixin.py:154} INFO - [2024-06-23T05:49:43.496+0000] {dag.py:2941} INFO - Sync 2 DAGs
[2024-06-23T05:49:43.504+0000] {logging_mixin.py:154} INFO - [2024-06-23T05:49:43.504+0000] {dag.py:3722} INFO - Setting next_dagrun for example_xcom_args to None, run_after=None
[2024-06-23T05:49:43.507+0000] {logging_mixin.py:154} INFO - [2024-06-23T05:49:43.507+0000] {dag.py:3722} INFO - Setting next_dagrun for example_xcom_args_with_operators to None, run_after=None
[2024-06-23T05:49:43.519+0000] {processor.py:179} INFO - Processing /home/airflow/.local/lib/python3.8/site-packages/airflow/example_dags/example_xcomargs.py took 0.046 seconds
[2024-06-23T07:07:59.605+0000] {processor.py:157} INFO - Started process (PID=14196) to work on /home/airflow/.local/lib/python3.8/site-packages/airflow/example_dags/example_xcomargs.py
[2024-06-23T07:07:59.606+0000] {processor.py:829} INFO - Processing file /home/airflow/.local/lib/python3.8/site-packages/airflow/example_dags/example_xcomargs.py for tasks to queue
[2024-06-23T07:07:59.606+0000] {logging_mixin.py:154} INFO - [2024-06-23T07:07:59.606+0000] {dagbag.py:536} INFO - Filling up the DagBag from /home/airflow/.local/lib/python3.8/site-packages/airflow/example_dags/example_xcomargs.py
[2024-06-23T07:07:59.612+0000] {processor.py:839} INFO - DAG(s) dict_keys(['example_xcom_args', 'example_xcom_args_with_operators']) retrieved from /home/airflow/.local/lib/python3.8/site-packages/airflow/example_dags/example_xcomargs.py
[2024-06-23T07:07:59.628+0000] {logging_mixin.py:154} INFO - [2024-06-23T07:07:59.628+0000] {dag.py:2941} INFO - Sync 2 DAGs
[2024-06-23T07:07:59.638+0000] {logging_mixin.py:154} INFO - [2024-06-23T07:07:59.638+0000] {dag.py:3722} INFO - Setting next_dagrun for example_xcom_args to None, run_after=None
[2024-06-23T07:07:59.643+0000] {logging_mixin.py:154} INFO - [2024-06-23T07:07:59.642+0000] {dag.py:3722} INFO - Setting next_dagrun for example_xcom_args_with_operators to None, run_after=None
[2024-06-23T07:07:59.665+0000] {processor.py:179} INFO - Processing /home/airflow/.local/lib/python3.8/site-packages/airflow/example_dags/example_xcomargs.py took 0.062 seconds
[2024-06-23T07:08:30.440+0000] {processor.py:157} INFO - Started process (PID=14440) to work on /home/airflow/.local/lib/python3.8/site-packages/airflow/example_dags/example_xcomargs.py
[2024-06-23T07:08:30.441+0000] {processor.py:829} INFO - Processing file /home/airflow/.local/lib/python3.8/site-packages/airflow/example_dags/example_xcomargs.py for tasks to queue
[2024-06-23T07:08:30.442+0000] {logging_mixin.py:154} INFO - [2024-06-23T07:08:30.442+0000] {dagbag.py:536} INFO - Filling up the DagBag from /home/airflow/.local/lib/python3.8/site-packages/airflow/example_dags/example_xcomargs.py
[2024-06-23T07:08:30.448+0000] {processor.py:839} INFO - DAG(s) dict_keys(['example_xcom_args_with_operators', 'example_xcom_args']) retrieved from /home/airflow/.local/lib/python3.8/site-packages/airflow/example_dags/example_xcomargs.py
[2024-06-23T07:08:30.467+0000] {logging_mixin.py:154} INFO - [2024-06-23T07:08:30.467+0000] {dag.py:2941} INFO - Sync 2 DAGs
[2024-06-23T07:08:30.488+0000] {logging_mixin.py:154} INFO - [2024-06-23T07:08:30.487+0000] {dag.py:3722} INFO - Setting next_dagrun for example_xcom_args to None, run_after=None
[2024-06-23T07:08:30.493+0000] {logging_mixin.py:154} INFO - [2024-06-23T07:08:30.492+0000] {dag.py:3722} INFO - Setting next_dagrun for example_xcom_args_with_operators to None, run_after=None
[2024-06-23T07:08:30.553+0000] {processor.py:179} INFO - Processing /home/airflow/.local/lib/python3.8/site-packages/airflow/example_dags/example_xcomargs.py took 0.115 seconds
[2024-06-23T07:09:00.948+0000] {processor.py:157} INFO - Started process (PID=14684) to work on /home/airflow/.local/lib/python3.8/site-packages/airflow/example_dags/example_xcomargs.py
[2024-06-23T07:09:00.951+0000] {processor.py:829} INFO - Processing file /home/airflow/.local/lib/python3.8/site-packages/airflow/example_dags/example_xcomargs.py for tasks to queue
[2024-06-23T07:09:00.956+0000] {logging_mixin.py:154} INFO - [2024-06-23T07:09:00.955+0000] {dagbag.py:536} INFO - Filling up the DagBag from /home/airflow/.local/lib/python3.8/site-packages/airflow/example_dags/example_xcomargs.py
[2024-06-23T07:09:00.977+0000] {processor.py:839} INFO - DAG(s) dict_keys(['example_xcom_args_with_operators', 'example_xcom_args']) retrieved from /home/airflow/.local/lib/python3.8/site-packages/airflow/example_dags/example_xcomargs.py
[2024-06-23T07:09:01.108+0000] {logging_mixin.py:154} INFO - [2024-06-23T07:09:01.108+0000] {dag.py:2941} INFO - Sync 2 DAGs
[2024-06-23T07:09:01.125+0000] {logging_mixin.py:154} INFO - [2024-06-23T07:09:01.125+0000] {dag.py:3722} INFO - Setting next_dagrun for example_xcom_args to None, run_after=None
[2024-06-23T07:09:01.130+0000] {logging_mixin.py:154} INFO - [2024-06-23T07:09:01.130+0000] {dag.py:3722} INFO - Setting next_dagrun for example_xcom_args_with_operators to None, run_after=None
[2024-06-23T07:09:01.149+0000] {processor.py:179} INFO - Processing /home/airflow/.local/lib/python3.8/site-packages/airflow/example_dags/example_xcomargs.py took 0.208 seconds
[2024-06-23T07:09:31.883+0000] {processor.py:157} INFO - Started process (PID=14928) to work on /home/airflow/.local/lib/python3.8/site-packages/airflow/example_dags/example_xcomargs.py
[2024-06-23T07:09:31.884+0000] {processor.py:829} INFO - Processing file /home/airflow/.local/lib/python3.8/site-packages/airflow/example_dags/example_xcomargs.py for tasks to queue
[2024-06-23T07:09:31.885+0000] {logging_mixin.py:154} INFO - [2024-06-23T07:09:31.885+0000] {dagbag.py:536} INFO - Filling up the DagBag from /home/airflow/.local/lib/python3.8/site-packages/airflow/example_dags/example_xcomargs.py
[2024-06-23T07:09:31.892+0000] {processor.py:839} INFO - DAG(s) dict_keys(['example_xcom_args', 'example_xcom_args_with_operators']) retrieved from /home/airflow/.local/lib/python3.8/site-packages/airflow/example_dags/example_xcomargs.py
[2024-06-23T07:09:31.911+0000] {logging_mixin.py:154} INFO - [2024-06-23T07:09:31.911+0000] {dag.py:2941} INFO - Sync 2 DAGs
[2024-06-23T07:09:31.919+0000] {logging_mixin.py:154} INFO - [2024-06-23T07:09:31.918+0000] {dag.py:3722} INFO - Setting next_dagrun for example_xcom_args to None, run_after=None
[2024-06-23T07:09:31.921+0000] {logging_mixin.py:154} INFO - [2024-06-23T07:09:31.921+0000] {dag.py:3722} INFO - Setting next_dagrun for example_xcom_args_with_operators to None, run_after=None
[2024-06-23T07:09:31.932+0000] {processor.py:179} INFO - Processing /home/airflow/.local/lib/python3.8/site-packages/airflow/example_dags/example_xcomargs.py took 0.052 seconds
[2024-06-23T07:10:02.068+0000] {processor.py:157} INFO - Started process (PID=15172) to work on /home/airflow/.local/lib/python3.8/site-packages/airflow/example_dags/example_xcomargs.py
[2024-06-23T07:10:02.072+0000] {processor.py:829} INFO - Processing file /home/airflow/.local/lib/python3.8/site-packages/airflow/example_dags/example_xcomargs.py for tasks to queue
[2024-06-23T07:10:02.076+0000] {logging_mixin.py:154} INFO - [2024-06-23T07:10:02.076+0000] {dagbag.py:536} INFO - Filling up the DagBag from /home/airflow/.local/lib/python3.8/site-packages/airflow/example_dags/example_xcomargs.py
[2024-06-23T07:10:02.085+0000] {processor.py:839} INFO - DAG(s) dict_keys(['example_xcom_args', 'example_xcom_args_with_operators']) retrieved from /home/airflow/.local/lib/python3.8/site-packages/airflow/example_dags/example_xcomargs.py
[2024-06-23T07:10:02.112+0000] {logging_mixin.py:154} INFO - [2024-06-23T07:10:02.112+0000] {dag.py:2941} INFO - Sync 2 DAGs
[2024-06-23T07:10:02.123+0000] {logging_mixin.py:154} INFO - [2024-06-23T07:10:02.123+0000] {dag.py:3722} INFO - Setting next_dagrun for example_xcom_args to None, run_after=None
[2024-06-23T07:10:02.126+0000] {logging_mixin.py:154} INFO - [2024-06-23T07:10:02.126+0000] {dag.py:3722} INFO - Setting next_dagrun for example_xcom_args_with_operators to None, run_after=None
[2024-06-23T07:10:02.141+0000] {processor.py:179} INFO - Processing /home/airflow/.local/lib/python3.8/site-packages/airflow/example_dags/example_xcomargs.py took 0.077 seconds
[2024-06-23T07:10:33.273+0000] {processor.py:157} INFO - Started process (PID=15423) to work on /home/airflow/.local/lib/python3.8/site-packages/airflow/example_dags/example_xcomargs.py
[2024-06-23T07:10:33.274+0000] {processor.py:829} INFO - Processing file /home/airflow/.local/lib/python3.8/site-packages/airflow/example_dags/example_xcomargs.py for tasks to queue
[2024-06-23T07:10:33.275+0000] {logging_mixin.py:154} INFO - [2024-06-23T07:10:33.275+0000] {dagbag.py:536} INFO - Filling up the DagBag from /home/airflow/.local/lib/python3.8/site-packages/airflow/example_dags/example_xcomargs.py
[2024-06-23T07:10:33.281+0000] {processor.py:839} INFO - DAG(s) dict_keys(['example_xcom_args_with_operators', 'example_xcom_args']) retrieved from /home/airflow/.local/lib/python3.8/site-packages/airflow/example_dags/example_xcomargs.py
[2024-06-23T07:10:33.305+0000] {logging_mixin.py:154} INFO - [2024-06-23T07:10:33.305+0000] {dag.py:2941} INFO - Sync 2 DAGs
[2024-06-23T07:10:33.316+0000] {logging_mixin.py:154} INFO - [2024-06-23T07:10:33.316+0000] {dag.py:3722} INFO - Setting next_dagrun for example_xcom_args to None, run_after=None
[2024-06-23T07:10:33.323+0000] {logging_mixin.py:154} INFO - [2024-06-23T07:10:33.323+0000] {dag.py:3722} INFO - Setting next_dagrun for example_xcom_args_with_operators to None, run_after=None
[2024-06-23T07:10:33.338+0000] {processor.py:179} INFO - Processing /home/airflow/.local/lib/python3.8/site-packages/airflow/example_dags/example_xcomargs.py took 0.068 seconds
[2024-06-23T07:11:03.612+0000] {processor.py:157} INFO - Started process (PID=15667) to work on /home/airflow/.local/lib/python3.8/site-packages/airflow/example_dags/example_xcomargs.py
[2024-06-23T07:11:03.614+0000] {processor.py:829} INFO - Processing file /home/airflow/.local/lib/python3.8/site-packages/airflow/example_dags/example_xcomargs.py for tasks to queue
[2024-06-23T07:11:03.615+0000] {logging_mixin.py:154} INFO - [2024-06-23T07:11:03.615+0000] {dagbag.py:536} INFO - Filling up the DagBag from /home/airflow/.local/lib/python3.8/site-packages/airflow/example_dags/example_xcomargs.py
[2024-06-23T07:11:03.620+0000] {processor.py:839} INFO - DAG(s) dict_keys(['example_xcom_args_with_operators', 'example_xcom_args']) retrieved from /home/airflow/.local/lib/python3.8/site-packages/airflow/example_dags/example_xcomargs.py
[2024-06-23T07:11:03.635+0000] {logging_mixin.py:154} INFO - [2024-06-23T07:11:03.635+0000] {dag.py:2941} INFO - Sync 2 DAGs
[2024-06-23T07:11:03.641+0000] {logging_mixin.py:154} INFO - [2024-06-23T07:11:03.641+0000] {dag.py:3722} INFO - Setting next_dagrun for example_xcom_args to None, run_after=None
[2024-06-23T07:11:03.644+0000] {logging_mixin.py:154} INFO - [2024-06-23T07:11:03.644+0000] {dag.py:3722} INFO - Setting next_dagrun for example_xcom_args_with_operators to None, run_after=None
[2024-06-23T07:11:03.658+0000] {processor.py:179} INFO - Processing /home/airflow/.local/lib/python3.8/site-packages/airflow/example_dags/example_xcomargs.py took 0.048 seconds
[2024-06-23T07:11:34.094+0000] {processor.py:157} INFO - Started process (PID=15911) to work on /home/airflow/.local/lib/python3.8/site-packages/airflow/example_dags/example_xcomargs.py
[2024-06-23T07:11:34.095+0000] {processor.py:829} INFO - Processing file /home/airflow/.local/lib/python3.8/site-packages/airflow/example_dags/example_xcomargs.py for tasks to queue
[2024-06-23T07:11:34.096+0000] {logging_mixin.py:154} INFO - [2024-06-23T07:11:34.096+0000] {dagbag.py:536} INFO - Filling up the DagBag from /home/airflow/.local/lib/python3.8/site-packages/airflow/example_dags/example_xcomargs.py
[2024-06-23T07:11:34.101+0000] {processor.py:839} INFO - DAG(s) dict_keys(['example_xcom_args_with_operators', 'example_xcom_args']) retrieved from /home/airflow/.local/lib/python3.8/site-packages/airflow/example_dags/example_xcomargs.py
[2024-06-23T07:11:34.117+0000] {logging_mixin.py:154} INFO - [2024-06-23T07:11:34.117+0000] {dag.py:2941} INFO - Sync 2 DAGs
[2024-06-23T07:11:34.125+0000] {logging_mixin.py:154} INFO - [2024-06-23T07:11:34.125+0000] {dag.py:3722} INFO - Setting next_dagrun for example_xcom_args to None, run_after=None
[2024-06-23T07:11:34.127+0000] {logging_mixin.py:154} INFO - [2024-06-23T07:11:34.127+0000] {dag.py:3722} INFO - Setting next_dagrun for example_xcom_args_with_operators to None, run_after=None
[2024-06-23T07:11:34.138+0000] {processor.py:179} INFO - Processing /home/airflow/.local/lib/python3.8/site-packages/airflow/example_dags/example_xcomargs.py took 0.046 seconds
[2024-06-23T07:12:04.708+0000] {processor.py:157} INFO - Started process (PID=16155) to work on /home/airflow/.local/lib/python3.8/site-packages/airflow/example_dags/example_xcomargs.py
[2024-06-23T07:12:04.709+0000] {processor.py:829} INFO - Processing file /home/airflow/.local/lib/python3.8/site-packages/airflow/example_dags/example_xcomargs.py for tasks to queue
[2024-06-23T07:12:04.711+0000] {logging_mixin.py:154} INFO - [2024-06-23T07:12:04.710+0000] {dagbag.py:536} INFO - Filling up the DagBag from /home/airflow/.local/lib/python3.8/site-packages/airflow/example_dags/example_xcomargs.py
[2024-06-23T07:12:04.717+0000] {processor.py:839} INFO - DAG(s) dict_keys(['example_xcom_args', 'example_xcom_args_with_operators']) retrieved from /home/airflow/.local/lib/python3.8/site-packages/airflow/example_dags/example_xcomargs.py
[2024-06-23T07:12:04.734+0000] {logging_mixin.py:154} INFO - [2024-06-23T07:12:04.734+0000] {dag.py:2941} INFO - Sync 2 DAGs
[2024-06-23T07:12:04.742+0000] {logging_mixin.py:154} INFO - [2024-06-23T07:12:04.742+0000] {dag.py:3722} INFO - Setting next_dagrun for example_xcom_args to None, run_after=None
[2024-06-23T07:12:04.746+0000] {logging_mixin.py:154} INFO - [2024-06-23T07:12:04.746+0000] {dag.py:3722} INFO - Setting next_dagrun for example_xcom_args_with_operators to None, run_after=None
[2024-06-23T07:12:04.759+0000] {processor.py:179} INFO - Processing /home/airflow/.local/lib/python3.8/site-packages/airflow/example_dags/example_xcomargs.py took 0.053 seconds
[2024-06-23T07:12:35.348+0000] {processor.py:157} INFO - Started process (PID=16399) to work on /home/airflow/.local/lib/python3.8/site-packages/airflow/example_dags/example_xcomargs.py
[2024-06-23T07:12:35.349+0000] {processor.py:829} INFO - Processing file /home/airflow/.local/lib/python3.8/site-packages/airflow/example_dags/example_xcomargs.py for tasks to queue
[2024-06-23T07:12:35.350+0000] {logging_mixin.py:154} INFO - [2024-06-23T07:12:35.350+0000] {dagbag.py:536} INFO - Filling up the DagBag from /home/airflow/.local/lib/python3.8/site-packages/airflow/example_dags/example_xcomargs.py
[2024-06-23T07:12:35.354+0000] {processor.py:839} INFO - DAG(s) dict_keys(['example_xcom_args_with_operators', 'example_xcom_args']) retrieved from /home/airflow/.local/lib/python3.8/site-packages/airflow/example_dags/example_xcomargs.py
[2024-06-23T07:12:35.367+0000] {logging_mixin.py:154} INFO - [2024-06-23T07:12:35.367+0000] {dag.py:2941} INFO - Sync 2 DAGs
[2024-06-23T07:12:35.376+0000] {logging_mixin.py:154} INFO - [2024-06-23T07:12:35.376+0000] {dag.py:3722} INFO - Setting next_dagrun for example_xcom_args to None, run_after=None
[2024-06-23T07:12:35.377+0000] {logging_mixin.py:154} INFO - [2024-06-23T07:12:35.377+0000] {dag.py:3722} INFO - Setting next_dagrun for example_xcom_args_with_operators to None, run_after=None
[2024-06-23T07:12:35.384+0000] {processor.py:179} INFO - Processing /home/airflow/.local/lib/python3.8/site-packages/airflow/example_dags/example_xcomargs.py took 0.038 seconds
[2024-06-23T07:13:05.635+0000] {processor.py:157} INFO - Started process (PID=16643) to work on /home/airflow/.local/lib/python3.8/site-packages/airflow/example_dags/example_xcomargs.py
[2024-06-23T07:13:05.636+0000] {processor.py:829} INFO - Processing file /home/airflow/.local/lib/python3.8/site-packages/airflow/example_dags/example_xcomargs.py for tasks to queue
[2024-06-23T07:13:05.638+0000] {logging_mixin.py:154} INFO - [2024-06-23T07:13:05.638+0000] {dagbag.py:536} INFO - Filling up the DagBag from /home/airflow/.local/lib/python3.8/site-packages/airflow/example_dags/example_xcomargs.py
[2024-06-23T07:13:05.647+0000] {processor.py:839} INFO - DAG(s) dict_keys(['example_xcom_args_with_operators', 'example_xcom_args']) retrieved from /home/airflow/.local/lib/python3.8/site-packages/airflow/example_dags/example_xcomargs.py
[2024-06-23T07:13:05.682+0000] {logging_mixin.py:154} INFO - [2024-06-23T07:13:05.682+0000] {dag.py:2941} INFO - Sync 2 DAGs
[2024-06-23T07:13:05.697+0000] {logging_mixin.py:154} INFO - [2024-06-23T07:13:05.697+0000] {dag.py:3722} INFO - Setting next_dagrun for example_xcom_args to None, run_after=None
[2024-06-23T07:13:05.701+0000] {logging_mixin.py:154} INFO - [2024-06-23T07:13:05.700+0000] {dag.py:3722} INFO - Setting next_dagrun for example_xcom_args_with_operators to None, run_after=None
[2024-06-23T07:13:05.725+0000] {processor.py:179} INFO - Processing /home/airflow/.local/lib/python3.8/site-packages/airflow/example_dags/example_xcomargs.py took 0.093 seconds
[2024-06-23T07:13:36.734+0000] {processor.py:157} INFO - Started process (PID=16887) to work on /home/airflow/.local/lib/python3.8/site-packages/airflow/example_dags/example_xcomargs.py
[2024-06-23T07:13:36.735+0000] {processor.py:829} INFO - Processing file /home/airflow/.local/lib/python3.8/site-packages/airflow/example_dags/example_xcomargs.py for tasks to queue
[2024-06-23T07:13:36.736+0000] {logging_mixin.py:154} INFO - [2024-06-23T07:13:36.736+0000] {dagbag.py:536} INFO - Filling up the DagBag from /home/airflow/.local/lib/python3.8/site-packages/airflow/example_dags/example_xcomargs.py
[2024-06-23T07:13:36.742+0000] {processor.py:839} INFO - DAG(s) dict_keys(['example_xcom_args', 'example_xcom_args_with_operators']) retrieved from /home/airflow/.local/lib/python3.8/site-packages/airflow/example_dags/example_xcomargs.py
[2024-06-23T07:13:36.758+0000] {logging_mixin.py:154} INFO - [2024-06-23T07:13:36.758+0000] {dag.py:2941} INFO - Sync 2 DAGs
[2024-06-23T07:13:36.766+0000] {logging_mixin.py:154} INFO - [2024-06-23T07:13:36.765+0000] {dag.py:3722} INFO - Setting next_dagrun for example_xcom_args to None, run_after=None
[2024-06-23T07:13:36.768+0000] {logging_mixin.py:154} INFO - [2024-06-23T07:13:36.768+0000] {dag.py:3722} INFO - Setting next_dagrun for example_xcom_args_with_operators to None, run_after=None
[2024-06-23T07:13:36.777+0000] {processor.py:179} INFO - Processing /home/airflow/.local/lib/python3.8/site-packages/airflow/example_dags/example_xcomargs.py took 0.046 seconds
[2024-06-23T07:14:07.491+0000] {processor.py:157} INFO - Started process (PID=17131) to work on /home/airflow/.local/lib/python3.8/site-packages/airflow/example_dags/example_xcomargs.py
[2024-06-23T07:14:07.493+0000] {processor.py:829} INFO - Processing file /home/airflow/.local/lib/python3.8/site-packages/airflow/example_dags/example_xcomargs.py for tasks to queue
[2024-06-23T07:14:07.494+0000] {logging_mixin.py:154} INFO - [2024-06-23T07:14:07.494+0000] {dagbag.py:536} INFO - Filling up the DagBag from /home/airflow/.local/lib/python3.8/site-packages/airflow/example_dags/example_xcomargs.py
[2024-06-23T07:14:07.506+0000] {processor.py:839} INFO - DAG(s) dict_keys(['example_xcom_args_with_operators', 'example_xcom_args']) retrieved from /home/airflow/.local/lib/python3.8/site-packages/airflow/example_dags/example_xcomargs.py
[2024-06-23T07:14:07.531+0000] {logging_mixin.py:154} INFO - [2024-06-23T07:14:07.531+0000] {dag.py:2941} INFO - Sync 2 DAGs
[2024-06-23T07:14:07.543+0000] {logging_mixin.py:154} INFO - [2024-06-23T07:14:07.543+0000] {dag.py:3722} INFO - Setting next_dagrun for example_xcom_args to None, run_after=None
[2024-06-23T07:14:07.547+0000] {logging_mixin.py:154} INFO - [2024-06-23T07:14:07.547+0000] {dag.py:3722} INFO - Setting next_dagrun for example_xcom_args_with_operators to None, run_after=None
[2024-06-23T07:14:07.565+0000] {processor.py:179} INFO - Processing /home/airflow/.local/lib/python3.8/site-packages/airflow/example_dags/example_xcomargs.py took 0.080 seconds
[2024-06-23T07:14:38.188+0000] {processor.py:157} INFO - Started process (PID=17375) to work on /home/airflow/.local/lib/python3.8/site-packages/airflow/example_dags/example_xcomargs.py
[2024-06-23T07:14:38.189+0000] {processor.py:829} INFO - Processing file /home/airflow/.local/lib/python3.8/site-packages/airflow/example_dags/example_xcomargs.py for tasks to queue
[2024-06-23T07:14:38.190+0000] {logging_mixin.py:154} INFO - [2024-06-23T07:14:38.189+0000] {dagbag.py:536} INFO - Filling up the DagBag from /home/airflow/.local/lib/python3.8/site-packages/airflow/example_dags/example_xcomargs.py
[2024-06-23T07:14:38.194+0000] {processor.py:839} INFO - DAG(s) dict_keys(['example_xcom_args', 'example_xcom_args_with_operators']) retrieved from /home/airflow/.local/lib/python3.8/site-packages/airflow/example_dags/example_xcomargs.py
[2024-06-23T07:14:38.207+0000] {logging_mixin.py:154} INFO - [2024-06-23T07:14:38.207+0000] {dag.py:2941} INFO - Sync 2 DAGs
[2024-06-23T07:14:38.214+0000] {logging_mixin.py:154} INFO - [2024-06-23T07:14:38.214+0000] {dag.py:3722} INFO - Setting next_dagrun for example_xcom_args to None, run_after=None
[2024-06-23T07:14:38.216+0000] {logging_mixin.py:154} INFO - [2024-06-23T07:14:38.216+0000] {dag.py:3722} INFO - Setting next_dagrun for example_xcom_args_with_operators to None, run_after=None
[2024-06-23T07:14:38.223+0000] {processor.py:179} INFO - Processing /home/airflow/.local/lib/python3.8/site-packages/airflow/example_dags/example_xcomargs.py took 0.037 seconds
[2024-06-23T07:15:08.423+0000] {processor.py:157} INFO - Started process (PID=17619) to work on /home/airflow/.local/lib/python3.8/site-packages/airflow/example_dags/example_xcomargs.py
[2024-06-23T07:15:08.424+0000] {processor.py:829} INFO - Processing file /home/airflow/.local/lib/python3.8/site-packages/airflow/example_dags/example_xcomargs.py for tasks to queue
[2024-06-23T07:15:08.425+0000] {logging_mixin.py:154} INFO - [2024-06-23T07:15:08.425+0000] {dagbag.py:536} INFO - Filling up the DagBag from /home/airflow/.local/lib/python3.8/site-packages/airflow/example_dags/example_xcomargs.py
[2024-06-23T07:15:08.432+0000] {processor.py:839} INFO - DAG(s) dict_keys(['example_xcom_args_with_operators', 'example_xcom_args']) retrieved from /home/airflow/.local/lib/python3.8/site-packages/airflow/example_dags/example_xcomargs.py
[2024-06-23T07:15:08.464+0000] {logging_mixin.py:154} INFO - [2024-06-23T07:15:08.463+0000] {dag.py:2941} INFO - Sync 2 DAGs
[2024-06-23T07:15:08.475+0000] {logging_mixin.py:154} INFO - [2024-06-23T07:15:08.474+0000] {dag.py:3722} INFO - Setting next_dagrun for example_xcom_args to None, run_after=None
[2024-06-23T07:15:08.480+0000] {logging_mixin.py:154} INFO - [2024-06-23T07:15:08.480+0000] {dag.py:3722} INFO - Setting next_dagrun for example_xcom_args_with_operators to None, run_after=None
[2024-06-23T07:15:08.500+0000] {processor.py:179} INFO - Processing /home/airflow/.local/lib/python3.8/site-packages/airflow/example_dags/example_xcomargs.py took 0.081 seconds
[2024-06-23T07:15:39.623+0000] {processor.py:157} INFO - Started process (PID=17863) to work on /home/airflow/.local/lib/python3.8/site-packages/airflow/example_dags/example_xcomargs.py
[2024-06-23T07:15:39.625+0000] {processor.py:829} INFO - Processing file /home/airflow/.local/lib/python3.8/site-packages/airflow/example_dags/example_xcomargs.py for tasks to queue
[2024-06-23T07:15:39.625+0000] {logging_mixin.py:154} INFO - [2024-06-23T07:15:39.625+0000] {dagbag.py:536} INFO - Filling up the DagBag from /home/airflow/.local/lib/python3.8/site-packages/airflow/example_dags/example_xcomargs.py
[2024-06-23T07:15:39.631+0000] {processor.py:839} INFO - DAG(s) dict_keys(['example_xcom_args_with_operators', 'example_xcom_args']) retrieved from /home/airflow/.local/lib/python3.8/site-packages/airflow/example_dags/example_xcomargs.py
[2024-06-23T07:15:39.646+0000] {logging_mixin.py:154} INFO - [2024-06-23T07:15:39.645+0000] {dag.py:2941} INFO - Sync 2 DAGs
[2024-06-23T07:15:39.654+0000] {logging_mixin.py:154} INFO - [2024-06-23T07:15:39.654+0000] {dag.py:3722} INFO - Setting next_dagrun for example_xcom_args to None, run_after=None
[2024-06-23T07:15:39.656+0000] {logging_mixin.py:154} INFO - [2024-06-23T07:15:39.656+0000] {dag.py:3722} INFO - Setting next_dagrun for example_xcom_args_with_operators to None, run_after=None
[2024-06-23T07:15:39.667+0000] {processor.py:179} INFO - Processing /home/airflow/.local/lib/python3.8/site-packages/airflow/example_dags/example_xcomargs.py took 0.046 seconds
[2024-06-23T07:16:10.186+0000] {processor.py:157} INFO - Started process (PID=18107) to work on /home/airflow/.local/lib/python3.8/site-packages/airflow/example_dags/example_xcomargs.py
[2024-06-23T07:16:10.189+0000] {processor.py:829} INFO - Processing file /home/airflow/.local/lib/python3.8/site-packages/airflow/example_dags/example_xcomargs.py for tasks to queue
[2024-06-23T07:16:10.191+0000] {logging_mixin.py:154} INFO - [2024-06-23T07:16:10.190+0000] {dagbag.py:536} INFO - Filling up the DagBag from /home/airflow/.local/lib/python3.8/site-packages/airflow/example_dags/example_xcomargs.py
[2024-06-23T07:16:10.197+0000] {processor.py:839} INFO - DAG(s) dict_keys(['example_xcom_args', 'example_xcom_args_with_operators']) retrieved from /home/airflow/.local/lib/python3.8/site-packages/airflow/example_dags/example_xcomargs.py
[2024-06-23T07:16:10.211+0000] {logging_mixin.py:154} INFO - [2024-06-23T07:16:10.211+0000] {dag.py:2941} INFO - Sync 2 DAGs
[2024-06-23T07:16:10.217+0000] {logging_mixin.py:154} INFO - [2024-06-23T07:16:10.217+0000] {dag.py:3722} INFO - Setting next_dagrun for example_xcom_args to None, run_after=None
[2024-06-23T07:16:10.219+0000] {logging_mixin.py:154} INFO - [2024-06-23T07:16:10.219+0000] {dag.py:3722} INFO - Setting next_dagrun for example_xcom_args_with_operators to None, run_after=None
[2024-06-23T07:16:10.229+0000] {processor.py:179} INFO - Processing /home/airflow/.local/lib/python3.8/site-packages/airflow/example_dags/example_xcomargs.py took 0.047 seconds
[2024-06-23T07:16:41.392+0000] {processor.py:157} INFO - Started process (PID=18351) to work on /home/airflow/.local/lib/python3.8/site-packages/airflow/example_dags/example_xcomargs.py
[2024-06-23T07:16:41.393+0000] {processor.py:829} INFO - Processing file /home/airflow/.local/lib/python3.8/site-packages/airflow/example_dags/example_xcomargs.py for tasks to queue
[2024-06-23T07:16:41.394+0000] {logging_mixin.py:154} INFO - [2024-06-23T07:16:41.393+0000] {dagbag.py:536} INFO - Filling up the DagBag from /home/airflow/.local/lib/python3.8/site-packages/airflow/example_dags/example_xcomargs.py
[2024-06-23T07:16:41.399+0000] {processor.py:839} INFO - DAG(s) dict_keys(['example_xcom_args_with_operators', 'example_xcom_args']) retrieved from /home/airflow/.local/lib/python3.8/site-packages/airflow/example_dags/example_xcomargs.py
[2024-06-23T07:16:41.414+0000] {logging_mixin.py:154} INFO - [2024-06-23T07:16:41.414+0000] {dag.py:2941} INFO - Sync 2 DAGs
[2024-06-23T07:16:41.421+0000] {logging_mixin.py:154} INFO - [2024-06-23T07:16:41.421+0000] {dag.py:3722} INFO - Setting next_dagrun for example_xcom_args to None, run_after=None
[2024-06-23T07:16:41.424+0000] {logging_mixin.py:154} INFO - [2024-06-23T07:16:41.424+0000] {dag.py:3722} INFO - Setting next_dagrun for example_xcom_args_with_operators to None, run_after=None
[2024-06-23T07:16:41.433+0000] {processor.py:179} INFO - Processing /home/airflow/.local/lib/python3.8/site-packages/airflow/example_dags/example_xcomargs.py took 0.044 seconds
[2024-06-23T07:17:11.707+0000] {processor.py:157} INFO - Started process (PID=18595) to work on /home/airflow/.local/lib/python3.8/site-packages/airflow/example_dags/example_xcomargs.py
[2024-06-23T07:17:11.708+0000] {processor.py:829} INFO - Processing file /home/airflow/.local/lib/python3.8/site-packages/airflow/example_dags/example_xcomargs.py for tasks to queue
[2024-06-23T07:17:11.709+0000] {logging_mixin.py:154} INFO - [2024-06-23T07:17:11.709+0000] {dagbag.py:536} INFO - Filling up the DagBag from /home/airflow/.local/lib/python3.8/site-packages/airflow/example_dags/example_xcomargs.py
[2024-06-23T07:17:11.713+0000] {processor.py:839} INFO - DAG(s) dict_keys(['example_xcom_args_with_operators', 'example_xcom_args']) retrieved from /home/airflow/.local/lib/python3.8/site-packages/airflow/example_dags/example_xcomargs.py
[2024-06-23T07:17:11.752+0000] {logging_mixin.py:154} INFO - [2024-06-23T07:17:11.751+0000] {dag.py:2941} INFO - Sync 2 DAGs
[2024-06-23T07:17:11.769+0000] {logging_mixin.py:154} INFO - [2024-06-23T07:17:11.769+0000] {dag.py:3722} INFO - Setting next_dagrun for example_xcom_args to None, run_after=None
[2024-06-23T07:17:11.782+0000] {logging_mixin.py:154} INFO - [2024-06-23T07:17:11.782+0000] {dag.py:3722} INFO - Setting next_dagrun for example_xcom_args_with_operators to None, run_after=None
[2024-06-23T07:17:11.805+0000] {processor.py:179} INFO - Processing /home/airflow/.local/lib/python3.8/site-packages/airflow/example_dags/example_xcomargs.py took 0.101 seconds
[2024-06-23T07:17:42.169+0000] {processor.py:157} INFO - Started process (PID=18839) to work on /home/airflow/.local/lib/python3.8/site-packages/airflow/example_dags/example_xcomargs.py
[2024-06-23T07:17:42.173+0000] {processor.py:829} INFO - Processing file /home/airflow/.local/lib/python3.8/site-packages/airflow/example_dags/example_xcomargs.py for tasks to queue
[2024-06-23T07:17:42.174+0000] {logging_mixin.py:154} INFO - [2024-06-23T07:17:42.174+0000] {dagbag.py:536} INFO - Filling up the DagBag from /home/airflow/.local/lib/python3.8/site-packages/airflow/example_dags/example_xcomargs.py
[2024-06-23T07:17:42.181+0000] {processor.py:839} INFO - DAG(s) dict_keys(['example_xcom_args', 'example_xcom_args_with_operators']) retrieved from /home/airflow/.local/lib/python3.8/site-packages/airflow/example_dags/example_xcomargs.py
[2024-06-23T07:17:42.210+0000] {logging_mixin.py:154} INFO - [2024-06-23T07:17:42.210+0000] {dag.py:2941} INFO - Sync 2 DAGs
[2024-06-23T07:17:42.220+0000] {logging_mixin.py:154} INFO - [2024-06-23T07:17:42.219+0000] {dag.py:3722} INFO - Setting next_dagrun for example_xcom_args to None, run_after=None
[2024-06-23T07:17:42.224+0000] {logging_mixin.py:154} INFO - [2024-06-23T07:17:42.223+0000] {dag.py:3722} INFO - Setting next_dagrun for example_xcom_args_with_operators to None, run_after=None
[2024-06-23T07:17:42.243+0000] {processor.py:179} INFO - Processing /home/airflow/.local/lib/python3.8/site-packages/airflow/example_dags/example_xcomargs.py took 0.079 seconds
[2024-06-23T07:18:12.397+0000] {processor.py:157} INFO - Started process (PID=19077) to work on /home/airflow/.local/lib/python3.8/site-packages/airflow/example_dags/example_xcomargs.py
[2024-06-23T07:18:12.397+0000] {processor.py:829} INFO - Processing file /home/airflow/.local/lib/python3.8/site-packages/airflow/example_dags/example_xcomargs.py for tasks to queue
[2024-06-23T07:18:12.398+0000] {logging_mixin.py:154} INFO - [2024-06-23T07:18:12.398+0000] {dagbag.py:536} INFO - Filling up the DagBag from /home/airflow/.local/lib/python3.8/site-packages/airflow/example_dags/example_xcomargs.py
[2024-06-23T07:18:12.404+0000] {processor.py:839} INFO - DAG(s) dict_keys(['example_xcom_args', 'example_xcom_args_with_operators']) retrieved from /home/airflow/.local/lib/python3.8/site-packages/airflow/example_dags/example_xcomargs.py
[2024-06-23T07:18:12.425+0000] {logging_mixin.py:154} INFO - [2024-06-23T07:18:12.425+0000] {dag.py:2941} INFO - Sync 2 DAGs
[2024-06-23T07:18:12.434+0000] {logging_mixin.py:154} INFO - [2024-06-23T07:18:12.434+0000] {dag.py:3722} INFO - Setting next_dagrun for example_xcom_args to None, run_after=None
[2024-06-23T07:18:12.437+0000] {logging_mixin.py:154} INFO - [2024-06-23T07:18:12.437+0000] {dag.py:3722} INFO - Setting next_dagrun for example_xcom_args_with_operators to None, run_after=None
[2024-06-23T07:18:12.455+0000] {processor.py:179} INFO - Processing /home/airflow/.local/lib/python3.8/site-packages/airflow/example_dags/example_xcomargs.py took 0.061 seconds
[2024-06-23T07:18:42.525+0000] {processor.py:157} INFO - Started process (PID=19321) to work on /home/airflow/.local/lib/python3.8/site-packages/airflow/example_dags/example_xcomargs.py
[2024-06-23T07:18:42.526+0000] {processor.py:829} INFO - Processing file /home/airflow/.local/lib/python3.8/site-packages/airflow/example_dags/example_xcomargs.py for tasks to queue
[2024-06-23T07:18:42.527+0000] {logging_mixin.py:154} INFO - [2024-06-23T07:18:42.527+0000] {dagbag.py:536} INFO - Filling up the DagBag from /home/airflow/.local/lib/python3.8/site-packages/airflow/example_dags/example_xcomargs.py
[2024-06-23T07:18:42.536+0000] {processor.py:839} INFO - DAG(s) dict_keys(['example_xcom_args_with_operators', 'example_xcom_args']) retrieved from /home/airflow/.local/lib/python3.8/site-packages/airflow/example_dags/example_xcomargs.py
[2024-06-23T07:18:42.556+0000] {logging_mixin.py:154} INFO - [2024-06-23T07:18:42.556+0000] {dag.py:2941} INFO - Sync 2 DAGs
[2024-06-23T07:18:42.570+0000] {logging_mixin.py:154} INFO - [2024-06-23T07:18:42.570+0000] {dag.py:3722} INFO - Setting next_dagrun for example_xcom_args to None, run_after=None
[2024-06-23T07:18:42.573+0000] {logging_mixin.py:154} INFO - [2024-06-23T07:18:42.573+0000] {dag.py:3722} INFO - Setting next_dagrun for example_xcom_args_with_operators to None, run_after=None
[2024-06-23T07:18:42.595+0000] {processor.py:179} INFO - Processing /home/airflow/.local/lib/python3.8/site-packages/airflow/example_dags/example_xcomargs.py took 0.073 seconds
[2024-06-23T07:19:12.658+0000] {processor.py:157} INFO - Started process (PID=19566) to work on /home/airflow/.local/lib/python3.8/site-packages/airflow/example_dags/example_xcomargs.py
[2024-06-23T07:19:12.659+0000] {processor.py:829} INFO - Processing file /home/airflow/.local/lib/python3.8/site-packages/airflow/example_dags/example_xcomargs.py for tasks to queue
[2024-06-23T07:19:12.660+0000] {logging_mixin.py:154} INFO - [2024-06-23T07:19:12.660+0000] {dagbag.py:536} INFO - Filling up the DagBag from /home/airflow/.local/lib/python3.8/site-packages/airflow/example_dags/example_xcomargs.py
[2024-06-23T07:19:12.665+0000] {processor.py:839} INFO - DAG(s) dict_keys(['example_xcom_args_with_operators', 'example_xcom_args']) retrieved from /home/airflow/.local/lib/python3.8/site-packages/airflow/example_dags/example_xcomargs.py
[2024-06-23T07:19:12.681+0000] {logging_mixin.py:154} INFO - [2024-06-23T07:19:12.681+0000] {dag.py:2941} INFO - Sync 2 DAGs
[2024-06-23T07:19:12.686+0000] {logging_mixin.py:154} INFO - [2024-06-23T07:19:12.686+0000] {dag.py:3722} INFO - Setting next_dagrun for example_xcom_args to None, run_after=None
[2024-06-23T07:19:12.688+0000] {logging_mixin.py:154} INFO - [2024-06-23T07:19:12.688+0000] {dag.py:3722} INFO - Setting next_dagrun for example_xcom_args_with_operators to None, run_after=None
[2024-06-23T07:19:12.698+0000] {processor.py:179} INFO - Processing /home/airflow/.local/lib/python3.8/site-packages/airflow/example_dags/example_xcomargs.py took 0.042 seconds
[2024-06-23T07:19:44.103+0000] {processor.py:157} INFO - Started process (PID=19808) to work on /home/airflow/.local/lib/python3.8/site-packages/airflow/example_dags/example_xcomargs.py
[2024-06-23T07:19:44.105+0000] {processor.py:829} INFO - Processing file /home/airflow/.local/lib/python3.8/site-packages/airflow/example_dags/example_xcomargs.py for tasks to queue
[2024-06-23T07:19:44.106+0000] {logging_mixin.py:154} INFO - [2024-06-23T07:19:44.106+0000] {dagbag.py:536} INFO - Filling up the DagBag from /home/airflow/.local/lib/python3.8/site-packages/airflow/example_dags/example_xcomargs.py
[2024-06-23T07:19:44.120+0000] {processor.py:839} INFO - DAG(s) dict_keys(['example_xcom_args_with_operators', 'example_xcom_args']) retrieved from /home/airflow/.local/lib/python3.8/site-packages/airflow/example_dags/example_xcomargs.py
[2024-06-23T07:19:44.149+0000] {logging_mixin.py:154} INFO - [2024-06-23T07:19:44.148+0000] {dag.py:2941} INFO - Sync 2 DAGs
[2024-06-23T07:19:44.162+0000] {logging_mixin.py:154} INFO - [2024-06-23T07:19:44.162+0000] {dag.py:3722} INFO - Setting next_dagrun for example_xcom_args to None, run_after=None
[2024-06-23T07:19:44.167+0000] {logging_mixin.py:154} INFO - [2024-06-23T07:19:44.167+0000] {dag.py:3722} INFO - Setting next_dagrun for example_xcom_args_with_operators to None, run_after=None
[2024-06-23T07:19:44.186+0000] {processor.py:179} INFO - Processing /home/airflow/.local/lib/python3.8/site-packages/airflow/example_dags/example_xcomargs.py took 0.087 seconds
[2024-06-23T07:20:14.251+0000] {processor.py:157} INFO - Started process (PID=20051) to work on /home/airflow/.local/lib/python3.8/site-packages/airflow/example_dags/example_xcomargs.py
[2024-06-23T07:20:14.252+0000] {processor.py:829} INFO - Processing file /home/airflow/.local/lib/python3.8/site-packages/airflow/example_dags/example_xcomargs.py for tasks to queue
[2024-06-23T07:20:14.252+0000] {logging_mixin.py:154} INFO - [2024-06-23T07:20:14.252+0000] {dagbag.py:536} INFO - Filling up the DagBag from /home/airflow/.local/lib/python3.8/site-packages/airflow/example_dags/example_xcomargs.py
[2024-06-23T07:20:14.256+0000] {processor.py:839} INFO - DAG(s) dict_keys(['example_xcom_args', 'example_xcom_args_with_operators']) retrieved from /home/airflow/.local/lib/python3.8/site-packages/airflow/example_dags/example_xcomargs.py
[2024-06-23T07:20:14.267+0000] {logging_mixin.py:154} INFO - [2024-06-23T07:20:14.267+0000] {dag.py:2941} INFO - Sync 2 DAGs
[2024-06-23T07:20:14.273+0000] {logging_mixin.py:154} INFO - [2024-06-23T07:20:14.273+0000] {dag.py:3722} INFO - Setting next_dagrun for example_xcom_args to None, run_after=None
[2024-06-23T07:20:14.274+0000] {logging_mixin.py:154} INFO - [2024-06-23T07:20:14.274+0000] {dag.py:3722} INFO - Setting next_dagrun for example_xcom_args_with_operators to None, run_after=None
[2024-06-23T07:20:14.281+0000] {processor.py:179} INFO - Processing /home/airflow/.local/lib/python3.8/site-packages/airflow/example_dags/example_xcomargs.py took 0.032 seconds
[2024-06-23T07:20:45.059+0000] {processor.py:157} INFO - Started process (PID=20294) to work on /home/airflow/.local/lib/python3.8/site-packages/airflow/example_dags/example_xcomargs.py
[2024-06-23T07:20:45.060+0000] {processor.py:829} INFO - Processing file /home/airflow/.local/lib/python3.8/site-packages/airflow/example_dags/example_xcomargs.py for tasks to queue
[2024-06-23T07:20:45.060+0000] {logging_mixin.py:154} INFO - [2024-06-23T07:20:45.060+0000] {dagbag.py:536} INFO - Filling up the DagBag from /home/airflow/.local/lib/python3.8/site-packages/airflow/example_dags/example_xcomargs.py
[2024-06-23T07:20:45.064+0000] {processor.py:839} INFO - DAG(s) dict_keys(['example_xcom_args', 'example_xcom_args_with_operators']) retrieved from /home/airflow/.local/lib/python3.8/site-packages/airflow/example_dags/example_xcomargs.py
[2024-06-23T07:20:45.076+0000] {logging_mixin.py:154} INFO - [2024-06-23T07:20:45.076+0000] {dag.py:2941} INFO - Sync 2 DAGs
[2024-06-23T07:20:45.082+0000] {logging_mixin.py:154} INFO - [2024-06-23T07:20:45.082+0000] {dag.py:3722} INFO - Setting next_dagrun for example_xcom_args to None, run_after=None
[2024-06-23T07:20:45.084+0000] {logging_mixin.py:154} INFO - [2024-06-23T07:20:45.084+0000] {dag.py:3722} INFO - Setting next_dagrun for example_xcom_args_with_operators to None, run_after=None
[2024-06-23T07:20:45.091+0000] {processor.py:179} INFO - Processing /home/airflow/.local/lib/python3.8/site-packages/airflow/example_dags/example_xcomargs.py took 0.034 seconds
[2024-06-23T07:21:15.383+0000] {processor.py:157} INFO - Started process (PID=20538) to work on /home/airflow/.local/lib/python3.8/site-packages/airflow/example_dags/example_xcomargs.py
[2024-06-23T07:21:15.384+0000] {processor.py:829} INFO - Processing file /home/airflow/.local/lib/python3.8/site-packages/airflow/example_dags/example_xcomargs.py for tasks to queue
[2024-06-23T07:21:15.384+0000] {logging_mixin.py:154} INFO - [2024-06-23T07:21:15.384+0000] {dagbag.py:536} INFO - Filling up the DagBag from /home/airflow/.local/lib/python3.8/site-packages/airflow/example_dags/example_xcomargs.py
[2024-06-23T07:21:15.390+0000] {processor.py:839} INFO - DAG(s) dict_keys(['example_xcom_args', 'example_xcom_args_with_operators']) retrieved from /home/airflow/.local/lib/python3.8/site-packages/airflow/example_dags/example_xcomargs.py
[2024-06-23T07:21:15.404+0000] {logging_mixin.py:154} INFO - [2024-06-23T07:21:15.404+0000] {dag.py:2941} INFO - Sync 2 DAGs
[2024-06-23T07:21:15.411+0000] {logging_mixin.py:154} INFO - [2024-06-23T07:21:15.411+0000] {dag.py:3722} INFO - Setting next_dagrun for example_xcom_args to None, run_after=None
[2024-06-23T07:21:15.414+0000] {logging_mixin.py:154} INFO - [2024-06-23T07:21:15.414+0000] {dag.py:3722} INFO - Setting next_dagrun for example_xcom_args_with_operators to None, run_after=None
[2024-06-23T07:21:15.422+0000] {processor.py:179} INFO - Processing /home/airflow/.local/lib/python3.8/site-packages/airflow/example_dags/example_xcomargs.py took 0.042 seconds
[2024-06-23T07:21:46.414+0000] {processor.py:157} INFO - Started process (PID=20782) to work on /home/airflow/.local/lib/python3.8/site-packages/airflow/example_dags/example_xcomargs.py
[2024-06-23T07:21:46.416+0000] {processor.py:829} INFO - Processing file /home/airflow/.local/lib/python3.8/site-packages/airflow/example_dags/example_xcomargs.py for tasks to queue
[2024-06-23T07:21:46.417+0000] {logging_mixin.py:154} INFO - [2024-06-23T07:21:46.416+0000] {dagbag.py:536} INFO - Filling up the DagBag from /home/airflow/.local/lib/python3.8/site-packages/airflow/example_dags/example_xcomargs.py
[2024-06-23T07:21:46.421+0000] {processor.py:839} INFO - DAG(s) dict_keys(['example_xcom_args', 'example_xcom_args_with_operators']) retrieved from /home/airflow/.local/lib/python3.8/site-packages/airflow/example_dags/example_xcomargs.py
[2024-06-23T07:21:46.432+0000] {logging_mixin.py:154} INFO - [2024-06-23T07:21:46.432+0000] {dag.py:2941} INFO - Sync 2 DAGs
[2024-06-23T07:21:46.438+0000] {logging_mixin.py:154} INFO - [2024-06-23T07:21:46.438+0000] {dag.py:3722} INFO - Setting next_dagrun for example_xcom_args to None, run_after=None
[2024-06-23T07:21:46.440+0000] {logging_mixin.py:154} INFO - [2024-06-23T07:21:46.439+0000] {dag.py:3722} INFO - Setting next_dagrun for example_xcom_args_with_operators to None, run_after=None
[2024-06-23T07:21:46.446+0000] {processor.py:179} INFO - Processing /home/airflow/.local/lib/python3.8/site-packages/airflow/example_dags/example_xcomargs.py took 0.034 seconds
[2024-06-23T07:22:17.243+0000] {processor.py:157} INFO - Started process (PID=21026) to work on /home/airflow/.local/lib/python3.8/site-packages/airflow/example_dags/example_xcomargs.py
[2024-06-23T07:22:17.244+0000] {processor.py:829} INFO - Processing file /home/airflow/.local/lib/python3.8/site-packages/airflow/example_dags/example_xcomargs.py for tasks to queue
[2024-06-23T07:22:17.244+0000] {logging_mixin.py:154} INFO - [2024-06-23T07:22:17.244+0000] {dagbag.py:536} INFO - Filling up the DagBag from /home/airflow/.local/lib/python3.8/site-packages/airflow/example_dags/example_xcomargs.py
[2024-06-23T07:22:17.250+0000] {processor.py:839} INFO - DAG(s) dict_keys(['example_xcom_args', 'example_xcom_args_with_operators']) retrieved from /home/airflow/.local/lib/python3.8/site-packages/airflow/example_dags/example_xcomargs.py
[2024-06-23T07:22:17.266+0000] {logging_mixin.py:154} INFO - [2024-06-23T07:22:17.266+0000] {dag.py:2941} INFO - Sync 2 DAGs
[2024-06-23T07:22:17.277+0000] {logging_mixin.py:154} INFO - [2024-06-23T07:22:17.276+0000] {dag.py:3722} INFO - Setting next_dagrun for example_xcom_args to None, run_after=None
[2024-06-23T07:22:17.279+0000] {logging_mixin.py:154} INFO - [2024-06-23T07:22:17.279+0000] {dag.py:3722} INFO - Setting next_dagrun for example_xcom_args_with_operators to None, run_after=None
[2024-06-23T07:22:17.289+0000] {processor.py:179} INFO - Processing /home/airflow/.local/lib/python3.8/site-packages/airflow/example_dags/example_xcomargs.py took 0.048 seconds
[2024-06-23T07:22:48.019+0000] {processor.py:157} INFO - Started process (PID=21270) to work on /home/airflow/.local/lib/python3.8/site-packages/airflow/example_dags/example_xcomargs.py
[2024-06-23T07:22:48.020+0000] {processor.py:829} INFO - Processing file /home/airflow/.local/lib/python3.8/site-packages/airflow/example_dags/example_xcomargs.py for tasks to queue
[2024-06-23T07:22:48.020+0000] {logging_mixin.py:154} INFO - [2024-06-23T07:22:48.020+0000] {dagbag.py:536} INFO - Filling up the DagBag from /home/airflow/.local/lib/python3.8/site-packages/airflow/example_dags/example_xcomargs.py
[2024-06-23T07:22:48.025+0000] {processor.py:839} INFO - DAG(s) dict_keys(['example_xcom_args_with_operators', 'example_xcom_args']) retrieved from /home/airflow/.local/lib/python3.8/site-packages/airflow/example_dags/example_xcomargs.py
[2024-06-23T07:22:48.037+0000] {logging_mixin.py:154} INFO - [2024-06-23T07:22:48.037+0000] {dag.py:2941} INFO - Sync 2 DAGs
[2024-06-23T07:22:48.044+0000] {logging_mixin.py:154} INFO - [2024-06-23T07:22:48.044+0000] {dag.py:3722} INFO - Setting next_dagrun for example_xcom_args to None, run_after=None
[2024-06-23T07:22:48.045+0000] {logging_mixin.py:154} INFO - [2024-06-23T07:22:48.045+0000] {dag.py:3722} INFO - Setting next_dagrun for example_xcom_args_with_operators to None, run_after=None
[2024-06-23T07:22:48.052+0000] {processor.py:179} INFO - Processing /home/airflow/.local/lib/python3.8/site-packages/airflow/example_dags/example_xcomargs.py took 0.034 seconds
[2024-06-23T07:23:18.178+0000] {processor.py:157} INFO - Started process (PID=21514) to work on /home/airflow/.local/lib/python3.8/site-packages/airflow/example_dags/example_xcomargs.py
[2024-06-23T07:23:18.179+0000] {processor.py:829} INFO - Processing file /home/airflow/.local/lib/python3.8/site-packages/airflow/example_dags/example_xcomargs.py for tasks to queue
[2024-06-23T07:23:18.180+0000] {logging_mixin.py:154} INFO - [2024-06-23T07:23:18.179+0000] {dagbag.py:536} INFO - Filling up the DagBag from /home/airflow/.local/lib/python3.8/site-packages/airflow/example_dags/example_xcomargs.py
[2024-06-23T07:23:18.184+0000] {processor.py:839} INFO - DAG(s) dict_keys(['example_xcom_args', 'example_xcom_args_with_operators']) retrieved from /home/airflow/.local/lib/python3.8/site-packages/airflow/example_dags/example_xcomargs.py
[2024-06-23T07:23:18.198+0000] {logging_mixin.py:154} INFO - [2024-06-23T07:23:18.198+0000] {dag.py:2941} INFO - Sync 2 DAGs
[2024-06-23T07:23:18.204+0000] {logging_mixin.py:154} INFO - [2024-06-23T07:23:18.204+0000] {dag.py:3722} INFO - Setting next_dagrun for example_xcom_args to None, run_after=None
[2024-06-23T07:23:18.206+0000] {logging_mixin.py:154} INFO - [2024-06-23T07:23:18.206+0000] {dag.py:3722} INFO - Setting next_dagrun for example_xcom_args_with_operators to None, run_after=None
[2024-06-23T07:23:18.216+0000] {processor.py:179} INFO - Processing /home/airflow/.local/lib/python3.8/site-packages/airflow/example_dags/example_xcomargs.py took 0.041 seconds
[2024-06-23T07:23:48.639+0000] {processor.py:157} INFO - Started process (PID=21758) to work on /home/airflow/.local/lib/python3.8/site-packages/airflow/example_dags/example_xcomargs.py
[2024-06-23T07:23:48.641+0000] {processor.py:829} INFO - Processing file /home/airflow/.local/lib/python3.8/site-packages/airflow/example_dags/example_xcomargs.py for tasks to queue
[2024-06-23T07:23:48.642+0000] {logging_mixin.py:154} INFO - [2024-06-23T07:23:48.642+0000] {dagbag.py:536} INFO - Filling up the DagBag from /home/airflow/.local/lib/python3.8/site-packages/airflow/example_dags/example_xcomargs.py
[2024-06-23T07:23:48.650+0000] {processor.py:839} INFO - DAG(s) dict_keys(['example_xcom_args', 'example_xcom_args_with_operators']) retrieved from /home/airflow/.local/lib/python3.8/site-packages/airflow/example_dags/example_xcomargs.py
[2024-06-23T07:23:48.667+0000] {logging_mixin.py:154} INFO - [2024-06-23T07:23:48.667+0000] {dag.py:2941} INFO - Sync 2 DAGs
[2024-06-23T07:23:48.676+0000] {logging_mixin.py:154} INFO - [2024-06-23T07:23:48.675+0000] {dag.py:3722} INFO - Setting next_dagrun for example_xcom_args to None, run_after=None
[2024-06-23T07:23:48.678+0000] {logging_mixin.py:154} INFO - [2024-06-23T07:23:48.678+0000] {dag.py:3722} INFO - Setting next_dagrun for example_xcom_args_with_operators to None, run_after=None
[2024-06-23T07:23:48.686+0000] {processor.py:179} INFO - Processing /home/airflow/.local/lib/python3.8/site-packages/airflow/example_dags/example_xcomargs.py took 0.049 seconds
[2024-06-23T07:24:18.709+0000] {processor.py:157} INFO - Started process (PID=22002) to work on /home/airflow/.local/lib/python3.8/site-packages/airflow/example_dags/example_xcomargs.py
[2024-06-23T07:24:18.709+0000] {processor.py:829} INFO - Processing file /home/airflow/.local/lib/python3.8/site-packages/airflow/example_dags/example_xcomargs.py for tasks to queue
[2024-06-23T07:24:18.710+0000] {logging_mixin.py:154} INFO - [2024-06-23T07:24:18.710+0000] {dagbag.py:536} INFO - Filling up the DagBag from /home/airflow/.local/lib/python3.8/site-packages/airflow/example_dags/example_xcomargs.py
[2024-06-23T07:24:18.714+0000] {processor.py:839} INFO - DAG(s) dict_keys(['example_xcom_args', 'example_xcom_args_with_operators']) retrieved from /home/airflow/.local/lib/python3.8/site-packages/airflow/example_dags/example_xcomargs.py
[2024-06-23T07:24:18.725+0000] {logging_mixin.py:154} INFO - [2024-06-23T07:24:18.725+0000] {dag.py:2941} INFO - Sync 2 DAGs
[2024-06-23T07:24:18.731+0000] {logging_mixin.py:154} INFO - [2024-06-23T07:24:18.731+0000] {dag.py:3722} INFO - Setting next_dagrun for example_xcom_args to None, run_after=None
[2024-06-23T07:24:18.733+0000] {logging_mixin.py:154} INFO - [2024-06-23T07:24:18.733+0000] {dag.py:3722} INFO - Setting next_dagrun for example_xcom_args_with_operators to None, run_after=None
[2024-06-23T07:24:18.741+0000] {processor.py:179} INFO - Processing /home/airflow/.local/lib/python3.8/site-packages/airflow/example_dags/example_xcomargs.py took 0.035 seconds
[2024-06-23T07:24:49.744+0000] {processor.py:157} INFO - Started process (PID=22246) to work on /home/airflow/.local/lib/python3.8/site-packages/airflow/example_dags/example_xcomargs.py
[2024-06-23T07:24:49.744+0000] {processor.py:829} INFO - Processing file /home/airflow/.local/lib/python3.8/site-packages/airflow/example_dags/example_xcomargs.py for tasks to queue
[2024-06-23T07:24:49.745+0000] {logging_mixin.py:154} INFO - [2024-06-23T07:24:49.745+0000] {dagbag.py:536} INFO - Filling up the DagBag from /home/airflow/.local/lib/python3.8/site-packages/airflow/example_dags/example_xcomargs.py
[2024-06-23T07:24:49.749+0000] {processor.py:839} INFO - DAG(s) dict_keys(['example_xcom_args_with_operators', 'example_xcom_args']) retrieved from /home/airflow/.local/lib/python3.8/site-packages/airflow/example_dags/example_xcomargs.py
[2024-06-23T07:24:49.761+0000] {logging_mixin.py:154} INFO - [2024-06-23T07:24:49.760+0000] {dag.py:2941} INFO - Sync 2 DAGs
[2024-06-23T07:24:49.766+0000] {logging_mixin.py:154} INFO - [2024-06-23T07:24:49.766+0000] {dag.py:3722} INFO - Setting next_dagrun for example_xcom_args to None, run_after=None
[2024-06-23T07:24:49.768+0000] {logging_mixin.py:154} INFO - [2024-06-23T07:24:49.768+0000] {dag.py:3722} INFO - Setting next_dagrun for example_xcom_args_with_operators to None, run_after=None
[2024-06-23T07:24:49.775+0000] {processor.py:179} INFO - Processing /home/airflow/.local/lib/python3.8/site-packages/airflow/example_dags/example_xcomargs.py took 0.034 seconds
[2024-06-23T07:25:19.820+0000] {processor.py:157} INFO - Started process (PID=22490) to work on /home/airflow/.local/lib/python3.8/site-packages/airflow/example_dags/example_xcomargs.py
[2024-06-23T07:25:19.821+0000] {processor.py:829} INFO - Processing file /home/airflow/.local/lib/python3.8/site-packages/airflow/example_dags/example_xcomargs.py for tasks to queue
[2024-06-23T07:25:19.821+0000] {logging_mixin.py:154} INFO - [2024-06-23T07:25:19.821+0000] {dagbag.py:536} INFO - Filling up the DagBag from /home/airflow/.local/lib/python3.8/site-packages/airflow/example_dags/example_xcomargs.py
[2024-06-23T07:25:19.826+0000] {processor.py:839} INFO - DAG(s) dict_keys(['example_xcom_args_with_operators', 'example_xcom_args']) retrieved from /home/airflow/.local/lib/python3.8/site-packages/airflow/example_dags/example_xcomargs.py
[2024-06-23T07:25:19.838+0000] {logging_mixin.py:154} INFO - [2024-06-23T07:25:19.838+0000] {dag.py:2941} INFO - Sync 2 DAGs
[2024-06-23T07:25:19.844+0000] {logging_mixin.py:154} INFO - [2024-06-23T07:25:19.844+0000] {dag.py:3722} INFO - Setting next_dagrun for example_xcom_args to None, run_after=None
[2024-06-23T07:25:19.846+0000] {logging_mixin.py:154} INFO - [2024-06-23T07:25:19.845+0000] {dag.py:3722} INFO - Setting next_dagrun for example_xcom_args_with_operators to None, run_after=None
[2024-06-23T07:25:19.852+0000] {processor.py:179} INFO - Processing /home/airflow/.local/lib/python3.8/site-packages/airflow/example_dags/example_xcomargs.py took 0.034 seconds
[2024-06-23T07:25:49.941+0000] {processor.py:157} INFO - Started process (PID=22734) to work on /home/airflow/.local/lib/python3.8/site-packages/airflow/example_dags/example_xcomargs.py
[2024-06-23T07:25:49.942+0000] {processor.py:829} INFO - Processing file /home/airflow/.local/lib/python3.8/site-packages/airflow/example_dags/example_xcomargs.py for tasks to queue
[2024-06-23T07:25:49.942+0000] {logging_mixin.py:154} INFO - [2024-06-23T07:25:49.942+0000] {dagbag.py:536} INFO - Filling up the DagBag from /home/airflow/.local/lib/python3.8/site-packages/airflow/example_dags/example_xcomargs.py
[2024-06-23T07:25:49.946+0000] {processor.py:839} INFO - DAG(s) dict_keys(['example_xcom_args', 'example_xcom_args_with_operators']) retrieved from /home/airflow/.local/lib/python3.8/site-packages/airflow/example_dags/example_xcomargs.py
[2024-06-23T07:25:50.003+0000] {logging_mixin.py:154} INFO - [2024-06-23T07:25:50.003+0000] {dag.py:2941} INFO - Sync 2 DAGs
[2024-06-23T07:25:50.008+0000] {logging_mixin.py:154} INFO - [2024-06-23T07:25:50.008+0000] {dag.py:3722} INFO - Setting next_dagrun for example_xcom_args to None, run_after=None
[2024-06-23T07:25:50.009+0000] {logging_mixin.py:154} INFO - [2024-06-23T07:25:50.009+0000] {dag.py:3722} INFO - Setting next_dagrun for example_xcom_args_with_operators to None, run_after=None
[2024-06-23T07:25:50.017+0000] {processor.py:179} INFO - Processing /home/airflow/.local/lib/python3.8/site-packages/airflow/example_dags/example_xcomargs.py took 0.078 seconds
[2024-06-23T07:26:20.779+0000] {processor.py:157} INFO - Started process (PID=22978) to work on /home/airflow/.local/lib/python3.8/site-packages/airflow/example_dags/example_xcomargs.py
[2024-06-23T07:26:20.780+0000] {processor.py:829} INFO - Processing file /home/airflow/.local/lib/python3.8/site-packages/airflow/example_dags/example_xcomargs.py for tasks to queue
[2024-06-23T07:26:20.780+0000] {logging_mixin.py:154} INFO - [2024-06-23T07:26:20.780+0000] {dagbag.py:536} INFO - Filling up the DagBag from /home/airflow/.local/lib/python3.8/site-packages/airflow/example_dags/example_xcomargs.py
[2024-06-23T07:26:20.785+0000] {processor.py:839} INFO - DAG(s) dict_keys(['example_xcom_args_with_operators', 'example_xcom_args']) retrieved from /home/airflow/.local/lib/python3.8/site-packages/airflow/example_dags/example_xcomargs.py
[2024-06-23T07:26:20.801+0000] {logging_mixin.py:154} INFO - [2024-06-23T07:26:20.801+0000] {dag.py:2941} INFO - Sync 2 DAGs
[2024-06-23T07:26:20.808+0000] {logging_mixin.py:154} INFO - [2024-06-23T07:26:20.808+0000] {dag.py:3722} INFO - Setting next_dagrun for example_xcom_args to None, run_after=None
[2024-06-23T07:26:20.811+0000] {logging_mixin.py:154} INFO - [2024-06-23T07:26:20.811+0000] {dag.py:3722} INFO - Setting next_dagrun for example_xcom_args_with_operators to None, run_after=None
[2024-06-23T07:26:20.818+0000] {processor.py:179} INFO - Processing /home/airflow/.local/lib/python3.8/site-packages/airflow/example_dags/example_xcomargs.py took 0.040 seconds
[2024-06-23T07:26:51.698+0000] {processor.py:157} INFO - Started process (PID=23222) to work on /home/airflow/.local/lib/python3.8/site-packages/airflow/example_dags/example_xcomargs.py
[2024-06-23T07:26:51.698+0000] {processor.py:829} INFO - Processing file /home/airflow/.local/lib/python3.8/site-packages/airflow/example_dags/example_xcomargs.py for tasks to queue
[2024-06-23T07:26:51.699+0000] {logging_mixin.py:154} INFO - [2024-06-23T07:26:51.699+0000] {dagbag.py:536} INFO - Filling up the DagBag from /home/airflow/.local/lib/python3.8/site-packages/airflow/example_dags/example_xcomargs.py
[2024-06-23T07:26:51.703+0000] {processor.py:839} INFO - DAG(s) dict_keys(['example_xcom_args', 'example_xcom_args_with_operators']) retrieved from /home/airflow/.local/lib/python3.8/site-packages/airflow/example_dags/example_xcomargs.py
[2024-06-23T07:26:51.715+0000] {logging_mixin.py:154} INFO - [2024-06-23T07:26:51.715+0000] {dag.py:2941} INFO - Sync 2 DAGs
[2024-06-23T07:26:51.721+0000] {logging_mixin.py:154} INFO - [2024-06-23T07:26:51.721+0000] {dag.py:3722} INFO - Setting next_dagrun for example_xcom_args to None, run_after=None
[2024-06-23T07:26:51.723+0000] {logging_mixin.py:154} INFO - [2024-06-23T07:26:51.722+0000] {dag.py:3722} INFO - Setting next_dagrun for example_xcom_args_with_operators to None, run_after=None
[2024-06-23T07:26:51.729+0000] {processor.py:179} INFO - Processing /home/airflow/.local/lib/python3.8/site-packages/airflow/example_dags/example_xcomargs.py took 0.034 seconds
[2024-06-23T07:27:22.620+0000] {processor.py:157} INFO - Started process (PID=23465) to work on /home/airflow/.local/lib/python3.8/site-packages/airflow/example_dags/example_xcomargs.py
[2024-06-23T07:27:22.621+0000] {processor.py:829} INFO - Processing file /home/airflow/.local/lib/python3.8/site-packages/airflow/example_dags/example_xcomargs.py for tasks to queue
[2024-06-23T07:27:22.622+0000] {logging_mixin.py:154} INFO - [2024-06-23T07:27:22.622+0000] {dagbag.py:536} INFO - Filling up the DagBag from /home/airflow/.local/lib/python3.8/site-packages/airflow/example_dags/example_xcomargs.py
[2024-06-23T07:27:22.626+0000] {processor.py:839} INFO - DAG(s) dict_keys(['example_xcom_args_with_operators', 'example_xcom_args']) retrieved from /home/airflow/.local/lib/python3.8/site-packages/airflow/example_dags/example_xcomargs.py
[2024-06-23T07:27:22.638+0000] {logging_mixin.py:154} INFO - [2024-06-23T07:27:22.638+0000] {dag.py:2941} INFO - Sync 2 DAGs
[2024-06-23T07:27:22.644+0000] {logging_mixin.py:154} INFO - [2024-06-23T07:27:22.644+0000] {dag.py:3722} INFO - Setting next_dagrun for example_xcom_args to None, run_after=None
[2024-06-23T07:27:22.646+0000] {logging_mixin.py:154} INFO - [2024-06-23T07:27:22.646+0000] {dag.py:3722} INFO - Setting next_dagrun for example_xcom_args_with_operators to None, run_after=None
[2024-06-23T07:27:22.653+0000] {processor.py:179} INFO - Processing /home/airflow/.local/lib/python3.8/site-packages/airflow/example_dags/example_xcomargs.py took 0.035 seconds
[2024-06-23T07:27:53.393+0000] {processor.py:157} INFO - Started process (PID=23709) to work on /home/airflow/.local/lib/python3.8/site-packages/airflow/example_dags/example_xcomargs.py
[2024-06-23T07:27:53.394+0000] {processor.py:829} INFO - Processing file /home/airflow/.local/lib/python3.8/site-packages/airflow/example_dags/example_xcomargs.py for tasks to queue
[2024-06-23T07:27:53.394+0000] {logging_mixin.py:154} INFO - [2024-06-23T07:27:53.394+0000] {dagbag.py:536} INFO - Filling up the DagBag from /home/airflow/.local/lib/python3.8/site-packages/airflow/example_dags/example_xcomargs.py
[2024-06-23T07:27:53.399+0000] {processor.py:839} INFO - DAG(s) dict_keys(['example_xcom_args_with_operators', 'example_xcom_args']) retrieved from /home/airflow/.local/lib/python3.8/site-packages/airflow/example_dags/example_xcomargs.py
[2024-06-23T07:27:53.410+0000] {logging_mixin.py:154} INFO - [2024-06-23T07:27:53.410+0000] {dag.py:2941} INFO - Sync 2 DAGs
[2024-06-23T07:27:53.416+0000] {logging_mixin.py:154} INFO - [2024-06-23T07:27:53.416+0000] {dag.py:3722} INFO - Setting next_dagrun for example_xcom_args to None, run_after=None
[2024-06-23T07:27:53.418+0000] {logging_mixin.py:154} INFO - [2024-06-23T07:27:53.418+0000] {dag.py:3722} INFO - Setting next_dagrun for example_xcom_args_with_operators to None, run_after=None
[2024-06-23T07:27:53.428+0000] {processor.py:179} INFO - Processing /home/airflow/.local/lib/python3.8/site-packages/airflow/example_dags/example_xcomargs.py took 0.037 seconds
[2024-06-23T07:28:24.433+0000] {processor.py:157} INFO - Started process (PID=23953) to work on /home/airflow/.local/lib/python3.8/site-packages/airflow/example_dags/example_xcomargs.py
[2024-06-23T07:28:24.434+0000] {processor.py:829} INFO - Processing file /home/airflow/.local/lib/python3.8/site-packages/airflow/example_dags/example_xcomargs.py for tasks to queue
[2024-06-23T07:28:24.434+0000] {logging_mixin.py:154} INFO - [2024-06-23T07:28:24.434+0000] {dagbag.py:536} INFO - Filling up the DagBag from /home/airflow/.local/lib/python3.8/site-packages/airflow/example_dags/example_xcomargs.py
[2024-06-23T07:28:24.439+0000] {processor.py:839} INFO - DAG(s) dict_keys(['example_xcom_args', 'example_xcom_args_with_operators']) retrieved from /home/airflow/.local/lib/python3.8/site-packages/airflow/example_dags/example_xcomargs.py
[2024-06-23T07:28:24.453+0000] {logging_mixin.py:154} INFO - [2024-06-23T07:28:24.453+0000] {dag.py:2941} INFO - Sync 2 DAGs
[2024-06-23T07:28:24.460+0000] {logging_mixin.py:154} INFO - [2024-06-23T07:28:24.460+0000] {dag.py:3722} INFO - Setting next_dagrun for example_xcom_args to None, run_after=None
[2024-06-23T07:28:24.461+0000] {logging_mixin.py:154} INFO - [2024-06-23T07:28:24.461+0000] {dag.py:3722} INFO - Setting next_dagrun for example_xcom_args_with_operators to None, run_after=None
[2024-06-23T07:28:24.470+0000] {processor.py:179} INFO - Processing /home/airflow/.local/lib/python3.8/site-packages/airflow/example_dags/example_xcomargs.py took 0.040 seconds
[2024-06-23T07:28:54.569+0000] {processor.py:157} INFO - Started process (PID=24197) to work on /home/airflow/.local/lib/python3.8/site-packages/airflow/example_dags/example_xcomargs.py
[2024-06-23T07:28:54.570+0000] {processor.py:829} INFO - Processing file /home/airflow/.local/lib/python3.8/site-packages/airflow/example_dags/example_xcomargs.py for tasks to queue
[2024-06-23T07:28:54.570+0000] {logging_mixin.py:154} INFO - [2024-06-23T07:28:54.570+0000] {dagbag.py:536} INFO - Filling up the DagBag from /home/airflow/.local/lib/python3.8/site-packages/airflow/example_dags/example_xcomargs.py
[2024-06-23T07:28:54.574+0000] {processor.py:839} INFO - DAG(s) dict_keys(['example_xcom_args', 'example_xcom_args_with_operators']) retrieved from /home/airflow/.local/lib/python3.8/site-packages/airflow/example_dags/example_xcomargs.py
[2024-06-23T07:28:54.586+0000] {logging_mixin.py:154} INFO - [2024-06-23T07:28:54.586+0000] {dag.py:2941} INFO - Sync 2 DAGs
[2024-06-23T07:28:54.592+0000] {logging_mixin.py:154} INFO - [2024-06-23T07:28:54.592+0000] {dag.py:3722} INFO - Setting next_dagrun for example_xcom_args to None, run_after=None
[2024-06-23T07:28:54.594+0000] {logging_mixin.py:154} INFO - [2024-06-23T07:28:54.593+0000] {dag.py:3722} INFO - Setting next_dagrun for example_xcom_args_with_operators to None, run_after=None
[2024-06-23T07:28:54.601+0000] {processor.py:179} INFO - Processing /home/airflow/.local/lib/python3.8/site-packages/airflow/example_dags/example_xcomargs.py took 0.034 seconds
[2024-06-23T07:29:24.810+0000] {processor.py:157} INFO - Started process (PID=24441) to work on /home/airflow/.local/lib/python3.8/site-packages/airflow/example_dags/example_xcomargs.py
[2024-06-23T07:29:24.811+0000] {processor.py:829} INFO - Processing file /home/airflow/.local/lib/python3.8/site-packages/airflow/example_dags/example_xcomargs.py for tasks to queue
[2024-06-23T07:29:24.812+0000] {logging_mixin.py:154} INFO - [2024-06-23T07:29:24.812+0000] {dagbag.py:536} INFO - Filling up the DagBag from /home/airflow/.local/lib/python3.8/site-packages/airflow/example_dags/example_xcomargs.py
[2024-06-23T07:29:24.818+0000] {processor.py:839} INFO - DAG(s) dict_keys(['example_xcom_args_with_operators', 'example_xcom_args']) retrieved from /home/airflow/.local/lib/python3.8/site-packages/airflow/example_dags/example_xcomargs.py
[2024-06-23T07:29:24.838+0000] {logging_mixin.py:154} INFO - [2024-06-23T07:29:24.838+0000] {dag.py:2941} INFO - Sync 2 DAGs
[2024-06-23T07:29:24.848+0000] {logging_mixin.py:154} INFO - [2024-06-23T07:29:24.848+0000] {dag.py:3722} INFO - Setting next_dagrun for example_xcom_args to None, run_after=None
[2024-06-23T07:29:24.851+0000] {logging_mixin.py:154} INFO - [2024-06-23T07:29:24.851+0000] {dag.py:3722} INFO - Setting next_dagrun for example_xcom_args_with_operators to None, run_after=None
[2024-06-23T07:29:24.863+0000] {processor.py:179} INFO - Processing /home/airflow/.local/lib/python3.8/site-packages/airflow/example_dags/example_xcomargs.py took 0.055 seconds
[2024-06-23T07:29:55.120+0000] {processor.py:157} INFO - Started process (PID=24685) to work on /home/airflow/.local/lib/python3.8/site-packages/airflow/example_dags/example_xcomargs.py
[2024-06-23T07:29:55.121+0000] {processor.py:829} INFO - Processing file /home/airflow/.local/lib/python3.8/site-packages/airflow/example_dags/example_xcomargs.py for tasks to queue
[2024-06-23T07:29:55.122+0000] {logging_mixin.py:154} INFO - [2024-06-23T07:29:55.121+0000] {dagbag.py:536} INFO - Filling up the DagBag from /home/airflow/.local/lib/python3.8/site-packages/airflow/example_dags/example_xcomargs.py
[2024-06-23T07:29:55.126+0000] {processor.py:839} INFO - DAG(s) dict_keys(['example_xcom_args', 'example_xcom_args_with_operators']) retrieved from /home/airflow/.local/lib/python3.8/site-packages/airflow/example_dags/example_xcomargs.py
[2024-06-23T07:29:55.138+0000] {logging_mixin.py:154} INFO - [2024-06-23T07:29:55.138+0000] {dag.py:2941} INFO - Sync 2 DAGs
[2024-06-23T07:29:55.144+0000] {logging_mixin.py:154} INFO - [2024-06-23T07:29:55.144+0000] {dag.py:3722} INFO - Setting next_dagrun for example_xcom_args to None, run_after=None
[2024-06-23T07:29:55.145+0000] {logging_mixin.py:154} INFO - [2024-06-23T07:29:55.145+0000] {dag.py:3722} INFO - Setting next_dagrun for example_xcom_args_with_operators to None, run_after=None
[2024-06-23T07:29:55.153+0000] {processor.py:179} INFO - Processing /home/airflow/.local/lib/python3.8/site-packages/airflow/example_dags/example_xcomargs.py took 0.034 seconds
[2024-06-23T07:30:25.831+0000] {processor.py:157} INFO - Started process (PID=24929) to work on /home/airflow/.local/lib/python3.8/site-packages/airflow/example_dags/example_xcomargs.py
[2024-06-23T07:30:25.834+0000] {processor.py:829} INFO - Processing file /home/airflow/.local/lib/python3.8/site-packages/airflow/example_dags/example_xcomargs.py for tasks to queue
[2024-06-23T07:30:25.835+0000] {logging_mixin.py:154} INFO - [2024-06-23T07:30:25.835+0000] {dagbag.py:536} INFO - Filling up the DagBag from /home/airflow/.local/lib/python3.8/site-packages/airflow/example_dags/example_xcomargs.py
[2024-06-23T07:30:25.841+0000] {processor.py:839} INFO - DAG(s) dict_keys(['example_xcom_args', 'example_xcom_args_with_operators']) retrieved from /home/airflow/.local/lib/python3.8/site-packages/airflow/example_dags/example_xcomargs.py
[2024-06-23T07:30:25.860+0000] {logging_mixin.py:154} INFO - [2024-06-23T07:30:25.860+0000] {dag.py:2941} INFO - Sync 2 DAGs
[2024-06-23T07:30:25.868+0000] {logging_mixin.py:154} INFO - [2024-06-23T07:30:25.868+0000] {dag.py:3722} INFO - Setting next_dagrun for example_xcom_args to None, run_after=None
[2024-06-23T07:30:25.871+0000] {logging_mixin.py:154} INFO - [2024-06-23T07:30:25.871+0000] {dag.py:3722} INFO - Setting next_dagrun for example_xcom_args_with_operators to None, run_after=None
[2024-06-23T07:30:25.879+0000] {processor.py:179} INFO - Processing /home/airflow/.local/lib/python3.8/site-packages/airflow/example_dags/example_xcomargs.py took 0.051 seconds
[2024-06-23T07:30:55.954+0000] {processor.py:157} INFO - Started process (PID=25173) to work on /home/airflow/.local/lib/python3.8/site-packages/airflow/example_dags/example_xcomargs.py
[2024-06-23T07:30:55.955+0000] {processor.py:829} INFO - Processing file /home/airflow/.local/lib/python3.8/site-packages/airflow/example_dags/example_xcomargs.py for tasks to queue
[2024-06-23T07:30:55.956+0000] {logging_mixin.py:154} INFO - [2024-06-23T07:30:55.956+0000] {dagbag.py:536} INFO - Filling up the DagBag from /home/airflow/.local/lib/python3.8/site-packages/airflow/example_dags/example_xcomargs.py
[2024-06-23T07:30:55.962+0000] {processor.py:839} INFO - DAG(s) dict_keys(['example_xcom_args_with_operators', 'example_xcom_args']) retrieved from /home/airflow/.local/lib/python3.8/site-packages/airflow/example_dags/example_xcomargs.py
[2024-06-23T07:30:55.978+0000] {logging_mixin.py:154} INFO - [2024-06-23T07:30:55.977+0000] {dag.py:2941} INFO - Sync 2 DAGs
[2024-06-23T07:30:55.986+0000] {logging_mixin.py:154} INFO - [2024-06-23T07:30:55.986+0000] {dag.py:3722} INFO - Setting next_dagrun for example_xcom_args to None, run_after=None
[2024-06-23T07:30:55.988+0000] {logging_mixin.py:154} INFO - [2024-06-23T07:30:55.988+0000] {dag.py:3722} INFO - Setting next_dagrun for example_xcom_args_with_operators to None, run_after=None
[2024-06-23T07:30:55.999+0000] {processor.py:179} INFO - Processing /home/airflow/.local/lib/python3.8/site-packages/airflow/example_dags/example_xcomargs.py took 0.048 seconds
