[2024-06-23T01:24:24.524+0000] {processor.py:157} INFO - Started process (PID=13194) to work on /home/airflow/.local/lib/python3.8/site-packages/airflow/example_dags/example_params_ui_tutorial.py
[2024-06-23T01:24:24.526+0000] {processor.py:829} INFO - Processing file /home/airflow/.local/lib/python3.8/site-packages/airflow/example_dags/example_params_ui_tutorial.py for tasks to queue
[2024-06-23T01:24:24.527+0000] {logging_mixin.py:154} INFO - [2024-06-23T01:24:24.527+0000] {dagbag.py:536} INFO - Filling up the DagBag from /home/airflow/.local/lib/python3.8/site-packages/airflow/example_dags/example_params_ui_tutorial.py
[2024-06-23T01:24:24.547+0000] {processor.py:839} INFO - DAG(s) dict_keys(['example_params_ui_tutorial']) retrieved from /home/airflow/.local/lib/python3.8/site-packages/airflow/example_dags/example_params_ui_tutorial.py
[2024-06-23T01:24:24.678+0000] {logging_mixin.py:154} INFO - [2024-06-23T01:24:24.677+0000] {dag.py:2941} INFO - Sync 1 DAGs
[2024-06-23T01:24:24.688+0000] {logging_mixin.py:154} INFO - [2024-06-23T01:24:24.687+0000] {dag.py:3722} INFO - Setting next_dagrun for example_params_ui_tutorial to None, run_after=None
[2024-06-23T01:24:24.719+0000] {processor.py:179} INFO - Processing /home/airflow/.local/lib/python3.8/site-packages/airflow/example_dags/example_params_ui_tutorial.py took 0.197 seconds
[2024-06-23T02:48:33.337+0000] {processor.py:157} INFO - Started process (PID=13436) to work on /home/airflow/.local/lib/python3.8/site-packages/airflow/example_dags/example_params_ui_tutorial.py
[2024-06-23T02:48:33.338+0000] {processor.py:829} INFO - Processing file /home/airflow/.local/lib/python3.8/site-packages/airflow/example_dags/example_params_ui_tutorial.py for tasks to queue
[2024-06-23T02:48:33.339+0000] {logging_mixin.py:154} INFO - [2024-06-23T02:48:33.339+0000] {dagbag.py:536} INFO - Filling up the DagBag from /home/airflow/.local/lib/python3.8/site-packages/airflow/example_dags/example_params_ui_tutorial.py
[2024-06-23T02:48:33.357+0000] {processor.py:839} INFO - DAG(s) dict_keys(['example_params_ui_tutorial']) retrieved from /home/airflow/.local/lib/python3.8/site-packages/airflow/example_dags/example_params_ui_tutorial.py
[2024-06-23T02:48:33.394+0000] {logging_mixin.py:154} INFO - [2024-06-23T02:48:33.394+0000] {dag.py:2941} INFO - Sync 1 DAGs
[2024-06-23T02:48:33.402+0000] {logging_mixin.py:154} INFO - [2024-06-23T02:48:33.402+0000] {dag.py:3722} INFO - Setting next_dagrun for example_params_ui_tutorial to None, run_after=None
[2024-06-23T02:48:33.413+0000] {processor.py:179} INFO - Processing /home/airflow/.local/lib/python3.8/site-packages/airflow/example_dags/example_params_ui_tutorial.py took 0.078 seconds
[2024-06-23T04:09:04.332+0000] {processor.py:157} INFO - Started process (PID=13682) to work on /home/airflow/.local/lib/python3.8/site-packages/airflow/example_dags/example_params_ui_tutorial.py
[2024-06-23T04:09:04.333+0000] {processor.py:829} INFO - Processing file /home/airflow/.local/lib/python3.8/site-packages/airflow/example_dags/example_params_ui_tutorial.py for tasks to queue
[2024-06-23T04:09:04.334+0000] {logging_mixin.py:154} INFO - [2024-06-23T04:09:04.334+0000] {dagbag.py:536} INFO - Filling up the DagBag from /home/airflow/.local/lib/python3.8/site-packages/airflow/example_dags/example_params_ui_tutorial.py
[2024-06-23T04:09:04.355+0000] {processor.py:839} INFO - DAG(s) dict_keys(['example_params_ui_tutorial']) retrieved from /home/airflow/.local/lib/python3.8/site-packages/airflow/example_dags/example_params_ui_tutorial.py
[2024-06-23T04:09:04.385+0000] {logging_mixin.py:154} INFO - [2024-06-23T04:09:04.385+0000] {dag.py:2941} INFO - Sync 1 DAGs
[2024-06-23T04:09:04.394+0000] {logging_mixin.py:154} INFO - [2024-06-23T04:09:04.393+0000] {dag.py:3722} INFO - Setting next_dagrun for example_params_ui_tutorial to None, run_after=None
[2024-06-23T04:09:04.407+0000] {processor.py:179} INFO - Processing /home/airflow/.local/lib/python3.8/site-packages/airflow/example_dags/example_params_ui_tutorial.py took 0.077 seconds
[2024-06-23T05:49:43.284+0000] {processor.py:157} INFO - Started process (PID=13929) to work on /home/airflow/.local/lib/python3.8/site-packages/airflow/example_dags/example_params_ui_tutorial.py
[2024-06-23T05:49:43.285+0000] {processor.py:829} INFO - Processing file /home/airflow/.local/lib/python3.8/site-packages/airflow/example_dags/example_params_ui_tutorial.py for tasks to queue
[2024-06-23T05:49:43.286+0000] {logging_mixin.py:154} INFO - [2024-06-23T05:49:43.285+0000] {dagbag.py:536} INFO - Filling up the DagBag from /home/airflow/.local/lib/python3.8/site-packages/airflow/example_dags/example_params_ui_tutorial.py
[2024-06-23T05:49:43.303+0000] {processor.py:839} INFO - DAG(s) dict_keys(['example_params_ui_tutorial']) retrieved from /home/airflow/.local/lib/python3.8/site-packages/airflow/example_dags/example_params_ui_tutorial.py
[2024-06-23T05:49:43.330+0000] {logging_mixin.py:154} INFO - [2024-06-23T05:49:43.329+0000] {dag.py:2941} INFO - Sync 1 DAGs
[2024-06-23T05:49:43.337+0000] {logging_mixin.py:154} INFO - [2024-06-23T05:49:43.336+0000] {dag.py:3722} INFO - Setting next_dagrun for example_params_ui_tutorial to None, run_after=None
[2024-06-23T05:49:43.347+0000] {processor.py:179} INFO - Processing /home/airflow/.local/lib/python3.8/site-packages/airflow/example_dags/example_params_ui_tutorial.py took 0.065 seconds
[2024-06-23T07:07:59.445+0000] {processor.py:157} INFO - Started process (PID=14183) to work on /home/airflow/.local/lib/python3.8/site-packages/airflow/example_dags/example_params_ui_tutorial.py
[2024-06-23T07:07:59.446+0000] {processor.py:829} INFO - Processing file /home/airflow/.local/lib/python3.8/site-packages/airflow/example_dags/example_params_ui_tutorial.py for tasks to queue
[2024-06-23T07:07:59.446+0000] {logging_mixin.py:154} INFO - [2024-06-23T07:07:59.446+0000] {dagbag.py:536} INFO - Filling up the DagBag from /home/airflow/.local/lib/python3.8/site-packages/airflow/example_dags/example_params_ui_tutorial.py
[2024-06-23T07:07:59.467+0000] {processor.py:839} INFO - DAG(s) dict_keys(['example_params_ui_tutorial']) retrieved from /home/airflow/.local/lib/python3.8/site-packages/airflow/example_dags/example_params_ui_tutorial.py
[2024-06-23T07:07:59.498+0000] {logging_mixin.py:154} INFO - [2024-06-23T07:07:59.498+0000] {dag.py:2941} INFO - Sync 1 DAGs
[2024-06-23T07:07:59.508+0000] {logging_mixin.py:154} INFO - [2024-06-23T07:07:59.507+0000] {dag.py:3722} INFO - Setting next_dagrun for example_params_ui_tutorial to None, run_after=None
[2024-06-23T07:07:59.528+0000] {processor.py:179} INFO - Processing /home/airflow/.local/lib/python3.8/site-packages/airflow/example_dags/example_params_ui_tutorial.py took 0.085 seconds
[2024-06-23T07:08:30.283+0000] {processor.py:157} INFO - Started process (PID=14425) to work on /home/airflow/.local/lib/python3.8/site-packages/airflow/example_dags/example_params_ui_tutorial.py
[2024-06-23T07:08:30.284+0000] {processor.py:829} INFO - Processing file /home/airflow/.local/lib/python3.8/site-packages/airflow/example_dags/example_params_ui_tutorial.py for tasks to queue
[2024-06-23T07:08:30.285+0000] {logging_mixin.py:154} INFO - [2024-06-23T07:08:30.284+0000] {dagbag.py:536} INFO - Filling up the DagBag from /home/airflow/.local/lib/python3.8/site-packages/airflow/example_dags/example_params_ui_tutorial.py
[2024-06-23T07:08:30.306+0000] {processor.py:839} INFO - DAG(s) dict_keys(['example_params_ui_tutorial']) retrieved from /home/airflow/.local/lib/python3.8/site-packages/airflow/example_dags/example_params_ui_tutorial.py
[2024-06-23T07:08:30.335+0000] {logging_mixin.py:154} INFO - [2024-06-23T07:08:30.335+0000] {dag.py:2941} INFO - Sync 1 DAGs
[2024-06-23T07:08:30.347+0000] {logging_mixin.py:154} INFO - [2024-06-23T07:08:30.347+0000] {dag.py:3722} INFO - Setting next_dagrun for example_params_ui_tutorial to None, run_after=None
[2024-06-23T07:08:30.369+0000] {processor.py:179} INFO - Processing /home/airflow/.local/lib/python3.8/site-packages/airflow/example_dags/example_params_ui_tutorial.py took 0.088 seconds
[2024-06-23T07:09:00.782+0000] {processor.py:157} INFO - Started process (PID=14670) to work on /home/airflow/.local/lib/python3.8/site-packages/airflow/example_dags/example_params_ui_tutorial.py
[2024-06-23T07:09:00.783+0000] {processor.py:829} INFO - Processing file /home/airflow/.local/lib/python3.8/site-packages/airflow/example_dags/example_params_ui_tutorial.py for tasks to queue
[2024-06-23T07:09:00.783+0000] {logging_mixin.py:154} INFO - [2024-06-23T07:09:00.783+0000] {dagbag.py:536} INFO - Filling up the DagBag from /home/airflow/.local/lib/python3.8/site-packages/airflow/example_dags/example_params_ui_tutorial.py
[2024-06-23T07:09:00.806+0000] {processor.py:839} INFO - DAG(s) dict_keys(['example_params_ui_tutorial']) retrieved from /home/airflow/.local/lib/python3.8/site-packages/airflow/example_dags/example_params_ui_tutorial.py
[2024-06-23T07:09:00.842+0000] {logging_mixin.py:154} INFO - [2024-06-23T07:09:00.842+0000] {dag.py:2941} INFO - Sync 1 DAGs
[2024-06-23T07:09:00.854+0000] {logging_mixin.py:154} INFO - [2024-06-23T07:09:00.854+0000] {dag.py:3722} INFO - Setting next_dagrun for example_params_ui_tutorial to None, run_after=None
[2024-06-23T07:09:00.873+0000] {processor.py:179} INFO - Processing /home/airflow/.local/lib/python3.8/site-packages/airflow/example_dags/example_params_ui_tutorial.py took 0.094 seconds
[2024-06-23T07:09:31.716+0000] {processor.py:157} INFO - Started process (PID=14915) to work on /home/airflow/.local/lib/python3.8/site-packages/airflow/example_dags/example_params_ui_tutorial.py
[2024-06-23T07:09:31.717+0000] {processor.py:829} INFO - Processing file /home/airflow/.local/lib/python3.8/site-packages/airflow/example_dags/example_params_ui_tutorial.py for tasks to queue
[2024-06-23T07:09:31.718+0000] {logging_mixin.py:154} INFO - [2024-06-23T07:09:31.717+0000] {dagbag.py:536} INFO - Filling up the DagBag from /home/airflow/.local/lib/python3.8/site-packages/airflow/example_dags/example_params_ui_tutorial.py
[2024-06-23T07:09:31.737+0000] {processor.py:839} INFO - DAG(s) dict_keys(['example_params_ui_tutorial']) retrieved from /home/airflow/.local/lib/python3.8/site-packages/airflow/example_dags/example_params_ui_tutorial.py
[2024-06-23T07:09:31.764+0000] {logging_mixin.py:154} INFO - [2024-06-23T07:09:31.764+0000] {dag.py:2941} INFO - Sync 1 DAGs
[2024-06-23T07:09:31.773+0000] {logging_mixin.py:154} INFO - [2024-06-23T07:09:31.773+0000] {dag.py:3722} INFO - Setting next_dagrun for example_params_ui_tutorial to None, run_after=None
[2024-06-23T07:09:31.787+0000] {processor.py:179} INFO - Processing /home/airflow/.local/lib/python3.8/site-packages/airflow/example_dags/example_params_ui_tutorial.py took 0.074 seconds
[2024-06-23T07:10:01.963+0000] {processor.py:157} INFO - Started process (PID=15159) to work on /home/airflow/.local/lib/python3.8/site-packages/airflow/example_dags/example_params_ui_tutorial.py
[2024-06-23T07:10:01.964+0000] {processor.py:829} INFO - Processing file /home/airflow/.local/lib/python3.8/site-packages/airflow/example_dags/example_params_ui_tutorial.py for tasks to queue
[2024-06-23T07:10:01.965+0000] {logging_mixin.py:154} INFO - [2024-06-23T07:10:01.965+0000] {dagbag.py:536} INFO - Filling up the DagBag from /home/airflow/.local/lib/python3.8/site-packages/airflow/example_dags/example_params_ui_tutorial.py
[2024-06-23T07:10:01.986+0000] {processor.py:839} INFO - DAG(s) dict_keys(['example_params_ui_tutorial']) retrieved from /home/airflow/.local/lib/python3.8/site-packages/airflow/example_dags/example_params_ui_tutorial.py
[2024-06-23T07:10:02.017+0000] {logging_mixin.py:154} INFO - [2024-06-23T07:10:02.017+0000] {dag.py:2941} INFO - Sync 1 DAGs
[2024-06-23T07:10:02.025+0000] {logging_mixin.py:154} INFO - [2024-06-23T07:10:02.025+0000] {dag.py:3722} INFO - Setting next_dagrun for example_params_ui_tutorial to None, run_after=None
[2024-06-23T07:10:02.039+0000] {processor.py:179} INFO - Processing /home/airflow/.local/lib/python3.8/site-packages/airflow/example_dags/example_params_ui_tutorial.py took 0.078 seconds
[2024-06-23T07:10:33.127+0000] {processor.py:157} INFO - Started process (PID=15410) to work on /home/airflow/.local/lib/python3.8/site-packages/airflow/example_dags/example_params_ui_tutorial.py
[2024-06-23T07:10:33.128+0000] {processor.py:829} INFO - Processing file /home/airflow/.local/lib/python3.8/site-packages/airflow/example_dags/example_params_ui_tutorial.py for tasks to queue
[2024-06-23T07:10:33.129+0000] {logging_mixin.py:154} INFO - [2024-06-23T07:10:33.128+0000] {dagbag.py:536} INFO - Filling up the DagBag from /home/airflow/.local/lib/python3.8/site-packages/airflow/example_dags/example_params_ui_tutorial.py
[2024-06-23T07:10:33.152+0000] {processor.py:839} INFO - DAG(s) dict_keys(['example_params_ui_tutorial']) retrieved from /home/airflow/.local/lib/python3.8/site-packages/airflow/example_dags/example_params_ui_tutorial.py
[2024-06-23T07:10:33.204+0000] {logging_mixin.py:154} INFO - [2024-06-23T07:10:33.203+0000] {dag.py:2941} INFO - Sync 1 DAGs
[2024-06-23T07:10:33.215+0000] {logging_mixin.py:154} INFO - [2024-06-23T07:10:33.214+0000] {dag.py:3722} INFO - Setting next_dagrun for example_params_ui_tutorial to None, run_after=None
[2024-06-23T07:10:33.239+0000] {processor.py:179} INFO - Processing /home/airflow/.local/lib/python3.8/site-packages/airflow/example_dags/example_params_ui_tutorial.py took 0.116 seconds
[2024-06-23T07:11:03.523+0000] {processor.py:157} INFO - Started process (PID=15654) to work on /home/airflow/.local/lib/python3.8/site-packages/airflow/example_dags/example_params_ui_tutorial.py
[2024-06-23T07:11:03.525+0000] {processor.py:829} INFO - Processing file /home/airflow/.local/lib/python3.8/site-packages/airflow/example_dags/example_params_ui_tutorial.py for tasks to queue
[2024-06-23T07:11:03.526+0000] {logging_mixin.py:154} INFO - [2024-06-23T07:11:03.526+0000] {dagbag.py:536} INFO - Filling up the DagBag from /home/airflow/.local/lib/python3.8/site-packages/airflow/example_dags/example_params_ui_tutorial.py
[2024-06-23T07:11:03.546+0000] {processor.py:839} INFO - DAG(s) dict_keys(['example_params_ui_tutorial']) retrieved from /home/airflow/.local/lib/python3.8/site-packages/airflow/example_dags/example_params_ui_tutorial.py
[2024-06-23T07:11:03.574+0000] {logging_mixin.py:154} INFO - [2024-06-23T07:11:03.574+0000] {dag.py:2941} INFO - Sync 1 DAGs
[2024-06-23T07:11:03.581+0000] {logging_mixin.py:154} INFO - [2024-06-23T07:11:03.581+0000] {dag.py:3722} INFO - Setting next_dagrun for example_params_ui_tutorial to None, run_after=None
[2024-06-23T07:11:03.595+0000] {processor.py:179} INFO - Processing /home/airflow/.local/lib/python3.8/site-packages/airflow/example_dags/example_params_ui_tutorial.py took 0.073 seconds
[2024-06-23T07:11:34.020+0000] {processor.py:157} INFO - Started process (PID=15896) to work on /home/airflow/.local/lib/python3.8/site-packages/airflow/example_dags/example_params_ui_tutorial.py
[2024-06-23T07:11:34.021+0000] {processor.py:829} INFO - Processing file /home/airflow/.local/lib/python3.8/site-packages/airflow/example_dags/example_params_ui_tutorial.py for tasks to queue
[2024-06-23T07:11:34.022+0000] {logging_mixin.py:154} INFO - [2024-06-23T07:11:34.022+0000] {dagbag.py:536} INFO - Filling up the DagBag from /home/airflow/.local/lib/python3.8/site-packages/airflow/example_dags/example_params_ui_tutorial.py
[2024-06-23T07:11:34.041+0000] {processor.py:839} INFO - DAG(s) dict_keys(['example_params_ui_tutorial']) retrieved from /home/airflow/.local/lib/python3.8/site-packages/airflow/example_dags/example_params_ui_tutorial.py
[2024-06-23T07:11:34.064+0000] {logging_mixin.py:154} INFO - [2024-06-23T07:11:34.064+0000] {dag.py:2941} INFO - Sync 1 DAGs
[2024-06-23T07:11:34.070+0000] {logging_mixin.py:154} INFO - [2024-06-23T07:11:34.070+0000] {dag.py:3722} INFO - Setting next_dagrun for example_params_ui_tutorial to None, run_after=None
[2024-06-23T07:11:34.079+0000] {processor.py:179} INFO - Processing /home/airflow/.local/lib/python3.8/site-packages/airflow/example_dags/example_params_ui_tutorial.py took 0.062 seconds
[2024-06-23T07:12:04.539+0000] {processor.py:157} INFO - Started process (PID=16140) to work on /home/airflow/.local/lib/python3.8/site-packages/airflow/example_dags/example_params_ui_tutorial.py
[2024-06-23T07:12:04.542+0000] {processor.py:829} INFO - Processing file /home/airflow/.local/lib/python3.8/site-packages/airflow/example_dags/example_params_ui_tutorial.py for tasks to queue
[2024-06-23T07:12:04.544+0000] {logging_mixin.py:154} INFO - [2024-06-23T07:12:04.544+0000] {dagbag.py:536} INFO - Filling up the DagBag from /home/airflow/.local/lib/python3.8/site-packages/airflow/example_dags/example_params_ui_tutorial.py
[2024-06-23T07:12:04.571+0000] {processor.py:839} INFO - DAG(s) dict_keys(['example_params_ui_tutorial']) retrieved from /home/airflow/.local/lib/python3.8/site-packages/airflow/example_dags/example_params_ui_tutorial.py
[2024-06-23T07:12:04.630+0000] {logging_mixin.py:154} INFO - [2024-06-23T07:12:04.630+0000] {dag.py:2941} INFO - Sync 1 DAGs
[2024-06-23T07:12:04.648+0000] {logging_mixin.py:154} INFO - [2024-06-23T07:12:04.647+0000] {dag.py:3722} INFO - Setting next_dagrun for example_params_ui_tutorial to None, run_after=None
[2024-06-23T07:12:04.683+0000] {processor.py:179} INFO - Processing /home/airflow/.local/lib/python3.8/site-packages/airflow/example_dags/example_params_ui_tutorial.py took 0.146 seconds
[2024-06-23T07:12:35.239+0000] {processor.py:157} INFO - Started process (PID=16384) to work on /home/airflow/.local/lib/python3.8/site-packages/airflow/example_dags/example_params_ui_tutorial.py
[2024-06-23T07:12:35.240+0000] {processor.py:829} INFO - Processing file /home/airflow/.local/lib/python3.8/site-packages/airflow/example_dags/example_params_ui_tutorial.py for tasks to queue
[2024-06-23T07:12:35.241+0000] {logging_mixin.py:154} INFO - [2024-06-23T07:12:35.241+0000] {dagbag.py:536} INFO - Filling up the DagBag from /home/airflow/.local/lib/python3.8/site-packages/airflow/example_dags/example_params_ui_tutorial.py
[2024-06-23T07:12:35.263+0000] {processor.py:839} INFO - DAG(s) dict_keys(['example_params_ui_tutorial']) retrieved from /home/airflow/.local/lib/python3.8/site-packages/airflow/example_dags/example_params_ui_tutorial.py
[2024-06-23T07:12:35.296+0000] {logging_mixin.py:154} INFO - [2024-06-23T07:12:35.296+0000] {dag.py:2941} INFO - Sync 1 DAGs
[2024-06-23T07:12:35.304+0000] {logging_mixin.py:154} INFO - [2024-06-23T07:12:35.304+0000] {dag.py:3722} INFO - Setting next_dagrun for example_params_ui_tutorial to None, run_after=None
[2024-06-23T07:12:35.317+0000] {processor.py:179} INFO - Processing /home/airflow/.local/lib/python3.8/site-packages/airflow/example_dags/example_params_ui_tutorial.py took 0.081 seconds
[2024-06-23T07:13:05.506+0000] {processor.py:157} INFO - Started process (PID=16628) to work on /home/airflow/.local/lib/python3.8/site-packages/airflow/example_dags/example_params_ui_tutorial.py
[2024-06-23T07:13:05.507+0000] {processor.py:829} INFO - Processing file /home/airflow/.local/lib/python3.8/site-packages/airflow/example_dags/example_params_ui_tutorial.py for tasks to queue
[2024-06-23T07:13:05.509+0000] {logging_mixin.py:154} INFO - [2024-06-23T07:13:05.508+0000] {dagbag.py:536} INFO - Filling up the DagBag from /home/airflow/.local/lib/python3.8/site-packages/airflow/example_dags/example_params_ui_tutorial.py
[2024-06-23T07:13:05.539+0000] {processor.py:839} INFO - DAG(s) dict_keys(['example_params_ui_tutorial']) retrieved from /home/airflow/.local/lib/python3.8/site-packages/airflow/example_dags/example_params_ui_tutorial.py
[2024-06-23T07:13:05.573+0000] {logging_mixin.py:154} INFO - [2024-06-23T07:13:05.573+0000] {dag.py:2941} INFO - Sync 1 DAGs
[2024-06-23T07:13:05.581+0000] {logging_mixin.py:154} INFO - [2024-06-23T07:13:05.581+0000] {dag.py:3722} INFO - Setting next_dagrun for example_params_ui_tutorial to None, run_after=None
[2024-06-23T07:13:05.593+0000] {processor.py:179} INFO - Processing /home/airflow/.local/lib/python3.8/site-packages/airflow/example_dags/example_params_ui_tutorial.py took 0.091 seconds
[2024-06-23T07:13:36.524+0000] {processor.py:157} INFO - Started process (PID=16874) to work on /home/airflow/.local/lib/python3.8/site-packages/airflow/example_dags/example_params_ui_tutorial.py
[2024-06-23T07:13:36.525+0000] {processor.py:829} INFO - Processing file /home/airflow/.local/lib/python3.8/site-packages/airflow/example_dags/example_params_ui_tutorial.py for tasks to queue
[2024-06-23T07:13:36.527+0000] {logging_mixin.py:154} INFO - [2024-06-23T07:13:36.527+0000] {dagbag.py:536} INFO - Filling up the DagBag from /home/airflow/.local/lib/python3.8/site-packages/airflow/example_dags/example_params_ui_tutorial.py
[2024-06-23T07:13:36.556+0000] {processor.py:839} INFO - DAG(s) dict_keys(['example_params_ui_tutorial']) retrieved from /home/airflow/.local/lib/python3.8/site-packages/airflow/example_dags/example_params_ui_tutorial.py
[2024-06-23T07:13:36.587+0000] {logging_mixin.py:154} INFO - [2024-06-23T07:13:36.587+0000] {dag.py:2941} INFO - Sync 1 DAGs
[2024-06-23T07:13:36.597+0000] {logging_mixin.py:154} INFO - [2024-06-23T07:13:36.597+0000] {dag.py:3722} INFO - Setting next_dagrun for example_params_ui_tutorial to None, run_after=None
[2024-06-23T07:13:36.613+0000] {processor.py:179} INFO - Processing /home/airflow/.local/lib/python3.8/site-packages/airflow/example_dags/example_params_ui_tutorial.py took 0.092 seconds
[2024-06-23T07:14:07.321+0000] {processor.py:157} INFO - Started process (PID=17116) to work on /home/airflow/.local/lib/python3.8/site-packages/airflow/example_dags/example_params_ui_tutorial.py
[2024-06-23T07:14:07.322+0000] {processor.py:829} INFO - Processing file /home/airflow/.local/lib/python3.8/site-packages/airflow/example_dags/example_params_ui_tutorial.py for tasks to queue
[2024-06-23T07:14:07.323+0000] {logging_mixin.py:154} INFO - [2024-06-23T07:14:07.323+0000] {dagbag.py:536} INFO - Filling up the DagBag from /home/airflow/.local/lib/python3.8/site-packages/airflow/example_dags/example_params_ui_tutorial.py
[2024-06-23T07:14:07.349+0000] {processor.py:839} INFO - DAG(s) dict_keys(['example_params_ui_tutorial']) retrieved from /home/airflow/.local/lib/python3.8/site-packages/airflow/example_dags/example_params_ui_tutorial.py
[2024-06-23T07:14:07.381+0000] {logging_mixin.py:154} INFO - [2024-06-23T07:14:07.381+0000] {dag.py:2941} INFO - Sync 1 DAGs
[2024-06-23T07:14:07.396+0000] {logging_mixin.py:154} INFO - [2024-06-23T07:14:07.396+0000] {dag.py:3722} INFO - Setting next_dagrun for example_params_ui_tutorial to None, run_after=None
[2024-06-23T07:14:07.415+0000] {processor.py:179} INFO - Processing /home/airflow/.local/lib/python3.8/site-packages/airflow/example_dags/example_params_ui_tutorial.py took 0.097 seconds
[2024-06-23T07:14:37.986+0000] {processor.py:157} INFO - Started process (PID=17362) to work on /home/airflow/.local/lib/python3.8/site-packages/airflow/example_dags/example_params_ui_tutorial.py
[2024-06-23T07:14:37.988+0000] {processor.py:829} INFO - Processing file /home/airflow/.local/lib/python3.8/site-packages/airflow/example_dags/example_params_ui_tutorial.py for tasks to queue
[2024-06-23T07:14:37.990+0000] {logging_mixin.py:154} INFO - [2024-06-23T07:14:37.990+0000] {dagbag.py:536} INFO - Filling up the DagBag from /home/airflow/.local/lib/python3.8/site-packages/airflow/example_dags/example_params_ui_tutorial.py
[2024-06-23T07:14:38.050+0000] {processor.py:839} INFO - DAG(s) dict_keys(['example_params_ui_tutorial']) retrieved from /home/airflow/.local/lib/python3.8/site-packages/airflow/example_dags/example_params_ui_tutorial.py
[2024-06-23T07:14:38.086+0000] {logging_mixin.py:154} INFO - [2024-06-23T07:14:38.086+0000] {dag.py:2941} INFO - Sync 1 DAGs
[2024-06-23T07:14:38.096+0000] {logging_mixin.py:154} INFO - [2024-06-23T07:14:38.095+0000] {dag.py:3722} INFO - Setting next_dagrun for example_params_ui_tutorial to None, run_after=None
[2024-06-23T07:14:38.110+0000] {processor.py:179} INFO - Processing /home/airflow/.local/lib/python3.8/site-packages/airflow/example_dags/example_params_ui_tutorial.py took 0.130 seconds
[2024-06-23T07:15:08.304+0000] {processor.py:157} INFO - Started process (PID=17605) to work on /home/airflow/.local/lib/python3.8/site-packages/airflow/example_dags/example_params_ui_tutorial.py
[2024-06-23T07:15:08.305+0000] {processor.py:829} INFO - Processing file /home/airflow/.local/lib/python3.8/site-packages/airflow/example_dags/example_params_ui_tutorial.py for tasks to queue
[2024-06-23T07:15:08.305+0000] {logging_mixin.py:154} INFO - [2024-06-23T07:15:08.305+0000] {dagbag.py:536} INFO - Filling up the DagBag from /home/airflow/.local/lib/python3.8/site-packages/airflow/example_dags/example_params_ui_tutorial.py
[2024-06-23T07:15:08.325+0000] {processor.py:839} INFO - DAG(s) dict_keys(['example_params_ui_tutorial']) retrieved from /home/airflow/.local/lib/python3.8/site-packages/airflow/example_dags/example_params_ui_tutorial.py
[2024-06-23T07:15:08.355+0000] {logging_mixin.py:154} INFO - [2024-06-23T07:15:08.355+0000] {dag.py:2941} INFO - Sync 1 DAGs
[2024-06-23T07:15:08.366+0000] {logging_mixin.py:154} INFO - [2024-06-23T07:15:08.366+0000] {dag.py:3722} INFO - Setting next_dagrun for example_params_ui_tutorial to None, run_after=None
[2024-06-23T07:15:08.388+0000] {processor.py:179} INFO - Processing /home/airflow/.local/lib/python3.8/site-packages/airflow/example_dags/example_params_ui_tutorial.py took 0.086 seconds
[2024-06-23T07:15:39.459+0000] {processor.py:157} INFO - Started process (PID=17848) to work on /home/airflow/.local/lib/python3.8/site-packages/airflow/example_dags/example_params_ui_tutorial.py
[2024-06-23T07:15:39.460+0000] {processor.py:829} INFO - Processing file /home/airflow/.local/lib/python3.8/site-packages/airflow/example_dags/example_params_ui_tutorial.py for tasks to queue
[2024-06-23T07:15:39.460+0000] {logging_mixin.py:154} INFO - [2024-06-23T07:15:39.460+0000] {dagbag.py:536} INFO - Filling up the DagBag from /home/airflow/.local/lib/python3.8/site-packages/airflow/example_dags/example_params_ui_tutorial.py
[2024-06-23T07:15:39.481+0000] {processor.py:839} INFO - DAG(s) dict_keys(['example_params_ui_tutorial']) retrieved from /home/airflow/.local/lib/python3.8/site-packages/airflow/example_dags/example_params_ui_tutorial.py
[2024-06-23T07:15:39.519+0000] {logging_mixin.py:154} INFO - [2024-06-23T07:15:39.518+0000] {dag.py:2941} INFO - Sync 1 DAGs
[2024-06-23T07:15:39.528+0000] {logging_mixin.py:154} INFO - [2024-06-23T07:15:39.528+0000] {dag.py:3722} INFO - Setting next_dagrun for example_params_ui_tutorial to None, run_after=None
[2024-06-23T07:15:39.553+0000] {processor.py:179} INFO - Processing /home/airflow/.local/lib/python3.8/site-packages/airflow/example_dags/example_params_ui_tutorial.py took 0.097 seconds
[2024-06-23T07:16:10.095+0000] {processor.py:157} INFO - Started process (PID=18092) to work on /home/airflow/.local/lib/python3.8/site-packages/airflow/example_dags/example_params_ui_tutorial.py
[2024-06-23T07:16:10.096+0000] {processor.py:829} INFO - Processing file /home/airflow/.local/lib/python3.8/site-packages/airflow/example_dags/example_params_ui_tutorial.py for tasks to queue
[2024-06-23T07:16:10.097+0000] {logging_mixin.py:154} INFO - [2024-06-23T07:16:10.096+0000] {dagbag.py:536} INFO - Filling up the DagBag from /home/airflow/.local/lib/python3.8/site-packages/airflow/example_dags/example_params_ui_tutorial.py
[2024-06-23T07:16:10.115+0000] {processor.py:839} INFO - DAG(s) dict_keys(['example_params_ui_tutorial']) retrieved from /home/airflow/.local/lib/python3.8/site-packages/airflow/example_dags/example_params_ui_tutorial.py
[2024-06-23T07:16:10.141+0000] {logging_mixin.py:154} INFO - [2024-06-23T07:16:10.141+0000] {dag.py:2941} INFO - Sync 1 DAGs
[2024-06-23T07:16:10.148+0000] {logging_mixin.py:154} INFO - [2024-06-23T07:16:10.148+0000] {dag.py:3722} INFO - Setting next_dagrun for example_params_ui_tutorial to None, run_after=None
[2024-06-23T07:16:10.161+0000] {processor.py:179} INFO - Processing /home/airflow/.local/lib/python3.8/site-packages/airflow/example_dags/example_params_ui_tutorial.py took 0.067 seconds
[2024-06-23T07:16:41.289+0000] {processor.py:157} INFO - Started process (PID=18338) to work on /home/airflow/.local/lib/python3.8/site-packages/airflow/example_dags/example_params_ui_tutorial.py
[2024-06-23T07:16:41.290+0000] {processor.py:829} INFO - Processing file /home/airflow/.local/lib/python3.8/site-packages/airflow/example_dags/example_params_ui_tutorial.py for tasks to queue
[2024-06-23T07:16:41.291+0000] {logging_mixin.py:154} INFO - [2024-06-23T07:16:41.291+0000] {dagbag.py:536} INFO - Filling up the DagBag from /home/airflow/.local/lib/python3.8/site-packages/airflow/example_dags/example_params_ui_tutorial.py
[2024-06-23T07:16:41.312+0000] {processor.py:839} INFO - DAG(s) dict_keys(['example_params_ui_tutorial']) retrieved from /home/airflow/.local/lib/python3.8/site-packages/airflow/example_dags/example_params_ui_tutorial.py
[2024-06-23T07:16:41.352+0000] {logging_mixin.py:154} INFO - [2024-06-23T07:16:41.352+0000] {dag.py:2941} INFO - Sync 1 DAGs
[2024-06-23T07:16:41.361+0000] {logging_mixin.py:154} INFO - [2024-06-23T07:16:41.360+0000] {dag.py:3722} INFO - Setting next_dagrun for example_params_ui_tutorial to None, run_after=None
[2024-06-23T07:16:41.375+0000] {processor.py:179} INFO - Processing /home/airflow/.local/lib/python3.8/site-packages/airflow/example_dags/example_params_ui_tutorial.py took 0.089 seconds
[2024-06-23T07:17:11.498+0000] {processor.py:157} INFO - Started process (PID=18580) to work on /home/airflow/.local/lib/python3.8/site-packages/airflow/example_dags/example_params_ui_tutorial.py
[2024-06-23T07:17:11.499+0000] {processor.py:829} INFO - Processing file /home/airflow/.local/lib/python3.8/site-packages/airflow/example_dags/example_params_ui_tutorial.py for tasks to queue
[2024-06-23T07:17:11.499+0000] {logging_mixin.py:154} INFO - [2024-06-23T07:17:11.499+0000] {dagbag.py:536} INFO - Filling up the DagBag from /home/airflow/.local/lib/python3.8/site-packages/airflow/example_dags/example_params_ui_tutorial.py
[2024-06-23T07:17:11.518+0000] {processor.py:839} INFO - DAG(s) dict_keys(['example_params_ui_tutorial']) retrieved from /home/airflow/.local/lib/python3.8/site-packages/airflow/example_dags/example_params_ui_tutorial.py
[2024-06-23T07:17:11.556+0000] {logging_mixin.py:154} INFO - [2024-06-23T07:17:11.556+0000] {dag.py:2941} INFO - Sync 1 DAGs
[2024-06-23T07:17:11.566+0000] {logging_mixin.py:154} INFO - [2024-06-23T07:17:11.566+0000] {dag.py:3722} INFO - Setting next_dagrun for example_params_ui_tutorial to None, run_after=None
[2024-06-23T07:17:11.589+0000] {processor.py:179} INFO - Processing /home/airflow/.local/lib/python3.8/site-packages/airflow/example_dags/example_params_ui_tutorial.py took 0.093 seconds
[2024-06-23T07:17:41.906+0000] {processor.py:157} INFO - Started process (PID=18818) to work on /home/airflow/.local/lib/python3.8/site-packages/airflow/example_dags/example_params_ui_tutorial.py
[2024-06-23T07:17:41.907+0000] {processor.py:829} INFO - Processing file /home/airflow/.local/lib/python3.8/site-packages/airflow/example_dags/example_params_ui_tutorial.py for tasks to queue
[2024-06-23T07:17:41.908+0000] {logging_mixin.py:154} INFO - [2024-06-23T07:17:41.908+0000] {dagbag.py:536} INFO - Filling up the DagBag from /home/airflow/.local/lib/python3.8/site-packages/airflow/example_dags/example_params_ui_tutorial.py
[2024-06-23T07:17:41.928+0000] {processor.py:839} INFO - DAG(s) dict_keys(['example_params_ui_tutorial']) retrieved from /home/airflow/.local/lib/python3.8/site-packages/airflow/example_dags/example_params_ui_tutorial.py
[2024-06-23T07:17:41.956+0000] {logging_mixin.py:154} INFO - [2024-06-23T07:17:41.956+0000] {dag.py:2941} INFO - Sync 1 DAGs
[2024-06-23T07:17:41.965+0000] {logging_mixin.py:154} INFO - [2024-06-23T07:17:41.964+0000] {dag.py:3722} INFO - Setting next_dagrun for example_params_ui_tutorial to None, run_after=None
[2024-06-23T07:17:41.977+0000] {processor.py:179} INFO - Processing /home/airflow/.local/lib/python3.8/site-packages/airflow/example_dags/example_params_ui_tutorial.py took 0.073 seconds
[2024-06-23T07:18:12.194+0000] {processor.py:157} INFO - Started process (PID=19064) to work on /home/airflow/.local/lib/python3.8/site-packages/airflow/example_dags/example_params_ui_tutorial.py
[2024-06-23T07:18:12.195+0000] {processor.py:829} INFO - Processing file /home/airflow/.local/lib/python3.8/site-packages/airflow/example_dags/example_params_ui_tutorial.py for tasks to queue
[2024-06-23T07:18:12.197+0000] {logging_mixin.py:154} INFO - [2024-06-23T07:18:12.196+0000] {dagbag.py:536} INFO - Filling up the DagBag from /home/airflow/.local/lib/python3.8/site-packages/airflow/example_dags/example_params_ui_tutorial.py
[2024-06-23T07:18:12.225+0000] {processor.py:839} INFO - DAG(s) dict_keys(['example_params_ui_tutorial']) retrieved from /home/airflow/.local/lib/python3.8/site-packages/airflow/example_dags/example_params_ui_tutorial.py
[2024-06-23T07:18:12.258+0000] {logging_mixin.py:154} INFO - [2024-06-23T07:18:12.258+0000] {dag.py:2941} INFO - Sync 1 DAGs
[2024-06-23T07:18:12.266+0000] {logging_mixin.py:154} INFO - [2024-06-23T07:18:12.266+0000] {dag.py:3722} INFO - Setting next_dagrun for example_params_ui_tutorial to None, run_after=None
[2024-06-23T07:18:12.279+0000] {processor.py:179} INFO - Processing /home/airflow/.local/lib/python3.8/site-packages/airflow/example_dags/example_params_ui_tutorial.py took 0.089 seconds
[2024-06-23T07:18:42.347+0000] {processor.py:157} INFO - Started process (PID=19308) to work on /home/airflow/.local/lib/python3.8/site-packages/airflow/example_dags/example_params_ui_tutorial.py
[2024-06-23T07:18:42.348+0000] {processor.py:829} INFO - Processing file /home/airflow/.local/lib/python3.8/site-packages/airflow/example_dags/example_params_ui_tutorial.py for tasks to queue
[2024-06-23T07:18:42.349+0000] {logging_mixin.py:154} INFO - [2024-06-23T07:18:42.349+0000] {dagbag.py:536} INFO - Filling up the DagBag from /home/airflow/.local/lib/python3.8/site-packages/airflow/example_dags/example_params_ui_tutorial.py
[2024-06-23T07:18:42.368+0000] {processor.py:839} INFO - DAG(s) dict_keys(['example_params_ui_tutorial']) retrieved from /home/airflow/.local/lib/python3.8/site-packages/airflow/example_dags/example_params_ui_tutorial.py
[2024-06-23T07:18:42.396+0000] {logging_mixin.py:154} INFO - [2024-06-23T07:18:42.396+0000] {dag.py:2941} INFO - Sync 1 DAGs
[2024-06-23T07:18:42.405+0000] {logging_mixin.py:154} INFO - [2024-06-23T07:18:42.405+0000] {dag.py:3722} INFO - Setting next_dagrun for example_params_ui_tutorial to None, run_after=None
[2024-06-23T07:18:42.421+0000] {processor.py:179} INFO - Processing /home/airflow/.local/lib/python3.8/site-packages/airflow/example_dags/example_params_ui_tutorial.py took 0.075 seconds
[2024-06-23T07:19:12.482+0000] {processor.py:157} INFO - Started process (PID=19549) to work on /home/airflow/.local/lib/python3.8/site-packages/airflow/example_dags/example_params_ui_tutorial.py
[2024-06-23T07:19:12.483+0000] {processor.py:829} INFO - Processing file /home/airflow/.local/lib/python3.8/site-packages/airflow/example_dags/example_params_ui_tutorial.py for tasks to queue
[2024-06-23T07:19:12.483+0000] {logging_mixin.py:154} INFO - [2024-06-23T07:19:12.483+0000] {dagbag.py:536} INFO - Filling up the DagBag from /home/airflow/.local/lib/python3.8/site-packages/airflow/example_dags/example_params_ui_tutorial.py
[2024-06-23T07:19:12.500+0000] {processor.py:839} INFO - DAG(s) dict_keys(['example_params_ui_tutorial']) retrieved from /home/airflow/.local/lib/python3.8/site-packages/airflow/example_dags/example_params_ui_tutorial.py
[2024-06-23T07:19:12.525+0000] {logging_mixin.py:154} INFO - [2024-06-23T07:19:12.525+0000] {dag.py:2941} INFO - Sync 1 DAGs
[2024-06-23T07:19:12.535+0000] {logging_mixin.py:154} INFO - [2024-06-23T07:19:12.535+0000] {dag.py:3722} INFO - Setting next_dagrun for example_params_ui_tutorial to None, run_after=None
[2024-06-23T07:19:12.555+0000] {processor.py:179} INFO - Processing /home/airflow/.local/lib/python3.8/site-packages/airflow/example_dags/example_params_ui_tutorial.py took 0.074 seconds
[2024-06-23T07:19:43.933+0000] {processor.py:157} INFO - Started process (PID=19795) to work on /home/airflow/.local/lib/python3.8/site-packages/airflow/example_dags/example_params_ui_tutorial.py
[2024-06-23T07:19:43.934+0000] {processor.py:829} INFO - Processing file /home/airflow/.local/lib/python3.8/site-packages/airflow/example_dags/example_params_ui_tutorial.py for tasks to queue
[2024-06-23T07:19:43.939+0000] {logging_mixin.py:154} INFO - [2024-06-23T07:19:43.939+0000] {dagbag.py:536} INFO - Filling up the DagBag from /home/airflow/.local/lib/python3.8/site-packages/airflow/example_dags/example_params_ui_tutorial.py
[2024-06-23T07:19:43.985+0000] {processor.py:839} INFO - DAG(s) dict_keys(['example_params_ui_tutorial']) retrieved from /home/airflow/.local/lib/python3.8/site-packages/airflow/example_dags/example_params_ui_tutorial.py
[2024-06-23T07:19:44.039+0000] {logging_mixin.py:154} INFO - [2024-06-23T07:19:44.038+0000] {dag.py:2941} INFO - Sync 1 DAGs
[2024-06-23T07:19:44.053+0000] {logging_mixin.py:154} INFO - [2024-06-23T07:19:44.053+0000] {dag.py:3722} INFO - Setting next_dagrun for example_params_ui_tutorial to None, run_after=None
[2024-06-23T07:19:44.074+0000] {processor.py:179} INFO - Processing /home/airflow/.local/lib/python3.8/site-packages/airflow/example_dags/example_params_ui_tutorial.py took 0.145 seconds
[2024-06-23T07:20:14.194+0000] {processor.py:157} INFO - Started process (PID=20043) to work on /home/airflow/.local/lib/python3.8/site-packages/airflow/example_dags/example_params_ui_tutorial.py
[2024-06-23T07:20:14.194+0000] {processor.py:829} INFO - Processing file /home/airflow/.local/lib/python3.8/site-packages/airflow/example_dags/example_params_ui_tutorial.py for tasks to queue
[2024-06-23T07:20:14.195+0000] {logging_mixin.py:154} INFO - [2024-06-23T07:20:14.195+0000] {dagbag.py:536} INFO - Filling up the DagBag from /home/airflow/.local/lib/python3.8/site-packages/airflow/example_dags/example_params_ui_tutorial.py
[2024-06-23T07:20:14.212+0000] {processor.py:839} INFO - DAG(s) dict_keys(['example_params_ui_tutorial']) retrieved from /home/airflow/.local/lib/python3.8/site-packages/airflow/example_dags/example_params_ui_tutorial.py
[2024-06-23T07:20:14.235+0000] {logging_mixin.py:154} INFO - [2024-06-23T07:20:14.234+0000] {dag.py:2941} INFO - Sync 1 DAGs
[2024-06-23T07:20:14.240+0000] {logging_mixin.py:154} INFO - [2024-06-23T07:20:14.240+0000] {dag.py:3722} INFO - Setting next_dagrun for example_params_ui_tutorial to None, run_after=None
[2024-06-23T07:20:14.249+0000] {processor.py:179} INFO - Processing /home/airflow/.local/lib/python3.8/site-packages/airflow/example_dags/example_params_ui_tutorial.py took 0.057 seconds
[2024-06-23T07:20:44.987+0000] {processor.py:157} INFO - Started process (PID=20281) to work on /home/airflow/.local/lib/python3.8/site-packages/airflow/example_dags/example_params_ui_tutorial.py
[2024-06-23T07:20:44.988+0000] {processor.py:829} INFO - Processing file /home/airflow/.local/lib/python3.8/site-packages/airflow/example_dags/example_params_ui_tutorial.py for tasks to queue
[2024-06-23T07:20:44.988+0000] {logging_mixin.py:154} INFO - [2024-06-23T07:20:44.988+0000] {dagbag.py:536} INFO - Filling up the DagBag from /home/airflow/.local/lib/python3.8/site-packages/airflow/example_dags/example_params_ui_tutorial.py
[2024-06-23T07:20:45.006+0000] {processor.py:839} INFO - DAG(s) dict_keys(['example_params_ui_tutorial']) retrieved from /home/airflow/.local/lib/python3.8/site-packages/airflow/example_dags/example_params_ui_tutorial.py
[2024-06-23T07:20:45.030+0000] {logging_mixin.py:154} INFO - [2024-06-23T07:20:45.030+0000] {dag.py:2941} INFO - Sync 1 DAGs
[2024-06-23T07:20:45.036+0000] {logging_mixin.py:154} INFO - [2024-06-23T07:20:45.036+0000] {dag.py:3722} INFO - Setting next_dagrun for example_params_ui_tutorial to None, run_after=None
[2024-06-23T07:20:45.046+0000] {processor.py:179} INFO - Processing /home/airflow/.local/lib/python3.8/site-packages/airflow/example_dags/example_params_ui_tutorial.py took 0.060 seconds
[2024-06-23T07:21:15.242+0000] {processor.py:157} INFO - Started process (PID=20525) to work on /home/airflow/.local/lib/python3.8/site-packages/airflow/example_dags/example_params_ui_tutorial.py
[2024-06-23T07:21:15.242+0000] {processor.py:829} INFO - Processing file /home/airflow/.local/lib/python3.8/site-packages/airflow/example_dags/example_params_ui_tutorial.py for tasks to queue
[2024-06-23T07:21:15.243+0000] {logging_mixin.py:154} INFO - [2024-06-23T07:21:15.243+0000] {dagbag.py:536} INFO - Filling up the DagBag from /home/airflow/.local/lib/python3.8/site-packages/airflow/example_dags/example_params_ui_tutorial.py
[2024-06-23T07:21:15.266+0000] {processor.py:839} INFO - DAG(s) dict_keys(['example_params_ui_tutorial']) retrieved from /home/airflow/.local/lib/python3.8/site-packages/airflow/example_dags/example_params_ui_tutorial.py
[2024-06-23T07:21:15.294+0000] {logging_mixin.py:154} INFO - [2024-06-23T07:21:15.294+0000] {dag.py:2941} INFO - Sync 1 DAGs
[2024-06-23T07:21:15.303+0000] {logging_mixin.py:154} INFO - [2024-06-23T07:21:15.302+0000] {dag.py:3722} INFO - Setting next_dagrun for example_params_ui_tutorial to None, run_after=None
[2024-06-23T07:21:15.312+0000] {processor.py:179} INFO - Processing /home/airflow/.local/lib/python3.8/site-packages/airflow/example_dags/example_params_ui_tutorial.py took 0.072 seconds
[2024-06-23T07:21:46.321+0000] {processor.py:157} INFO - Started process (PID=20769) to work on /home/airflow/.local/lib/python3.8/site-packages/airflow/example_dags/example_params_ui_tutorial.py
[2024-06-23T07:21:46.323+0000] {processor.py:829} INFO - Processing file /home/airflow/.local/lib/python3.8/site-packages/airflow/example_dags/example_params_ui_tutorial.py for tasks to queue
[2024-06-23T07:21:46.324+0000] {logging_mixin.py:154} INFO - [2024-06-23T07:21:46.324+0000] {dagbag.py:536} INFO - Filling up the DagBag from /home/airflow/.local/lib/python3.8/site-packages/airflow/example_dags/example_params_ui_tutorial.py
[2024-06-23T07:21:46.350+0000] {processor.py:839} INFO - DAG(s) dict_keys(['example_params_ui_tutorial']) retrieved from /home/airflow/.local/lib/python3.8/site-packages/airflow/example_dags/example_params_ui_tutorial.py
[2024-06-23T07:21:46.379+0000] {logging_mixin.py:154} INFO - [2024-06-23T07:21:46.379+0000] {dag.py:2941} INFO - Sync 1 DAGs
[2024-06-23T07:21:46.388+0000] {logging_mixin.py:154} INFO - [2024-06-23T07:21:46.388+0000] {dag.py:3722} INFO - Setting next_dagrun for example_params_ui_tutorial to None, run_after=None
[2024-06-23T07:21:46.398+0000] {processor.py:179} INFO - Processing /home/airflow/.local/lib/python3.8/site-packages/airflow/example_dags/example_params_ui_tutorial.py took 0.081 seconds
[2024-06-23T07:22:17.143+0000] {processor.py:157} INFO - Started process (PID=21013) to work on /home/airflow/.local/lib/python3.8/site-packages/airflow/example_dags/example_params_ui_tutorial.py
[2024-06-23T07:22:17.145+0000] {processor.py:829} INFO - Processing file /home/airflow/.local/lib/python3.8/site-packages/airflow/example_dags/example_params_ui_tutorial.py for tasks to queue
[2024-06-23T07:22:17.146+0000] {logging_mixin.py:154} INFO - [2024-06-23T07:22:17.146+0000] {dagbag.py:536} INFO - Filling up the DagBag from /home/airflow/.local/lib/python3.8/site-packages/airflow/example_dags/example_params_ui_tutorial.py
[2024-06-23T07:22:17.178+0000] {processor.py:839} INFO - DAG(s) dict_keys(['example_params_ui_tutorial']) retrieved from /home/airflow/.local/lib/python3.8/site-packages/airflow/example_dags/example_params_ui_tutorial.py
[2024-06-23T07:22:17.209+0000] {logging_mixin.py:154} INFO - [2024-06-23T07:22:17.209+0000] {dag.py:2941} INFO - Sync 1 DAGs
[2024-06-23T07:22:17.217+0000] {logging_mixin.py:154} INFO - [2024-06-23T07:22:17.216+0000] {dag.py:3722} INFO - Setting next_dagrun for example_params_ui_tutorial to None, run_after=None
[2024-06-23T07:22:17.227+0000] {processor.py:179} INFO - Processing /home/airflow/.local/lib/python3.8/site-packages/airflow/example_dags/example_params_ui_tutorial.py took 0.088 seconds
[2024-06-23T07:22:47.933+0000] {processor.py:157} INFO - Started process (PID=21257) to work on /home/airflow/.local/lib/python3.8/site-packages/airflow/example_dags/example_params_ui_tutorial.py
[2024-06-23T07:22:47.935+0000] {processor.py:829} INFO - Processing file /home/airflow/.local/lib/python3.8/site-packages/airflow/example_dags/example_params_ui_tutorial.py for tasks to queue
[2024-06-23T07:22:47.936+0000] {logging_mixin.py:154} INFO - [2024-06-23T07:22:47.936+0000] {dagbag.py:536} INFO - Filling up the DagBag from /home/airflow/.local/lib/python3.8/site-packages/airflow/example_dags/example_params_ui_tutorial.py
[2024-06-23T07:22:47.965+0000] {processor.py:839} INFO - DAG(s) dict_keys(['example_params_ui_tutorial']) retrieved from /home/airflow/.local/lib/python3.8/site-packages/airflow/example_dags/example_params_ui_tutorial.py
[2024-06-23T07:22:47.992+0000] {logging_mixin.py:154} INFO - [2024-06-23T07:22:47.992+0000] {dag.py:2941} INFO - Sync 1 DAGs
[2024-06-23T07:22:47.998+0000] {logging_mixin.py:154} INFO - [2024-06-23T07:22:47.998+0000] {dag.py:3722} INFO - Setting next_dagrun for example_params_ui_tutorial to None, run_after=None
[2024-06-23T07:22:48.007+0000] {processor.py:179} INFO - Processing /home/airflow/.local/lib/python3.8/site-packages/airflow/example_dags/example_params_ui_tutorial.py took 0.078 seconds
[2024-06-23T07:23:18.057+0000] {processor.py:157} INFO - Started process (PID=21501) to work on /home/airflow/.local/lib/python3.8/site-packages/airflow/example_dags/example_params_ui_tutorial.py
[2024-06-23T07:23:18.060+0000] {processor.py:829} INFO - Processing file /home/airflow/.local/lib/python3.8/site-packages/airflow/example_dags/example_params_ui_tutorial.py for tasks to queue
[2024-06-23T07:23:18.063+0000] {logging_mixin.py:154} INFO - [2024-06-23T07:23:18.063+0000] {dagbag.py:536} INFO - Filling up the DagBag from /home/airflow/.local/lib/python3.8/site-packages/airflow/example_dags/example_params_ui_tutorial.py
[2024-06-23T07:23:18.096+0000] {processor.py:839} INFO - DAG(s) dict_keys(['example_params_ui_tutorial']) retrieved from /home/airflow/.local/lib/python3.8/site-packages/airflow/example_dags/example_params_ui_tutorial.py
[2024-06-23T07:23:18.140+0000] {logging_mixin.py:154} INFO - [2024-06-23T07:23:18.140+0000] {dag.py:2941} INFO - Sync 1 DAGs
[2024-06-23T07:23:18.149+0000] {logging_mixin.py:154} INFO - [2024-06-23T07:23:18.149+0000] {dag.py:3722} INFO - Setting next_dagrun for example_params_ui_tutorial to None, run_after=None
[2024-06-23T07:23:18.163+0000] {processor.py:179} INFO - Processing /home/airflow/.local/lib/python3.8/site-packages/airflow/example_dags/example_params_ui_tutorial.py took 0.109 seconds
[2024-06-23T07:23:48.542+0000] {processor.py:157} INFO - Started process (PID=21745) to work on /home/airflow/.local/lib/python3.8/site-packages/airflow/example_dags/example_params_ui_tutorial.py
[2024-06-23T07:23:48.544+0000] {processor.py:829} INFO - Processing file /home/airflow/.local/lib/python3.8/site-packages/airflow/example_dags/example_params_ui_tutorial.py for tasks to queue
[2024-06-23T07:23:48.544+0000] {logging_mixin.py:154} INFO - [2024-06-23T07:23:48.544+0000] {dagbag.py:536} INFO - Filling up the DagBag from /home/airflow/.local/lib/python3.8/site-packages/airflow/example_dags/example_params_ui_tutorial.py
[2024-06-23T07:23:48.563+0000] {processor.py:839} INFO - DAG(s) dict_keys(['example_params_ui_tutorial']) retrieved from /home/airflow/.local/lib/python3.8/site-packages/airflow/example_dags/example_params_ui_tutorial.py
[2024-06-23T07:23:48.592+0000] {logging_mixin.py:154} INFO - [2024-06-23T07:23:48.592+0000] {dag.py:2941} INFO - Sync 1 DAGs
[2024-06-23T07:23:48.601+0000] {logging_mixin.py:154} INFO - [2024-06-23T07:23:48.601+0000] {dag.py:3722} INFO - Setting next_dagrun for example_params_ui_tutorial to None, run_after=None
[2024-06-23T07:23:48.618+0000] {processor.py:179} INFO - Processing /home/airflow/.local/lib/python3.8/site-packages/airflow/example_dags/example_params_ui_tutorial.py took 0.077 seconds
[2024-06-23T07:24:18.635+0000] {processor.py:157} INFO - Started process (PID=21992) to work on /home/airflow/.local/lib/python3.8/site-packages/airflow/example_dags/example_params_ui_tutorial.py
[2024-06-23T07:24:18.636+0000] {processor.py:829} INFO - Processing file /home/airflow/.local/lib/python3.8/site-packages/airflow/example_dags/example_params_ui_tutorial.py for tasks to queue
[2024-06-23T07:24:18.636+0000] {logging_mixin.py:154} INFO - [2024-06-23T07:24:18.636+0000] {dagbag.py:536} INFO - Filling up the DagBag from /home/airflow/.local/lib/python3.8/site-packages/airflow/example_dags/example_params_ui_tutorial.py
[2024-06-23T07:24:18.655+0000] {processor.py:839} INFO - DAG(s) dict_keys(['example_params_ui_tutorial']) retrieved from /home/airflow/.local/lib/python3.8/site-packages/airflow/example_dags/example_params_ui_tutorial.py
[2024-06-23T07:24:18.680+0000] {logging_mixin.py:154} INFO - [2024-06-23T07:24:18.680+0000] {dag.py:2941} INFO - Sync 1 DAGs
[2024-06-23T07:24:18.686+0000] {logging_mixin.py:154} INFO - [2024-06-23T07:24:18.686+0000] {dag.py:3722} INFO - Setting next_dagrun for example_params_ui_tutorial to None, run_after=None
[2024-06-23T07:24:18.694+0000] {processor.py:179} INFO - Processing /home/airflow/.local/lib/python3.8/site-packages/airflow/example_dags/example_params_ui_tutorial.py took 0.061 seconds
[2024-06-23T07:24:49.632+0000] {processor.py:157} INFO - Started process (PID=22233) to work on /home/airflow/.local/lib/python3.8/site-packages/airflow/example_dags/example_params_ui_tutorial.py
[2024-06-23T07:24:49.633+0000] {processor.py:829} INFO - Processing file /home/airflow/.local/lib/python3.8/site-packages/airflow/example_dags/example_params_ui_tutorial.py for tasks to queue
[2024-06-23T07:24:49.634+0000] {logging_mixin.py:154} INFO - [2024-06-23T07:24:49.634+0000] {dagbag.py:536} INFO - Filling up the DagBag from /home/airflow/.local/lib/python3.8/site-packages/airflow/example_dags/example_params_ui_tutorial.py
[2024-06-23T07:24:49.652+0000] {processor.py:839} INFO - DAG(s) dict_keys(['example_params_ui_tutorial']) retrieved from /home/airflow/.local/lib/python3.8/site-packages/airflow/example_dags/example_params_ui_tutorial.py
[2024-06-23T07:24:49.675+0000] {logging_mixin.py:154} INFO - [2024-06-23T07:24:49.675+0000] {dag.py:2941} INFO - Sync 1 DAGs
[2024-06-23T07:24:49.680+0000] {logging_mixin.py:154} INFO - [2024-06-23T07:24:49.680+0000] {dag.py:3722} INFO - Setting next_dagrun for example_params_ui_tutorial to None, run_after=None
[2024-06-23T07:24:49.688+0000] {processor.py:179} INFO - Processing /home/airflow/.local/lib/python3.8/site-packages/airflow/example_dags/example_params_ui_tutorial.py took 0.058 seconds
[2024-06-23T07:25:19.703+0000] {processor.py:157} INFO - Started process (PID=22477) to work on /home/airflow/.local/lib/python3.8/site-packages/airflow/example_dags/example_params_ui_tutorial.py
[2024-06-23T07:25:19.704+0000] {processor.py:829} INFO - Processing file /home/airflow/.local/lib/python3.8/site-packages/airflow/example_dags/example_params_ui_tutorial.py for tasks to queue
[2024-06-23T07:25:19.704+0000] {logging_mixin.py:154} INFO - [2024-06-23T07:25:19.704+0000] {dagbag.py:536} INFO - Filling up the DagBag from /home/airflow/.local/lib/python3.8/site-packages/airflow/example_dags/example_params_ui_tutorial.py
[2024-06-23T07:25:19.720+0000] {processor.py:839} INFO - DAG(s) dict_keys(['example_params_ui_tutorial']) retrieved from /home/airflow/.local/lib/python3.8/site-packages/airflow/example_dags/example_params_ui_tutorial.py
[2024-06-23T07:25:19.745+0000] {logging_mixin.py:154} INFO - [2024-06-23T07:25:19.745+0000] {dag.py:2941} INFO - Sync 1 DAGs
[2024-06-23T07:25:19.752+0000] {logging_mixin.py:154} INFO - [2024-06-23T07:25:19.752+0000] {dag.py:3722} INFO - Setting next_dagrun for example_params_ui_tutorial to None, run_after=None
[2024-06-23T07:25:19.760+0000] {processor.py:179} INFO - Processing /home/airflow/.local/lib/python3.8/site-packages/airflow/example_dags/example_params_ui_tutorial.py took 0.059 seconds
[2024-06-23T07:25:49.853+0000] {processor.py:157} INFO - Started process (PID=22719) to work on /home/airflow/.local/lib/python3.8/site-packages/airflow/example_dags/example_params_ui_tutorial.py
[2024-06-23T07:25:49.854+0000] {processor.py:829} INFO - Processing file /home/airflow/.local/lib/python3.8/site-packages/airflow/example_dags/example_params_ui_tutorial.py for tasks to queue
[2024-06-23T07:25:49.854+0000] {logging_mixin.py:154} INFO - [2024-06-23T07:25:49.854+0000] {dagbag.py:536} INFO - Filling up the DagBag from /home/airflow/.local/lib/python3.8/site-packages/airflow/example_dags/example_params_ui_tutorial.py
[2024-06-23T07:25:49.872+0000] {processor.py:839} INFO - DAG(s) dict_keys(['example_params_ui_tutorial']) retrieved from /home/airflow/.local/lib/python3.8/site-packages/airflow/example_dags/example_params_ui_tutorial.py
[2024-06-23T07:25:49.896+0000] {logging_mixin.py:154} INFO - [2024-06-23T07:25:49.895+0000] {dag.py:2941} INFO - Sync 1 DAGs
[2024-06-23T07:25:49.902+0000] {logging_mixin.py:154} INFO - [2024-06-23T07:25:49.902+0000] {dag.py:3722} INFO - Setting next_dagrun for example_params_ui_tutorial to None, run_after=None
[2024-06-23T07:25:49.911+0000] {processor.py:179} INFO - Processing /home/airflow/.local/lib/python3.8/site-packages/airflow/example_dags/example_params_ui_tutorial.py took 0.059 seconds
[2024-06-23T07:26:20.703+0000] {processor.py:157} INFO - Started process (PID=22965) to work on /home/airflow/.local/lib/python3.8/site-packages/airflow/example_dags/example_params_ui_tutorial.py
[2024-06-23T07:26:20.703+0000] {processor.py:829} INFO - Processing file /home/airflow/.local/lib/python3.8/site-packages/airflow/example_dags/example_params_ui_tutorial.py for tasks to queue
[2024-06-23T07:26:20.706+0000] {logging_mixin.py:154} INFO - [2024-06-23T07:26:20.706+0000] {dagbag.py:536} INFO - Filling up the DagBag from /home/airflow/.local/lib/python3.8/site-packages/airflow/example_dags/example_params_ui_tutorial.py
[2024-06-23T07:26:20.724+0000] {processor.py:839} INFO - DAG(s) dict_keys(['example_params_ui_tutorial']) retrieved from /home/airflow/.local/lib/python3.8/site-packages/airflow/example_dags/example_params_ui_tutorial.py
[2024-06-23T07:26:20.748+0000] {logging_mixin.py:154} INFO - [2024-06-23T07:26:20.748+0000] {dag.py:2941} INFO - Sync 1 DAGs
[2024-06-23T07:26:20.755+0000] {logging_mixin.py:154} INFO - [2024-06-23T07:26:20.755+0000] {dag.py:3722} INFO - Setting next_dagrun for example_params_ui_tutorial to None, run_after=None
[2024-06-23T07:26:20.764+0000] {processor.py:179} INFO - Processing /home/airflow/.local/lib/python3.8/site-packages/airflow/example_dags/example_params_ui_tutorial.py took 0.063 seconds
[2024-06-23T07:26:51.590+0000] {processor.py:157} INFO - Started process (PID=23209) to work on /home/airflow/.local/lib/python3.8/site-packages/airflow/example_dags/example_params_ui_tutorial.py
[2024-06-23T07:26:51.590+0000] {processor.py:829} INFO - Processing file /home/airflow/.local/lib/python3.8/site-packages/airflow/example_dags/example_params_ui_tutorial.py for tasks to queue
[2024-06-23T07:26:51.591+0000] {logging_mixin.py:154} INFO - [2024-06-23T07:26:51.591+0000] {dagbag.py:536} INFO - Filling up the DagBag from /home/airflow/.local/lib/python3.8/site-packages/airflow/example_dags/example_params_ui_tutorial.py
[2024-06-23T07:26:51.607+0000] {processor.py:839} INFO - DAG(s) dict_keys(['example_params_ui_tutorial']) retrieved from /home/airflow/.local/lib/python3.8/site-packages/airflow/example_dags/example_params_ui_tutorial.py
[2024-06-23T07:26:51.629+0000] {logging_mixin.py:154} INFO - [2024-06-23T07:26:51.629+0000] {dag.py:2941} INFO - Sync 1 DAGs
[2024-06-23T07:26:51.635+0000] {logging_mixin.py:154} INFO - [2024-06-23T07:26:51.635+0000] {dag.py:3722} INFO - Setting next_dagrun for example_params_ui_tutorial to None, run_after=None
[2024-06-23T07:26:51.642+0000] {processor.py:179} INFO - Processing /home/airflow/.local/lib/python3.8/site-packages/airflow/example_dags/example_params_ui_tutorial.py took 0.054 seconds
[2024-06-23T07:27:22.545+0000] {processor.py:157} INFO - Started process (PID=23450) to work on /home/airflow/.local/lib/python3.8/site-packages/airflow/example_dags/example_params_ui_tutorial.py
[2024-06-23T07:27:22.546+0000] {processor.py:829} INFO - Processing file /home/airflow/.local/lib/python3.8/site-packages/airflow/example_dags/example_params_ui_tutorial.py for tasks to queue
[2024-06-23T07:27:22.547+0000] {logging_mixin.py:154} INFO - [2024-06-23T07:27:22.547+0000] {dagbag.py:536} INFO - Filling up the DagBag from /home/airflow/.local/lib/python3.8/site-packages/airflow/example_dags/example_params_ui_tutorial.py
[2024-06-23T07:27:22.564+0000] {processor.py:839} INFO - DAG(s) dict_keys(['example_params_ui_tutorial']) retrieved from /home/airflow/.local/lib/python3.8/site-packages/airflow/example_dags/example_params_ui_tutorial.py
[2024-06-23T07:27:22.591+0000] {logging_mixin.py:154} INFO - [2024-06-23T07:27:22.591+0000] {dag.py:2941} INFO - Sync 1 DAGs
[2024-06-23T07:27:22.598+0000] {logging_mixin.py:154} INFO - [2024-06-23T07:27:22.598+0000] {dag.py:3722} INFO - Setting next_dagrun for example_params_ui_tutorial to None, run_after=None
[2024-06-23T07:27:22.607+0000] {processor.py:179} INFO - Processing /home/airflow/.local/lib/python3.8/site-packages/airflow/example_dags/example_params_ui_tutorial.py took 0.063 seconds
[2024-06-23T07:27:53.283+0000] {processor.py:157} INFO - Started process (PID=23696) to work on /home/airflow/.local/lib/python3.8/site-packages/airflow/example_dags/example_params_ui_tutorial.py
[2024-06-23T07:27:53.283+0000] {processor.py:829} INFO - Processing file /home/airflow/.local/lib/python3.8/site-packages/airflow/example_dags/example_params_ui_tutorial.py for tasks to queue
[2024-06-23T07:27:53.284+0000] {logging_mixin.py:154} INFO - [2024-06-23T07:27:53.284+0000] {dagbag.py:536} INFO - Filling up the DagBag from /home/airflow/.local/lib/python3.8/site-packages/airflow/example_dags/example_params_ui_tutorial.py
[2024-06-23T07:27:53.299+0000] {processor.py:839} INFO - DAG(s) dict_keys(['example_params_ui_tutorial']) retrieved from /home/airflow/.local/lib/python3.8/site-packages/airflow/example_dags/example_params_ui_tutorial.py
[2024-06-23T07:27:53.324+0000] {logging_mixin.py:154} INFO - [2024-06-23T07:27:53.324+0000] {dag.py:2941} INFO - Sync 1 DAGs
[2024-06-23T07:27:53.330+0000] {logging_mixin.py:154} INFO - [2024-06-23T07:27:53.330+0000] {dag.py:3722} INFO - Setting next_dagrun for example_params_ui_tutorial to None, run_after=None
[2024-06-23T07:27:53.338+0000] {processor.py:179} INFO - Processing /home/airflow/.local/lib/python3.8/site-packages/airflow/example_dags/example_params_ui_tutorial.py took 0.057 seconds
[2024-06-23T07:28:24.335+0000] {processor.py:157} INFO - Started process (PID=23938) to work on /home/airflow/.local/lib/python3.8/site-packages/airflow/example_dags/example_params_ui_tutorial.py
[2024-06-23T07:28:24.336+0000] {processor.py:829} INFO - Processing file /home/airflow/.local/lib/python3.8/site-packages/airflow/example_dags/example_params_ui_tutorial.py for tasks to queue
[2024-06-23T07:28:24.336+0000] {logging_mixin.py:154} INFO - [2024-06-23T07:28:24.336+0000] {dagbag.py:536} INFO - Filling up the DagBag from /home/airflow/.local/lib/python3.8/site-packages/airflow/example_dags/example_params_ui_tutorial.py
[2024-06-23T07:28:24.356+0000] {processor.py:839} INFO - DAG(s) dict_keys(['example_params_ui_tutorial']) retrieved from /home/airflow/.local/lib/python3.8/site-packages/airflow/example_dags/example_params_ui_tutorial.py
[2024-06-23T07:28:24.383+0000] {logging_mixin.py:154} INFO - [2024-06-23T07:28:24.382+0000] {dag.py:2941} INFO - Sync 1 DAGs
[2024-06-23T07:28:24.390+0000] {logging_mixin.py:154} INFO - [2024-06-23T07:28:24.390+0000] {dag.py:3722} INFO - Setting next_dagrun for example_params_ui_tutorial to None, run_after=None
[2024-06-23T07:28:24.401+0000] {processor.py:179} INFO - Processing /home/airflow/.local/lib/python3.8/site-packages/airflow/example_dags/example_params_ui_tutorial.py took 0.068 seconds
[2024-06-23T07:28:54.486+0000] {processor.py:157} INFO - Started process (PID=24182) to work on /home/airflow/.local/lib/python3.8/site-packages/airflow/example_dags/example_params_ui_tutorial.py
[2024-06-23T07:28:54.487+0000] {processor.py:829} INFO - Processing file /home/airflow/.local/lib/python3.8/site-packages/airflow/example_dags/example_params_ui_tutorial.py for tasks to queue
[2024-06-23T07:28:54.487+0000] {logging_mixin.py:154} INFO - [2024-06-23T07:28:54.487+0000] {dagbag.py:536} INFO - Filling up the DagBag from /home/airflow/.local/lib/python3.8/site-packages/airflow/example_dags/example_params_ui_tutorial.py
[2024-06-23T07:28:54.505+0000] {processor.py:839} INFO - DAG(s) dict_keys(['example_params_ui_tutorial']) retrieved from /home/airflow/.local/lib/python3.8/site-packages/airflow/example_dags/example_params_ui_tutorial.py
[2024-06-23T07:28:54.530+0000] {logging_mixin.py:154} INFO - [2024-06-23T07:28:54.530+0000] {dag.py:2941} INFO - Sync 1 DAGs
[2024-06-23T07:28:54.536+0000] {logging_mixin.py:154} INFO - [2024-06-23T07:28:54.536+0000] {dag.py:3722} INFO - Setting next_dagrun for example_params_ui_tutorial to None, run_after=None
[2024-06-23T07:28:54.546+0000] {processor.py:179} INFO - Processing /home/airflow/.local/lib/python3.8/site-packages/airflow/example_dags/example_params_ui_tutorial.py took 0.062 seconds
[2024-06-23T07:29:24.696+0000] {processor.py:157} INFO - Started process (PID=24426) to work on /home/airflow/.local/lib/python3.8/site-packages/airflow/example_dags/example_params_ui_tutorial.py
[2024-06-23T07:29:24.697+0000] {processor.py:829} INFO - Processing file /home/airflow/.local/lib/python3.8/site-packages/airflow/example_dags/example_params_ui_tutorial.py for tasks to queue
[2024-06-23T07:29:24.698+0000] {logging_mixin.py:154} INFO - [2024-06-23T07:29:24.697+0000] {dagbag.py:536} INFO - Filling up the DagBag from /home/airflow/.local/lib/python3.8/site-packages/airflow/example_dags/example_params_ui_tutorial.py
[2024-06-23T07:29:24.719+0000] {processor.py:839} INFO - DAG(s) dict_keys(['example_params_ui_tutorial']) retrieved from /home/airflow/.local/lib/python3.8/site-packages/airflow/example_dags/example_params_ui_tutorial.py
[2024-06-23T07:29:24.750+0000] {logging_mixin.py:154} INFO - [2024-06-23T07:29:24.750+0000] {dag.py:2941} INFO - Sync 1 DAGs
[2024-06-23T07:29:24.757+0000] {logging_mixin.py:154} INFO - [2024-06-23T07:29:24.757+0000] {dag.py:3722} INFO - Setting next_dagrun for example_params_ui_tutorial to None, run_after=None
[2024-06-23T07:29:24.770+0000] {processor.py:179} INFO - Processing /home/airflow/.local/lib/python3.8/site-packages/airflow/example_dags/example_params_ui_tutorial.py took 0.075 seconds
[2024-06-23T07:29:55.040+0000] {processor.py:157} INFO - Started process (PID=24670) to work on /home/airflow/.local/lib/python3.8/site-packages/airflow/example_dags/example_params_ui_tutorial.py
[2024-06-23T07:29:55.042+0000] {processor.py:829} INFO - Processing file /home/airflow/.local/lib/python3.8/site-packages/airflow/example_dags/example_params_ui_tutorial.py for tasks to queue
[2024-06-23T07:29:55.042+0000] {logging_mixin.py:154} INFO - [2024-06-23T07:29:55.042+0000] {dagbag.py:536} INFO - Filling up the DagBag from /home/airflow/.local/lib/python3.8/site-packages/airflow/example_dags/example_params_ui_tutorial.py
[2024-06-23T07:29:55.064+0000] {processor.py:839} INFO - DAG(s) dict_keys(['example_params_ui_tutorial']) retrieved from /home/airflow/.local/lib/python3.8/site-packages/airflow/example_dags/example_params_ui_tutorial.py
[2024-06-23T07:29:55.091+0000] {logging_mixin.py:154} INFO - [2024-06-23T07:29:55.091+0000] {dag.py:2941} INFO - Sync 1 DAGs
[2024-06-23T07:29:55.098+0000] {logging_mixin.py:154} INFO - [2024-06-23T07:29:55.098+0000] {dag.py:3722} INFO - Setting next_dagrun for example_params_ui_tutorial to None, run_after=None
[2024-06-23T07:29:55.107+0000] {processor.py:179} INFO - Processing /home/airflow/.local/lib/python3.8/site-packages/airflow/example_dags/example_params_ui_tutorial.py took 0.069 seconds
[2024-06-23T07:30:25.743+0000] {processor.py:157} INFO - Started process (PID=24916) to work on /home/airflow/.local/lib/python3.8/site-packages/airflow/example_dags/example_params_ui_tutorial.py
[2024-06-23T07:30:25.745+0000] {processor.py:829} INFO - Processing file /home/airflow/.local/lib/python3.8/site-packages/airflow/example_dags/example_params_ui_tutorial.py for tasks to queue
[2024-06-23T07:30:25.746+0000] {logging_mixin.py:154} INFO - [2024-06-23T07:30:25.746+0000] {dagbag.py:536} INFO - Filling up the DagBag from /home/airflow/.local/lib/python3.8/site-packages/airflow/example_dags/example_params_ui_tutorial.py
[2024-06-23T07:30:25.766+0000] {processor.py:839} INFO - DAG(s) dict_keys(['example_params_ui_tutorial']) retrieved from /home/airflow/.local/lib/python3.8/site-packages/airflow/example_dags/example_params_ui_tutorial.py
[2024-06-23T07:30:25.796+0000] {logging_mixin.py:154} INFO - [2024-06-23T07:30:25.796+0000] {dag.py:2941} INFO - Sync 1 DAGs
[2024-06-23T07:30:25.804+0000] {logging_mixin.py:154} INFO - [2024-06-23T07:30:25.803+0000] {dag.py:3722} INFO - Setting next_dagrun for example_params_ui_tutorial to None, run_after=None
[2024-06-23T07:30:25.814+0000] {processor.py:179} INFO - Processing /home/airflow/.local/lib/python3.8/site-packages/airflow/example_dags/example_params_ui_tutorial.py took 0.074 seconds
[2024-06-23T07:30:55.867+0000] {processor.py:157} INFO - Started process (PID=25165) to work on /home/airflow/.local/lib/python3.8/site-packages/airflow/example_dags/example_params_ui_tutorial.py
[2024-06-23T07:30:55.868+0000] {processor.py:829} INFO - Processing file /home/airflow/.local/lib/python3.8/site-packages/airflow/example_dags/example_params_ui_tutorial.py for tasks to queue
[2024-06-23T07:30:55.868+0000] {logging_mixin.py:154} INFO - [2024-06-23T07:30:55.868+0000] {dagbag.py:536} INFO - Filling up the DagBag from /home/airflow/.local/lib/python3.8/site-packages/airflow/example_dags/example_params_ui_tutorial.py
[2024-06-23T07:30:55.885+0000] {processor.py:839} INFO - DAG(s) dict_keys(['example_params_ui_tutorial']) retrieved from /home/airflow/.local/lib/python3.8/site-packages/airflow/example_dags/example_params_ui_tutorial.py
[2024-06-23T07:30:55.914+0000] {logging_mixin.py:154} INFO - [2024-06-23T07:30:55.914+0000] {dag.py:2941} INFO - Sync 1 DAGs
[2024-06-23T07:30:55.921+0000] {logging_mixin.py:154} INFO - [2024-06-23T07:30:55.921+0000] {dag.py:3722} INFO - Setting next_dagrun for example_params_ui_tutorial to None, run_after=None
[2024-06-23T07:30:55.931+0000] {processor.py:179} INFO - Processing /home/airflow/.local/lib/python3.8/site-packages/airflow/example_dags/example_params_ui_tutorial.py took 0.065 seconds
