[2024-06-23T01:24:25.235+0000] {processor.py:157} INFO - Started process (PID=13273) to work on /home/airflow/.local/lib/python3.8/site-packages/airflow/example_dags/example_sensors.py
[2024-06-23T01:24:25.236+0000] {processor.py:829} INFO - Processing file /home/airflow/.local/lib/python3.8/site-packages/airflow/example_dags/example_sensors.py for tasks to queue
[2024-06-23T01:24:25.237+0000] {logging_mixin.py:154} INFO - [2024-06-23T01:24:25.237+0000] {dagbag.py:536} INFO - Filling up the DagBag from /home/airflow/.local/lib/python3.8/site-packages/airflow/example_dags/example_sensors.py
[2024-06-23T01:24:25.243+0000] {processor.py:839} INFO - DAG(s) dict_keys(['example_sensors']) retrieved from /home/airflow/.local/lib/python3.8/site-packages/airflow/example_dags/example_sensors.py
[2024-06-23T01:24:25.307+0000] {logging_mixin.py:154} INFO - [2024-06-23T01:24:25.307+0000] {dag.py:2941} INFO - Sync 1 DAGs
[2024-06-23T01:24:25.314+0000] {logging_mixin.py:154} INFO - [2024-06-23T01:24:25.314+0000] {dag.py:3722} INFO - Setting next_dagrun for example_sensors to None, run_after=None
[2024-06-23T01:24:25.328+0000] {processor.py:179} INFO - Processing /home/airflow/.local/lib/python3.8/site-packages/airflow/example_dags/example_sensors.py took 0.095 seconds
[2024-06-23T02:48:34.450+0000] {processor.py:157} INFO - Started process (PID=13516) to work on /home/airflow/.local/lib/python3.8/site-packages/airflow/example_dags/example_sensors.py
[2024-06-23T02:48:34.453+0000] {processor.py:829} INFO - Processing file /home/airflow/.local/lib/python3.8/site-packages/airflow/example_dags/example_sensors.py for tasks to queue
[2024-06-23T02:48:34.468+0000] {logging_mixin.py:154} INFO - [2024-06-23T02:48:34.459+0000] {dagbag.py:536} INFO - Filling up the DagBag from /home/airflow/.local/lib/python3.8/site-packages/airflow/example_dags/example_sensors.py
[2024-06-23T02:48:34.483+0000] {processor.py:839} INFO - DAG(s) dict_keys(['example_sensors']) retrieved from /home/airflow/.local/lib/python3.8/site-packages/airflow/example_dags/example_sensors.py
[2024-06-23T02:48:34.514+0000] {logging_mixin.py:154} INFO - [2024-06-23T02:48:34.514+0000] {dag.py:2941} INFO - Sync 1 DAGs
[2024-06-23T02:48:34.523+0000] {logging_mixin.py:154} INFO - [2024-06-23T02:48:34.523+0000] {dag.py:3722} INFO - Setting next_dagrun for example_sensors to None, run_after=None
[2024-06-23T02:48:34.534+0000] {processor.py:179} INFO - Processing /home/airflow/.local/lib/python3.8/site-packages/airflow/example_dags/example_sensors.py took 0.091 seconds
[2024-06-23T04:09:05.051+0000] {processor.py:157} INFO - Started process (PID=13764) to work on /home/airflow/.local/lib/python3.8/site-packages/airflow/example_dags/example_sensors.py
[2024-06-23T04:09:05.052+0000] {processor.py:829} INFO - Processing file /home/airflow/.local/lib/python3.8/site-packages/airflow/example_dags/example_sensors.py for tasks to queue
[2024-06-23T04:09:05.053+0000] {logging_mixin.py:154} INFO - [2024-06-23T04:09:05.053+0000] {dagbag.py:536} INFO - Filling up the DagBag from /home/airflow/.local/lib/python3.8/site-packages/airflow/example_dags/example_sensors.py
[2024-06-23T04:09:05.059+0000] {processor.py:839} INFO - DAG(s) dict_keys(['example_sensors']) retrieved from /home/airflow/.local/lib/python3.8/site-packages/airflow/example_dags/example_sensors.py
[2024-06-23T04:09:05.075+0000] {logging_mixin.py:154} INFO - [2024-06-23T04:09:05.075+0000] {dag.py:2941} INFO - Sync 1 DAGs
[2024-06-23T04:09:05.082+0000] {logging_mixin.py:154} INFO - [2024-06-23T04:09:05.082+0000] {dag.py:3722} INFO - Setting next_dagrun for example_sensors to None, run_after=None
[2024-06-23T04:09:05.092+0000] {processor.py:179} INFO - Processing /home/airflow/.local/lib/python3.8/site-packages/airflow/example_dags/example_sensors.py took 0.043 seconds
[2024-06-23T05:49:43.929+0000] {processor.py:157} INFO - Started process (PID=14009) to work on /home/airflow/.local/lib/python3.8/site-packages/airflow/example_dags/example_sensors.py
[2024-06-23T05:49:43.932+0000] {processor.py:829} INFO - Processing file /home/airflow/.local/lib/python3.8/site-packages/airflow/example_dags/example_sensors.py for tasks to queue
[2024-06-23T05:49:43.932+0000] {logging_mixin.py:154} INFO - [2024-06-23T05:49:43.932+0000] {dagbag.py:536} INFO - Filling up the DagBag from /home/airflow/.local/lib/python3.8/site-packages/airflow/example_dags/example_sensors.py
[2024-06-23T05:49:43.938+0000] {processor.py:839} INFO - DAG(s) dict_keys(['example_sensors']) retrieved from /home/airflow/.local/lib/python3.8/site-packages/airflow/example_dags/example_sensors.py
[2024-06-23T05:49:43.954+0000] {logging_mixin.py:154} INFO - [2024-06-23T05:49:43.954+0000] {dag.py:2941} INFO - Sync 1 DAGs
[2024-06-23T05:49:43.961+0000] {logging_mixin.py:154} INFO - [2024-06-23T05:49:43.961+0000] {dag.py:3722} INFO - Setting next_dagrun for example_sensors to None, run_after=None
[2024-06-23T05:49:43.976+0000] {processor.py:179} INFO - Processing /home/airflow/.local/lib/python3.8/site-packages/airflow/example_dags/example_sensors.py took 0.050 seconds
[2024-06-23T07:08:00.570+0000] {processor.py:157} INFO - Started process (PID=14263) to work on /home/airflow/.local/lib/python3.8/site-packages/airflow/example_dags/example_sensors.py
[2024-06-23T07:08:00.574+0000] {processor.py:829} INFO - Processing file /home/airflow/.local/lib/python3.8/site-packages/airflow/example_dags/example_sensors.py for tasks to queue
[2024-06-23T07:08:00.575+0000] {logging_mixin.py:154} INFO - [2024-06-23T07:08:00.575+0000] {dagbag.py:536} INFO - Filling up the DagBag from /home/airflow/.local/lib/python3.8/site-packages/airflow/example_dags/example_sensors.py
[2024-06-23T07:08:00.582+0000] {processor.py:839} INFO - DAG(s) dict_keys(['example_sensors']) retrieved from /home/airflow/.local/lib/python3.8/site-packages/airflow/example_dags/example_sensors.py
[2024-06-23T07:08:00.606+0000] {logging_mixin.py:154} INFO - [2024-06-23T07:08:00.606+0000] {dag.py:2941} INFO - Sync 1 DAGs
[2024-06-23T07:08:00.617+0000] {logging_mixin.py:154} INFO - [2024-06-23T07:08:00.616+0000] {dag.py:3722} INFO - Setting next_dagrun for example_sensors to None, run_after=None
[2024-06-23T07:08:00.632+0000] {processor.py:179} INFO - Processing /home/airflow/.local/lib/python3.8/site-packages/airflow/example_dags/example_sensors.py took 0.065 seconds
[2024-06-23T07:08:31.313+0000] {processor.py:157} INFO - Started process (PID=14505) to work on /home/airflow/.local/lib/python3.8/site-packages/airflow/example_dags/example_sensors.py
[2024-06-23T07:08:31.314+0000] {processor.py:829} INFO - Processing file /home/airflow/.local/lib/python3.8/site-packages/airflow/example_dags/example_sensors.py for tasks to queue
[2024-06-23T07:08:31.315+0000] {logging_mixin.py:154} INFO - [2024-06-23T07:08:31.315+0000] {dagbag.py:536} INFO - Filling up the DagBag from /home/airflow/.local/lib/python3.8/site-packages/airflow/example_dags/example_sensors.py
[2024-06-23T07:08:31.323+0000] {processor.py:839} INFO - DAG(s) dict_keys(['example_sensors']) retrieved from /home/airflow/.local/lib/python3.8/site-packages/airflow/example_dags/example_sensors.py
[2024-06-23T07:08:31.349+0000] {logging_mixin.py:154} INFO - [2024-06-23T07:08:31.348+0000] {dag.py:2941} INFO - Sync 1 DAGs
[2024-06-23T07:08:31.356+0000] {logging_mixin.py:154} INFO - [2024-06-23T07:08:31.356+0000] {dag.py:3722} INFO - Setting next_dagrun for example_sensors to None, run_after=None
[2024-06-23T07:08:31.366+0000] {processor.py:179} INFO - Processing /home/airflow/.local/lib/python3.8/site-packages/airflow/example_dags/example_sensors.py took 0.055 seconds
[2024-06-23T07:09:01.836+0000] {processor.py:157} INFO - Started process (PID=14751) to work on /home/airflow/.local/lib/python3.8/site-packages/airflow/example_dags/example_sensors.py
[2024-06-23T07:09:01.838+0000] {processor.py:829} INFO - Processing file /home/airflow/.local/lib/python3.8/site-packages/airflow/example_dags/example_sensors.py for tasks to queue
[2024-06-23T07:09:01.838+0000] {logging_mixin.py:154} INFO - [2024-06-23T07:09:01.838+0000] {dagbag.py:536} INFO - Filling up the DagBag from /home/airflow/.local/lib/python3.8/site-packages/airflow/example_dags/example_sensors.py
[2024-06-23T07:09:01.849+0000] {processor.py:839} INFO - DAG(s) dict_keys(['example_sensors']) retrieved from /home/airflow/.local/lib/python3.8/site-packages/airflow/example_dags/example_sensors.py
[2024-06-23T07:09:01.872+0000] {logging_mixin.py:154} INFO - [2024-06-23T07:09:01.872+0000] {dag.py:2941} INFO - Sync 1 DAGs
[2024-06-23T07:09:01.885+0000] {logging_mixin.py:154} INFO - [2024-06-23T07:09:01.885+0000] {dag.py:3722} INFO - Setting next_dagrun for example_sensors to None, run_after=None
[2024-06-23T07:09:01.914+0000] {processor.py:179} INFO - Processing /home/airflow/.local/lib/python3.8/site-packages/airflow/example_dags/example_sensors.py took 0.079 seconds
[2024-06-23T07:09:33.048+0000] {processor.py:157} INFO - Started process (PID=15000) to work on /home/airflow/.local/lib/python3.8/site-packages/airflow/example_dags/example_sensors.py
[2024-06-23T07:09:33.050+0000] {processor.py:829} INFO - Processing file /home/airflow/.local/lib/python3.8/site-packages/airflow/example_dags/example_sensors.py for tasks to queue
[2024-06-23T07:09:33.052+0000] {logging_mixin.py:154} INFO - [2024-06-23T07:09:33.051+0000] {dagbag.py:536} INFO - Filling up the DagBag from /home/airflow/.local/lib/python3.8/site-packages/airflow/example_dags/example_sensors.py
[2024-06-23T07:09:33.081+0000] {processor.py:839} INFO - DAG(s) dict_keys(['example_sensors']) retrieved from /home/airflow/.local/lib/python3.8/site-packages/airflow/example_dags/example_sensors.py
[2024-06-23T07:09:33.108+0000] {logging_mixin.py:154} INFO - [2024-06-23T07:09:33.107+0000] {dag.py:2941} INFO - Sync 1 DAGs
[2024-06-23T07:09:33.123+0000] {logging_mixin.py:154} INFO - [2024-06-23T07:09:33.123+0000] {dag.py:3722} INFO - Setting next_dagrun for example_sensors to None, run_after=None
[2024-06-23T07:09:33.164+0000] {processor.py:179} INFO - Processing /home/airflow/.local/lib/python3.8/site-packages/airflow/example_dags/example_sensors.py took 0.120 seconds
[2024-06-23T07:10:03.564+0000] {processor.py:157} INFO - Started process (PID=15244) to work on /home/airflow/.local/lib/python3.8/site-packages/airflow/example_dags/example_sensors.py
[2024-06-23T07:10:03.565+0000] {processor.py:829} INFO - Processing file /home/airflow/.local/lib/python3.8/site-packages/airflow/example_dags/example_sensors.py for tasks to queue
[2024-06-23T07:10:03.565+0000] {logging_mixin.py:154} INFO - [2024-06-23T07:10:03.565+0000] {dagbag.py:536} INFO - Filling up the DagBag from /home/airflow/.local/lib/python3.8/site-packages/airflow/example_dags/example_sensors.py
[2024-06-23T07:10:03.571+0000] {processor.py:839} INFO - DAG(s) dict_keys(['example_sensors']) retrieved from /home/airflow/.local/lib/python3.8/site-packages/airflow/example_dags/example_sensors.py
[2024-06-23T07:10:03.587+0000] {logging_mixin.py:154} INFO - [2024-06-23T07:10:03.587+0000] {dag.py:2941} INFO - Sync 1 DAGs
[2024-06-23T07:10:03.596+0000] {logging_mixin.py:154} INFO - [2024-06-23T07:10:03.595+0000] {dag.py:3722} INFO - Setting next_dagrun for example_sensors to None, run_after=None
[2024-06-23T07:10:03.609+0000] {processor.py:179} INFO - Processing /home/airflow/.local/lib/python3.8/site-packages/airflow/example_dags/example_sensors.py took 0.048 seconds
[2024-06-23T07:10:34.086+0000] {processor.py:157} INFO - Started process (PID=15488) to work on /home/airflow/.local/lib/python3.8/site-packages/airflow/example_dags/example_sensors.py
[2024-06-23T07:10:34.089+0000] {processor.py:829} INFO - Processing file /home/airflow/.local/lib/python3.8/site-packages/airflow/example_dags/example_sensors.py for tasks to queue
[2024-06-23T07:10:34.090+0000] {logging_mixin.py:154} INFO - [2024-06-23T07:10:34.090+0000] {dagbag.py:536} INFO - Filling up the DagBag from /home/airflow/.local/lib/python3.8/site-packages/airflow/example_dags/example_sensors.py
[2024-06-23T07:10:34.099+0000] {processor.py:839} INFO - DAG(s) dict_keys(['example_sensors']) retrieved from /home/airflow/.local/lib/python3.8/site-packages/airflow/example_dags/example_sensors.py
[2024-06-23T07:10:34.122+0000] {logging_mixin.py:154} INFO - [2024-06-23T07:10:34.122+0000] {dag.py:2941} INFO - Sync 1 DAGs
[2024-06-23T07:10:34.134+0000] {logging_mixin.py:154} INFO - [2024-06-23T07:10:34.134+0000] {dag.py:3722} INFO - Setting next_dagrun for example_sensors to None, run_after=None
[2024-06-23T07:10:34.150+0000] {processor.py:179} INFO - Processing /home/airflow/.local/lib/python3.8/site-packages/airflow/example_dags/example_sensors.py took 0.067 seconds
[2024-06-23T07:11:04.230+0000] {processor.py:157} INFO - Started process (PID=15732) to work on /home/airflow/.local/lib/python3.8/site-packages/airflow/example_dags/example_sensors.py
[2024-06-23T07:11:04.231+0000] {processor.py:829} INFO - Processing file /home/airflow/.local/lib/python3.8/site-packages/airflow/example_dags/example_sensors.py for tasks to queue
[2024-06-23T07:11:04.232+0000] {logging_mixin.py:154} INFO - [2024-06-23T07:11:04.232+0000] {dagbag.py:536} INFO - Filling up the DagBag from /home/airflow/.local/lib/python3.8/site-packages/airflow/example_dags/example_sensors.py
[2024-06-23T07:11:04.242+0000] {processor.py:839} INFO - DAG(s) dict_keys(['example_sensors']) retrieved from /home/airflow/.local/lib/python3.8/site-packages/airflow/example_dags/example_sensors.py
[2024-06-23T07:11:04.265+0000] {logging_mixin.py:154} INFO - [2024-06-23T07:11:04.265+0000] {dag.py:2941} INFO - Sync 1 DAGs
[2024-06-23T07:11:04.272+0000] {logging_mixin.py:154} INFO - [2024-06-23T07:11:04.272+0000] {dag.py:3722} INFO - Setting next_dagrun for example_sensors to None, run_after=None
[2024-06-23T07:11:04.283+0000] {processor.py:179} INFO - Processing /home/airflow/.local/lib/python3.8/site-packages/airflow/example_dags/example_sensors.py took 0.056 seconds
[2024-06-23T07:11:34.625+0000] {processor.py:157} INFO - Started process (PID=15976) to work on /home/airflow/.local/lib/python3.8/site-packages/airflow/example_dags/example_sensors.py
[2024-06-23T07:11:34.626+0000] {processor.py:829} INFO - Processing file /home/airflow/.local/lib/python3.8/site-packages/airflow/example_dags/example_sensors.py for tasks to queue
[2024-06-23T07:11:34.629+0000] {logging_mixin.py:154} INFO - [2024-06-23T07:11:34.628+0000] {dagbag.py:536} INFO - Filling up the DagBag from /home/airflow/.local/lib/python3.8/site-packages/airflow/example_dags/example_sensors.py
[2024-06-23T07:11:34.637+0000] {processor.py:839} INFO - DAG(s) dict_keys(['example_sensors']) retrieved from /home/airflow/.local/lib/python3.8/site-packages/airflow/example_dags/example_sensors.py
[2024-06-23T07:11:34.655+0000] {logging_mixin.py:154} INFO - [2024-06-23T07:11:34.655+0000] {dag.py:2941} INFO - Sync 1 DAGs
[2024-06-23T07:11:34.664+0000] {logging_mixin.py:154} INFO - [2024-06-23T07:11:34.664+0000] {dag.py:3722} INFO - Setting next_dagrun for example_sensors to None, run_after=None
[2024-06-23T07:11:34.677+0000] {processor.py:179} INFO - Processing /home/airflow/.local/lib/python3.8/site-packages/airflow/example_dags/example_sensors.py took 0.054 seconds
[2024-06-23T07:12:05.269+0000] {processor.py:157} INFO - Started process (PID=16220) to work on /home/airflow/.local/lib/python3.8/site-packages/airflow/example_dags/example_sensors.py
[2024-06-23T07:12:05.270+0000] {processor.py:829} INFO - Processing file /home/airflow/.local/lib/python3.8/site-packages/airflow/example_dags/example_sensors.py for tasks to queue
[2024-06-23T07:12:05.271+0000] {logging_mixin.py:154} INFO - [2024-06-23T07:12:05.271+0000] {dagbag.py:536} INFO - Filling up the DagBag from /home/airflow/.local/lib/python3.8/site-packages/airflow/example_dags/example_sensors.py
[2024-06-23T07:12:05.279+0000] {processor.py:839} INFO - DAG(s) dict_keys(['example_sensors']) retrieved from /home/airflow/.local/lib/python3.8/site-packages/airflow/example_dags/example_sensors.py
[2024-06-23T07:12:05.297+0000] {logging_mixin.py:154} INFO - [2024-06-23T07:12:05.297+0000] {dag.py:2941} INFO - Sync 1 DAGs
[2024-06-23T07:12:05.306+0000] {logging_mixin.py:154} INFO - [2024-06-23T07:12:05.306+0000] {dag.py:3722} INFO - Setting next_dagrun for example_sensors to None, run_after=None
[2024-06-23T07:12:05.319+0000] {processor.py:179} INFO - Processing /home/airflow/.local/lib/python3.8/site-packages/airflow/example_dags/example_sensors.py took 0.053 seconds
[2024-06-23T07:12:35.762+0000] {processor.py:157} INFO - Started process (PID=16464) to work on /home/airflow/.local/lib/python3.8/site-packages/airflow/example_dags/example_sensors.py
[2024-06-23T07:12:35.763+0000] {processor.py:829} INFO - Processing file /home/airflow/.local/lib/python3.8/site-packages/airflow/example_dags/example_sensors.py for tasks to queue
[2024-06-23T07:12:35.764+0000] {logging_mixin.py:154} INFO - [2024-06-23T07:12:35.764+0000] {dagbag.py:536} INFO - Filling up the DagBag from /home/airflow/.local/lib/python3.8/site-packages/airflow/example_dags/example_sensors.py
[2024-06-23T07:12:35.770+0000] {processor.py:839} INFO - DAG(s) dict_keys(['example_sensors']) retrieved from /home/airflow/.local/lib/python3.8/site-packages/airflow/example_dags/example_sensors.py
[2024-06-23T07:12:35.786+0000] {logging_mixin.py:154} INFO - [2024-06-23T07:12:35.786+0000] {dag.py:2941} INFO - Sync 1 DAGs
[2024-06-23T07:12:35.794+0000] {logging_mixin.py:154} INFO - [2024-06-23T07:12:35.794+0000] {dag.py:3722} INFO - Setting next_dagrun for example_sensors to None, run_after=None
[2024-06-23T07:12:35.806+0000] {processor.py:179} INFO - Processing /home/airflow/.local/lib/python3.8/site-packages/airflow/example_dags/example_sensors.py took 0.046 seconds
[2024-06-23T07:13:06.167+0000] {processor.py:157} INFO - Started process (PID=16708) to work on /home/airflow/.local/lib/python3.8/site-packages/airflow/example_dags/example_sensors.py
[2024-06-23T07:13:06.167+0000] {processor.py:829} INFO - Processing file /home/airflow/.local/lib/python3.8/site-packages/airflow/example_dags/example_sensors.py for tasks to queue
[2024-06-23T07:13:06.168+0000] {logging_mixin.py:154} INFO - [2024-06-23T07:13:06.168+0000] {dagbag.py:536} INFO - Filling up the DagBag from /home/airflow/.local/lib/python3.8/site-packages/airflow/example_dags/example_sensors.py
[2024-06-23T07:13:06.173+0000] {processor.py:839} INFO - DAG(s) dict_keys(['example_sensors']) retrieved from /home/airflow/.local/lib/python3.8/site-packages/airflow/example_dags/example_sensors.py
[2024-06-23T07:13:06.188+0000] {logging_mixin.py:154} INFO - [2024-06-23T07:13:06.188+0000] {dag.py:2941} INFO - Sync 1 DAGs
[2024-06-23T07:13:06.195+0000] {logging_mixin.py:154} INFO - [2024-06-23T07:13:06.195+0000] {dag.py:3722} INFO - Setting next_dagrun for example_sensors to None, run_after=None
[2024-06-23T07:13:06.207+0000] {processor.py:179} INFO - Processing /home/airflow/.local/lib/python3.8/site-packages/airflow/example_dags/example_sensors.py took 0.043 seconds
[2024-06-23T07:13:37.285+0000] {processor.py:157} INFO - Started process (PID=16954) to work on /home/airflow/.local/lib/python3.8/site-packages/airflow/example_dags/example_sensors.py
[2024-06-23T07:13:37.286+0000] {processor.py:829} INFO - Processing file /home/airflow/.local/lib/python3.8/site-packages/airflow/example_dags/example_sensors.py for tasks to queue
[2024-06-23T07:13:37.287+0000] {logging_mixin.py:154} INFO - [2024-06-23T07:13:37.287+0000] {dagbag.py:536} INFO - Filling up the DagBag from /home/airflow/.local/lib/python3.8/site-packages/airflow/example_dags/example_sensors.py
[2024-06-23T07:13:37.294+0000] {processor.py:839} INFO - DAG(s) dict_keys(['example_sensors']) retrieved from /home/airflow/.local/lib/python3.8/site-packages/airflow/example_dags/example_sensors.py
[2024-06-23T07:13:37.315+0000] {logging_mixin.py:154} INFO - [2024-06-23T07:13:37.315+0000] {dag.py:2941} INFO - Sync 1 DAGs
[2024-06-23T07:13:37.322+0000] {logging_mixin.py:154} INFO - [2024-06-23T07:13:37.322+0000] {dag.py:3722} INFO - Setting next_dagrun for example_sensors to None, run_after=None
[2024-06-23T07:13:37.332+0000] {processor.py:179} INFO - Processing /home/airflow/.local/lib/python3.8/site-packages/airflow/example_dags/example_sensors.py took 0.050 seconds
[2024-06-23T07:14:08.013+0000] {processor.py:157} INFO - Started process (PID=17196) to work on /home/airflow/.local/lib/python3.8/site-packages/airflow/example_dags/example_sensors.py
[2024-06-23T07:14:08.015+0000] {processor.py:829} INFO - Processing file /home/airflow/.local/lib/python3.8/site-packages/airflow/example_dags/example_sensors.py for tasks to queue
[2024-06-23T07:14:08.016+0000] {logging_mixin.py:154} INFO - [2024-06-23T07:14:08.016+0000] {dagbag.py:536} INFO - Filling up the DagBag from /home/airflow/.local/lib/python3.8/site-packages/airflow/example_dags/example_sensors.py
[2024-06-23T07:14:08.022+0000] {processor.py:839} INFO - DAG(s) dict_keys(['example_sensors']) retrieved from /home/airflow/.local/lib/python3.8/site-packages/airflow/example_dags/example_sensors.py
[2024-06-23T07:14:08.045+0000] {logging_mixin.py:154} INFO - [2024-06-23T07:14:08.045+0000] {dag.py:2941} INFO - Sync 1 DAGs
[2024-06-23T07:14:08.054+0000] {logging_mixin.py:154} INFO - [2024-06-23T07:14:08.054+0000] {dag.py:3722} INFO - Setting next_dagrun for example_sensors to None, run_after=None
[2024-06-23T07:14:08.067+0000] {processor.py:179} INFO - Processing /home/airflow/.local/lib/python3.8/site-packages/airflow/example_dags/example_sensors.py took 0.057 seconds
[2024-06-23T07:14:38.754+0000] {processor.py:157} INFO - Started process (PID=17440) to work on /home/airflow/.local/lib/python3.8/site-packages/airflow/example_dags/example_sensors.py
[2024-06-23T07:14:38.755+0000] {processor.py:829} INFO - Processing file /home/airflow/.local/lib/python3.8/site-packages/airflow/example_dags/example_sensors.py for tasks to queue
[2024-06-23T07:14:38.755+0000] {logging_mixin.py:154} INFO - [2024-06-23T07:14:38.755+0000] {dagbag.py:536} INFO - Filling up the DagBag from /home/airflow/.local/lib/python3.8/site-packages/airflow/example_dags/example_sensors.py
[2024-06-23T07:14:38.762+0000] {processor.py:839} INFO - DAG(s) dict_keys(['example_sensors']) retrieved from /home/airflow/.local/lib/python3.8/site-packages/airflow/example_dags/example_sensors.py
[2024-06-23T07:14:38.782+0000] {logging_mixin.py:154} INFO - [2024-06-23T07:14:38.782+0000] {dag.py:2941} INFO - Sync 1 DAGs
[2024-06-23T07:14:38.794+0000] {logging_mixin.py:154} INFO - [2024-06-23T07:14:38.794+0000] {dag.py:3722} INFO - Setting next_dagrun for example_sensors to None, run_after=None
[2024-06-23T07:14:38.812+0000] {processor.py:179} INFO - Processing /home/airflow/.local/lib/python3.8/site-packages/airflow/example_dags/example_sensors.py took 0.060 seconds
[2024-06-23T07:15:08.977+0000] {processor.py:157} INFO - Started process (PID=17684) to work on /home/airflow/.local/lib/python3.8/site-packages/airflow/example_dags/example_sensors.py
[2024-06-23T07:15:08.978+0000] {processor.py:829} INFO - Processing file /home/airflow/.local/lib/python3.8/site-packages/airflow/example_dags/example_sensors.py for tasks to queue
[2024-06-23T07:15:08.979+0000] {logging_mixin.py:154} INFO - [2024-06-23T07:15:08.979+0000] {dagbag.py:536} INFO - Filling up the DagBag from /home/airflow/.local/lib/python3.8/site-packages/airflow/example_dags/example_sensors.py
[2024-06-23T07:15:08.985+0000] {processor.py:839} INFO - DAG(s) dict_keys(['example_sensors']) retrieved from /home/airflow/.local/lib/python3.8/site-packages/airflow/example_dags/example_sensors.py
[2024-06-23T07:15:09.000+0000] {logging_mixin.py:154} INFO - [2024-06-23T07:15:09.000+0000] {dag.py:2941} INFO - Sync 1 DAGs
[2024-06-23T07:15:09.007+0000] {logging_mixin.py:154} INFO - [2024-06-23T07:15:09.007+0000] {dag.py:3722} INFO - Setting next_dagrun for example_sensors to None, run_after=None
[2024-06-23T07:15:09.017+0000] {processor.py:179} INFO - Processing /home/airflow/.local/lib/python3.8/site-packages/airflow/example_dags/example_sensors.py took 0.041 seconds
[2024-06-23T07:15:40.111+0000] {processor.py:157} INFO - Started process (PID=17928) to work on /home/airflow/.local/lib/python3.8/site-packages/airflow/example_dags/example_sensors.py
[2024-06-23T07:15:40.112+0000] {processor.py:829} INFO - Processing file /home/airflow/.local/lib/python3.8/site-packages/airflow/example_dags/example_sensors.py for tasks to queue
[2024-06-23T07:15:40.112+0000] {logging_mixin.py:154} INFO - [2024-06-23T07:15:40.112+0000] {dagbag.py:536} INFO - Filling up the DagBag from /home/airflow/.local/lib/python3.8/site-packages/airflow/example_dags/example_sensors.py
[2024-06-23T07:15:40.119+0000] {processor.py:839} INFO - DAG(s) dict_keys(['example_sensors']) retrieved from /home/airflow/.local/lib/python3.8/site-packages/airflow/example_dags/example_sensors.py
[2024-06-23T07:15:40.132+0000] {logging_mixin.py:154} INFO - [2024-06-23T07:15:40.132+0000] {dag.py:2941} INFO - Sync 1 DAGs
[2024-06-23T07:15:40.139+0000] {logging_mixin.py:154} INFO - [2024-06-23T07:15:40.139+0000] {dag.py:3722} INFO - Setting next_dagrun for example_sensors to None, run_after=None
[2024-06-23T07:15:40.149+0000] {processor.py:179} INFO - Processing /home/airflow/.local/lib/python3.8/site-packages/airflow/example_dags/example_sensors.py took 0.040 seconds
[2024-06-23T07:16:10.741+0000] {processor.py:157} INFO - Started process (PID=18172) to work on /home/airflow/.local/lib/python3.8/site-packages/airflow/example_dags/example_sensors.py
[2024-06-23T07:16:10.743+0000] {processor.py:829} INFO - Processing file /home/airflow/.local/lib/python3.8/site-packages/airflow/example_dags/example_sensors.py for tasks to queue
[2024-06-23T07:16:10.744+0000] {logging_mixin.py:154} INFO - [2024-06-23T07:16:10.744+0000] {dagbag.py:536} INFO - Filling up the DagBag from /home/airflow/.local/lib/python3.8/site-packages/airflow/example_dags/example_sensors.py
[2024-06-23T07:16:10.752+0000] {processor.py:839} INFO - DAG(s) dict_keys(['example_sensors']) retrieved from /home/airflow/.local/lib/python3.8/site-packages/airflow/example_dags/example_sensors.py
[2024-06-23T07:16:10.769+0000] {logging_mixin.py:154} INFO - [2024-06-23T07:16:10.769+0000] {dag.py:2941} INFO - Sync 1 DAGs
[2024-06-23T07:16:10.776+0000] {logging_mixin.py:154} INFO - [2024-06-23T07:16:10.776+0000] {dag.py:3722} INFO - Setting next_dagrun for example_sensors to None, run_after=None
[2024-06-23T07:16:10.789+0000] {processor.py:179} INFO - Processing /home/airflow/.local/lib/python3.8/site-packages/airflow/example_dags/example_sensors.py took 0.050 seconds
[2024-06-23T07:16:41.957+0000] {processor.py:157} INFO - Started process (PID=18416) to work on /home/airflow/.local/lib/python3.8/site-packages/airflow/example_dags/example_sensors.py
[2024-06-23T07:16:41.958+0000] {processor.py:829} INFO - Processing file /home/airflow/.local/lib/python3.8/site-packages/airflow/example_dags/example_sensors.py for tasks to queue
[2024-06-23T07:16:41.959+0000] {logging_mixin.py:154} INFO - [2024-06-23T07:16:41.959+0000] {dagbag.py:536} INFO - Filling up the DagBag from /home/airflow/.local/lib/python3.8/site-packages/airflow/example_dags/example_sensors.py
[2024-06-23T07:16:41.965+0000] {processor.py:839} INFO - DAG(s) dict_keys(['example_sensors']) retrieved from /home/airflow/.local/lib/python3.8/site-packages/airflow/example_dags/example_sensors.py
[2024-06-23T07:16:41.980+0000] {logging_mixin.py:154} INFO - [2024-06-23T07:16:41.980+0000] {dag.py:2941} INFO - Sync 1 DAGs
[2024-06-23T07:16:41.990+0000] {logging_mixin.py:154} INFO - [2024-06-23T07:16:41.989+0000] {dag.py:3722} INFO - Setting next_dagrun for example_sensors to None, run_after=None
[2024-06-23T07:16:42.017+0000] {processor.py:179} INFO - Processing /home/airflow/.local/lib/python3.8/site-packages/airflow/example_dags/example_sensors.py took 0.061 seconds
[2024-06-23T07:17:12.523+0000] {processor.py:157} INFO - Started process (PID=18662) to work on /home/airflow/.local/lib/python3.8/site-packages/airflow/example_dags/example_sensors.py
[2024-06-23T07:17:12.524+0000] {processor.py:829} INFO - Processing file /home/airflow/.local/lib/python3.8/site-packages/airflow/example_dags/example_sensors.py for tasks to queue
[2024-06-23T07:17:12.525+0000] {logging_mixin.py:154} INFO - [2024-06-23T07:17:12.525+0000] {dagbag.py:536} INFO - Filling up the DagBag from /home/airflow/.local/lib/python3.8/site-packages/airflow/example_dags/example_sensors.py
[2024-06-23T07:17:12.534+0000] {processor.py:839} INFO - DAG(s) dict_keys(['example_sensors']) retrieved from /home/airflow/.local/lib/python3.8/site-packages/airflow/example_dags/example_sensors.py
[2024-06-23T07:17:12.546+0000] {logging_mixin.py:154} INFO - [2024-06-23T07:17:12.546+0000] {dag.py:2941} INFO - Sync 1 DAGs
[2024-06-23T07:17:12.555+0000] {logging_mixin.py:154} INFO - [2024-06-23T07:17:12.555+0000] {dag.py:3722} INFO - Setting next_dagrun for example_sensors to None, run_after=None
[2024-06-23T07:17:12.568+0000] {processor.py:179} INFO - Processing /home/airflow/.local/lib/python3.8/site-packages/airflow/example_dags/example_sensors.py took 0.047 seconds
[2024-06-23T07:17:42.883+0000] {processor.py:157} INFO - Started process (PID=18904) to work on /home/airflow/.local/lib/python3.8/site-packages/airflow/example_dags/example_sensors.py
[2024-06-23T07:17:42.884+0000] {processor.py:829} INFO - Processing file /home/airflow/.local/lib/python3.8/site-packages/airflow/example_dags/example_sensors.py for tasks to queue
[2024-06-23T07:17:42.885+0000] {logging_mixin.py:154} INFO - [2024-06-23T07:17:42.885+0000] {dagbag.py:536} INFO - Filling up the DagBag from /home/airflow/.local/lib/python3.8/site-packages/airflow/example_dags/example_sensors.py
[2024-06-23T07:17:42.893+0000] {processor.py:839} INFO - DAG(s) dict_keys(['example_sensors']) retrieved from /home/airflow/.local/lib/python3.8/site-packages/airflow/example_dags/example_sensors.py
[2024-06-23T07:17:42.911+0000] {logging_mixin.py:154} INFO - [2024-06-23T07:17:42.911+0000] {dag.py:2941} INFO - Sync 1 DAGs
[2024-06-23T07:17:42.919+0000] {logging_mixin.py:154} INFO - [2024-06-23T07:17:42.918+0000] {dag.py:3722} INFO - Setting next_dagrun for example_sensors to None, run_after=None
[2024-06-23T07:17:42.936+0000] {processor.py:179} INFO - Processing /home/airflow/.local/lib/python3.8/site-packages/airflow/example_dags/example_sensors.py took 0.055 seconds
[2024-06-23T07:18:13.145+0000] {processor.py:157} INFO - Started process (PID=19148) to work on /home/airflow/.local/lib/python3.8/site-packages/airflow/example_dags/example_sensors.py
[2024-06-23T07:18:13.146+0000] {processor.py:829} INFO - Processing file /home/airflow/.local/lib/python3.8/site-packages/airflow/example_dags/example_sensors.py for tasks to queue
[2024-06-23T07:18:13.146+0000] {logging_mixin.py:154} INFO - [2024-06-23T07:18:13.146+0000] {dagbag.py:536} INFO - Filling up the DagBag from /home/airflow/.local/lib/python3.8/site-packages/airflow/example_dags/example_sensors.py
[2024-06-23T07:18:13.152+0000] {processor.py:839} INFO - DAG(s) dict_keys(['example_sensors']) retrieved from /home/airflow/.local/lib/python3.8/site-packages/airflow/example_dags/example_sensors.py
[2024-06-23T07:18:13.171+0000] {logging_mixin.py:154} INFO - [2024-06-23T07:18:13.171+0000] {dag.py:2941} INFO - Sync 1 DAGs
[2024-06-23T07:18:13.180+0000] {logging_mixin.py:154} INFO - [2024-06-23T07:18:13.180+0000] {dag.py:3722} INFO - Setting next_dagrun for example_sensors to None, run_after=None
[2024-06-23T07:18:13.197+0000] {processor.py:179} INFO - Processing /home/airflow/.local/lib/python3.8/site-packages/airflow/example_dags/example_sensors.py took 0.054 seconds
[2024-06-23T07:18:44.147+0000] {processor.py:157} INFO - Started process (PID=19392) to work on /home/airflow/.local/lib/python3.8/site-packages/airflow/example_dags/example_sensors.py
[2024-06-23T07:18:44.148+0000] {processor.py:829} INFO - Processing file /home/airflow/.local/lib/python3.8/site-packages/airflow/example_dags/example_sensors.py for tasks to queue
[2024-06-23T07:18:44.149+0000] {logging_mixin.py:154} INFO - [2024-06-23T07:18:44.148+0000] {dagbag.py:536} INFO - Filling up the DagBag from /home/airflow/.local/lib/python3.8/site-packages/airflow/example_dags/example_sensors.py
[2024-06-23T07:18:44.154+0000] {processor.py:839} INFO - DAG(s) dict_keys(['example_sensors']) retrieved from /home/airflow/.local/lib/python3.8/site-packages/airflow/example_dags/example_sensors.py
[2024-06-23T07:18:44.169+0000] {logging_mixin.py:154} INFO - [2024-06-23T07:18:44.169+0000] {dag.py:2941} INFO - Sync 1 DAGs
[2024-06-23T07:18:44.176+0000] {logging_mixin.py:154} INFO - [2024-06-23T07:18:44.176+0000] {dag.py:3722} INFO - Setting next_dagrun for example_sensors to None, run_after=None
[2024-06-23T07:18:44.187+0000] {processor.py:179} INFO - Processing /home/airflow/.local/lib/python3.8/site-packages/airflow/example_dags/example_sensors.py took 0.043 seconds
[2024-06-23T07:19:14.314+0000] {processor.py:157} INFO - Started process (PID=19635) to work on /home/airflow/.local/lib/python3.8/site-packages/airflow/example_dags/example_sensors.py
[2024-06-23T07:19:14.316+0000] {processor.py:829} INFO - Processing file /home/airflow/.local/lib/python3.8/site-packages/airflow/example_dags/example_sensors.py for tasks to queue
[2024-06-23T07:19:14.316+0000] {logging_mixin.py:154} INFO - [2024-06-23T07:19:14.316+0000] {dagbag.py:536} INFO - Filling up the DagBag from /home/airflow/.local/lib/python3.8/site-packages/airflow/example_dags/example_sensors.py
[2024-06-23T07:19:14.322+0000] {processor.py:839} INFO - DAG(s) dict_keys(['example_sensors']) retrieved from /home/airflow/.local/lib/python3.8/site-packages/airflow/example_dags/example_sensors.py
[2024-06-23T07:19:14.337+0000] {logging_mixin.py:154} INFO - [2024-06-23T07:19:14.337+0000] {dag.py:2941} INFO - Sync 1 DAGs
[2024-06-23T07:19:14.345+0000] {logging_mixin.py:154} INFO - [2024-06-23T07:19:14.344+0000] {dag.py:3722} INFO - Setting next_dagrun for example_sensors to None, run_after=None
[2024-06-23T07:19:14.355+0000] {processor.py:179} INFO - Processing /home/airflow/.local/lib/python3.8/site-packages/airflow/example_dags/example_sensors.py took 0.043 seconds
[2024-06-23T07:19:45.053+0000] {processor.py:157} INFO - Started process (PID=19881) to work on /home/airflow/.local/lib/python3.8/site-packages/airflow/example_dags/example_sensors.py
[2024-06-23T07:19:45.054+0000] {processor.py:829} INFO - Processing file /home/airflow/.local/lib/python3.8/site-packages/airflow/example_dags/example_sensors.py for tasks to queue
[2024-06-23T07:19:45.054+0000] {logging_mixin.py:154} INFO - [2024-06-23T07:19:45.054+0000] {dagbag.py:536} INFO - Filling up the DagBag from /home/airflow/.local/lib/python3.8/site-packages/airflow/example_dags/example_sensors.py
[2024-06-23T07:19:45.060+0000] {processor.py:839} INFO - DAG(s) dict_keys(['example_sensors']) retrieved from /home/airflow/.local/lib/python3.8/site-packages/airflow/example_dags/example_sensors.py
[2024-06-23T07:19:45.075+0000] {logging_mixin.py:154} INFO - [2024-06-23T07:19:45.075+0000] {dag.py:2941} INFO - Sync 1 DAGs
[2024-06-23T07:19:45.083+0000] {logging_mixin.py:154} INFO - [2024-06-23T07:19:45.083+0000] {dag.py:3722} INFO - Setting next_dagrun for example_sensors to None, run_after=None
[2024-06-23T07:19:45.093+0000] {processor.py:179} INFO - Processing /home/airflow/.local/lib/python3.8/site-packages/airflow/example_dags/example_sensors.py took 0.042 seconds
[2024-06-23T07:20:15.825+0000] {processor.py:157} INFO - Started process (PID=20122) to work on /home/airflow/.local/lib/python3.8/site-packages/airflow/example_dags/example_sensors.py
[2024-06-23T07:20:15.826+0000] {processor.py:829} INFO - Processing file /home/airflow/.local/lib/python3.8/site-packages/airflow/example_dags/example_sensors.py for tasks to queue
[2024-06-23T07:20:15.827+0000] {logging_mixin.py:154} INFO - [2024-06-23T07:20:15.826+0000] {dagbag.py:536} INFO - Filling up the DagBag from /home/airflow/.local/lib/python3.8/site-packages/airflow/example_dags/example_sensors.py
[2024-06-23T07:20:15.837+0000] {processor.py:839} INFO - DAG(s) dict_keys(['example_sensors']) retrieved from /home/airflow/.local/lib/python3.8/site-packages/airflow/example_dags/example_sensors.py
[2024-06-23T07:20:15.853+0000] {logging_mixin.py:154} INFO - [2024-06-23T07:20:15.853+0000] {dag.py:2941} INFO - Sync 1 DAGs
[2024-06-23T07:20:15.860+0000] {logging_mixin.py:154} INFO - [2024-06-23T07:20:15.860+0000] {dag.py:3722} INFO - Setting next_dagrun for example_sensors to None, run_after=None
[2024-06-23T07:20:15.872+0000] {processor.py:179} INFO - Processing /home/airflow/.local/lib/python3.8/site-packages/airflow/example_dags/example_sensors.py took 0.050 seconds
[2024-06-23T07:20:46.632+0000] {processor.py:157} INFO - Started process (PID=20367) to work on /home/airflow/.local/lib/python3.8/site-packages/airflow/example_dags/example_sensors.py
[2024-06-23T07:20:46.634+0000] {processor.py:829} INFO - Processing file /home/airflow/.local/lib/python3.8/site-packages/airflow/example_dags/example_sensors.py for tasks to queue
[2024-06-23T07:20:46.635+0000] {logging_mixin.py:154} INFO - [2024-06-23T07:20:46.634+0000] {dagbag.py:536} INFO - Filling up the DagBag from /home/airflow/.local/lib/python3.8/site-packages/airflow/example_dags/example_sensors.py
[2024-06-23T07:20:46.639+0000] {processor.py:839} INFO - DAG(s) dict_keys(['example_sensors']) retrieved from /home/airflow/.local/lib/python3.8/site-packages/airflow/example_dags/example_sensors.py
[2024-06-23T07:20:46.651+0000] {logging_mixin.py:154} INFO - [2024-06-23T07:20:46.651+0000] {dag.py:2941} INFO - Sync 1 DAGs
[2024-06-23T07:20:46.660+0000] {logging_mixin.py:154} INFO - [2024-06-23T07:20:46.660+0000] {dag.py:3722} INFO - Setting next_dagrun for example_sensors to None, run_after=None
[2024-06-23T07:20:46.669+0000] {processor.py:179} INFO - Processing /home/airflow/.local/lib/python3.8/site-packages/airflow/example_dags/example_sensors.py took 0.039 seconds
[2024-06-23T07:21:17.089+0000] {processor.py:157} INFO - Started process (PID=20609) to work on /home/airflow/.local/lib/python3.8/site-packages/airflow/example_dags/example_sensors.py
[2024-06-23T07:21:17.090+0000] {processor.py:829} INFO - Processing file /home/airflow/.local/lib/python3.8/site-packages/airflow/example_dags/example_sensors.py for tasks to queue
[2024-06-23T07:21:17.091+0000] {logging_mixin.py:154} INFO - [2024-06-23T07:21:17.091+0000] {dagbag.py:536} INFO - Filling up the DagBag from /home/airflow/.local/lib/python3.8/site-packages/airflow/example_dags/example_sensors.py
[2024-06-23T07:21:17.100+0000] {processor.py:839} INFO - DAG(s) dict_keys(['example_sensors']) retrieved from /home/airflow/.local/lib/python3.8/site-packages/airflow/example_dags/example_sensors.py
[2024-06-23T07:21:17.123+0000] {logging_mixin.py:154} INFO - [2024-06-23T07:21:17.122+0000] {dag.py:2941} INFO - Sync 1 DAGs
[2024-06-23T07:21:17.134+0000] {logging_mixin.py:154} INFO - [2024-06-23T07:21:17.133+0000] {dag.py:3722} INFO - Setting next_dagrun for example_sensors to None, run_after=None
[2024-06-23T07:21:17.156+0000] {processor.py:179} INFO - Processing /home/airflow/.local/lib/python3.8/site-packages/airflow/example_dags/example_sensors.py took 0.071 seconds
[2024-06-23T07:21:48.089+0000] {processor.py:157} INFO - Started process (PID=20853) to work on /home/airflow/.local/lib/python3.8/site-packages/airflow/example_dags/example_sensors.py
[2024-06-23T07:21:48.092+0000] {processor.py:829} INFO - Processing file /home/airflow/.local/lib/python3.8/site-packages/airflow/example_dags/example_sensors.py for tasks to queue
[2024-06-23T07:21:48.094+0000] {logging_mixin.py:154} INFO - [2024-06-23T07:21:48.094+0000] {dagbag.py:536} INFO - Filling up the DagBag from /home/airflow/.local/lib/python3.8/site-packages/airflow/example_dags/example_sensors.py
[2024-06-23T07:21:48.102+0000] {processor.py:839} INFO - DAG(s) dict_keys(['example_sensors']) retrieved from /home/airflow/.local/lib/python3.8/site-packages/airflow/example_dags/example_sensors.py
[2024-06-23T07:21:48.121+0000] {logging_mixin.py:154} INFO - [2024-06-23T07:21:48.121+0000] {dag.py:2941} INFO - Sync 1 DAGs
[2024-06-23T07:21:48.129+0000] {logging_mixin.py:154} INFO - [2024-06-23T07:21:48.129+0000] {dag.py:3722} INFO - Setting next_dagrun for example_sensors to None, run_after=None
[2024-06-23T07:21:48.138+0000] {processor.py:179} INFO - Processing /home/airflow/.local/lib/python3.8/site-packages/airflow/example_dags/example_sensors.py took 0.053 seconds
[2024-06-23T07:22:18.802+0000] {processor.py:157} INFO - Started process (PID=21097) to work on /home/airflow/.local/lib/python3.8/site-packages/airflow/example_dags/example_sensors.py
[2024-06-23T07:22:18.803+0000] {processor.py:829} INFO - Processing file /home/airflow/.local/lib/python3.8/site-packages/airflow/example_dags/example_sensors.py for tasks to queue
[2024-06-23T07:22:18.804+0000] {logging_mixin.py:154} INFO - [2024-06-23T07:22:18.803+0000] {dagbag.py:536} INFO - Filling up the DagBag from /home/airflow/.local/lib/python3.8/site-packages/airflow/example_dags/example_sensors.py
[2024-06-23T07:22:18.809+0000] {processor.py:839} INFO - DAG(s) dict_keys(['example_sensors']) retrieved from /home/airflow/.local/lib/python3.8/site-packages/airflow/example_dags/example_sensors.py
[2024-06-23T07:22:18.822+0000] {logging_mixin.py:154} INFO - [2024-06-23T07:22:18.822+0000] {dag.py:2941} INFO - Sync 1 DAGs
[2024-06-23T07:22:18.829+0000] {logging_mixin.py:154} INFO - [2024-06-23T07:22:18.829+0000] {dag.py:3722} INFO - Setting next_dagrun for example_sensors to None, run_after=None
[2024-06-23T07:22:18.839+0000] {processor.py:179} INFO - Processing /home/airflow/.local/lib/python3.8/site-packages/airflow/example_dags/example_sensors.py took 0.038 seconds
[2024-06-23T07:22:49.689+0000] {processor.py:157} INFO - Started process (PID=21341) to work on /home/airflow/.local/lib/python3.8/site-packages/airflow/example_dags/example_sensors.py
[2024-06-23T07:22:49.689+0000] {processor.py:829} INFO - Processing file /home/airflow/.local/lib/python3.8/site-packages/airflow/example_dags/example_sensors.py for tasks to queue
[2024-06-23T07:22:49.690+0000] {logging_mixin.py:154} INFO - [2024-06-23T07:22:49.690+0000] {dagbag.py:536} INFO - Filling up the DagBag from /home/airflow/.local/lib/python3.8/site-packages/airflow/example_dags/example_sensors.py
[2024-06-23T07:22:49.695+0000] {processor.py:839} INFO - DAG(s) dict_keys(['example_sensors']) retrieved from /home/airflow/.local/lib/python3.8/site-packages/airflow/example_dags/example_sensors.py
[2024-06-23T07:22:49.708+0000] {logging_mixin.py:154} INFO - [2024-06-23T07:22:49.708+0000] {dag.py:2941} INFO - Sync 1 DAGs
[2024-06-23T07:22:49.714+0000] {logging_mixin.py:154} INFO - [2024-06-23T07:22:49.714+0000] {dag.py:3722} INFO - Setting next_dagrun for example_sensors to None, run_after=None
[2024-06-23T07:22:49.724+0000] {processor.py:179} INFO - Processing /home/airflow/.local/lib/python3.8/site-packages/airflow/example_dags/example_sensors.py took 0.037 seconds
[2024-06-23T07:23:20.387+0000] {processor.py:157} INFO - Started process (PID=21585) to work on /home/airflow/.local/lib/python3.8/site-packages/airflow/example_dags/example_sensors.py
[2024-06-23T07:23:20.388+0000] {processor.py:829} INFO - Processing file /home/airflow/.local/lib/python3.8/site-packages/airflow/example_dags/example_sensors.py for tasks to queue
[2024-06-23T07:23:20.389+0000] {logging_mixin.py:154} INFO - [2024-06-23T07:23:20.388+0000] {dagbag.py:536} INFO - Filling up the DagBag from /home/airflow/.local/lib/python3.8/site-packages/airflow/example_dags/example_sensors.py
[2024-06-23T07:23:20.394+0000] {processor.py:839} INFO - DAG(s) dict_keys(['example_sensors']) retrieved from /home/airflow/.local/lib/python3.8/site-packages/airflow/example_dags/example_sensors.py
[2024-06-23T07:23:20.407+0000] {logging_mixin.py:154} INFO - [2024-06-23T07:23:20.407+0000] {dag.py:2941} INFO - Sync 1 DAGs
[2024-06-23T07:23:20.414+0000] {logging_mixin.py:154} INFO - [2024-06-23T07:23:20.413+0000] {dag.py:3722} INFO - Setting next_dagrun for example_sensors to None, run_after=None
[2024-06-23T07:23:20.425+0000] {processor.py:179} INFO - Processing /home/airflow/.local/lib/python3.8/site-packages/airflow/example_dags/example_sensors.py took 0.040 seconds
[2024-06-23T07:23:51.276+0000] {processor.py:157} INFO - Started process (PID=21829) to work on /home/airflow/.local/lib/python3.8/site-packages/airflow/example_dags/example_sensors.py
[2024-06-23T07:23:51.277+0000] {processor.py:829} INFO - Processing file /home/airflow/.local/lib/python3.8/site-packages/airflow/example_dags/example_sensors.py for tasks to queue
[2024-06-23T07:23:51.278+0000] {logging_mixin.py:154} INFO - [2024-06-23T07:23:51.277+0000] {dagbag.py:536} INFO - Filling up the DagBag from /home/airflow/.local/lib/python3.8/site-packages/airflow/example_dags/example_sensors.py
[2024-06-23T07:23:51.284+0000] {processor.py:839} INFO - DAG(s) dict_keys(['example_sensors']) retrieved from /home/airflow/.local/lib/python3.8/site-packages/airflow/example_dags/example_sensors.py
[2024-06-23T07:23:51.299+0000] {logging_mixin.py:154} INFO - [2024-06-23T07:23:51.298+0000] {dag.py:2941} INFO - Sync 1 DAGs
[2024-06-23T07:23:51.306+0000] {logging_mixin.py:154} INFO - [2024-06-23T07:23:51.306+0000] {dag.py:3722} INFO - Setting next_dagrun for example_sensors to None, run_after=None
[2024-06-23T07:23:51.317+0000] {processor.py:179} INFO - Processing /home/airflow/.local/lib/python3.8/site-packages/airflow/example_dags/example_sensors.py took 0.043 seconds
[2024-06-23T07:24:22.309+0000] {processor.py:157} INFO - Started process (PID=22073) to work on /home/airflow/.local/lib/python3.8/site-packages/airflow/example_dags/example_sensors.py
[2024-06-23T07:24:22.310+0000] {processor.py:829} INFO - Processing file /home/airflow/.local/lib/python3.8/site-packages/airflow/example_dags/example_sensors.py for tasks to queue
[2024-06-23T07:24:22.311+0000] {logging_mixin.py:154} INFO - [2024-06-23T07:24:22.310+0000] {dagbag.py:536} INFO - Filling up the DagBag from /home/airflow/.local/lib/python3.8/site-packages/airflow/example_dags/example_sensors.py
[2024-06-23T07:24:22.316+0000] {processor.py:839} INFO - DAG(s) dict_keys(['example_sensors']) retrieved from /home/airflow/.local/lib/python3.8/site-packages/airflow/example_dags/example_sensors.py
[2024-06-23T07:24:22.331+0000] {logging_mixin.py:154} INFO - [2024-06-23T07:24:22.331+0000] {dag.py:2941} INFO - Sync 1 DAGs
[2024-06-23T07:24:22.339+0000] {logging_mixin.py:154} INFO - [2024-06-23T07:24:22.339+0000] {dag.py:3722} INFO - Setting next_dagrun for example_sensors to None, run_after=None
[2024-06-23T07:24:22.352+0000] {processor.py:179} INFO - Processing /home/airflow/.local/lib/python3.8/site-packages/airflow/example_dags/example_sensors.py took 0.045 seconds
[2024-06-23T07:24:53.291+0000] {processor.py:157} INFO - Started process (PID=22317) to work on /home/airflow/.local/lib/python3.8/site-packages/airflow/example_dags/example_sensors.py
[2024-06-23T07:24:53.292+0000] {processor.py:829} INFO - Processing file /home/airflow/.local/lib/python3.8/site-packages/airflow/example_dags/example_sensors.py for tasks to queue
[2024-06-23T07:24:53.292+0000] {logging_mixin.py:154} INFO - [2024-06-23T07:24:53.292+0000] {dagbag.py:536} INFO - Filling up the DagBag from /home/airflow/.local/lib/python3.8/site-packages/airflow/example_dags/example_sensors.py
[2024-06-23T07:24:53.297+0000] {processor.py:839} INFO - DAG(s) dict_keys(['example_sensors']) retrieved from /home/airflow/.local/lib/python3.8/site-packages/airflow/example_dags/example_sensors.py
[2024-06-23T07:24:53.309+0000] {logging_mixin.py:154} INFO - [2024-06-23T07:24:53.309+0000] {dag.py:2941} INFO - Sync 1 DAGs
[2024-06-23T07:24:53.316+0000] {logging_mixin.py:154} INFO - [2024-06-23T07:24:53.316+0000] {dag.py:3722} INFO - Setting next_dagrun for example_sensors to None, run_after=None
[2024-06-23T07:24:53.325+0000] {processor.py:179} INFO - Processing /home/airflow/.local/lib/python3.8/site-packages/airflow/example_dags/example_sensors.py took 0.035 seconds
[2024-06-23T07:25:23.549+0000] {processor.py:157} INFO - Started process (PID=22561) to work on /home/airflow/.local/lib/python3.8/site-packages/airflow/example_dags/example_sensors.py
[2024-06-23T07:25:23.550+0000] {processor.py:829} INFO - Processing file /home/airflow/.local/lib/python3.8/site-packages/airflow/example_dags/example_sensors.py for tasks to queue
[2024-06-23T07:25:23.551+0000] {logging_mixin.py:154} INFO - [2024-06-23T07:25:23.551+0000] {dagbag.py:536} INFO - Filling up the DagBag from /home/airflow/.local/lib/python3.8/site-packages/airflow/example_dags/example_sensors.py
[2024-06-23T07:25:23.559+0000] {processor.py:839} INFO - DAG(s) dict_keys(['example_sensors']) retrieved from /home/airflow/.local/lib/python3.8/site-packages/airflow/example_dags/example_sensors.py
[2024-06-23T07:25:23.577+0000] {logging_mixin.py:154} INFO - [2024-06-23T07:25:23.577+0000] {dag.py:2941} INFO - Sync 1 DAGs
[2024-06-23T07:25:23.586+0000] {logging_mixin.py:154} INFO - [2024-06-23T07:25:23.585+0000] {dag.py:3722} INFO - Setting next_dagrun for example_sensors to None, run_after=None
[2024-06-23T07:25:23.599+0000] {processor.py:179} INFO - Processing /home/airflow/.local/lib/python3.8/site-packages/airflow/example_dags/example_sensors.py took 0.052 seconds
[2024-06-23T07:25:54.547+0000] {processor.py:157} INFO - Started process (PID=22805) to work on /home/airflow/.local/lib/python3.8/site-packages/airflow/example_dags/example_sensors.py
[2024-06-23T07:25:54.547+0000] {processor.py:829} INFO - Processing file /home/airflow/.local/lib/python3.8/site-packages/airflow/example_dags/example_sensors.py for tasks to queue
[2024-06-23T07:25:54.548+0000] {logging_mixin.py:154} INFO - [2024-06-23T07:25:54.548+0000] {dagbag.py:536} INFO - Filling up the DagBag from /home/airflow/.local/lib/python3.8/site-packages/airflow/example_dags/example_sensors.py
[2024-06-23T07:25:54.553+0000] {processor.py:839} INFO - DAG(s) dict_keys(['example_sensors']) retrieved from /home/airflow/.local/lib/python3.8/site-packages/airflow/example_dags/example_sensors.py
[2024-06-23T07:25:54.566+0000] {logging_mixin.py:154} INFO - [2024-06-23T07:25:54.566+0000] {dag.py:2941} INFO - Sync 1 DAGs
[2024-06-23T07:25:54.572+0000] {logging_mixin.py:154} INFO - [2024-06-23T07:25:54.572+0000] {dag.py:3722} INFO - Setting next_dagrun for example_sensors to None, run_after=None
[2024-06-23T07:25:54.581+0000] {processor.py:179} INFO - Processing /home/airflow/.local/lib/python3.8/site-packages/airflow/example_dags/example_sensors.py took 0.036 seconds
[2024-06-23T07:26:25.413+0000] {processor.py:157} INFO - Started process (PID=23049) to work on /home/airflow/.local/lib/python3.8/site-packages/airflow/example_dags/example_sensors.py
[2024-06-23T07:26:25.414+0000] {processor.py:829} INFO - Processing file /home/airflow/.local/lib/python3.8/site-packages/airflow/example_dags/example_sensors.py for tasks to queue
[2024-06-23T07:26:25.414+0000] {logging_mixin.py:154} INFO - [2024-06-23T07:26:25.414+0000] {dagbag.py:536} INFO - Filling up the DagBag from /home/airflow/.local/lib/python3.8/site-packages/airflow/example_dags/example_sensors.py
[2024-06-23T07:26:25.420+0000] {processor.py:839} INFO - DAG(s) dict_keys(['example_sensors']) retrieved from /home/airflow/.local/lib/python3.8/site-packages/airflow/example_dags/example_sensors.py
[2024-06-23T07:26:25.435+0000] {logging_mixin.py:154} INFO - [2024-06-23T07:26:25.435+0000] {dag.py:2941} INFO - Sync 1 DAGs
[2024-06-23T07:26:25.442+0000] {logging_mixin.py:154} INFO - [2024-06-23T07:26:25.442+0000] {dag.py:3722} INFO - Setting next_dagrun for example_sensors to None, run_after=None
[2024-06-23T07:26:25.456+0000] {processor.py:179} INFO - Processing /home/airflow/.local/lib/python3.8/site-packages/airflow/example_dags/example_sensors.py took 0.045 seconds
[2024-06-23T07:26:56.251+0000] {processor.py:157} INFO - Started process (PID=23293) to work on /home/airflow/.local/lib/python3.8/site-packages/airflow/example_dags/example_sensors.py
[2024-06-23T07:26:56.252+0000] {processor.py:829} INFO - Processing file /home/airflow/.local/lib/python3.8/site-packages/airflow/example_dags/example_sensors.py for tasks to queue
[2024-06-23T07:26:56.252+0000] {logging_mixin.py:154} INFO - [2024-06-23T07:26:56.252+0000] {dagbag.py:536} INFO - Filling up the DagBag from /home/airflow/.local/lib/python3.8/site-packages/airflow/example_dags/example_sensors.py
[2024-06-23T07:26:56.257+0000] {processor.py:839} INFO - DAG(s) dict_keys(['example_sensors']) retrieved from /home/airflow/.local/lib/python3.8/site-packages/airflow/example_dags/example_sensors.py
[2024-06-23T07:26:56.270+0000] {logging_mixin.py:154} INFO - [2024-06-23T07:26:56.269+0000] {dag.py:2941} INFO - Sync 1 DAGs
[2024-06-23T07:26:56.277+0000] {logging_mixin.py:154} INFO - [2024-06-23T07:26:56.277+0000] {dag.py:3722} INFO - Setting next_dagrun for example_sensors to None, run_after=None
[2024-06-23T07:26:56.287+0000] {processor.py:179} INFO - Processing /home/airflow/.local/lib/python3.8/site-packages/airflow/example_dags/example_sensors.py took 0.038 seconds
[2024-06-23T07:27:27.217+0000] {processor.py:157} INFO - Started process (PID=23536) to work on /home/airflow/.local/lib/python3.8/site-packages/airflow/example_dags/example_sensors.py
[2024-06-23T07:27:27.218+0000] {processor.py:829} INFO - Processing file /home/airflow/.local/lib/python3.8/site-packages/airflow/example_dags/example_sensors.py for tasks to queue
[2024-06-23T07:27:27.219+0000] {logging_mixin.py:154} INFO - [2024-06-23T07:27:27.218+0000] {dagbag.py:536} INFO - Filling up the DagBag from /home/airflow/.local/lib/python3.8/site-packages/airflow/example_dags/example_sensors.py
[2024-06-23T07:27:27.224+0000] {processor.py:839} INFO - DAG(s) dict_keys(['example_sensors']) retrieved from /home/airflow/.local/lib/python3.8/site-packages/airflow/example_dags/example_sensors.py
[2024-06-23T07:27:27.240+0000] {logging_mixin.py:154} INFO - [2024-06-23T07:27:27.240+0000] {dag.py:2941} INFO - Sync 1 DAGs
[2024-06-23T07:27:27.257+0000] {logging_mixin.py:154} INFO - [2024-06-23T07:27:27.257+0000] {dag.py:3722} INFO - Setting next_dagrun for example_sensors to None, run_after=None
[2024-06-23T07:27:27.273+0000] {processor.py:179} INFO - Processing /home/airflow/.local/lib/python3.8/site-packages/airflow/example_dags/example_sensors.py took 0.058 seconds
[2024-06-23T07:27:58.025+0000] {processor.py:157} INFO - Started process (PID=23780) to work on /home/airflow/.local/lib/python3.8/site-packages/airflow/example_dags/example_sensors.py
[2024-06-23T07:27:58.026+0000] {processor.py:829} INFO - Processing file /home/airflow/.local/lib/python3.8/site-packages/airflow/example_dags/example_sensors.py for tasks to queue
[2024-06-23T07:27:58.026+0000] {logging_mixin.py:154} INFO - [2024-06-23T07:27:58.026+0000] {dagbag.py:536} INFO - Filling up the DagBag from /home/airflow/.local/lib/python3.8/site-packages/airflow/example_dags/example_sensors.py
[2024-06-23T07:27:58.032+0000] {processor.py:839} INFO - DAG(s) dict_keys(['example_sensors']) retrieved from /home/airflow/.local/lib/python3.8/site-packages/airflow/example_dags/example_sensors.py
[2024-06-23T07:27:58.046+0000] {logging_mixin.py:154} INFO - [2024-06-23T07:27:58.046+0000] {dag.py:2941} INFO - Sync 1 DAGs
[2024-06-23T07:27:58.052+0000] {logging_mixin.py:154} INFO - [2024-06-23T07:27:58.052+0000] {dag.py:3722} INFO - Setting next_dagrun for example_sensors to None, run_after=None
[2024-06-23T07:27:58.062+0000] {processor.py:179} INFO - Processing /home/airflow/.local/lib/python3.8/site-packages/airflow/example_dags/example_sensors.py took 0.039 seconds
[2024-06-23T07:28:29.073+0000] {processor.py:157} INFO - Started process (PID=24024) to work on /home/airflow/.local/lib/python3.8/site-packages/airflow/example_dags/example_sensors.py
[2024-06-23T07:28:29.074+0000] {processor.py:829} INFO - Processing file /home/airflow/.local/lib/python3.8/site-packages/airflow/example_dags/example_sensors.py for tasks to queue
[2024-06-23T07:28:29.075+0000] {logging_mixin.py:154} INFO - [2024-06-23T07:28:29.075+0000] {dagbag.py:536} INFO - Filling up the DagBag from /home/airflow/.local/lib/python3.8/site-packages/airflow/example_dags/example_sensors.py
[2024-06-23T07:28:29.082+0000] {processor.py:839} INFO - DAG(s) dict_keys(['example_sensors']) retrieved from /home/airflow/.local/lib/python3.8/site-packages/airflow/example_dags/example_sensors.py
[2024-06-23T07:28:29.104+0000] {logging_mixin.py:154} INFO - [2024-06-23T07:28:29.104+0000] {dag.py:2941} INFO - Sync 1 DAGs
[2024-06-23T07:28:29.115+0000] {logging_mixin.py:154} INFO - [2024-06-23T07:28:29.114+0000] {dag.py:3722} INFO - Setting next_dagrun for example_sensors to None, run_after=None
[2024-06-23T07:28:29.131+0000] {processor.py:179} INFO - Processing /home/airflow/.local/lib/python3.8/site-packages/airflow/example_dags/example_sensors.py took 0.060 seconds
[2024-06-23T07:29:00.152+0000] {processor.py:157} INFO - Started process (PID=24268) to work on /home/airflow/.local/lib/python3.8/site-packages/airflow/example_dags/example_sensors.py
[2024-06-23T07:29:00.154+0000] {processor.py:829} INFO - Processing file /home/airflow/.local/lib/python3.8/site-packages/airflow/example_dags/example_sensors.py for tasks to queue
[2024-06-23T07:29:00.155+0000] {logging_mixin.py:154} INFO - [2024-06-23T07:29:00.155+0000] {dagbag.py:536} INFO - Filling up the DagBag from /home/airflow/.local/lib/python3.8/site-packages/airflow/example_dags/example_sensors.py
[2024-06-23T07:29:00.162+0000] {processor.py:839} INFO - DAG(s) dict_keys(['example_sensors']) retrieved from /home/airflow/.local/lib/python3.8/site-packages/airflow/example_dags/example_sensors.py
[2024-06-23T07:29:00.175+0000] {logging_mixin.py:154} INFO - [2024-06-23T07:29:00.175+0000] {dag.py:2941} INFO - Sync 1 DAGs
[2024-06-23T07:29:00.183+0000] {logging_mixin.py:154} INFO - [2024-06-23T07:29:00.182+0000] {dag.py:3722} INFO - Setting next_dagrun for example_sensors to None, run_after=None
[2024-06-23T07:29:00.192+0000] {processor.py:179} INFO - Processing /home/airflow/.local/lib/python3.8/site-packages/airflow/example_dags/example_sensors.py took 0.042 seconds
[2024-06-23T07:29:30.433+0000] {processor.py:157} INFO - Started process (PID=24506) to work on /home/airflow/.local/lib/python3.8/site-packages/airflow/example_dags/example_sensors.py
[2024-06-23T07:29:30.434+0000] {processor.py:829} INFO - Processing file /home/airflow/.local/lib/python3.8/site-packages/airflow/example_dags/example_sensors.py for tasks to queue
[2024-06-23T07:29:30.435+0000] {logging_mixin.py:154} INFO - [2024-06-23T07:29:30.435+0000] {dagbag.py:536} INFO - Filling up the DagBag from /home/airflow/.local/lib/python3.8/site-packages/airflow/example_dags/example_sensors.py
[2024-06-23T07:29:30.443+0000] {processor.py:839} INFO - DAG(s) dict_keys(['example_sensors']) retrieved from /home/airflow/.local/lib/python3.8/site-packages/airflow/example_dags/example_sensors.py
[2024-06-23T07:29:30.459+0000] {logging_mixin.py:154} INFO - [2024-06-23T07:29:30.459+0000] {dag.py:2941} INFO - Sync 1 DAGs
[2024-06-23T07:29:30.466+0000] {logging_mixin.py:154} INFO - [2024-06-23T07:29:30.466+0000] {dag.py:3722} INFO - Setting next_dagrun for example_sensors to None, run_after=None
[2024-06-23T07:29:30.476+0000] {processor.py:179} INFO - Processing /home/airflow/.local/lib/python3.8/site-packages/airflow/example_dags/example_sensors.py took 0.046 seconds
[2024-06-23T07:30:00.556+0000] {processor.py:157} INFO - Started process (PID=24750) to work on /home/airflow/.local/lib/python3.8/site-packages/airflow/example_dags/example_sensors.py
[2024-06-23T07:30:00.560+0000] {processor.py:829} INFO - Processing file /home/airflow/.local/lib/python3.8/site-packages/airflow/example_dags/example_sensors.py for tasks to queue
[2024-06-23T07:30:00.561+0000] {logging_mixin.py:154} INFO - [2024-06-23T07:30:00.561+0000] {dagbag.py:536} INFO - Filling up the DagBag from /home/airflow/.local/lib/python3.8/site-packages/airflow/example_dags/example_sensors.py
[2024-06-23T07:30:00.573+0000] {processor.py:839} INFO - DAG(s) dict_keys(['example_sensors']) retrieved from /home/airflow/.local/lib/python3.8/site-packages/airflow/example_dags/example_sensors.py
[2024-06-23T07:30:00.594+0000] {logging_mixin.py:154} INFO - [2024-06-23T07:30:00.594+0000] {dag.py:2941} INFO - Sync 1 DAGs
[2024-06-23T07:30:00.602+0000] {logging_mixin.py:154} INFO - [2024-06-23T07:30:00.602+0000] {dag.py:3722} INFO - Setting next_dagrun for example_sensors to None, run_after=None
[2024-06-23T07:30:00.611+0000] {processor.py:179} INFO - Processing /home/airflow/.local/lib/python3.8/site-packages/airflow/example_dags/example_sensors.py took 0.060 seconds
[2024-06-23T07:30:31.492+0000] {processor.py:157} INFO - Started process (PID=24994) to work on /home/airflow/.local/lib/python3.8/site-packages/airflow/example_dags/example_sensors.py
[2024-06-23T07:30:31.493+0000] {processor.py:829} INFO - Processing file /home/airflow/.local/lib/python3.8/site-packages/airflow/example_dags/example_sensors.py for tasks to queue
[2024-06-23T07:30:31.495+0000] {logging_mixin.py:154} INFO - [2024-06-23T07:30:31.494+0000] {dagbag.py:536} INFO - Filling up the DagBag from /home/airflow/.local/lib/python3.8/site-packages/airflow/example_dags/example_sensors.py
[2024-06-23T07:30:31.507+0000] {processor.py:839} INFO - DAG(s) dict_keys(['example_sensors']) retrieved from /home/airflow/.local/lib/python3.8/site-packages/airflow/example_dags/example_sensors.py
[2024-06-23T07:30:31.524+0000] {logging_mixin.py:154} INFO - [2024-06-23T07:30:31.524+0000] {dag.py:2941} INFO - Sync 1 DAGs
[2024-06-23T07:30:31.531+0000] {logging_mixin.py:154} INFO - [2024-06-23T07:30:31.531+0000] {dag.py:3722} INFO - Setting next_dagrun for example_sensors to None, run_after=None
[2024-06-23T07:30:31.542+0000] {processor.py:179} INFO - Processing /home/airflow/.local/lib/python3.8/site-packages/airflow/example_dags/example_sensors.py took 0.056 seconds
