[2024-06-23T01:24:23.978+0000] {processor.py:157} INFO - Started process (PID=13133) to work on /home/airflow/.local/lib/python3.8/site-packages/airflow/example_dags/example_branch_python_dop_operator_3.py
[2024-06-23T01:24:23.979+0000] {processor.py:829} INFO - Processing file /home/airflow/.local/lib/python3.8/site-packages/airflow/example_dags/example_branch_python_dop_operator_3.py for tasks to queue
[2024-06-23T01:24:23.981+0000] {logging_mixin.py:154} INFO - [2024-06-23T01:24:23.980+0000] {dagbag.py:536} INFO - Filling up the DagBag from /home/airflow/.local/lib/python3.8/site-packages/airflow/example_dags/example_branch_python_dop_operator_3.py
[2024-06-23T01:24:23.988+0000] {processor.py:839} INFO - DAG(s) dict_keys(['example_branch_dop_operator_v3']) retrieved from /home/airflow/.local/lib/python3.8/site-packages/airflow/example_dags/example_branch_python_dop_operator_3.py
[2024-06-23T01:24:24.005+0000] {logging_mixin.py:154} INFO - [2024-06-23T01:24:24.005+0000] {dag.py:2941} INFO - Sync 1 DAGs
[2024-06-23T01:24:24.022+0000] {logging_mixin.py:154} INFO - [2024-06-23T01:24:24.022+0000] {dag.py:3722} INFO - Setting next_dagrun for example_branch_dop_operator_v3 to 2024-06-23T01:23:00+00:00, run_after=2024-06-23T01:24:00+00:00
[2024-06-23T01:24:24.040+0000] {processor.py:179} INFO - Processing /home/airflow/.local/lib/python3.8/site-packages/airflow/example_dags/example_branch_python_dop_operator_3.py took 0.065 seconds
[2024-06-23T02:48:32.748+0000] {processor.py:157} INFO - Started process (PID=13376) to work on /home/airflow/.local/lib/python3.8/site-packages/airflow/example_dags/example_branch_python_dop_operator_3.py
[2024-06-23T02:48:32.749+0000] {processor.py:829} INFO - Processing file /home/airflow/.local/lib/python3.8/site-packages/airflow/example_dags/example_branch_python_dop_operator_3.py for tasks to queue
[2024-06-23T02:48:32.750+0000] {logging_mixin.py:154} INFO - [2024-06-23T02:48:32.749+0000] {dagbag.py:536} INFO - Filling up the DagBag from /home/airflow/.local/lib/python3.8/site-packages/airflow/example_dags/example_branch_python_dop_operator_3.py
[2024-06-23T02:48:32.758+0000] {processor.py:839} INFO - DAG(s) dict_keys(['example_branch_dop_operator_v3']) retrieved from /home/airflow/.local/lib/python3.8/site-packages/airflow/example_dags/example_branch_python_dop_operator_3.py
[2024-06-23T02:48:32.773+0000] {logging_mixin.py:154} INFO - [2024-06-23T02:48:32.772+0000] {dag.py:2941} INFO - Sync 1 DAGs
[2024-06-23T02:48:32.796+0000] {logging_mixin.py:154} INFO - [2024-06-23T02:48:32.796+0000] {dag.py:3722} INFO - Setting next_dagrun for example_branch_dop_operator_v3 to 2024-06-23T02:47:00+00:00, run_after=2024-06-23T02:48:00+00:00
[2024-06-23T02:48:32.811+0000] {processor.py:179} INFO - Processing /home/airflow/.local/lib/python3.8/site-packages/airflow/example_dags/example_branch_python_dop_operator_3.py took 0.066 seconds
[2024-06-23T04:09:03.658+0000] {processor.py:157} INFO - Started process (PID=13622) to work on /home/airflow/.local/lib/python3.8/site-packages/airflow/example_dags/example_branch_python_dop_operator_3.py
[2024-06-23T04:09:03.668+0000] {processor.py:829} INFO - Processing file /home/airflow/.local/lib/python3.8/site-packages/airflow/example_dags/example_branch_python_dop_operator_3.py for tasks to queue
[2024-06-23T04:09:03.681+0000] {logging_mixin.py:154} INFO - [2024-06-23T04:09:03.679+0000] {dagbag.py:536} INFO - Filling up the DagBag from /home/airflow/.local/lib/python3.8/site-packages/airflow/example_dags/example_branch_python_dop_operator_3.py
[2024-06-23T04:09:03.698+0000] {processor.py:839} INFO - DAG(s) dict_keys(['example_branch_dop_operator_v3']) retrieved from /home/airflow/.local/lib/python3.8/site-packages/airflow/example_dags/example_branch_python_dop_operator_3.py
[2024-06-23T04:09:03.738+0000] {logging_mixin.py:154} INFO - [2024-06-23T04:09:03.738+0000] {dag.py:2941} INFO - Sync 1 DAGs
[2024-06-23T04:09:03.763+0000] {logging_mixin.py:154} INFO - [2024-06-23T04:09:03.762+0000] {dag.py:3722} INFO - Setting next_dagrun for example_branch_dop_operator_v3 to 2024-06-23T04:08:00+00:00, run_after=2024-06-23T04:09:00+00:00
[2024-06-23T04:09:03.792+0000] {processor.py:179} INFO - Processing /home/airflow/.local/lib/python3.8/site-packages/airflow/example_dags/example_branch_python_dop_operator_3.py took 0.138 seconds
[2024-06-23T05:49:42.549+0000] {processor.py:157} INFO - Started process (PID=13867) to work on /home/airflow/.local/lib/python3.8/site-packages/airflow/example_dags/example_branch_python_dop_operator_3.py
[2024-06-23T05:49:42.550+0000] {processor.py:829} INFO - Processing file /home/airflow/.local/lib/python3.8/site-packages/airflow/example_dags/example_branch_python_dop_operator_3.py for tasks to queue
[2024-06-23T05:49:42.552+0000] {logging_mixin.py:154} INFO - [2024-06-23T05:49:42.552+0000] {dagbag.py:536} INFO - Filling up the DagBag from /home/airflow/.local/lib/python3.8/site-packages/airflow/example_dags/example_branch_python_dop_operator_3.py
[2024-06-23T05:49:42.559+0000] {processor.py:839} INFO - DAG(s) dict_keys(['example_branch_dop_operator_v3']) retrieved from /home/airflow/.local/lib/python3.8/site-packages/airflow/example_dags/example_branch_python_dop_operator_3.py
[2024-06-23T05:49:42.666+0000] {logging_mixin.py:154} INFO - [2024-06-23T05:49:42.666+0000] {dag.py:2941} INFO - Sync 1 DAGs
[2024-06-23T05:49:42.681+0000] {logging_mixin.py:154} INFO - [2024-06-23T05:49:42.681+0000] {dag.py:3722} INFO - Setting next_dagrun for example_branch_dop_operator_v3 to 2024-06-23T05:48:00+00:00, run_after=2024-06-23T05:49:00+00:00
[2024-06-23T05:49:42.706+0000] {processor.py:179} INFO - Processing /home/airflow/.local/lib/python3.8/site-packages/airflow/example_dags/example_branch_python_dop_operator_3.py took 0.161 seconds
[2024-06-23T07:07:58.419+0000] {processor.py:157} INFO - Started process (PID=14121) to work on /home/airflow/.local/lib/python3.8/site-packages/airflow/example_dags/example_branch_python_dop_operator_3.py
[2024-06-23T07:07:58.421+0000] {processor.py:829} INFO - Processing file /home/airflow/.local/lib/python3.8/site-packages/airflow/example_dags/example_branch_python_dop_operator_3.py for tasks to queue
[2024-06-23T07:07:58.426+0000] {logging_mixin.py:154} INFO - [2024-06-23T07:07:58.426+0000] {dagbag.py:536} INFO - Filling up the DagBag from /home/airflow/.local/lib/python3.8/site-packages/airflow/example_dags/example_branch_python_dop_operator_3.py
[2024-06-23T07:07:58.439+0000] {processor.py:839} INFO - DAG(s) dict_keys(['example_branch_dop_operator_v3']) retrieved from /home/airflow/.local/lib/python3.8/site-packages/airflow/example_dags/example_branch_python_dop_operator_3.py
[2024-06-23T07:07:58.479+0000] {logging_mixin.py:154} INFO - [2024-06-23T07:07:58.477+0000] {dag.py:2941} INFO - Sync 1 DAGs
[2024-06-23T07:07:58.513+0000] {logging_mixin.py:154} INFO - [2024-06-23T07:07:58.513+0000] {dag.py:3722} INFO - Setting next_dagrun for example_branch_dop_operator_v3 to 2024-06-23T07:06:00+00:00, run_after=2024-06-23T07:07:00+00:00
[2024-06-23T07:07:58.531+0000] {processor.py:179} INFO - Processing /home/airflow/.local/lib/python3.8/site-packages/airflow/example_dags/example_branch_python_dop_operator_3.py took 0.115 seconds
[2024-06-23T07:08:28.662+0000] {processor.py:157} INFO - Started process (PID=14367) to work on /home/airflow/.local/lib/python3.8/site-packages/airflow/example_dags/example_branch_python_dop_operator_3.py
[2024-06-23T07:08:28.663+0000] {processor.py:829} INFO - Processing file /home/airflow/.local/lib/python3.8/site-packages/airflow/example_dags/example_branch_python_dop_operator_3.py for tasks to queue
[2024-06-23T07:08:28.664+0000] {logging_mixin.py:154} INFO - [2024-06-23T07:08:28.664+0000] {dagbag.py:536} INFO - Filling up the DagBag from /home/airflow/.local/lib/python3.8/site-packages/airflow/example_dags/example_branch_python_dop_operator_3.py
[2024-06-23T07:08:28.671+0000] {processor.py:839} INFO - DAG(s) dict_keys(['example_branch_dop_operator_v3']) retrieved from /home/airflow/.local/lib/python3.8/site-packages/airflow/example_dags/example_branch_python_dop_operator_3.py
[2024-06-23T07:08:28.695+0000] {logging_mixin.py:154} INFO - [2024-06-23T07:08:28.694+0000] {dag.py:2941} INFO - Sync 1 DAGs
[2024-06-23T07:08:28.713+0000] {logging_mixin.py:154} INFO - [2024-06-23T07:08:28.713+0000] {dag.py:3722} INFO - Setting next_dagrun for example_branch_dop_operator_v3 to 2024-06-23T07:07:00+00:00, run_after=2024-06-23T07:08:00+00:00
[2024-06-23T07:08:28.722+0000] {processor.py:179} INFO - Processing /home/airflow/.local/lib/python3.8/site-packages/airflow/example_dags/example_branch_python_dop_operator_3.py took 0.063 seconds
[2024-06-23T07:08:59.034+0000] {processor.py:157} INFO - Started process (PID=14609) to work on /home/airflow/.local/lib/python3.8/site-packages/airflow/example_dags/example_branch_python_dop_operator_3.py
[2024-06-23T07:08:59.035+0000] {processor.py:829} INFO - Processing file /home/airflow/.local/lib/python3.8/site-packages/airflow/example_dags/example_branch_python_dop_operator_3.py for tasks to queue
[2024-06-23T07:08:59.035+0000] {logging_mixin.py:154} INFO - [2024-06-23T07:08:59.035+0000] {dagbag.py:536} INFO - Filling up the DagBag from /home/airflow/.local/lib/python3.8/site-packages/airflow/example_dags/example_branch_python_dop_operator_3.py
[2024-06-23T07:08:59.041+0000] {processor.py:839} INFO - DAG(s) dict_keys(['example_branch_dop_operator_v3']) retrieved from /home/airflow/.local/lib/python3.8/site-packages/airflow/example_dags/example_branch_python_dop_operator_3.py
[2024-06-23T07:08:59.120+0000] {logging_mixin.py:154} INFO - [2024-06-23T07:08:59.120+0000] {dag.py:2941} INFO - Sync 1 DAGs
[2024-06-23T07:08:59.136+0000] {logging_mixin.py:154} INFO - [2024-06-23T07:08:59.136+0000] {dag.py:3722} INFO - Setting next_dagrun for example_branch_dop_operator_v3 to 2024-06-23T07:07:00+00:00, run_after=2024-06-23T07:08:00+00:00
[2024-06-23T07:08:59.147+0000] {processor.py:179} INFO - Processing /home/airflow/.local/lib/python3.8/site-packages/airflow/example_dags/example_branch_python_dop_operator_3.py took 0.116 seconds
[2024-06-23T07:09:29.218+0000] {processor.py:157} INFO - Started process (PID=14853) to work on /home/airflow/.local/lib/python3.8/site-packages/airflow/example_dags/example_branch_python_dop_operator_3.py
[2024-06-23T07:09:29.219+0000] {processor.py:829} INFO - Processing file /home/airflow/.local/lib/python3.8/site-packages/airflow/example_dags/example_branch_python_dop_operator_3.py for tasks to queue
[2024-06-23T07:09:29.219+0000] {logging_mixin.py:154} INFO - [2024-06-23T07:09:29.219+0000] {dagbag.py:536} INFO - Filling up the DagBag from /home/airflow/.local/lib/python3.8/site-packages/airflow/example_dags/example_branch_python_dop_operator_3.py
[2024-06-23T07:09:29.225+0000] {processor.py:839} INFO - DAG(s) dict_keys(['example_branch_dop_operator_v3']) retrieved from /home/airflow/.local/lib/python3.8/site-packages/airflow/example_dags/example_branch_python_dop_operator_3.py
[2024-06-23T07:09:29.239+0000] {logging_mixin.py:154} INFO - [2024-06-23T07:09:29.239+0000] {dag.py:2941} INFO - Sync 1 DAGs
[2024-06-23T07:09:29.256+0000] {logging_mixin.py:154} INFO - [2024-06-23T07:09:29.256+0000] {dag.py:3722} INFO - Setting next_dagrun for example_branch_dop_operator_v3 to 2024-06-23T07:08:00+00:00, run_after=2024-06-23T07:09:00+00:00
[2024-06-23T07:09:29.267+0000] {processor.py:179} INFO - Processing /home/airflow/.local/lib/python3.8/site-packages/airflow/example_dags/example_branch_python_dop_operator_3.py took 0.050 seconds
[2024-06-23T07:10:00.243+0000] {processor.py:157} INFO - Started process (PID=15096) to work on /home/airflow/.local/lib/python3.8/site-packages/airflow/example_dags/example_branch_python_dop_operator_3.py
[2024-06-23T07:10:00.244+0000] {processor.py:829} INFO - Processing file /home/airflow/.local/lib/python3.8/site-packages/airflow/example_dags/example_branch_python_dop_operator_3.py for tasks to queue
[2024-06-23T07:10:00.245+0000] {logging_mixin.py:154} INFO - [2024-06-23T07:10:00.244+0000] {dagbag.py:536} INFO - Filling up the DagBag from /home/airflow/.local/lib/python3.8/site-packages/airflow/example_dags/example_branch_python_dop_operator_3.py
[2024-06-23T07:10:00.253+0000] {processor.py:839} INFO - DAG(s) dict_keys(['example_branch_dop_operator_v3']) retrieved from /home/airflow/.local/lib/python3.8/site-packages/airflow/example_dags/example_branch_python_dop_operator_3.py
[2024-06-23T07:10:00.270+0000] {logging_mixin.py:154} INFO - [2024-06-23T07:10:00.270+0000] {dag.py:2941} INFO - Sync 1 DAGs
[2024-06-23T07:10:00.286+0000] {logging_mixin.py:154} INFO - [2024-06-23T07:10:00.286+0000] {dag.py:3722} INFO - Setting next_dagrun for example_branch_dop_operator_v3 to 2024-06-23T07:09:00+00:00, run_after=2024-06-23T07:10:00+00:00
[2024-06-23T07:10:00.297+0000] {processor.py:179} INFO - Processing /home/airflow/.local/lib/python3.8/site-packages/airflow/example_dags/example_branch_python_dop_operator_3.py took 0.058 seconds
[2024-06-23T07:10:31.018+0000] {processor.py:157} INFO - Started process (PID=15340) to work on /home/airflow/.local/lib/python3.8/site-packages/airflow/example_dags/example_branch_python_dop_operator_3.py
[2024-06-23T07:10:31.019+0000] {processor.py:829} INFO - Processing file /home/airflow/.local/lib/python3.8/site-packages/airflow/example_dags/example_branch_python_dop_operator_3.py for tasks to queue
[2024-06-23T07:10:31.020+0000] {logging_mixin.py:154} INFO - [2024-06-23T07:10:31.020+0000] {dagbag.py:536} INFO - Filling up the DagBag from /home/airflow/.local/lib/python3.8/site-packages/airflow/example_dags/example_branch_python_dop_operator_3.py
[2024-06-23T07:10:31.028+0000] {processor.py:839} INFO - DAG(s) dict_keys(['example_branch_dop_operator_v3']) retrieved from /home/airflow/.local/lib/python3.8/site-packages/airflow/example_dags/example_branch_python_dop_operator_3.py
[2024-06-23T07:10:31.122+0000] {logging_mixin.py:154} INFO - [2024-06-23T07:10:31.121+0000] {dag.py:2941} INFO - Sync 1 DAGs
[2024-06-23T07:10:31.178+0000] {logging_mixin.py:154} INFO - [2024-06-23T07:10:31.178+0000] {dag.py:3722} INFO - Setting next_dagrun for example_branch_dop_operator_v3 to 2024-06-23T07:09:00+00:00, run_after=2024-06-23T07:10:00+00:00
[2024-06-23T07:10:31.201+0000] {processor.py:179} INFO - Processing /home/airflow/.local/lib/python3.8/site-packages/airflow/example_dags/example_branch_python_dop_operator_3.py took 0.186 seconds
[2024-06-23T07:11:01.301+0000] {processor.py:157} INFO - Started process (PID=15581) to work on /home/airflow/.local/lib/python3.8/site-packages/airflow/example_dags/example_branch_python_dop_operator_3.py
[2024-06-23T07:11:01.302+0000] {processor.py:829} INFO - Processing file /home/airflow/.local/lib/python3.8/site-packages/airflow/example_dags/example_branch_python_dop_operator_3.py for tasks to queue
[2024-06-23T07:11:01.303+0000] {logging_mixin.py:154} INFO - [2024-06-23T07:11:01.303+0000] {dagbag.py:536} INFO - Filling up the DagBag from /home/airflow/.local/lib/python3.8/site-packages/airflow/example_dags/example_branch_python_dop_operator_3.py
[2024-06-23T07:11:01.314+0000] {processor.py:839} INFO - DAG(s) dict_keys(['example_branch_dop_operator_v3']) retrieved from /home/airflow/.local/lib/python3.8/site-packages/airflow/example_dags/example_branch_python_dop_operator_3.py
[2024-06-23T07:11:01.337+0000] {logging_mixin.py:154} INFO - [2024-06-23T07:11:01.336+0000] {dag.py:2941} INFO - Sync 1 DAGs
[2024-06-23T07:11:01.358+0000] {logging_mixin.py:154} INFO - [2024-06-23T07:11:01.358+0000] {dag.py:3722} INFO - Setting next_dagrun for example_branch_dop_operator_v3 to 2024-06-23T07:10:00+00:00, run_after=2024-06-23T07:11:00+00:00
[2024-06-23T07:11:01.370+0000] {processor.py:179} INFO - Processing /home/airflow/.local/lib/python3.8/site-packages/airflow/example_dags/example_branch_python_dop_operator_3.py took 0.072 seconds
[2024-06-23T07:11:31.396+0000] {processor.py:157} INFO - Started process (PID=15823) to work on /home/airflow/.local/lib/python3.8/site-packages/airflow/example_dags/example_branch_python_dop_operator_3.py
[2024-06-23T07:11:31.396+0000] {processor.py:829} INFO - Processing file /home/airflow/.local/lib/python3.8/site-packages/airflow/example_dags/example_branch_python_dop_operator_3.py for tasks to queue
[2024-06-23T07:11:31.397+0000] {logging_mixin.py:154} INFO - [2024-06-23T07:11:31.397+0000] {dagbag.py:536} INFO - Filling up the DagBag from /home/airflow/.local/lib/python3.8/site-packages/airflow/example_dags/example_branch_python_dop_operator_3.py
[2024-06-23T07:11:31.402+0000] {processor.py:839} INFO - DAG(s) dict_keys(['example_branch_dop_operator_v3']) retrieved from /home/airflow/.local/lib/python3.8/site-packages/airflow/example_dags/example_branch_python_dop_operator_3.py
[2024-06-23T07:11:31.413+0000] {logging_mixin.py:154} INFO - [2024-06-23T07:11:31.413+0000] {dag.py:2941} INFO - Sync 1 DAGs
[2024-06-23T07:11:31.427+0000] {logging_mixin.py:154} INFO - [2024-06-23T07:11:31.426+0000] {dag.py:3722} INFO - Setting next_dagrun for example_branch_dop_operator_v3 to 2024-06-23T07:10:00+00:00, run_after=2024-06-23T07:11:00+00:00
[2024-06-23T07:11:31.436+0000] {processor.py:179} INFO - Processing /home/airflow/.local/lib/python3.8/site-packages/airflow/example_dags/example_branch_python_dop_operator_3.py took 0.043 seconds
[2024-06-23T07:12:01.738+0000] {processor.py:157} INFO - Started process (PID=16067) to work on /home/airflow/.local/lib/python3.8/site-packages/airflow/example_dags/example_branch_python_dop_operator_3.py
[2024-06-23T07:12:01.739+0000] {processor.py:829} INFO - Processing file /home/airflow/.local/lib/python3.8/site-packages/airflow/example_dags/example_branch_python_dop_operator_3.py for tasks to queue
[2024-06-23T07:12:01.740+0000] {logging_mixin.py:154} INFO - [2024-06-23T07:12:01.739+0000] {dagbag.py:536} INFO - Filling up the DagBag from /home/airflow/.local/lib/python3.8/site-packages/airflow/example_dags/example_branch_python_dop_operator_3.py
[2024-06-23T07:12:01.746+0000] {processor.py:839} INFO - DAG(s) dict_keys(['example_branch_dop_operator_v3']) retrieved from /home/airflow/.local/lib/python3.8/site-packages/airflow/example_dags/example_branch_python_dop_operator_3.py
[2024-06-23T07:12:01.759+0000] {logging_mixin.py:154} INFO - [2024-06-23T07:12:01.758+0000] {dag.py:2941} INFO - Sync 1 DAGs
[2024-06-23T07:12:01.774+0000] {logging_mixin.py:154} INFO - [2024-06-23T07:12:01.774+0000] {dag.py:3722} INFO - Setting next_dagrun for example_branch_dop_operator_v3 to 2024-06-23T07:11:00+00:00, run_after=2024-06-23T07:12:00+00:00
[2024-06-23T07:12:01.785+0000] {processor.py:179} INFO - Processing /home/airflow/.local/lib/python3.8/site-packages/airflow/example_dags/example_branch_python_dop_operator_3.py took 0.049 seconds
[2024-06-23T07:12:32.458+0000] {processor.py:157} INFO - Started process (PID=16311) to work on /home/airflow/.local/lib/python3.8/site-packages/airflow/example_dags/example_branch_python_dop_operator_3.py
[2024-06-23T07:12:32.459+0000] {processor.py:829} INFO - Processing file /home/airflow/.local/lib/python3.8/site-packages/airflow/example_dags/example_branch_python_dop_operator_3.py for tasks to queue
[2024-06-23T07:12:32.461+0000] {logging_mixin.py:154} INFO - [2024-06-23T07:12:32.460+0000] {dagbag.py:536} INFO - Filling up the DagBag from /home/airflow/.local/lib/python3.8/site-packages/airflow/example_dags/example_branch_python_dop_operator_3.py
[2024-06-23T07:12:32.466+0000] {processor.py:839} INFO - DAG(s) dict_keys(['example_branch_dop_operator_v3']) retrieved from /home/airflow/.local/lib/python3.8/site-packages/airflow/example_dags/example_branch_python_dop_operator_3.py
[2024-06-23T07:12:32.479+0000] {logging_mixin.py:154} INFO - [2024-06-23T07:12:32.479+0000] {dag.py:2941} INFO - Sync 1 DAGs
[2024-06-23T07:12:32.493+0000] {logging_mixin.py:154} INFO - [2024-06-23T07:12:32.493+0000] {dag.py:3722} INFO - Setting next_dagrun for example_branch_dop_operator_v3 to 2024-06-23T07:11:00+00:00, run_after=2024-06-23T07:12:00+00:00
[2024-06-23T07:12:32.503+0000] {processor.py:179} INFO - Processing /home/airflow/.local/lib/python3.8/site-packages/airflow/example_dags/example_branch_python_dop_operator_3.py took 0.047 seconds
[2024-06-23T07:13:02.763+0000] {processor.py:157} INFO - Started process (PID=16555) to work on /home/airflow/.local/lib/python3.8/site-packages/airflow/example_dags/example_branch_python_dop_operator_3.py
[2024-06-23T07:13:02.765+0000] {processor.py:829} INFO - Processing file /home/airflow/.local/lib/python3.8/site-packages/airflow/example_dags/example_branch_python_dop_operator_3.py for tasks to queue
[2024-06-23T07:13:02.766+0000] {logging_mixin.py:154} INFO - [2024-06-23T07:13:02.766+0000] {dagbag.py:536} INFO - Filling up the DagBag from /home/airflow/.local/lib/python3.8/site-packages/airflow/example_dags/example_branch_python_dop_operator_3.py
[2024-06-23T07:13:02.777+0000] {processor.py:839} INFO - DAG(s) dict_keys(['example_branch_dop_operator_v3']) retrieved from /home/airflow/.local/lib/python3.8/site-packages/airflow/example_dags/example_branch_python_dop_operator_3.py
[2024-06-23T07:13:02.792+0000] {logging_mixin.py:154} INFO - [2024-06-23T07:13:02.792+0000] {dag.py:2941} INFO - Sync 1 DAGs
[2024-06-23T07:13:02.809+0000] {logging_mixin.py:154} INFO - [2024-06-23T07:13:02.809+0000] {dag.py:3722} INFO - Setting next_dagrun for example_branch_dop_operator_v3 to 2024-06-23T07:12:00+00:00, run_after=2024-06-23T07:13:00+00:00
[2024-06-23T07:13:02.821+0000] {processor.py:179} INFO - Processing /home/airflow/.local/lib/python3.8/site-packages/airflow/example_dags/example_branch_python_dop_operator_3.py took 0.061 seconds
[2024-06-23T07:13:33.384+0000] {processor.py:157} INFO - Started process (PID=16806) to work on /home/airflow/.local/lib/python3.8/site-packages/airflow/example_dags/example_branch_python_dop_operator_3.py
[2024-06-23T07:13:33.386+0000] {processor.py:829} INFO - Processing file /home/airflow/.local/lib/python3.8/site-packages/airflow/example_dags/example_branch_python_dop_operator_3.py for tasks to queue
[2024-06-23T07:13:33.388+0000] {logging_mixin.py:154} INFO - [2024-06-23T07:13:33.387+0000] {dagbag.py:536} INFO - Filling up the DagBag from /home/airflow/.local/lib/python3.8/site-packages/airflow/example_dags/example_branch_python_dop_operator_3.py
[2024-06-23T07:13:33.395+0000] {processor.py:839} INFO - DAG(s) dict_keys(['example_branch_dop_operator_v3']) retrieved from /home/airflow/.local/lib/python3.8/site-packages/airflow/example_dags/example_branch_python_dop_operator_3.py
[2024-06-23T07:13:33.415+0000] {logging_mixin.py:154} INFO - [2024-06-23T07:13:33.415+0000] {dag.py:2941} INFO - Sync 1 DAGs
[2024-06-23T07:13:33.433+0000] {logging_mixin.py:154} INFO - [2024-06-23T07:13:33.433+0000] {dag.py:3722} INFO - Setting next_dagrun for example_branch_dop_operator_v3 to 2024-06-23T07:12:00+00:00, run_after=2024-06-23T07:13:00+00:00
[2024-06-23T07:13:33.446+0000] {processor.py:179} INFO - Processing /home/airflow/.local/lib/python3.8/site-packages/airflow/example_dags/example_branch_python_dop_operator_3.py took 0.065 seconds
[2024-06-23T07:14:03.637+0000] {processor.py:157} INFO - Started process (PID=17050) to work on /home/airflow/.local/lib/python3.8/site-packages/airflow/example_dags/example_branch_python_dop_operator_3.py
[2024-06-23T07:14:03.638+0000] {processor.py:829} INFO - Processing file /home/airflow/.local/lib/python3.8/site-packages/airflow/example_dags/example_branch_python_dop_operator_3.py for tasks to queue
[2024-06-23T07:14:03.639+0000] {logging_mixin.py:154} INFO - [2024-06-23T07:14:03.639+0000] {dagbag.py:536} INFO - Filling up the DagBag from /home/airflow/.local/lib/python3.8/site-packages/airflow/example_dags/example_branch_python_dop_operator_3.py
[2024-06-23T07:14:03.648+0000] {processor.py:839} INFO - DAG(s) dict_keys(['example_branch_dop_operator_v3']) retrieved from /home/airflow/.local/lib/python3.8/site-packages/airflow/example_dags/example_branch_python_dop_operator_3.py
[2024-06-23T07:14:03.662+0000] {logging_mixin.py:154} INFO - [2024-06-23T07:14:03.662+0000] {dag.py:2941} INFO - Sync 1 DAGs
[2024-06-23T07:14:03.680+0000] {logging_mixin.py:154} INFO - [2024-06-23T07:14:03.680+0000] {dag.py:3722} INFO - Setting next_dagrun for example_branch_dop_operator_v3 to 2024-06-23T07:13:00+00:00, run_after=2024-06-23T07:14:00+00:00
[2024-06-23T07:14:03.689+0000] {processor.py:179} INFO - Processing /home/airflow/.local/lib/python3.8/site-packages/airflow/example_dags/example_branch_python_dop_operator_3.py took 0.054 seconds
[2024-06-23T07:14:33.889+0000] {processor.py:157} INFO - Started process (PID=17294) to work on /home/airflow/.local/lib/python3.8/site-packages/airflow/example_dags/example_branch_python_dop_operator_3.py
[2024-06-23T07:14:33.890+0000] {processor.py:829} INFO - Processing file /home/airflow/.local/lib/python3.8/site-packages/airflow/example_dags/example_branch_python_dop_operator_3.py for tasks to queue
[2024-06-23T07:14:33.894+0000] {logging_mixin.py:154} INFO - [2024-06-23T07:14:33.894+0000] {dagbag.py:536} INFO - Filling up the DagBag from /home/airflow/.local/lib/python3.8/site-packages/airflow/example_dags/example_branch_python_dop_operator_3.py
[2024-06-23T07:14:33.907+0000] {processor.py:839} INFO - DAG(s) dict_keys(['example_branch_dop_operator_v3']) retrieved from /home/airflow/.local/lib/python3.8/site-packages/airflow/example_dags/example_branch_python_dop_operator_3.py
[2024-06-23T07:14:33.930+0000] {logging_mixin.py:154} INFO - [2024-06-23T07:14:33.930+0000] {dag.py:2941} INFO - Sync 1 DAGs
[2024-06-23T07:14:33.953+0000] {logging_mixin.py:154} INFO - [2024-06-23T07:14:33.953+0000] {dag.py:3722} INFO - Setting next_dagrun for example_branch_dop_operator_v3 to 2024-06-23T07:13:00+00:00, run_after=2024-06-23T07:14:00+00:00
[2024-06-23T07:14:33.969+0000] {processor.py:179} INFO - Processing /home/airflow/.local/lib/python3.8/site-packages/airflow/example_dags/example_branch_python_dop_operator_3.py took 0.084 seconds
[2024-06-23T07:15:04.649+0000] {processor.py:157} INFO - Started process (PID=17538) to work on /home/airflow/.local/lib/python3.8/site-packages/airflow/example_dags/example_branch_python_dop_operator_3.py
[2024-06-23T07:15:04.650+0000] {processor.py:829} INFO - Processing file /home/airflow/.local/lib/python3.8/site-packages/airflow/example_dags/example_branch_python_dop_operator_3.py for tasks to queue
[2024-06-23T07:15:04.650+0000] {logging_mixin.py:154} INFO - [2024-06-23T07:15:04.650+0000] {dagbag.py:536} INFO - Filling up the DagBag from /home/airflow/.local/lib/python3.8/site-packages/airflow/example_dags/example_branch_python_dop_operator_3.py
[2024-06-23T07:15:04.656+0000] {processor.py:839} INFO - DAG(s) dict_keys(['example_branch_dop_operator_v3']) retrieved from /home/airflow/.local/lib/python3.8/site-packages/airflow/example_dags/example_branch_python_dop_operator_3.py
[2024-06-23T07:15:04.667+0000] {logging_mixin.py:154} INFO - [2024-06-23T07:15:04.667+0000] {dag.py:2941} INFO - Sync 1 DAGs
[2024-06-23T07:15:04.682+0000] {logging_mixin.py:154} INFO - [2024-06-23T07:15:04.682+0000] {dag.py:3722} INFO - Setting next_dagrun for example_branch_dop_operator_v3 to 2024-06-23T07:14:00+00:00, run_after=2024-06-23T07:15:00+00:00
[2024-06-23T07:15:04.693+0000] {processor.py:179} INFO - Processing /home/airflow/.local/lib/python3.8/site-packages/airflow/example_dags/example_branch_python_dop_operator_3.py took 0.046 seconds
[2024-06-23T07:15:34.767+0000] {processor.py:157} INFO - Started process (PID=17782) to work on /home/airflow/.local/lib/python3.8/site-packages/airflow/example_dags/example_branch_python_dop_operator_3.py
[2024-06-23T07:15:34.768+0000] {processor.py:829} INFO - Processing file /home/airflow/.local/lib/python3.8/site-packages/airflow/example_dags/example_branch_python_dop_operator_3.py for tasks to queue
[2024-06-23T07:15:34.768+0000] {logging_mixin.py:154} INFO - [2024-06-23T07:15:34.768+0000] {dagbag.py:536} INFO - Filling up the DagBag from /home/airflow/.local/lib/python3.8/site-packages/airflow/example_dags/example_branch_python_dop_operator_3.py
[2024-06-23T07:15:34.773+0000] {processor.py:839} INFO - DAG(s) dict_keys(['example_branch_dop_operator_v3']) retrieved from /home/airflow/.local/lib/python3.8/site-packages/airflow/example_dags/example_branch_python_dop_operator_3.py
[2024-06-23T07:15:34.786+0000] {logging_mixin.py:154} INFO - [2024-06-23T07:15:34.786+0000] {dag.py:2941} INFO - Sync 1 DAGs
[2024-06-23T07:15:34.801+0000] {logging_mixin.py:154} INFO - [2024-06-23T07:15:34.801+0000] {dag.py:3722} INFO - Setting next_dagrun for example_branch_dop_operator_v3 to 2024-06-23T07:14:00+00:00, run_after=2024-06-23T07:15:00+00:00
[2024-06-23T07:15:34.813+0000] {processor.py:179} INFO - Processing /home/airflow/.local/lib/python3.8/site-packages/airflow/example_dags/example_branch_python_dop_operator_3.py took 0.048 seconds
[2024-06-23T07:16:05.149+0000] {processor.py:157} INFO - Started process (PID=18026) to work on /home/airflow/.local/lib/python3.8/site-packages/airflow/example_dags/example_branch_python_dop_operator_3.py
[2024-06-23T07:16:05.150+0000] {processor.py:829} INFO - Processing file /home/airflow/.local/lib/python3.8/site-packages/airflow/example_dags/example_branch_python_dop_operator_3.py for tasks to queue
[2024-06-23T07:16:05.151+0000] {logging_mixin.py:154} INFO - [2024-06-23T07:16:05.151+0000] {dagbag.py:536} INFO - Filling up the DagBag from /home/airflow/.local/lib/python3.8/site-packages/airflow/example_dags/example_branch_python_dop_operator_3.py
[2024-06-23T07:16:05.157+0000] {processor.py:839} INFO - DAG(s) dict_keys(['example_branch_dop_operator_v3']) retrieved from /home/airflow/.local/lib/python3.8/site-packages/airflow/example_dags/example_branch_python_dop_operator_3.py
[2024-06-23T07:16:05.180+0000] {logging_mixin.py:154} INFO - [2024-06-23T07:16:05.180+0000] {dag.py:2941} INFO - Sync 1 DAGs
[2024-06-23T07:16:05.209+0000] {logging_mixin.py:154} INFO - [2024-06-23T07:16:05.208+0000] {dag.py:3722} INFO - Setting next_dagrun for example_branch_dop_operator_v3 to 2024-06-23T07:15:00+00:00, run_after=2024-06-23T07:16:00+00:00
[2024-06-23T07:16:05.241+0000] {processor.py:179} INFO - Processing /home/airflow/.local/lib/python3.8/site-packages/airflow/example_dags/example_branch_python_dop_operator_3.py took 0.094 seconds
[2024-06-23T07:16:35.553+0000] {processor.py:157} INFO - Started process (PID=18270) to work on /home/airflow/.local/lib/python3.8/site-packages/airflow/example_dags/example_branch_python_dop_operator_3.py
[2024-06-23T07:16:35.554+0000] {processor.py:829} INFO - Processing file /home/airflow/.local/lib/python3.8/site-packages/airflow/example_dags/example_branch_python_dop_operator_3.py for tasks to queue
[2024-06-23T07:16:35.555+0000] {logging_mixin.py:154} INFO - [2024-06-23T07:16:35.555+0000] {dagbag.py:536} INFO - Filling up the DagBag from /home/airflow/.local/lib/python3.8/site-packages/airflow/example_dags/example_branch_python_dop_operator_3.py
[2024-06-23T07:16:35.561+0000] {processor.py:839} INFO - DAG(s) dict_keys(['example_branch_dop_operator_v3']) retrieved from /home/airflow/.local/lib/python3.8/site-packages/airflow/example_dags/example_branch_python_dop_operator_3.py
[2024-06-23T07:16:35.575+0000] {logging_mixin.py:154} INFO - [2024-06-23T07:16:35.575+0000] {dag.py:2941} INFO - Sync 1 DAGs
[2024-06-23T07:16:35.592+0000] {logging_mixin.py:154} INFO - [2024-06-23T07:16:35.592+0000] {dag.py:3722} INFO - Setting next_dagrun for example_branch_dop_operator_v3 to 2024-06-23T07:15:00+00:00, run_after=2024-06-23T07:16:00+00:00
[2024-06-23T07:16:35.603+0000] {processor.py:179} INFO - Processing /home/airflow/.local/lib/python3.8/site-packages/airflow/example_dags/example_branch_python_dop_operator_3.py took 0.053 seconds
[2024-06-23T07:17:05.895+0000] {processor.py:157} INFO - Started process (PID=18514) to work on /home/airflow/.local/lib/python3.8/site-packages/airflow/example_dags/example_branch_python_dop_operator_3.py
[2024-06-23T07:17:05.896+0000] {processor.py:829} INFO - Processing file /home/airflow/.local/lib/python3.8/site-packages/airflow/example_dags/example_branch_python_dop_operator_3.py for tasks to queue
[2024-06-23T07:17:05.897+0000] {logging_mixin.py:154} INFO - [2024-06-23T07:17:05.897+0000] {dagbag.py:536} INFO - Filling up the DagBag from /home/airflow/.local/lib/python3.8/site-packages/airflow/example_dags/example_branch_python_dop_operator_3.py
[2024-06-23T07:17:05.902+0000] {processor.py:839} INFO - DAG(s) dict_keys(['example_branch_dop_operator_v3']) retrieved from /home/airflow/.local/lib/python3.8/site-packages/airflow/example_dags/example_branch_python_dop_operator_3.py
[2024-06-23T07:17:05.915+0000] {logging_mixin.py:154} INFO - [2024-06-23T07:17:05.915+0000] {dag.py:2941} INFO - Sync 1 DAGs
[2024-06-23T07:17:05.929+0000] {logging_mixin.py:154} INFO - [2024-06-23T07:17:05.929+0000] {dag.py:3722} INFO - Setting next_dagrun for example_branch_dop_operator_v3 to 2024-06-23T07:16:00+00:00, run_after=2024-06-23T07:17:00+00:00
[2024-06-23T07:17:05.941+0000] {processor.py:179} INFO - Processing /home/airflow/.local/lib/python3.8/site-packages/airflow/example_dags/example_branch_python_dop_operator_3.py took 0.048 seconds
[2024-06-23T07:17:36.461+0000] {processor.py:157} INFO - Started process (PID=18758) to work on /home/airflow/.local/lib/python3.8/site-packages/airflow/example_dags/example_branch_python_dop_operator_3.py
[2024-06-23T07:17:36.462+0000] {processor.py:829} INFO - Processing file /home/airflow/.local/lib/python3.8/site-packages/airflow/example_dags/example_branch_python_dop_operator_3.py for tasks to queue
[2024-06-23T07:17:36.463+0000] {logging_mixin.py:154} INFO - [2024-06-23T07:17:36.463+0000] {dagbag.py:536} INFO - Filling up the DagBag from /home/airflow/.local/lib/python3.8/site-packages/airflow/example_dags/example_branch_python_dop_operator_3.py
[2024-06-23T07:17:36.469+0000] {processor.py:839} INFO - DAG(s) dict_keys(['example_branch_dop_operator_v3']) retrieved from /home/airflow/.local/lib/python3.8/site-packages/airflow/example_dags/example_branch_python_dop_operator_3.py
[2024-06-23T07:17:36.483+0000] {logging_mixin.py:154} INFO - [2024-06-23T07:17:36.483+0000] {dag.py:2941} INFO - Sync 1 DAGs
[2024-06-23T07:17:36.500+0000] {logging_mixin.py:154} INFO - [2024-06-23T07:17:36.500+0000] {dag.py:3722} INFO - Setting next_dagrun for example_branch_dop_operator_v3 to 2024-06-23T07:16:00+00:00, run_after=2024-06-23T07:17:00+00:00
[2024-06-23T07:17:36.510+0000] {processor.py:179} INFO - Processing /home/airflow/.local/lib/python3.8/site-packages/airflow/example_dags/example_branch_python_dop_operator_3.py took 0.052 seconds
[2024-06-23T07:18:06.625+0000] {processor.py:157} INFO - Started process (PID=19002) to work on /home/airflow/.local/lib/python3.8/site-packages/airflow/example_dags/example_branch_python_dop_operator_3.py
[2024-06-23T07:18:06.625+0000] {processor.py:829} INFO - Processing file /home/airflow/.local/lib/python3.8/site-packages/airflow/example_dags/example_branch_python_dop_operator_3.py for tasks to queue
[2024-06-23T07:18:06.626+0000] {logging_mixin.py:154} INFO - [2024-06-23T07:18:06.626+0000] {dagbag.py:536} INFO - Filling up the DagBag from /home/airflow/.local/lib/python3.8/site-packages/airflow/example_dags/example_branch_python_dop_operator_3.py
[2024-06-23T07:18:06.632+0000] {processor.py:839} INFO - DAG(s) dict_keys(['example_branch_dop_operator_v3']) retrieved from /home/airflow/.local/lib/python3.8/site-packages/airflow/example_dags/example_branch_python_dop_operator_3.py
[2024-06-23T07:18:06.645+0000] {logging_mixin.py:154} INFO - [2024-06-23T07:18:06.644+0000] {dag.py:2941} INFO - Sync 1 DAGs
[2024-06-23T07:18:06.660+0000] {logging_mixin.py:154} INFO - [2024-06-23T07:18:06.660+0000] {dag.py:3722} INFO - Setting next_dagrun for example_branch_dop_operator_v3 to 2024-06-23T07:17:00+00:00, run_after=2024-06-23T07:18:00+00:00
[2024-06-23T07:18:06.672+0000] {processor.py:179} INFO - Processing /home/airflow/.local/lib/python3.8/site-packages/airflow/example_dags/example_branch_python_dop_operator_3.py took 0.050 seconds
[2024-06-23T07:18:36.837+0000] {processor.py:157} INFO - Started process (PID=19241) to work on /home/airflow/.local/lib/python3.8/site-packages/airflow/example_dags/example_branch_python_dop_operator_3.py
[2024-06-23T07:18:36.839+0000] {processor.py:829} INFO - Processing file /home/airflow/.local/lib/python3.8/site-packages/airflow/example_dags/example_branch_python_dop_operator_3.py for tasks to queue
[2024-06-23T07:18:36.840+0000] {logging_mixin.py:154} INFO - [2024-06-23T07:18:36.840+0000] {dagbag.py:536} INFO - Filling up the DagBag from /home/airflow/.local/lib/python3.8/site-packages/airflow/example_dags/example_branch_python_dop_operator_3.py
[2024-06-23T07:18:36.848+0000] {processor.py:839} INFO - DAG(s) dict_keys(['example_branch_dop_operator_v3']) retrieved from /home/airflow/.local/lib/python3.8/site-packages/airflow/example_dags/example_branch_python_dop_operator_3.py
[2024-06-23T07:18:36.863+0000] {logging_mixin.py:154} INFO - [2024-06-23T07:18:36.863+0000] {dag.py:2941} INFO - Sync 1 DAGs
[2024-06-23T07:18:36.881+0000] {logging_mixin.py:154} INFO - [2024-06-23T07:18:36.881+0000] {dag.py:3722} INFO - Setting next_dagrun for example_branch_dop_operator_v3 to 2024-06-23T07:17:00+00:00, run_after=2024-06-23T07:18:00+00:00
[2024-06-23T07:18:36.895+0000] {processor.py:179} INFO - Processing /home/airflow/.local/lib/python3.8/site-packages/airflow/example_dags/example_branch_python_dop_operator_3.py took 0.060 seconds
[2024-06-23T07:19:07.006+0000] {processor.py:157} INFO - Started process (PID=19489) to work on /home/airflow/.local/lib/python3.8/site-packages/airflow/example_dags/example_branch_python_dop_operator_3.py
[2024-06-23T07:19:07.007+0000] {processor.py:829} INFO - Processing file /home/airflow/.local/lib/python3.8/site-packages/airflow/example_dags/example_branch_python_dop_operator_3.py for tasks to queue
[2024-06-23T07:19:07.007+0000] {logging_mixin.py:154} INFO - [2024-06-23T07:19:07.007+0000] {dagbag.py:536} INFO - Filling up the DagBag from /home/airflow/.local/lib/python3.8/site-packages/airflow/example_dags/example_branch_python_dop_operator_3.py
[2024-06-23T07:19:07.012+0000] {processor.py:839} INFO - DAG(s) dict_keys(['example_branch_dop_operator_v3']) retrieved from /home/airflow/.local/lib/python3.8/site-packages/airflow/example_dags/example_branch_python_dop_operator_3.py
[2024-06-23T07:19:07.023+0000] {logging_mixin.py:154} INFO - [2024-06-23T07:19:07.023+0000] {dag.py:2941} INFO - Sync 1 DAGs
[2024-06-23T07:19:07.036+0000] {logging_mixin.py:154} INFO - [2024-06-23T07:19:07.036+0000] {dag.py:3722} INFO - Setting next_dagrun for example_branch_dop_operator_v3 to 2024-06-23T07:18:00+00:00, run_after=2024-06-23T07:19:00+00:00
[2024-06-23T07:19:07.044+0000] {processor.py:179} INFO - Processing /home/airflow/.local/lib/python3.8/site-packages/airflow/example_dags/example_branch_python_dop_operator_3.py took 0.040 seconds
[2024-06-23T07:19:37.446+0000] {processor.py:157} INFO - Started process (PID=19733) to work on /home/airflow/.local/lib/python3.8/site-packages/airflow/example_dags/example_branch_python_dop_operator_3.py
[2024-06-23T07:19:37.447+0000] {processor.py:829} INFO - Processing file /home/airflow/.local/lib/python3.8/site-packages/airflow/example_dags/example_branch_python_dop_operator_3.py for tasks to queue
[2024-06-23T07:19:37.448+0000] {logging_mixin.py:154} INFO - [2024-06-23T07:19:37.448+0000] {dagbag.py:536} INFO - Filling up the DagBag from /home/airflow/.local/lib/python3.8/site-packages/airflow/example_dags/example_branch_python_dop_operator_3.py
[2024-06-23T07:19:37.454+0000] {processor.py:839} INFO - DAG(s) dict_keys(['example_branch_dop_operator_v3']) retrieved from /home/airflow/.local/lib/python3.8/site-packages/airflow/example_dags/example_branch_python_dop_operator_3.py
[2024-06-23T07:19:37.470+0000] {logging_mixin.py:154} INFO - [2024-06-23T07:19:37.469+0000] {dag.py:2941} INFO - Sync 1 DAGs
[2024-06-23T07:19:37.486+0000] {logging_mixin.py:154} INFO - [2024-06-23T07:19:37.485+0000] {dag.py:3722} INFO - Setting next_dagrun for example_branch_dop_operator_v3 to 2024-06-23T07:18:00+00:00, run_after=2024-06-23T07:19:00+00:00
[2024-06-23T07:19:37.496+0000] {processor.py:179} INFO - Processing /home/airflow/.local/lib/python3.8/site-packages/airflow/example_dags/example_branch_python_dop_operator_3.py took 0.052 seconds
[2024-06-23T07:20:07.783+0000] {processor.py:157} INFO - Started process (PID=19976) to work on /home/airflow/.local/lib/python3.8/site-packages/airflow/example_dags/example_branch_python_dop_operator_3.py
[2024-06-23T07:20:07.783+0000] {processor.py:829} INFO - Processing file /home/airflow/.local/lib/python3.8/site-packages/airflow/example_dags/example_branch_python_dop_operator_3.py for tasks to queue
[2024-06-23T07:20:07.784+0000] {logging_mixin.py:154} INFO - [2024-06-23T07:20:07.784+0000] {dagbag.py:536} INFO - Filling up the DagBag from /home/airflow/.local/lib/python3.8/site-packages/airflow/example_dags/example_branch_python_dop_operator_3.py
[2024-06-23T07:20:07.789+0000] {processor.py:839} INFO - DAG(s) dict_keys(['example_branch_dop_operator_v3']) retrieved from /home/airflow/.local/lib/python3.8/site-packages/airflow/example_dags/example_branch_python_dop_operator_3.py
[2024-06-23T07:20:07.800+0000] {logging_mixin.py:154} INFO - [2024-06-23T07:20:07.799+0000] {dag.py:2941} INFO - Sync 1 DAGs
[2024-06-23T07:20:07.813+0000] {logging_mixin.py:154} INFO - [2024-06-23T07:20:07.813+0000] {dag.py:3722} INFO - Setting next_dagrun for example_branch_dop_operator_v3 to 2024-06-23T07:19:00+00:00, run_after=2024-06-23T07:20:00+00:00
[2024-06-23T07:20:07.822+0000] {processor.py:179} INFO - Processing /home/airflow/.local/lib/python3.8/site-packages/airflow/example_dags/example_branch_python_dop_operator_3.py took 0.040 seconds
[2024-06-23T07:20:38.609+0000] {processor.py:157} INFO - Started process (PID=20219) to work on /home/airflow/.local/lib/python3.8/site-packages/airflow/example_dags/example_branch_python_dop_operator_3.py
[2024-06-23T07:20:38.610+0000] {processor.py:829} INFO - Processing file /home/airflow/.local/lib/python3.8/site-packages/airflow/example_dags/example_branch_python_dop_operator_3.py for tasks to queue
[2024-06-23T07:20:38.611+0000] {logging_mixin.py:154} INFO - [2024-06-23T07:20:38.610+0000] {dagbag.py:536} INFO - Filling up the DagBag from /home/airflow/.local/lib/python3.8/site-packages/airflow/example_dags/example_branch_python_dop_operator_3.py
[2024-06-23T07:20:38.616+0000] {processor.py:839} INFO - DAG(s) dict_keys(['example_branch_dop_operator_v3']) retrieved from /home/airflow/.local/lib/python3.8/site-packages/airflow/example_dags/example_branch_python_dop_operator_3.py
[2024-06-23T07:20:38.630+0000] {logging_mixin.py:154} INFO - [2024-06-23T07:20:38.630+0000] {dag.py:2941} INFO - Sync 1 DAGs
[2024-06-23T07:20:38.648+0000] {logging_mixin.py:154} INFO - [2024-06-23T07:20:38.647+0000] {dag.py:3722} INFO - Setting next_dagrun for example_branch_dop_operator_v3 to 2024-06-23T07:19:00+00:00, run_after=2024-06-23T07:20:00+00:00
[2024-06-23T07:20:38.656+0000] {processor.py:179} INFO - Processing /home/airflow/.local/lib/python3.8/site-packages/airflow/example_dags/example_branch_python_dop_operator_3.py took 0.049 seconds
[2024-06-23T07:21:09.579+0000] {processor.py:157} INFO - Started process (PID=20463) to work on /home/airflow/.local/lib/python3.8/site-packages/airflow/example_dags/example_branch_python_dop_operator_3.py
[2024-06-23T07:21:09.580+0000] {processor.py:829} INFO - Processing file /home/airflow/.local/lib/python3.8/site-packages/airflow/example_dags/example_branch_python_dop_operator_3.py for tasks to queue
[2024-06-23T07:21:09.581+0000] {logging_mixin.py:154} INFO - [2024-06-23T07:21:09.581+0000] {dagbag.py:536} INFO - Filling up the DagBag from /home/airflow/.local/lib/python3.8/site-packages/airflow/example_dags/example_branch_python_dop_operator_3.py
[2024-06-23T07:21:09.589+0000] {processor.py:839} INFO - DAG(s) dict_keys(['example_branch_dop_operator_v3']) retrieved from /home/airflow/.local/lib/python3.8/site-packages/airflow/example_dags/example_branch_python_dop_operator_3.py
[2024-06-23T07:21:09.619+0000] {logging_mixin.py:154} INFO - [2024-06-23T07:21:09.618+0000] {dag.py:2941} INFO - Sync 1 DAGs
[2024-06-23T07:21:09.655+0000] {logging_mixin.py:154} INFO - [2024-06-23T07:21:09.655+0000] {dag.py:3722} INFO - Setting next_dagrun for example_branch_dop_operator_v3 to 2024-06-23T07:20:00+00:00, run_after=2024-06-23T07:21:00+00:00
[2024-06-23T07:21:09.673+0000] {processor.py:179} INFO - Processing /home/airflow/.local/lib/python3.8/site-packages/airflow/example_dags/example_branch_python_dop_operator_3.py took 0.098 seconds
[2024-06-23T07:21:39.845+0000] {processor.py:157} INFO - Started process (PID=20707) to work on /home/airflow/.local/lib/python3.8/site-packages/airflow/example_dags/example_branch_python_dop_operator_3.py
[2024-06-23T07:21:39.846+0000] {processor.py:829} INFO - Processing file /home/airflow/.local/lib/python3.8/site-packages/airflow/example_dags/example_branch_python_dop_operator_3.py for tasks to queue
[2024-06-23T07:21:39.847+0000] {logging_mixin.py:154} INFO - [2024-06-23T07:21:39.847+0000] {dagbag.py:536} INFO - Filling up the DagBag from /home/airflow/.local/lib/python3.8/site-packages/airflow/example_dags/example_branch_python_dop_operator_3.py
[2024-06-23T07:21:39.855+0000] {processor.py:839} INFO - DAG(s) dict_keys(['example_branch_dop_operator_v3']) retrieved from /home/airflow/.local/lib/python3.8/site-packages/airflow/example_dags/example_branch_python_dop_operator_3.py
[2024-06-23T07:21:39.872+0000] {logging_mixin.py:154} INFO - [2024-06-23T07:21:39.872+0000] {dag.py:2941} INFO - Sync 1 DAGs
[2024-06-23T07:21:39.890+0000] {logging_mixin.py:154} INFO - [2024-06-23T07:21:39.889+0000] {dag.py:3722} INFO - Setting next_dagrun for example_branch_dop_operator_v3 to 2024-06-23T07:20:00+00:00, run_after=2024-06-23T07:21:00+00:00
[2024-06-23T07:21:39.901+0000] {processor.py:179} INFO - Processing /home/airflow/.local/lib/python3.8/site-packages/airflow/example_dags/example_branch_python_dop_operator_3.py took 0.059 seconds
[2024-06-23T07:22:10.762+0000] {processor.py:157} INFO - Started process (PID=20951) to work on /home/airflow/.local/lib/python3.8/site-packages/airflow/example_dags/example_branch_python_dop_operator_3.py
[2024-06-23T07:22:10.762+0000] {processor.py:829} INFO - Processing file /home/airflow/.local/lib/python3.8/site-packages/airflow/example_dags/example_branch_python_dop_operator_3.py for tasks to queue
[2024-06-23T07:22:10.763+0000] {logging_mixin.py:154} INFO - [2024-06-23T07:22:10.763+0000] {dagbag.py:536} INFO - Filling up the DagBag from /home/airflow/.local/lib/python3.8/site-packages/airflow/example_dags/example_branch_python_dop_operator_3.py
[2024-06-23T07:22:10.768+0000] {processor.py:839} INFO - DAG(s) dict_keys(['example_branch_dop_operator_v3']) retrieved from /home/airflow/.local/lib/python3.8/site-packages/airflow/example_dags/example_branch_python_dop_operator_3.py
[2024-06-23T07:22:10.779+0000] {logging_mixin.py:154} INFO - [2024-06-23T07:22:10.778+0000] {dag.py:2941} INFO - Sync 1 DAGs
[2024-06-23T07:22:10.791+0000] {logging_mixin.py:154} INFO - [2024-06-23T07:22:10.791+0000] {dag.py:3722} INFO - Setting next_dagrun for example_branch_dop_operator_v3 to 2024-06-23T07:21:00+00:00, run_after=2024-06-23T07:22:00+00:00
[2024-06-23T07:22:10.804+0000] {processor.py:179} INFO - Processing /home/airflow/.local/lib/python3.8/site-packages/airflow/example_dags/example_branch_python_dop_operator_3.py took 0.044 seconds
[2024-06-23T07:22:41.569+0000] {processor.py:157} INFO - Started process (PID=21197) to work on /home/airflow/.local/lib/python3.8/site-packages/airflow/example_dags/example_branch_python_dop_operator_3.py
[2024-06-23T07:22:41.570+0000] {processor.py:829} INFO - Processing file /home/airflow/.local/lib/python3.8/site-packages/airflow/example_dags/example_branch_python_dop_operator_3.py for tasks to queue
[2024-06-23T07:22:41.570+0000] {logging_mixin.py:154} INFO - [2024-06-23T07:22:41.570+0000] {dagbag.py:536} INFO - Filling up the DagBag from /home/airflow/.local/lib/python3.8/site-packages/airflow/example_dags/example_branch_python_dop_operator_3.py
[2024-06-23T07:22:41.575+0000] {processor.py:839} INFO - DAG(s) dict_keys(['example_branch_dop_operator_v3']) retrieved from /home/airflow/.local/lib/python3.8/site-packages/airflow/example_dags/example_branch_python_dop_operator_3.py
[2024-06-23T07:22:41.586+0000] {logging_mixin.py:154} INFO - [2024-06-23T07:22:41.586+0000] {dag.py:2941} INFO - Sync 1 DAGs
[2024-06-23T07:22:41.597+0000] {logging_mixin.py:154} INFO - [2024-06-23T07:22:41.597+0000] {dag.py:3722} INFO - Setting next_dagrun for example_branch_dop_operator_v3 to 2024-06-23T07:21:00+00:00, run_after=2024-06-23T07:22:00+00:00
[2024-06-23T07:22:41.606+0000] {processor.py:179} INFO - Processing /home/airflow/.local/lib/python3.8/site-packages/airflow/example_dags/example_branch_python_dop_operator_3.py took 0.038 seconds
[2024-06-23T07:23:12.485+0000] {processor.py:157} INFO - Started process (PID=21439) to work on /home/airflow/.local/lib/python3.8/site-packages/airflow/example_dags/example_branch_python_dop_operator_3.py
[2024-06-23T07:23:12.486+0000] {processor.py:829} INFO - Processing file /home/airflow/.local/lib/python3.8/site-packages/airflow/example_dags/example_branch_python_dop_operator_3.py for tasks to queue
[2024-06-23T07:23:12.486+0000] {logging_mixin.py:154} INFO - [2024-06-23T07:23:12.486+0000] {dagbag.py:536} INFO - Filling up the DagBag from /home/airflow/.local/lib/python3.8/site-packages/airflow/example_dags/example_branch_python_dop_operator_3.py
[2024-06-23T07:23:12.491+0000] {processor.py:839} INFO - DAG(s) dict_keys(['example_branch_dop_operator_v3']) retrieved from /home/airflow/.local/lib/python3.8/site-packages/airflow/example_dags/example_branch_python_dop_operator_3.py
[2024-06-23T07:23:12.502+0000] {logging_mixin.py:154} INFO - [2024-06-23T07:23:12.502+0000] {dag.py:2941} INFO - Sync 1 DAGs
[2024-06-23T07:23:12.515+0000] {logging_mixin.py:154} INFO - [2024-06-23T07:23:12.515+0000] {dag.py:3722} INFO - Setting next_dagrun for example_branch_dop_operator_v3 to 2024-06-23T07:22:00+00:00, run_after=2024-06-23T07:23:00+00:00
[2024-06-23T07:23:12.524+0000] {processor.py:179} INFO - Processing /home/airflow/.local/lib/python3.8/site-packages/airflow/example_dags/example_branch_python_dop_operator_3.py took 0.041 seconds
[2024-06-23T07:23:43.139+0000] {processor.py:157} INFO - Started process (PID=21683) to work on /home/airflow/.local/lib/python3.8/site-packages/airflow/example_dags/example_branch_python_dop_operator_3.py
[2024-06-23T07:23:43.139+0000] {processor.py:829} INFO - Processing file /home/airflow/.local/lib/python3.8/site-packages/airflow/example_dags/example_branch_python_dop_operator_3.py for tasks to queue
[2024-06-23T07:23:43.140+0000] {logging_mixin.py:154} INFO - [2024-06-23T07:23:43.140+0000] {dagbag.py:536} INFO - Filling up the DagBag from /home/airflow/.local/lib/python3.8/site-packages/airflow/example_dags/example_branch_python_dop_operator_3.py
[2024-06-23T07:23:43.145+0000] {processor.py:839} INFO - DAG(s) dict_keys(['example_branch_dop_operator_v3']) retrieved from /home/airflow/.local/lib/python3.8/site-packages/airflow/example_dags/example_branch_python_dop_operator_3.py
[2024-06-23T07:23:43.158+0000] {logging_mixin.py:154} INFO - [2024-06-23T07:23:43.158+0000] {dag.py:2941} INFO - Sync 1 DAGs
[2024-06-23T07:23:43.173+0000] {logging_mixin.py:154} INFO - [2024-06-23T07:23:43.173+0000] {dag.py:3722} INFO - Setting next_dagrun for example_branch_dop_operator_v3 to 2024-06-23T07:22:00+00:00, run_after=2024-06-23T07:23:00+00:00
[2024-06-23T07:23:43.183+0000] {processor.py:179} INFO - Processing /home/airflow/.local/lib/python3.8/site-packages/airflow/example_dags/example_branch_python_dop_operator_3.py took 0.047 seconds
[2024-06-23T07:24:14.144+0000] {processor.py:157} INFO - Started process (PID=21927) to work on /home/airflow/.local/lib/python3.8/site-packages/airflow/example_dags/example_branch_python_dop_operator_3.py
[2024-06-23T07:24:14.145+0000] {processor.py:829} INFO - Processing file /home/airflow/.local/lib/python3.8/site-packages/airflow/example_dags/example_branch_python_dop_operator_3.py for tasks to queue
[2024-06-23T07:24:14.146+0000] {logging_mixin.py:154} INFO - [2024-06-23T07:24:14.146+0000] {dagbag.py:536} INFO - Filling up the DagBag from /home/airflow/.local/lib/python3.8/site-packages/airflow/example_dags/example_branch_python_dop_operator_3.py
[2024-06-23T07:24:14.153+0000] {processor.py:839} INFO - DAG(s) dict_keys(['example_branch_dop_operator_v3']) retrieved from /home/airflow/.local/lib/python3.8/site-packages/airflow/example_dags/example_branch_python_dop_operator_3.py
[2024-06-23T07:24:14.166+0000] {logging_mixin.py:154} INFO - [2024-06-23T07:24:14.166+0000] {dag.py:2941} INFO - Sync 1 DAGs
[2024-06-23T07:24:14.185+0000] {logging_mixin.py:154} INFO - [2024-06-23T07:24:14.185+0000] {dag.py:3722} INFO - Setting next_dagrun for example_branch_dop_operator_v3 to 2024-06-23T07:23:00+00:00, run_after=2024-06-23T07:24:00+00:00
[2024-06-23T07:24:14.197+0000] {processor.py:179} INFO - Processing /home/airflow/.local/lib/python3.8/site-packages/airflow/example_dags/example_branch_python_dop_operator_3.py took 0.055 seconds
[2024-06-23T07:24:45.184+0000] {processor.py:157} INFO - Started process (PID=22171) to work on /home/airflow/.local/lib/python3.8/site-packages/airflow/example_dags/example_branch_python_dop_operator_3.py
[2024-06-23T07:24:45.185+0000] {processor.py:829} INFO - Processing file /home/airflow/.local/lib/python3.8/site-packages/airflow/example_dags/example_branch_python_dop_operator_3.py for tasks to queue
[2024-06-23T07:24:45.186+0000] {logging_mixin.py:154} INFO - [2024-06-23T07:24:45.185+0000] {dagbag.py:536} INFO - Filling up the DagBag from /home/airflow/.local/lib/python3.8/site-packages/airflow/example_dags/example_branch_python_dop_operator_3.py
[2024-06-23T07:24:45.192+0000] {processor.py:839} INFO - DAG(s) dict_keys(['example_branch_dop_operator_v3']) retrieved from /home/airflow/.local/lib/python3.8/site-packages/airflow/example_dags/example_branch_python_dop_operator_3.py
[2024-06-23T07:24:45.205+0000] {logging_mixin.py:154} INFO - [2024-06-23T07:24:45.205+0000] {dag.py:2941} INFO - Sync 1 DAGs
[2024-06-23T07:24:45.218+0000] {logging_mixin.py:154} INFO - [2024-06-23T07:24:45.218+0000] {dag.py:3722} INFO - Setting next_dagrun for example_branch_dop_operator_v3 to 2024-06-23T07:23:00+00:00, run_after=2024-06-23T07:24:00+00:00
[2024-06-23T07:24:45.226+0000] {processor.py:179} INFO - Processing /home/airflow/.local/lib/python3.8/site-packages/airflow/example_dags/example_branch_python_dop_operator_3.py took 0.046 seconds
[2024-06-23T07:25:16.274+0000] {processor.py:157} INFO - Started process (PID=22415) to work on /home/airflow/.local/lib/python3.8/site-packages/airflow/example_dags/example_branch_python_dop_operator_3.py
[2024-06-23T07:25:16.274+0000] {processor.py:829} INFO - Processing file /home/airflow/.local/lib/python3.8/site-packages/airflow/example_dags/example_branch_python_dop_operator_3.py for tasks to queue
[2024-06-23T07:25:16.275+0000] {logging_mixin.py:154} INFO - [2024-06-23T07:25:16.275+0000] {dagbag.py:536} INFO - Filling up the DagBag from /home/airflow/.local/lib/python3.8/site-packages/airflow/example_dags/example_branch_python_dop_operator_3.py
[2024-06-23T07:25:16.281+0000] {processor.py:839} INFO - DAG(s) dict_keys(['example_branch_dop_operator_v3']) retrieved from /home/airflow/.local/lib/python3.8/site-packages/airflow/example_dags/example_branch_python_dop_operator_3.py
[2024-06-23T07:25:16.293+0000] {logging_mixin.py:154} INFO - [2024-06-23T07:25:16.292+0000] {dag.py:2941} INFO - Sync 1 DAGs
[2024-06-23T07:25:16.306+0000] {logging_mixin.py:154} INFO - [2024-06-23T07:25:16.306+0000] {dag.py:3722} INFO - Setting next_dagrun for example_branch_dop_operator_v3 to 2024-06-23T07:24:00+00:00, run_after=2024-06-23T07:25:00+00:00
[2024-06-23T07:25:16.316+0000] {processor.py:179} INFO - Processing /home/airflow/.local/lib/python3.8/site-packages/airflow/example_dags/example_branch_python_dop_operator_3.py took 0.044 seconds
[2024-06-23T07:25:46.530+0000] {processor.py:157} INFO - Started process (PID=22659) to work on /home/airflow/.local/lib/python3.8/site-packages/airflow/example_dags/example_branch_python_dop_operator_3.py
[2024-06-23T07:25:46.531+0000] {processor.py:829} INFO - Processing file /home/airflow/.local/lib/python3.8/site-packages/airflow/example_dags/example_branch_python_dop_operator_3.py for tasks to queue
[2024-06-23T07:25:46.531+0000] {logging_mixin.py:154} INFO - [2024-06-23T07:25:46.531+0000] {dagbag.py:536} INFO - Filling up the DagBag from /home/airflow/.local/lib/python3.8/site-packages/airflow/example_dags/example_branch_python_dop_operator_3.py
[2024-06-23T07:25:46.536+0000] {processor.py:839} INFO - DAG(s) dict_keys(['example_branch_dop_operator_v3']) retrieved from /home/airflow/.local/lib/python3.8/site-packages/airflow/example_dags/example_branch_python_dop_operator_3.py
[2024-06-23T07:25:46.547+0000] {logging_mixin.py:154} INFO - [2024-06-23T07:25:46.547+0000] {dag.py:2941} INFO - Sync 1 DAGs
[2024-06-23T07:25:46.559+0000] {logging_mixin.py:154} INFO - [2024-06-23T07:25:46.559+0000] {dag.py:3722} INFO - Setting next_dagrun for example_branch_dop_operator_v3 to 2024-06-23T07:24:00+00:00, run_after=2024-06-23T07:25:00+00:00
[2024-06-23T07:25:46.567+0000] {processor.py:179} INFO - Processing /home/airflow/.local/lib/python3.8/site-packages/airflow/example_dags/example_branch_python_dop_operator_3.py took 0.040 seconds
[2024-06-23T07:26:17.304+0000] {processor.py:157} INFO - Started process (PID=22903) to work on /home/airflow/.local/lib/python3.8/site-packages/airflow/example_dags/example_branch_python_dop_operator_3.py
[2024-06-23T07:26:17.304+0000] {processor.py:829} INFO - Processing file /home/airflow/.local/lib/python3.8/site-packages/airflow/example_dags/example_branch_python_dop_operator_3.py for tasks to queue
[2024-06-23T07:26:17.305+0000] {logging_mixin.py:154} INFO - [2024-06-23T07:26:17.305+0000] {dagbag.py:536} INFO - Filling up the DagBag from /home/airflow/.local/lib/python3.8/site-packages/airflow/example_dags/example_branch_python_dop_operator_3.py
[2024-06-23T07:26:17.310+0000] {processor.py:839} INFO - DAG(s) dict_keys(['example_branch_dop_operator_v3']) retrieved from /home/airflow/.local/lib/python3.8/site-packages/airflow/example_dags/example_branch_python_dop_operator_3.py
[2024-06-23T07:26:17.320+0000] {logging_mixin.py:154} INFO - [2024-06-23T07:26:17.320+0000] {dag.py:2941} INFO - Sync 1 DAGs
[2024-06-23T07:26:17.333+0000] {logging_mixin.py:154} INFO - [2024-06-23T07:26:17.332+0000] {dag.py:3722} INFO - Setting next_dagrun for example_branch_dop_operator_v3 to 2024-06-23T07:25:00+00:00, run_after=2024-06-23T07:26:00+00:00
[2024-06-23T07:26:17.342+0000] {processor.py:179} INFO - Processing /home/airflow/.local/lib/python3.8/site-packages/airflow/example_dags/example_branch_python_dop_operator_3.py took 0.040 seconds
[2024-06-23T07:26:48.208+0000] {processor.py:157} INFO - Started process (PID=23147) to work on /home/airflow/.local/lib/python3.8/site-packages/airflow/example_dags/example_branch_python_dop_operator_3.py
[2024-06-23T07:26:48.209+0000] {processor.py:829} INFO - Processing file /home/airflow/.local/lib/python3.8/site-packages/airflow/example_dags/example_branch_python_dop_operator_3.py for tasks to queue
[2024-06-23T07:26:48.210+0000] {logging_mixin.py:154} INFO - [2024-06-23T07:26:48.210+0000] {dagbag.py:536} INFO - Filling up the DagBag from /home/airflow/.local/lib/python3.8/site-packages/airflow/example_dags/example_branch_python_dop_operator_3.py
[2024-06-23T07:26:48.216+0000] {processor.py:839} INFO - DAG(s) dict_keys(['example_branch_dop_operator_v3']) retrieved from /home/airflow/.local/lib/python3.8/site-packages/airflow/example_dags/example_branch_python_dop_operator_3.py
[2024-06-23T07:26:48.228+0000] {logging_mixin.py:154} INFO - [2024-06-23T07:26:48.228+0000] {dag.py:2941} INFO - Sync 1 DAGs
[2024-06-23T07:26:48.243+0000] {logging_mixin.py:154} INFO - [2024-06-23T07:26:48.243+0000] {dag.py:3722} INFO - Setting next_dagrun for example_branch_dop_operator_v3 to 2024-06-23T07:25:00+00:00, run_after=2024-06-23T07:26:00+00:00
[2024-06-23T07:26:48.254+0000] {processor.py:179} INFO - Processing /home/airflow/.local/lib/python3.8/site-packages/airflow/example_dags/example_branch_python_dop_operator_3.py took 0.048 seconds
[2024-06-23T07:27:19.108+0000] {processor.py:157} INFO - Started process (PID=23392) to work on /home/airflow/.local/lib/python3.8/site-packages/airflow/example_dags/example_branch_python_dop_operator_3.py
[2024-06-23T07:27:19.108+0000] {processor.py:829} INFO - Processing file /home/airflow/.local/lib/python3.8/site-packages/airflow/example_dags/example_branch_python_dop_operator_3.py for tasks to queue
[2024-06-23T07:27:19.109+0000] {logging_mixin.py:154} INFO - [2024-06-23T07:27:19.109+0000] {dagbag.py:536} INFO - Filling up the DagBag from /home/airflow/.local/lib/python3.8/site-packages/airflow/example_dags/example_branch_python_dop_operator_3.py
[2024-06-23T07:27:19.115+0000] {processor.py:839} INFO - DAG(s) dict_keys(['example_branch_dop_operator_v3']) retrieved from /home/airflow/.local/lib/python3.8/site-packages/airflow/example_dags/example_branch_python_dop_operator_3.py
[2024-06-23T07:27:19.127+0000] {logging_mixin.py:154} INFO - [2024-06-23T07:27:19.126+0000] {dag.py:2941} INFO - Sync 1 DAGs
[2024-06-23T07:27:19.141+0000] {logging_mixin.py:154} INFO - [2024-06-23T07:27:19.141+0000] {dag.py:3722} INFO - Setting next_dagrun for example_branch_dop_operator_v3 to 2024-06-23T07:26:00+00:00, run_after=2024-06-23T07:27:00+00:00
[2024-06-23T07:27:19.152+0000] {processor.py:179} INFO - Processing /home/airflow/.local/lib/python3.8/site-packages/airflow/example_dags/example_branch_python_dop_operator_3.py took 0.047 seconds
[2024-06-23T07:27:49.920+0000] {processor.py:157} INFO - Started process (PID=23634) to work on /home/airflow/.local/lib/python3.8/site-packages/airflow/example_dags/example_branch_python_dop_operator_3.py
[2024-06-23T07:27:49.921+0000] {processor.py:829} INFO - Processing file /home/airflow/.local/lib/python3.8/site-packages/airflow/example_dags/example_branch_python_dop_operator_3.py for tasks to queue
[2024-06-23T07:27:49.922+0000] {logging_mixin.py:154} INFO - [2024-06-23T07:27:49.922+0000] {dagbag.py:536} INFO - Filling up the DagBag from /home/airflow/.local/lib/python3.8/site-packages/airflow/example_dags/example_branch_python_dop_operator_3.py
[2024-06-23T07:27:49.927+0000] {processor.py:839} INFO - DAG(s) dict_keys(['example_branch_dop_operator_v3']) retrieved from /home/airflow/.local/lib/python3.8/site-packages/airflow/example_dags/example_branch_python_dop_operator_3.py
[2024-06-23T07:27:49.940+0000] {logging_mixin.py:154} INFO - [2024-06-23T07:27:49.940+0000] {dag.py:2941} INFO - Sync 1 DAGs
[2024-06-23T07:27:49.955+0000] {logging_mixin.py:154} INFO - [2024-06-23T07:27:49.955+0000] {dag.py:3722} INFO - Setting next_dagrun for example_branch_dop_operator_v3 to 2024-06-23T07:26:00+00:00, run_after=2024-06-23T07:27:00+00:00
[2024-06-23T07:27:49.968+0000] {processor.py:179} INFO - Processing /home/airflow/.local/lib/python3.8/site-packages/airflow/example_dags/example_branch_python_dop_operator_3.py took 0.050 seconds
[2024-06-23T07:28:20.960+0000] {processor.py:157} INFO - Started process (PID=23878) to work on /home/airflow/.local/lib/python3.8/site-packages/airflow/example_dags/example_branch_python_dop_operator_3.py
[2024-06-23T07:28:20.961+0000] {processor.py:829} INFO - Processing file /home/airflow/.local/lib/python3.8/site-packages/airflow/example_dags/example_branch_python_dop_operator_3.py for tasks to queue
[2024-06-23T07:28:20.963+0000] {logging_mixin.py:154} INFO - [2024-06-23T07:28:20.962+0000] {dagbag.py:536} INFO - Filling up the DagBag from /home/airflow/.local/lib/python3.8/site-packages/airflow/example_dags/example_branch_python_dop_operator_3.py
[2024-06-23T07:28:20.969+0000] {processor.py:839} INFO - DAG(s) dict_keys(['example_branch_dop_operator_v3']) retrieved from /home/airflow/.local/lib/python3.8/site-packages/airflow/example_dags/example_branch_python_dop_operator_3.py
[2024-06-23T07:28:20.983+0000] {logging_mixin.py:154} INFO - [2024-06-23T07:28:20.983+0000] {dag.py:2941} INFO - Sync 1 DAGs
[2024-06-23T07:28:20.998+0000] {logging_mixin.py:154} INFO - [2024-06-23T07:28:20.998+0000] {dag.py:3722} INFO - Setting next_dagrun for example_branch_dop_operator_v3 to 2024-06-23T07:27:00+00:00, run_after=2024-06-23T07:28:00+00:00
[2024-06-23T07:28:21.007+0000] {processor.py:179} INFO - Processing /home/airflow/.local/lib/python3.8/site-packages/airflow/example_dags/example_branch_python_dop_operator_3.py took 0.049 seconds
[2024-06-23T07:28:51.132+0000] {processor.py:157} INFO - Started process (PID=24124) to work on /home/airflow/.local/lib/python3.8/site-packages/airflow/example_dags/example_branch_python_dop_operator_3.py
[2024-06-23T07:28:51.133+0000] {processor.py:829} INFO - Processing file /home/airflow/.local/lib/python3.8/site-packages/airflow/example_dags/example_branch_python_dop_operator_3.py for tasks to queue
[2024-06-23T07:28:51.134+0000] {logging_mixin.py:154} INFO - [2024-06-23T07:28:51.134+0000] {dagbag.py:536} INFO - Filling up the DagBag from /home/airflow/.local/lib/python3.8/site-packages/airflow/example_dags/example_branch_python_dop_operator_3.py
[2024-06-23T07:28:51.138+0000] {processor.py:839} INFO - DAG(s) dict_keys(['example_branch_dop_operator_v3']) retrieved from /home/airflow/.local/lib/python3.8/site-packages/airflow/example_dags/example_branch_python_dop_operator_3.py
[2024-06-23T07:28:51.150+0000] {logging_mixin.py:154} INFO - [2024-06-23T07:28:51.150+0000] {dag.py:2941} INFO - Sync 1 DAGs
[2024-06-23T07:28:51.162+0000] {logging_mixin.py:154} INFO - [2024-06-23T07:28:51.162+0000] {dag.py:3722} INFO - Setting next_dagrun for example_branch_dop_operator_v3 to 2024-06-23T07:27:00+00:00, run_after=2024-06-23T07:28:00+00:00
[2024-06-23T07:28:51.171+0000] {processor.py:179} INFO - Processing /home/airflow/.local/lib/python3.8/site-packages/airflow/example_dags/example_branch_python_dop_operator_3.py took 0.041 seconds
[2024-06-23T07:29:21.305+0000] {processor.py:157} INFO - Started process (PID=24366) to work on /home/airflow/.local/lib/python3.8/site-packages/airflow/example_dags/example_branch_python_dop_operator_3.py
[2024-06-23T07:29:21.306+0000] {processor.py:829} INFO - Processing file /home/airflow/.local/lib/python3.8/site-packages/airflow/example_dags/example_branch_python_dop_operator_3.py for tasks to queue
[2024-06-23T07:29:21.307+0000] {logging_mixin.py:154} INFO - [2024-06-23T07:29:21.307+0000] {dagbag.py:536} INFO - Filling up the DagBag from /home/airflow/.local/lib/python3.8/site-packages/airflow/example_dags/example_branch_python_dop_operator_3.py
[2024-06-23T07:29:21.313+0000] {processor.py:839} INFO - DAG(s) dict_keys(['example_branch_dop_operator_v3']) retrieved from /home/airflow/.local/lib/python3.8/site-packages/airflow/example_dags/example_branch_python_dop_operator_3.py
[2024-06-23T07:29:21.326+0000] {logging_mixin.py:154} INFO - [2024-06-23T07:29:21.326+0000] {dag.py:2941} INFO - Sync 1 DAGs
[2024-06-23T07:29:21.342+0000] {logging_mixin.py:154} INFO - [2024-06-23T07:29:21.341+0000] {dag.py:3722} INFO - Setting next_dagrun for example_branch_dop_operator_v3 to 2024-06-23T07:28:00+00:00, run_after=2024-06-23T07:29:00+00:00
[2024-06-23T07:29:21.352+0000] {processor.py:179} INFO - Processing /home/airflow/.local/lib/python3.8/site-packages/airflow/example_dags/example_branch_python_dop_operator_3.py took 0.050 seconds
[2024-06-23T07:29:51.670+0000] {processor.py:157} INFO - Started process (PID=24612) to work on /home/airflow/.local/lib/python3.8/site-packages/airflow/example_dags/example_branch_python_dop_operator_3.py
[2024-06-23T07:29:51.670+0000] {processor.py:829} INFO - Processing file /home/airflow/.local/lib/python3.8/site-packages/airflow/example_dags/example_branch_python_dop_operator_3.py for tasks to queue
[2024-06-23T07:29:51.671+0000] {logging_mixin.py:154} INFO - [2024-06-23T07:29:51.671+0000] {dagbag.py:536} INFO - Filling up the DagBag from /home/airflow/.local/lib/python3.8/site-packages/airflow/example_dags/example_branch_python_dop_operator_3.py
[2024-06-23T07:29:51.676+0000] {processor.py:839} INFO - DAG(s) dict_keys(['example_branch_dop_operator_v3']) retrieved from /home/airflow/.local/lib/python3.8/site-packages/airflow/example_dags/example_branch_python_dop_operator_3.py
[2024-06-23T07:29:51.687+0000] {logging_mixin.py:154} INFO - [2024-06-23T07:29:51.687+0000] {dag.py:2941} INFO - Sync 1 DAGs
[2024-06-23T07:29:51.700+0000] {logging_mixin.py:154} INFO - [2024-06-23T07:29:51.699+0000] {dag.py:3722} INFO - Setting next_dagrun for example_branch_dop_operator_v3 to 2024-06-23T07:28:00+00:00, run_after=2024-06-23T07:29:00+00:00
[2024-06-23T07:29:51.707+0000] {processor.py:179} INFO - Processing /home/airflow/.local/lib/python3.8/site-packages/airflow/example_dags/example_branch_python_dop_operator_3.py took 0.039 seconds
[2024-06-23T07:30:22.332+0000] {processor.py:157} INFO - Started process (PID=24854) to work on /home/airflow/.local/lib/python3.8/site-packages/airflow/example_dags/example_branch_python_dop_operator_3.py
[2024-06-23T07:30:22.333+0000] {processor.py:829} INFO - Processing file /home/airflow/.local/lib/python3.8/site-packages/airflow/example_dags/example_branch_python_dop_operator_3.py for tasks to queue
[2024-06-23T07:30:22.333+0000] {logging_mixin.py:154} INFO - [2024-06-23T07:30:22.333+0000] {dagbag.py:536} INFO - Filling up the DagBag from /home/airflow/.local/lib/python3.8/site-packages/airflow/example_dags/example_branch_python_dop_operator_3.py
[2024-06-23T07:30:22.338+0000] {processor.py:839} INFO - DAG(s) dict_keys(['example_branch_dop_operator_v3']) retrieved from /home/airflow/.local/lib/python3.8/site-packages/airflow/example_dags/example_branch_python_dop_operator_3.py
[2024-06-23T07:30:22.349+0000] {logging_mixin.py:154} INFO - [2024-06-23T07:30:22.349+0000] {dag.py:2941} INFO - Sync 1 DAGs
[2024-06-23T07:30:22.361+0000] {logging_mixin.py:154} INFO - [2024-06-23T07:30:22.361+0000] {dag.py:3722} INFO - Setting next_dagrun for example_branch_dop_operator_v3 to 2024-06-23T07:29:00+00:00, run_after=2024-06-23T07:30:00+00:00
[2024-06-23T07:30:22.372+0000] {processor.py:179} INFO - Processing /home/airflow/.local/lib/python3.8/site-packages/airflow/example_dags/example_branch_python_dop_operator_3.py took 0.042 seconds
[2024-06-23T07:30:53.368+0000] {processor.py:157} INFO - Started process (PID=25098) to work on /home/airflow/.local/lib/python3.8/site-packages/airflow/example_dags/example_branch_python_dop_operator_3.py
[2024-06-23T07:30:53.369+0000] {processor.py:829} INFO - Processing file /home/airflow/.local/lib/python3.8/site-packages/airflow/example_dags/example_branch_python_dop_operator_3.py for tasks to queue
[2024-06-23T07:30:53.369+0000] {logging_mixin.py:154} INFO - [2024-06-23T07:30:53.369+0000] {dagbag.py:536} INFO - Filling up the DagBag from /home/airflow/.local/lib/python3.8/site-packages/airflow/example_dags/example_branch_python_dop_operator_3.py
[2024-06-23T07:30:53.375+0000] {processor.py:839} INFO - DAG(s) dict_keys(['example_branch_dop_operator_v3']) retrieved from /home/airflow/.local/lib/python3.8/site-packages/airflow/example_dags/example_branch_python_dop_operator_3.py
[2024-06-23T07:30:53.386+0000] {logging_mixin.py:154} INFO - [2024-06-23T07:30:53.386+0000] {dag.py:2941} INFO - Sync 1 DAGs
[2024-06-23T07:30:53.401+0000] {logging_mixin.py:154} INFO - [2024-06-23T07:30:53.401+0000] {dag.py:3722} INFO - Setting next_dagrun for example_branch_dop_operator_v3 to 2024-06-23T07:29:00+00:00, run_after=2024-06-23T07:30:00+00:00
[2024-06-23T07:30:53.410+0000] {processor.py:179} INFO - Processing /home/airflow/.local/lib/python3.8/site-packages/airflow/example_dags/example_branch_python_dop_operator_3.py took 0.043 seconds
