[2024-06-23T01:24:24.797+0000] {processor.py:157} INFO - Started process (PID=13218) to work on /home/airflow/.local/lib/python3.8/site-packages/airflow/example_dags/example_dag_decorator.py
[2024-06-23T01:24:24.798+0000] {processor.py:829} INFO - Processing file /home/airflow/.local/lib/python3.8/site-packages/airflow/example_dags/example_dag_decorator.py for tasks to queue
[2024-06-23T01:24:24.798+0000] {logging_mixin.py:154} INFO - [2024-06-23T01:24:24.798+0000] {dagbag.py:536} INFO - Filling up the DagBag from /home/airflow/.local/lib/python3.8/site-packages/airflow/example_dags/example_dag_decorator.py
[2024-06-23T01:24:24.847+0000] {processor.py:839} INFO - DAG(s) dict_keys(['example_dag_decorator']) retrieved from /home/airflow/.local/lib/python3.8/site-packages/airflow/example_dags/example_dag_decorator.py
[2024-06-23T01:24:24.909+0000] {logging_mixin.py:154} INFO - [2024-06-23T01:24:24.909+0000] {dag.py:2941} INFO - Sync 1 DAGs
[2024-06-23T01:24:24.916+0000] {logging_mixin.py:154} INFO - [2024-06-23T01:24:24.916+0000] {dag.py:3722} INFO - Setting next_dagrun for example_dag_decorator to None, run_after=None
[2024-06-23T01:24:24.928+0000] {processor.py:179} INFO - Processing /home/airflow/.local/lib/python3.8/site-packages/airflow/example_dags/example_dag_decorator.py took 0.134 seconds
[2024-06-23T02:48:33.565+0000] {processor.py:157} INFO - Started process (PID=13461) to work on /home/airflow/.local/lib/python3.8/site-packages/airflow/example_dags/example_dag_decorator.py
[2024-06-23T02:48:33.567+0000] {processor.py:829} INFO - Processing file /home/airflow/.local/lib/python3.8/site-packages/airflow/example_dags/example_dag_decorator.py for tasks to queue
[2024-06-23T02:48:33.568+0000] {logging_mixin.py:154} INFO - [2024-06-23T02:48:33.567+0000] {dagbag.py:536} INFO - Filling up the DagBag from /home/airflow/.local/lib/python3.8/site-packages/airflow/example_dags/example_dag_decorator.py
[2024-06-23T02:48:33.622+0000] {processor.py:839} INFO - DAG(s) dict_keys(['example_dag_decorator']) retrieved from /home/airflow/.local/lib/python3.8/site-packages/airflow/example_dags/example_dag_decorator.py
[2024-06-23T02:48:33.631+0000] {logging_mixin.py:154} INFO - [2024-06-23T02:48:33.631+0000] {dag.py:2941} INFO - Sync 1 DAGs
[2024-06-23T02:48:33.641+0000] {logging_mixin.py:154} INFO - [2024-06-23T02:48:33.641+0000] {dag.py:3722} INFO - Setting next_dagrun for example_dag_decorator to None, run_after=None
[2024-06-23T02:48:33.658+0000] {processor.py:179} INFO - Processing /home/airflow/.local/lib/python3.8/site-packages/airflow/example_dags/example_dag_decorator.py took 0.095 seconds
[2024-06-23T04:09:04.621+0000] {processor.py:157} INFO - Started process (PID=13709) to work on /home/airflow/.local/lib/python3.8/site-packages/airflow/example_dags/example_dag_decorator.py
[2024-06-23T04:09:04.622+0000] {processor.py:829} INFO - Processing file /home/airflow/.local/lib/python3.8/site-packages/airflow/example_dags/example_dag_decorator.py for tasks to queue
[2024-06-23T04:09:04.623+0000] {logging_mixin.py:154} INFO - [2024-06-23T04:09:04.623+0000] {dagbag.py:536} INFO - Filling up the DagBag from /home/airflow/.local/lib/python3.8/site-packages/airflow/example_dags/example_dag_decorator.py
[2024-06-23T04:09:04.670+0000] {processor.py:839} INFO - DAG(s) dict_keys(['example_dag_decorator']) retrieved from /home/airflow/.local/lib/python3.8/site-packages/airflow/example_dags/example_dag_decorator.py
[2024-06-23T04:09:04.680+0000] {logging_mixin.py:154} INFO - [2024-06-23T04:09:04.680+0000] {dag.py:2941} INFO - Sync 1 DAGs
[2024-06-23T04:09:04.694+0000] {logging_mixin.py:154} INFO - [2024-06-23T04:09:04.693+0000] {dag.py:3722} INFO - Setting next_dagrun for example_dag_decorator to None, run_after=None
[2024-06-23T04:09:04.708+0000] {processor.py:179} INFO - Processing /home/airflow/.local/lib/python3.8/site-packages/airflow/example_dags/example_dag_decorator.py took 0.089 seconds
[2024-06-23T05:49:43.590+0000] {processor.py:157} INFO - Started process (PID=13956) to work on /home/airflow/.local/lib/python3.8/site-packages/airflow/example_dags/example_dag_decorator.py
[2024-06-23T05:49:43.591+0000] {processor.py:829} INFO - Processing file /home/airflow/.local/lib/python3.8/site-packages/airflow/example_dags/example_dag_decorator.py for tasks to queue
[2024-06-23T05:49:43.592+0000] {logging_mixin.py:154} INFO - [2024-06-23T05:49:43.592+0000] {dagbag.py:536} INFO - Filling up the DagBag from /home/airflow/.local/lib/python3.8/site-packages/airflow/example_dags/example_dag_decorator.py
[2024-06-23T05:49:43.632+0000] {processor.py:839} INFO - DAG(s) dict_keys(['example_dag_decorator']) retrieved from /home/airflow/.local/lib/python3.8/site-packages/airflow/example_dags/example_dag_decorator.py
[2024-06-23T05:49:43.638+0000] {logging_mixin.py:154} INFO - [2024-06-23T05:49:43.638+0000] {dag.py:2941} INFO - Sync 1 DAGs
[2024-06-23T05:49:43.646+0000] {logging_mixin.py:154} INFO - [2024-06-23T05:49:43.646+0000] {dag.py:3722} INFO - Setting next_dagrun for example_dag_decorator to None, run_after=None
[2024-06-23T05:49:43.656+0000] {processor.py:179} INFO - Processing /home/airflow/.local/lib/python3.8/site-packages/airflow/example_dags/example_dag_decorator.py took 0.068 seconds
[2024-06-23T07:07:59.698+0000] {processor.py:157} INFO - Started process (PID=14206) to work on /home/airflow/.local/lib/python3.8/site-packages/airflow/example_dags/example_dag_decorator.py
[2024-06-23T07:07:59.700+0000] {processor.py:829} INFO - Processing file /home/airflow/.local/lib/python3.8/site-packages/airflow/example_dags/example_dag_decorator.py for tasks to queue
[2024-06-23T07:07:59.702+0000] {logging_mixin.py:154} INFO - [2024-06-23T07:07:59.701+0000] {dagbag.py:536} INFO - Filling up the DagBag from /home/airflow/.local/lib/python3.8/site-packages/airflow/example_dags/example_dag_decorator.py
[2024-06-23T07:07:59.776+0000] {processor.py:839} INFO - DAG(s) dict_keys(['example_dag_decorator']) retrieved from /home/airflow/.local/lib/python3.8/site-packages/airflow/example_dags/example_dag_decorator.py
[2024-06-23T07:07:59.951+0000] {logging_mixin.py:154} INFO - [2024-06-23T07:07:59.951+0000] {dag.py:2941} INFO - Sync 1 DAGs
[2024-06-23T07:07:59.960+0000] {logging_mixin.py:154} INFO - [2024-06-23T07:07:59.960+0000] {dag.py:3722} INFO - Setting next_dagrun for example_dag_decorator to None, run_after=None
[2024-06-23T07:07:59.976+0000] {processor.py:179} INFO - Processing /home/airflow/.local/lib/python3.8/site-packages/airflow/example_dags/example_dag_decorator.py took 0.282 seconds
[2024-06-23T07:08:30.610+0000] {processor.py:157} INFO - Started process (PID=14450) to work on /home/airflow/.local/lib/python3.8/site-packages/airflow/example_dags/example_dag_decorator.py
[2024-06-23T07:08:30.612+0000] {processor.py:829} INFO - Processing file /home/airflow/.local/lib/python3.8/site-packages/airflow/example_dags/example_dag_decorator.py for tasks to queue
[2024-06-23T07:08:30.614+0000] {logging_mixin.py:154} INFO - [2024-06-23T07:08:30.613+0000] {dagbag.py:536} INFO - Filling up the DagBag from /home/airflow/.local/lib/python3.8/site-packages/airflow/example_dags/example_dag_decorator.py
[2024-06-23T07:08:30.677+0000] {processor.py:839} INFO - DAG(s) dict_keys(['example_dag_decorator']) retrieved from /home/airflow/.local/lib/python3.8/site-packages/airflow/example_dags/example_dag_decorator.py
[2024-06-23T07:08:30.690+0000] {logging_mixin.py:154} INFO - [2024-06-23T07:08:30.690+0000] {dag.py:2941} INFO - Sync 1 DAGs
[2024-06-23T07:08:30.704+0000] {logging_mixin.py:154} INFO - [2024-06-23T07:08:30.703+0000] {dag.py:3722} INFO - Setting next_dagrun for example_dag_decorator to None, run_after=None
[2024-06-23T07:08:30.743+0000] {processor.py:179} INFO - Processing /home/airflow/.local/lib/python3.8/site-packages/airflow/example_dags/example_dag_decorator.py took 0.139 seconds
[2024-06-23T07:09:01.205+0000] {processor.py:157} INFO - Started process (PID=14694) to work on /home/airflow/.local/lib/python3.8/site-packages/airflow/example_dags/example_dag_decorator.py
[2024-06-23T07:09:01.207+0000] {processor.py:829} INFO - Processing file /home/airflow/.local/lib/python3.8/site-packages/airflow/example_dags/example_dag_decorator.py for tasks to queue
[2024-06-23T07:09:01.208+0000] {logging_mixin.py:154} INFO - [2024-06-23T07:09:01.207+0000] {dagbag.py:536} INFO - Filling up the DagBag from /home/airflow/.local/lib/python3.8/site-packages/airflow/example_dags/example_dag_decorator.py
[2024-06-23T07:09:01.258+0000] {processor.py:839} INFO - DAG(s) dict_keys(['example_dag_decorator']) retrieved from /home/airflow/.local/lib/python3.8/site-packages/airflow/example_dags/example_dag_decorator.py
[2024-06-23T07:09:01.266+0000] {logging_mixin.py:154} INFO - [2024-06-23T07:09:01.266+0000] {dag.py:2941} INFO - Sync 1 DAGs
[2024-06-23T07:09:01.278+0000] {logging_mixin.py:154} INFO - [2024-06-23T07:09:01.278+0000] {dag.py:3722} INFO - Setting next_dagrun for example_dag_decorator to None, run_after=None
[2024-06-23T07:09:01.298+0000] {processor.py:179} INFO - Processing /home/airflow/.local/lib/python3.8/site-packages/airflow/example_dags/example_dag_decorator.py took 0.097 seconds
[2024-06-23T07:09:31.959+0000] {processor.py:157} INFO - Started process (PID=14938) to work on /home/airflow/.local/lib/python3.8/site-packages/airflow/example_dags/example_dag_decorator.py
[2024-06-23T07:09:31.961+0000] {processor.py:829} INFO - Processing file /home/airflow/.local/lib/python3.8/site-packages/airflow/example_dags/example_dag_decorator.py for tasks to queue
[2024-06-23T07:09:31.963+0000] {logging_mixin.py:154} INFO - [2024-06-23T07:09:31.962+0000] {dagbag.py:536} INFO - Filling up the DagBag from /home/airflow/.local/lib/python3.8/site-packages/airflow/example_dags/example_dag_decorator.py
[2024-06-23T07:09:32.099+0000] {processor.py:839} INFO - DAG(s) dict_keys(['example_dag_decorator']) retrieved from /home/airflow/.local/lib/python3.8/site-packages/airflow/example_dags/example_dag_decorator.py
[2024-06-23T07:09:32.380+0000] {logging_mixin.py:154} INFO - [2024-06-23T07:09:32.379+0000] {dag.py:2941} INFO - Sync 1 DAGs
[2024-06-23T07:09:32.424+0000] {logging_mixin.py:154} INFO - [2024-06-23T07:09:32.419+0000] {dag.py:3722} INFO - Setting next_dagrun for example_dag_decorator to None, run_after=None
[2024-06-23T07:09:32.544+0000] {processor.py:179} INFO - Processing /home/airflow/.local/lib/python3.8/site-packages/airflow/example_dags/example_dag_decorator.py took 0.588 seconds
[2024-06-23T07:10:03.179+0000] {processor.py:157} INFO - Started process (PID=15191) to work on /home/airflow/.local/lib/python3.8/site-packages/airflow/example_dags/example_dag_decorator.py
[2024-06-23T07:10:03.181+0000] {processor.py:829} INFO - Processing file /home/airflow/.local/lib/python3.8/site-packages/airflow/example_dags/example_dag_decorator.py for tasks to queue
[2024-06-23T07:10:03.181+0000] {logging_mixin.py:154} INFO - [2024-06-23T07:10:03.181+0000] {dagbag.py:536} INFO - Filling up the DagBag from /home/airflow/.local/lib/python3.8/site-packages/airflow/example_dags/example_dag_decorator.py
[2024-06-23T07:10:03.237+0000] {processor.py:839} INFO - DAG(s) dict_keys(['example_dag_decorator']) retrieved from /home/airflow/.local/lib/python3.8/site-packages/airflow/example_dags/example_dag_decorator.py
[2024-06-23T07:10:03.299+0000] {logging_mixin.py:154} INFO - [2024-06-23T07:10:03.299+0000] {dag.py:2941} INFO - Sync 1 DAGs
[2024-06-23T07:10:03.305+0000] {logging_mixin.py:154} INFO - [2024-06-23T07:10:03.305+0000] {dag.py:3722} INFO - Setting next_dagrun for example_dag_decorator to None, run_after=None
[2024-06-23T07:10:03.319+0000] {processor.py:179} INFO - Processing /home/airflow/.local/lib/python3.8/site-packages/airflow/example_dags/example_dag_decorator.py took 0.144 seconds
[2024-06-23T07:10:33.370+0000] {processor.py:157} INFO - Started process (PID=15433) to work on /home/airflow/.local/lib/python3.8/site-packages/airflow/example_dags/example_dag_decorator.py
[2024-06-23T07:10:33.380+0000] {processor.py:829} INFO - Processing file /home/airflow/.local/lib/python3.8/site-packages/airflow/example_dags/example_dag_decorator.py for tasks to queue
[2024-06-23T07:10:33.382+0000] {logging_mixin.py:154} INFO - [2024-06-23T07:10:33.382+0000] {dagbag.py:536} INFO - Filling up the DagBag from /home/airflow/.local/lib/python3.8/site-packages/airflow/example_dags/example_dag_decorator.py
[2024-06-23T07:10:33.455+0000] {processor.py:839} INFO - DAG(s) dict_keys(['example_dag_decorator']) retrieved from /home/airflow/.local/lib/python3.8/site-packages/airflow/example_dags/example_dag_decorator.py
[2024-06-23T07:10:33.540+0000] {logging_mixin.py:154} INFO - [2024-06-23T07:10:33.539+0000] {dag.py:2941} INFO - Sync 1 DAGs
[2024-06-23T07:10:33.550+0000] {logging_mixin.py:154} INFO - [2024-06-23T07:10:33.550+0000] {dag.py:3722} INFO - Setting next_dagrun for example_dag_decorator to None, run_after=None
[2024-06-23T07:10:33.589+0000] {processor.py:179} INFO - Processing /home/airflow/.local/lib/python3.8/site-packages/airflow/example_dags/example_dag_decorator.py took 0.224 seconds
[2024-06-23T07:11:03.677+0000] {processor.py:157} INFO - Started process (PID=15677) to work on /home/airflow/.local/lib/python3.8/site-packages/airflow/example_dags/example_dag_decorator.py
[2024-06-23T07:11:03.678+0000] {processor.py:829} INFO - Processing file /home/airflow/.local/lib/python3.8/site-packages/airflow/example_dags/example_dag_decorator.py for tasks to queue
[2024-06-23T07:11:03.679+0000] {logging_mixin.py:154} INFO - [2024-06-23T07:11:03.679+0000] {dagbag.py:536} INFO - Filling up the DagBag from /home/airflow/.local/lib/python3.8/site-packages/airflow/example_dags/example_dag_decorator.py
[2024-06-23T07:11:03.722+0000] {processor.py:839} INFO - DAG(s) dict_keys(['example_dag_decorator']) retrieved from /home/airflow/.local/lib/python3.8/site-packages/airflow/example_dags/example_dag_decorator.py
[2024-06-23T07:11:03.783+0000] {logging_mixin.py:154} INFO - [2024-06-23T07:11:03.783+0000] {dag.py:2941} INFO - Sync 1 DAGs
[2024-06-23T07:11:03.788+0000] {logging_mixin.py:154} INFO - [2024-06-23T07:11:03.788+0000] {dag.py:3722} INFO - Setting next_dagrun for example_dag_decorator to None, run_after=None
[2024-06-23T07:11:03.797+0000] {processor.py:179} INFO - Processing /home/airflow/.local/lib/python3.8/site-packages/airflow/example_dags/example_dag_decorator.py took 0.123 seconds
[2024-06-23T07:11:34.203+0000] {processor.py:157} INFO - Started process (PID=15923) to work on /home/airflow/.local/lib/python3.8/site-packages/airflow/example_dags/example_dag_decorator.py
[2024-06-23T07:11:34.204+0000] {processor.py:829} INFO - Processing file /home/airflow/.local/lib/python3.8/site-packages/airflow/example_dags/example_dag_decorator.py for tasks to queue
[2024-06-23T07:11:34.206+0000] {logging_mixin.py:154} INFO - [2024-06-23T07:11:34.205+0000] {dagbag.py:536} INFO - Filling up the DagBag from /home/airflow/.local/lib/python3.8/site-packages/airflow/example_dags/example_dag_decorator.py
[2024-06-23T07:11:34.247+0000] {processor.py:839} INFO - DAG(s) dict_keys(['example_dag_decorator']) retrieved from /home/airflow/.local/lib/python3.8/site-packages/airflow/example_dags/example_dag_decorator.py
[2024-06-23T07:11:34.337+0000] {logging_mixin.py:154} INFO - [2024-06-23T07:11:34.337+0000] {dag.py:2941} INFO - Sync 1 DAGs
[2024-06-23T07:11:34.348+0000] {logging_mixin.py:154} INFO - [2024-06-23T07:11:34.348+0000] {dag.py:3722} INFO - Setting next_dagrun for example_dag_decorator to None, run_after=None
[2024-06-23T07:11:34.363+0000] {processor.py:179} INFO - Processing /home/airflow/.local/lib/python3.8/site-packages/airflow/example_dags/example_dag_decorator.py took 0.163 seconds
[2024-06-23T07:12:04.852+0000] {processor.py:157} INFO - Started process (PID=16167) to work on /home/airflow/.local/lib/python3.8/site-packages/airflow/example_dags/example_dag_decorator.py
[2024-06-23T07:12:04.853+0000] {processor.py:829} INFO - Processing file /home/airflow/.local/lib/python3.8/site-packages/airflow/example_dags/example_dag_decorator.py for tasks to queue
[2024-06-23T07:12:04.853+0000] {logging_mixin.py:154} INFO - [2024-06-23T07:12:04.853+0000] {dagbag.py:536} INFO - Filling up the DagBag from /home/airflow/.local/lib/python3.8/site-packages/airflow/example_dags/example_dag_decorator.py
[2024-06-23T07:12:04.900+0000] {processor.py:839} INFO - DAG(s) dict_keys(['example_dag_decorator']) retrieved from /home/airflow/.local/lib/python3.8/site-packages/airflow/example_dags/example_dag_decorator.py
[2024-06-23T07:12:04.964+0000] {logging_mixin.py:154} INFO - [2024-06-23T07:12:04.963+0000] {dag.py:2941} INFO - Sync 1 DAGs
[2024-06-23T07:12:04.971+0000] {logging_mixin.py:154} INFO - [2024-06-23T07:12:04.971+0000] {dag.py:3722} INFO - Setting next_dagrun for example_dag_decorator to None, run_after=None
[2024-06-23T07:12:04.990+0000] {processor.py:179} INFO - Processing /home/airflow/.local/lib/python3.8/site-packages/airflow/example_dags/example_dag_decorator.py took 0.141 seconds
[2024-06-23T07:12:35.455+0000] {processor.py:157} INFO - Started process (PID=16411) to work on /home/airflow/.local/lib/python3.8/site-packages/airflow/example_dags/example_dag_decorator.py
[2024-06-23T07:12:35.456+0000] {processor.py:829} INFO - Processing file /home/airflow/.local/lib/python3.8/site-packages/airflow/example_dags/example_dag_decorator.py for tasks to queue
[2024-06-23T07:12:35.456+0000] {logging_mixin.py:154} INFO - [2024-06-23T07:12:35.456+0000] {dagbag.py:536} INFO - Filling up the DagBag from /home/airflow/.local/lib/python3.8/site-packages/airflow/example_dags/example_dag_decorator.py
[2024-06-23T07:12:35.494+0000] {processor.py:839} INFO - DAG(s) dict_keys(['example_dag_decorator']) retrieved from /home/airflow/.local/lib/python3.8/site-packages/airflow/example_dags/example_dag_decorator.py
[2024-06-23T07:12:35.508+0000] {logging_mixin.py:154} INFO - [2024-06-23T07:12:35.508+0000] {dag.py:2941} INFO - Sync 1 DAGs
[2024-06-23T07:12:35.514+0000] {logging_mixin.py:154} INFO - [2024-06-23T07:12:35.514+0000] {dag.py:3722} INFO - Setting next_dagrun for example_dag_decorator to None, run_after=None
[2024-06-23T07:12:35.523+0000] {processor.py:179} INFO - Processing /home/airflow/.local/lib/python3.8/site-packages/airflow/example_dags/example_dag_decorator.py took 0.070 seconds
[2024-06-23T07:13:05.829+0000] {processor.py:157} INFO - Started process (PID=16655) to work on /home/airflow/.local/lib/python3.8/site-packages/airflow/example_dags/example_dag_decorator.py
[2024-06-23T07:13:05.830+0000] {processor.py:829} INFO - Processing file /home/airflow/.local/lib/python3.8/site-packages/airflow/example_dags/example_dag_decorator.py for tasks to queue
[2024-06-23T07:13:05.831+0000] {logging_mixin.py:154} INFO - [2024-06-23T07:13:05.830+0000] {dagbag.py:536} INFO - Filling up the DagBag from /home/airflow/.local/lib/python3.8/site-packages/airflow/example_dags/example_dag_decorator.py
[2024-06-23T07:13:05.876+0000] {processor.py:839} INFO - DAG(s) dict_keys(['example_dag_decorator']) retrieved from /home/airflow/.local/lib/python3.8/site-packages/airflow/example_dags/example_dag_decorator.py
[2024-06-23T07:13:05.896+0000] {logging_mixin.py:154} INFO - [2024-06-23T07:13:05.896+0000] {dag.py:2941} INFO - Sync 1 DAGs
[2024-06-23T07:13:05.904+0000] {logging_mixin.py:154} INFO - [2024-06-23T07:13:05.904+0000] {dag.py:3722} INFO - Setting next_dagrun for example_dag_decorator to None, run_after=None
[2024-06-23T07:13:05.917+0000] {processor.py:179} INFO - Processing /home/airflow/.local/lib/python3.8/site-packages/airflow/example_dags/example_dag_decorator.py took 0.091 seconds
[2024-06-23T07:13:36.796+0000] {processor.py:157} INFO - Started process (PID=16897) to work on /home/airflow/.local/lib/python3.8/site-packages/airflow/example_dags/example_dag_decorator.py
[2024-06-23T07:13:36.797+0000] {processor.py:829} INFO - Processing file /home/airflow/.local/lib/python3.8/site-packages/airflow/example_dags/example_dag_decorator.py for tasks to queue
[2024-06-23T07:13:36.798+0000] {logging_mixin.py:154} INFO - [2024-06-23T07:13:36.798+0000] {dagbag.py:536} INFO - Filling up the DagBag from /home/airflow/.local/lib/python3.8/site-packages/airflow/example_dags/example_dag_decorator.py
[2024-06-23T07:13:36.842+0000] {processor.py:839} INFO - DAG(s) dict_keys(['example_dag_decorator']) retrieved from /home/airflow/.local/lib/python3.8/site-packages/airflow/example_dags/example_dag_decorator.py
[2024-06-23T07:13:36.926+0000] {logging_mixin.py:154} INFO - [2024-06-23T07:13:36.926+0000] {dag.py:2941} INFO - Sync 1 DAGs
[2024-06-23T07:13:36.932+0000] {logging_mixin.py:154} INFO - [2024-06-23T07:13:36.932+0000] {dag.py:3722} INFO - Setting next_dagrun for example_dag_decorator to None, run_after=None
[2024-06-23T07:13:36.943+0000] {processor.py:179} INFO - Processing /home/airflow/.local/lib/python3.8/site-packages/airflow/example_dags/example_dag_decorator.py took 0.148 seconds
[2024-06-23T07:14:07.588+0000] {processor.py:157} INFO - Started process (PID=17141) to work on /home/airflow/.local/lib/python3.8/site-packages/airflow/example_dags/example_dag_decorator.py
[2024-06-23T07:14:07.591+0000] {processor.py:829} INFO - Processing file /home/airflow/.local/lib/python3.8/site-packages/airflow/example_dags/example_dag_decorator.py for tasks to queue
[2024-06-23T07:14:07.592+0000] {logging_mixin.py:154} INFO - [2024-06-23T07:14:07.592+0000] {dagbag.py:536} INFO - Filling up the DagBag from /home/airflow/.local/lib/python3.8/site-packages/airflow/example_dags/example_dag_decorator.py
[2024-06-23T07:14:07.634+0000] {processor.py:839} INFO - DAG(s) dict_keys(['example_dag_decorator']) retrieved from /home/airflow/.local/lib/python3.8/site-packages/airflow/example_dags/example_dag_decorator.py
[2024-06-23T07:14:07.691+0000] {logging_mixin.py:154} INFO - [2024-06-23T07:14:07.691+0000] {dag.py:2941} INFO - Sync 1 DAGs
[2024-06-23T07:14:07.697+0000] {logging_mixin.py:154} INFO - [2024-06-23T07:14:07.697+0000] {dag.py:3722} INFO - Setting next_dagrun for example_dag_decorator to None, run_after=None
[2024-06-23T07:14:07.707+0000] {processor.py:179} INFO - Processing /home/airflow/.local/lib/python3.8/site-packages/airflow/example_dags/example_dag_decorator.py took 0.121 seconds
[2024-06-23T07:14:38.237+0000] {processor.py:157} INFO - Started process (PID=17385) to work on /home/airflow/.local/lib/python3.8/site-packages/airflow/example_dags/example_dag_decorator.py
[2024-06-23T07:14:38.238+0000] {processor.py:829} INFO - Processing file /home/airflow/.local/lib/python3.8/site-packages/airflow/example_dags/example_dag_decorator.py for tasks to queue
[2024-06-23T07:14:38.238+0000] {logging_mixin.py:154} INFO - [2024-06-23T07:14:38.238+0000] {dagbag.py:536} INFO - Filling up the DagBag from /home/airflow/.local/lib/python3.8/site-packages/airflow/example_dags/example_dag_decorator.py
[2024-06-23T07:14:38.286+0000] {processor.py:839} INFO - DAG(s) dict_keys(['example_dag_decorator']) retrieved from /home/airflow/.local/lib/python3.8/site-packages/airflow/example_dags/example_dag_decorator.py
[2024-06-23T07:14:38.344+0000] {logging_mixin.py:154} INFO - [2024-06-23T07:14:38.344+0000] {dag.py:2941} INFO - Sync 1 DAGs
[2024-06-23T07:14:38.350+0000] {logging_mixin.py:154} INFO - [2024-06-23T07:14:38.350+0000] {dag.py:3722} INFO - Setting next_dagrun for example_dag_decorator to None, run_after=None
[2024-06-23T07:14:38.360+0000] {processor.py:179} INFO - Processing /home/airflow/.local/lib/python3.8/site-packages/airflow/example_dags/example_dag_decorator.py took 0.125 seconds
[2024-06-23T07:15:08.532+0000] {processor.py:157} INFO - Started process (PID=17629) to work on /home/airflow/.local/lib/python3.8/site-packages/airflow/example_dags/example_dag_decorator.py
[2024-06-23T07:15:08.534+0000] {processor.py:829} INFO - Processing file /home/airflow/.local/lib/python3.8/site-packages/airflow/example_dags/example_dag_decorator.py for tasks to queue
[2024-06-23T07:15:08.536+0000] {logging_mixin.py:154} INFO - [2024-06-23T07:15:08.536+0000] {dagbag.py:536} INFO - Filling up the DagBag from /home/airflow/.local/lib/python3.8/site-packages/airflow/example_dags/example_dag_decorator.py
[2024-06-23T07:15:08.589+0000] {processor.py:839} INFO - DAG(s) dict_keys(['example_dag_decorator']) retrieved from /home/airflow/.local/lib/python3.8/site-packages/airflow/example_dags/example_dag_decorator.py
[2024-06-23T07:15:08.656+0000] {logging_mixin.py:154} INFO - [2024-06-23T07:15:08.656+0000] {dag.py:2941} INFO - Sync 1 DAGs
[2024-06-23T07:15:08.667+0000] {logging_mixin.py:154} INFO - [2024-06-23T07:15:08.667+0000] {dag.py:3722} INFO - Setting next_dagrun for example_dag_decorator to None, run_after=None
[2024-06-23T07:15:08.680+0000] {processor.py:179} INFO - Processing /home/airflow/.local/lib/python3.8/site-packages/airflow/example_dags/example_dag_decorator.py took 0.151 seconds
[2024-06-23T07:15:39.686+0000] {processor.py:157} INFO - Started process (PID=17873) to work on /home/airflow/.local/lib/python3.8/site-packages/airflow/example_dags/example_dag_decorator.py
[2024-06-23T07:15:39.689+0000] {processor.py:829} INFO - Processing file /home/airflow/.local/lib/python3.8/site-packages/airflow/example_dags/example_dag_decorator.py for tasks to queue
[2024-06-23T07:15:39.690+0000] {logging_mixin.py:154} INFO - [2024-06-23T07:15:39.690+0000] {dagbag.py:536} INFO - Filling up the DagBag from /home/airflow/.local/lib/python3.8/site-packages/airflow/example_dags/example_dag_decorator.py
[2024-06-23T07:15:39.744+0000] {processor.py:839} INFO - DAG(s) dict_keys(['example_dag_decorator']) retrieved from /home/airflow/.local/lib/python3.8/site-packages/airflow/example_dags/example_dag_decorator.py
[2024-06-23T07:15:39.817+0000] {logging_mixin.py:154} INFO - [2024-06-23T07:15:39.817+0000] {dag.py:2941} INFO - Sync 1 DAGs
[2024-06-23T07:15:39.823+0000] {logging_mixin.py:154} INFO - [2024-06-23T07:15:39.823+0000] {dag.py:3722} INFO - Setting next_dagrun for example_dag_decorator to None, run_after=None
[2024-06-23T07:15:39.834+0000] {processor.py:179} INFO - Processing /home/airflow/.local/lib/python3.8/site-packages/airflow/example_dags/example_dag_decorator.py took 0.151 seconds
[2024-06-23T07:16:10.249+0000] {processor.py:157} INFO - Started process (PID=18117) to work on /home/airflow/.local/lib/python3.8/site-packages/airflow/example_dags/example_dag_decorator.py
[2024-06-23T07:16:10.250+0000] {processor.py:829} INFO - Processing file /home/airflow/.local/lib/python3.8/site-packages/airflow/example_dags/example_dag_decorator.py for tasks to queue
[2024-06-23T07:16:10.250+0000] {logging_mixin.py:154} INFO - [2024-06-23T07:16:10.250+0000] {dagbag.py:536} INFO - Filling up the DagBag from /home/airflow/.local/lib/python3.8/site-packages/airflow/example_dags/example_dag_decorator.py
[2024-06-23T07:16:10.299+0000] {processor.py:839} INFO - DAG(s) dict_keys(['example_dag_decorator']) retrieved from /home/airflow/.local/lib/python3.8/site-packages/airflow/example_dags/example_dag_decorator.py
[2024-06-23T07:16:10.384+0000] {logging_mixin.py:154} INFO - [2024-06-23T07:16:10.384+0000] {dag.py:2941} INFO - Sync 1 DAGs
[2024-06-23T07:16:10.396+0000] {logging_mixin.py:154} INFO - [2024-06-23T07:16:10.396+0000] {dag.py:3722} INFO - Setting next_dagrun for example_dag_decorator to None, run_after=None
[2024-06-23T07:16:10.413+0000] {processor.py:179} INFO - Processing /home/airflow/.local/lib/python3.8/site-packages/airflow/example_dags/example_dag_decorator.py took 0.166 seconds
[2024-06-23T07:16:41.559+0000] {processor.py:157} INFO - Started process (PID=18363) to work on /home/airflow/.local/lib/python3.8/site-packages/airflow/example_dags/example_dag_decorator.py
[2024-06-23T07:16:41.560+0000] {processor.py:829} INFO - Processing file /home/airflow/.local/lib/python3.8/site-packages/airflow/example_dags/example_dag_decorator.py for tasks to queue
[2024-06-23T07:16:41.561+0000] {logging_mixin.py:154} INFO - [2024-06-23T07:16:41.561+0000] {dagbag.py:536} INFO - Filling up the DagBag from /home/airflow/.local/lib/python3.8/site-packages/airflow/example_dags/example_dag_decorator.py
[2024-06-23T07:16:41.602+0000] {processor.py:839} INFO - DAG(s) dict_keys(['example_dag_decorator']) retrieved from /home/airflow/.local/lib/python3.8/site-packages/airflow/example_dags/example_dag_decorator.py
[2024-06-23T07:16:41.612+0000] {logging_mixin.py:154} INFO - [2024-06-23T07:16:41.612+0000] {dag.py:2941} INFO - Sync 1 DAGs
[2024-06-23T07:16:41.620+0000] {logging_mixin.py:154} INFO - [2024-06-23T07:16:41.620+0000] {dag.py:3722} INFO - Setting next_dagrun for example_dag_decorator to None, run_after=None
[2024-06-23T07:16:41.649+0000] {processor.py:179} INFO - Processing /home/airflow/.local/lib/python3.8/site-packages/airflow/example_dags/example_dag_decorator.py took 0.091 seconds
[2024-06-23T07:17:11.911+0000] {processor.py:157} INFO - Started process (PID=18607) to work on /home/airflow/.local/lib/python3.8/site-packages/airflow/example_dags/example_dag_decorator.py
[2024-06-23T07:17:11.914+0000] {processor.py:829} INFO - Processing file /home/airflow/.local/lib/python3.8/site-packages/airflow/example_dags/example_dag_decorator.py for tasks to queue
[2024-06-23T07:17:11.916+0000] {logging_mixin.py:154} INFO - [2024-06-23T07:17:11.915+0000] {dagbag.py:536} INFO - Filling up the DagBag from /home/airflow/.local/lib/python3.8/site-packages/airflow/example_dags/example_dag_decorator.py
[2024-06-23T07:17:11.995+0000] {processor.py:839} INFO - DAG(s) dict_keys(['example_dag_decorator']) retrieved from /home/airflow/.local/lib/python3.8/site-packages/airflow/example_dags/example_dag_decorator.py
[2024-06-23T07:17:12.112+0000] {logging_mixin.py:154} INFO - [2024-06-23T07:17:12.111+0000] {dag.py:2941} INFO - Sync 1 DAGs
[2024-06-23T07:17:12.121+0000] {logging_mixin.py:154} INFO - [2024-06-23T07:17:12.121+0000] {dag.py:3722} INFO - Setting next_dagrun for example_dag_decorator to None, run_after=None
[2024-06-23T07:17:12.151+0000] {processor.py:179} INFO - Processing /home/airflow/.local/lib/python3.8/site-packages/airflow/example_dags/example_dag_decorator.py took 0.243 seconds
[2024-06-23T07:17:42.329+0000] {processor.py:157} INFO - Started process (PID=18851) to work on /home/airflow/.local/lib/python3.8/site-packages/airflow/example_dags/example_dag_decorator.py
[2024-06-23T07:17:42.330+0000] {processor.py:829} INFO - Processing file /home/airflow/.local/lib/python3.8/site-packages/airflow/example_dags/example_dag_decorator.py for tasks to queue
[2024-06-23T07:17:42.331+0000] {logging_mixin.py:154} INFO - [2024-06-23T07:17:42.331+0000] {dagbag.py:536} INFO - Filling up the DagBag from /home/airflow/.local/lib/python3.8/site-packages/airflow/example_dags/example_dag_decorator.py
[2024-06-23T07:17:42.372+0000] {processor.py:839} INFO - DAG(s) dict_keys(['example_dag_decorator']) retrieved from /home/airflow/.local/lib/python3.8/site-packages/airflow/example_dags/example_dag_decorator.py
[2024-06-23T07:17:42.434+0000] {logging_mixin.py:154} INFO - [2024-06-23T07:17:42.434+0000] {dag.py:2941} INFO - Sync 1 DAGs
[2024-06-23T07:17:42.441+0000] {logging_mixin.py:154} INFO - [2024-06-23T07:17:42.441+0000] {dag.py:3722} INFO - Setting next_dagrun for example_dag_decorator to None, run_after=None
[2024-06-23T07:17:42.454+0000] {processor.py:179} INFO - Processing /home/airflow/.local/lib/python3.8/site-packages/airflow/example_dags/example_dag_decorator.py took 0.127 seconds
[2024-06-23T07:18:12.614+0000] {processor.py:157} INFO - Started process (PID=19093) to work on /home/airflow/.local/lib/python3.8/site-packages/airflow/example_dags/example_dag_decorator.py
[2024-06-23T07:18:12.616+0000] {processor.py:829} INFO - Processing file /home/airflow/.local/lib/python3.8/site-packages/airflow/example_dags/example_dag_decorator.py for tasks to queue
[2024-06-23T07:18:12.617+0000] {logging_mixin.py:154} INFO - [2024-06-23T07:18:12.617+0000] {dagbag.py:536} INFO - Filling up the DagBag from /home/airflow/.local/lib/python3.8/site-packages/airflow/example_dags/example_dag_decorator.py
[2024-06-23T07:18:12.676+0000] {processor.py:839} INFO - DAG(s) dict_keys(['example_dag_decorator']) retrieved from /home/airflow/.local/lib/python3.8/site-packages/airflow/example_dags/example_dag_decorator.py
[2024-06-23T07:18:12.751+0000] {logging_mixin.py:154} INFO - [2024-06-23T07:18:12.751+0000] {dag.py:2941} INFO - Sync 1 DAGs
[2024-06-23T07:18:12.760+0000] {logging_mixin.py:154} INFO - [2024-06-23T07:18:12.760+0000] {dag.py:3722} INFO - Setting next_dagrun for example_dag_decorator to None, run_after=None
[2024-06-23T07:18:12.777+0000] {processor.py:179} INFO - Processing /home/airflow/.local/lib/python3.8/site-packages/airflow/example_dags/example_dag_decorator.py took 0.167 seconds
[2024-06-23T07:18:43.648+0000] {processor.py:157} INFO - Started process (PID=19336) to work on /home/airflow/.local/lib/python3.8/site-packages/airflow/example_dags/example_dag_decorator.py
[2024-06-23T07:18:43.649+0000] {processor.py:829} INFO - Processing file /home/airflow/.local/lib/python3.8/site-packages/airflow/example_dags/example_dag_decorator.py for tasks to queue
[2024-06-23T07:18:43.649+0000] {logging_mixin.py:154} INFO - [2024-06-23T07:18:43.649+0000] {dagbag.py:536} INFO - Filling up the DagBag from /home/airflow/.local/lib/python3.8/site-packages/airflow/example_dags/example_dag_decorator.py
[2024-06-23T07:18:43.698+0000] {processor.py:839} INFO - DAG(s) dict_keys(['example_dag_decorator']) retrieved from /home/airflow/.local/lib/python3.8/site-packages/airflow/example_dags/example_dag_decorator.py
[2024-06-23T07:18:43.752+0000] {logging_mixin.py:154} INFO - [2024-06-23T07:18:43.752+0000] {dag.py:2941} INFO - Sync 1 DAGs
[2024-06-23T07:18:43.758+0000] {logging_mixin.py:154} INFO - [2024-06-23T07:18:43.757+0000] {dag.py:3722} INFO - Setting next_dagrun for example_dag_decorator to None, run_after=None
[2024-06-23T07:18:43.767+0000] {processor.py:179} INFO - Processing /home/airflow/.local/lib/python3.8/site-packages/airflow/example_dags/example_dag_decorator.py took 0.121 seconds
[2024-06-23T07:19:13.813+0000] {processor.py:157} INFO - Started process (PID=19576) to work on /home/airflow/.local/lib/python3.8/site-packages/airflow/example_dags/example_dag_decorator.py
[2024-06-23T07:19:13.814+0000] {processor.py:829} INFO - Processing file /home/airflow/.local/lib/python3.8/site-packages/airflow/example_dags/example_dag_decorator.py for tasks to queue
[2024-06-23T07:19:13.815+0000] {logging_mixin.py:154} INFO - [2024-06-23T07:19:13.815+0000] {dagbag.py:536} INFO - Filling up the DagBag from /home/airflow/.local/lib/python3.8/site-packages/airflow/example_dags/example_dag_decorator.py
[2024-06-23T07:19:13.868+0000] {processor.py:839} INFO - DAG(s) dict_keys(['example_dag_decorator']) retrieved from /home/airflow/.local/lib/python3.8/site-packages/airflow/example_dags/example_dag_decorator.py
[2024-06-23T07:19:13.914+0000] {logging_mixin.py:154} INFO - [2024-06-23T07:19:13.913+0000] {dag.py:2941} INFO - Sync 1 DAGs
[2024-06-23T07:19:13.918+0000] {logging_mixin.py:154} INFO - [2024-06-23T07:19:13.918+0000] {dag.py:3722} INFO - Setting next_dagrun for example_dag_decorator to None, run_after=None
[2024-06-23T07:19:13.927+0000] {processor.py:179} INFO - Processing /home/airflow/.local/lib/python3.8/site-packages/airflow/example_dags/example_dag_decorator.py took 0.118 seconds
[2024-06-23T07:19:44.209+0000] {processor.py:157} INFO - Started process (PID=19818) to work on /home/airflow/.local/lib/python3.8/site-packages/airflow/example_dags/example_dag_decorator.py
[2024-06-23T07:19:44.211+0000] {processor.py:829} INFO - Processing file /home/airflow/.local/lib/python3.8/site-packages/airflow/example_dags/example_dag_decorator.py for tasks to queue
[2024-06-23T07:19:44.214+0000] {logging_mixin.py:154} INFO - [2024-06-23T07:19:44.213+0000] {dagbag.py:536} INFO - Filling up the DagBag from /home/airflow/.local/lib/python3.8/site-packages/airflow/example_dags/example_dag_decorator.py
[2024-06-23T07:19:44.291+0000] {processor.py:839} INFO - DAG(s) dict_keys(['example_dag_decorator']) retrieved from /home/airflow/.local/lib/python3.8/site-packages/airflow/example_dags/example_dag_decorator.py
[2024-06-23T07:19:44.411+0000] {logging_mixin.py:154} INFO - [2024-06-23T07:19:44.411+0000] {dag.py:2941} INFO - Sync 1 DAGs
[2024-06-23T07:19:44.422+0000] {logging_mixin.py:154} INFO - [2024-06-23T07:19:44.422+0000] {dag.py:3722} INFO - Setting next_dagrun for example_dag_decorator to None, run_after=None
[2024-06-23T07:19:44.443+0000] {processor.py:179} INFO - Processing /home/airflow/.local/lib/python3.8/site-packages/airflow/example_dags/example_dag_decorator.py took 0.236 seconds
[2024-06-23T07:20:15.352+0000] {processor.py:157} INFO - Started process (PID=20067) to work on /home/airflow/.local/lib/python3.8/site-packages/airflow/example_dags/example_dag_decorator.py
[2024-06-23T07:20:15.353+0000] {processor.py:829} INFO - Processing file /home/airflow/.local/lib/python3.8/site-packages/airflow/example_dags/example_dag_decorator.py for tasks to queue
[2024-06-23T07:20:15.354+0000] {logging_mixin.py:154} INFO - [2024-06-23T07:20:15.354+0000] {dagbag.py:536} INFO - Filling up the DagBag from /home/airflow/.local/lib/python3.8/site-packages/airflow/example_dags/example_dag_decorator.py
[2024-06-23T07:20:15.401+0000] {processor.py:839} INFO - DAG(s) dict_keys(['example_dag_decorator']) retrieved from /home/airflow/.local/lib/python3.8/site-packages/airflow/example_dags/example_dag_decorator.py
[2024-06-23T07:20:15.474+0000] {logging_mixin.py:154} INFO - [2024-06-23T07:20:15.474+0000] {dag.py:2941} INFO - Sync 1 DAGs
[2024-06-23T07:20:15.481+0000] {logging_mixin.py:154} INFO - [2024-06-23T07:20:15.481+0000] {dag.py:3722} INFO - Setting next_dagrun for example_dag_decorator to None, run_after=None
[2024-06-23T07:20:15.491+0000] {processor.py:179} INFO - Processing /home/airflow/.local/lib/python3.8/site-packages/airflow/example_dags/example_dag_decorator.py took 0.141 seconds
[2024-06-23T07:20:46.204+0000] {processor.py:157} INFO - Started process (PID=20309) to work on /home/airflow/.local/lib/python3.8/site-packages/airflow/example_dags/example_dag_decorator.py
[2024-06-23T07:20:46.205+0000] {processor.py:829} INFO - Processing file /home/airflow/.local/lib/python3.8/site-packages/airflow/example_dags/example_dag_decorator.py for tasks to queue
[2024-06-23T07:20:46.205+0000] {logging_mixin.py:154} INFO - [2024-06-23T07:20:46.205+0000] {dagbag.py:536} INFO - Filling up the DagBag from /home/airflow/.local/lib/python3.8/site-packages/airflow/example_dags/example_dag_decorator.py
[2024-06-23T07:20:46.241+0000] {processor.py:839} INFO - DAG(s) dict_keys(['example_dag_decorator']) retrieved from /home/airflow/.local/lib/python3.8/site-packages/airflow/example_dags/example_dag_decorator.py
[2024-06-23T07:20:46.289+0000] {logging_mixin.py:154} INFO - [2024-06-23T07:20:46.289+0000] {dag.py:2941} INFO - Sync 1 DAGs
[2024-06-23T07:20:46.295+0000] {logging_mixin.py:154} INFO - [2024-06-23T07:20:46.295+0000] {dag.py:3722} INFO - Setting next_dagrun for example_dag_decorator to None, run_after=None
[2024-06-23T07:20:46.304+0000] {processor.py:179} INFO - Processing /home/airflow/.local/lib/python3.8/site-packages/airflow/example_dags/example_dag_decorator.py took 0.102 seconds
[2024-06-23T07:21:16.511+0000] {processor.py:157} INFO - Started process (PID=20554) to work on /home/airflow/.local/lib/python3.8/site-packages/airflow/example_dags/example_dag_decorator.py
[2024-06-23T07:21:16.512+0000] {processor.py:829} INFO - Processing file /home/airflow/.local/lib/python3.8/site-packages/airflow/example_dags/example_dag_decorator.py for tasks to queue
[2024-06-23T07:21:16.513+0000] {logging_mixin.py:154} INFO - [2024-06-23T07:21:16.513+0000] {dagbag.py:536} INFO - Filling up the DagBag from /home/airflow/.local/lib/python3.8/site-packages/airflow/example_dags/example_dag_decorator.py
[2024-06-23T07:21:16.589+0000] {processor.py:839} INFO - DAG(s) dict_keys(['example_dag_decorator']) retrieved from /home/airflow/.local/lib/python3.8/site-packages/airflow/example_dags/example_dag_decorator.py
[2024-06-23T07:21:16.602+0000] {logging_mixin.py:154} INFO - [2024-06-23T07:21:16.602+0000] {dag.py:2941} INFO - Sync 1 DAGs
[2024-06-23T07:21:16.615+0000] {logging_mixin.py:154} INFO - [2024-06-23T07:21:16.615+0000] {dag.py:3722} INFO - Setting next_dagrun for example_dag_decorator to None, run_after=None
[2024-06-23T07:21:16.635+0000] {processor.py:179} INFO - Processing /home/airflow/.local/lib/python3.8/site-packages/airflow/example_dags/example_dag_decorator.py took 0.127 seconds
[2024-06-23T07:21:47.529+0000] {processor.py:157} INFO - Started process (PID=20797) to work on /home/airflow/.local/lib/python3.8/site-packages/airflow/example_dags/example_dag_decorator.py
[2024-06-23T07:21:47.530+0000] {processor.py:829} INFO - Processing file /home/airflow/.local/lib/python3.8/site-packages/airflow/example_dags/example_dag_decorator.py for tasks to queue
[2024-06-23T07:21:47.531+0000] {logging_mixin.py:154} INFO - [2024-06-23T07:21:47.530+0000] {dagbag.py:536} INFO - Filling up the DagBag from /home/airflow/.local/lib/python3.8/site-packages/airflow/example_dags/example_dag_decorator.py
[2024-06-23T07:21:47.577+0000] {processor.py:839} INFO - DAG(s) dict_keys(['example_dag_decorator']) retrieved from /home/airflow/.local/lib/python3.8/site-packages/airflow/example_dags/example_dag_decorator.py
[2024-06-23T07:21:47.586+0000] {logging_mixin.py:154} INFO - [2024-06-23T07:21:47.586+0000] {dag.py:2941} INFO - Sync 1 DAGs
[2024-06-23T07:21:47.595+0000] {logging_mixin.py:154} INFO - [2024-06-23T07:21:47.595+0000] {dag.py:3722} INFO - Setting next_dagrun for example_dag_decorator to None, run_after=None
[2024-06-23T07:21:47.609+0000] {processor.py:179} INFO - Processing /home/airflow/.local/lib/python3.8/site-packages/airflow/example_dags/example_dag_decorator.py took 0.083 seconds
[2024-06-23T07:22:18.386+0000] {processor.py:157} INFO - Started process (PID=21042) to work on /home/airflow/.local/lib/python3.8/site-packages/airflow/example_dags/example_dag_decorator.py
[2024-06-23T07:22:18.386+0000] {processor.py:829} INFO - Processing file /home/airflow/.local/lib/python3.8/site-packages/airflow/example_dags/example_dag_decorator.py for tasks to queue
[2024-06-23T07:22:18.387+0000] {logging_mixin.py:154} INFO - [2024-06-23T07:22:18.387+0000] {dagbag.py:536} INFO - Filling up the DagBag from /home/airflow/.local/lib/python3.8/site-packages/airflow/example_dags/example_dag_decorator.py
[2024-06-23T07:22:18.426+0000] {processor.py:839} INFO - DAG(s) dict_keys(['example_dag_decorator']) retrieved from /home/airflow/.local/lib/python3.8/site-packages/airflow/example_dags/example_dag_decorator.py
[2024-06-23T07:22:18.484+0000] {logging_mixin.py:154} INFO - [2024-06-23T07:22:18.483+0000] {dag.py:2941} INFO - Sync 1 DAGs
[2024-06-23T07:22:18.490+0000] {logging_mixin.py:154} INFO - [2024-06-23T07:22:18.490+0000] {dag.py:3722} INFO - Setting next_dagrun for example_dag_decorator to None, run_after=None
[2024-06-23T07:22:18.501+0000] {processor.py:179} INFO - Processing /home/airflow/.local/lib/python3.8/site-packages/airflow/example_dags/example_dag_decorator.py took 0.118 seconds
[2024-06-23T07:22:49.152+0000] {processor.py:157} INFO - Started process (PID=21285) to work on /home/airflow/.local/lib/python3.8/site-packages/airflow/example_dags/example_dag_decorator.py
[2024-06-23T07:22:49.153+0000] {processor.py:829} INFO - Processing file /home/airflow/.local/lib/python3.8/site-packages/airflow/example_dags/example_dag_decorator.py for tasks to queue
[2024-06-23T07:22:49.154+0000] {logging_mixin.py:154} INFO - [2024-06-23T07:22:49.154+0000] {dagbag.py:536} INFO - Filling up the DagBag from /home/airflow/.local/lib/python3.8/site-packages/airflow/example_dags/example_dag_decorator.py
[2024-06-23T07:22:49.205+0000] {processor.py:839} INFO - DAG(s) dict_keys(['example_dag_decorator']) retrieved from /home/airflow/.local/lib/python3.8/site-packages/airflow/example_dags/example_dag_decorator.py
[2024-06-23T07:22:49.259+0000] {logging_mixin.py:154} INFO - [2024-06-23T07:22:49.259+0000] {dag.py:2941} INFO - Sync 1 DAGs
[2024-06-23T07:22:49.264+0000] {logging_mixin.py:154} INFO - [2024-06-23T07:22:49.264+0000] {dag.py:3722} INFO - Setting next_dagrun for example_dag_decorator to None, run_after=None
[2024-06-23T07:22:49.273+0000] {processor.py:179} INFO - Processing /home/airflow/.local/lib/python3.8/site-packages/airflow/example_dags/example_dag_decorator.py took 0.123 seconds
[2024-06-23T07:23:19.349+0000] {processor.py:157} INFO - Started process (PID=21526) to work on /home/airflow/.local/lib/python3.8/site-packages/airflow/example_dags/example_dag_decorator.py
[2024-06-23T07:23:19.350+0000] {processor.py:829} INFO - Processing file /home/airflow/.local/lib/python3.8/site-packages/airflow/example_dags/example_dag_decorator.py for tasks to queue
[2024-06-23T07:23:19.352+0000] {logging_mixin.py:154} INFO - [2024-06-23T07:23:19.351+0000] {dagbag.py:536} INFO - Filling up the DagBag from /home/airflow/.local/lib/python3.8/site-packages/airflow/example_dags/example_dag_decorator.py
[2024-06-23T07:23:19.427+0000] {processor.py:839} INFO - DAG(s) dict_keys(['example_dag_decorator']) retrieved from /home/airflow/.local/lib/python3.8/site-packages/airflow/example_dags/example_dag_decorator.py
[2024-06-23T07:23:19.602+0000] {logging_mixin.py:154} INFO - [2024-06-23T07:23:19.601+0000] {dag.py:2941} INFO - Sync 1 DAGs
[2024-06-23T07:23:19.620+0000] {logging_mixin.py:154} INFO - [2024-06-23T07:23:19.620+0000] {dag.py:3722} INFO - Setting next_dagrun for example_dag_decorator to None, run_after=None
[2024-06-23T07:23:19.659+0000] {processor.py:179} INFO - Processing /home/airflow/.local/lib/python3.8/site-packages/airflow/example_dags/example_dag_decorator.py took 0.312 seconds
[2024-06-23T07:23:49.710+0000] {processor.py:157} INFO - Started process (PID=21768) to work on /home/airflow/.local/lib/python3.8/site-packages/airflow/example_dags/example_dag_decorator.py
[2024-06-23T07:23:49.714+0000] {processor.py:829} INFO - Processing file /home/airflow/.local/lib/python3.8/site-packages/airflow/example_dags/example_dag_decorator.py for tasks to queue
[2024-06-23T07:23:49.719+0000] {logging_mixin.py:154} INFO - [2024-06-23T07:23:49.719+0000] {dagbag.py:536} INFO - Filling up the DagBag from /home/airflow/.local/lib/python3.8/site-packages/airflow/example_dags/example_dag_decorator.py
[2024-06-23T07:23:49.774+0000] {processor.py:839} INFO - DAG(s) dict_keys(['example_dag_decorator']) retrieved from /home/airflow/.local/lib/python3.8/site-packages/airflow/example_dags/example_dag_decorator.py
[2024-06-23T07:23:49.834+0000] {logging_mixin.py:154} INFO - [2024-06-23T07:23:49.834+0000] {dag.py:2941} INFO - Sync 1 DAGs
[2024-06-23T07:23:49.843+0000] {logging_mixin.py:154} INFO - [2024-06-23T07:23:49.843+0000] {dag.py:3722} INFO - Setting next_dagrun for example_dag_decorator to None, run_after=None
[2024-06-23T07:23:49.856+0000] {processor.py:179} INFO - Processing /home/airflow/.local/lib/python3.8/site-packages/airflow/example_dags/example_dag_decorator.py took 0.149 seconds
[2024-06-23T07:24:20.807+0000] {processor.py:157} INFO - Started process (PID=22012) to work on /home/airflow/.local/lib/python3.8/site-packages/airflow/example_dags/example_dag_decorator.py
[2024-06-23T07:24:20.809+0000] {processor.py:829} INFO - Processing file /home/airflow/.local/lib/python3.8/site-packages/airflow/example_dags/example_dag_decorator.py for tasks to queue
[2024-06-23T07:24:20.810+0000] {logging_mixin.py:154} INFO - [2024-06-23T07:24:20.809+0000] {dagbag.py:536} INFO - Filling up the DagBag from /home/airflow/.local/lib/python3.8/site-packages/airflow/example_dags/example_dag_decorator.py
[2024-06-23T07:24:20.862+0000] {processor.py:839} INFO - DAG(s) dict_keys(['example_dag_decorator']) retrieved from /home/airflow/.local/lib/python3.8/site-packages/airflow/example_dags/example_dag_decorator.py
[2024-06-23T07:24:20.913+0000] {logging_mixin.py:154} INFO - [2024-06-23T07:24:20.913+0000] {dag.py:2941} INFO - Sync 1 DAGs
[2024-06-23T07:24:20.918+0000] {logging_mixin.py:154} INFO - [2024-06-23T07:24:20.918+0000] {dag.py:3722} INFO - Setting next_dagrun for example_dag_decorator to None, run_after=None
[2024-06-23T07:24:20.929+0000] {processor.py:179} INFO - Processing /home/airflow/.local/lib/python3.8/site-packages/airflow/example_dags/example_dag_decorator.py took 0.126 seconds
[2024-06-23T07:24:51.802+0000] {processor.py:157} INFO - Started process (PID=22256) to work on /home/airflow/.local/lib/python3.8/site-packages/airflow/example_dags/example_dag_decorator.py
[2024-06-23T07:24:51.804+0000] {processor.py:829} INFO - Processing file /home/airflow/.local/lib/python3.8/site-packages/airflow/example_dags/example_dag_decorator.py for tasks to queue
[2024-06-23T07:24:51.805+0000] {logging_mixin.py:154} INFO - [2024-06-23T07:24:51.804+0000] {dagbag.py:536} INFO - Filling up the DagBag from /home/airflow/.local/lib/python3.8/site-packages/airflow/example_dags/example_dag_decorator.py
[2024-06-23T07:24:51.858+0000] {processor.py:839} INFO - DAG(s) dict_keys(['example_dag_decorator']) retrieved from /home/airflow/.local/lib/python3.8/site-packages/airflow/example_dags/example_dag_decorator.py
[2024-06-23T07:24:51.912+0000] {logging_mixin.py:154} INFO - [2024-06-23T07:24:51.911+0000] {dag.py:2941} INFO - Sync 1 DAGs
[2024-06-23T07:24:51.917+0000] {logging_mixin.py:154} INFO - [2024-06-23T07:24:51.917+0000] {dag.py:3722} INFO - Setting next_dagrun for example_dag_decorator to None, run_after=None
[2024-06-23T07:24:51.926+0000] {processor.py:179} INFO - Processing /home/airflow/.local/lib/python3.8/site-packages/airflow/example_dags/example_dag_decorator.py took 0.127 seconds
[2024-06-23T07:25:21.964+0000] {processor.py:157} INFO - Started process (PID=22507) to work on /home/airflow/.local/lib/python3.8/site-packages/airflow/example_dags/example_dag_decorator.py
[2024-06-23T07:25:21.965+0000] {processor.py:829} INFO - Processing file /home/airflow/.local/lib/python3.8/site-packages/airflow/example_dags/example_dag_decorator.py for tasks to queue
[2024-06-23T07:25:21.965+0000] {logging_mixin.py:154} INFO - [2024-06-23T07:25:21.965+0000] {dagbag.py:536} INFO - Filling up the DagBag from /home/airflow/.local/lib/python3.8/site-packages/airflow/example_dags/example_dag_decorator.py
[2024-06-23T07:25:22.005+0000] {processor.py:839} INFO - DAG(s) dict_keys(['example_dag_decorator']) retrieved from /home/airflow/.local/lib/python3.8/site-packages/airflow/example_dags/example_dag_decorator.py
[2024-06-23T07:25:22.012+0000] {logging_mixin.py:154} INFO - [2024-06-23T07:25:22.012+0000] {dag.py:2941} INFO - Sync 1 DAGs
[2024-06-23T07:25:22.020+0000] {logging_mixin.py:154} INFO - [2024-06-23T07:25:22.020+0000] {dag.py:3722} INFO - Setting next_dagrun for example_dag_decorator to None, run_after=None
[2024-06-23T07:25:22.031+0000] {processor.py:179} INFO - Processing /home/airflow/.local/lib/python3.8/site-packages/airflow/example_dags/example_dag_decorator.py took 0.069 seconds
[2024-06-23T07:25:52.144+0000] {processor.py:157} INFO - Started process (PID=22756) to work on /home/airflow/.local/lib/python3.8/site-packages/airflow/example_dags/example_dag_decorator.py
[2024-06-23T07:25:52.145+0000] {processor.py:829} INFO - Processing file /home/airflow/.local/lib/python3.8/site-packages/airflow/example_dags/example_dag_decorator.py for tasks to queue
[2024-06-23T07:25:52.146+0000] {logging_mixin.py:154} INFO - [2024-06-23T07:25:52.146+0000] {dagbag.py:536} INFO - Filling up the DagBag from /home/airflow/.local/lib/python3.8/site-packages/airflow/example_dags/example_dag_decorator.py
[2024-06-23T07:25:52.197+0000] {processor.py:839} INFO - DAG(s) dict_keys(['example_dag_decorator']) retrieved from /home/airflow/.local/lib/python3.8/site-packages/airflow/example_dags/example_dag_decorator.py
[2024-06-23T07:25:52.269+0000] {logging_mixin.py:154} INFO - [2024-06-23T07:25:52.269+0000] {dag.py:2941} INFO - Sync 1 DAGs
[2024-06-23T07:25:52.276+0000] {logging_mixin.py:154} INFO - [2024-06-23T07:25:52.276+0000] {dag.py:3722} INFO - Setting next_dagrun for example_dag_decorator to None, run_after=None
[2024-06-23T07:25:52.290+0000] {processor.py:179} INFO - Processing /home/airflow/.local/lib/python3.8/site-packages/airflow/example_dags/example_dag_decorator.py took 0.148 seconds
[2024-06-23T07:26:22.861+0000] {processor.py:157} INFO - Started process (PID=22988) to work on /home/airflow/.local/lib/python3.8/site-packages/airflow/example_dags/example_dag_decorator.py
[2024-06-23T07:26:22.862+0000] {processor.py:829} INFO - Processing file /home/airflow/.local/lib/python3.8/site-packages/airflow/example_dags/example_dag_decorator.py for tasks to queue
[2024-06-23T07:26:22.862+0000] {logging_mixin.py:154} INFO - [2024-06-23T07:26:22.862+0000] {dagbag.py:536} INFO - Filling up the DagBag from /home/airflow/.local/lib/python3.8/site-packages/airflow/example_dags/example_dag_decorator.py
[2024-06-23T07:26:22.918+0000] {processor.py:839} INFO - DAG(s) dict_keys(['example_dag_decorator']) retrieved from /home/airflow/.local/lib/python3.8/site-packages/airflow/example_dags/example_dag_decorator.py
[2024-06-23T07:26:22.988+0000] {logging_mixin.py:154} INFO - [2024-06-23T07:26:22.988+0000] {dag.py:2941} INFO - Sync 1 DAGs
[2024-06-23T07:26:22.994+0000] {logging_mixin.py:154} INFO - [2024-06-23T07:26:22.994+0000] {dag.py:3722} INFO - Setting next_dagrun for example_dag_decorator to None, run_after=None
[2024-06-23T07:26:23.003+0000] {processor.py:179} INFO - Processing /home/airflow/.local/lib/python3.8/site-packages/airflow/example_dags/example_dag_decorator.py took 0.145 seconds
[2024-06-23T07:26:53.765+0000] {processor.py:157} INFO - Started process (PID=23232) to work on /home/airflow/.local/lib/python3.8/site-packages/airflow/example_dags/example_dag_decorator.py
[2024-06-23T07:26:53.767+0000] {processor.py:829} INFO - Processing file /home/airflow/.local/lib/python3.8/site-packages/airflow/example_dags/example_dag_decorator.py for tasks to queue
[2024-06-23T07:26:53.767+0000] {logging_mixin.py:154} INFO - [2024-06-23T07:26:53.767+0000] {dagbag.py:536} INFO - Filling up the DagBag from /home/airflow/.local/lib/python3.8/site-packages/airflow/example_dags/example_dag_decorator.py
[2024-06-23T07:26:53.823+0000] {processor.py:839} INFO - DAG(s) dict_keys(['example_dag_decorator']) retrieved from /home/airflow/.local/lib/python3.8/site-packages/airflow/example_dags/example_dag_decorator.py
[2024-06-23T07:26:53.873+0000] {logging_mixin.py:154} INFO - [2024-06-23T07:26:53.873+0000] {dag.py:2941} INFO - Sync 1 DAGs
[2024-06-23T07:26:53.880+0000] {logging_mixin.py:154} INFO - [2024-06-23T07:26:53.880+0000] {dag.py:3722} INFO - Setting next_dagrun for example_dag_decorator to None, run_after=None
[2024-06-23T07:26:53.889+0000] {processor.py:179} INFO - Processing /home/airflow/.local/lib/python3.8/site-packages/airflow/example_dags/example_dag_decorator.py took 0.126 seconds
[2024-06-23T07:27:24.698+0000] {processor.py:157} INFO - Started process (PID=23475) to work on /home/airflow/.local/lib/python3.8/site-packages/airflow/example_dags/example_dag_decorator.py
[2024-06-23T07:27:24.699+0000] {processor.py:829} INFO - Processing file /home/airflow/.local/lib/python3.8/site-packages/airflow/example_dags/example_dag_decorator.py for tasks to queue
[2024-06-23T07:27:24.700+0000] {logging_mixin.py:154} INFO - [2024-06-23T07:27:24.700+0000] {dagbag.py:536} INFO - Filling up the DagBag from /home/airflow/.local/lib/python3.8/site-packages/airflow/example_dags/example_dag_decorator.py
[2024-06-23T07:27:24.747+0000] {processor.py:839} INFO - DAG(s) dict_keys(['example_dag_decorator']) retrieved from /home/airflow/.local/lib/python3.8/site-packages/airflow/example_dags/example_dag_decorator.py
[2024-06-23T07:27:24.753+0000] {logging_mixin.py:154} INFO - [2024-06-23T07:27:24.753+0000] {dag.py:2941} INFO - Sync 1 DAGs
[2024-06-23T07:27:24.760+0000] {logging_mixin.py:154} INFO - [2024-06-23T07:27:24.760+0000] {dag.py:3722} INFO - Setting next_dagrun for example_dag_decorator to None, run_after=None
[2024-06-23T07:27:24.769+0000] {processor.py:179} INFO - Processing /home/airflow/.local/lib/python3.8/site-packages/airflow/example_dags/example_dag_decorator.py took 0.073 seconds
[2024-06-23T07:27:55.459+0000] {processor.py:157} INFO - Started process (PID=23719) to work on /home/airflow/.local/lib/python3.8/site-packages/airflow/example_dags/example_dag_decorator.py
[2024-06-23T07:27:55.460+0000] {processor.py:829} INFO - Processing file /home/airflow/.local/lib/python3.8/site-packages/airflow/example_dags/example_dag_decorator.py for tasks to queue
[2024-06-23T07:27:55.461+0000] {logging_mixin.py:154} INFO - [2024-06-23T07:27:55.460+0000] {dagbag.py:536} INFO - Filling up the DagBag from /home/airflow/.local/lib/python3.8/site-packages/airflow/example_dags/example_dag_decorator.py
[2024-06-23T07:27:55.514+0000] {processor.py:839} INFO - DAG(s) dict_keys(['example_dag_decorator']) retrieved from /home/airflow/.local/lib/python3.8/site-packages/airflow/example_dags/example_dag_decorator.py
[2024-06-23T07:27:55.599+0000] {logging_mixin.py:154} INFO - [2024-06-23T07:27:55.598+0000] {dag.py:2941} INFO - Sync 1 DAGs
[2024-06-23T07:27:55.607+0000] {logging_mixin.py:154} INFO - [2024-06-23T07:27:55.606+0000] {dag.py:3722} INFO - Setting next_dagrun for example_dag_decorator to None, run_after=None
[2024-06-23T07:27:55.621+0000] {processor.py:179} INFO - Processing /home/airflow/.local/lib/python3.8/site-packages/airflow/example_dags/example_dag_decorator.py took 0.165 seconds
[2024-06-23T07:28:26.489+0000] {processor.py:157} INFO - Started process (PID=23963) to work on /home/airflow/.local/lib/python3.8/site-packages/airflow/example_dags/example_dag_decorator.py
[2024-06-23T07:28:26.490+0000] {processor.py:829} INFO - Processing file /home/airflow/.local/lib/python3.8/site-packages/airflow/example_dags/example_dag_decorator.py for tasks to queue
[2024-06-23T07:28:26.491+0000] {logging_mixin.py:154} INFO - [2024-06-23T07:28:26.491+0000] {dagbag.py:536} INFO - Filling up the DagBag from /home/airflow/.local/lib/python3.8/site-packages/airflow/example_dags/example_dag_decorator.py
[2024-06-23T07:28:26.542+0000] {processor.py:839} INFO - DAG(s) dict_keys(['example_dag_decorator']) retrieved from /home/airflow/.local/lib/python3.8/site-packages/airflow/example_dags/example_dag_decorator.py
[2024-06-23T07:28:26.593+0000] {logging_mixin.py:154} INFO - [2024-06-23T07:28:26.593+0000] {dag.py:2941} INFO - Sync 1 DAGs
[2024-06-23T07:28:26.599+0000] {logging_mixin.py:154} INFO - [2024-06-23T07:28:26.598+0000] {dag.py:3722} INFO - Setting next_dagrun for example_dag_decorator to None, run_after=None
[2024-06-23T07:28:26.609+0000] {processor.py:179} INFO - Processing /home/airflow/.local/lib/python3.8/site-packages/airflow/example_dags/example_dag_decorator.py took 0.125 seconds
[2024-06-23T07:28:56.640+0000] {processor.py:157} INFO - Started process (PID=24207) to work on /home/airflow/.local/lib/python3.8/site-packages/airflow/example_dags/example_dag_decorator.py
[2024-06-23T07:28:56.641+0000] {processor.py:829} INFO - Processing file /home/airflow/.local/lib/python3.8/site-packages/airflow/example_dags/example_dag_decorator.py for tasks to queue
[2024-06-23T07:28:56.642+0000] {logging_mixin.py:154} INFO - [2024-06-23T07:28:56.642+0000] {dagbag.py:536} INFO - Filling up the DagBag from /home/airflow/.local/lib/python3.8/site-packages/airflow/example_dags/example_dag_decorator.py
[2024-06-23T07:28:56.691+0000] {processor.py:839} INFO - DAG(s) dict_keys(['example_dag_decorator']) retrieved from /home/airflow/.local/lib/python3.8/site-packages/airflow/example_dags/example_dag_decorator.py
[2024-06-23T07:28:56.758+0000] {logging_mixin.py:154} INFO - [2024-06-23T07:28:56.758+0000] {dag.py:2941} INFO - Sync 1 DAGs
[2024-06-23T07:28:56.765+0000] {logging_mixin.py:154} INFO - [2024-06-23T07:28:56.765+0000] {dag.py:3722} INFO - Setting next_dagrun for example_dag_decorator to None, run_after=None
[2024-06-23T07:28:56.779+0000] {processor.py:179} INFO - Processing /home/airflow/.local/lib/python3.8/site-packages/airflow/example_dags/example_dag_decorator.py took 0.143 seconds
[2024-06-23T07:29:26.988+0000] {processor.py:157} INFO - Started process (PID=24451) to work on /home/airflow/.local/lib/python3.8/site-packages/airflow/example_dags/example_dag_decorator.py
[2024-06-23T07:29:26.990+0000] {processor.py:829} INFO - Processing file /home/airflow/.local/lib/python3.8/site-packages/airflow/example_dags/example_dag_decorator.py for tasks to queue
[2024-06-23T07:29:26.993+0000] {logging_mixin.py:154} INFO - [2024-06-23T07:29:26.992+0000] {dagbag.py:536} INFO - Filling up the DagBag from /home/airflow/.local/lib/python3.8/site-packages/airflow/example_dags/example_dag_decorator.py
[2024-06-23T07:29:27.054+0000] {processor.py:839} INFO - DAG(s) dict_keys(['example_dag_decorator']) retrieved from /home/airflow/.local/lib/python3.8/site-packages/airflow/example_dags/example_dag_decorator.py
[2024-06-23T07:29:27.123+0000] {logging_mixin.py:154} INFO - [2024-06-23T07:29:27.123+0000] {dag.py:2941} INFO - Sync 1 DAGs
[2024-06-23T07:29:27.129+0000] {logging_mixin.py:154} INFO - [2024-06-23T07:29:27.128+0000] {dag.py:3722} INFO - Setting next_dagrun for example_dag_decorator to None, run_after=None
[2024-06-23T07:29:27.139+0000] {processor.py:179} INFO - Processing /home/airflow/.local/lib/python3.8/site-packages/airflow/example_dags/example_dag_decorator.py took 0.156 seconds
[2024-06-23T07:29:57.184+0000] {processor.py:157} INFO - Started process (PID=24695) to work on /home/airflow/.local/lib/python3.8/site-packages/airflow/example_dags/example_dag_decorator.py
[2024-06-23T07:29:57.185+0000] {processor.py:829} INFO - Processing file /home/airflow/.local/lib/python3.8/site-packages/airflow/example_dags/example_dag_decorator.py for tasks to queue
[2024-06-23T07:29:57.185+0000] {logging_mixin.py:154} INFO - [2024-06-23T07:29:57.185+0000] {dagbag.py:536} INFO - Filling up the DagBag from /home/airflow/.local/lib/python3.8/site-packages/airflow/example_dags/example_dag_decorator.py
[2024-06-23T07:29:57.226+0000] {processor.py:839} INFO - DAG(s) dict_keys(['example_dag_decorator']) retrieved from /home/airflow/.local/lib/python3.8/site-packages/airflow/example_dags/example_dag_decorator.py
[2024-06-23T07:29:57.280+0000] {logging_mixin.py:154} INFO - [2024-06-23T07:29:57.280+0000] {dag.py:2941} INFO - Sync 1 DAGs
[2024-06-23T07:29:57.285+0000] {logging_mixin.py:154} INFO - [2024-06-23T07:29:57.285+0000] {dag.py:3722} INFO - Setting next_dagrun for example_dag_decorator to None, run_after=None
[2024-06-23T07:29:57.294+0000] {processor.py:179} INFO - Processing /home/airflow/.local/lib/python3.8/site-packages/airflow/example_dags/example_dag_decorator.py took 0.112 seconds
[2024-06-23T07:30:28.017+0000] {processor.py:157} INFO - Started process (PID=24939) to work on /home/airflow/.local/lib/python3.8/site-packages/airflow/example_dags/example_dag_decorator.py
[2024-06-23T07:30:28.020+0000] {processor.py:829} INFO - Processing file /home/airflow/.local/lib/python3.8/site-packages/airflow/example_dags/example_dag_decorator.py for tasks to queue
[2024-06-23T07:30:28.021+0000] {logging_mixin.py:154} INFO - [2024-06-23T07:30:28.021+0000] {dagbag.py:536} INFO - Filling up the DagBag from /home/airflow/.local/lib/python3.8/site-packages/airflow/example_dags/example_dag_decorator.py
[2024-06-23T07:30:28.095+0000] {processor.py:839} INFO - DAG(s) dict_keys(['example_dag_decorator']) retrieved from /home/airflow/.local/lib/python3.8/site-packages/airflow/example_dags/example_dag_decorator.py
[2024-06-23T07:30:28.179+0000] {logging_mixin.py:154} INFO - [2024-06-23T07:30:28.179+0000] {dag.py:2941} INFO - Sync 1 DAGs
[2024-06-23T07:30:28.190+0000] {logging_mixin.py:154} INFO - [2024-06-23T07:30:28.190+0000] {dag.py:3722} INFO - Setting next_dagrun for example_dag_decorator to None, run_after=None
[2024-06-23T07:30:28.201+0000] {processor.py:179} INFO - Processing /home/airflow/.local/lib/python3.8/site-packages/airflow/example_dags/example_dag_decorator.py took 0.189 seconds
