[2024-06-23T01:24:24.063+0000] {processor.py:157} INFO - Started process (PID=13143) to work on /home/airflow/.local/lib/python3.8/site-packages/airflow/example_dags/example_task_group.py
[2024-06-23T01:24:24.064+0000] {processor.py:829} INFO - Processing file /home/airflow/.local/lib/python3.8/site-packages/airflow/example_dags/example_task_group.py for tasks to queue
[2024-06-23T01:24:24.065+0000] {logging_mixin.py:154} INFO - [2024-06-23T01:24:24.065+0000] {dagbag.py:536} INFO - Filling up the DagBag from /home/airflow/.local/lib/python3.8/site-packages/airflow/example_dags/example_task_group.py
[2024-06-23T01:24:24.070+0000] {processor.py:839} INFO - DAG(s) dict_keys(['example_task_group']) retrieved from /home/airflow/.local/lib/python3.8/site-packages/airflow/example_dags/example_task_group.py
[2024-06-23T01:24:24.090+0000] {logging_mixin.py:154} INFO - [2024-06-23T01:24:24.090+0000] {dag.py:2941} INFO - Sync 1 DAGs
[2024-06-23T01:24:24.105+0000] {logging_mixin.py:154} INFO - [2024-06-23T01:24:24.105+0000] {dag.py:3722} INFO - Setting next_dagrun for example_task_group to 2024-06-22T01:24:24.105418+00:00, run_after=2024-06-23T01:24:24.105418+00:00
[2024-06-23T01:24:24.121+0000] {processor.py:179} INFO - Processing /home/airflow/.local/lib/python3.8/site-packages/airflow/example_dags/example_task_group.py took 0.060 seconds
[2024-06-23T02:48:32.839+0000] {processor.py:157} INFO - Started process (PID=13386) to work on /home/airflow/.local/lib/python3.8/site-packages/airflow/example_dags/example_task_group.py
[2024-06-23T02:48:32.840+0000] {processor.py:829} INFO - Processing file /home/airflow/.local/lib/python3.8/site-packages/airflow/example_dags/example_task_group.py for tasks to queue
[2024-06-23T02:48:32.841+0000] {logging_mixin.py:154} INFO - [2024-06-23T02:48:32.841+0000] {dagbag.py:536} INFO - Filling up the DagBag from /home/airflow/.local/lib/python3.8/site-packages/airflow/example_dags/example_task_group.py
[2024-06-23T02:48:32.848+0000] {processor.py:839} INFO - DAG(s) dict_keys(['example_task_group']) retrieved from /home/airflow/.local/lib/python3.8/site-packages/airflow/example_dags/example_task_group.py
[2024-06-23T02:48:32.872+0000] {logging_mixin.py:154} INFO - [2024-06-23T02:48:32.872+0000] {dag.py:2941} INFO - Sync 1 DAGs
[2024-06-23T02:48:32.891+0000] {logging_mixin.py:154} INFO - [2024-06-23T02:48:32.891+0000] {dag.py:3722} INFO - Setting next_dagrun for example_task_group to 2024-06-22T02:48:32.891164+00:00, run_after=2024-06-23T02:48:32.891164+00:00
[2024-06-23T02:48:32.906+0000] {processor.py:179} INFO - Processing /home/airflow/.local/lib/python3.8/site-packages/airflow/example_dags/example_task_group.py took 0.070 seconds
[2024-06-23T04:09:03.820+0000] {processor.py:157} INFO - Started process (PID=13633) to work on /home/airflow/.local/lib/python3.8/site-packages/airflow/example_dags/example_task_group.py
[2024-06-23T04:09:03.822+0000] {processor.py:829} INFO - Processing file /home/airflow/.local/lib/python3.8/site-packages/airflow/example_dags/example_task_group.py for tasks to queue
[2024-06-23T04:09:03.826+0000] {logging_mixin.py:154} INFO - [2024-06-23T04:09:03.826+0000] {dagbag.py:536} INFO - Filling up the DagBag from /home/airflow/.local/lib/python3.8/site-packages/airflow/example_dags/example_task_group.py
[2024-06-23T04:09:03.833+0000] {processor.py:839} INFO - DAG(s) dict_keys(['example_task_group']) retrieved from /home/airflow/.local/lib/python3.8/site-packages/airflow/example_dags/example_task_group.py
[2024-06-23T04:09:03.909+0000] {logging_mixin.py:154} INFO - [2024-06-23T04:09:03.909+0000] {dag.py:2941} INFO - Sync 1 DAGs
[2024-06-23T04:09:03.923+0000] {logging_mixin.py:154} INFO - [2024-06-23T04:09:03.923+0000] {dag.py:3722} INFO - Setting next_dagrun for example_task_group to 2024-06-22T04:09:03.923674+00:00, run_after=2024-06-23T04:09:03.923674+00:00
[2024-06-23T04:09:03.936+0000] {processor.py:179} INFO - Processing /home/airflow/.local/lib/python3.8/site-packages/airflow/example_dags/example_task_group.py took 0.118 seconds
[2024-06-23T05:49:42.731+0000] {processor.py:157} INFO - Started process (PID=13880) to work on /home/airflow/.local/lib/python3.8/site-packages/airflow/example_dags/example_task_group.py
[2024-06-23T05:49:42.733+0000] {processor.py:829} INFO - Processing file /home/airflow/.local/lib/python3.8/site-packages/airflow/example_dags/example_task_group.py for tasks to queue
[2024-06-23T05:49:42.735+0000] {logging_mixin.py:154} INFO - [2024-06-23T05:49:42.734+0000] {dagbag.py:536} INFO - Filling up the DagBag from /home/airflow/.local/lib/python3.8/site-packages/airflow/example_dags/example_task_group.py
[2024-06-23T05:49:42.744+0000] {processor.py:839} INFO - DAG(s) dict_keys(['example_task_group']) retrieved from /home/airflow/.local/lib/python3.8/site-packages/airflow/example_dags/example_task_group.py
[2024-06-23T05:49:42.766+0000] {logging_mixin.py:154} INFO - [2024-06-23T05:49:42.766+0000] {dag.py:2941} INFO - Sync 1 DAGs
[2024-06-23T05:49:42.791+0000] {logging_mixin.py:154} INFO - [2024-06-23T05:49:42.791+0000] {dag.py:3722} INFO - Setting next_dagrun for example_task_group to 2024-06-22T05:49:42.790646+00:00, run_after=2024-06-23T05:49:42.790646+00:00
[2024-06-23T05:49:42.813+0000] {processor.py:179} INFO - Processing /home/airflow/.local/lib/python3.8/site-packages/airflow/example_dags/example_task_group.py took 0.085 seconds
[2024-06-23T07:07:58.554+0000] {processor.py:157} INFO - Started process (PID=14131) to work on /home/airflow/.local/lib/python3.8/site-packages/airflow/example_dags/example_task_group.py
[2024-06-23T07:07:58.555+0000] {processor.py:829} INFO - Processing file /home/airflow/.local/lib/python3.8/site-packages/airflow/example_dags/example_task_group.py for tasks to queue
[2024-06-23T07:07:58.556+0000] {logging_mixin.py:154} INFO - [2024-06-23T07:07:58.556+0000] {dagbag.py:536} INFO - Filling up the DagBag from /home/airflow/.local/lib/python3.8/site-packages/airflow/example_dags/example_task_group.py
[2024-06-23T07:07:58.563+0000] {processor.py:839} INFO - DAG(s) dict_keys(['example_task_group']) retrieved from /home/airflow/.local/lib/python3.8/site-packages/airflow/example_dags/example_task_group.py
[2024-06-23T07:07:58.657+0000] {logging_mixin.py:154} INFO - [2024-06-23T07:07:58.657+0000] {dag.py:2941} INFO - Sync 1 DAGs
[2024-06-23T07:07:58.677+0000] {logging_mixin.py:154} INFO - [2024-06-23T07:07:58.677+0000] {dag.py:3722} INFO - Setting next_dagrun for example_task_group to 2024-06-22T07:07:58.676971+00:00, run_after=2024-06-23T07:07:58.676971+00:00
[2024-06-23T07:07:58.704+0000] {processor.py:179} INFO - Processing /home/airflow/.local/lib/python3.8/site-packages/airflow/example_dags/example_task_group.py took 0.152 seconds
[2024-06-23T07:08:28.737+0000] {processor.py:157} INFO - Started process (PID=14377) to work on /home/airflow/.local/lib/python3.8/site-packages/airflow/example_dags/example_task_group.py
[2024-06-23T07:08:28.738+0000] {processor.py:829} INFO - Processing file /home/airflow/.local/lib/python3.8/site-packages/airflow/example_dags/example_task_group.py for tasks to queue
[2024-06-23T07:08:28.738+0000] {logging_mixin.py:154} INFO - [2024-06-23T07:08:28.738+0000] {dagbag.py:536} INFO - Filling up the DagBag from /home/airflow/.local/lib/python3.8/site-packages/airflow/example_dags/example_task_group.py
[2024-06-23T07:08:28.743+0000] {processor.py:839} INFO - DAG(s) dict_keys(['example_task_group']) retrieved from /home/airflow/.local/lib/python3.8/site-packages/airflow/example_dags/example_task_group.py
[2024-06-23T07:08:28.754+0000] {logging_mixin.py:154} INFO - [2024-06-23T07:08:28.754+0000] {dag.py:2941} INFO - Sync 1 DAGs
[2024-06-23T07:08:28.772+0000] {logging_mixin.py:154} INFO - [2024-06-23T07:08:28.772+0000] {dag.py:3722} INFO - Setting next_dagrun for example_task_group to 2024-06-22T07:08:28.772337+00:00, run_after=2024-06-23T07:08:28.772337+00:00
[2024-06-23T07:08:28.791+0000] {processor.py:179} INFO - Processing /home/airflow/.local/lib/python3.8/site-packages/airflow/example_dags/example_task_group.py took 0.056 seconds
[2024-06-23T07:08:59.165+0000] {processor.py:157} INFO - Started process (PID=14621) to work on /home/airflow/.local/lib/python3.8/site-packages/airflow/example_dags/example_task_group.py
[2024-06-23T07:08:59.166+0000] {processor.py:829} INFO - Processing file /home/airflow/.local/lib/python3.8/site-packages/airflow/example_dags/example_task_group.py for tasks to queue
[2024-06-23T07:08:59.166+0000] {logging_mixin.py:154} INFO - [2024-06-23T07:08:59.166+0000] {dagbag.py:536} INFO - Filling up the DagBag from /home/airflow/.local/lib/python3.8/site-packages/airflow/example_dags/example_task_group.py
[2024-06-23T07:08:59.171+0000] {processor.py:839} INFO - DAG(s) dict_keys(['example_task_group']) retrieved from /home/airflow/.local/lib/python3.8/site-packages/airflow/example_dags/example_task_group.py
[2024-06-23T07:08:59.185+0000] {logging_mixin.py:154} INFO - [2024-06-23T07:08:59.184+0000] {dag.py:2941} INFO - Sync 1 DAGs
[2024-06-23T07:08:59.197+0000] {logging_mixin.py:154} INFO - [2024-06-23T07:08:59.197+0000] {dag.py:3722} INFO - Setting next_dagrun for example_task_group to 2024-06-22T07:08:59.197317+00:00, run_after=2024-06-23T07:08:59.197317+00:00
[2024-06-23T07:08:59.206+0000] {processor.py:179} INFO - Processing /home/airflow/.local/lib/python3.8/site-packages/airflow/example_dags/example_task_group.py took 0.044 seconds
[2024-06-23T07:09:29.364+0000] {processor.py:157} INFO - Started process (PID=14863) to work on /home/airflow/.local/lib/python3.8/site-packages/airflow/example_dags/example_task_group.py
[2024-06-23T07:09:29.364+0000] {processor.py:829} INFO - Processing file /home/airflow/.local/lib/python3.8/site-packages/airflow/example_dags/example_task_group.py for tasks to queue
[2024-06-23T07:09:29.365+0000] {logging_mixin.py:154} INFO - [2024-06-23T07:09:29.365+0000] {dagbag.py:536} INFO - Filling up the DagBag from /home/airflow/.local/lib/python3.8/site-packages/airflow/example_dags/example_task_group.py
[2024-06-23T07:09:29.370+0000] {processor.py:839} INFO - DAG(s) dict_keys(['example_task_group']) retrieved from /home/airflow/.local/lib/python3.8/site-packages/airflow/example_dags/example_task_group.py
[2024-06-23T07:09:29.385+0000] {logging_mixin.py:154} INFO - [2024-06-23T07:09:29.384+0000] {dag.py:2941} INFO - Sync 1 DAGs
[2024-06-23T07:09:29.399+0000] {logging_mixin.py:154} INFO - [2024-06-23T07:09:29.399+0000] {dag.py:3722} INFO - Setting next_dagrun for example_task_group to 2024-06-22T07:09:29.399036+00:00, run_after=2024-06-23T07:09:29.399036+00:00
[2024-06-23T07:09:29.408+0000] {processor.py:179} INFO - Processing /home/airflow/.local/lib/python3.8/site-packages/airflow/example_dags/example_task_group.py took 0.047 seconds
[2024-06-23T07:10:00.382+0000] {processor.py:157} INFO - Started process (PID=15107) to work on /home/airflow/.local/lib/python3.8/site-packages/airflow/example_dags/example_task_group.py
[2024-06-23T07:10:00.383+0000] {processor.py:829} INFO - Processing file /home/airflow/.local/lib/python3.8/site-packages/airflow/example_dags/example_task_group.py for tasks to queue
[2024-06-23T07:10:00.384+0000] {logging_mixin.py:154} INFO - [2024-06-23T07:10:00.383+0000] {dagbag.py:536} INFO - Filling up the DagBag from /home/airflow/.local/lib/python3.8/site-packages/airflow/example_dags/example_task_group.py
[2024-06-23T07:10:00.391+0000] {processor.py:839} INFO - DAG(s) dict_keys(['example_task_group']) retrieved from /home/airflow/.local/lib/python3.8/site-packages/airflow/example_dags/example_task_group.py
[2024-06-23T07:10:00.404+0000] {logging_mixin.py:154} INFO - [2024-06-23T07:10:00.403+0000] {dag.py:2941} INFO - Sync 1 DAGs
[2024-06-23T07:10:00.419+0000] {logging_mixin.py:154} INFO - [2024-06-23T07:10:00.419+0000] {dag.py:3722} INFO - Setting next_dagrun for example_task_group to 2024-06-22T07:10:00.419344+00:00, run_after=2024-06-23T07:10:00.419344+00:00
[2024-06-23T07:10:00.433+0000] {processor.py:179} INFO - Processing /home/airflow/.local/lib/python3.8/site-packages/airflow/example_dags/example_task_group.py took 0.053 seconds
[2024-06-23T07:10:31.307+0000] {processor.py:157} INFO - Started process (PID=15351) to work on /home/airflow/.local/lib/python3.8/site-packages/airflow/example_dags/example_task_group.py
[2024-06-23T07:10:31.310+0000] {processor.py:829} INFO - Processing file /home/airflow/.local/lib/python3.8/site-packages/airflow/example_dags/example_task_group.py for tasks to queue
[2024-06-23T07:10:31.314+0000] {logging_mixin.py:154} INFO - [2024-06-23T07:10:31.312+0000] {dagbag.py:536} INFO - Filling up the DagBag from /home/airflow/.local/lib/python3.8/site-packages/airflow/example_dags/example_task_group.py
[2024-06-23T07:10:31.330+0000] {processor.py:839} INFO - DAG(s) dict_keys(['example_task_group']) retrieved from /home/airflow/.local/lib/python3.8/site-packages/airflow/example_dags/example_task_group.py
[2024-06-23T07:10:31.352+0000] {logging_mixin.py:154} INFO - [2024-06-23T07:10:31.352+0000] {dag.py:2941} INFO - Sync 1 DAGs
[2024-06-23T07:10:31.368+0000] {logging_mixin.py:154} INFO - [2024-06-23T07:10:31.368+0000] {dag.py:3722} INFO - Setting next_dagrun for example_task_group to 2024-06-22T07:10:31.368669+00:00, run_after=2024-06-23T07:10:31.368669+00:00
[2024-06-23T07:10:31.384+0000] {processor.py:179} INFO - Processing /home/airflow/.local/lib/python3.8/site-packages/airflow/example_dags/example_task_group.py took 0.079 seconds
[2024-06-23T07:11:02.415+0000] {processor.py:157} INFO - Started process (PID=15594) to work on /home/airflow/.local/lib/python3.8/site-packages/airflow/example_dags/example_task_group.py
[2024-06-23T07:11:02.416+0000] {processor.py:829} INFO - Processing file /home/airflow/.local/lib/python3.8/site-packages/airflow/example_dags/example_task_group.py for tasks to queue
[2024-06-23T07:11:02.417+0000] {logging_mixin.py:154} INFO - [2024-06-23T07:11:02.417+0000] {dagbag.py:536} INFO - Filling up the DagBag from /home/airflow/.local/lib/python3.8/site-packages/airflow/example_dags/example_task_group.py
[2024-06-23T07:11:02.426+0000] {processor.py:839} INFO - DAG(s) dict_keys(['example_task_group']) retrieved from /home/airflow/.local/lib/python3.8/site-packages/airflow/example_dags/example_task_group.py
[2024-06-23T07:11:02.543+0000] {logging_mixin.py:154} INFO - [2024-06-23T07:11:02.542+0000] {dag.py:2941} INFO - Sync 1 DAGs
[2024-06-23T07:11:02.577+0000] {logging_mixin.py:154} INFO - [2024-06-23T07:11:02.576+0000] {dag.py:3722} INFO - Setting next_dagrun for example_task_group to 2024-06-22T07:11:02.576549+00:00, run_after=2024-06-23T07:11:02.576549+00:00
[2024-06-23T07:11:02.640+0000] {processor.py:179} INFO - Processing /home/airflow/.local/lib/python3.8/site-packages/airflow/example_dags/example_task_group.py took 0.228 seconds
[2024-06-23T07:11:33.474+0000] {processor.py:157} INFO - Started process (PID=15845) to work on /home/airflow/.local/lib/python3.8/site-packages/airflow/example_dags/example_task_group.py
[2024-06-23T07:11:33.475+0000] {processor.py:829} INFO - Processing file /home/airflow/.local/lib/python3.8/site-packages/airflow/example_dags/example_task_group.py for tasks to queue
[2024-06-23T07:11:33.476+0000] {logging_mixin.py:154} INFO - [2024-06-23T07:11:33.476+0000] {dagbag.py:536} INFO - Filling up the DagBag from /home/airflow/.local/lib/python3.8/site-packages/airflow/example_dags/example_task_group.py
[2024-06-23T07:11:33.481+0000] {processor.py:839} INFO - DAG(s) dict_keys(['example_task_group']) retrieved from /home/airflow/.local/lib/python3.8/site-packages/airflow/example_dags/example_task_group.py
[2024-06-23T07:11:33.494+0000] {logging_mixin.py:154} INFO - [2024-06-23T07:11:33.494+0000] {dag.py:2941} INFO - Sync 1 DAGs
[2024-06-23T07:11:33.510+0000] {logging_mixin.py:154} INFO - [2024-06-23T07:11:33.510+0000] {dag.py:3722} INFO - Setting next_dagrun for example_task_group to 2024-06-22T07:11:33.510317+00:00, run_after=2024-06-23T07:11:33.510317+00:00
[2024-06-23T07:11:33.527+0000] {processor.py:179} INFO - Processing /home/airflow/.local/lib/python3.8/site-packages/airflow/example_dags/example_task_group.py took 0.055 seconds
[2024-06-23T07:12:03.821+0000] {processor.py:157} INFO - Started process (PID=16089) to work on /home/airflow/.local/lib/python3.8/site-packages/airflow/example_dags/example_task_group.py
[2024-06-23T07:12:03.823+0000] {processor.py:829} INFO - Processing file /home/airflow/.local/lib/python3.8/site-packages/airflow/example_dags/example_task_group.py for tasks to queue
[2024-06-23T07:12:03.823+0000] {logging_mixin.py:154} INFO - [2024-06-23T07:12:03.823+0000] {dagbag.py:536} INFO - Filling up the DagBag from /home/airflow/.local/lib/python3.8/site-packages/airflow/example_dags/example_task_group.py
[2024-06-23T07:12:03.830+0000] {processor.py:839} INFO - DAG(s) dict_keys(['example_task_group']) retrieved from /home/airflow/.local/lib/python3.8/site-packages/airflow/example_dags/example_task_group.py
[2024-06-23T07:12:03.846+0000] {logging_mixin.py:154} INFO - [2024-06-23T07:12:03.846+0000] {dag.py:2941} INFO - Sync 1 DAGs
[2024-06-23T07:12:03.860+0000] {logging_mixin.py:154} INFO - [2024-06-23T07:12:03.860+0000] {dag.py:3722} INFO - Setting next_dagrun for example_task_group to 2024-06-22T07:12:03.859987+00:00, run_after=2024-06-23T07:12:03.859987+00:00
[2024-06-23T07:12:03.873+0000] {processor.py:179} INFO - Processing /home/airflow/.local/lib/python3.8/site-packages/airflow/example_dags/example_task_group.py took 0.054 seconds
[2024-06-23T07:12:34.561+0000] {processor.py:157} INFO - Started process (PID=16333) to work on /home/airflow/.local/lib/python3.8/site-packages/airflow/example_dags/example_task_group.py
[2024-06-23T07:12:34.565+0000] {processor.py:829} INFO - Processing file /home/airflow/.local/lib/python3.8/site-packages/airflow/example_dags/example_task_group.py for tasks to queue
[2024-06-23T07:12:34.567+0000] {logging_mixin.py:154} INFO - [2024-06-23T07:12:34.567+0000] {dagbag.py:536} INFO - Filling up the DagBag from /home/airflow/.local/lib/python3.8/site-packages/airflow/example_dags/example_task_group.py
[2024-06-23T07:12:34.574+0000] {processor.py:839} INFO - DAG(s) dict_keys(['example_task_group']) retrieved from /home/airflow/.local/lib/python3.8/site-packages/airflow/example_dags/example_task_group.py
[2024-06-23T07:12:34.594+0000] {logging_mixin.py:154} INFO - [2024-06-23T07:12:34.594+0000] {dag.py:2941} INFO - Sync 1 DAGs
[2024-06-23T07:12:34.616+0000] {logging_mixin.py:154} INFO - [2024-06-23T07:12:34.616+0000] {dag.py:3722} INFO - Setting next_dagrun for example_task_group to 2024-06-22T07:12:34.615987+00:00, run_after=2024-06-23T07:12:34.615987+00:00
[2024-06-23T07:12:34.637+0000] {processor.py:179} INFO - Processing /home/airflow/.local/lib/python3.8/site-packages/airflow/example_dags/example_task_group.py took 0.080 seconds
[2024-06-23T07:13:04.865+0000] {processor.py:157} INFO - Started process (PID=16574) to work on /home/airflow/.local/lib/python3.8/site-packages/airflow/example_dags/example_task_group.py
[2024-06-23T07:13:04.867+0000] {processor.py:829} INFO - Processing file /home/airflow/.local/lib/python3.8/site-packages/airflow/example_dags/example_task_group.py for tasks to queue
[2024-06-23T07:13:04.868+0000] {logging_mixin.py:154} INFO - [2024-06-23T07:13:04.868+0000] {dagbag.py:536} INFO - Filling up the DagBag from /home/airflow/.local/lib/python3.8/site-packages/airflow/example_dags/example_task_group.py
[2024-06-23T07:13:04.876+0000] {processor.py:839} INFO - DAG(s) dict_keys(['example_task_group']) retrieved from /home/airflow/.local/lib/python3.8/site-packages/airflow/example_dags/example_task_group.py
[2024-06-23T07:13:04.896+0000] {logging_mixin.py:154} INFO - [2024-06-23T07:13:04.896+0000] {dag.py:2941} INFO - Sync 1 DAGs
[2024-06-23T07:13:04.913+0000] {logging_mixin.py:154} INFO - [2024-06-23T07:13:04.913+0000] {dag.py:3722} INFO - Setting next_dagrun for example_task_group to 2024-06-22T07:13:04.913677+00:00, run_after=2024-06-23T07:13:04.913677+00:00
[2024-06-23T07:13:04.925+0000] {processor.py:179} INFO - Processing /home/airflow/.local/lib/python3.8/site-packages/airflow/example_dags/example_task_group.py took 0.065 seconds
[2024-06-23T07:13:35.496+0000] {processor.py:157} INFO - Started process (PID=16821) to work on /home/airflow/.local/lib/python3.8/site-packages/airflow/example_dags/example_task_group.py
[2024-06-23T07:13:35.498+0000] {processor.py:829} INFO - Processing file /home/airflow/.local/lib/python3.8/site-packages/airflow/example_dags/example_task_group.py for tasks to queue
[2024-06-23T07:13:35.499+0000] {logging_mixin.py:154} INFO - [2024-06-23T07:13:35.498+0000] {dagbag.py:536} INFO - Filling up the DagBag from /home/airflow/.local/lib/python3.8/site-packages/airflow/example_dags/example_task_group.py
[2024-06-23T07:13:35.505+0000] {processor.py:839} INFO - DAG(s) dict_keys(['example_task_group']) retrieved from /home/airflow/.local/lib/python3.8/site-packages/airflow/example_dags/example_task_group.py
[2024-06-23T07:13:35.532+0000] {logging_mixin.py:154} INFO - [2024-06-23T07:13:35.532+0000] {dag.py:2941} INFO - Sync 1 DAGs
[2024-06-23T07:13:35.579+0000] {logging_mixin.py:154} INFO - [2024-06-23T07:13:35.579+0000] {dag.py:3722} INFO - Setting next_dagrun for example_task_group to 2024-06-22T07:13:35.578750+00:00, run_after=2024-06-23T07:13:35.578750+00:00
[2024-06-23T07:13:35.613+0000] {processor.py:179} INFO - Processing /home/airflow/.local/lib/python3.8/site-packages/airflow/example_dags/example_task_group.py took 0.120 seconds
[2024-06-23T07:14:05.718+0000] {processor.py:157} INFO - Started process (PID=17062) to work on /home/airflow/.local/lib/python3.8/site-packages/airflow/example_dags/example_task_group.py
[2024-06-23T07:14:05.719+0000] {processor.py:829} INFO - Processing file /home/airflow/.local/lib/python3.8/site-packages/airflow/example_dags/example_task_group.py for tasks to queue
[2024-06-23T07:14:05.720+0000] {logging_mixin.py:154} INFO - [2024-06-23T07:14:05.720+0000] {dagbag.py:536} INFO - Filling up the DagBag from /home/airflow/.local/lib/python3.8/site-packages/airflow/example_dags/example_task_group.py
[2024-06-23T07:14:05.726+0000] {processor.py:839} INFO - DAG(s) dict_keys(['example_task_group']) retrieved from /home/airflow/.local/lib/python3.8/site-packages/airflow/example_dags/example_task_group.py
[2024-06-23T07:14:05.740+0000] {logging_mixin.py:154} INFO - [2024-06-23T07:14:05.740+0000] {dag.py:2941} INFO - Sync 1 DAGs
[2024-06-23T07:14:05.752+0000] {logging_mixin.py:154} INFO - [2024-06-23T07:14:05.752+0000] {dag.py:3722} INFO - Setting next_dagrun for example_task_group to 2024-06-22T07:14:05.752762+00:00, run_after=2024-06-23T07:14:05.752762+00:00
[2024-06-23T07:14:05.764+0000] {processor.py:179} INFO - Processing /home/airflow/.local/lib/python3.8/site-packages/airflow/example_dags/example_task_group.py took 0.049 seconds
[2024-06-23T07:14:36.022+0000] {processor.py:157} INFO - Started process (PID=17306) to work on /home/airflow/.local/lib/python3.8/site-packages/airflow/example_dags/example_task_group.py
[2024-06-23T07:14:36.023+0000] {processor.py:829} INFO - Processing file /home/airflow/.local/lib/python3.8/site-packages/airflow/example_dags/example_task_group.py for tasks to queue
[2024-06-23T07:14:36.024+0000] {logging_mixin.py:154} INFO - [2024-06-23T07:14:36.023+0000] {dagbag.py:536} INFO - Filling up the DagBag from /home/airflow/.local/lib/python3.8/site-packages/airflow/example_dags/example_task_group.py
[2024-06-23T07:14:36.036+0000] {processor.py:839} INFO - DAG(s) dict_keys(['example_task_group']) retrieved from /home/airflow/.local/lib/python3.8/site-packages/airflow/example_dags/example_task_group.py
[2024-06-23T07:14:36.050+0000] {logging_mixin.py:154} INFO - [2024-06-23T07:14:36.050+0000] {dag.py:2941} INFO - Sync 1 DAGs
[2024-06-23T07:14:36.066+0000] {logging_mixin.py:154} INFO - [2024-06-23T07:14:36.066+0000] {dag.py:3722} INFO - Setting next_dagrun for example_task_group to 2024-06-22T07:14:36.066263+00:00, run_after=2024-06-23T07:14:36.066263+00:00
[2024-06-23T07:14:36.082+0000] {processor.py:179} INFO - Processing /home/airflow/.local/lib/python3.8/site-packages/airflow/example_dags/example_task_group.py took 0.062 seconds
[2024-06-23T07:15:06.751+0000] {processor.py:157} INFO - Started process (PID=17550) to work on /home/airflow/.local/lib/python3.8/site-packages/airflow/example_dags/example_task_group.py
[2024-06-23T07:15:06.752+0000] {processor.py:829} INFO - Processing file /home/airflow/.local/lib/python3.8/site-packages/airflow/example_dags/example_task_group.py for tasks to queue
[2024-06-23T07:15:06.753+0000] {logging_mixin.py:154} INFO - [2024-06-23T07:15:06.753+0000] {dagbag.py:536} INFO - Filling up the DagBag from /home/airflow/.local/lib/python3.8/site-packages/airflow/example_dags/example_task_group.py
[2024-06-23T07:15:06.759+0000] {processor.py:839} INFO - DAG(s) dict_keys(['example_task_group']) retrieved from /home/airflow/.local/lib/python3.8/site-packages/airflow/example_dags/example_task_group.py
[2024-06-23T07:15:06.777+0000] {logging_mixin.py:154} INFO - [2024-06-23T07:15:06.776+0000] {dag.py:2941} INFO - Sync 1 DAGs
[2024-06-23T07:15:06.796+0000] {logging_mixin.py:154} INFO - [2024-06-23T07:15:06.796+0000] {dag.py:3722} INFO - Setting next_dagrun for example_task_group to 2024-06-22T07:15:06.795878+00:00, run_after=2024-06-23T07:15:06.795878+00:00
[2024-06-23T07:15:06.810+0000] {processor.py:179} INFO - Processing /home/airflow/.local/lib/python3.8/site-packages/airflow/example_dags/example_task_group.py took 0.061 seconds
[2024-06-23T07:15:36.840+0000] {processor.py:157} INFO - Started process (PID=17794) to work on /home/airflow/.local/lib/python3.8/site-packages/airflow/example_dags/example_task_group.py
[2024-06-23T07:15:36.841+0000] {processor.py:829} INFO - Processing file /home/airflow/.local/lib/python3.8/site-packages/airflow/example_dags/example_task_group.py for tasks to queue
[2024-06-23T07:15:36.841+0000] {logging_mixin.py:154} INFO - [2024-06-23T07:15:36.841+0000] {dagbag.py:536} INFO - Filling up the DagBag from /home/airflow/.local/lib/python3.8/site-packages/airflow/example_dags/example_task_group.py
[2024-06-23T07:15:36.845+0000] {processor.py:839} INFO - DAG(s) dict_keys(['example_task_group']) retrieved from /home/airflow/.local/lib/python3.8/site-packages/airflow/example_dags/example_task_group.py
[2024-06-23T07:15:36.856+0000] {logging_mixin.py:154} INFO - [2024-06-23T07:15:36.856+0000] {dag.py:2941} INFO - Sync 1 DAGs
[2024-06-23T07:15:36.866+0000] {logging_mixin.py:154} INFO - [2024-06-23T07:15:36.866+0000] {dag.py:3722} INFO - Setting next_dagrun for example_task_group to 2024-06-22T07:15:36.866505+00:00, run_after=2024-06-23T07:15:36.866505+00:00
[2024-06-23T07:15:36.874+0000] {processor.py:179} INFO - Processing /home/airflow/.local/lib/python3.8/site-packages/airflow/example_dags/example_task_group.py took 0.036 seconds
[2024-06-23T07:16:07.279+0000] {processor.py:157} INFO - Started process (PID=18038) to work on /home/airflow/.local/lib/python3.8/site-packages/airflow/example_dags/example_task_group.py
[2024-06-23T07:16:07.280+0000] {processor.py:829} INFO - Processing file /home/airflow/.local/lib/python3.8/site-packages/airflow/example_dags/example_task_group.py for tasks to queue
[2024-06-23T07:16:07.281+0000] {logging_mixin.py:154} INFO - [2024-06-23T07:16:07.280+0000] {dagbag.py:536} INFO - Filling up the DagBag from /home/airflow/.local/lib/python3.8/site-packages/airflow/example_dags/example_task_group.py
[2024-06-23T07:16:07.289+0000] {processor.py:839} INFO - DAG(s) dict_keys(['example_task_group']) retrieved from /home/airflow/.local/lib/python3.8/site-packages/airflow/example_dags/example_task_group.py
[2024-06-23T07:16:07.307+0000] {logging_mixin.py:154} INFO - [2024-06-23T07:16:07.306+0000] {dag.py:2941} INFO - Sync 1 DAGs
[2024-06-23T07:16:07.321+0000] {logging_mixin.py:154} INFO - [2024-06-23T07:16:07.321+0000] {dag.py:3722} INFO - Setting next_dagrun for example_task_group to 2024-06-22T07:16:07.321708+00:00, run_after=2024-06-23T07:16:07.321708+00:00
[2024-06-23T07:16:07.335+0000] {processor.py:179} INFO - Processing /home/airflow/.local/lib/python3.8/site-packages/airflow/example_dags/example_task_group.py took 0.060 seconds
[2024-06-23T07:16:37.632+0000] {processor.py:157} INFO - Started process (PID=18282) to work on /home/airflow/.local/lib/python3.8/site-packages/airflow/example_dags/example_task_group.py
[2024-06-23T07:16:37.633+0000] {processor.py:829} INFO - Processing file /home/airflow/.local/lib/python3.8/site-packages/airflow/example_dags/example_task_group.py for tasks to queue
[2024-06-23T07:16:37.634+0000] {logging_mixin.py:154} INFO - [2024-06-23T07:16:37.634+0000] {dagbag.py:536} INFO - Filling up the DagBag from /home/airflow/.local/lib/python3.8/site-packages/airflow/example_dags/example_task_group.py
[2024-06-23T07:16:37.640+0000] {processor.py:839} INFO - DAG(s) dict_keys(['example_task_group']) retrieved from /home/airflow/.local/lib/python3.8/site-packages/airflow/example_dags/example_task_group.py
[2024-06-23T07:16:37.656+0000] {logging_mixin.py:154} INFO - [2024-06-23T07:16:37.656+0000] {dag.py:2941} INFO - Sync 1 DAGs
[2024-06-23T07:16:37.669+0000] {logging_mixin.py:154} INFO - [2024-06-23T07:16:37.669+0000] {dag.py:3722} INFO - Setting next_dagrun for example_task_group to 2024-06-22T07:16:37.669547+00:00, run_after=2024-06-23T07:16:37.669547+00:00
[2024-06-23T07:16:37.680+0000] {processor.py:179} INFO - Processing /home/airflow/.local/lib/python3.8/site-packages/airflow/example_dags/example_task_group.py took 0.051 seconds
[2024-06-23T07:17:07.980+0000] {processor.py:157} INFO - Started process (PID=18526) to work on /home/airflow/.local/lib/python3.8/site-packages/airflow/example_dags/example_task_group.py
[2024-06-23T07:17:07.981+0000] {processor.py:829} INFO - Processing file /home/airflow/.local/lib/python3.8/site-packages/airflow/example_dags/example_task_group.py for tasks to queue
[2024-06-23T07:17:07.982+0000] {logging_mixin.py:154} INFO - [2024-06-23T07:17:07.982+0000] {dagbag.py:536} INFO - Filling up the DagBag from /home/airflow/.local/lib/python3.8/site-packages/airflow/example_dags/example_task_group.py
[2024-06-23T07:17:07.987+0000] {processor.py:839} INFO - DAG(s) dict_keys(['example_task_group']) retrieved from /home/airflow/.local/lib/python3.8/site-packages/airflow/example_dags/example_task_group.py
[2024-06-23T07:17:07.999+0000] {logging_mixin.py:154} INFO - [2024-06-23T07:17:07.999+0000] {dag.py:2941} INFO - Sync 1 DAGs
[2024-06-23T07:17:08.010+0000] {logging_mixin.py:154} INFO - [2024-06-23T07:17:08.010+0000] {dag.py:3722} INFO - Setting next_dagrun for example_task_group to 2024-06-22T07:17:08.009945+00:00, run_after=2024-06-23T07:17:08.009945+00:00
[2024-06-23T07:17:08.018+0000] {processor.py:179} INFO - Processing /home/airflow/.local/lib/python3.8/site-packages/airflow/example_dags/example_task_group.py took 0.040 seconds
[2024-06-23T07:17:38.556+0000] {processor.py:157} INFO - Started process (PID=18770) to work on /home/airflow/.local/lib/python3.8/site-packages/airflow/example_dags/example_task_group.py
[2024-06-23T07:17:38.557+0000] {processor.py:829} INFO - Processing file /home/airflow/.local/lib/python3.8/site-packages/airflow/example_dags/example_task_group.py for tasks to queue
[2024-06-23T07:17:38.557+0000] {logging_mixin.py:154} INFO - [2024-06-23T07:17:38.557+0000] {dagbag.py:536} INFO - Filling up the DagBag from /home/airflow/.local/lib/python3.8/site-packages/airflow/example_dags/example_task_group.py
[2024-06-23T07:17:38.563+0000] {processor.py:839} INFO - DAG(s) dict_keys(['example_task_group']) retrieved from /home/airflow/.local/lib/python3.8/site-packages/airflow/example_dags/example_task_group.py
[2024-06-23T07:17:38.577+0000] {logging_mixin.py:154} INFO - [2024-06-23T07:17:38.577+0000] {dag.py:2941} INFO - Sync 1 DAGs
[2024-06-23T07:17:38.590+0000] {logging_mixin.py:154} INFO - [2024-06-23T07:17:38.590+0000] {dag.py:3722} INFO - Setting next_dagrun for example_task_group to 2024-06-22T07:17:38.590331+00:00, run_after=2024-06-23T07:17:38.590331+00:00
[2024-06-23T07:17:38.599+0000] {processor.py:179} INFO - Processing /home/airflow/.local/lib/python3.8/site-packages/airflow/example_dags/example_task_group.py took 0.047 seconds
[2024-06-23T07:18:08.748+0000] {processor.py:157} INFO - Started process (PID=19014) to work on /home/airflow/.local/lib/python3.8/site-packages/airflow/example_dags/example_task_group.py
[2024-06-23T07:18:08.749+0000] {processor.py:829} INFO - Processing file /home/airflow/.local/lib/python3.8/site-packages/airflow/example_dags/example_task_group.py for tasks to queue
[2024-06-23T07:18:08.750+0000] {logging_mixin.py:154} INFO - [2024-06-23T07:18:08.750+0000] {dagbag.py:536} INFO - Filling up the DagBag from /home/airflow/.local/lib/python3.8/site-packages/airflow/example_dags/example_task_group.py
[2024-06-23T07:18:08.755+0000] {processor.py:839} INFO - DAG(s) dict_keys(['example_task_group']) retrieved from /home/airflow/.local/lib/python3.8/site-packages/airflow/example_dags/example_task_group.py
[2024-06-23T07:18:08.768+0000] {logging_mixin.py:154} INFO - [2024-06-23T07:18:08.768+0000] {dag.py:2941} INFO - Sync 1 DAGs
[2024-06-23T07:18:08.783+0000] {logging_mixin.py:154} INFO - [2024-06-23T07:18:08.783+0000] {dag.py:3722} INFO - Setting next_dagrun for example_task_group to 2024-06-22T07:18:08.783089+00:00, run_after=2024-06-23T07:18:08.783089+00:00
[2024-06-23T07:18:08.798+0000] {processor.py:179} INFO - Processing /home/airflow/.local/lib/python3.8/site-packages/airflow/example_dags/example_task_group.py took 0.053 seconds
[2024-06-23T07:18:38.966+0000] {processor.py:157} INFO - Started process (PID=19258) to work on /home/airflow/.local/lib/python3.8/site-packages/airflow/example_dags/example_task_group.py
[2024-06-23T07:18:38.967+0000] {processor.py:829} INFO - Processing file /home/airflow/.local/lib/python3.8/site-packages/airflow/example_dags/example_task_group.py for tasks to queue
[2024-06-23T07:18:38.967+0000] {logging_mixin.py:154} INFO - [2024-06-23T07:18:38.967+0000] {dagbag.py:536} INFO - Filling up the DagBag from /home/airflow/.local/lib/python3.8/site-packages/airflow/example_dags/example_task_group.py
[2024-06-23T07:18:38.971+0000] {processor.py:839} INFO - DAG(s) dict_keys(['example_task_group']) retrieved from /home/airflow/.local/lib/python3.8/site-packages/airflow/example_dags/example_task_group.py
[2024-06-23T07:18:38.983+0000] {logging_mixin.py:154} INFO - [2024-06-23T07:18:38.983+0000] {dag.py:2941} INFO - Sync 1 DAGs
[2024-06-23T07:18:38.993+0000] {logging_mixin.py:154} INFO - [2024-06-23T07:18:38.993+0000] {dag.py:3722} INFO - Setting next_dagrun for example_task_group to 2024-06-22T07:18:38.992915+00:00, run_after=2024-06-23T07:18:38.992915+00:00
[2024-06-23T07:18:39.002+0000] {processor.py:179} INFO - Processing /home/airflow/.local/lib/python3.8/site-packages/airflow/example_dags/example_task_group.py took 0.038 seconds
[2024-06-23T07:19:09.071+0000] {processor.py:157} INFO - Started process (PID=19501) to work on /home/airflow/.local/lib/python3.8/site-packages/airflow/example_dags/example_task_group.py
[2024-06-23T07:19:09.072+0000] {processor.py:829} INFO - Processing file /home/airflow/.local/lib/python3.8/site-packages/airflow/example_dags/example_task_group.py for tasks to queue
[2024-06-23T07:19:09.073+0000] {logging_mixin.py:154} INFO - [2024-06-23T07:19:09.073+0000] {dagbag.py:536} INFO - Filling up the DagBag from /home/airflow/.local/lib/python3.8/site-packages/airflow/example_dags/example_task_group.py
[2024-06-23T07:19:09.082+0000] {processor.py:839} INFO - DAG(s) dict_keys(['example_task_group']) retrieved from /home/airflow/.local/lib/python3.8/site-packages/airflow/example_dags/example_task_group.py
[2024-06-23T07:19:09.106+0000] {logging_mixin.py:154} INFO - [2024-06-23T07:19:09.105+0000] {dag.py:2941} INFO - Sync 1 DAGs
[2024-06-23T07:19:09.121+0000] {logging_mixin.py:154} INFO - [2024-06-23T07:19:09.121+0000] {dag.py:3722} INFO - Setting next_dagrun for example_task_group to 2024-06-22T07:19:09.121148+00:00, run_after=2024-06-23T07:19:09.121148+00:00
[2024-06-23T07:19:09.132+0000] {processor.py:179} INFO - Processing /home/airflow/.local/lib/python3.8/site-packages/airflow/example_dags/example_task_group.py took 0.064 seconds
[2024-06-23T07:19:39.524+0000] {processor.py:157} INFO - Started process (PID=19745) to work on /home/airflow/.local/lib/python3.8/site-packages/airflow/example_dags/example_task_group.py
[2024-06-23T07:19:39.525+0000] {processor.py:829} INFO - Processing file /home/airflow/.local/lib/python3.8/site-packages/airflow/example_dags/example_task_group.py for tasks to queue
[2024-06-23T07:19:39.526+0000] {logging_mixin.py:154} INFO - [2024-06-23T07:19:39.526+0000] {dagbag.py:536} INFO - Filling up the DagBag from /home/airflow/.local/lib/python3.8/site-packages/airflow/example_dags/example_task_group.py
[2024-06-23T07:19:39.535+0000] {processor.py:839} INFO - DAG(s) dict_keys(['example_task_group']) retrieved from /home/airflow/.local/lib/python3.8/site-packages/airflow/example_dags/example_task_group.py
[2024-06-23T07:19:39.561+0000] {logging_mixin.py:154} INFO - [2024-06-23T07:19:39.561+0000] {dag.py:2941} INFO - Sync 1 DAGs
[2024-06-23T07:19:39.579+0000] {logging_mixin.py:154} INFO - [2024-06-23T07:19:39.579+0000] {dag.py:3722} INFO - Setting next_dagrun for example_task_group to 2024-06-22T07:19:39.579166+00:00, run_after=2024-06-23T07:19:39.579166+00:00
[2024-06-23T07:19:39.593+0000] {processor.py:179} INFO - Processing /home/airflow/.local/lib/python3.8/site-packages/airflow/example_dags/example_task_group.py took 0.072 seconds
[2024-06-23T07:20:09.877+0000] {processor.py:157} INFO - Started process (PID=19988) to work on /home/airflow/.local/lib/python3.8/site-packages/airflow/example_dags/example_task_group.py
[2024-06-23T07:20:09.878+0000] {processor.py:829} INFO - Processing file /home/airflow/.local/lib/python3.8/site-packages/airflow/example_dags/example_task_group.py for tasks to queue
[2024-06-23T07:20:09.879+0000] {logging_mixin.py:154} INFO - [2024-06-23T07:20:09.879+0000] {dagbag.py:536} INFO - Filling up the DagBag from /home/airflow/.local/lib/python3.8/site-packages/airflow/example_dags/example_task_group.py
[2024-06-23T07:20:09.885+0000] {processor.py:839} INFO - DAG(s) dict_keys(['example_task_group']) retrieved from /home/airflow/.local/lib/python3.8/site-packages/airflow/example_dags/example_task_group.py
[2024-06-23T07:20:09.899+0000] {logging_mixin.py:154} INFO - [2024-06-23T07:20:09.899+0000] {dag.py:2941} INFO - Sync 1 DAGs
[2024-06-23T07:20:09.912+0000] {logging_mixin.py:154} INFO - [2024-06-23T07:20:09.911+0000] {dag.py:3722} INFO - Setting next_dagrun for example_task_group to 2024-06-22T07:20:09.911761+00:00, run_after=2024-06-23T07:20:09.911761+00:00
[2024-06-23T07:20:09.922+0000] {processor.py:179} INFO - Processing /home/airflow/.local/lib/python3.8/site-packages/airflow/example_dags/example_task_group.py took 0.047 seconds
[2024-06-23T07:20:40.690+0000] {processor.py:157} INFO - Started process (PID=20231) to work on /home/airflow/.local/lib/python3.8/site-packages/airflow/example_dags/example_task_group.py
[2024-06-23T07:20:40.691+0000] {processor.py:829} INFO - Processing file /home/airflow/.local/lib/python3.8/site-packages/airflow/example_dags/example_task_group.py for tasks to queue
[2024-06-23T07:20:40.692+0000] {logging_mixin.py:154} INFO - [2024-06-23T07:20:40.691+0000] {dagbag.py:536} INFO - Filling up the DagBag from /home/airflow/.local/lib/python3.8/site-packages/airflow/example_dags/example_task_group.py
[2024-06-23T07:20:40.697+0000] {processor.py:839} INFO - DAG(s) dict_keys(['example_task_group']) retrieved from /home/airflow/.local/lib/python3.8/site-packages/airflow/example_dags/example_task_group.py
[2024-06-23T07:20:40.710+0000] {logging_mixin.py:154} INFO - [2024-06-23T07:20:40.709+0000] {dag.py:2941} INFO - Sync 1 DAGs
[2024-06-23T07:20:40.721+0000] {logging_mixin.py:154} INFO - [2024-06-23T07:20:40.721+0000] {dag.py:3722} INFO - Setting next_dagrun for example_task_group to 2024-06-22T07:20:40.721199+00:00, run_after=2024-06-23T07:20:40.721199+00:00
[2024-06-23T07:20:40.730+0000] {processor.py:179} INFO - Processing /home/airflow/.local/lib/python3.8/site-packages/airflow/example_dags/example_task_group.py took 0.042 seconds
[2024-06-23T07:21:11.735+0000] {processor.py:157} INFO - Started process (PID=20475) to work on /home/airflow/.local/lib/python3.8/site-packages/airflow/example_dags/example_task_group.py
[2024-06-23T07:21:11.735+0000] {processor.py:829} INFO - Processing file /home/airflow/.local/lib/python3.8/site-packages/airflow/example_dags/example_task_group.py for tasks to queue
[2024-06-23T07:21:11.736+0000] {logging_mixin.py:154} INFO - [2024-06-23T07:21:11.736+0000] {dagbag.py:536} INFO - Filling up the DagBag from /home/airflow/.local/lib/python3.8/site-packages/airflow/example_dags/example_task_group.py
[2024-06-23T07:21:11.743+0000] {processor.py:839} INFO - DAG(s) dict_keys(['example_task_group']) retrieved from /home/airflow/.local/lib/python3.8/site-packages/airflow/example_dags/example_task_group.py
[2024-06-23T07:21:11.760+0000] {logging_mixin.py:154} INFO - [2024-06-23T07:21:11.760+0000] {dag.py:2941} INFO - Sync 1 DAGs
[2024-06-23T07:21:11.776+0000] {logging_mixin.py:154} INFO - [2024-06-23T07:21:11.776+0000] {dag.py:3722} INFO - Setting next_dagrun for example_task_group to 2024-06-22T07:21:11.776139+00:00, run_after=2024-06-23T07:21:11.776139+00:00
[2024-06-23T07:21:11.787+0000] {processor.py:179} INFO - Processing /home/airflow/.local/lib/python3.8/site-packages/airflow/example_dags/example_task_group.py took 0.055 seconds
[2024-06-23T07:21:41.963+0000] {processor.py:157} INFO - Started process (PID=20719) to work on /home/airflow/.local/lib/python3.8/site-packages/airflow/example_dags/example_task_group.py
[2024-06-23T07:21:41.966+0000] {processor.py:829} INFO - Processing file /home/airflow/.local/lib/python3.8/site-packages/airflow/example_dags/example_task_group.py for tasks to queue
[2024-06-23T07:21:41.967+0000] {logging_mixin.py:154} INFO - [2024-06-23T07:21:41.967+0000] {dagbag.py:536} INFO - Filling up the DagBag from /home/airflow/.local/lib/python3.8/site-packages/airflow/example_dags/example_task_group.py
[2024-06-23T07:21:41.977+0000] {processor.py:839} INFO - DAG(s) dict_keys(['example_task_group']) retrieved from /home/airflow/.local/lib/python3.8/site-packages/airflow/example_dags/example_task_group.py
[2024-06-23T07:21:41.993+0000] {logging_mixin.py:154} INFO - [2024-06-23T07:21:41.993+0000] {dag.py:2941} INFO - Sync 1 DAGs
[2024-06-23T07:21:42.008+0000] {logging_mixin.py:154} INFO - [2024-06-23T07:21:42.008+0000] {dag.py:3722} INFO - Setting next_dagrun for example_task_group to 2024-06-22T07:21:42.008120+00:00, run_after=2024-06-23T07:21:42.008120+00:00
[2024-06-23T07:21:42.018+0000] {processor.py:179} INFO - Processing /home/airflow/.local/lib/python3.8/site-packages/airflow/example_dags/example_task_group.py took 0.060 seconds
[2024-06-23T07:22:12.840+0000] {processor.py:157} INFO - Started process (PID=20963) to work on /home/airflow/.local/lib/python3.8/site-packages/airflow/example_dags/example_task_group.py
[2024-06-23T07:22:12.841+0000] {processor.py:829} INFO - Processing file /home/airflow/.local/lib/python3.8/site-packages/airflow/example_dags/example_task_group.py for tasks to queue
[2024-06-23T07:22:12.841+0000] {logging_mixin.py:154} INFO - [2024-06-23T07:22:12.841+0000] {dagbag.py:536} INFO - Filling up the DagBag from /home/airflow/.local/lib/python3.8/site-packages/airflow/example_dags/example_task_group.py
[2024-06-23T07:22:12.846+0000] {processor.py:839} INFO - DAG(s) dict_keys(['example_task_group']) retrieved from /home/airflow/.local/lib/python3.8/site-packages/airflow/example_dags/example_task_group.py
[2024-06-23T07:22:12.861+0000] {logging_mixin.py:154} INFO - [2024-06-23T07:22:12.861+0000] {dag.py:2941} INFO - Sync 1 DAGs
[2024-06-23T07:22:12.874+0000] {logging_mixin.py:154} INFO - [2024-06-23T07:22:12.874+0000] {dag.py:3722} INFO - Setting next_dagrun for example_task_group to 2024-06-22T07:22:12.874042+00:00, run_after=2024-06-23T07:22:12.874042+00:00
[2024-06-23T07:22:12.886+0000] {processor.py:179} INFO - Processing /home/airflow/.local/lib/python3.8/site-packages/airflow/example_dags/example_task_group.py took 0.048 seconds
[2024-06-23T07:22:43.640+0000] {processor.py:157} INFO - Started process (PID=21207) to work on /home/airflow/.local/lib/python3.8/site-packages/airflow/example_dags/example_task_group.py
[2024-06-23T07:22:43.642+0000] {processor.py:829} INFO - Processing file /home/airflow/.local/lib/python3.8/site-packages/airflow/example_dags/example_task_group.py for tasks to queue
[2024-06-23T07:22:43.643+0000] {logging_mixin.py:154} INFO - [2024-06-23T07:22:43.642+0000] {dagbag.py:536} INFO - Filling up the DagBag from /home/airflow/.local/lib/python3.8/site-packages/airflow/example_dags/example_task_group.py
[2024-06-23T07:22:43.649+0000] {processor.py:839} INFO - DAG(s) dict_keys(['example_task_group']) retrieved from /home/airflow/.local/lib/python3.8/site-packages/airflow/example_dags/example_task_group.py
[2024-06-23T07:22:43.661+0000] {logging_mixin.py:154} INFO - [2024-06-23T07:22:43.661+0000] {dag.py:2941} INFO - Sync 1 DAGs
[2024-06-23T07:22:43.673+0000] {logging_mixin.py:154} INFO - [2024-06-23T07:22:43.673+0000] {dag.py:3722} INFO - Setting next_dagrun for example_task_group to 2024-06-22T07:22:43.673230+00:00, run_after=2024-06-23T07:22:43.673230+00:00
[2024-06-23T07:22:43.681+0000] {processor.py:179} INFO - Processing /home/airflow/.local/lib/python3.8/site-packages/airflow/example_dags/example_task_group.py took 0.044 seconds
[2024-06-23T07:23:14.591+0000] {processor.py:157} INFO - Started process (PID=21451) to work on /home/airflow/.local/lib/python3.8/site-packages/airflow/example_dags/example_task_group.py
[2024-06-23T07:23:14.594+0000] {processor.py:829} INFO - Processing file /home/airflow/.local/lib/python3.8/site-packages/airflow/example_dags/example_task_group.py for tasks to queue
[2024-06-23T07:23:14.597+0000] {logging_mixin.py:154} INFO - [2024-06-23T07:23:14.597+0000] {dagbag.py:536} INFO - Filling up the DagBag from /home/airflow/.local/lib/python3.8/site-packages/airflow/example_dags/example_task_group.py
[2024-06-23T07:23:14.608+0000] {processor.py:839} INFO - DAG(s) dict_keys(['example_task_group']) retrieved from /home/airflow/.local/lib/python3.8/site-packages/airflow/example_dags/example_task_group.py
[2024-06-23T07:23:14.630+0000] {logging_mixin.py:154} INFO - [2024-06-23T07:23:14.630+0000] {dag.py:2941} INFO - Sync 1 DAGs
[2024-06-23T07:23:14.646+0000] {logging_mixin.py:154} INFO - [2024-06-23T07:23:14.646+0000] {dag.py:3722} INFO - Setting next_dagrun for example_task_group to 2024-06-22T07:23:14.645869+00:00, run_after=2024-06-23T07:23:14.645869+00:00
[2024-06-23T07:23:14.669+0000] {processor.py:179} INFO - Processing /home/airflow/.local/lib/python3.8/site-packages/airflow/example_dags/example_task_group.py took 0.084 seconds
[2024-06-23T07:23:45.244+0000] {processor.py:157} INFO - Started process (PID=21695) to work on /home/airflow/.local/lib/python3.8/site-packages/airflow/example_dags/example_task_group.py
[2024-06-23T07:23:45.246+0000] {processor.py:829} INFO - Processing file /home/airflow/.local/lib/python3.8/site-packages/airflow/example_dags/example_task_group.py for tasks to queue
[2024-06-23T07:23:45.247+0000] {logging_mixin.py:154} INFO - [2024-06-23T07:23:45.247+0000] {dagbag.py:536} INFO - Filling up the DagBag from /home/airflow/.local/lib/python3.8/site-packages/airflow/example_dags/example_task_group.py
[2024-06-23T07:23:45.256+0000] {processor.py:839} INFO - DAG(s) dict_keys(['example_task_group']) retrieved from /home/airflow/.local/lib/python3.8/site-packages/airflow/example_dags/example_task_group.py
[2024-06-23T07:23:45.273+0000] {logging_mixin.py:154} INFO - [2024-06-23T07:23:45.273+0000] {dag.py:2941} INFO - Sync 1 DAGs
[2024-06-23T07:23:45.286+0000] {logging_mixin.py:154} INFO - [2024-06-23T07:23:45.286+0000] {dag.py:3722} INFO - Setting next_dagrun for example_task_group to 2024-06-22T07:23:45.286633+00:00, run_after=2024-06-23T07:23:45.286633+00:00
[2024-06-23T07:23:45.296+0000] {processor.py:179} INFO - Processing /home/airflow/.local/lib/python3.8/site-packages/airflow/example_dags/example_task_group.py took 0.056 seconds
[2024-06-23T07:24:16.245+0000] {processor.py:157} INFO - Started process (PID=21939) to work on /home/airflow/.local/lib/python3.8/site-packages/airflow/example_dags/example_task_group.py
[2024-06-23T07:24:16.246+0000] {processor.py:829} INFO - Processing file /home/airflow/.local/lib/python3.8/site-packages/airflow/example_dags/example_task_group.py for tasks to queue
[2024-06-23T07:24:16.247+0000] {logging_mixin.py:154} INFO - [2024-06-23T07:24:16.246+0000] {dagbag.py:536} INFO - Filling up the DagBag from /home/airflow/.local/lib/python3.8/site-packages/airflow/example_dags/example_task_group.py
[2024-06-23T07:24:16.252+0000] {processor.py:839} INFO - DAG(s) dict_keys(['example_task_group']) retrieved from /home/airflow/.local/lib/python3.8/site-packages/airflow/example_dags/example_task_group.py
[2024-06-23T07:24:16.266+0000] {logging_mixin.py:154} INFO - [2024-06-23T07:24:16.265+0000] {dag.py:2941} INFO - Sync 1 DAGs
[2024-06-23T07:24:16.278+0000] {logging_mixin.py:154} INFO - [2024-06-23T07:24:16.278+0000] {dag.py:3722} INFO - Setting next_dagrun for example_task_group to 2024-06-22T07:24:16.278345+00:00, run_after=2024-06-23T07:24:16.278345+00:00
[2024-06-23T07:24:16.293+0000] {processor.py:179} INFO - Processing /home/airflow/.local/lib/python3.8/site-packages/airflow/example_dags/example_task_group.py took 0.050 seconds
[2024-06-23T07:24:47.257+0000] {processor.py:157} INFO - Started process (PID=22183) to work on /home/airflow/.local/lib/python3.8/site-packages/airflow/example_dags/example_task_group.py
[2024-06-23T07:24:47.258+0000] {processor.py:829} INFO - Processing file /home/airflow/.local/lib/python3.8/site-packages/airflow/example_dags/example_task_group.py for tasks to queue
[2024-06-23T07:24:47.259+0000] {logging_mixin.py:154} INFO - [2024-06-23T07:24:47.259+0000] {dagbag.py:536} INFO - Filling up the DagBag from /home/airflow/.local/lib/python3.8/site-packages/airflow/example_dags/example_task_group.py
[2024-06-23T07:24:47.264+0000] {processor.py:839} INFO - DAG(s) dict_keys(['example_task_group']) retrieved from /home/airflow/.local/lib/python3.8/site-packages/airflow/example_dags/example_task_group.py
[2024-06-23T07:24:47.279+0000] {logging_mixin.py:154} INFO - [2024-06-23T07:24:47.279+0000] {dag.py:2941} INFO - Sync 1 DAGs
[2024-06-23T07:24:47.294+0000] {logging_mixin.py:154} INFO - [2024-06-23T07:24:47.294+0000] {dag.py:3722} INFO - Setting next_dagrun for example_task_group to 2024-06-22T07:24:47.294029+00:00, run_after=2024-06-23T07:24:47.294029+00:00
[2024-06-23T07:24:47.305+0000] {processor.py:179} INFO - Processing /home/airflow/.local/lib/python3.8/site-packages/airflow/example_dags/example_task_group.py took 0.051 seconds
[2024-06-23T07:25:17.343+0000] {processor.py:157} INFO - Started process (PID=22427) to work on /home/airflow/.local/lib/python3.8/site-packages/airflow/example_dags/example_task_group.py
[2024-06-23T07:25:17.344+0000] {processor.py:829} INFO - Processing file /home/airflow/.local/lib/python3.8/site-packages/airflow/example_dags/example_task_group.py for tasks to queue
[2024-06-23T07:25:17.346+0000] {logging_mixin.py:154} INFO - [2024-06-23T07:25:17.345+0000] {dagbag.py:536} INFO - Filling up the DagBag from /home/airflow/.local/lib/python3.8/site-packages/airflow/example_dags/example_task_group.py
[2024-06-23T07:25:17.354+0000] {processor.py:839} INFO - DAG(s) dict_keys(['example_task_group']) retrieved from /home/airflow/.local/lib/python3.8/site-packages/airflow/example_dags/example_task_group.py
[2024-06-23T07:25:17.371+0000] {logging_mixin.py:154} INFO - [2024-06-23T07:25:17.371+0000] {dag.py:2941} INFO - Sync 1 DAGs
[2024-06-23T07:25:17.385+0000] {logging_mixin.py:154} INFO - [2024-06-23T07:25:17.385+0000] {dag.py:3722} INFO - Setting next_dagrun for example_task_group to 2024-06-22T07:25:17.385572+00:00, run_after=2024-06-23T07:25:17.385572+00:00
[2024-06-23T07:25:17.396+0000] {processor.py:179} INFO - Processing /home/airflow/.local/lib/python3.8/site-packages/airflow/example_dags/example_task_group.py took 0.057 seconds
[2024-06-23T07:25:47.597+0000] {processor.py:157} INFO - Started process (PID=22671) to work on /home/airflow/.local/lib/python3.8/site-packages/airflow/example_dags/example_task_group.py
[2024-06-23T07:25:47.598+0000] {processor.py:829} INFO - Processing file /home/airflow/.local/lib/python3.8/site-packages/airflow/example_dags/example_task_group.py for tasks to queue
[2024-06-23T07:25:47.599+0000] {logging_mixin.py:154} INFO - [2024-06-23T07:25:47.599+0000] {dagbag.py:536} INFO - Filling up the DagBag from /home/airflow/.local/lib/python3.8/site-packages/airflow/example_dags/example_task_group.py
[2024-06-23T07:25:47.607+0000] {processor.py:839} INFO - DAG(s) dict_keys(['example_task_group']) retrieved from /home/airflow/.local/lib/python3.8/site-packages/airflow/example_dags/example_task_group.py
[2024-06-23T07:25:47.620+0000] {logging_mixin.py:154} INFO - [2024-06-23T07:25:47.620+0000] {dag.py:2941} INFO - Sync 1 DAGs
[2024-06-23T07:25:47.631+0000] {logging_mixin.py:154} INFO - [2024-06-23T07:25:47.631+0000] {dag.py:3722} INFO - Setting next_dagrun for example_task_group to 2024-06-22T07:25:47.631535+00:00, run_after=2024-06-23T07:25:47.631535+00:00
[2024-06-23T07:25:47.639+0000] {processor.py:179} INFO - Processing /home/airflow/.local/lib/python3.8/site-packages/airflow/example_dags/example_task_group.py took 0.046 seconds
[2024-06-23T07:26:18.365+0000] {processor.py:157} INFO - Started process (PID=22915) to work on /home/airflow/.local/lib/python3.8/site-packages/airflow/example_dags/example_task_group.py
[2024-06-23T07:26:18.370+0000] {processor.py:829} INFO - Processing file /home/airflow/.local/lib/python3.8/site-packages/airflow/example_dags/example_task_group.py for tasks to queue
[2024-06-23T07:26:18.371+0000] {logging_mixin.py:154} INFO - [2024-06-23T07:26:18.370+0000] {dagbag.py:536} INFO - Filling up the DagBag from /home/airflow/.local/lib/python3.8/site-packages/airflow/example_dags/example_task_group.py
[2024-06-23T07:26:18.376+0000] {processor.py:839} INFO - DAG(s) dict_keys(['example_task_group']) retrieved from /home/airflow/.local/lib/python3.8/site-packages/airflow/example_dags/example_task_group.py
[2024-06-23T07:26:18.390+0000] {logging_mixin.py:154} INFO - [2024-06-23T07:26:18.390+0000] {dag.py:2941} INFO - Sync 1 DAGs
[2024-06-23T07:26:18.404+0000] {logging_mixin.py:154} INFO - [2024-06-23T07:26:18.404+0000] {dag.py:3722} INFO - Setting next_dagrun for example_task_group to 2024-06-22T07:26:18.404175+00:00, run_after=2024-06-23T07:26:18.404175+00:00
[2024-06-23T07:26:18.415+0000] {processor.py:179} INFO - Processing /home/airflow/.local/lib/python3.8/site-packages/airflow/example_dags/example_task_group.py took 0.051 seconds
[2024-06-23T07:26:49.277+0000] {processor.py:157} INFO - Started process (PID=23159) to work on /home/airflow/.local/lib/python3.8/site-packages/airflow/example_dags/example_task_group.py
[2024-06-23T07:26:49.279+0000] {processor.py:829} INFO - Processing file /home/airflow/.local/lib/python3.8/site-packages/airflow/example_dags/example_task_group.py for tasks to queue
[2024-06-23T07:26:49.279+0000] {logging_mixin.py:154} INFO - [2024-06-23T07:26:49.279+0000] {dagbag.py:536} INFO - Filling up the DagBag from /home/airflow/.local/lib/python3.8/site-packages/airflow/example_dags/example_task_group.py
[2024-06-23T07:26:49.286+0000] {processor.py:839} INFO - DAG(s) dict_keys(['example_task_group']) retrieved from /home/airflow/.local/lib/python3.8/site-packages/airflow/example_dags/example_task_group.py
[2024-06-23T07:26:49.302+0000] {logging_mixin.py:154} INFO - [2024-06-23T07:26:49.302+0000] {dag.py:2941} INFO - Sync 1 DAGs
[2024-06-23T07:26:49.318+0000] {logging_mixin.py:154} INFO - [2024-06-23T07:26:49.318+0000] {dag.py:3722} INFO - Setting next_dagrun for example_task_group to 2024-06-22T07:26:49.318685+00:00, run_after=2024-06-23T07:26:49.318685+00:00
[2024-06-23T07:26:49.334+0000] {processor.py:179} INFO - Processing /home/airflow/.local/lib/python3.8/site-packages/airflow/example_dags/example_task_group.py took 0.059 seconds
[2024-06-23T07:27:20.179+0000] {processor.py:157} INFO - Started process (PID=23402) to work on /home/airflow/.local/lib/python3.8/site-packages/airflow/example_dags/example_task_group.py
[2024-06-23T07:27:20.180+0000] {processor.py:829} INFO - Processing file /home/airflow/.local/lib/python3.8/site-packages/airflow/example_dags/example_task_group.py for tasks to queue
[2024-06-23T07:27:20.181+0000] {logging_mixin.py:154} INFO - [2024-06-23T07:27:20.181+0000] {dagbag.py:536} INFO - Filling up the DagBag from /home/airflow/.local/lib/python3.8/site-packages/airflow/example_dags/example_task_group.py
[2024-06-23T07:27:20.187+0000] {processor.py:839} INFO - DAG(s) dict_keys(['example_task_group']) retrieved from /home/airflow/.local/lib/python3.8/site-packages/airflow/example_dags/example_task_group.py
[2024-06-23T07:27:20.204+0000] {logging_mixin.py:154} INFO - [2024-06-23T07:27:20.203+0000] {dag.py:2941} INFO - Sync 1 DAGs
[2024-06-23T07:27:20.217+0000] {logging_mixin.py:154} INFO - [2024-06-23T07:27:20.217+0000] {dag.py:3722} INFO - Setting next_dagrun for example_task_group to 2024-06-22T07:27:20.217119+00:00, run_after=2024-06-23T07:27:20.217119+00:00
[2024-06-23T07:27:20.241+0000] {processor.py:179} INFO - Processing /home/airflow/.local/lib/python3.8/site-packages/airflow/example_dags/example_task_group.py took 0.064 seconds
[2024-06-23T07:27:50.993+0000] {processor.py:157} INFO - Started process (PID=23646) to work on /home/airflow/.local/lib/python3.8/site-packages/airflow/example_dags/example_task_group.py
[2024-06-23T07:27:50.994+0000] {processor.py:829} INFO - Processing file /home/airflow/.local/lib/python3.8/site-packages/airflow/example_dags/example_task_group.py for tasks to queue
[2024-06-23T07:27:50.996+0000] {logging_mixin.py:154} INFO - [2024-06-23T07:27:50.996+0000] {dagbag.py:536} INFO - Filling up the DagBag from /home/airflow/.local/lib/python3.8/site-packages/airflow/example_dags/example_task_group.py
[2024-06-23T07:27:51.001+0000] {processor.py:839} INFO - DAG(s) dict_keys(['example_task_group']) retrieved from /home/airflow/.local/lib/python3.8/site-packages/airflow/example_dags/example_task_group.py
[2024-06-23T07:27:51.019+0000] {logging_mixin.py:154} INFO - [2024-06-23T07:27:51.019+0000] {dag.py:2941} INFO - Sync 1 DAGs
[2024-06-23T07:27:51.034+0000] {logging_mixin.py:154} INFO - [2024-06-23T07:27:51.034+0000] {dag.py:3722} INFO - Setting next_dagrun for example_task_group to 2024-06-22T07:27:51.034509+00:00, run_after=2024-06-23T07:27:51.034509+00:00
[2024-06-23T07:27:51.047+0000] {processor.py:179} INFO - Processing /home/airflow/.local/lib/python3.8/site-packages/airflow/example_dags/example_task_group.py took 0.057 seconds
[2024-06-23T07:28:22.043+0000] {processor.py:157} INFO - Started process (PID=23890) to work on /home/airflow/.local/lib/python3.8/site-packages/airflow/example_dags/example_task_group.py
[2024-06-23T07:28:22.045+0000] {processor.py:829} INFO - Processing file /home/airflow/.local/lib/python3.8/site-packages/airflow/example_dags/example_task_group.py for tasks to queue
[2024-06-23T07:28:22.046+0000] {logging_mixin.py:154} INFO - [2024-06-23T07:28:22.046+0000] {dagbag.py:536} INFO - Filling up the DagBag from /home/airflow/.local/lib/python3.8/site-packages/airflow/example_dags/example_task_group.py
[2024-06-23T07:28:22.054+0000] {processor.py:839} INFO - DAG(s) dict_keys(['example_task_group']) retrieved from /home/airflow/.local/lib/python3.8/site-packages/airflow/example_dags/example_task_group.py
[2024-06-23T07:28:22.073+0000] {logging_mixin.py:154} INFO - [2024-06-23T07:28:22.072+0000] {dag.py:2941} INFO - Sync 1 DAGs
[2024-06-23T07:28:22.086+0000] {logging_mixin.py:154} INFO - [2024-06-23T07:28:22.086+0000] {dag.py:3722} INFO - Setting next_dagrun for example_task_group to 2024-06-22T07:28:22.086269+00:00, run_after=2024-06-23T07:28:22.086269+00:00
[2024-06-23T07:28:22.098+0000] {processor.py:179} INFO - Processing /home/airflow/.local/lib/python3.8/site-packages/airflow/example_dags/example_task_group.py took 0.059 seconds
[2024-06-23T07:28:52.158+0000] {processor.py:157} INFO - Started process (PID=24134) to work on /home/airflow/.local/lib/python3.8/site-packages/airflow/example_dags/example_task_group.py
[2024-06-23T07:28:52.160+0000] {processor.py:829} INFO - Processing file /home/airflow/.local/lib/python3.8/site-packages/airflow/example_dags/example_task_group.py for tasks to queue
[2024-06-23T07:28:52.161+0000] {logging_mixin.py:154} INFO - [2024-06-23T07:28:52.161+0000] {dagbag.py:536} INFO - Filling up the DagBag from /home/airflow/.local/lib/python3.8/site-packages/airflow/example_dags/example_task_group.py
[2024-06-23T07:28:52.168+0000] {processor.py:839} INFO - DAG(s) dict_keys(['example_task_group']) retrieved from /home/airflow/.local/lib/python3.8/site-packages/airflow/example_dags/example_task_group.py
[2024-06-23T07:28:52.182+0000] {logging_mixin.py:154} INFO - [2024-06-23T07:28:52.182+0000] {dag.py:2941} INFO - Sync 1 DAGs
[2024-06-23T07:28:52.195+0000] {logging_mixin.py:154} INFO - [2024-06-23T07:28:52.195+0000] {dag.py:3722} INFO - Setting next_dagrun for example_task_group to 2024-06-22T07:28:52.195172+00:00, run_after=2024-06-23T07:28:52.195172+00:00
[2024-06-23T07:28:52.206+0000] {processor.py:179} INFO - Processing /home/airflow/.local/lib/python3.8/site-packages/airflow/example_dags/example_task_group.py took 0.052 seconds
[2024-06-23T07:29:22.373+0000] {processor.py:157} INFO - Started process (PID=24378) to work on /home/airflow/.local/lib/python3.8/site-packages/airflow/example_dags/example_task_group.py
[2024-06-23T07:29:22.374+0000] {processor.py:829} INFO - Processing file /home/airflow/.local/lib/python3.8/site-packages/airflow/example_dags/example_task_group.py for tasks to queue
[2024-06-23T07:29:22.374+0000] {logging_mixin.py:154} INFO - [2024-06-23T07:29:22.374+0000] {dagbag.py:536} INFO - Filling up the DagBag from /home/airflow/.local/lib/python3.8/site-packages/airflow/example_dags/example_task_group.py
[2024-06-23T07:29:22.380+0000] {processor.py:839} INFO - DAG(s) dict_keys(['example_task_group']) retrieved from /home/airflow/.local/lib/python3.8/site-packages/airflow/example_dags/example_task_group.py
[2024-06-23T07:29:22.395+0000] {logging_mixin.py:154} INFO - [2024-06-23T07:29:22.395+0000] {dag.py:2941} INFO - Sync 1 DAGs
[2024-06-23T07:29:22.408+0000] {logging_mixin.py:154} INFO - [2024-06-23T07:29:22.408+0000] {dag.py:3722} INFO - Setting next_dagrun for example_task_group to 2024-06-22T07:29:22.408308+00:00, run_after=2024-06-23T07:29:22.408308+00:00
[2024-06-23T07:29:22.419+0000] {processor.py:179} INFO - Processing /home/airflow/.local/lib/python3.8/site-packages/airflow/example_dags/example_task_group.py took 0.049 seconds
[2024-06-23T07:29:52.759+0000] {processor.py:157} INFO - Started process (PID=24622) to work on /home/airflow/.local/lib/python3.8/site-packages/airflow/example_dags/example_task_group.py
[2024-06-23T07:29:52.763+0000] {processor.py:829} INFO - Processing file /home/airflow/.local/lib/python3.8/site-packages/airflow/example_dags/example_task_group.py for tasks to queue
[2024-06-23T07:29:52.764+0000] {logging_mixin.py:154} INFO - [2024-06-23T07:29:52.764+0000] {dagbag.py:536} INFO - Filling up the DagBag from /home/airflow/.local/lib/python3.8/site-packages/airflow/example_dags/example_task_group.py
[2024-06-23T07:29:52.772+0000] {processor.py:839} INFO - DAG(s) dict_keys(['example_task_group']) retrieved from /home/airflow/.local/lib/python3.8/site-packages/airflow/example_dags/example_task_group.py
[2024-06-23T07:29:52.790+0000] {logging_mixin.py:154} INFO - [2024-06-23T07:29:52.790+0000] {dag.py:2941} INFO - Sync 1 DAGs
[2024-06-23T07:29:52.808+0000] {logging_mixin.py:154} INFO - [2024-06-23T07:29:52.808+0000] {dag.py:3722} INFO - Setting next_dagrun for example_task_group to 2024-06-22T07:29:52.807932+00:00, run_after=2024-06-23T07:29:52.807932+00:00
[2024-06-23T07:29:52.823+0000] {processor.py:179} INFO - Processing /home/airflow/.local/lib/python3.8/site-packages/airflow/example_dags/example_task_group.py took 0.068 seconds
[2024-06-23T07:30:23.419+0000] {processor.py:157} INFO - Started process (PID=24866) to work on /home/airflow/.local/lib/python3.8/site-packages/airflow/example_dags/example_task_group.py
[2024-06-23T07:30:23.421+0000] {processor.py:829} INFO - Processing file /home/airflow/.local/lib/python3.8/site-packages/airflow/example_dags/example_task_group.py for tasks to queue
[2024-06-23T07:30:23.422+0000] {logging_mixin.py:154} INFO - [2024-06-23T07:30:23.421+0000] {dagbag.py:536} INFO - Filling up the DagBag from /home/airflow/.local/lib/python3.8/site-packages/airflow/example_dags/example_task_group.py
[2024-06-23T07:30:23.430+0000] {processor.py:839} INFO - DAG(s) dict_keys(['example_task_group']) retrieved from /home/airflow/.local/lib/python3.8/site-packages/airflow/example_dags/example_task_group.py
[2024-06-23T07:30:23.446+0000] {logging_mixin.py:154} INFO - [2024-06-23T07:30:23.446+0000] {dag.py:2941} INFO - Sync 1 DAGs
[2024-06-23T07:30:23.460+0000] {logging_mixin.py:154} INFO - [2024-06-23T07:30:23.459+0000] {dag.py:3722} INFO - Setting next_dagrun for example_task_group to 2024-06-22T07:30:23.459767+00:00, run_after=2024-06-23T07:30:23.459767+00:00
[2024-06-23T07:30:23.469+0000] {processor.py:179} INFO - Processing /home/airflow/.local/lib/python3.8/site-packages/airflow/example_dags/example_task_group.py took 0.055 seconds
[2024-06-23T07:30:54.456+0000] {processor.py:157} INFO - Started process (PID=25110) to work on /home/airflow/.local/lib/python3.8/site-packages/airflow/example_dags/example_task_group.py
[2024-06-23T07:30:54.458+0000] {processor.py:829} INFO - Processing file /home/airflow/.local/lib/python3.8/site-packages/airflow/example_dags/example_task_group.py for tasks to queue
[2024-06-23T07:30:54.459+0000] {logging_mixin.py:154} INFO - [2024-06-23T07:30:54.458+0000] {dagbag.py:536} INFO - Filling up the DagBag from /home/airflow/.local/lib/python3.8/site-packages/airflow/example_dags/example_task_group.py
[2024-06-23T07:30:54.467+0000] {processor.py:839} INFO - DAG(s) dict_keys(['example_task_group']) retrieved from /home/airflow/.local/lib/python3.8/site-packages/airflow/example_dags/example_task_group.py
[2024-06-23T07:30:54.485+0000] {logging_mixin.py:154} INFO - [2024-06-23T07:30:54.485+0000] {dag.py:2941} INFO - Sync 1 DAGs
[2024-06-23T07:30:54.514+0000] {logging_mixin.py:154} INFO - [2024-06-23T07:30:54.514+0000] {dag.py:3722} INFO - Setting next_dagrun for example_task_group to 2024-06-22T07:30:54.514416+00:00, run_after=2024-06-23T07:30:54.514416+00:00
[2024-06-23T07:30:54.527+0000] {processor.py:179} INFO - Processing /home/airflow/.local/lib/python3.8/site-packages/airflow/example_dags/example_task_group.py took 0.075 seconds
