[2024-06-23T01:24:24.262+0000] {processor.py:157} INFO - Started process (PID=13163) to work on /home/airflow/.local/lib/python3.8/site-packages/airflow/example_dags/example_nested_branch_dag.py
[2024-06-23T01:24:24.263+0000] {processor.py:829} INFO - Processing file /home/airflow/.local/lib/python3.8/site-packages/airflow/example_dags/example_nested_branch_dag.py for tasks to queue
[2024-06-23T01:24:24.264+0000] {logging_mixin.py:154} INFO - [2024-06-23T01:24:24.264+0000] {dagbag.py:536} INFO - Filling up the DagBag from /home/airflow/.local/lib/python3.8/site-packages/airflow/example_dags/example_nested_branch_dag.py
[2024-06-23T01:24:24.271+0000] {processor.py:839} INFO - DAG(s) dict_keys(['example_nested_branch_dag']) retrieved from /home/airflow/.local/lib/python3.8/site-packages/airflow/example_dags/example_nested_branch_dag.py
[2024-06-23T01:24:24.288+0000] {logging_mixin.py:154} INFO - [2024-06-23T01:24:24.288+0000] {dag.py:2941} INFO - Sync 1 DAGs
[2024-06-23T01:24:24.307+0000] {logging_mixin.py:154} INFO - [2024-06-23T01:24:24.307+0000] {dag.py:3722} INFO - Setting next_dagrun for example_nested_branch_dag to 2024-06-22T00:00:00+00:00, run_after=2024-06-23T00:00:00+00:00
[2024-06-23T01:24:24.328+0000] {processor.py:179} INFO - Processing /home/airflow/.local/lib/python3.8/site-packages/airflow/example_dags/example_nested_branch_dag.py took 0.069 seconds
[2024-06-23T02:48:33.109+0000] {processor.py:157} INFO - Started process (PID=13408) to work on /home/airflow/.local/lib/python3.8/site-packages/airflow/example_dags/example_nested_branch_dag.py
[2024-06-23T02:48:33.110+0000] {processor.py:829} INFO - Processing file /home/airflow/.local/lib/python3.8/site-packages/airflow/example_dags/example_nested_branch_dag.py for tasks to queue
[2024-06-23T02:48:33.111+0000] {logging_mixin.py:154} INFO - [2024-06-23T02:48:33.110+0000] {dagbag.py:536} INFO - Filling up the DagBag from /home/airflow/.local/lib/python3.8/site-packages/airflow/example_dags/example_nested_branch_dag.py
[2024-06-23T02:48:33.118+0000] {processor.py:839} INFO - DAG(s) dict_keys(['example_nested_branch_dag']) retrieved from /home/airflow/.local/lib/python3.8/site-packages/airflow/example_dags/example_nested_branch_dag.py
[2024-06-23T02:48:33.133+0000] {logging_mixin.py:154} INFO - [2024-06-23T02:48:33.133+0000] {dag.py:2941} INFO - Sync 1 DAGs
[2024-06-23T02:48:33.147+0000] {logging_mixin.py:154} INFO - [2024-06-23T02:48:33.146+0000] {dag.py:3722} INFO - Setting next_dagrun for example_nested_branch_dag to 2024-06-22T00:00:00+00:00, run_after=2024-06-23T00:00:00+00:00
[2024-06-23T02:48:33.159+0000] {processor.py:179} INFO - Processing /home/airflow/.local/lib/python3.8/site-packages/airflow/example_dags/example_nested_branch_dag.py took 0.053 seconds
[2024-06-23T04:09:04.035+0000] {processor.py:157} INFO - Started process (PID=13652) to work on /home/airflow/.local/lib/python3.8/site-packages/airflow/example_dags/example_nested_branch_dag.py
[2024-06-23T04:09:04.036+0000] {processor.py:829} INFO - Processing file /home/airflow/.local/lib/python3.8/site-packages/airflow/example_dags/example_nested_branch_dag.py for tasks to queue
[2024-06-23T04:09:04.036+0000] {logging_mixin.py:154} INFO - [2024-06-23T04:09:04.036+0000] {dagbag.py:536} INFO - Filling up the DagBag from /home/airflow/.local/lib/python3.8/site-packages/airflow/example_dags/example_nested_branch_dag.py
[2024-06-23T04:09:04.042+0000] {processor.py:839} INFO - DAG(s) dict_keys(['example_nested_branch_dag']) retrieved from /home/airflow/.local/lib/python3.8/site-packages/airflow/example_dags/example_nested_branch_dag.py
[2024-06-23T04:09:04.055+0000] {logging_mixin.py:154} INFO - [2024-06-23T04:09:04.055+0000] {dag.py:2941} INFO - Sync 1 DAGs
[2024-06-23T04:09:04.070+0000] {logging_mixin.py:154} INFO - [2024-06-23T04:09:04.070+0000] {dag.py:3722} INFO - Setting next_dagrun for example_nested_branch_dag to 2024-06-22T00:00:00+00:00, run_after=2024-06-23T00:00:00+00:00
[2024-06-23T04:09:04.083+0000] {processor.py:179} INFO - Processing /home/airflow/.local/lib/python3.8/site-packages/airflow/example_dags/example_nested_branch_dag.py took 0.050 seconds
[2024-06-23T05:49:42.932+0000] {processor.py:157} INFO - Started process (PID=13898) to work on /home/airflow/.local/lib/python3.8/site-packages/airflow/example_dags/example_nested_branch_dag.py
[2024-06-23T05:49:42.933+0000] {processor.py:829} INFO - Processing file /home/airflow/.local/lib/python3.8/site-packages/airflow/example_dags/example_nested_branch_dag.py for tasks to queue
[2024-06-23T05:49:42.934+0000] {logging_mixin.py:154} INFO - [2024-06-23T05:49:42.934+0000] {dagbag.py:536} INFO - Filling up the DagBag from /home/airflow/.local/lib/python3.8/site-packages/airflow/example_dags/example_nested_branch_dag.py
[2024-06-23T05:49:42.942+0000] {processor.py:839} INFO - DAG(s) dict_keys(['example_nested_branch_dag']) retrieved from /home/airflow/.local/lib/python3.8/site-packages/airflow/example_dags/example_nested_branch_dag.py
[2024-06-23T05:49:42.961+0000] {logging_mixin.py:154} INFO - [2024-06-23T05:49:42.961+0000] {dag.py:2941} INFO - Sync 1 DAGs
[2024-06-23T05:49:42.974+0000] {logging_mixin.py:154} INFO - [2024-06-23T05:49:42.974+0000] {dag.py:3722} INFO - Setting next_dagrun for example_nested_branch_dag to 2024-06-22T00:00:00+00:00, run_after=2024-06-23T00:00:00+00:00
[2024-06-23T05:49:42.988+0000] {processor.py:179} INFO - Processing /home/airflow/.local/lib/python3.8/site-packages/airflow/example_dags/example_nested_branch_dag.py took 0.058 seconds
[2024-06-23T07:07:58.924+0000] {processor.py:157} INFO - Started process (PID=14151) to work on /home/airflow/.local/lib/python3.8/site-packages/airflow/example_dags/example_nested_branch_dag.py
[2024-06-23T07:07:58.926+0000] {processor.py:829} INFO - Processing file /home/airflow/.local/lib/python3.8/site-packages/airflow/example_dags/example_nested_branch_dag.py for tasks to queue
[2024-06-23T07:07:58.932+0000] {logging_mixin.py:154} INFO - [2024-06-23T07:07:58.932+0000] {dagbag.py:536} INFO - Filling up the DagBag from /home/airflow/.local/lib/python3.8/site-packages/airflow/example_dags/example_nested_branch_dag.py
[2024-06-23T07:07:58.946+0000] {processor.py:839} INFO - DAG(s) dict_keys(['example_nested_branch_dag']) retrieved from /home/airflow/.local/lib/python3.8/site-packages/airflow/example_dags/example_nested_branch_dag.py
[2024-06-23T07:07:58.974+0000] {logging_mixin.py:154} INFO - [2024-06-23T07:07:58.974+0000] {dag.py:2941} INFO - Sync 1 DAGs
[2024-06-23T07:07:59.002+0000] {logging_mixin.py:154} INFO - [2024-06-23T07:07:59.002+0000] {dag.py:3722} INFO - Setting next_dagrun for example_nested_branch_dag to 2024-06-22T00:00:00+00:00, run_after=2024-06-23T00:00:00+00:00
[2024-06-23T07:07:59.025+0000] {processor.py:179} INFO - Processing /home/airflow/.local/lib/python3.8/site-packages/airflow/example_dags/example_nested_branch_dag.py took 0.106 seconds
[2024-06-23T07:08:29.924+0000] {processor.py:157} INFO - Started process (PID=14397) to work on /home/airflow/.local/lib/python3.8/site-packages/airflow/example_dags/example_nested_branch_dag.py
[2024-06-23T07:08:29.927+0000] {processor.py:829} INFO - Processing file /home/airflow/.local/lib/python3.8/site-packages/airflow/example_dags/example_nested_branch_dag.py for tasks to queue
[2024-06-23T07:08:29.929+0000] {logging_mixin.py:154} INFO - [2024-06-23T07:08:29.929+0000] {dagbag.py:536} INFO - Filling up the DagBag from /home/airflow/.local/lib/python3.8/site-packages/airflow/example_dags/example_nested_branch_dag.py
[2024-06-23T07:08:29.945+0000] {processor.py:839} INFO - DAG(s) dict_keys(['example_nested_branch_dag']) retrieved from /home/airflow/.local/lib/python3.8/site-packages/airflow/example_dags/example_nested_branch_dag.py
[2024-06-23T07:08:29.964+0000] {logging_mixin.py:154} INFO - [2024-06-23T07:08:29.964+0000] {dag.py:2941} INFO - Sync 1 DAGs
[2024-06-23T07:08:29.981+0000] {logging_mixin.py:154} INFO - [2024-06-23T07:08:29.981+0000] {dag.py:3722} INFO - Setting next_dagrun for example_nested_branch_dag to 2024-06-22T00:00:00+00:00, run_after=2024-06-23T00:00:00+00:00
[2024-06-23T07:08:30.011+0000] {processor.py:179} INFO - Processing /home/airflow/.local/lib/python3.8/site-packages/airflow/example_dags/example_nested_branch_dag.py took 0.091 seconds
[2024-06-23T07:09:00.328+0000] {processor.py:157} INFO - Started process (PID=14641) to work on /home/airflow/.local/lib/python3.8/site-packages/airflow/example_dags/example_nested_branch_dag.py
[2024-06-23T07:09:00.331+0000] {processor.py:829} INFO - Processing file /home/airflow/.local/lib/python3.8/site-packages/airflow/example_dags/example_nested_branch_dag.py for tasks to queue
[2024-06-23T07:09:00.334+0000] {logging_mixin.py:154} INFO - [2024-06-23T07:09:00.333+0000] {dagbag.py:536} INFO - Filling up the DagBag from /home/airflow/.local/lib/python3.8/site-packages/airflow/example_dags/example_nested_branch_dag.py
[2024-06-23T07:09:00.371+0000] {processor.py:839} INFO - DAG(s) dict_keys(['example_nested_branch_dag']) retrieved from /home/airflow/.local/lib/python3.8/site-packages/airflow/example_dags/example_nested_branch_dag.py
[2024-06-23T07:09:00.397+0000] {logging_mixin.py:154} INFO - [2024-06-23T07:09:00.397+0000] {dag.py:2941} INFO - Sync 1 DAGs
[2024-06-23T07:09:00.412+0000] {logging_mixin.py:154} INFO - [2024-06-23T07:09:00.412+0000] {dag.py:3722} INFO - Setting next_dagrun for example_nested_branch_dag to 2024-06-22T00:00:00+00:00, run_after=2024-06-23T00:00:00+00:00
[2024-06-23T07:09:00.423+0000] {processor.py:179} INFO - Processing /home/airflow/.local/lib/python3.8/site-packages/airflow/example_dags/example_nested_branch_dag.py took 0.105 seconds
[2024-06-23T07:09:30.513+0000] {processor.py:157} INFO - Started process (PID=14885) to work on /home/airflow/.local/lib/python3.8/site-packages/airflow/example_dags/example_nested_branch_dag.py
[2024-06-23T07:09:30.514+0000] {processor.py:829} INFO - Processing file /home/airflow/.local/lib/python3.8/site-packages/airflow/example_dags/example_nested_branch_dag.py for tasks to queue
[2024-06-23T07:09:30.514+0000] {logging_mixin.py:154} INFO - [2024-06-23T07:09:30.514+0000] {dagbag.py:536} INFO - Filling up the DagBag from /home/airflow/.local/lib/python3.8/site-packages/airflow/example_dags/example_nested_branch_dag.py
[2024-06-23T07:09:30.519+0000] {processor.py:839} INFO - DAG(s) dict_keys(['example_nested_branch_dag']) retrieved from /home/airflow/.local/lib/python3.8/site-packages/airflow/example_dags/example_nested_branch_dag.py
[2024-06-23T07:09:30.530+0000] {logging_mixin.py:154} INFO - [2024-06-23T07:09:30.530+0000] {dag.py:2941} INFO - Sync 1 DAGs
[2024-06-23T07:09:30.541+0000] {logging_mixin.py:154} INFO - [2024-06-23T07:09:30.541+0000] {dag.py:3722} INFO - Setting next_dagrun for example_nested_branch_dag to 2024-06-22T00:00:00+00:00, run_after=2024-06-23T00:00:00+00:00
[2024-06-23T07:09:30.552+0000] {processor.py:179} INFO - Processing /home/airflow/.local/lib/python3.8/site-packages/airflow/example_dags/example_nested_branch_dag.py took 0.040 seconds
[2024-06-23T07:10:00.731+0000] {processor.py:157} INFO - Started process (PID=15129) to work on /home/airflow/.local/lib/python3.8/site-packages/airflow/example_dags/example_nested_branch_dag.py
[2024-06-23T07:10:00.732+0000] {processor.py:829} INFO - Processing file /home/airflow/.local/lib/python3.8/site-packages/airflow/example_dags/example_nested_branch_dag.py for tasks to queue
[2024-06-23T07:10:00.733+0000] {logging_mixin.py:154} INFO - [2024-06-23T07:10:00.733+0000] {dagbag.py:536} INFO - Filling up the DagBag from /home/airflow/.local/lib/python3.8/site-packages/airflow/example_dags/example_nested_branch_dag.py
[2024-06-23T07:10:00.740+0000] {processor.py:839} INFO - DAG(s) dict_keys(['example_nested_branch_dag']) retrieved from /home/airflow/.local/lib/python3.8/site-packages/airflow/example_dags/example_nested_branch_dag.py
[2024-06-23T07:10:00.757+0000] {logging_mixin.py:154} INFO - [2024-06-23T07:10:00.757+0000] {dag.py:2941} INFO - Sync 1 DAGs
[2024-06-23T07:10:00.773+0000] {logging_mixin.py:154} INFO - [2024-06-23T07:10:00.773+0000] {dag.py:3722} INFO - Setting next_dagrun for example_nested_branch_dag to 2024-06-22T00:00:00+00:00, run_after=2024-06-23T00:00:00+00:00
[2024-06-23T07:10:00.787+0000] {processor.py:179} INFO - Processing /home/airflow/.local/lib/python3.8/site-packages/airflow/example_dags/example_nested_branch_dag.py took 0.058 seconds
[2024-06-23T07:10:32.292+0000] {processor.py:157} INFO - Started process (PID=15371) to work on /home/airflow/.local/lib/python3.8/site-packages/airflow/example_dags/example_nested_branch_dag.py
[2024-06-23T07:10:32.297+0000] {processor.py:829} INFO - Processing file /home/airflow/.local/lib/python3.8/site-packages/airflow/example_dags/example_nested_branch_dag.py for tasks to queue
[2024-06-23T07:10:32.299+0000] {logging_mixin.py:154} INFO - [2024-06-23T07:10:32.298+0000] {dagbag.py:536} INFO - Filling up the DagBag from /home/airflow/.local/lib/python3.8/site-packages/airflow/example_dags/example_nested_branch_dag.py
[2024-06-23T07:10:32.314+0000] {processor.py:839} INFO - DAG(s) dict_keys(['example_nested_branch_dag']) retrieved from /home/airflow/.local/lib/python3.8/site-packages/airflow/example_dags/example_nested_branch_dag.py
[2024-06-23T07:10:32.352+0000] {logging_mixin.py:154} INFO - [2024-06-23T07:10:32.352+0000] {dag.py:2941} INFO - Sync 1 DAGs
[2024-06-23T07:10:32.397+0000] {logging_mixin.py:154} INFO - [2024-06-23T07:10:32.397+0000] {dag.py:3722} INFO - Setting next_dagrun for example_nested_branch_dag to 2024-06-22T00:00:00+00:00, run_after=2024-06-23T00:00:00+00:00
[2024-06-23T07:10:32.462+0000] {processor.py:179} INFO - Processing /home/airflow/.local/lib/python3.8/site-packages/airflow/example_dags/example_nested_branch_dag.py took 0.178 seconds
[2024-06-23T07:11:03.104+0000] {processor.py:157} INFO - Started process (PID=15622) to work on /home/airflow/.local/lib/python3.8/site-packages/airflow/example_dags/example_nested_branch_dag.py
[2024-06-23T07:11:03.106+0000] {processor.py:829} INFO - Processing file /home/airflow/.local/lib/python3.8/site-packages/airflow/example_dags/example_nested_branch_dag.py for tasks to queue
[2024-06-23T07:11:03.108+0000] {logging_mixin.py:154} INFO - [2024-06-23T07:11:03.108+0000] {dagbag.py:536} INFO - Filling up the DagBag from /home/airflow/.local/lib/python3.8/site-packages/airflow/example_dags/example_nested_branch_dag.py
[2024-06-23T07:11:03.116+0000] {processor.py:839} INFO - DAG(s) dict_keys(['example_nested_branch_dag']) retrieved from /home/airflow/.local/lib/python3.8/site-packages/airflow/example_dags/example_nested_branch_dag.py
[2024-06-23T07:11:03.140+0000] {logging_mixin.py:154} INFO - [2024-06-23T07:11:03.140+0000] {dag.py:2941} INFO - Sync 1 DAGs
[2024-06-23T07:11:03.159+0000] {logging_mixin.py:154} INFO - [2024-06-23T07:11:03.159+0000] {dag.py:3722} INFO - Setting next_dagrun for example_nested_branch_dag to 2024-06-22T00:00:00+00:00, run_after=2024-06-23T00:00:00+00:00
[2024-06-23T07:11:03.185+0000] {processor.py:179} INFO - Processing /home/airflow/.local/lib/python3.8/site-packages/airflow/example_dags/example_nested_branch_dag.py took 0.083 seconds
[2024-06-23T07:11:33.798+0000] {processor.py:157} INFO - Started process (PID=15868) to work on /home/airflow/.local/lib/python3.8/site-packages/airflow/example_dags/example_nested_branch_dag.py
[2024-06-23T07:11:33.799+0000] {processor.py:829} INFO - Processing file /home/airflow/.local/lib/python3.8/site-packages/airflow/example_dags/example_nested_branch_dag.py for tasks to queue
[2024-06-23T07:11:33.800+0000] {logging_mixin.py:154} INFO - [2024-06-23T07:11:33.799+0000] {dagbag.py:536} INFO - Filling up the DagBag from /home/airflow/.local/lib/python3.8/site-packages/airflow/example_dags/example_nested_branch_dag.py
[2024-06-23T07:11:33.807+0000] {processor.py:839} INFO - DAG(s) dict_keys(['example_nested_branch_dag']) retrieved from /home/airflow/.local/lib/python3.8/site-packages/airflow/example_dags/example_nested_branch_dag.py
[2024-06-23T07:11:33.821+0000] {logging_mixin.py:154} INFO - [2024-06-23T07:11:33.821+0000] {dag.py:2941} INFO - Sync 1 DAGs
[2024-06-23T07:11:33.836+0000] {logging_mixin.py:154} INFO - [2024-06-23T07:11:33.836+0000] {dag.py:3722} INFO - Setting next_dagrun for example_nested_branch_dag to 2024-06-22T00:00:00+00:00, run_after=2024-06-23T00:00:00+00:00
[2024-06-23T07:11:33.847+0000] {processor.py:179} INFO - Processing /home/airflow/.local/lib/python3.8/site-packages/airflow/example_dags/example_nested_branch_dag.py took 0.052 seconds
[2024-06-23T07:12:04.185+0000] {processor.py:157} INFO - Started process (PID=16110) to work on /home/airflow/.local/lib/python3.8/site-packages/airflow/example_dags/example_nested_branch_dag.py
[2024-06-23T07:12:04.186+0000] {processor.py:829} INFO - Processing file /home/airflow/.local/lib/python3.8/site-packages/airflow/example_dags/example_nested_branch_dag.py for tasks to queue
[2024-06-23T07:12:04.187+0000] {logging_mixin.py:154} INFO - [2024-06-23T07:12:04.186+0000] {dagbag.py:536} INFO - Filling up the DagBag from /home/airflow/.local/lib/python3.8/site-packages/airflow/example_dags/example_nested_branch_dag.py
[2024-06-23T07:12:04.194+0000] {processor.py:839} INFO - DAG(s) dict_keys(['example_nested_branch_dag']) retrieved from /home/airflow/.local/lib/python3.8/site-packages/airflow/example_dags/example_nested_branch_dag.py
[2024-06-23T07:12:04.210+0000] {logging_mixin.py:154} INFO - [2024-06-23T07:12:04.210+0000] {dag.py:2941} INFO - Sync 1 DAGs
[2024-06-23T07:12:04.225+0000] {logging_mixin.py:154} INFO - [2024-06-23T07:12:04.225+0000] {dag.py:3722} INFO - Setting next_dagrun for example_nested_branch_dag to 2024-06-22T00:00:00+00:00, run_after=2024-06-23T00:00:00+00:00
[2024-06-23T07:12:04.238+0000] {processor.py:179} INFO - Processing /home/airflow/.local/lib/python3.8/site-packages/airflow/example_dags/example_nested_branch_dag.py took 0.055 seconds
[2024-06-23T07:12:34.944+0000] {processor.py:157} INFO - Started process (PID=16354) to work on /home/airflow/.local/lib/python3.8/site-packages/airflow/example_dags/example_nested_branch_dag.py
[2024-06-23T07:12:34.945+0000] {processor.py:829} INFO - Processing file /home/airflow/.local/lib/python3.8/site-packages/airflow/example_dags/example_nested_branch_dag.py for tasks to queue
[2024-06-23T07:12:34.946+0000] {logging_mixin.py:154} INFO - [2024-06-23T07:12:34.946+0000] {dagbag.py:536} INFO - Filling up the DagBag from /home/airflow/.local/lib/python3.8/site-packages/airflow/example_dags/example_nested_branch_dag.py
[2024-06-23T07:12:34.955+0000] {processor.py:839} INFO - DAG(s) dict_keys(['example_nested_branch_dag']) retrieved from /home/airflow/.local/lib/python3.8/site-packages/airflow/example_dags/example_nested_branch_dag.py
[2024-06-23T07:12:34.973+0000] {logging_mixin.py:154} INFO - [2024-06-23T07:12:34.973+0000] {dag.py:2941} INFO - Sync 1 DAGs
[2024-06-23T07:12:34.991+0000] {logging_mixin.py:154} INFO - [2024-06-23T07:12:34.991+0000] {dag.py:3722} INFO - Setting next_dagrun for example_nested_branch_dag to 2024-06-22T00:00:00+00:00, run_after=2024-06-23T00:00:00+00:00
[2024-06-23T07:12:35.013+0000] {processor.py:179} INFO - Processing /home/airflow/.local/lib/python3.8/site-packages/airflow/example_dags/example_nested_branch_dag.py took 0.072 seconds
[2024-06-23T07:13:05.119+0000] {processor.py:157} INFO - Started process (PID=16597) to work on /home/airflow/.local/lib/python3.8/site-packages/airflow/example_dags/example_nested_branch_dag.py
[2024-06-23T07:13:05.121+0000] {processor.py:829} INFO - Processing file /home/airflow/.local/lib/python3.8/site-packages/airflow/example_dags/example_nested_branch_dag.py for tasks to queue
[2024-06-23T07:13:05.121+0000] {logging_mixin.py:154} INFO - [2024-06-23T07:13:05.121+0000] {dagbag.py:536} INFO - Filling up the DagBag from /home/airflow/.local/lib/python3.8/site-packages/airflow/example_dags/example_nested_branch_dag.py
[2024-06-23T07:13:05.131+0000] {processor.py:839} INFO - DAG(s) dict_keys(['example_nested_branch_dag']) retrieved from /home/airflow/.local/lib/python3.8/site-packages/airflow/example_dags/example_nested_branch_dag.py
[2024-06-23T07:13:05.154+0000] {logging_mixin.py:154} INFO - [2024-06-23T07:13:05.154+0000] {dag.py:2941} INFO - Sync 1 DAGs
[2024-06-23T07:13:05.189+0000] {logging_mixin.py:154} INFO - [2024-06-23T07:13:05.189+0000] {dag.py:3722} INFO - Setting next_dagrun for example_nested_branch_dag to 2024-06-22T00:00:00+00:00, run_after=2024-06-23T00:00:00+00:00
[2024-06-23T07:13:05.211+0000] {processor.py:179} INFO - Processing /home/airflow/.local/lib/python3.8/site-packages/airflow/example_dags/example_nested_branch_dag.py took 0.094 seconds
[2024-06-23T07:13:35.994+0000] {processor.py:157} INFO - Started process (PID=16842) to work on /home/airflow/.local/lib/python3.8/site-packages/airflow/example_dags/example_nested_branch_dag.py
[2024-06-23T07:13:35.997+0000] {processor.py:829} INFO - Processing file /home/airflow/.local/lib/python3.8/site-packages/airflow/example_dags/example_nested_branch_dag.py for tasks to queue
[2024-06-23T07:13:36.002+0000] {logging_mixin.py:154} INFO - [2024-06-23T07:13:36.001+0000] {dagbag.py:536} INFO - Filling up the DagBag from /home/airflow/.local/lib/python3.8/site-packages/airflow/example_dags/example_nested_branch_dag.py
[2024-06-23T07:13:36.019+0000] {processor.py:839} INFO - DAG(s) dict_keys(['example_nested_branch_dag']) retrieved from /home/airflow/.local/lib/python3.8/site-packages/airflow/example_dags/example_nested_branch_dag.py
[2024-06-23T07:13:36.041+0000] {logging_mixin.py:154} INFO - [2024-06-23T07:13:36.041+0000] {dag.py:2941} INFO - Sync 1 DAGs
[2024-06-23T07:13:36.057+0000] {logging_mixin.py:154} INFO - [2024-06-23T07:13:36.057+0000] {dag.py:3722} INFO - Setting next_dagrun for example_nested_branch_dag to 2024-06-22T00:00:00+00:00, run_after=2024-06-23T00:00:00+00:00
[2024-06-23T07:13:36.069+0000] {processor.py:179} INFO - Processing /home/airflow/.local/lib/python3.8/site-packages/airflow/example_dags/example_nested_branch_dag.py took 0.078 seconds
[2024-06-23T07:14:07.069+0000] {processor.py:157} INFO - Started process (PID=17086) to work on /home/airflow/.local/lib/python3.8/site-packages/airflow/example_dags/example_nested_branch_dag.py
[2024-06-23T07:14:07.070+0000] {processor.py:829} INFO - Processing file /home/airflow/.local/lib/python3.8/site-packages/airflow/example_dags/example_nested_branch_dag.py for tasks to queue
[2024-06-23T07:14:07.071+0000] {logging_mixin.py:154} INFO - [2024-06-23T07:14:07.071+0000] {dagbag.py:536} INFO - Filling up the DagBag from /home/airflow/.local/lib/python3.8/site-packages/airflow/example_dags/example_nested_branch_dag.py
[2024-06-23T07:14:07.078+0000] {processor.py:839} INFO - DAG(s) dict_keys(['example_nested_branch_dag']) retrieved from /home/airflow/.local/lib/python3.8/site-packages/airflow/example_dags/example_nested_branch_dag.py
[2024-06-23T07:14:07.092+0000] {logging_mixin.py:154} INFO - [2024-06-23T07:14:07.092+0000] {dag.py:2941} INFO - Sync 1 DAGs
[2024-06-23T07:14:07.112+0000] {logging_mixin.py:154} INFO - [2024-06-23T07:14:07.112+0000] {dag.py:3722} INFO - Setting next_dagrun for example_nested_branch_dag to 2024-06-22T00:00:00+00:00, run_after=2024-06-23T00:00:00+00:00
[2024-06-23T07:14:07.133+0000] {processor.py:179} INFO - Processing /home/airflow/.local/lib/python3.8/site-packages/airflow/example_dags/example_nested_branch_dag.py took 0.067 seconds
[2024-06-23T07:14:37.237+0000] {processor.py:157} INFO - Started process (PID=17329) to work on /home/airflow/.local/lib/python3.8/site-packages/airflow/example_dags/example_nested_branch_dag.py
[2024-06-23T07:14:37.239+0000] {processor.py:829} INFO - Processing file /home/airflow/.local/lib/python3.8/site-packages/airflow/example_dags/example_nested_branch_dag.py for tasks to queue
[2024-06-23T07:14:37.241+0000] {logging_mixin.py:154} INFO - [2024-06-23T07:14:37.240+0000] {dagbag.py:536} INFO - Filling up the DagBag from /home/airflow/.local/lib/python3.8/site-packages/airflow/example_dags/example_nested_branch_dag.py
[2024-06-23T07:14:37.249+0000] {processor.py:839} INFO - DAG(s) dict_keys(['example_nested_branch_dag']) retrieved from /home/airflow/.local/lib/python3.8/site-packages/airflow/example_dags/example_nested_branch_dag.py
[2024-06-23T07:14:37.267+0000] {logging_mixin.py:154} INFO - [2024-06-23T07:14:37.267+0000] {dag.py:2941} INFO - Sync 1 DAGs
[2024-06-23T07:14:37.293+0000] {logging_mixin.py:154} INFO - [2024-06-23T07:14:37.292+0000] {dag.py:3722} INFO - Setting next_dagrun for example_nested_branch_dag to 2024-06-22T00:00:00+00:00, run_after=2024-06-23T00:00:00+00:00
[2024-06-23T07:14:37.317+0000] {processor.py:179} INFO - Processing /home/airflow/.local/lib/python3.8/site-packages/airflow/example_dags/example_nested_branch_dag.py took 0.083 seconds
[2024-06-23T07:15:07.996+0000] {processor.py:157} INFO - Started process (PID=17574) to work on /home/airflow/.local/lib/python3.8/site-packages/airflow/example_dags/example_nested_branch_dag.py
[2024-06-23T07:15:07.997+0000] {processor.py:829} INFO - Processing file /home/airflow/.local/lib/python3.8/site-packages/airflow/example_dags/example_nested_branch_dag.py for tasks to queue
[2024-06-23T07:15:07.998+0000] {logging_mixin.py:154} INFO - [2024-06-23T07:15:07.998+0000] {dagbag.py:536} INFO - Filling up the DagBag from /home/airflow/.local/lib/python3.8/site-packages/airflow/example_dags/example_nested_branch_dag.py
[2024-06-23T07:15:08.005+0000] {processor.py:839} INFO - DAG(s) dict_keys(['example_nested_branch_dag']) retrieved from /home/airflow/.local/lib/python3.8/site-packages/airflow/example_dags/example_nested_branch_dag.py
[2024-06-23T07:15:08.019+0000] {logging_mixin.py:154} INFO - [2024-06-23T07:15:08.019+0000] {dag.py:2941} INFO - Sync 1 DAGs
[2024-06-23T07:15:08.036+0000] {logging_mixin.py:154} INFO - [2024-06-23T07:15:08.035+0000] {dag.py:3722} INFO - Setting next_dagrun for example_nested_branch_dag to 2024-06-22T00:00:00+00:00, run_after=2024-06-23T00:00:00+00:00
[2024-06-23T07:15:08.053+0000] {processor.py:179} INFO - Processing /home/airflow/.local/lib/python3.8/site-packages/airflow/example_dags/example_nested_branch_dag.py took 0.059 seconds
[2024-06-23T07:15:39.098+0000] {processor.py:157} INFO - Started process (PID=17818) to work on /home/airflow/.local/lib/python3.8/site-packages/airflow/example_dags/example_nested_branch_dag.py
[2024-06-23T07:15:39.099+0000] {processor.py:829} INFO - Processing file /home/airflow/.local/lib/python3.8/site-packages/airflow/example_dags/example_nested_branch_dag.py for tasks to queue
[2024-06-23T07:15:39.100+0000] {logging_mixin.py:154} INFO - [2024-06-23T07:15:39.099+0000] {dagbag.py:536} INFO - Filling up the DagBag from /home/airflow/.local/lib/python3.8/site-packages/airflow/example_dags/example_nested_branch_dag.py
[2024-06-23T07:15:39.105+0000] {processor.py:839} INFO - DAG(s) dict_keys(['example_nested_branch_dag']) retrieved from /home/airflow/.local/lib/python3.8/site-packages/airflow/example_dags/example_nested_branch_dag.py
[2024-06-23T07:15:39.121+0000] {logging_mixin.py:154} INFO - [2024-06-23T07:15:39.121+0000] {dag.py:2941} INFO - Sync 1 DAGs
[2024-06-23T07:15:39.136+0000] {logging_mixin.py:154} INFO - [2024-06-23T07:15:39.136+0000] {dag.py:3722} INFO - Setting next_dagrun for example_nested_branch_dag to 2024-06-22T00:00:00+00:00, run_after=2024-06-23T00:00:00+00:00
[2024-06-23T07:15:39.150+0000] {processor.py:179} INFO - Processing /home/airflow/.local/lib/python3.8/site-packages/airflow/example_dags/example_nested_branch_dag.py took 0.054 seconds
[2024-06-23T07:16:09.735+0000] {processor.py:157} INFO - Started process (PID=18062) to work on /home/airflow/.local/lib/python3.8/site-packages/airflow/example_dags/example_nested_branch_dag.py
[2024-06-23T07:16:09.736+0000] {processor.py:829} INFO - Processing file /home/airflow/.local/lib/python3.8/site-packages/airflow/example_dags/example_nested_branch_dag.py for tasks to queue
[2024-06-23T07:16:09.737+0000] {logging_mixin.py:154} INFO - [2024-06-23T07:16:09.737+0000] {dagbag.py:536} INFO - Filling up the DagBag from /home/airflow/.local/lib/python3.8/site-packages/airflow/example_dags/example_nested_branch_dag.py
[2024-06-23T07:16:09.745+0000] {processor.py:839} INFO - DAG(s) dict_keys(['example_nested_branch_dag']) retrieved from /home/airflow/.local/lib/python3.8/site-packages/airflow/example_dags/example_nested_branch_dag.py
[2024-06-23T07:16:09.768+0000] {logging_mixin.py:154} INFO - [2024-06-23T07:16:09.768+0000] {dag.py:2941} INFO - Sync 1 DAGs
[2024-06-23T07:16:09.790+0000] {logging_mixin.py:154} INFO - [2024-06-23T07:16:09.790+0000] {dag.py:3722} INFO - Setting next_dagrun for example_nested_branch_dag to 2024-06-22T00:00:00+00:00, run_after=2024-06-23T00:00:00+00:00
[2024-06-23T07:16:09.824+0000] {processor.py:179} INFO - Processing /home/airflow/.local/lib/python3.8/site-packages/airflow/example_dags/example_nested_branch_dag.py took 0.092 seconds
[2024-06-23T07:16:40.839+0000] {processor.py:157} INFO - Started process (PID=18305) to work on /home/airflow/.local/lib/python3.8/site-packages/airflow/example_dags/example_nested_branch_dag.py
[2024-06-23T07:16:40.841+0000] {processor.py:829} INFO - Processing file /home/airflow/.local/lib/python3.8/site-packages/airflow/example_dags/example_nested_branch_dag.py for tasks to queue
[2024-06-23T07:16:40.842+0000] {logging_mixin.py:154} INFO - [2024-06-23T07:16:40.841+0000] {dagbag.py:536} INFO - Filling up the DagBag from /home/airflow/.local/lib/python3.8/site-packages/airflow/example_dags/example_nested_branch_dag.py
[2024-06-23T07:16:40.860+0000] {processor.py:839} INFO - DAG(s) dict_keys(['example_nested_branch_dag']) retrieved from /home/airflow/.local/lib/python3.8/site-packages/airflow/example_dags/example_nested_branch_dag.py
[2024-06-23T07:16:40.877+0000] {logging_mixin.py:154} INFO - [2024-06-23T07:16:40.877+0000] {dag.py:2941} INFO - Sync 1 DAGs
[2024-06-23T07:16:40.891+0000] {logging_mixin.py:154} INFO - [2024-06-23T07:16:40.891+0000] {dag.py:3722} INFO - Setting next_dagrun for example_nested_branch_dag to 2024-06-22T00:00:00+00:00, run_after=2024-06-23T00:00:00+00:00
[2024-06-23T07:16:40.901+0000] {processor.py:179} INFO - Processing /home/airflow/.local/lib/python3.8/site-packages/airflow/example_dags/example_nested_branch_dag.py took 0.066 seconds
[2024-06-23T07:17:11.150+0000] {processor.py:157} INFO - Started process (PID=18546) to work on /home/airflow/.local/lib/python3.8/site-packages/airflow/example_dags/example_nested_branch_dag.py
[2024-06-23T07:17:11.152+0000] {processor.py:829} INFO - Processing file /home/airflow/.local/lib/python3.8/site-packages/airflow/example_dags/example_nested_branch_dag.py for tasks to queue
[2024-06-23T07:17:11.153+0000] {logging_mixin.py:154} INFO - [2024-06-23T07:17:11.153+0000] {dagbag.py:536} INFO - Filling up the DagBag from /home/airflow/.local/lib/python3.8/site-packages/airflow/example_dags/example_nested_branch_dag.py
[2024-06-23T07:17:11.164+0000] {processor.py:839} INFO - DAG(s) dict_keys(['example_nested_branch_dag']) retrieved from /home/airflow/.local/lib/python3.8/site-packages/airflow/example_dags/example_nested_branch_dag.py
[2024-06-23T07:17:11.185+0000] {logging_mixin.py:154} INFO - [2024-06-23T07:17:11.184+0000] {dag.py:2941} INFO - Sync 1 DAGs
[2024-06-23T07:17:11.200+0000] {logging_mixin.py:154} INFO - [2024-06-23T07:17:11.200+0000] {dag.py:3722} INFO - Setting next_dagrun for example_nested_branch_dag to 2024-06-22T00:00:00+00:00, run_after=2024-06-23T00:00:00+00:00
[2024-06-23T07:17:11.214+0000] {processor.py:179} INFO - Processing /home/airflow/.local/lib/python3.8/site-packages/airflow/example_dags/example_nested_branch_dag.py took 0.069 seconds
[2024-06-23T07:17:41.675+0000] {processor.py:157} INFO - Started process (PID=18790) to work on /home/airflow/.local/lib/python3.8/site-packages/airflow/example_dags/example_nested_branch_dag.py
[2024-06-23T07:17:41.677+0000] {processor.py:829} INFO - Processing file /home/airflow/.local/lib/python3.8/site-packages/airflow/example_dags/example_nested_branch_dag.py for tasks to queue
[2024-06-23T07:17:41.678+0000] {logging_mixin.py:154} INFO - [2024-06-23T07:17:41.677+0000] {dagbag.py:536} INFO - Filling up the DagBag from /home/airflow/.local/lib/python3.8/site-packages/airflow/example_dags/example_nested_branch_dag.py
[2024-06-23T07:17:41.686+0000] {processor.py:839} INFO - DAG(s) dict_keys(['example_nested_branch_dag']) retrieved from /home/airflow/.local/lib/python3.8/site-packages/airflow/example_dags/example_nested_branch_dag.py
[2024-06-23T07:17:41.710+0000] {logging_mixin.py:154} INFO - [2024-06-23T07:17:41.710+0000] {dag.py:2941} INFO - Sync 1 DAGs
[2024-06-23T07:17:41.727+0000] {logging_mixin.py:154} INFO - [2024-06-23T07:17:41.727+0000] {dag.py:3722} INFO - Setting next_dagrun for example_nested_branch_dag to 2024-06-22T00:00:00+00:00, run_after=2024-06-23T00:00:00+00:00
[2024-06-23T07:17:41.739+0000] {processor.py:179} INFO - Processing /home/airflow/.local/lib/python3.8/site-packages/airflow/example_dags/example_nested_branch_dag.py took 0.067 seconds
[2024-06-23T07:18:11.855+0000] {processor.py:157} INFO - Started process (PID=19034) to work on /home/airflow/.local/lib/python3.8/site-packages/airflow/example_dags/example_nested_branch_dag.py
[2024-06-23T07:18:11.857+0000] {processor.py:829} INFO - Processing file /home/airflow/.local/lib/python3.8/site-packages/airflow/example_dags/example_nested_branch_dag.py for tasks to queue
[2024-06-23T07:18:11.858+0000] {logging_mixin.py:154} INFO - [2024-06-23T07:18:11.857+0000] {dagbag.py:536} INFO - Filling up the DagBag from /home/airflow/.local/lib/python3.8/site-packages/airflow/example_dags/example_nested_branch_dag.py
[2024-06-23T07:18:11.865+0000] {processor.py:839} INFO - DAG(s) dict_keys(['example_nested_branch_dag']) retrieved from /home/airflow/.local/lib/python3.8/site-packages/airflow/example_dags/example_nested_branch_dag.py
[2024-06-23T07:18:11.880+0000] {logging_mixin.py:154} INFO - [2024-06-23T07:18:11.879+0000] {dag.py:2941} INFO - Sync 1 DAGs
[2024-06-23T07:18:11.894+0000] {logging_mixin.py:154} INFO - [2024-06-23T07:18:11.894+0000] {dag.py:3722} INFO - Setting next_dagrun for example_nested_branch_dag to 2024-06-22T00:00:00+00:00, run_after=2024-06-23T00:00:00+00:00
[2024-06-23T07:18:11.907+0000] {processor.py:179} INFO - Processing /home/airflow/.local/lib/python3.8/site-packages/airflow/example_dags/example_nested_branch_dag.py took 0.056 seconds
[2024-06-23T07:18:42.125+0000] {processor.py:157} INFO - Started process (PID=19278) to work on /home/airflow/.local/lib/python3.8/site-packages/airflow/example_dags/example_nested_branch_dag.py
[2024-06-23T07:18:42.127+0000] {processor.py:829} INFO - Processing file /home/airflow/.local/lib/python3.8/site-packages/airflow/example_dags/example_nested_branch_dag.py for tasks to queue
[2024-06-23T07:18:42.128+0000] {logging_mixin.py:154} INFO - [2024-06-23T07:18:42.128+0000] {dagbag.py:536} INFO - Filling up the DagBag from /home/airflow/.local/lib/python3.8/site-packages/airflow/example_dags/example_nested_branch_dag.py
[2024-06-23T07:18:42.135+0000] {processor.py:839} INFO - DAG(s) dict_keys(['example_nested_branch_dag']) retrieved from /home/airflow/.local/lib/python3.8/site-packages/airflow/example_dags/example_nested_branch_dag.py
[2024-06-23T07:18:42.150+0000] {logging_mixin.py:154} INFO - [2024-06-23T07:18:42.150+0000] {dag.py:2941} INFO - Sync 1 DAGs
[2024-06-23T07:18:42.166+0000] {logging_mixin.py:154} INFO - [2024-06-23T07:18:42.166+0000] {dag.py:3722} INFO - Setting next_dagrun for example_nested_branch_dag to 2024-06-22T00:00:00+00:00, run_after=2024-06-23T00:00:00+00:00
[2024-06-23T07:18:42.176+0000] {processor.py:179} INFO - Processing /home/airflow/.local/lib/python3.8/site-packages/airflow/example_dags/example_nested_branch_dag.py took 0.055 seconds
[2024-06-23T07:19:12.301+0000] {processor.py:157} INFO - Started process (PID=19521) to work on /home/airflow/.local/lib/python3.8/site-packages/airflow/example_dags/example_nested_branch_dag.py
[2024-06-23T07:19:12.302+0000] {processor.py:829} INFO - Processing file /home/airflow/.local/lib/python3.8/site-packages/airflow/example_dags/example_nested_branch_dag.py for tasks to queue
[2024-06-23T07:19:12.302+0000] {logging_mixin.py:154} INFO - [2024-06-23T07:19:12.302+0000] {dagbag.py:536} INFO - Filling up the DagBag from /home/airflow/.local/lib/python3.8/site-packages/airflow/example_dags/example_nested_branch_dag.py
[2024-06-23T07:19:12.308+0000] {processor.py:839} INFO - DAG(s) dict_keys(['example_nested_branch_dag']) retrieved from /home/airflow/.local/lib/python3.8/site-packages/airflow/example_dags/example_nested_branch_dag.py
[2024-06-23T07:19:12.322+0000] {logging_mixin.py:154} INFO - [2024-06-23T07:19:12.322+0000] {dag.py:2941} INFO - Sync 1 DAGs
[2024-06-23T07:19:12.335+0000] {logging_mixin.py:154} INFO - [2024-06-23T07:19:12.335+0000] {dag.py:3722} INFO - Setting next_dagrun for example_nested_branch_dag to 2024-06-22T00:00:00+00:00, run_after=2024-06-23T00:00:00+00:00
[2024-06-23T07:19:12.346+0000] {processor.py:179} INFO - Processing /home/airflow/.local/lib/python3.8/site-packages/airflow/example_dags/example_nested_branch_dag.py took 0.048 seconds
[2024-06-23T07:19:42.666+0000] {processor.py:157} INFO - Started process (PID=19765) to work on /home/airflow/.local/lib/python3.8/site-packages/airflow/example_dags/example_nested_branch_dag.py
[2024-06-23T07:19:42.667+0000] {processor.py:829} INFO - Processing file /home/airflow/.local/lib/python3.8/site-packages/airflow/example_dags/example_nested_branch_dag.py for tasks to queue
[2024-06-23T07:19:42.668+0000] {logging_mixin.py:154} INFO - [2024-06-23T07:19:42.667+0000] {dagbag.py:536} INFO - Filling up the DagBag from /home/airflow/.local/lib/python3.8/site-packages/airflow/example_dags/example_nested_branch_dag.py
[2024-06-23T07:19:42.674+0000] {processor.py:839} INFO - DAG(s) dict_keys(['example_nested_branch_dag']) retrieved from /home/airflow/.local/lib/python3.8/site-packages/airflow/example_dags/example_nested_branch_dag.py
[2024-06-23T07:19:42.689+0000] {logging_mixin.py:154} INFO - [2024-06-23T07:19:42.689+0000] {dag.py:2941} INFO - Sync 1 DAGs
[2024-06-23T07:19:42.707+0000] {logging_mixin.py:154} INFO - [2024-06-23T07:19:42.707+0000] {dag.py:3722} INFO - Setting next_dagrun for example_nested_branch_dag to 2024-06-22T00:00:00+00:00, run_after=2024-06-23T00:00:00+00:00
[2024-06-23T07:19:42.717+0000] {processor.py:179} INFO - Processing /home/airflow/.local/lib/python3.8/site-packages/airflow/example_dags/example_nested_branch_dag.py took 0.053 seconds
[2024-06-23T07:20:13.021+0000] {processor.py:157} INFO - Started process (PID=20008) to work on /home/airflow/.local/lib/python3.8/site-packages/airflow/example_dags/example_nested_branch_dag.py
[2024-06-23T07:20:13.023+0000] {processor.py:829} INFO - Processing file /home/airflow/.local/lib/python3.8/site-packages/airflow/example_dags/example_nested_branch_dag.py for tasks to queue
[2024-06-23T07:20:13.025+0000] {logging_mixin.py:154} INFO - [2024-06-23T07:20:13.024+0000] {dagbag.py:536} INFO - Filling up the DagBag from /home/airflow/.local/lib/python3.8/site-packages/airflow/example_dags/example_nested_branch_dag.py
[2024-06-23T07:20:13.038+0000] {processor.py:839} INFO - DAG(s) dict_keys(['example_nested_branch_dag']) retrieved from /home/airflow/.local/lib/python3.8/site-packages/airflow/example_dags/example_nested_branch_dag.py
[2024-06-23T07:20:13.059+0000] {logging_mixin.py:154} INFO - [2024-06-23T07:20:13.059+0000] {dag.py:2941} INFO - Sync 1 DAGs
[2024-06-23T07:20:13.074+0000] {logging_mixin.py:154} INFO - [2024-06-23T07:20:13.074+0000] {dag.py:3722} INFO - Setting next_dagrun for example_nested_branch_dag to 2024-06-22T00:00:00+00:00, run_after=2024-06-23T00:00:00+00:00
[2024-06-23T07:20:13.084+0000] {processor.py:179} INFO - Processing /home/airflow/.local/lib/python3.8/site-packages/airflow/example_dags/example_nested_branch_dag.py took 0.068 seconds
[2024-06-23T07:20:43.782+0000] {processor.py:157} INFO - Started process (PID=20251) to work on /home/airflow/.local/lib/python3.8/site-packages/airflow/example_dags/example_nested_branch_dag.py
[2024-06-23T07:20:43.783+0000] {processor.py:829} INFO - Processing file /home/airflow/.local/lib/python3.8/site-packages/airflow/example_dags/example_nested_branch_dag.py for tasks to queue
[2024-06-23T07:20:43.783+0000] {logging_mixin.py:154} INFO - [2024-06-23T07:20:43.783+0000] {dagbag.py:536} INFO - Filling up the DagBag from /home/airflow/.local/lib/python3.8/site-packages/airflow/example_dags/example_nested_branch_dag.py
[2024-06-23T07:20:43.790+0000] {processor.py:839} INFO - DAG(s) dict_keys(['example_nested_branch_dag']) retrieved from /home/airflow/.local/lib/python3.8/site-packages/airflow/example_dags/example_nested_branch_dag.py
[2024-06-23T07:20:43.806+0000] {logging_mixin.py:154} INFO - [2024-06-23T07:20:43.806+0000] {dag.py:2941} INFO - Sync 1 DAGs
[2024-06-23T07:20:43.821+0000] {logging_mixin.py:154} INFO - [2024-06-23T07:20:43.820+0000] {dag.py:3722} INFO - Setting next_dagrun for example_nested_branch_dag to 2024-06-22T00:00:00+00:00, run_after=2024-06-23T00:00:00+00:00
[2024-06-23T07:20:43.833+0000] {processor.py:179} INFO - Processing /home/airflow/.local/lib/python3.8/site-packages/airflow/example_dags/example_nested_branch_dag.py took 0.055 seconds
[2024-06-23T07:21:13.936+0000] {processor.py:157} INFO - Started process (PID=20495) to work on /home/airflow/.local/lib/python3.8/site-packages/airflow/example_dags/example_nested_branch_dag.py
[2024-06-23T07:21:13.938+0000] {processor.py:829} INFO - Processing file /home/airflow/.local/lib/python3.8/site-packages/airflow/example_dags/example_nested_branch_dag.py for tasks to queue
[2024-06-23T07:21:13.939+0000] {logging_mixin.py:154} INFO - [2024-06-23T07:21:13.939+0000] {dagbag.py:536} INFO - Filling up the DagBag from /home/airflow/.local/lib/python3.8/site-packages/airflow/example_dags/example_nested_branch_dag.py
[2024-06-23T07:21:13.952+0000] {processor.py:839} INFO - DAG(s) dict_keys(['example_nested_branch_dag']) retrieved from /home/airflow/.local/lib/python3.8/site-packages/airflow/example_dags/example_nested_branch_dag.py
[2024-06-23T07:21:13.977+0000] {logging_mixin.py:154} INFO - [2024-06-23T07:21:13.976+0000] {dag.py:2941} INFO - Sync 1 DAGs
[2024-06-23T07:21:13.994+0000] {logging_mixin.py:154} INFO - [2024-06-23T07:21:13.994+0000] {dag.py:3722} INFO - Setting next_dagrun for example_nested_branch_dag to 2024-06-22T00:00:00+00:00, run_after=2024-06-23T00:00:00+00:00
[2024-06-23T07:21:14.005+0000] {processor.py:179} INFO - Processing /home/airflow/.local/lib/python3.8/site-packages/airflow/example_dags/example_nested_branch_dag.py took 0.075 seconds
[2024-06-23T07:21:44.117+0000] {processor.py:157} INFO - Started process (PID=20739) to work on /home/airflow/.local/lib/python3.8/site-packages/airflow/example_dags/example_nested_branch_dag.py
[2024-06-23T07:21:44.119+0000] {processor.py:829} INFO - Processing file /home/airflow/.local/lib/python3.8/site-packages/airflow/example_dags/example_nested_branch_dag.py for tasks to queue
[2024-06-23T07:21:44.121+0000] {logging_mixin.py:154} INFO - [2024-06-23T07:21:44.120+0000] {dagbag.py:536} INFO - Filling up the DagBag from /home/airflow/.local/lib/python3.8/site-packages/airflow/example_dags/example_nested_branch_dag.py
[2024-06-23T07:21:44.131+0000] {processor.py:839} INFO - DAG(s) dict_keys(['example_nested_branch_dag']) retrieved from /home/airflow/.local/lib/python3.8/site-packages/airflow/example_dags/example_nested_branch_dag.py
[2024-06-23T07:21:44.149+0000] {logging_mixin.py:154} INFO - [2024-06-23T07:21:44.149+0000] {dag.py:2941} INFO - Sync 1 DAGs
[2024-06-23T07:21:44.163+0000] {logging_mixin.py:154} INFO - [2024-06-23T07:21:44.163+0000] {dag.py:3722} INFO - Setting next_dagrun for example_nested_branch_dag to 2024-06-22T00:00:00+00:00, run_after=2024-06-23T00:00:00+00:00
[2024-06-23T07:21:44.172+0000] {processor.py:179} INFO - Processing /home/airflow/.local/lib/python3.8/site-packages/airflow/example_dags/example_nested_branch_dag.py took 0.060 seconds
[2024-06-23T07:22:14.957+0000] {processor.py:157} INFO - Started process (PID=20983) to work on /home/airflow/.local/lib/python3.8/site-packages/airflow/example_dags/example_nested_branch_dag.py
[2024-06-23T07:22:14.958+0000] {processor.py:829} INFO - Processing file /home/airflow/.local/lib/python3.8/site-packages/airflow/example_dags/example_nested_branch_dag.py for tasks to queue
[2024-06-23T07:22:14.960+0000] {logging_mixin.py:154} INFO - [2024-06-23T07:22:14.960+0000] {dagbag.py:536} INFO - Filling up the DagBag from /home/airflow/.local/lib/python3.8/site-packages/airflow/example_dags/example_nested_branch_dag.py
[2024-06-23T07:22:14.967+0000] {processor.py:839} INFO - DAG(s) dict_keys(['example_nested_branch_dag']) retrieved from /home/airflow/.local/lib/python3.8/site-packages/airflow/example_dags/example_nested_branch_dag.py
[2024-06-23T07:22:14.981+0000] {logging_mixin.py:154} INFO - [2024-06-23T07:22:14.981+0000] {dag.py:2941} INFO - Sync 1 DAGs
[2024-06-23T07:22:14.995+0000] {logging_mixin.py:154} INFO - [2024-06-23T07:22:14.995+0000] {dag.py:3722} INFO - Setting next_dagrun for example_nested_branch_dag to 2024-06-22T00:00:00+00:00, run_after=2024-06-23T00:00:00+00:00
[2024-06-23T07:22:15.006+0000] {processor.py:179} INFO - Processing /home/airflow/.local/lib/python3.8/site-packages/airflow/example_dags/example_nested_branch_dag.py took 0.054 seconds
[2024-06-23T07:22:45.767+0000] {processor.py:157} INFO - Started process (PID=21227) to work on /home/airflow/.local/lib/python3.8/site-packages/airflow/example_dags/example_nested_branch_dag.py
[2024-06-23T07:22:45.770+0000] {processor.py:829} INFO - Processing file /home/airflow/.local/lib/python3.8/site-packages/airflow/example_dags/example_nested_branch_dag.py for tasks to queue
[2024-06-23T07:22:45.771+0000] {logging_mixin.py:154} INFO - [2024-06-23T07:22:45.771+0000] {dagbag.py:536} INFO - Filling up the DagBag from /home/airflow/.local/lib/python3.8/site-packages/airflow/example_dags/example_nested_branch_dag.py
[2024-06-23T07:22:45.782+0000] {processor.py:839} INFO - DAG(s) dict_keys(['example_nested_branch_dag']) retrieved from /home/airflow/.local/lib/python3.8/site-packages/airflow/example_dags/example_nested_branch_dag.py
[2024-06-23T07:22:45.801+0000] {logging_mixin.py:154} INFO - [2024-06-23T07:22:45.801+0000] {dag.py:2941} INFO - Sync 1 DAGs
[2024-06-23T07:22:45.814+0000] {logging_mixin.py:154} INFO - [2024-06-23T07:22:45.814+0000] {dag.py:3722} INFO - Setting next_dagrun for example_nested_branch_dag to 2024-06-22T00:00:00+00:00, run_after=2024-06-23T00:00:00+00:00
[2024-06-23T07:22:45.823+0000] {processor.py:179} INFO - Processing /home/airflow/.local/lib/python3.8/site-packages/airflow/example_dags/example_nested_branch_dag.py took 0.061 seconds
[2024-06-23T07:23:16.708+0000] {processor.py:157} INFO - Started process (PID=21471) to work on /home/airflow/.local/lib/python3.8/site-packages/airflow/example_dags/example_nested_branch_dag.py
[2024-06-23T07:23:16.709+0000] {processor.py:829} INFO - Processing file /home/airflow/.local/lib/python3.8/site-packages/airflow/example_dags/example_nested_branch_dag.py for tasks to queue
[2024-06-23T07:23:16.710+0000] {logging_mixin.py:154} INFO - [2024-06-23T07:23:16.710+0000] {dagbag.py:536} INFO - Filling up the DagBag from /home/airflow/.local/lib/python3.8/site-packages/airflow/example_dags/example_nested_branch_dag.py
[2024-06-23T07:23:16.718+0000] {processor.py:839} INFO - DAG(s) dict_keys(['example_nested_branch_dag']) retrieved from /home/airflow/.local/lib/python3.8/site-packages/airflow/example_dags/example_nested_branch_dag.py
[2024-06-23T07:23:16.735+0000] {logging_mixin.py:154} INFO - [2024-06-23T07:23:16.734+0000] {dag.py:2941} INFO - Sync 1 DAGs
[2024-06-23T07:23:16.752+0000] {logging_mixin.py:154} INFO - [2024-06-23T07:23:16.752+0000] {dag.py:3722} INFO - Setting next_dagrun for example_nested_branch_dag to 2024-06-22T00:00:00+00:00, run_after=2024-06-23T00:00:00+00:00
[2024-06-23T07:23:16.786+0000] {processor.py:179} INFO - Processing /home/airflow/.local/lib/python3.8/site-packages/airflow/example_dags/example_nested_branch_dag.py took 0.080 seconds
[2024-06-23T07:23:47.354+0000] {processor.py:157} INFO - Started process (PID=21715) to work on /home/airflow/.local/lib/python3.8/site-packages/airflow/example_dags/example_nested_branch_dag.py
[2024-06-23T07:23:47.355+0000] {processor.py:829} INFO - Processing file /home/airflow/.local/lib/python3.8/site-packages/airflow/example_dags/example_nested_branch_dag.py for tasks to queue
[2024-06-23T07:23:47.357+0000] {logging_mixin.py:154} INFO - [2024-06-23T07:23:47.356+0000] {dagbag.py:536} INFO - Filling up the DagBag from /home/airflow/.local/lib/python3.8/site-packages/airflow/example_dags/example_nested_branch_dag.py
[2024-06-23T07:23:47.370+0000] {processor.py:839} INFO - DAG(s) dict_keys(['example_nested_branch_dag']) retrieved from /home/airflow/.local/lib/python3.8/site-packages/airflow/example_dags/example_nested_branch_dag.py
[2024-06-23T07:23:47.397+0000] {logging_mixin.py:154} INFO - [2024-06-23T07:23:47.397+0000] {dag.py:2941} INFO - Sync 1 DAGs
[2024-06-23T07:23:47.416+0000] {logging_mixin.py:154} INFO - [2024-06-23T07:23:47.416+0000] {dag.py:3722} INFO - Setting next_dagrun for example_nested_branch_dag to 2024-06-22T00:00:00+00:00, run_after=2024-06-23T00:00:00+00:00
[2024-06-23T07:23:47.433+0000] {processor.py:179} INFO - Processing /home/airflow/.local/lib/python3.8/site-packages/airflow/example_dags/example_nested_branch_dag.py took 0.085 seconds
[2024-06-23T07:24:18.416+0000] {processor.py:157} INFO - Started process (PID=21959) to work on /home/airflow/.local/lib/python3.8/site-packages/airflow/example_dags/example_nested_branch_dag.py
[2024-06-23T07:24:18.418+0000] {processor.py:829} INFO - Processing file /home/airflow/.local/lib/python3.8/site-packages/airflow/example_dags/example_nested_branch_dag.py for tasks to queue
[2024-06-23T07:24:18.419+0000] {logging_mixin.py:154} INFO - [2024-06-23T07:24:18.418+0000] {dagbag.py:536} INFO - Filling up the DagBag from /home/airflow/.local/lib/python3.8/site-packages/airflow/example_dags/example_nested_branch_dag.py
[2024-06-23T07:24:18.429+0000] {processor.py:839} INFO - DAG(s) dict_keys(['example_nested_branch_dag']) retrieved from /home/airflow/.local/lib/python3.8/site-packages/airflow/example_dags/example_nested_branch_dag.py
[2024-06-23T07:24:18.447+0000] {logging_mixin.py:154} INFO - [2024-06-23T07:24:18.447+0000] {dag.py:2941} INFO - Sync 1 DAGs
[2024-06-23T07:24:18.461+0000] {logging_mixin.py:154} INFO - [2024-06-23T07:24:18.461+0000] {dag.py:3722} INFO - Setting next_dagrun for example_nested_branch_dag to 2024-06-22T00:00:00+00:00, run_after=2024-06-23T00:00:00+00:00
[2024-06-23T07:24:18.470+0000] {processor.py:179} INFO - Processing /home/airflow/.local/lib/python3.8/site-packages/airflow/example_dags/example_nested_branch_dag.py took 0.058 seconds
[2024-06-23T07:24:49.414+0000] {processor.py:157} INFO - Started process (PID=22203) to work on /home/airflow/.local/lib/python3.8/site-packages/airflow/example_dags/example_nested_branch_dag.py
[2024-06-23T07:24:49.416+0000] {processor.py:829} INFO - Processing file /home/airflow/.local/lib/python3.8/site-packages/airflow/example_dags/example_nested_branch_dag.py for tasks to queue
[2024-06-23T07:24:49.417+0000] {logging_mixin.py:154} INFO - [2024-06-23T07:24:49.417+0000] {dagbag.py:536} INFO - Filling up the DagBag from /home/airflow/.local/lib/python3.8/site-packages/airflow/example_dags/example_nested_branch_dag.py
[2024-06-23T07:24:49.430+0000] {processor.py:839} INFO - DAG(s) dict_keys(['example_nested_branch_dag']) retrieved from /home/airflow/.local/lib/python3.8/site-packages/airflow/example_dags/example_nested_branch_dag.py
[2024-06-23T07:24:49.450+0000] {logging_mixin.py:154} INFO - [2024-06-23T07:24:49.450+0000] {dag.py:2941} INFO - Sync 1 DAGs
[2024-06-23T07:24:49.464+0000] {logging_mixin.py:154} INFO - [2024-06-23T07:24:49.464+0000] {dag.py:3722} INFO - Setting next_dagrun for example_nested_branch_dag to 2024-06-22T00:00:00+00:00, run_after=2024-06-23T00:00:00+00:00
[2024-06-23T07:24:49.474+0000] {processor.py:179} INFO - Processing /home/airflow/.local/lib/python3.8/site-packages/airflow/example_dags/example_nested_branch_dag.py took 0.065 seconds
[2024-06-23T07:25:19.489+0000] {processor.py:157} INFO - Started process (PID=22447) to work on /home/airflow/.local/lib/python3.8/site-packages/airflow/example_dags/example_nested_branch_dag.py
[2024-06-23T07:25:19.490+0000] {processor.py:829} INFO - Processing file /home/airflow/.local/lib/python3.8/site-packages/airflow/example_dags/example_nested_branch_dag.py for tasks to queue
[2024-06-23T07:25:19.491+0000] {logging_mixin.py:154} INFO - [2024-06-23T07:25:19.491+0000] {dagbag.py:536} INFO - Filling up the DagBag from /home/airflow/.local/lib/python3.8/site-packages/airflow/example_dags/example_nested_branch_dag.py
[2024-06-23T07:25:19.498+0000] {processor.py:839} INFO - DAG(s) dict_keys(['example_nested_branch_dag']) retrieved from /home/airflow/.local/lib/python3.8/site-packages/airflow/example_dags/example_nested_branch_dag.py
[2024-06-23T07:25:19.511+0000] {logging_mixin.py:154} INFO - [2024-06-23T07:25:19.511+0000] {dag.py:2941} INFO - Sync 1 DAGs
[2024-06-23T07:25:19.523+0000] {logging_mixin.py:154} INFO - [2024-06-23T07:25:19.523+0000] {dag.py:3722} INFO - Setting next_dagrun for example_nested_branch_dag to 2024-06-22T00:00:00+00:00, run_after=2024-06-23T00:00:00+00:00
[2024-06-23T07:25:19.532+0000] {processor.py:179} INFO - Processing /home/airflow/.local/lib/python3.8/site-packages/airflow/example_dags/example_nested_branch_dag.py took 0.045 seconds
[2024-06-23T07:25:49.666+0000] {processor.py:157} INFO - Started process (PID=22691) to work on /home/airflow/.local/lib/python3.8/site-packages/airflow/example_dags/example_nested_branch_dag.py
[2024-06-23T07:25:49.667+0000] {processor.py:829} INFO - Processing file /home/airflow/.local/lib/python3.8/site-packages/airflow/example_dags/example_nested_branch_dag.py for tasks to queue
[2024-06-23T07:25:49.668+0000] {logging_mixin.py:154} INFO - [2024-06-23T07:25:49.668+0000] {dagbag.py:536} INFO - Filling up the DagBag from /home/airflow/.local/lib/python3.8/site-packages/airflow/example_dags/example_nested_branch_dag.py
[2024-06-23T07:25:49.675+0000] {processor.py:839} INFO - DAG(s) dict_keys(['example_nested_branch_dag']) retrieved from /home/airflow/.local/lib/python3.8/site-packages/airflow/example_dags/example_nested_branch_dag.py
[2024-06-23T07:25:49.701+0000] {logging_mixin.py:154} INFO - [2024-06-23T07:25:49.701+0000] {dag.py:2941} INFO - Sync 1 DAGs
[2024-06-23T07:25:49.716+0000] {logging_mixin.py:154} INFO - [2024-06-23T07:25:49.716+0000] {dag.py:3722} INFO - Setting next_dagrun for example_nested_branch_dag to 2024-06-22T00:00:00+00:00, run_after=2024-06-23T00:00:00+00:00
[2024-06-23T07:25:49.725+0000] {processor.py:179} INFO - Processing /home/airflow/.local/lib/python3.8/site-packages/airflow/example_dags/example_nested_branch_dag.py took 0.061 seconds
[2024-06-23T07:26:20.460+0000] {processor.py:157} INFO - Started process (PID=22935) to work on /home/airflow/.local/lib/python3.8/site-packages/airflow/example_dags/example_nested_branch_dag.py
[2024-06-23T07:26:20.461+0000] {processor.py:829} INFO - Processing file /home/airflow/.local/lib/python3.8/site-packages/airflow/example_dags/example_nested_branch_dag.py for tasks to queue
[2024-06-23T07:26:20.462+0000] {logging_mixin.py:154} INFO - [2024-06-23T07:26:20.462+0000] {dagbag.py:536} INFO - Filling up the DagBag from /home/airflow/.local/lib/python3.8/site-packages/airflow/example_dags/example_nested_branch_dag.py
[2024-06-23T07:26:20.473+0000] {processor.py:839} INFO - DAG(s) dict_keys(['example_nested_branch_dag']) retrieved from /home/airflow/.local/lib/python3.8/site-packages/airflow/example_dags/example_nested_branch_dag.py
[2024-06-23T07:26:20.492+0000] {logging_mixin.py:154} INFO - [2024-06-23T07:26:20.492+0000] {dag.py:2941} INFO - Sync 1 DAGs
[2024-06-23T07:26:20.509+0000] {logging_mixin.py:154} INFO - [2024-06-23T07:26:20.509+0000] {dag.py:3722} INFO - Setting next_dagrun for example_nested_branch_dag to 2024-06-22T00:00:00+00:00, run_after=2024-06-23T00:00:00+00:00
[2024-06-23T07:26:20.520+0000] {processor.py:179} INFO - Processing /home/airflow/.local/lib/python3.8/site-packages/airflow/example_dags/example_nested_branch_dag.py took 0.066 seconds
[2024-06-23T07:26:51.411+0000] {processor.py:157} INFO - Started process (PID=23179) to work on /home/airflow/.local/lib/python3.8/site-packages/airflow/example_dags/example_nested_branch_dag.py
[2024-06-23T07:26:51.414+0000] {processor.py:829} INFO - Processing file /home/airflow/.local/lib/python3.8/site-packages/airflow/example_dags/example_nested_branch_dag.py for tasks to queue
[2024-06-23T07:26:51.415+0000] {logging_mixin.py:154} INFO - [2024-06-23T07:26:51.415+0000] {dagbag.py:536} INFO - Filling up the DagBag from /home/airflow/.local/lib/python3.8/site-packages/airflow/example_dags/example_nested_branch_dag.py
[2024-06-23T07:26:51.430+0000] {processor.py:839} INFO - DAG(s) dict_keys(['example_nested_branch_dag']) retrieved from /home/airflow/.local/lib/python3.8/site-packages/airflow/example_dags/example_nested_branch_dag.py
[2024-06-23T07:26:51.449+0000] {logging_mixin.py:154} INFO - [2024-06-23T07:26:51.449+0000] {dag.py:2941} INFO - Sync 1 DAGs
[2024-06-23T07:26:51.464+0000] {logging_mixin.py:154} INFO - [2024-06-23T07:26:51.464+0000] {dag.py:3722} INFO - Setting next_dagrun for example_nested_branch_dag to 2024-06-22T00:00:00+00:00, run_after=2024-06-23T00:00:00+00:00
[2024-06-23T07:26:51.473+0000] {processor.py:179} INFO - Processing /home/airflow/.local/lib/python3.8/site-packages/airflow/example_dags/example_nested_branch_dag.py took 0.066 seconds
[2024-06-23T07:27:22.356+0000] {processor.py:157} INFO - Started process (PID=23422) to work on /home/airflow/.local/lib/python3.8/site-packages/airflow/example_dags/example_nested_branch_dag.py
[2024-06-23T07:27:22.361+0000] {processor.py:829} INFO - Processing file /home/airflow/.local/lib/python3.8/site-packages/airflow/example_dags/example_nested_branch_dag.py for tasks to queue
[2024-06-23T07:27:22.362+0000] {logging_mixin.py:154} INFO - [2024-06-23T07:27:22.362+0000] {dagbag.py:536} INFO - Filling up the DagBag from /home/airflow/.local/lib/python3.8/site-packages/airflow/example_dags/example_nested_branch_dag.py
[2024-06-23T07:27:22.374+0000] {processor.py:839} INFO - DAG(s) dict_keys(['example_nested_branch_dag']) retrieved from /home/airflow/.local/lib/python3.8/site-packages/airflow/example_dags/example_nested_branch_dag.py
[2024-06-23T07:27:22.391+0000] {logging_mixin.py:154} INFO - [2024-06-23T07:27:22.391+0000] {dag.py:2941} INFO - Sync 1 DAGs
[2024-06-23T07:27:22.404+0000] {logging_mixin.py:154} INFO - [2024-06-23T07:27:22.404+0000] {dag.py:3722} INFO - Setting next_dagrun for example_nested_branch_dag to 2024-06-22T00:00:00+00:00, run_after=2024-06-23T00:00:00+00:00
[2024-06-23T07:27:22.413+0000] {processor.py:179} INFO - Processing /home/airflow/.local/lib/python3.8/site-packages/airflow/example_dags/example_nested_branch_dag.py took 0.062 seconds
[2024-06-23T07:27:53.105+0000] {processor.py:157} INFO - Started process (PID=23666) to work on /home/airflow/.local/lib/python3.8/site-packages/airflow/example_dags/example_nested_branch_dag.py
[2024-06-23T07:27:53.107+0000] {processor.py:829} INFO - Processing file /home/airflow/.local/lib/python3.8/site-packages/airflow/example_dags/example_nested_branch_dag.py for tasks to queue
[2024-06-23T07:27:53.109+0000] {logging_mixin.py:154} INFO - [2024-06-23T07:27:53.108+0000] {dagbag.py:536} INFO - Filling up the DagBag from /home/airflow/.local/lib/python3.8/site-packages/airflow/example_dags/example_nested_branch_dag.py
[2024-06-23T07:27:53.124+0000] {processor.py:839} INFO - DAG(s) dict_keys(['example_nested_branch_dag']) retrieved from /home/airflow/.local/lib/python3.8/site-packages/airflow/example_dags/example_nested_branch_dag.py
[2024-06-23T07:27:53.143+0000] {logging_mixin.py:154} INFO - [2024-06-23T07:27:53.142+0000] {dag.py:2941} INFO - Sync 1 DAGs
[2024-06-23T07:27:53.157+0000] {logging_mixin.py:154} INFO - [2024-06-23T07:27:53.157+0000] {dag.py:3722} INFO - Setting next_dagrun for example_nested_branch_dag to 2024-06-22T00:00:00+00:00, run_after=2024-06-23T00:00:00+00:00
[2024-06-23T07:27:53.166+0000] {processor.py:179} INFO - Processing /home/airflow/.local/lib/python3.8/site-packages/airflow/example_dags/example_nested_branch_dag.py took 0.068 seconds
[2024-06-23T07:28:24.152+0000] {processor.py:157} INFO - Started process (PID=23910) to work on /home/airflow/.local/lib/python3.8/site-packages/airflow/example_dags/example_nested_branch_dag.py
[2024-06-23T07:28:24.154+0000] {processor.py:829} INFO - Processing file /home/airflow/.local/lib/python3.8/site-packages/airflow/example_dags/example_nested_branch_dag.py for tasks to queue
[2024-06-23T07:28:24.156+0000] {logging_mixin.py:154} INFO - [2024-06-23T07:28:24.155+0000] {dagbag.py:536} INFO - Filling up the DagBag from /home/airflow/.local/lib/python3.8/site-packages/airflow/example_dags/example_nested_branch_dag.py
[2024-06-23T07:28:24.163+0000] {processor.py:839} INFO - DAG(s) dict_keys(['example_nested_branch_dag']) retrieved from /home/airflow/.local/lib/python3.8/site-packages/airflow/example_dags/example_nested_branch_dag.py
[2024-06-23T07:28:24.176+0000] {logging_mixin.py:154} INFO - [2024-06-23T07:28:24.176+0000] {dag.py:2941} INFO - Sync 1 DAGs
[2024-06-23T07:28:24.190+0000] {logging_mixin.py:154} INFO - [2024-06-23T07:28:24.190+0000] {dag.py:3722} INFO - Setting next_dagrun for example_nested_branch_dag to 2024-06-22T00:00:00+00:00, run_after=2024-06-23T00:00:00+00:00
[2024-06-23T07:28:24.200+0000] {processor.py:179} INFO - Processing /home/airflow/.local/lib/python3.8/site-packages/airflow/example_dags/example_nested_branch_dag.py took 0.051 seconds
[2024-06-23T07:28:54.236+0000] {processor.py:157} INFO - Started process (PID=24154) to work on /home/airflow/.local/lib/python3.8/site-packages/airflow/example_dags/example_nested_branch_dag.py
[2024-06-23T07:28:54.240+0000] {processor.py:829} INFO - Processing file /home/airflow/.local/lib/python3.8/site-packages/airflow/example_dags/example_nested_branch_dag.py for tasks to queue
[2024-06-23T07:28:54.241+0000] {logging_mixin.py:154} INFO - [2024-06-23T07:28:54.240+0000] {dagbag.py:536} INFO - Filling up the DagBag from /home/airflow/.local/lib/python3.8/site-packages/airflow/example_dags/example_nested_branch_dag.py
[2024-06-23T07:28:54.247+0000] {processor.py:839} INFO - DAG(s) dict_keys(['example_nested_branch_dag']) retrieved from /home/airflow/.local/lib/python3.8/site-packages/airflow/example_dags/example_nested_branch_dag.py
[2024-06-23T07:28:54.262+0000] {logging_mixin.py:154} INFO - [2024-06-23T07:28:54.261+0000] {dag.py:2941} INFO - Sync 1 DAGs
[2024-06-23T07:28:54.275+0000] {logging_mixin.py:154} INFO - [2024-06-23T07:28:54.275+0000] {dag.py:3722} INFO - Setting next_dagrun for example_nested_branch_dag to 2024-06-22T00:00:00+00:00, run_after=2024-06-23T00:00:00+00:00
[2024-06-23T07:28:54.289+0000] {processor.py:179} INFO - Processing /home/airflow/.local/lib/python3.8/site-packages/airflow/example_dags/example_nested_branch_dag.py took 0.056 seconds
[2024-06-23T07:29:24.473+0000] {processor.py:157} INFO - Started process (PID=24398) to work on /home/airflow/.local/lib/python3.8/site-packages/airflow/example_dags/example_nested_branch_dag.py
[2024-06-23T07:29:24.476+0000] {processor.py:829} INFO - Processing file /home/airflow/.local/lib/python3.8/site-packages/airflow/example_dags/example_nested_branch_dag.py for tasks to queue
[2024-06-23T07:29:24.476+0000] {logging_mixin.py:154} INFO - [2024-06-23T07:29:24.476+0000] {dagbag.py:536} INFO - Filling up the DagBag from /home/airflow/.local/lib/python3.8/site-packages/airflow/example_dags/example_nested_branch_dag.py
[2024-06-23T07:29:24.492+0000] {processor.py:839} INFO - DAG(s) dict_keys(['example_nested_branch_dag']) retrieved from /home/airflow/.local/lib/python3.8/site-packages/airflow/example_dags/example_nested_branch_dag.py
[2024-06-23T07:29:24.511+0000] {logging_mixin.py:154} INFO - [2024-06-23T07:29:24.511+0000] {dag.py:2941} INFO - Sync 1 DAGs
[2024-06-23T07:29:24.527+0000] {logging_mixin.py:154} INFO - [2024-06-23T07:29:24.527+0000] {dag.py:3722} INFO - Setting next_dagrun for example_nested_branch_dag to 2024-06-22T00:00:00+00:00, run_after=2024-06-23T00:00:00+00:00
[2024-06-23T07:29:24.538+0000] {processor.py:179} INFO - Processing /home/airflow/.local/lib/python3.8/site-packages/airflow/example_dags/example_nested_branch_dag.py took 0.069 seconds
[2024-06-23T07:29:54.866+0000] {processor.py:157} INFO - Started process (PID=24642) to work on /home/airflow/.local/lib/python3.8/site-packages/airflow/example_dags/example_nested_branch_dag.py
[2024-06-23T07:29:54.868+0000] {processor.py:829} INFO - Processing file /home/airflow/.local/lib/python3.8/site-packages/airflow/example_dags/example_nested_branch_dag.py for tasks to queue
[2024-06-23T07:29:54.869+0000] {logging_mixin.py:154} INFO - [2024-06-23T07:29:54.869+0000] {dagbag.py:536} INFO - Filling up the DagBag from /home/airflow/.local/lib/python3.8/site-packages/airflow/example_dags/example_nested_branch_dag.py
[2024-06-23T07:29:54.881+0000] {processor.py:839} INFO - DAG(s) dict_keys(['example_nested_branch_dag']) retrieved from /home/airflow/.local/lib/python3.8/site-packages/airflow/example_dags/example_nested_branch_dag.py
[2024-06-23T07:29:54.899+0000] {logging_mixin.py:154} INFO - [2024-06-23T07:29:54.899+0000] {dag.py:2941} INFO - Sync 1 DAGs
[2024-06-23T07:29:54.913+0000] {logging_mixin.py:154} INFO - [2024-06-23T07:29:54.913+0000] {dag.py:3722} INFO - Setting next_dagrun for example_nested_branch_dag to 2024-06-22T00:00:00+00:00, run_after=2024-06-23T00:00:00+00:00
[2024-06-23T07:29:54.922+0000] {processor.py:179} INFO - Processing /home/airflow/.local/lib/python3.8/site-packages/airflow/example_dags/example_nested_branch_dag.py took 0.061 seconds
[2024-06-23T07:30:25.522+0000] {processor.py:157} INFO - Started process (PID=24886) to work on /home/airflow/.local/lib/python3.8/site-packages/airflow/example_dags/example_nested_branch_dag.py
[2024-06-23T07:30:25.524+0000] {processor.py:829} INFO - Processing file /home/airflow/.local/lib/python3.8/site-packages/airflow/example_dags/example_nested_branch_dag.py for tasks to queue
[2024-06-23T07:30:25.526+0000] {logging_mixin.py:154} INFO - [2024-06-23T07:30:25.526+0000] {dagbag.py:536} INFO - Filling up the DagBag from /home/airflow/.local/lib/python3.8/site-packages/airflow/example_dags/example_nested_branch_dag.py
[2024-06-23T07:30:25.538+0000] {processor.py:839} INFO - DAG(s) dict_keys(['example_nested_branch_dag']) retrieved from /home/airflow/.local/lib/python3.8/site-packages/airflow/example_dags/example_nested_branch_dag.py
[2024-06-23T07:30:25.568+0000] {logging_mixin.py:154} INFO - [2024-06-23T07:30:25.567+0000] {dag.py:2941} INFO - Sync 1 DAGs
[2024-06-23T07:30:25.584+0000] {logging_mixin.py:154} INFO - [2024-06-23T07:30:25.584+0000] {dag.py:3722} INFO - Setting next_dagrun for example_nested_branch_dag to 2024-06-22T00:00:00+00:00, run_after=2024-06-23T00:00:00+00:00
[2024-06-23T07:30:25.597+0000] {processor.py:179} INFO - Processing /home/airflow/.local/lib/python3.8/site-packages/airflow/example_dags/example_nested_branch_dag.py took 0.080 seconds
[2024-06-23T07:30:55.629+0000] {processor.py:157} INFO - Started process (PID=25130) to work on /home/airflow/.local/lib/python3.8/site-packages/airflow/example_dags/example_nested_branch_dag.py
[2024-06-23T07:30:55.630+0000] {processor.py:829} INFO - Processing file /home/airflow/.local/lib/python3.8/site-packages/airflow/example_dags/example_nested_branch_dag.py for tasks to queue
[2024-06-23T07:30:55.630+0000] {logging_mixin.py:154} INFO - [2024-06-23T07:30:55.630+0000] {dagbag.py:536} INFO - Filling up the DagBag from /home/airflow/.local/lib/python3.8/site-packages/airflow/example_dags/example_nested_branch_dag.py
[2024-06-23T07:30:55.638+0000] {processor.py:839} INFO - DAG(s) dict_keys(['example_nested_branch_dag']) retrieved from /home/airflow/.local/lib/python3.8/site-packages/airflow/example_dags/example_nested_branch_dag.py
[2024-06-23T07:30:55.652+0000] {logging_mixin.py:154} INFO - [2024-06-23T07:30:55.652+0000] {dag.py:2941} INFO - Sync 1 DAGs
[2024-06-23T07:30:55.665+0000] {logging_mixin.py:154} INFO - [2024-06-23T07:30:55.665+0000] {dag.py:3722} INFO - Setting next_dagrun for example_nested_branch_dag to 2024-06-22T00:00:00+00:00, run_after=2024-06-23T00:00:00+00:00
[2024-06-23T07:30:55.674+0000] {processor.py:179} INFO - Processing /home/airflow/.local/lib/python3.8/site-packages/airflow/example_dags/example_nested_branch_dag.py took 0.047 seconds
