[2024-06-23T01:24:24.356+0000] {processor.py:157} INFO - Started process (PID=13173) to work on /home/airflow/.local/lib/python3.8/site-packages/airflow/example_dags/example_external_task_marker_dag.py
[2024-06-23T01:24:24.358+0000] {processor.py:829} INFO - Processing file /home/airflow/.local/lib/python3.8/site-packages/airflow/example_dags/example_external_task_marker_dag.py for tasks to queue
[2024-06-23T01:24:24.359+0000] {logging_mixin.py:154} INFO - [2024-06-23T01:24:24.359+0000] {dagbag.py:536} INFO - Filling up the DagBag from /home/airflow/.local/lib/python3.8/site-packages/airflow/example_dags/example_external_task_marker_dag.py
[2024-06-23T01:24:24.367+0000] {processor.py:839} INFO - DAG(s) dict_keys(['example_external_task_marker_parent', 'example_external_task_marker_child']) retrieved from /home/airflow/.local/lib/python3.8/site-packages/airflow/example_dags/example_external_task_marker_dag.py
[2024-06-23T01:24:24.385+0000] {logging_mixin.py:154} INFO - [2024-06-23T01:24:24.384+0000] {dag.py:2941} INFO - Sync 2 DAGs
[2024-06-23T01:24:24.393+0000] {logging_mixin.py:154} INFO - [2024-06-23T01:24:24.393+0000] {dag.py:3722} INFO - Setting next_dagrun for example_external_task_marker_child to None, run_after=None
[2024-06-23T01:24:24.396+0000] {logging_mixin.py:154} INFO - [2024-06-23T01:24:24.396+0000] {dag.py:3722} INFO - Setting next_dagrun for example_external_task_marker_parent to None, run_after=None
[2024-06-23T01:24:24.410+0000] {processor.py:179} INFO - Processing /home/airflow/.local/lib/python3.8/site-packages/airflow/example_dags/example_external_task_marker_dag.py took 0.057 seconds
[2024-06-23T02:48:33.183+0000] {processor.py:157} INFO - Started process (PID=13418) to work on /home/airflow/.local/lib/python3.8/site-packages/airflow/example_dags/example_external_task_marker_dag.py
[2024-06-23T02:48:33.184+0000] {processor.py:829} INFO - Processing file /home/airflow/.local/lib/python3.8/site-packages/airflow/example_dags/example_external_task_marker_dag.py for tasks to queue
[2024-06-23T02:48:33.184+0000] {logging_mixin.py:154} INFO - [2024-06-23T02:48:33.184+0000] {dagbag.py:536} INFO - Filling up the DagBag from /home/airflow/.local/lib/python3.8/site-packages/airflow/example_dags/example_external_task_marker_dag.py
[2024-06-23T02:48:33.189+0000] {processor.py:839} INFO - DAG(s) dict_keys(['example_external_task_marker_parent', 'example_external_task_marker_child']) retrieved from /home/airflow/.local/lib/python3.8/site-packages/airflow/example_dags/example_external_task_marker_dag.py
[2024-06-23T02:48:33.207+0000] {logging_mixin.py:154} INFO - [2024-06-23T02:48:33.207+0000] {dag.py:2941} INFO - Sync 2 DAGs
[2024-06-23T02:48:33.214+0000] {logging_mixin.py:154} INFO - [2024-06-23T02:48:33.214+0000] {dag.py:3722} INFO - Setting next_dagrun for example_external_task_marker_child to None, run_after=None
[2024-06-23T02:48:33.216+0000] {logging_mixin.py:154} INFO - [2024-06-23T02:48:33.216+0000] {dag.py:3722} INFO - Setting next_dagrun for example_external_task_marker_parent to None, run_after=None
[2024-06-23T02:48:33.226+0000] {processor.py:179} INFO - Processing /home/airflow/.local/lib/python3.8/site-packages/airflow/example_dags/example_external_task_marker_dag.py took 0.045 seconds
[2024-06-23T04:09:04.161+0000] {processor.py:157} INFO - Started process (PID=13662) to work on /home/airflow/.local/lib/python3.8/site-packages/airflow/example_dags/example_external_task_marker_dag.py
[2024-06-23T04:09:04.161+0000] {processor.py:829} INFO - Processing file /home/airflow/.local/lib/python3.8/site-packages/airflow/example_dags/example_external_task_marker_dag.py for tasks to queue
[2024-06-23T04:09:04.162+0000] {logging_mixin.py:154} INFO - [2024-06-23T04:09:04.162+0000] {dagbag.py:536} INFO - Filling up the DagBag from /home/airflow/.local/lib/python3.8/site-packages/airflow/example_dags/example_external_task_marker_dag.py
[2024-06-23T04:09:04.166+0000] {processor.py:839} INFO - DAG(s) dict_keys(['example_external_task_marker_child', 'example_external_task_marker_parent']) retrieved from /home/airflow/.local/lib/python3.8/site-packages/airflow/example_dags/example_external_task_marker_dag.py
[2024-06-23T04:09:04.180+0000] {logging_mixin.py:154} INFO - [2024-06-23T04:09:04.180+0000] {dag.py:2941} INFO - Sync 2 DAGs
[2024-06-23T04:09:04.187+0000] {logging_mixin.py:154} INFO - [2024-06-23T04:09:04.187+0000] {dag.py:3722} INFO - Setting next_dagrun for example_external_task_marker_child to None, run_after=None
[2024-06-23T04:09:04.189+0000] {logging_mixin.py:154} INFO - [2024-06-23T04:09:04.189+0000] {dag.py:3722} INFO - Setting next_dagrun for example_external_task_marker_parent to None, run_after=None
[2024-06-23T04:09:04.197+0000] {processor.py:179} INFO - Processing /home/airflow/.local/lib/python3.8/site-packages/airflow/example_dags/example_external_task_marker_dag.py took 0.038 seconds
[2024-06-23T05:49:43.010+0000] {processor.py:157} INFO - Started process (PID=13908) to work on /home/airflow/.local/lib/python3.8/site-packages/airflow/example_dags/example_external_task_marker_dag.py
[2024-06-23T05:49:43.011+0000] {processor.py:829} INFO - Processing file /home/airflow/.local/lib/python3.8/site-packages/airflow/example_dags/example_external_task_marker_dag.py for tasks to queue
[2024-06-23T05:49:43.012+0000] {logging_mixin.py:154} INFO - [2024-06-23T05:49:43.012+0000] {dagbag.py:536} INFO - Filling up the DagBag from /home/airflow/.local/lib/python3.8/site-packages/airflow/example_dags/example_external_task_marker_dag.py
[2024-06-23T05:49:43.016+0000] {processor.py:839} INFO - DAG(s) dict_keys(['example_external_task_marker_parent', 'example_external_task_marker_child']) retrieved from /home/airflow/.local/lib/python3.8/site-packages/airflow/example_dags/example_external_task_marker_dag.py
[2024-06-23T05:49:43.035+0000] {logging_mixin.py:154} INFO - [2024-06-23T05:49:43.035+0000] {dag.py:2941} INFO - Sync 2 DAGs
[2024-06-23T05:49:43.043+0000] {logging_mixin.py:154} INFO - [2024-06-23T05:49:43.042+0000] {dag.py:3722} INFO - Setting next_dagrun for example_external_task_marker_child to None, run_after=None
[2024-06-23T05:49:43.045+0000] {logging_mixin.py:154} INFO - [2024-06-23T05:49:43.045+0000] {dag.py:3722} INFO - Setting next_dagrun for example_external_task_marker_parent to None, run_after=None
[2024-06-23T05:49:43.063+0000] {processor.py:179} INFO - Processing /home/airflow/.local/lib/python3.8/site-packages/airflow/example_dags/example_external_task_marker_dag.py took 0.056 seconds
[2024-06-23T07:07:59.050+0000] {processor.py:157} INFO - Started process (PID=14161) to work on /home/airflow/.local/lib/python3.8/site-packages/airflow/example_dags/example_external_task_marker_dag.py
[2024-06-23T07:07:59.051+0000] {processor.py:829} INFO - Processing file /home/airflow/.local/lib/python3.8/site-packages/airflow/example_dags/example_external_task_marker_dag.py for tasks to queue
[2024-06-23T07:07:59.052+0000] {logging_mixin.py:154} INFO - [2024-06-23T07:07:59.051+0000] {dagbag.py:536} INFO - Filling up the DagBag from /home/airflow/.local/lib/python3.8/site-packages/airflow/example_dags/example_external_task_marker_dag.py
[2024-06-23T07:07:59.056+0000] {processor.py:839} INFO - DAG(s) dict_keys(['example_external_task_marker_parent', 'example_external_task_marker_child']) retrieved from /home/airflow/.local/lib/python3.8/site-packages/airflow/example_dags/example_external_task_marker_dag.py
[2024-06-23T07:07:59.074+0000] {logging_mixin.py:154} INFO - [2024-06-23T07:07:59.074+0000] {dag.py:2941} INFO - Sync 2 DAGs
[2024-06-23T07:07:59.082+0000] {logging_mixin.py:154} INFO - [2024-06-23T07:07:59.082+0000] {dag.py:3722} INFO - Setting next_dagrun for example_external_task_marker_child to None, run_after=None
[2024-06-23T07:07:59.084+0000] {logging_mixin.py:154} INFO - [2024-06-23T07:07:59.084+0000] {dag.py:3722} INFO - Setting next_dagrun for example_external_task_marker_parent to None, run_after=None
[2024-06-23T07:07:59.103+0000] {processor.py:179} INFO - Processing /home/airflow/.local/lib/python3.8/site-packages/airflow/example_dags/example_external_task_marker_dag.py took 0.057 seconds
[2024-06-23T07:08:30.045+0000] {processor.py:157} INFO - Started process (PID=14405) to work on /home/airflow/.local/lib/python3.8/site-packages/airflow/example_dags/example_external_task_marker_dag.py
[2024-06-23T07:08:30.046+0000] {processor.py:829} INFO - Processing file /home/airflow/.local/lib/python3.8/site-packages/airflow/example_dags/example_external_task_marker_dag.py for tasks to queue
[2024-06-23T07:08:30.048+0000] {logging_mixin.py:154} INFO - [2024-06-23T07:08:30.048+0000] {dagbag.py:536} INFO - Filling up the DagBag from /home/airflow/.local/lib/python3.8/site-packages/airflow/example_dags/example_external_task_marker_dag.py
[2024-06-23T07:08:30.055+0000] {processor.py:839} INFO - DAG(s) dict_keys(['example_external_task_marker_child', 'example_external_task_marker_parent']) retrieved from /home/airflow/.local/lib/python3.8/site-packages/airflow/example_dags/example_external_task_marker_dag.py
[2024-06-23T07:08:30.081+0000] {logging_mixin.py:154} INFO - [2024-06-23T07:08:30.080+0000] {dag.py:2941} INFO - Sync 2 DAGs
[2024-06-23T07:08:30.096+0000] {logging_mixin.py:154} INFO - [2024-06-23T07:08:30.096+0000] {dag.py:3722} INFO - Setting next_dagrun for example_external_task_marker_child to None, run_after=None
[2024-06-23T07:08:30.100+0000] {logging_mixin.py:154} INFO - [2024-06-23T07:08:30.099+0000] {dag.py:3722} INFO - Setting next_dagrun for example_external_task_marker_parent to None, run_after=None
[2024-06-23T07:08:30.116+0000] {processor.py:179} INFO - Processing /home/airflow/.local/lib/python3.8/site-packages/airflow/example_dags/example_external_task_marker_dag.py took 0.074 seconds
[2024-06-23T07:09:00.447+0000] {processor.py:157} INFO - Started process (PID=14649) to work on /home/airflow/.local/lib/python3.8/site-packages/airflow/example_dags/example_external_task_marker_dag.py
[2024-06-23T07:09:00.448+0000] {processor.py:829} INFO - Processing file /home/airflow/.local/lib/python3.8/site-packages/airflow/example_dags/example_external_task_marker_dag.py for tasks to queue
[2024-06-23T07:09:00.449+0000] {logging_mixin.py:154} INFO - [2024-06-23T07:09:00.449+0000] {dagbag.py:536} INFO - Filling up the DagBag from /home/airflow/.local/lib/python3.8/site-packages/airflow/example_dags/example_external_task_marker_dag.py
[2024-06-23T07:09:00.456+0000] {processor.py:839} INFO - DAG(s) dict_keys(['example_external_task_marker_parent', 'example_external_task_marker_child']) retrieved from /home/airflow/.local/lib/python3.8/site-packages/airflow/example_dags/example_external_task_marker_dag.py
[2024-06-23T07:09:00.479+0000] {logging_mixin.py:154} INFO - [2024-06-23T07:09:00.479+0000] {dag.py:2941} INFO - Sync 2 DAGs
[2024-06-23T07:09:00.488+0000] {logging_mixin.py:154} INFO - [2024-06-23T07:09:00.488+0000] {dag.py:3722} INFO - Setting next_dagrun for example_external_task_marker_child to None, run_after=None
[2024-06-23T07:09:00.493+0000] {logging_mixin.py:154} INFO - [2024-06-23T07:09:00.493+0000] {dag.py:3722} INFO - Setting next_dagrun for example_external_task_marker_parent to None, run_after=None
[2024-06-23T07:09:00.508+0000] {processor.py:179} INFO - Processing /home/airflow/.local/lib/python3.8/site-packages/airflow/example_dags/example_external_task_marker_dag.py took 0.063 seconds
[2024-06-23T07:09:30.570+0000] {processor.py:157} INFO - Started process (PID=14893) to work on /home/airflow/.local/lib/python3.8/site-packages/airflow/example_dags/example_external_task_marker_dag.py
[2024-06-23T07:09:30.571+0000] {processor.py:829} INFO - Processing file /home/airflow/.local/lib/python3.8/site-packages/airflow/example_dags/example_external_task_marker_dag.py for tasks to queue
[2024-06-23T07:09:30.571+0000] {logging_mixin.py:154} INFO - [2024-06-23T07:09:30.571+0000] {dagbag.py:536} INFO - Filling up the DagBag from /home/airflow/.local/lib/python3.8/site-packages/airflow/example_dags/example_external_task_marker_dag.py
[2024-06-23T07:09:30.575+0000] {processor.py:839} INFO - DAG(s) dict_keys(['example_external_task_marker_parent', 'example_external_task_marker_child']) retrieved from /home/airflow/.local/lib/python3.8/site-packages/airflow/example_dags/example_external_task_marker_dag.py
[2024-06-23T07:09:30.590+0000] {logging_mixin.py:154} INFO - [2024-06-23T07:09:30.590+0000] {dag.py:2941} INFO - Sync 2 DAGs
[2024-06-23T07:09:30.596+0000] {logging_mixin.py:154} INFO - [2024-06-23T07:09:30.596+0000] {dag.py:3722} INFO - Setting next_dagrun for example_external_task_marker_child to None, run_after=None
[2024-06-23T07:09:30.599+0000] {logging_mixin.py:154} INFO - [2024-06-23T07:09:30.599+0000] {dag.py:3722} INFO - Setting next_dagrun for example_external_task_marker_parent to None, run_after=None
[2024-06-23T07:09:30.607+0000] {processor.py:179} INFO - Processing /home/airflow/.local/lib/python3.8/site-packages/airflow/example_dags/example_external_task_marker_dag.py took 0.039 seconds
[2024-06-23T07:10:00.801+0000] {processor.py:157} INFO - Started process (PID=15139) to work on /home/airflow/.local/lib/python3.8/site-packages/airflow/example_dags/example_external_task_marker_dag.py
[2024-06-23T07:10:00.802+0000] {processor.py:829} INFO - Processing file /home/airflow/.local/lib/python3.8/site-packages/airflow/example_dags/example_external_task_marker_dag.py for tasks to queue
[2024-06-23T07:10:00.802+0000] {logging_mixin.py:154} INFO - [2024-06-23T07:10:00.802+0000] {dagbag.py:536} INFO - Filling up the DagBag from /home/airflow/.local/lib/python3.8/site-packages/airflow/example_dags/example_external_task_marker_dag.py
[2024-06-23T07:10:00.806+0000] {processor.py:839} INFO - DAG(s) dict_keys(['example_external_task_marker_child', 'example_external_task_marker_parent']) retrieved from /home/airflow/.local/lib/python3.8/site-packages/airflow/example_dags/example_external_task_marker_dag.py
[2024-06-23T07:10:00.821+0000] {logging_mixin.py:154} INFO - [2024-06-23T07:10:00.821+0000] {dag.py:2941} INFO - Sync 2 DAGs
[2024-06-23T07:10:00.829+0000] {logging_mixin.py:154} INFO - [2024-06-23T07:10:00.829+0000] {dag.py:3722} INFO - Setting next_dagrun for example_external_task_marker_child to None, run_after=None
[2024-06-23T07:10:00.831+0000] {logging_mixin.py:154} INFO - [2024-06-23T07:10:00.831+0000] {dag.py:3722} INFO - Setting next_dagrun for example_external_task_marker_parent to None, run_after=None
[2024-06-23T07:10:00.842+0000] {processor.py:179} INFO - Processing /home/airflow/.local/lib/python3.8/site-packages/airflow/example_dags/example_external_task_marker_dag.py took 0.042 seconds
[2024-06-23T07:10:32.764+0000] {processor.py:157} INFO - Started process (PID=15390) to work on /home/airflow/.local/lib/python3.8/site-packages/airflow/example_dags/example_external_task_marker_dag.py
[2024-06-23T07:10:32.772+0000] {processor.py:829} INFO - Processing file /home/airflow/.local/lib/python3.8/site-packages/airflow/example_dags/example_external_task_marker_dag.py for tasks to queue
[2024-06-23T07:10:32.870+0000] {logging_mixin.py:154} INFO - [2024-06-23T07:10:32.863+0000] {dagbag.py:536} INFO - Filling up the DagBag from /home/airflow/.local/lib/python3.8/site-packages/airflow/example_dags/example_external_task_marker_dag.py
[2024-06-23T07:10:32.917+0000] {processor.py:839} INFO - DAG(s) dict_keys(['example_external_task_marker_parent', 'example_external_task_marker_child']) retrieved from /home/airflow/.local/lib/python3.8/site-packages/airflow/example_dags/example_external_task_marker_dag.py
[2024-06-23T07:10:32.956+0000] {logging_mixin.py:154} INFO - [2024-06-23T07:10:32.955+0000] {dag.py:2941} INFO - Sync 2 DAGs
[2024-06-23T07:10:32.967+0000] {logging_mixin.py:154} INFO - [2024-06-23T07:10:32.967+0000] {dag.py:3722} INFO - Setting next_dagrun for example_external_task_marker_child to None, run_after=None
[2024-06-23T07:10:32.972+0000] {logging_mixin.py:154} INFO - [2024-06-23T07:10:32.972+0000] {dag.py:3722} INFO - Setting next_dagrun for example_external_task_marker_parent to None, run_after=None
[2024-06-23T07:10:32.987+0000] {processor.py:179} INFO - Processing /home/airflow/.local/lib/python3.8/site-packages/airflow/example_dags/example_external_task_marker_dag.py took 0.227 seconds
[2024-06-23T07:11:03.221+0000] {processor.py:157} INFO - Started process (PID=15632) to work on /home/airflow/.local/lib/python3.8/site-packages/airflow/example_dags/example_external_task_marker_dag.py
[2024-06-23T07:11:03.223+0000] {processor.py:829} INFO - Processing file /home/airflow/.local/lib/python3.8/site-packages/airflow/example_dags/example_external_task_marker_dag.py for tasks to queue
[2024-06-23T07:11:03.225+0000] {logging_mixin.py:154} INFO - [2024-06-23T07:11:03.225+0000] {dagbag.py:536} INFO - Filling up the DagBag from /home/airflow/.local/lib/python3.8/site-packages/airflow/example_dags/example_external_task_marker_dag.py
[2024-06-23T07:11:03.231+0000] {processor.py:839} INFO - DAG(s) dict_keys(['example_external_task_marker_parent', 'example_external_task_marker_child']) retrieved from /home/airflow/.local/lib/python3.8/site-packages/airflow/example_dags/example_external_task_marker_dag.py
[2024-06-23T07:11:03.254+0000] {logging_mixin.py:154} INFO - [2024-06-23T07:11:03.254+0000] {dag.py:2941} INFO - Sync 2 DAGs
[2024-06-23T07:11:03.265+0000] {logging_mixin.py:154} INFO - [2024-06-23T07:11:03.264+0000] {dag.py:3722} INFO - Setting next_dagrun for example_external_task_marker_child to None, run_after=None
[2024-06-23T07:11:03.268+0000] {logging_mixin.py:154} INFO - [2024-06-23T07:11:03.268+0000] {dag.py:3722} INFO - Setting next_dagrun for example_external_task_marker_parent to None, run_after=None
[2024-06-23T07:11:03.291+0000] {processor.py:179} INFO - Processing /home/airflow/.local/lib/python3.8/site-packages/airflow/example_dags/example_external_task_marker_dag.py took 0.073 seconds
[2024-06-23T07:11:33.865+0000] {processor.py:157} INFO - Started process (PID=15877) to work on /home/airflow/.local/lib/python3.8/site-packages/airflow/example_dags/example_external_task_marker_dag.py
[2024-06-23T07:11:33.867+0000] {processor.py:829} INFO - Processing file /home/airflow/.local/lib/python3.8/site-packages/airflow/example_dags/example_external_task_marker_dag.py for tasks to queue
[2024-06-23T07:11:33.868+0000] {logging_mixin.py:154} INFO - [2024-06-23T07:11:33.868+0000] {dagbag.py:536} INFO - Filling up the DagBag from /home/airflow/.local/lib/python3.8/site-packages/airflow/example_dags/example_external_task_marker_dag.py
[2024-06-23T07:11:33.873+0000] {processor.py:839} INFO - DAG(s) dict_keys(['example_external_task_marker_parent', 'example_external_task_marker_child']) retrieved from /home/airflow/.local/lib/python3.8/site-packages/airflow/example_dags/example_external_task_marker_dag.py
[2024-06-23T07:11:33.889+0000] {logging_mixin.py:154} INFO - [2024-06-23T07:11:33.889+0000] {dag.py:2941} INFO - Sync 2 DAGs
[2024-06-23T07:11:33.897+0000] {logging_mixin.py:154} INFO - [2024-06-23T07:11:33.897+0000] {dag.py:3722} INFO - Setting next_dagrun for example_external_task_marker_child to None, run_after=None
[2024-06-23T07:11:33.900+0000] {logging_mixin.py:154} INFO - [2024-06-23T07:11:33.900+0000] {dag.py:3722} INFO - Setting next_dagrun for example_external_task_marker_parent to None, run_after=None
[2024-06-23T07:11:33.914+0000] {processor.py:179} INFO - Processing /home/airflow/.local/lib/python3.8/site-packages/airflow/example_dags/example_external_task_marker_dag.py took 0.050 seconds
[2024-06-23T07:12:04.352+0000] {processor.py:157} INFO - Started process (PID=16122) to work on /home/airflow/.local/lib/python3.8/site-packages/airflow/example_dags/example_external_task_marker_dag.py
[2024-06-23T07:12:04.353+0000] {processor.py:829} INFO - Processing file /home/airflow/.local/lib/python3.8/site-packages/airflow/example_dags/example_external_task_marker_dag.py for tasks to queue
[2024-06-23T07:12:04.353+0000] {logging_mixin.py:154} INFO - [2024-06-23T07:12:04.353+0000] {dagbag.py:536} INFO - Filling up the DagBag from /home/airflow/.local/lib/python3.8/site-packages/airflow/example_dags/example_external_task_marker_dag.py
[2024-06-23T07:12:04.357+0000] {processor.py:839} INFO - DAG(s) dict_keys(['example_external_task_marker_child', 'example_external_task_marker_parent']) retrieved from /home/airflow/.local/lib/python3.8/site-packages/airflow/example_dags/example_external_task_marker_dag.py
[2024-06-23T07:12:04.371+0000] {logging_mixin.py:154} INFO - [2024-06-23T07:12:04.371+0000] {dag.py:2941} INFO - Sync 2 DAGs
[2024-06-23T07:12:04.378+0000] {logging_mixin.py:154} INFO - [2024-06-23T07:12:04.378+0000] {dag.py:3722} INFO - Setting next_dagrun for example_external_task_marker_child to None, run_after=None
[2024-06-23T07:12:04.380+0000] {logging_mixin.py:154} INFO - [2024-06-23T07:12:04.380+0000] {dag.py:3722} INFO - Setting next_dagrun for example_external_task_marker_parent to None, run_after=None
[2024-06-23T07:12:04.389+0000] {processor.py:179} INFO - Processing /home/airflow/.local/lib/python3.8/site-packages/airflow/example_dags/example_external_task_marker_dag.py took 0.039 seconds
[2024-06-23T07:12:35.036+0000] {processor.py:157} INFO - Started process (PID=16364) to work on /home/airflow/.local/lib/python3.8/site-packages/airflow/example_dags/example_external_task_marker_dag.py
[2024-06-23T07:12:35.038+0000] {processor.py:829} INFO - Processing file /home/airflow/.local/lib/python3.8/site-packages/airflow/example_dags/example_external_task_marker_dag.py for tasks to queue
[2024-06-23T07:12:35.039+0000] {logging_mixin.py:154} INFO - [2024-06-23T07:12:35.039+0000] {dagbag.py:536} INFO - Filling up the DagBag from /home/airflow/.local/lib/python3.8/site-packages/airflow/example_dags/example_external_task_marker_dag.py
[2024-06-23T07:12:35.045+0000] {processor.py:839} INFO - DAG(s) dict_keys(['example_external_task_marker_child', 'example_external_task_marker_parent']) retrieved from /home/airflow/.local/lib/python3.8/site-packages/airflow/example_dags/example_external_task_marker_dag.py
[2024-06-23T07:12:35.077+0000] {logging_mixin.py:154} INFO - [2024-06-23T07:12:35.077+0000] {dag.py:2941} INFO - Sync 2 DAGs
[2024-06-23T07:12:35.088+0000] {logging_mixin.py:154} INFO - [2024-06-23T07:12:35.088+0000] {dag.py:3722} INFO - Setting next_dagrun for example_external_task_marker_child to None, run_after=None
[2024-06-23T07:12:35.092+0000] {logging_mixin.py:154} INFO - [2024-06-23T07:12:35.092+0000] {dag.py:3722} INFO - Setting next_dagrun for example_external_task_marker_parent to None, run_after=None
[2024-06-23T07:12:35.117+0000] {processor.py:179} INFO - Processing /home/airflow/.local/lib/python3.8/site-packages/airflow/example_dags/example_external_task_marker_dag.py took 0.084 seconds
[2024-06-23T07:13:05.293+0000] {processor.py:157} INFO - Started process (PID=16608) to work on /home/airflow/.local/lib/python3.8/site-packages/airflow/example_dags/example_external_task_marker_dag.py
[2024-06-23T07:13:05.294+0000] {processor.py:829} INFO - Processing file /home/airflow/.local/lib/python3.8/site-packages/airflow/example_dags/example_external_task_marker_dag.py for tasks to queue
[2024-06-23T07:13:05.295+0000] {logging_mixin.py:154} INFO - [2024-06-23T07:13:05.294+0000] {dagbag.py:536} INFO - Filling up the DagBag from /home/airflow/.local/lib/python3.8/site-packages/airflow/example_dags/example_external_task_marker_dag.py
[2024-06-23T07:13:05.299+0000] {processor.py:839} INFO - DAG(s) dict_keys(['example_external_task_marker_child', 'example_external_task_marker_parent']) retrieved from /home/airflow/.local/lib/python3.8/site-packages/airflow/example_dags/example_external_task_marker_dag.py
[2024-06-23T07:13:05.315+0000] {logging_mixin.py:154} INFO - [2024-06-23T07:13:05.315+0000] {dag.py:2941} INFO - Sync 2 DAGs
[2024-06-23T07:13:05.326+0000] {logging_mixin.py:154} INFO - [2024-06-23T07:13:05.325+0000] {dag.py:3722} INFO - Setting next_dagrun for example_external_task_marker_child to None, run_after=None
[2024-06-23T07:13:05.329+0000] {logging_mixin.py:154} INFO - [2024-06-23T07:13:05.329+0000] {dag.py:3722} INFO - Setting next_dagrun for example_external_task_marker_parent to None, run_after=None
[2024-06-23T07:13:05.347+0000] {processor.py:179} INFO - Processing /home/airflow/.local/lib/python3.8/site-packages/airflow/example_dags/example_external_task_marker_dag.py took 0.056 seconds
[2024-06-23T07:13:36.085+0000] {processor.py:157} INFO - Started process (PID=16852) to work on /home/airflow/.local/lib/python3.8/site-packages/airflow/example_dags/example_external_task_marker_dag.py
[2024-06-23T07:13:36.086+0000] {processor.py:829} INFO - Processing file /home/airflow/.local/lib/python3.8/site-packages/airflow/example_dags/example_external_task_marker_dag.py for tasks to queue
[2024-06-23T07:13:36.087+0000] {logging_mixin.py:154} INFO - [2024-06-23T07:13:36.087+0000] {dagbag.py:536} INFO - Filling up the DagBag from /home/airflow/.local/lib/python3.8/site-packages/airflow/example_dags/example_external_task_marker_dag.py
[2024-06-23T07:13:36.092+0000] {processor.py:839} INFO - DAG(s) dict_keys(['example_external_task_marker_parent', 'example_external_task_marker_child']) retrieved from /home/airflow/.local/lib/python3.8/site-packages/airflow/example_dags/example_external_task_marker_dag.py
[2024-06-23T07:13:36.111+0000] {logging_mixin.py:154} INFO - [2024-06-23T07:13:36.111+0000] {dag.py:2941} INFO - Sync 2 DAGs
[2024-06-23T07:13:36.127+0000] {logging_mixin.py:154} INFO - [2024-06-23T07:13:36.126+0000] {dag.py:3722} INFO - Setting next_dagrun for example_external_task_marker_child to None, run_after=None
[2024-06-23T07:13:36.133+0000] {logging_mixin.py:154} INFO - [2024-06-23T07:13:36.133+0000] {dag.py:3722} INFO - Setting next_dagrun for example_external_task_marker_parent to None, run_after=None
[2024-06-23T07:13:36.172+0000] {processor.py:179} INFO - Processing /home/airflow/.local/lib/python3.8/site-packages/airflow/example_dags/example_external_task_marker_dag.py took 0.089 seconds
[2024-06-23T07:14:07.160+0000] {processor.py:157} INFO - Started process (PID=17096) to work on /home/airflow/.local/lib/python3.8/site-packages/airflow/example_dags/example_external_task_marker_dag.py
[2024-06-23T07:14:07.162+0000] {processor.py:829} INFO - Processing file /home/airflow/.local/lib/python3.8/site-packages/airflow/example_dags/example_external_task_marker_dag.py for tasks to queue
[2024-06-23T07:14:07.163+0000] {logging_mixin.py:154} INFO - [2024-06-23T07:14:07.163+0000] {dagbag.py:536} INFO - Filling up the DagBag from /home/airflow/.local/lib/python3.8/site-packages/airflow/example_dags/example_external_task_marker_dag.py
[2024-06-23T07:14:07.169+0000] {processor.py:839} INFO - DAG(s) dict_keys(['example_external_task_marker_child', 'example_external_task_marker_parent']) retrieved from /home/airflow/.local/lib/python3.8/site-packages/airflow/example_dags/example_external_task_marker_dag.py
[2024-06-23T07:14:07.187+0000] {logging_mixin.py:154} INFO - [2024-06-23T07:14:07.187+0000] {dag.py:2941} INFO - Sync 2 DAGs
[2024-06-23T07:14:07.195+0000] {logging_mixin.py:154} INFO - [2024-06-23T07:14:07.195+0000] {dag.py:3722} INFO - Setting next_dagrun for example_external_task_marker_child to None, run_after=None
[2024-06-23T07:14:07.198+0000] {logging_mixin.py:154} INFO - [2024-06-23T07:14:07.197+0000] {dag.py:3722} INFO - Setting next_dagrun for example_external_task_marker_parent to None, run_after=None
[2024-06-23T07:14:07.209+0000] {processor.py:179} INFO - Processing /home/airflow/.local/lib/python3.8/site-packages/airflow/example_dags/example_external_task_marker_dag.py took 0.051 seconds
[2024-06-23T07:14:37.441+0000] {processor.py:157} INFO - Started process (PID=17340) to work on /home/airflow/.local/lib/python3.8/site-packages/airflow/example_dags/example_external_task_marker_dag.py
[2024-06-23T07:14:37.442+0000] {processor.py:829} INFO - Processing file /home/airflow/.local/lib/python3.8/site-packages/airflow/example_dags/example_external_task_marker_dag.py for tasks to queue
[2024-06-23T07:14:37.443+0000] {logging_mixin.py:154} INFO - [2024-06-23T07:14:37.443+0000] {dagbag.py:536} INFO - Filling up the DagBag from /home/airflow/.local/lib/python3.8/site-packages/airflow/example_dags/example_external_task_marker_dag.py
[2024-06-23T07:14:37.449+0000] {processor.py:839} INFO - DAG(s) dict_keys(['example_external_task_marker_parent', 'example_external_task_marker_child']) retrieved from /home/airflow/.local/lib/python3.8/site-packages/airflow/example_dags/example_external_task_marker_dag.py
[2024-06-23T07:14:37.467+0000] {logging_mixin.py:154} INFO - [2024-06-23T07:14:37.467+0000] {dag.py:2941} INFO - Sync 2 DAGs
[2024-06-23T07:14:37.475+0000] {logging_mixin.py:154} INFO - [2024-06-23T07:14:37.475+0000] {dag.py:3722} INFO - Setting next_dagrun for example_external_task_marker_child to None, run_after=None
[2024-06-23T07:14:37.478+0000] {logging_mixin.py:154} INFO - [2024-06-23T07:14:37.478+0000] {dag.py:3722} INFO - Setting next_dagrun for example_external_task_marker_parent to None, run_after=None
[2024-06-23T07:14:37.496+0000] {processor.py:179} INFO - Processing /home/airflow/.local/lib/python3.8/site-packages/airflow/example_dags/example_external_task_marker_dag.py took 0.058 seconds
[2024-06-23T07:15:08.147+0000] {processor.py:157} INFO - Started process (PID=17584) to work on /home/airflow/.local/lib/python3.8/site-packages/airflow/example_dags/example_external_task_marker_dag.py
[2024-06-23T07:15:08.148+0000] {processor.py:829} INFO - Processing file /home/airflow/.local/lib/python3.8/site-packages/airflow/example_dags/example_external_task_marker_dag.py for tasks to queue
[2024-06-23T07:15:08.149+0000] {logging_mixin.py:154} INFO - [2024-06-23T07:15:08.149+0000] {dagbag.py:536} INFO - Filling up the DagBag from /home/airflow/.local/lib/python3.8/site-packages/airflow/example_dags/example_external_task_marker_dag.py
[2024-06-23T07:15:08.153+0000] {processor.py:839} INFO - DAG(s) dict_keys(['example_external_task_marker_child', 'example_external_task_marker_parent']) retrieved from /home/airflow/.local/lib/python3.8/site-packages/airflow/example_dags/example_external_task_marker_dag.py
[2024-06-23T07:15:08.170+0000] {logging_mixin.py:154} INFO - [2024-06-23T07:15:08.170+0000] {dag.py:2941} INFO - Sync 2 DAGs
[2024-06-23T07:15:08.179+0000] {logging_mixin.py:154} INFO - [2024-06-23T07:15:08.179+0000] {dag.py:3722} INFO - Setting next_dagrun for example_external_task_marker_child to None, run_after=None
[2024-06-23T07:15:08.182+0000] {logging_mixin.py:154} INFO - [2024-06-23T07:15:08.182+0000] {dag.py:3722} INFO - Setting next_dagrun for example_external_task_marker_parent to None, run_after=None
[2024-06-23T07:15:08.198+0000] {processor.py:179} INFO - Processing /home/airflow/.local/lib/python3.8/site-packages/airflow/example_dags/example_external_task_marker_dag.py took 0.054 seconds
[2024-06-23T07:15:39.259+0000] {processor.py:157} INFO - Started process (PID=17828) to work on /home/airflow/.local/lib/python3.8/site-packages/airflow/example_dags/example_external_task_marker_dag.py
[2024-06-23T07:15:39.260+0000] {processor.py:829} INFO - Processing file /home/airflow/.local/lib/python3.8/site-packages/airflow/example_dags/example_external_task_marker_dag.py for tasks to queue
[2024-06-23T07:15:39.261+0000] {logging_mixin.py:154} INFO - [2024-06-23T07:15:39.261+0000] {dagbag.py:536} INFO - Filling up the DagBag from /home/airflow/.local/lib/python3.8/site-packages/airflow/example_dags/example_external_task_marker_dag.py
[2024-06-23T07:15:39.265+0000] {processor.py:839} INFO - DAG(s) dict_keys(['example_external_task_marker_child', 'example_external_task_marker_parent']) retrieved from /home/airflow/.local/lib/python3.8/site-packages/airflow/example_dags/example_external_task_marker_dag.py
[2024-06-23T07:15:39.281+0000] {logging_mixin.py:154} INFO - [2024-06-23T07:15:39.281+0000] {dag.py:2941} INFO - Sync 2 DAGs
[2024-06-23T07:15:39.289+0000] {logging_mixin.py:154} INFO - [2024-06-23T07:15:39.289+0000] {dag.py:3722} INFO - Setting next_dagrun for example_external_task_marker_child to None, run_after=None
[2024-06-23T07:15:39.296+0000] {logging_mixin.py:154} INFO - [2024-06-23T07:15:39.296+0000] {dag.py:3722} INFO - Setting next_dagrun for example_external_task_marker_parent to None, run_after=None
[2024-06-23T07:15:39.315+0000] {processor.py:179} INFO - Processing /home/airflow/.local/lib/python3.8/site-packages/airflow/example_dags/example_external_task_marker_dag.py took 0.058 seconds
[2024-06-23T07:16:09.918+0000] {processor.py:157} INFO - Started process (PID=18072) to work on /home/airflow/.local/lib/python3.8/site-packages/airflow/example_dags/example_external_task_marker_dag.py
[2024-06-23T07:16:09.919+0000] {processor.py:829} INFO - Processing file /home/airflow/.local/lib/python3.8/site-packages/airflow/example_dags/example_external_task_marker_dag.py for tasks to queue
[2024-06-23T07:16:09.920+0000] {logging_mixin.py:154} INFO - [2024-06-23T07:16:09.920+0000] {dagbag.py:536} INFO - Filling up the DagBag from /home/airflow/.local/lib/python3.8/site-packages/airflow/example_dags/example_external_task_marker_dag.py
[2024-06-23T07:16:09.924+0000] {processor.py:839} INFO - DAG(s) dict_keys(['example_external_task_marker_parent', 'example_external_task_marker_child']) retrieved from /home/airflow/.local/lib/python3.8/site-packages/airflow/example_dags/example_external_task_marker_dag.py
[2024-06-23T07:16:09.951+0000] {logging_mixin.py:154} INFO - [2024-06-23T07:16:09.951+0000] {dag.py:2941} INFO - Sync 2 DAGs
[2024-06-23T07:16:09.965+0000] {logging_mixin.py:154} INFO - [2024-06-23T07:16:09.965+0000] {dag.py:3722} INFO - Setting next_dagrun for example_external_task_marker_child to None, run_after=None
[2024-06-23T07:16:09.971+0000] {logging_mixin.py:154} INFO - [2024-06-23T07:16:09.971+0000] {dag.py:3722} INFO - Setting next_dagrun for example_external_task_marker_parent to None, run_after=None
[2024-06-23T07:16:09.994+0000] {processor.py:179} INFO - Processing /home/airflow/.local/lib/python3.8/site-packages/airflow/example_dags/example_external_task_marker_dag.py took 0.079 seconds
[2024-06-23T07:16:40.978+0000] {processor.py:157} INFO - Started process (PID=18316) to work on /home/airflow/.local/lib/python3.8/site-packages/airflow/example_dags/example_external_task_marker_dag.py
[2024-06-23T07:16:40.979+0000] {processor.py:829} INFO - Processing file /home/airflow/.local/lib/python3.8/site-packages/airflow/example_dags/example_external_task_marker_dag.py for tasks to queue
[2024-06-23T07:16:40.979+0000] {logging_mixin.py:154} INFO - [2024-06-23T07:16:40.979+0000] {dagbag.py:536} INFO - Filling up the DagBag from /home/airflow/.local/lib/python3.8/site-packages/airflow/example_dags/example_external_task_marker_dag.py
[2024-06-23T07:16:40.982+0000] {processor.py:839} INFO - DAG(s) dict_keys(['example_external_task_marker_parent', 'example_external_task_marker_child']) retrieved from /home/airflow/.local/lib/python3.8/site-packages/airflow/example_dags/example_external_task_marker_dag.py
[2024-06-23T07:16:40.996+0000] {logging_mixin.py:154} INFO - [2024-06-23T07:16:40.996+0000] {dag.py:2941} INFO - Sync 2 DAGs
[2024-06-23T07:16:41.003+0000] {logging_mixin.py:154} INFO - [2024-06-23T07:16:41.003+0000] {dag.py:3722} INFO - Setting next_dagrun for example_external_task_marker_child to None, run_after=None
[2024-06-23T07:16:41.005+0000] {logging_mixin.py:154} INFO - [2024-06-23T07:16:41.004+0000] {dag.py:3722} INFO - Setting next_dagrun for example_external_task_marker_parent to None, run_after=None
[2024-06-23T07:16:41.013+0000] {processor.py:179} INFO - Processing /home/airflow/.local/lib/python3.8/site-packages/airflow/example_dags/example_external_task_marker_dag.py took 0.037 seconds
[2024-06-23T07:17:11.230+0000] {processor.py:157} INFO - Started process (PID=18556) to work on /home/airflow/.local/lib/python3.8/site-packages/airflow/example_dags/example_external_task_marker_dag.py
[2024-06-23T07:17:11.231+0000] {processor.py:829} INFO - Processing file /home/airflow/.local/lib/python3.8/site-packages/airflow/example_dags/example_external_task_marker_dag.py for tasks to queue
[2024-06-23T07:17:11.231+0000] {logging_mixin.py:154} INFO - [2024-06-23T07:17:11.231+0000] {dagbag.py:536} INFO - Filling up the DagBag from /home/airflow/.local/lib/python3.8/site-packages/airflow/example_dags/example_external_task_marker_dag.py
[2024-06-23T07:17:11.236+0000] {processor.py:839} INFO - DAG(s) dict_keys(['example_external_task_marker_child', 'example_external_task_marker_parent']) retrieved from /home/airflow/.local/lib/python3.8/site-packages/airflow/example_dags/example_external_task_marker_dag.py
[2024-06-23T07:17:11.252+0000] {logging_mixin.py:154} INFO - [2024-06-23T07:17:11.252+0000] {dag.py:2941} INFO - Sync 2 DAGs
[2024-06-23T07:17:11.259+0000] {logging_mixin.py:154} INFO - [2024-06-23T07:17:11.258+0000] {dag.py:3722} INFO - Setting next_dagrun for example_external_task_marker_child to None, run_after=None
[2024-06-23T07:17:11.262+0000] {logging_mixin.py:154} INFO - [2024-06-23T07:17:11.262+0000] {dag.py:3722} INFO - Setting next_dagrun for example_external_task_marker_parent to None, run_after=None
[2024-06-23T07:17:11.270+0000] {processor.py:179} INFO - Processing /home/airflow/.local/lib/python3.8/site-packages/airflow/example_dags/example_external_task_marker_dag.py took 0.042 seconds
[2024-06-23T07:17:41.752+0000] {processor.py:157} INFO - Started process (PID=18800) to work on /home/airflow/.local/lib/python3.8/site-packages/airflow/example_dags/example_external_task_marker_dag.py
[2024-06-23T07:17:41.752+0000] {processor.py:829} INFO - Processing file /home/airflow/.local/lib/python3.8/site-packages/airflow/example_dags/example_external_task_marker_dag.py for tasks to queue
[2024-06-23T07:17:41.752+0000] {logging_mixin.py:154} INFO - [2024-06-23T07:17:41.752+0000] {dagbag.py:536} INFO - Filling up the DagBag from /home/airflow/.local/lib/python3.8/site-packages/airflow/example_dags/example_external_task_marker_dag.py
[2024-06-23T07:17:41.756+0000] {processor.py:839} INFO - DAG(s) dict_keys(['example_external_task_marker_parent', 'example_external_task_marker_child']) retrieved from /home/airflow/.local/lib/python3.8/site-packages/airflow/example_dags/example_external_task_marker_dag.py
[2024-06-23T07:17:41.771+0000] {logging_mixin.py:154} INFO - [2024-06-23T07:17:41.771+0000] {dag.py:2941} INFO - Sync 2 DAGs
[2024-06-23T07:17:41.777+0000] {logging_mixin.py:154} INFO - [2024-06-23T07:17:41.777+0000] {dag.py:3722} INFO - Setting next_dagrun for example_external_task_marker_child to None, run_after=None
[2024-06-23T07:17:41.779+0000] {logging_mixin.py:154} INFO - [2024-06-23T07:17:41.779+0000] {dag.py:3722} INFO - Setting next_dagrun for example_external_task_marker_parent to None, run_after=None
[2024-06-23T07:17:41.787+0000] {processor.py:179} INFO - Processing /home/airflow/.local/lib/python3.8/site-packages/airflow/example_dags/example_external_task_marker_dag.py took 0.037 seconds
[2024-06-23T07:18:11.921+0000] {processor.py:157} INFO - Started process (PID=19044) to work on /home/airflow/.local/lib/python3.8/site-packages/airflow/example_dags/example_external_task_marker_dag.py
[2024-06-23T07:18:11.922+0000] {processor.py:829} INFO - Processing file /home/airflow/.local/lib/python3.8/site-packages/airflow/example_dags/example_external_task_marker_dag.py for tasks to queue
[2024-06-23T07:18:11.923+0000] {logging_mixin.py:154} INFO - [2024-06-23T07:18:11.922+0000] {dagbag.py:536} INFO - Filling up the DagBag from /home/airflow/.local/lib/python3.8/site-packages/airflow/example_dags/example_external_task_marker_dag.py
[2024-06-23T07:18:11.928+0000] {processor.py:839} INFO - DAG(s) dict_keys(['example_external_task_marker_child', 'example_external_task_marker_parent']) retrieved from /home/airflow/.local/lib/python3.8/site-packages/airflow/example_dags/example_external_task_marker_dag.py
[2024-06-23T07:18:11.958+0000] {logging_mixin.py:154} INFO - [2024-06-23T07:18:11.958+0000] {dag.py:2941} INFO - Sync 2 DAGs
[2024-06-23T07:18:11.971+0000] {logging_mixin.py:154} INFO - [2024-06-23T07:18:11.971+0000] {dag.py:3722} INFO - Setting next_dagrun for example_external_task_marker_child to None, run_after=None
[2024-06-23T07:18:11.978+0000] {logging_mixin.py:154} INFO - [2024-06-23T07:18:11.977+0000] {dag.py:3722} INFO - Setting next_dagrun for example_external_task_marker_parent to None, run_after=None
[2024-06-23T07:18:12.011+0000] {processor.py:179} INFO - Processing /home/airflow/.local/lib/python3.8/site-packages/airflow/example_dags/example_external_task_marker_dag.py took 0.091 seconds
[2024-06-23T07:18:42.191+0000] {processor.py:157} INFO - Started process (PID=19288) to work on /home/airflow/.local/lib/python3.8/site-packages/airflow/example_dags/example_external_task_marker_dag.py
[2024-06-23T07:18:42.192+0000] {processor.py:829} INFO - Processing file /home/airflow/.local/lib/python3.8/site-packages/airflow/example_dags/example_external_task_marker_dag.py for tasks to queue
[2024-06-23T07:18:42.193+0000] {logging_mixin.py:154} INFO - [2024-06-23T07:18:42.193+0000] {dagbag.py:536} INFO - Filling up the DagBag from /home/airflow/.local/lib/python3.8/site-packages/airflow/example_dags/example_external_task_marker_dag.py
[2024-06-23T07:18:42.197+0000] {processor.py:839} INFO - DAG(s) dict_keys(['example_external_task_marker_child', 'example_external_task_marker_parent']) retrieved from /home/airflow/.local/lib/python3.8/site-packages/airflow/example_dags/example_external_task_marker_dag.py
[2024-06-23T07:18:42.217+0000] {logging_mixin.py:154} INFO - [2024-06-23T07:18:42.217+0000] {dag.py:2941} INFO - Sync 2 DAGs
[2024-06-23T07:18:42.227+0000] {logging_mixin.py:154} INFO - [2024-06-23T07:18:42.226+0000] {dag.py:3722} INFO - Setting next_dagrun for example_external_task_marker_child to None, run_after=None
[2024-06-23T07:18:42.229+0000] {logging_mixin.py:154} INFO - [2024-06-23T07:18:42.229+0000] {dag.py:3722} INFO - Setting next_dagrun for example_external_task_marker_parent to None, run_after=None
[2024-06-23T07:18:42.244+0000] {processor.py:179} INFO - Processing /home/airflow/.local/lib/python3.8/site-packages/airflow/example_dags/example_external_task_marker_dag.py took 0.055 seconds
[2024-06-23T07:19:12.362+0000] {processor.py:157} INFO - Started process (PID=19531) to work on /home/airflow/.local/lib/python3.8/site-packages/airflow/example_dags/example_external_task_marker_dag.py
[2024-06-23T07:19:12.363+0000] {processor.py:829} INFO - Processing file /home/airflow/.local/lib/python3.8/site-packages/airflow/example_dags/example_external_task_marker_dag.py for tasks to queue
[2024-06-23T07:19:12.364+0000] {logging_mixin.py:154} INFO - [2024-06-23T07:19:12.363+0000] {dagbag.py:536} INFO - Filling up the DagBag from /home/airflow/.local/lib/python3.8/site-packages/airflow/example_dags/example_external_task_marker_dag.py
[2024-06-23T07:19:12.367+0000] {processor.py:839} INFO - DAG(s) dict_keys(['example_external_task_marker_child', 'example_external_task_marker_parent']) retrieved from /home/airflow/.local/lib/python3.8/site-packages/airflow/example_dags/example_external_task_marker_dag.py
[2024-06-23T07:19:12.382+0000] {logging_mixin.py:154} INFO - [2024-06-23T07:19:12.382+0000] {dag.py:2941} INFO - Sync 2 DAGs
[2024-06-23T07:19:12.389+0000] {logging_mixin.py:154} INFO - [2024-06-23T07:19:12.389+0000] {dag.py:3722} INFO - Setting next_dagrun for example_external_task_marker_child to None, run_after=None
[2024-06-23T07:19:12.392+0000] {logging_mixin.py:154} INFO - [2024-06-23T07:19:12.392+0000] {dag.py:3722} INFO - Setting next_dagrun for example_external_task_marker_parent to None, run_after=None
[2024-06-23T07:19:12.401+0000] {processor.py:179} INFO - Processing /home/airflow/.local/lib/python3.8/site-packages/airflow/example_dags/example_external_task_marker_dag.py took 0.042 seconds
[2024-06-23T07:19:43.691+0000] {processor.py:157} INFO - Started process (PID=19775) to work on /home/airflow/.local/lib/python3.8/site-packages/airflow/example_dags/example_external_task_marker_dag.py
[2024-06-23T07:19:43.695+0000] {processor.py:829} INFO - Processing file /home/airflow/.local/lib/python3.8/site-packages/airflow/example_dags/example_external_task_marker_dag.py for tasks to queue
[2024-06-23T07:19:43.697+0000] {logging_mixin.py:154} INFO - [2024-06-23T07:19:43.696+0000] {dagbag.py:536} INFO - Filling up the DagBag from /home/airflow/.local/lib/python3.8/site-packages/airflow/example_dags/example_external_task_marker_dag.py
[2024-06-23T07:19:43.707+0000] {processor.py:839} INFO - DAG(s) dict_keys(['example_external_task_marker_child', 'example_external_task_marker_parent']) retrieved from /home/airflow/.local/lib/python3.8/site-packages/airflow/example_dags/example_external_task_marker_dag.py
[2024-06-23T07:19:43.748+0000] {logging_mixin.py:154} INFO - [2024-06-23T07:19:43.748+0000] {dag.py:2941} INFO - Sync 2 DAGs
[2024-06-23T07:19:43.763+0000] {logging_mixin.py:154} INFO - [2024-06-23T07:19:43.763+0000] {dag.py:3722} INFO - Setting next_dagrun for example_external_task_marker_child to None, run_after=None
[2024-06-23T07:19:43.766+0000] {logging_mixin.py:154} INFO - [2024-06-23T07:19:43.766+0000] {dag.py:3722} INFO - Setting next_dagrun for example_external_task_marker_parent to None, run_after=None
[2024-06-23T07:19:43.784+0000] {processor.py:179} INFO - Processing /home/airflow/.local/lib/python3.8/site-packages/airflow/example_dags/example_external_task_marker_dag.py took 0.098 seconds
[2024-06-23T07:20:14.050+0000] {processor.py:157} INFO - Started process (PID=20018) to work on /home/airflow/.local/lib/python3.8/site-packages/airflow/example_dags/example_external_task_marker_dag.py
[2024-06-23T07:20:14.051+0000] {processor.py:829} INFO - Processing file /home/airflow/.local/lib/python3.8/site-packages/airflow/example_dags/example_external_task_marker_dag.py for tasks to queue
[2024-06-23T07:20:14.052+0000] {logging_mixin.py:154} INFO - [2024-06-23T07:20:14.052+0000] {dagbag.py:536} INFO - Filling up the DagBag from /home/airflow/.local/lib/python3.8/site-packages/airflow/example_dags/example_external_task_marker_dag.py
[2024-06-23T07:20:14.055+0000] {processor.py:839} INFO - DAG(s) dict_keys(['example_external_task_marker_parent', 'example_external_task_marker_child']) retrieved from /home/airflow/.local/lib/python3.8/site-packages/airflow/example_dags/example_external_task_marker_dag.py
[2024-06-23T07:20:14.068+0000] {logging_mixin.py:154} INFO - [2024-06-23T07:20:14.067+0000] {dag.py:2941} INFO - Sync 2 DAGs
[2024-06-23T07:20:14.074+0000] {logging_mixin.py:154} INFO - [2024-06-23T07:20:14.074+0000] {dag.py:3722} INFO - Setting next_dagrun for example_external_task_marker_child to None, run_after=None
[2024-06-23T07:20:14.076+0000] {logging_mixin.py:154} INFO - [2024-06-23T07:20:14.076+0000] {dag.py:3722} INFO - Setting next_dagrun for example_external_task_marker_parent to None, run_after=None
[2024-06-23T07:20:14.084+0000] {processor.py:179} INFO - Processing /home/airflow/.local/lib/python3.8/site-packages/airflow/example_dags/example_external_task_marker_dag.py took 0.035 seconds
[2024-06-23T07:20:44.867+0000] {processor.py:157} INFO - Started process (PID=20261) to work on /home/airflow/.local/lib/python3.8/site-packages/airflow/example_dags/example_external_task_marker_dag.py
[2024-06-23T07:20:44.869+0000] {processor.py:829} INFO - Processing file /home/airflow/.local/lib/python3.8/site-packages/airflow/example_dags/example_external_task_marker_dag.py for tasks to queue
[2024-06-23T07:20:44.871+0000] {logging_mixin.py:154} INFO - [2024-06-23T07:20:44.870+0000] {dagbag.py:536} INFO - Filling up the DagBag from /home/airflow/.local/lib/python3.8/site-packages/airflow/example_dags/example_external_task_marker_dag.py
[2024-06-23T07:20:44.877+0000] {processor.py:839} INFO - DAG(s) dict_keys(['example_external_task_marker_child', 'example_external_task_marker_parent']) retrieved from /home/airflow/.local/lib/python3.8/site-packages/airflow/example_dags/example_external_task_marker_dag.py
[2024-06-23T07:20:44.898+0000] {logging_mixin.py:154} INFO - [2024-06-23T07:20:44.898+0000] {dag.py:2941} INFO - Sync 2 DAGs
[2024-06-23T07:20:44.909+0000] {logging_mixin.py:154} INFO - [2024-06-23T07:20:44.909+0000] {dag.py:3722} INFO - Setting next_dagrun for example_external_task_marker_child to None, run_after=None
[2024-06-23T07:20:44.913+0000] {logging_mixin.py:154} INFO - [2024-06-23T07:20:44.913+0000] {dag.py:3722} INFO - Setting next_dagrun for example_external_task_marker_parent to None, run_after=None
[2024-06-23T07:20:44.921+0000] {processor.py:179} INFO - Processing /home/airflow/.local/lib/python3.8/site-packages/airflow/example_dags/example_external_task_marker_dag.py took 0.059 seconds
[2024-06-23T07:21:15.041+0000] {processor.py:157} INFO - Started process (PID=20505) to work on /home/airflow/.local/lib/python3.8/site-packages/airflow/example_dags/example_external_task_marker_dag.py
[2024-06-23T07:21:15.043+0000] {processor.py:829} INFO - Processing file /home/airflow/.local/lib/python3.8/site-packages/airflow/example_dags/example_external_task_marker_dag.py for tasks to queue
[2024-06-23T07:21:15.044+0000] {logging_mixin.py:154} INFO - [2024-06-23T07:21:15.044+0000] {dagbag.py:536} INFO - Filling up the DagBag from /home/airflow/.local/lib/python3.8/site-packages/airflow/example_dags/example_external_task_marker_dag.py
[2024-06-23T07:21:15.052+0000] {processor.py:839} INFO - DAG(s) dict_keys(['example_external_task_marker_child', 'example_external_task_marker_parent']) retrieved from /home/airflow/.local/lib/python3.8/site-packages/airflow/example_dags/example_external_task_marker_dag.py
[2024-06-23T07:21:15.081+0000] {logging_mixin.py:154} INFO - [2024-06-23T07:21:15.081+0000] {dag.py:2941} INFO - Sync 2 DAGs
[2024-06-23T07:21:15.091+0000] {logging_mixin.py:154} INFO - [2024-06-23T07:21:15.091+0000] {dag.py:3722} INFO - Setting next_dagrun for example_external_task_marker_child to None, run_after=None
[2024-06-23T07:21:15.095+0000] {logging_mixin.py:154} INFO - [2024-06-23T07:21:15.094+0000] {dag.py:3722} INFO - Setting next_dagrun for example_external_task_marker_parent to None, run_after=None
[2024-06-23T07:21:15.110+0000] {processor.py:179} INFO - Processing /home/airflow/.local/lib/python3.8/site-packages/airflow/example_dags/example_external_task_marker_dag.py took 0.073 seconds
[2024-06-23T07:21:45.159+0000] {processor.py:157} INFO - Started process (PID=20749) to work on /home/airflow/.local/lib/python3.8/site-packages/airflow/example_dags/example_external_task_marker_dag.py
[2024-06-23T07:21:45.162+0000] {processor.py:829} INFO - Processing file /home/airflow/.local/lib/python3.8/site-packages/airflow/example_dags/example_external_task_marker_dag.py for tasks to queue
[2024-06-23T07:21:45.163+0000] {logging_mixin.py:154} INFO - [2024-06-23T07:21:45.163+0000] {dagbag.py:536} INFO - Filling up the DagBag from /home/airflow/.local/lib/python3.8/site-packages/airflow/example_dags/example_external_task_marker_dag.py
[2024-06-23T07:21:45.171+0000] {processor.py:839} INFO - DAG(s) dict_keys(['example_external_task_marker_parent', 'example_external_task_marker_child']) retrieved from /home/airflow/.local/lib/python3.8/site-packages/airflow/example_dags/example_external_task_marker_dag.py
[2024-06-23T07:21:45.193+0000] {logging_mixin.py:154} INFO - [2024-06-23T07:21:45.193+0000] {dag.py:2941} INFO - Sync 2 DAGs
[2024-06-23T07:21:45.202+0000] {logging_mixin.py:154} INFO - [2024-06-23T07:21:45.201+0000] {dag.py:3722} INFO - Setting next_dagrun for example_external_task_marker_child to None, run_after=None
[2024-06-23T07:21:45.204+0000] {logging_mixin.py:154} INFO - [2024-06-23T07:21:45.204+0000] {dag.py:3722} INFO - Setting next_dagrun for example_external_task_marker_parent to None, run_after=None
[2024-06-23T07:21:45.212+0000] {processor.py:179} INFO - Processing /home/airflow/.local/lib/python3.8/site-packages/airflow/example_dags/example_external_task_marker_dag.py took 0.058 seconds
[2024-06-23T07:22:16.044+0000] {processor.py:157} INFO - Started process (PID=20993) to work on /home/airflow/.local/lib/python3.8/site-packages/airflow/example_dags/example_external_task_marker_dag.py
[2024-06-23T07:22:16.047+0000] {processor.py:829} INFO - Processing file /home/airflow/.local/lib/python3.8/site-packages/airflow/example_dags/example_external_task_marker_dag.py for tasks to queue
[2024-06-23T07:22:16.048+0000] {logging_mixin.py:154} INFO - [2024-06-23T07:22:16.048+0000] {dagbag.py:536} INFO - Filling up the DagBag from /home/airflow/.local/lib/python3.8/site-packages/airflow/example_dags/example_external_task_marker_dag.py
[2024-06-23T07:22:16.053+0000] {processor.py:839} INFO - DAG(s) dict_keys(['example_external_task_marker_parent', 'example_external_task_marker_child']) retrieved from /home/airflow/.local/lib/python3.8/site-packages/airflow/example_dags/example_external_task_marker_dag.py
[2024-06-23T07:22:16.070+0000] {logging_mixin.py:154} INFO - [2024-06-23T07:22:16.070+0000] {dag.py:2941} INFO - Sync 2 DAGs
[2024-06-23T07:22:16.078+0000] {logging_mixin.py:154} INFO - [2024-06-23T07:22:16.077+0000] {dag.py:3722} INFO - Setting next_dagrun for example_external_task_marker_child to None, run_after=None
[2024-06-23T07:22:16.080+0000] {logging_mixin.py:154} INFO - [2024-06-23T07:22:16.080+0000] {dag.py:3722} INFO - Setting next_dagrun for example_external_task_marker_parent to None, run_after=None
[2024-06-23T07:22:16.091+0000] {processor.py:179} INFO - Processing /home/airflow/.local/lib/python3.8/site-packages/airflow/example_dags/example_external_task_marker_dag.py took 0.053 seconds
[2024-06-23T07:22:46.822+0000] {processor.py:157} INFO - Started process (PID=21237) to work on /home/airflow/.local/lib/python3.8/site-packages/airflow/example_dags/example_external_task_marker_dag.py
[2024-06-23T07:22:46.824+0000] {processor.py:829} INFO - Processing file /home/airflow/.local/lib/python3.8/site-packages/airflow/example_dags/example_external_task_marker_dag.py for tasks to queue
[2024-06-23T07:22:46.825+0000] {logging_mixin.py:154} INFO - [2024-06-23T07:22:46.825+0000] {dagbag.py:536} INFO - Filling up the DagBag from /home/airflow/.local/lib/python3.8/site-packages/airflow/example_dags/example_external_task_marker_dag.py
[2024-06-23T07:22:46.833+0000] {processor.py:839} INFO - DAG(s) dict_keys(['example_external_task_marker_parent', 'example_external_task_marker_child']) retrieved from /home/airflow/.local/lib/python3.8/site-packages/airflow/example_dags/example_external_task_marker_dag.py
[2024-06-23T07:22:46.853+0000] {logging_mixin.py:154} INFO - [2024-06-23T07:22:46.853+0000] {dag.py:2941} INFO - Sync 2 DAGs
[2024-06-23T07:22:46.861+0000] {logging_mixin.py:154} INFO - [2024-06-23T07:22:46.861+0000] {dag.py:3722} INFO - Setting next_dagrun for example_external_task_marker_child to None, run_after=None
[2024-06-23T07:22:46.863+0000] {logging_mixin.py:154} INFO - [2024-06-23T07:22:46.863+0000] {dag.py:3722} INFO - Setting next_dagrun for example_external_task_marker_parent to None, run_after=None
[2024-06-23T07:22:46.871+0000] {processor.py:179} INFO - Processing /home/airflow/.local/lib/python3.8/site-packages/airflow/example_dags/example_external_task_marker_dag.py took 0.055 seconds
[2024-06-23T07:23:17.820+0000] {processor.py:157} INFO - Started process (PID=21481) to work on /home/airflow/.local/lib/python3.8/site-packages/airflow/example_dags/example_external_task_marker_dag.py
[2024-06-23T07:23:17.822+0000] {processor.py:829} INFO - Processing file /home/airflow/.local/lib/python3.8/site-packages/airflow/example_dags/example_external_task_marker_dag.py for tasks to queue
[2024-06-23T07:23:17.823+0000] {logging_mixin.py:154} INFO - [2024-06-23T07:23:17.823+0000] {dagbag.py:536} INFO - Filling up the DagBag from /home/airflow/.local/lib/python3.8/site-packages/airflow/example_dags/example_external_task_marker_dag.py
[2024-06-23T07:23:17.829+0000] {processor.py:839} INFO - DAG(s) dict_keys(['example_external_task_marker_child', 'example_external_task_marker_parent']) retrieved from /home/airflow/.local/lib/python3.8/site-packages/airflow/example_dags/example_external_task_marker_dag.py
[2024-06-23T07:23:17.854+0000] {logging_mixin.py:154} INFO - [2024-06-23T07:23:17.854+0000] {dag.py:2941} INFO - Sync 2 DAGs
[2024-06-23T07:23:17.868+0000] {logging_mixin.py:154} INFO - [2024-06-23T07:23:17.867+0000] {dag.py:3722} INFO - Setting next_dagrun for example_external_task_marker_child to None, run_after=None
[2024-06-23T07:23:17.871+0000] {logging_mixin.py:154} INFO - [2024-06-23T07:23:17.871+0000] {dag.py:3722} INFO - Setting next_dagrun for example_external_task_marker_parent to None, run_after=None
[2024-06-23T07:23:17.896+0000] {processor.py:179} INFO - Processing /home/airflow/.local/lib/python3.8/site-packages/airflow/example_dags/example_external_task_marker_dag.py took 0.079 seconds
[2024-06-23T07:23:48.393+0000] {processor.py:157} INFO - Started process (PID=21725) to work on /home/airflow/.local/lib/python3.8/site-packages/airflow/example_dags/example_external_task_marker_dag.py
[2024-06-23T07:23:48.396+0000] {processor.py:829} INFO - Processing file /home/airflow/.local/lib/python3.8/site-packages/airflow/example_dags/example_external_task_marker_dag.py for tasks to queue
[2024-06-23T07:23:48.397+0000] {logging_mixin.py:154} INFO - [2024-06-23T07:23:48.397+0000] {dagbag.py:536} INFO - Filling up the DagBag from /home/airflow/.local/lib/python3.8/site-packages/airflow/example_dags/example_external_task_marker_dag.py
[2024-06-23T07:23:48.405+0000] {processor.py:839} INFO - DAG(s) dict_keys(['example_external_task_marker_parent', 'example_external_task_marker_child']) retrieved from /home/airflow/.local/lib/python3.8/site-packages/airflow/example_dags/example_external_task_marker_dag.py
[2024-06-23T07:23:48.431+0000] {logging_mixin.py:154} INFO - [2024-06-23T07:23:48.431+0000] {dag.py:2941} INFO - Sync 2 DAGs
[2024-06-23T07:23:48.441+0000] {logging_mixin.py:154} INFO - [2024-06-23T07:23:48.441+0000] {dag.py:3722} INFO - Setting next_dagrun for example_external_task_marker_child to None, run_after=None
[2024-06-23T07:23:48.444+0000] {logging_mixin.py:154} INFO - [2024-06-23T07:23:48.444+0000] {dag.py:3722} INFO - Setting next_dagrun for example_external_task_marker_parent to None, run_after=None
[2024-06-23T07:23:48.455+0000] {processor.py:179} INFO - Processing /home/airflow/.local/lib/python3.8/site-packages/airflow/example_dags/example_external_task_marker_dag.py took 0.066 seconds
[2024-06-23T07:24:18.483+0000] {processor.py:157} INFO - Started process (PID=21969) to work on /home/airflow/.local/lib/python3.8/site-packages/airflow/example_dags/example_external_task_marker_dag.py
[2024-06-23T07:24:18.483+0000] {processor.py:829} INFO - Processing file /home/airflow/.local/lib/python3.8/site-packages/airflow/example_dags/example_external_task_marker_dag.py for tasks to queue
[2024-06-23T07:24:18.483+0000] {logging_mixin.py:154} INFO - [2024-06-23T07:24:18.483+0000] {dagbag.py:536} INFO - Filling up the DagBag from /home/airflow/.local/lib/python3.8/site-packages/airflow/example_dags/example_external_task_marker_dag.py
[2024-06-23T07:24:18.486+0000] {processor.py:839} INFO - DAG(s) dict_keys(['example_external_task_marker_child', 'example_external_task_marker_parent']) retrieved from /home/airflow/.local/lib/python3.8/site-packages/airflow/example_dags/example_external_task_marker_dag.py
[2024-06-23T07:24:18.498+0000] {logging_mixin.py:154} INFO - [2024-06-23T07:24:18.498+0000] {dag.py:2941} INFO - Sync 2 DAGs
[2024-06-23T07:24:18.504+0000] {logging_mixin.py:154} INFO - [2024-06-23T07:24:18.504+0000] {dag.py:3722} INFO - Setting next_dagrun for example_external_task_marker_child to None, run_after=None
[2024-06-23T07:24:18.506+0000] {logging_mixin.py:154} INFO - [2024-06-23T07:24:18.506+0000] {dag.py:3722} INFO - Setting next_dagrun for example_external_task_marker_parent to None, run_after=None
[2024-06-23T07:24:18.513+0000] {processor.py:179} INFO - Processing /home/airflow/.local/lib/python3.8/site-packages/airflow/example_dags/example_external_task_marker_dag.py took 0.032 seconds
[2024-06-23T07:24:49.487+0000] {processor.py:157} INFO - Started process (PID=22213) to work on /home/airflow/.local/lib/python3.8/site-packages/airflow/example_dags/example_external_task_marker_dag.py
[2024-06-23T07:24:49.487+0000] {processor.py:829} INFO - Processing file /home/airflow/.local/lib/python3.8/site-packages/airflow/example_dags/example_external_task_marker_dag.py for tasks to queue
[2024-06-23T07:24:49.488+0000] {logging_mixin.py:154} INFO - [2024-06-23T07:24:49.488+0000] {dagbag.py:536} INFO - Filling up the DagBag from /home/airflow/.local/lib/python3.8/site-packages/airflow/example_dags/example_external_task_marker_dag.py
[2024-06-23T07:24:49.491+0000] {processor.py:839} INFO - DAG(s) dict_keys(['example_external_task_marker_child', 'example_external_task_marker_parent']) retrieved from /home/airflow/.local/lib/python3.8/site-packages/airflow/example_dags/example_external_task_marker_dag.py
[2024-06-23T07:24:49.510+0000] {logging_mixin.py:154} INFO - [2024-06-23T07:24:49.509+0000] {dag.py:2941} INFO - Sync 2 DAGs
[2024-06-23T07:24:49.522+0000] {logging_mixin.py:154} INFO - [2024-06-23T07:24:49.522+0000] {dag.py:3722} INFO - Setting next_dagrun for example_external_task_marker_child to None, run_after=None
[2024-06-23T07:24:49.525+0000] {logging_mixin.py:154} INFO - [2024-06-23T07:24:49.525+0000] {dag.py:3722} INFO - Setting next_dagrun for example_external_task_marker_parent to None, run_after=None
[2024-06-23T07:24:49.536+0000] {processor.py:179} INFO - Processing /home/airflow/.local/lib/python3.8/site-packages/airflow/example_dags/example_external_task_marker_dag.py took 0.051 seconds
[2024-06-23T07:25:19.600+0000] {processor.py:157} INFO - Started process (PID=22457) to work on /home/airflow/.local/lib/python3.8/site-packages/airflow/example_dags/example_external_task_marker_dag.py
[2024-06-23T07:25:19.600+0000] {processor.py:829} INFO - Processing file /home/airflow/.local/lib/python3.8/site-packages/airflow/example_dags/example_external_task_marker_dag.py for tasks to queue
[2024-06-23T07:25:19.601+0000] {logging_mixin.py:154} INFO - [2024-06-23T07:25:19.601+0000] {dagbag.py:536} INFO - Filling up the DagBag from /home/airflow/.local/lib/python3.8/site-packages/airflow/example_dags/example_external_task_marker_dag.py
[2024-06-23T07:25:19.604+0000] {processor.py:839} INFO - DAG(s) dict_keys(['example_external_task_marker_child', 'example_external_task_marker_parent']) retrieved from /home/airflow/.local/lib/python3.8/site-packages/airflow/example_dags/example_external_task_marker_dag.py
[2024-06-23T07:25:19.618+0000] {logging_mixin.py:154} INFO - [2024-06-23T07:25:19.618+0000] {dag.py:2941} INFO - Sync 2 DAGs
[2024-06-23T07:25:19.624+0000] {logging_mixin.py:154} INFO - [2024-06-23T07:25:19.624+0000] {dag.py:3722} INFO - Setting next_dagrun for example_external_task_marker_child to None, run_after=None
[2024-06-23T07:25:19.626+0000] {logging_mixin.py:154} INFO - [2024-06-23T07:25:19.626+0000] {dag.py:3722} INFO - Setting next_dagrun for example_external_task_marker_parent to None, run_after=None
[2024-06-23T07:25:19.633+0000] {processor.py:179} INFO - Processing /home/airflow/.local/lib/python3.8/site-packages/airflow/example_dags/example_external_task_marker_dag.py took 0.036 seconds
[2024-06-23T07:25:49.739+0000] {processor.py:157} INFO - Started process (PID=22701) to work on /home/airflow/.local/lib/python3.8/site-packages/airflow/example_dags/example_external_task_marker_dag.py
[2024-06-23T07:25:49.739+0000] {processor.py:829} INFO - Processing file /home/airflow/.local/lib/python3.8/site-packages/airflow/example_dags/example_external_task_marker_dag.py for tasks to queue
[2024-06-23T07:25:49.740+0000] {logging_mixin.py:154} INFO - [2024-06-23T07:25:49.740+0000] {dagbag.py:536} INFO - Filling up the DagBag from /home/airflow/.local/lib/python3.8/site-packages/airflow/example_dags/example_external_task_marker_dag.py
[2024-06-23T07:25:49.744+0000] {processor.py:839} INFO - DAG(s) dict_keys(['example_external_task_marker_parent', 'example_external_task_marker_child']) retrieved from /home/airflow/.local/lib/python3.8/site-packages/airflow/example_dags/example_external_task_marker_dag.py
[2024-06-23T07:25:49.760+0000] {logging_mixin.py:154} INFO - [2024-06-23T07:25:49.760+0000] {dag.py:2941} INFO - Sync 2 DAGs
[2024-06-23T07:25:49.768+0000] {logging_mixin.py:154} INFO - [2024-06-23T07:25:49.768+0000] {dag.py:3722} INFO - Setting next_dagrun for example_external_task_marker_child to None, run_after=None
[2024-06-23T07:25:49.771+0000] {logging_mixin.py:154} INFO - [2024-06-23T07:25:49.771+0000] {dag.py:3722} INFO - Setting next_dagrun for example_external_task_marker_parent to None, run_after=None
[2024-06-23T07:25:49.780+0000] {processor.py:179} INFO - Processing /home/airflow/.local/lib/python3.8/site-packages/airflow/example_dags/example_external_task_marker_dag.py took 0.043 seconds
[2024-06-23T07:26:20.534+0000] {processor.py:157} INFO - Started process (PID=22945) to work on /home/airflow/.local/lib/python3.8/site-packages/airflow/example_dags/example_external_task_marker_dag.py
[2024-06-23T07:26:20.534+0000] {processor.py:829} INFO - Processing file /home/airflow/.local/lib/python3.8/site-packages/airflow/example_dags/example_external_task_marker_dag.py for tasks to queue
[2024-06-23T07:26:20.535+0000] {logging_mixin.py:154} INFO - [2024-06-23T07:26:20.535+0000] {dagbag.py:536} INFO - Filling up the DagBag from /home/airflow/.local/lib/python3.8/site-packages/airflow/example_dags/example_external_task_marker_dag.py
[2024-06-23T07:26:20.539+0000] {processor.py:839} INFO - DAG(s) dict_keys(['example_external_task_marker_child', 'example_external_task_marker_parent']) retrieved from /home/airflow/.local/lib/python3.8/site-packages/airflow/example_dags/example_external_task_marker_dag.py
[2024-06-23T07:26:20.553+0000] {logging_mixin.py:154} INFO - [2024-06-23T07:26:20.552+0000] {dag.py:2941} INFO - Sync 2 DAGs
[2024-06-23T07:26:20.558+0000] {logging_mixin.py:154} INFO - [2024-06-23T07:26:20.558+0000] {dag.py:3722} INFO - Setting next_dagrun for example_external_task_marker_child to None, run_after=None
[2024-06-23T07:26:20.560+0000] {logging_mixin.py:154} INFO - [2024-06-23T07:26:20.560+0000] {dag.py:3722} INFO - Setting next_dagrun for example_external_task_marker_parent to None, run_after=None
[2024-06-23T07:26:20.568+0000] {processor.py:179} INFO - Processing /home/airflow/.local/lib/python3.8/site-packages/airflow/example_dags/example_external_task_marker_dag.py took 0.037 seconds
[2024-06-23T07:26:51.485+0000] {processor.py:157} INFO - Started process (PID=23189) to work on /home/airflow/.local/lib/python3.8/site-packages/airflow/example_dags/example_external_task_marker_dag.py
[2024-06-23T07:26:51.486+0000] {processor.py:829} INFO - Processing file /home/airflow/.local/lib/python3.8/site-packages/airflow/example_dags/example_external_task_marker_dag.py for tasks to queue
[2024-06-23T07:26:51.486+0000] {logging_mixin.py:154} INFO - [2024-06-23T07:26:51.486+0000] {dagbag.py:536} INFO - Filling up the DagBag from /home/airflow/.local/lib/python3.8/site-packages/airflow/example_dags/example_external_task_marker_dag.py
[2024-06-23T07:26:51.490+0000] {processor.py:839} INFO - DAG(s) dict_keys(['example_external_task_marker_child', 'example_external_task_marker_parent']) retrieved from /home/airflow/.local/lib/python3.8/site-packages/airflow/example_dags/example_external_task_marker_dag.py
[2024-06-23T07:26:51.502+0000] {logging_mixin.py:154} INFO - [2024-06-23T07:26:51.502+0000] {dag.py:2941} INFO - Sync 2 DAGs
[2024-06-23T07:26:51.509+0000] {logging_mixin.py:154} INFO - [2024-06-23T07:26:51.508+0000] {dag.py:3722} INFO - Setting next_dagrun for example_external_task_marker_child to None, run_after=None
[2024-06-23T07:26:51.510+0000] {logging_mixin.py:154} INFO - [2024-06-23T07:26:51.510+0000] {dag.py:3722} INFO - Setting next_dagrun for example_external_task_marker_parent to None, run_after=None
[2024-06-23T07:26:51.518+0000] {processor.py:179} INFO - Processing /home/airflow/.local/lib/python3.8/site-packages/airflow/example_dags/example_external_task_marker_dag.py took 0.035 seconds
[2024-06-23T07:27:22.425+0000] {processor.py:157} INFO - Started process (PID=23432) to work on /home/airflow/.local/lib/python3.8/site-packages/airflow/example_dags/example_external_task_marker_dag.py
[2024-06-23T07:27:22.426+0000] {processor.py:829} INFO - Processing file /home/airflow/.local/lib/python3.8/site-packages/airflow/example_dags/example_external_task_marker_dag.py for tasks to queue
[2024-06-23T07:27:22.427+0000] {logging_mixin.py:154} INFO - [2024-06-23T07:27:22.426+0000] {dagbag.py:536} INFO - Filling up the DagBag from /home/airflow/.local/lib/python3.8/site-packages/airflow/example_dags/example_external_task_marker_dag.py
[2024-06-23T07:27:22.430+0000] {processor.py:839} INFO - DAG(s) dict_keys(['example_external_task_marker_child', 'example_external_task_marker_parent']) retrieved from /home/airflow/.local/lib/python3.8/site-packages/airflow/example_dags/example_external_task_marker_dag.py
[2024-06-23T07:27:22.485+0000] {logging_mixin.py:154} INFO - [2024-06-23T07:27:22.485+0000] {dag.py:2941} INFO - Sync 2 DAGs
[2024-06-23T07:27:22.492+0000] {logging_mixin.py:154} INFO - [2024-06-23T07:27:22.492+0000] {dag.py:3722} INFO - Setting next_dagrun for example_external_task_marker_child to None, run_after=None
[2024-06-23T07:27:22.494+0000] {logging_mixin.py:154} INFO - [2024-06-23T07:27:22.494+0000] {dag.py:3722} INFO - Setting next_dagrun for example_external_task_marker_parent to None, run_after=None
[2024-06-23T07:27:22.503+0000] {processor.py:179} INFO - Processing /home/airflow/.local/lib/python3.8/site-packages/airflow/example_dags/example_external_task_marker_dag.py took 0.079 seconds
[2024-06-23T07:27:53.179+0000] {processor.py:157} INFO - Started process (PID=23676) to work on /home/airflow/.local/lib/python3.8/site-packages/airflow/example_dags/example_external_task_marker_dag.py
[2024-06-23T07:27:53.180+0000] {processor.py:829} INFO - Processing file /home/airflow/.local/lib/python3.8/site-packages/airflow/example_dags/example_external_task_marker_dag.py for tasks to queue
[2024-06-23T07:27:53.180+0000] {logging_mixin.py:154} INFO - [2024-06-23T07:27:53.180+0000] {dagbag.py:536} INFO - Filling up the DagBag from /home/airflow/.local/lib/python3.8/site-packages/airflow/example_dags/example_external_task_marker_dag.py
[2024-06-23T07:27:53.183+0000] {processor.py:839} INFO - DAG(s) dict_keys(['example_external_task_marker_parent', 'example_external_task_marker_child']) retrieved from /home/airflow/.local/lib/python3.8/site-packages/airflow/example_dags/example_external_task_marker_dag.py
[2024-06-23T07:27:53.196+0000] {logging_mixin.py:154} INFO - [2024-06-23T07:27:53.196+0000] {dag.py:2941} INFO - Sync 2 DAGs
[2024-06-23T07:27:53.202+0000] {logging_mixin.py:154} INFO - [2024-06-23T07:27:53.202+0000] {dag.py:3722} INFO - Setting next_dagrun for example_external_task_marker_child to None, run_after=None
[2024-06-23T07:27:53.205+0000] {logging_mixin.py:154} INFO - [2024-06-23T07:27:53.204+0000] {dag.py:3722} INFO - Setting next_dagrun for example_external_task_marker_parent to None, run_after=None
[2024-06-23T07:27:53.212+0000] {processor.py:179} INFO - Processing /home/airflow/.local/lib/python3.8/site-packages/airflow/example_dags/example_external_task_marker_dag.py took 0.035 seconds
[2024-06-23T07:28:24.214+0000] {processor.py:157} INFO - Started process (PID=23920) to work on /home/airflow/.local/lib/python3.8/site-packages/airflow/example_dags/example_external_task_marker_dag.py
[2024-06-23T07:28:24.215+0000] {processor.py:829} INFO - Processing file /home/airflow/.local/lib/python3.8/site-packages/airflow/example_dags/example_external_task_marker_dag.py for tasks to queue
[2024-06-23T07:28:24.215+0000] {logging_mixin.py:154} INFO - [2024-06-23T07:28:24.215+0000] {dagbag.py:536} INFO - Filling up the DagBag from /home/airflow/.local/lib/python3.8/site-packages/airflow/example_dags/example_external_task_marker_dag.py
[2024-06-23T07:28:24.219+0000] {processor.py:839} INFO - DAG(s) dict_keys(['example_external_task_marker_child', 'example_external_task_marker_parent']) retrieved from /home/airflow/.local/lib/python3.8/site-packages/airflow/example_dags/example_external_task_marker_dag.py
[2024-06-23T07:28:24.231+0000] {logging_mixin.py:154} INFO - [2024-06-23T07:28:24.230+0000] {dag.py:2941} INFO - Sync 2 DAGs
[2024-06-23T07:28:24.237+0000] {logging_mixin.py:154} INFO - [2024-06-23T07:28:24.237+0000] {dag.py:3722} INFO - Setting next_dagrun for example_external_task_marker_child to None, run_after=None
[2024-06-23T07:28:24.238+0000] {logging_mixin.py:154} INFO - [2024-06-23T07:28:24.238+0000] {dag.py:3722} INFO - Setting next_dagrun for example_external_task_marker_parent to None, run_after=None
[2024-06-23T07:28:24.246+0000] {processor.py:179} INFO - Processing /home/airflow/.local/lib/python3.8/site-packages/airflow/example_dags/example_external_task_marker_dag.py took 0.034 seconds
[2024-06-23T07:28:54.303+0000] {processor.py:157} INFO - Started process (PID=24164) to work on /home/airflow/.local/lib/python3.8/site-packages/airflow/example_dags/example_external_task_marker_dag.py
[2024-06-23T07:28:54.304+0000] {processor.py:829} INFO - Processing file /home/airflow/.local/lib/python3.8/site-packages/airflow/example_dags/example_external_task_marker_dag.py for tasks to queue
[2024-06-23T07:28:54.305+0000] {logging_mixin.py:154} INFO - [2024-06-23T07:28:54.305+0000] {dagbag.py:536} INFO - Filling up the DagBag from /home/airflow/.local/lib/python3.8/site-packages/airflow/example_dags/example_external_task_marker_dag.py
[2024-06-23T07:28:54.309+0000] {processor.py:839} INFO - DAG(s) dict_keys(['example_external_task_marker_child', 'example_external_task_marker_parent']) retrieved from /home/airflow/.local/lib/python3.8/site-packages/airflow/example_dags/example_external_task_marker_dag.py
[2024-06-23T07:28:54.324+0000] {logging_mixin.py:154} INFO - [2024-06-23T07:28:54.323+0000] {dag.py:2941} INFO - Sync 2 DAGs
[2024-06-23T07:28:54.331+0000] {logging_mixin.py:154} INFO - [2024-06-23T07:28:54.331+0000] {dag.py:3722} INFO - Setting next_dagrun for example_external_task_marker_child to None, run_after=None
[2024-06-23T07:28:54.333+0000] {logging_mixin.py:154} INFO - [2024-06-23T07:28:54.333+0000] {dag.py:3722} INFO - Setting next_dagrun for example_external_task_marker_parent to None, run_after=None
[2024-06-23T07:28:54.343+0000] {processor.py:179} INFO - Processing /home/airflow/.local/lib/python3.8/site-packages/airflow/example_dags/example_external_task_marker_dag.py took 0.043 seconds
[2024-06-23T07:29:24.553+0000] {processor.py:157} INFO - Started process (PID=24408) to work on /home/airflow/.local/lib/python3.8/site-packages/airflow/example_dags/example_external_task_marker_dag.py
[2024-06-23T07:29:24.554+0000] {processor.py:829} INFO - Processing file /home/airflow/.local/lib/python3.8/site-packages/airflow/example_dags/example_external_task_marker_dag.py for tasks to queue
[2024-06-23T07:29:24.555+0000] {logging_mixin.py:154} INFO - [2024-06-23T07:29:24.554+0000] {dagbag.py:536} INFO - Filling up the DagBag from /home/airflow/.local/lib/python3.8/site-packages/airflow/example_dags/example_external_task_marker_dag.py
[2024-06-23T07:29:24.559+0000] {processor.py:839} INFO - DAG(s) dict_keys(['example_external_task_marker_child', 'example_external_task_marker_parent']) retrieved from /home/airflow/.local/lib/python3.8/site-packages/airflow/example_dags/example_external_task_marker_dag.py
[2024-06-23T07:29:24.573+0000] {logging_mixin.py:154} INFO - [2024-06-23T07:29:24.573+0000] {dag.py:2941} INFO - Sync 2 DAGs
[2024-06-23T07:29:24.580+0000] {logging_mixin.py:154} INFO - [2024-06-23T07:29:24.580+0000] {dag.py:3722} INFO - Setting next_dagrun for example_external_task_marker_child to None, run_after=None
[2024-06-23T07:29:24.581+0000] {logging_mixin.py:154} INFO - [2024-06-23T07:29:24.581+0000] {dag.py:3722} INFO - Setting next_dagrun for example_external_task_marker_parent to None, run_after=None
[2024-06-23T07:29:24.590+0000] {processor.py:179} INFO - Processing /home/airflow/.local/lib/python3.8/site-packages/airflow/example_dags/example_external_task_marker_dag.py took 0.039 seconds
[2024-06-23T07:29:54.935+0000] {processor.py:157} INFO - Started process (PID=24652) to work on /home/airflow/.local/lib/python3.8/site-packages/airflow/example_dags/example_external_task_marker_dag.py
[2024-06-23T07:29:54.936+0000] {processor.py:829} INFO - Processing file /home/airflow/.local/lib/python3.8/site-packages/airflow/example_dags/example_external_task_marker_dag.py for tasks to queue
[2024-06-23T07:29:54.937+0000] {logging_mixin.py:154} INFO - [2024-06-23T07:29:54.936+0000] {dagbag.py:536} INFO - Filling up the DagBag from /home/airflow/.local/lib/python3.8/site-packages/airflow/example_dags/example_external_task_marker_dag.py
[2024-06-23T07:29:54.940+0000] {processor.py:839} INFO - DAG(s) dict_keys(['example_external_task_marker_child', 'example_external_task_marker_parent']) retrieved from /home/airflow/.local/lib/python3.8/site-packages/airflow/example_dags/example_external_task_marker_dag.py
[2024-06-23T07:29:54.953+0000] {logging_mixin.py:154} INFO - [2024-06-23T07:29:54.952+0000] {dag.py:2941} INFO - Sync 2 DAGs
[2024-06-23T07:29:54.959+0000] {logging_mixin.py:154} INFO - [2024-06-23T07:29:54.959+0000] {dag.py:3722} INFO - Setting next_dagrun for example_external_task_marker_child to None, run_after=None
[2024-06-23T07:29:54.960+0000] {logging_mixin.py:154} INFO - [2024-06-23T07:29:54.960+0000] {dag.py:3722} INFO - Setting next_dagrun for example_external_task_marker_parent to None, run_after=None
[2024-06-23T07:29:54.968+0000] {processor.py:179} INFO - Processing /home/airflow/.local/lib/python3.8/site-packages/airflow/example_dags/example_external_task_marker_dag.py took 0.034 seconds
[2024-06-23T07:30:25.614+0000] {processor.py:157} INFO - Started process (PID=24896) to work on /home/airflow/.local/lib/python3.8/site-packages/airflow/example_dags/example_external_task_marker_dag.py
[2024-06-23T07:30:25.616+0000] {processor.py:829} INFO - Processing file /home/airflow/.local/lib/python3.8/site-packages/airflow/example_dags/example_external_task_marker_dag.py for tasks to queue
[2024-06-23T07:30:25.616+0000] {logging_mixin.py:154} INFO - [2024-06-23T07:30:25.616+0000] {dagbag.py:536} INFO - Filling up the DagBag from /home/airflow/.local/lib/python3.8/site-packages/airflow/example_dags/example_external_task_marker_dag.py
[2024-06-23T07:30:25.620+0000] {processor.py:839} INFO - DAG(s) dict_keys(['example_external_task_marker_parent', 'example_external_task_marker_child']) retrieved from /home/airflow/.local/lib/python3.8/site-packages/airflow/example_dags/example_external_task_marker_dag.py
[2024-06-23T07:30:25.635+0000] {logging_mixin.py:154} INFO - [2024-06-23T07:30:25.635+0000] {dag.py:2941} INFO - Sync 2 DAGs
[2024-06-23T07:30:25.641+0000] {logging_mixin.py:154} INFO - [2024-06-23T07:30:25.641+0000] {dag.py:3722} INFO - Setting next_dagrun for example_external_task_marker_child to None, run_after=None
[2024-06-23T07:30:25.644+0000] {logging_mixin.py:154} INFO - [2024-06-23T07:30:25.644+0000] {dag.py:3722} INFO - Setting next_dagrun for example_external_task_marker_parent to None, run_after=None
[2024-06-23T07:30:25.654+0000] {processor.py:179} INFO - Processing /home/airflow/.local/lib/python3.8/site-packages/airflow/example_dags/example_external_task_marker_dag.py took 0.042 seconds
[2024-06-23T07:30:55.688+0000] {processor.py:157} INFO - Started process (PID=25140) to work on /home/airflow/.local/lib/python3.8/site-packages/airflow/example_dags/example_external_task_marker_dag.py
[2024-06-23T07:30:55.688+0000] {processor.py:829} INFO - Processing file /home/airflow/.local/lib/python3.8/site-packages/airflow/example_dags/example_external_task_marker_dag.py for tasks to queue
[2024-06-23T07:30:55.689+0000] {logging_mixin.py:154} INFO - [2024-06-23T07:30:55.689+0000] {dagbag.py:536} INFO - Filling up the DagBag from /home/airflow/.local/lib/python3.8/site-packages/airflow/example_dags/example_external_task_marker_dag.py
[2024-06-23T07:30:55.692+0000] {processor.py:839} INFO - DAG(s) dict_keys(['example_external_task_marker_child', 'example_external_task_marker_parent']) retrieved from /home/airflow/.local/lib/python3.8/site-packages/airflow/example_dags/example_external_task_marker_dag.py
[2024-06-23T07:30:55.706+0000] {logging_mixin.py:154} INFO - [2024-06-23T07:30:55.706+0000] {dag.py:2941} INFO - Sync 2 DAGs
[2024-06-23T07:30:55.718+0000] {logging_mixin.py:154} INFO - [2024-06-23T07:30:55.718+0000] {dag.py:3722} INFO - Setting next_dagrun for example_external_task_marker_child to None, run_after=None
[2024-06-23T07:30:55.720+0000] {logging_mixin.py:154} INFO - [2024-06-23T07:30:55.720+0000] {dag.py:3722} INFO - Setting next_dagrun for example_external_task_marker_parent to None, run_after=None
[2024-06-23T07:30:55.730+0000] {processor.py:179} INFO - Processing /home/airflow/.local/lib/python3.8/site-packages/airflow/example_dags/example_external_task_marker_dag.py took 0.044 seconds
