[2024-06-23T01:24:25.348+0000] {processor.py:157} INFO - Started process (PID=13288) to work on /home/airflow/.local/lib/python3.8/site-packages/airflow/example_dags/example_short_circuit_operator.py
[2024-06-23T01:24:25.349+0000] {processor.py:829} INFO - Processing file /home/airflow/.local/lib/python3.8/site-packages/airflow/example_dags/example_short_circuit_operator.py for tasks to queue
[2024-06-23T01:24:25.350+0000] {logging_mixin.py:154} INFO - [2024-06-23T01:24:25.350+0000] {dagbag.py:536} INFO - Filling up the DagBag from /home/airflow/.local/lib/python3.8/site-packages/airflow/example_dags/example_short_circuit_operator.py
[2024-06-23T01:24:25.355+0000] {processor.py:839} INFO - DAG(s) dict_keys(['example_short_circuit_operator']) retrieved from /home/airflow/.local/lib/python3.8/site-packages/airflow/example_dags/example_short_circuit_operator.py
[2024-06-23T01:24:25.369+0000] {logging_mixin.py:154} INFO - [2024-06-23T01:24:25.369+0000] {dag.py:2941} INFO - Sync 1 DAGs
[2024-06-23T01:24:25.381+0000] {logging_mixin.py:154} INFO - [2024-06-23T01:24:25.381+0000] {dag.py:3722} INFO - Setting next_dagrun for example_short_circuit_operator to 2024-06-22T01:24:25.381214+00:00, run_after=2024-06-23T01:24:25.381214+00:00
[2024-06-23T01:24:25.393+0000] {processor.py:179} INFO - Processing /home/airflow/.local/lib/python3.8/site-packages/airflow/example_dags/example_short_circuit_operator.py took 0.047 seconds
[2024-06-23T02:48:34.704+0000] {processor.py:157} INFO - Started process (PID=13531) to work on /home/airflow/.local/lib/python3.8/site-packages/airflow/example_dags/example_short_circuit_operator.py
[2024-06-23T02:48:34.704+0000] {processor.py:829} INFO - Processing file /home/airflow/.local/lib/python3.8/site-packages/airflow/example_dags/example_short_circuit_operator.py for tasks to queue
[2024-06-23T02:48:34.705+0000] {logging_mixin.py:154} INFO - [2024-06-23T02:48:34.705+0000] {dagbag.py:536} INFO - Filling up the DagBag from /home/airflow/.local/lib/python3.8/site-packages/airflow/example_dags/example_short_circuit_operator.py
[2024-06-23T02:48:34.710+0000] {processor.py:839} INFO - DAG(s) dict_keys(['example_short_circuit_operator']) retrieved from /home/airflow/.local/lib/python3.8/site-packages/airflow/example_dags/example_short_circuit_operator.py
[2024-06-23T02:48:34.722+0000] {logging_mixin.py:154} INFO - [2024-06-23T02:48:34.722+0000] {dag.py:2941} INFO - Sync 1 DAGs
[2024-06-23T02:48:34.733+0000] {logging_mixin.py:154} INFO - [2024-06-23T02:48:34.733+0000] {dag.py:3722} INFO - Setting next_dagrun for example_short_circuit_operator to 2024-06-22T02:48:34.733103+00:00, run_after=2024-06-23T02:48:34.733103+00:00
[2024-06-23T02:48:34.741+0000] {processor.py:179} INFO - Processing /home/airflow/.local/lib/python3.8/site-packages/airflow/example_dags/example_short_circuit_operator.py took 0.039 seconds
[2024-06-23T04:09:05.136+0000] {processor.py:157} INFO - Started process (PID=13777) to work on /home/airflow/.local/lib/python3.8/site-packages/airflow/example_dags/example_short_circuit_operator.py
[2024-06-23T04:09:05.138+0000] {processor.py:829} INFO - Processing file /home/airflow/.local/lib/python3.8/site-packages/airflow/example_dags/example_short_circuit_operator.py for tasks to queue
[2024-06-23T04:09:05.140+0000] {logging_mixin.py:154} INFO - [2024-06-23T04:09:05.140+0000] {dagbag.py:536} INFO - Filling up the DagBag from /home/airflow/.local/lib/python3.8/site-packages/airflow/example_dags/example_short_circuit_operator.py
[2024-06-23T04:09:05.149+0000] {processor.py:839} INFO - DAG(s) dict_keys(['example_short_circuit_operator']) retrieved from /home/airflow/.local/lib/python3.8/site-packages/airflow/example_dags/example_short_circuit_operator.py
[2024-06-23T04:09:05.180+0000] {logging_mixin.py:154} INFO - [2024-06-23T04:09:05.180+0000] {dag.py:2941} INFO - Sync 1 DAGs
[2024-06-23T04:09:05.219+0000] {logging_mixin.py:154} INFO - [2024-06-23T04:09:05.219+0000] {dag.py:3722} INFO - Setting next_dagrun for example_short_circuit_operator to 2024-06-22T04:09:05.218971+00:00, run_after=2024-06-23T04:09:05.218971+00:00
[2024-06-23T04:09:05.240+0000] {processor.py:179} INFO - Processing /home/airflow/.local/lib/python3.8/site-packages/airflow/example_dags/example_short_circuit_operator.py took 0.107 seconds
[2024-06-23T05:49:44.051+0000] {processor.py:157} INFO - Started process (PID=14024) to work on /home/airflow/.local/lib/python3.8/site-packages/airflow/example_dags/example_short_circuit_operator.py
[2024-06-23T05:49:44.052+0000] {processor.py:829} INFO - Processing file /home/airflow/.local/lib/python3.8/site-packages/airflow/example_dags/example_short_circuit_operator.py for tasks to queue
[2024-06-23T05:49:44.053+0000] {logging_mixin.py:154} INFO - [2024-06-23T05:49:44.052+0000] {dagbag.py:536} INFO - Filling up the DagBag from /home/airflow/.local/lib/python3.8/site-packages/airflow/example_dags/example_short_circuit_operator.py
[2024-06-23T05:49:44.058+0000] {processor.py:839} INFO - DAG(s) dict_keys(['example_short_circuit_operator']) retrieved from /home/airflow/.local/lib/python3.8/site-packages/airflow/example_dags/example_short_circuit_operator.py
[2024-06-23T05:49:44.070+0000] {logging_mixin.py:154} INFO - [2024-06-23T05:49:44.070+0000] {dag.py:2941} INFO - Sync 1 DAGs
[2024-06-23T05:49:44.082+0000] {logging_mixin.py:154} INFO - [2024-06-23T05:49:44.082+0000] {dag.py:3722} INFO - Setting next_dagrun for example_short_circuit_operator to 2024-06-22T05:49:44.082566+00:00, run_after=2024-06-23T05:49:44.082566+00:00
[2024-06-23T05:49:44.093+0000] {processor.py:179} INFO - Processing /home/airflow/.local/lib/python3.8/site-packages/airflow/example_dags/example_short_circuit_operator.py took 0.044 seconds
[2024-06-23T07:08:00.659+0000] {processor.py:157} INFO - Started process (PID=14276) to work on /home/airflow/.local/lib/python3.8/site-packages/airflow/example_dags/example_short_circuit_operator.py
[2024-06-23T07:08:00.660+0000] {processor.py:829} INFO - Processing file /home/airflow/.local/lib/python3.8/site-packages/airflow/example_dags/example_short_circuit_operator.py for tasks to queue
[2024-06-23T07:08:00.661+0000] {logging_mixin.py:154} INFO - [2024-06-23T07:08:00.661+0000] {dagbag.py:536} INFO - Filling up the DagBag from /home/airflow/.local/lib/python3.8/site-packages/airflow/example_dags/example_short_circuit_operator.py
[2024-06-23T07:08:00.666+0000] {processor.py:839} INFO - DAG(s) dict_keys(['example_short_circuit_operator']) retrieved from /home/airflow/.local/lib/python3.8/site-packages/airflow/example_dags/example_short_circuit_operator.py
[2024-06-23T07:08:00.688+0000] {logging_mixin.py:154} INFO - [2024-06-23T07:08:00.687+0000] {dag.py:2941} INFO - Sync 1 DAGs
[2024-06-23T07:08:00.702+0000] {logging_mixin.py:154} INFO - [2024-06-23T07:08:00.702+0000] {dag.py:3722} INFO - Setting next_dagrun for example_short_circuit_operator to 2024-06-22T07:08:00.702646+00:00, run_after=2024-06-23T07:08:00.702646+00:00
[2024-06-23T07:08:00.716+0000] {processor.py:179} INFO - Processing /home/airflow/.local/lib/python3.8/site-packages/airflow/example_dags/example_short_circuit_operator.py took 0.059 seconds
[2024-06-23T07:08:31.419+0000] {processor.py:157} INFO - Started process (PID=14520) to work on /home/airflow/.local/lib/python3.8/site-packages/airflow/example_dags/example_short_circuit_operator.py
[2024-06-23T07:08:31.420+0000] {processor.py:829} INFO - Processing file /home/airflow/.local/lib/python3.8/site-packages/airflow/example_dags/example_short_circuit_operator.py for tasks to queue
[2024-06-23T07:08:31.421+0000] {logging_mixin.py:154} INFO - [2024-06-23T07:08:31.421+0000] {dagbag.py:536} INFO - Filling up the DagBag from /home/airflow/.local/lib/python3.8/site-packages/airflow/example_dags/example_short_circuit_operator.py
[2024-06-23T07:08:31.429+0000] {processor.py:839} INFO - DAG(s) dict_keys(['example_short_circuit_operator']) retrieved from /home/airflow/.local/lib/python3.8/site-packages/airflow/example_dags/example_short_circuit_operator.py
[2024-06-23T07:08:31.440+0000] {logging_mixin.py:154} INFO - [2024-06-23T07:08:31.440+0000] {dag.py:2941} INFO - Sync 1 DAGs
[2024-06-23T07:08:31.458+0000] {logging_mixin.py:154} INFO - [2024-06-23T07:08:31.458+0000] {dag.py:3722} INFO - Setting next_dagrun for example_short_circuit_operator to 2024-06-22T07:08:31.457974+00:00, run_after=2024-06-23T07:08:31.457974+00:00
[2024-06-23T07:08:31.471+0000] {processor.py:179} INFO - Processing /home/airflow/.local/lib/python3.8/site-packages/airflow/example_dags/example_short_circuit_operator.py took 0.056 seconds
[2024-06-23T07:09:01.983+0000] {processor.py:157} INFO - Started process (PID=14764) to work on /home/airflow/.local/lib/python3.8/site-packages/airflow/example_dags/example_short_circuit_operator.py
[2024-06-23T07:09:01.987+0000] {processor.py:829} INFO - Processing file /home/airflow/.local/lib/python3.8/site-packages/airflow/example_dags/example_short_circuit_operator.py for tasks to queue
[2024-06-23T07:09:01.990+0000] {logging_mixin.py:154} INFO - [2024-06-23T07:09:01.989+0000] {dagbag.py:536} INFO - Filling up the DagBag from /home/airflow/.local/lib/python3.8/site-packages/airflow/example_dags/example_short_circuit_operator.py
[2024-06-23T07:09:02.001+0000] {processor.py:839} INFO - DAG(s) dict_keys(['example_short_circuit_operator']) retrieved from /home/airflow/.local/lib/python3.8/site-packages/airflow/example_dags/example_short_circuit_operator.py
[2024-06-23T07:09:02.040+0000] {logging_mixin.py:154} INFO - [2024-06-23T07:09:02.039+0000] {dag.py:2941} INFO - Sync 1 DAGs
[2024-06-23T07:09:02.075+0000] {logging_mixin.py:154} INFO - [2024-06-23T07:09:02.075+0000] {dag.py:3722} INFO - Setting next_dagrun for example_short_circuit_operator to 2024-06-22T07:09:02.074726+00:00, run_after=2024-06-23T07:09:02.074726+00:00
[2024-06-23T07:09:02.122+0000] {processor.py:179} INFO - Processing /home/airflow/.local/lib/python3.8/site-packages/airflow/example_dags/example_short_circuit_operator.py took 0.148 seconds
[2024-06-23T07:09:33.272+0000] {processor.py:157} INFO - Started process (PID=15015) to work on /home/airflow/.local/lib/python3.8/site-packages/airflow/example_dags/example_short_circuit_operator.py
[2024-06-23T07:09:33.273+0000] {processor.py:829} INFO - Processing file /home/airflow/.local/lib/python3.8/site-packages/airflow/example_dags/example_short_circuit_operator.py for tasks to queue
[2024-06-23T07:09:33.274+0000] {logging_mixin.py:154} INFO - [2024-06-23T07:09:33.273+0000] {dagbag.py:536} INFO - Filling up the DagBag from /home/airflow/.local/lib/python3.8/site-packages/airflow/example_dags/example_short_circuit_operator.py
[2024-06-23T07:09:33.282+0000] {processor.py:839} INFO - DAG(s) dict_keys(['example_short_circuit_operator']) retrieved from /home/airflow/.local/lib/python3.8/site-packages/airflow/example_dags/example_short_circuit_operator.py
[2024-06-23T07:09:33.301+0000] {logging_mixin.py:154} INFO - [2024-06-23T07:09:33.301+0000] {dag.py:2941} INFO - Sync 1 DAGs
[2024-06-23T07:09:33.318+0000] {logging_mixin.py:154} INFO - [2024-06-23T07:09:33.318+0000] {dag.py:3722} INFO - Setting next_dagrun for example_short_circuit_operator to 2024-06-22T07:09:33.317883+00:00, run_after=2024-06-23T07:09:33.317883+00:00
[2024-06-23T07:09:33.334+0000] {processor.py:179} INFO - Processing /home/airflow/.local/lib/python3.8/site-packages/airflow/example_dags/example_short_circuit_operator.py took 0.064 seconds
[2024-06-23T07:10:03.678+0000] {processor.py:157} INFO - Started process (PID=15259) to work on /home/airflow/.local/lib/python3.8/site-packages/airflow/example_dags/example_short_circuit_operator.py
[2024-06-23T07:10:03.680+0000] {processor.py:829} INFO - Processing file /home/airflow/.local/lib/python3.8/site-packages/airflow/example_dags/example_short_circuit_operator.py for tasks to queue
[2024-06-23T07:10:03.682+0000] {logging_mixin.py:154} INFO - [2024-06-23T07:10:03.681+0000] {dagbag.py:536} INFO - Filling up the DagBag from /home/airflow/.local/lib/python3.8/site-packages/airflow/example_dags/example_short_circuit_operator.py
[2024-06-23T07:10:03.688+0000] {processor.py:839} INFO - DAG(s) dict_keys(['example_short_circuit_operator']) retrieved from /home/airflow/.local/lib/python3.8/site-packages/airflow/example_dags/example_short_circuit_operator.py
[2024-06-23T07:10:03.704+0000] {logging_mixin.py:154} INFO - [2024-06-23T07:10:03.704+0000] {dag.py:2941} INFO - Sync 1 DAGs
[2024-06-23T07:10:03.719+0000] {logging_mixin.py:154} INFO - [2024-06-23T07:10:03.718+0000] {dag.py:3722} INFO - Setting next_dagrun for example_short_circuit_operator to 2024-06-22T07:10:03.718814+00:00, run_after=2024-06-23T07:10:03.718814+00:00
[2024-06-23T07:10:03.731+0000] {processor.py:179} INFO - Processing /home/airflow/.local/lib/python3.8/site-packages/airflow/example_dags/example_short_circuit_operator.py took 0.055 seconds
[2024-06-23T07:10:34.215+0000] {processor.py:157} INFO - Started process (PID=15503) to work on /home/airflow/.local/lib/python3.8/site-packages/airflow/example_dags/example_short_circuit_operator.py
[2024-06-23T07:10:34.216+0000] {processor.py:829} INFO - Processing file /home/airflow/.local/lib/python3.8/site-packages/airflow/example_dags/example_short_circuit_operator.py for tasks to queue
[2024-06-23T07:10:34.218+0000] {logging_mixin.py:154} INFO - [2024-06-23T07:10:34.217+0000] {dagbag.py:536} INFO - Filling up the DagBag from /home/airflow/.local/lib/python3.8/site-packages/airflow/example_dags/example_short_circuit_operator.py
[2024-06-23T07:10:34.225+0000] {processor.py:839} INFO - DAG(s) dict_keys(['example_short_circuit_operator']) retrieved from /home/airflow/.local/lib/python3.8/site-packages/airflow/example_dags/example_short_circuit_operator.py
[2024-06-23T07:10:34.241+0000] {logging_mixin.py:154} INFO - [2024-06-23T07:10:34.241+0000] {dag.py:2941} INFO - Sync 1 DAGs
[2024-06-23T07:10:34.260+0000] {logging_mixin.py:154} INFO - [2024-06-23T07:10:34.260+0000] {dag.py:3722} INFO - Setting next_dagrun for example_short_circuit_operator to 2024-06-22T07:10:34.260071+00:00, run_after=2024-06-23T07:10:34.260071+00:00
[2024-06-23T07:10:34.283+0000] {processor.py:179} INFO - Processing /home/airflow/.local/lib/python3.8/site-packages/airflow/example_dags/example_short_circuit_operator.py took 0.070 seconds
[2024-06-23T07:11:04.330+0000] {processor.py:157} INFO - Started process (PID=15747) to work on /home/airflow/.local/lib/python3.8/site-packages/airflow/example_dags/example_short_circuit_operator.py
[2024-06-23T07:11:04.331+0000] {processor.py:829} INFO - Processing file /home/airflow/.local/lib/python3.8/site-packages/airflow/example_dags/example_short_circuit_operator.py for tasks to queue
[2024-06-23T07:11:04.332+0000] {logging_mixin.py:154} INFO - [2024-06-23T07:11:04.332+0000] {dagbag.py:536} INFO - Filling up the DagBag from /home/airflow/.local/lib/python3.8/site-packages/airflow/example_dags/example_short_circuit_operator.py
[2024-06-23T07:11:04.337+0000] {processor.py:839} INFO - DAG(s) dict_keys(['example_short_circuit_operator']) retrieved from /home/airflow/.local/lib/python3.8/site-packages/airflow/example_dags/example_short_circuit_operator.py
[2024-06-23T07:11:04.351+0000] {logging_mixin.py:154} INFO - [2024-06-23T07:11:04.351+0000] {dag.py:2941} INFO - Sync 1 DAGs
[2024-06-23T07:11:04.366+0000] {logging_mixin.py:154} INFO - [2024-06-23T07:11:04.366+0000] {dag.py:3722} INFO - Setting next_dagrun for example_short_circuit_operator to 2024-06-22T07:11:04.366175+00:00, run_after=2024-06-23T07:11:04.366175+00:00
[2024-06-23T07:11:04.380+0000] {processor.py:179} INFO - Processing /home/airflow/.local/lib/python3.8/site-packages/airflow/example_dags/example_short_circuit_operator.py took 0.052 seconds
[2024-06-23T07:11:34.715+0000] {processor.py:157} INFO - Started process (PID=15991) to work on /home/airflow/.local/lib/python3.8/site-packages/airflow/example_dags/example_short_circuit_operator.py
[2024-06-23T07:11:34.715+0000] {processor.py:829} INFO - Processing file /home/airflow/.local/lib/python3.8/site-packages/airflow/example_dags/example_short_circuit_operator.py for tasks to queue
[2024-06-23T07:11:34.716+0000] {logging_mixin.py:154} INFO - [2024-06-23T07:11:34.716+0000] {dagbag.py:536} INFO - Filling up the DagBag from /home/airflow/.local/lib/python3.8/site-packages/airflow/example_dags/example_short_circuit_operator.py
[2024-06-23T07:11:34.720+0000] {processor.py:839} INFO - DAG(s) dict_keys(['example_short_circuit_operator']) retrieved from /home/airflow/.local/lib/python3.8/site-packages/airflow/example_dags/example_short_circuit_operator.py
[2024-06-23T07:11:34.733+0000] {logging_mixin.py:154} INFO - [2024-06-23T07:11:34.733+0000] {dag.py:2941} INFO - Sync 1 DAGs
[2024-06-23T07:11:34.743+0000] {logging_mixin.py:154} INFO - [2024-06-23T07:11:34.743+0000] {dag.py:3722} INFO - Setting next_dagrun for example_short_circuit_operator to 2024-06-22T07:11:34.743311+00:00, run_after=2024-06-23T07:11:34.743311+00:00
[2024-06-23T07:11:34.752+0000] {processor.py:179} INFO - Processing /home/airflow/.local/lib/python3.8/site-packages/airflow/example_dags/example_short_circuit_operator.py took 0.040 seconds
[2024-06-23T07:12:05.363+0000] {processor.py:157} INFO - Started process (PID=16235) to work on /home/airflow/.local/lib/python3.8/site-packages/airflow/example_dags/example_short_circuit_operator.py
[2024-06-23T07:12:05.365+0000] {processor.py:829} INFO - Processing file /home/airflow/.local/lib/python3.8/site-packages/airflow/example_dags/example_short_circuit_operator.py for tasks to queue
[2024-06-23T07:12:05.365+0000] {logging_mixin.py:154} INFO - [2024-06-23T07:12:05.365+0000] {dagbag.py:536} INFO - Filling up the DagBag from /home/airflow/.local/lib/python3.8/site-packages/airflow/example_dags/example_short_circuit_operator.py
[2024-06-23T07:12:05.370+0000] {processor.py:839} INFO - DAG(s) dict_keys(['example_short_circuit_operator']) retrieved from /home/airflow/.local/lib/python3.8/site-packages/airflow/example_dags/example_short_circuit_operator.py
[2024-06-23T07:12:05.383+0000] {logging_mixin.py:154} INFO - [2024-06-23T07:12:05.383+0000] {dag.py:2941} INFO - Sync 1 DAGs
[2024-06-23T07:12:05.394+0000] {logging_mixin.py:154} INFO - [2024-06-23T07:12:05.394+0000] {dag.py:3722} INFO - Setting next_dagrun for example_short_circuit_operator to 2024-06-22T07:12:05.394559+00:00, run_after=2024-06-23T07:12:05.394559+00:00
[2024-06-23T07:12:05.404+0000] {processor.py:179} INFO - Processing /home/airflow/.local/lib/python3.8/site-packages/airflow/example_dags/example_short_circuit_operator.py took 0.043 seconds
[2024-06-23T07:12:35.840+0000] {processor.py:157} INFO - Started process (PID=16479) to work on /home/airflow/.local/lib/python3.8/site-packages/airflow/example_dags/example_short_circuit_operator.py
[2024-06-23T07:12:35.840+0000] {processor.py:829} INFO - Processing file /home/airflow/.local/lib/python3.8/site-packages/airflow/example_dags/example_short_circuit_operator.py for tasks to queue
[2024-06-23T07:12:35.841+0000] {logging_mixin.py:154} INFO - [2024-06-23T07:12:35.841+0000] {dagbag.py:536} INFO - Filling up the DagBag from /home/airflow/.local/lib/python3.8/site-packages/airflow/example_dags/example_short_circuit_operator.py
[2024-06-23T07:12:35.846+0000] {processor.py:839} INFO - DAG(s) dict_keys(['example_short_circuit_operator']) retrieved from /home/airflow/.local/lib/python3.8/site-packages/airflow/example_dags/example_short_circuit_operator.py
[2024-06-23T07:12:35.857+0000] {logging_mixin.py:154} INFO - [2024-06-23T07:12:35.857+0000] {dag.py:2941} INFO - Sync 1 DAGs
[2024-06-23T07:12:35.868+0000] {logging_mixin.py:154} INFO - [2024-06-23T07:12:35.868+0000] {dag.py:3722} INFO - Setting next_dagrun for example_short_circuit_operator to 2024-06-22T07:12:35.868289+00:00, run_after=2024-06-23T07:12:35.868289+00:00
[2024-06-23T07:12:35.879+0000] {processor.py:179} INFO - Processing /home/airflow/.local/lib/python3.8/site-packages/airflow/example_dags/example_short_circuit_operator.py took 0.041 seconds
[2024-06-23T07:13:06.262+0000] {processor.py:157} INFO - Started process (PID=16723) to work on /home/airflow/.local/lib/python3.8/site-packages/airflow/example_dags/example_short_circuit_operator.py
[2024-06-23T07:13:06.263+0000] {processor.py:829} INFO - Processing file /home/airflow/.local/lib/python3.8/site-packages/airflow/example_dags/example_short_circuit_operator.py for tasks to queue
[2024-06-23T07:13:06.263+0000] {logging_mixin.py:154} INFO - [2024-06-23T07:13:06.263+0000] {dagbag.py:536} INFO - Filling up the DagBag from /home/airflow/.local/lib/python3.8/site-packages/airflow/example_dags/example_short_circuit_operator.py
[2024-06-23T07:13:06.268+0000] {processor.py:839} INFO - DAG(s) dict_keys(['example_short_circuit_operator']) retrieved from /home/airflow/.local/lib/python3.8/site-packages/airflow/example_dags/example_short_circuit_operator.py
[2024-06-23T07:13:06.281+0000] {logging_mixin.py:154} INFO - [2024-06-23T07:13:06.280+0000] {dag.py:2941} INFO - Sync 1 DAGs
[2024-06-23T07:13:06.292+0000] {logging_mixin.py:154} INFO - [2024-06-23T07:13:06.292+0000] {dag.py:3722} INFO - Setting next_dagrun for example_short_circuit_operator to 2024-06-22T07:13:06.292260+00:00, run_after=2024-06-23T07:13:06.292260+00:00
[2024-06-23T07:13:06.301+0000] {processor.py:179} INFO - Processing /home/airflow/.local/lib/python3.8/site-packages/airflow/example_dags/example_short_circuit_operator.py took 0.042 seconds
[2024-06-23T07:13:37.368+0000] {processor.py:157} INFO - Started process (PID=16967) to work on /home/airflow/.local/lib/python3.8/site-packages/airflow/example_dags/example_short_circuit_operator.py
[2024-06-23T07:13:37.369+0000] {processor.py:829} INFO - Processing file /home/airflow/.local/lib/python3.8/site-packages/airflow/example_dags/example_short_circuit_operator.py for tasks to queue
[2024-06-23T07:13:37.370+0000] {logging_mixin.py:154} INFO - [2024-06-23T07:13:37.370+0000] {dagbag.py:536} INFO - Filling up the DagBag from /home/airflow/.local/lib/python3.8/site-packages/airflow/example_dags/example_short_circuit_operator.py
[2024-06-23T07:13:37.376+0000] {processor.py:839} INFO - DAG(s) dict_keys(['example_short_circuit_operator']) retrieved from /home/airflow/.local/lib/python3.8/site-packages/airflow/example_dags/example_short_circuit_operator.py
[2024-06-23T07:13:37.393+0000] {logging_mixin.py:154} INFO - [2024-06-23T07:13:37.393+0000] {dag.py:2941} INFO - Sync 1 DAGs
[2024-06-23T07:13:37.409+0000] {logging_mixin.py:154} INFO - [2024-06-23T07:13:37.408+0000] {dag.py:3722} INFO - Setting next_dagrun for example_short_circuit_operator to 2024-06-22T07:13:37.408749+00:00, run_after=2024-06-23T07:13:37.408749+00:00
[2024-06-23T07:13:37.422+0000] {processor.py:179} INFO - Processing /home/airflow/.local/lib/python3.8/site-packages/airflow/example_dags/example_short_circuit_operator.py took 0.056 seconds
[2024-06-23T07:14:08.142+0000] {processor.py:157} INFO - Started process (PID=17211) to work on /home/airflow/.local/lib/python3.8/site-packages/airflow/example_dags/example_short_circuit_operator.py
[2024-06-23T07:14:08.143+0000] {processor.py:829} INFO - Processing file /home/airflow/.local/lib/python3.8/site-packages/airflow/example_dags/example_short_circuit_operator.py for tasks to queue
[2024-06-23T07:14:08.143+0000] {logging_mixin.py:154} INFO - [2024-06-23T07:14:08.143+0000] {dagbag.py:536} INFO - Filling up the DagBag from /home/airflow/.local/lib/python3.8/site-packages/airflow/example_dags/example_short_circuit_operator.py
[2024-06-23T07:14:08.149+0000] {processor.py:839} INFO - DAG(s) dict_keys(['example_short_circuit_operator']) retrieved from /home/airflow/.local/lib/python3.8/site-packages/airflow/example_dags/example_short_circuit_operator.py
[2024-06-23T07:14:08.164+0000] {logging_mixin.py:154} INFO - [2024-06-23T07:14:08.163+0000] {dag.py:2941} INFO - Sync 1 DAGs
[2024-06-23T07:14:08.177+0000] {logging_mixin.py:154} INFO - [2024-06-23T07:14:08.177+0000] {dag.py:3722} INFO - Setting next_dagrun for example_short_circuit_operator to 2024-06-22T07:14:08.177528+00:00, run_after=2024-06-23T07:14:08.177528+00:00
[2024-06-23T07:14:08.189+0000] {processor.py:179} INFO - Processing /home/airflow/.local/lib/python3.8/site-packages/airflow/example_dags/example_short_circuit_operator.py took 0.050 seconds
[2024-06-23T07:14:38.875+0000] {processor.py:157} INFO - Started process (PID=17455) to work on /home/airflow/.local/lib/python3.8/site-packages/airflow/example_dags/example_short_circuit_operator.py
[2024-06-23T07:14:38.876+0000] {processor.py:829} INFO - Processing file /home/airflow/.local/lib/python3.8/site-packages/airflow/example_dags/example_short_circuit_operator.py for tasks to queue
[2024-06-23T07:14:38.877+0000] {logging_mixin.py:154} INFO - [2024-06-23T07:14:38.877+0000] {dagbag.py:536} INFO - Filling up the DagBag from /home/airflow/.local/lib/python3.8/site-packages/airflow/example_dags/example_short_circuit_operator.py
[2024-06-23T07:14:38.882+0000] {processor.py:839} INFO - DAG(s) dict_keys(['example_short_circuit_operator']) retrieved from /home/airflow/.local/lib/python3.8/site-packages/airflow/example_dags/example_short_circuit_operator.py
[2024-06-23T07:14:38.897+0000] {logging_mixin.py:154} INFO - [2024-06-23T07:14:38.896+0000] {dag.py:2941} INFO - Sync 1 DAGs
[2024-06-23T07:14:38.910+0000] {logging_mixin.py:154} INFO - [2024-06-23T07:14:38.910+0000] {dag.py:3722} INFO - Setting next_dagrun for example_short_circuit_operator to 2024-06-22T07:14:38.910291+00:00, run_after=2024-06-23T07:14:38.910291+00:00
[2024-06-23T07:14:38.924+0000] {processor.py:179} INFO - Processing /home/airflow/.local/lib/python3.8/site-packages/airflow/example_dags/example_short_circuit_operator.py took 0.051 seconds
[2024-06-23T07:15:09.065+0000] {processor.py:157} INFO - Started process (PID=17699) to work on /home/airflow/.local/lib/python3.8/site-packages/airflow/example_dags/example_short_circuit_operator.py
[2024-06-23T07:15:09.066+0000] {processor.py:829} INFO - Processing file /home/airflow/.local/lib/python3.8/site-packages/airflow/example_dags/example_short_circuit_operator.py for tasks to queue
[2024-06-23T07:15:09.067+0000] {logging_mixin.py:154} INFO - [2024-06-23T07:15:09.066+0000] {dagbag.py:536} INFO - Filling up the DagBag from /home/airflow/.local/lib/python3.8/site-packages/airflow/example_dags/example_short_circuit_operator.py
[2024-06-23T07:15:09.073+0000] {processor.py:839} INFO - DAG(s) dict_keys(['example_short_circuit_operator']) retrieved from /home/airflow/.local/lib/python3.8/site-packages/airflow/example_dags/example_short_circuit_operator.py
[2024-06-23T07:15:09.089+0000] {logging_mixin.py:154} INFO - [2024-06-23T07:15:09.089+0000] {dag.py:2941} INFO - Sync 1 DAGs
[2024-06-23T07:15:09.104+0000] {logging_mixin.py:154} INFO - [2024-06-23T07:15:09.103+0000] {dag.py:3722} INFO - Setting next_dagrun for example_short_circuit_operator to 2024-06-22T07:15:09.103669+00:00, run_after=2024-06-23T07:15:09.103669+00:00
[2024-06-23T07:15:09.116+0000] {processor.py:179} INFO - Processing /home/airflow/.local/lib/python3.8/site-packages/airflow/example_dags/example_short_circuit_operator.py took 0.054 seconds
[2024-06-23T07:15:40.183+0000] {processor.py:157} INFO - Started process (PID=17943) to work on /home/airflow/.local/lib/python3.8/site-packages/airflow/example_dags/example_short_circuit_operator.py
[2024-06-23T07:15:40.184+0000] {processor.py:829} INFO - Processing file /home/airflow/.local/lib/python3.8/site-packages/airflow/example_dags/example_short_circuit_operator.py for tasks to queue
[2024-06-23T07:15:40.185+0000] {logging_mixin.py:154} INFO - [2024-06-23T07:15:40.185+0000] {dagbag.py:536} INFO - Filling up the DagBag from /home/airflow/.local/lib/python3.8/site-packages/airflow/example_dags/example_short_circuit_operator.py
[2024-06-23T07:15:40.189+0000] {processor.py:839} INFO - DAG(s) dict_keys(['example_short_circuit_operator']) retrieved from /home/airflow/.local/lib/python3.8/site-packages/airflow/example_dags/example_short_circuit_operator.py
[2024-06-23T07:15:40.216+0000] {logging_mixin.py:154} INFO - [2024-06-23T07:15:40.216+0000] {dag.py:2941} INFO - Sync 1 DAGs
[2024-06-23T07:15:40.235+0000] {logging_mixin.py:154} INFO - [2024-06-23T07:15:40.234+0000] {dag.py:3722} INFO - Setting next_dagrun for example_short_circuit_operator to 2024-06-22T07:15:40.234686+00:00, run_after=2024-06-23T07:15:40.234686+00:00
[2024-06-23T07:15:40.253+0000] {processor.py:179} INFO - Processing /home/airflow/.local/lib/python3.8/site-packages/airflow/example_dags/example_short_circuit_operator.py took 0.071 seconds
[2024-06-23T07:16:10.829+0000] {processor.py:157} INFO - Started process (PID=18187) to work on /home/airflow/.local/lib/python3.8/site-packages/airflow/example_dags/example_short_circuit_operator.py
[2024-06-23T07:16:10.830+0000] {processor.py:829} INFO - Processing file /home/airflow/.local/lib/python3.8/site-packages/airflow/example_dags/example_short_circuit_operator.py for tasks to queue
[2024-06-23T07:16:10.830+0000] {logging_mixin.py:154} INFO - [2024-06-23T07:16:10.830+0000] {dagbag.py:536} INFO - Filling up the DagBag from /home/airflow/.local/lib/python3.8/site-packages/airflow/example_dags/example_short_circuit_operator.py
[2024-06-23T07:16:10.835+0000] {processor.py:839} INFO - DAG(s) dict_keys(['example_short_circuit_operator']) retrieved from /home/airflow/.local/lib/python3.8/site-packages/airflow/example_dags/example_short_circuit_operator.py
[2024-06-23T07:16:10.849+0000] {logging_mixin.py:154} INFO - [2024-06-23T07:16:10.849+0000] {dag.py:2941} INFO - Sync 1 DAGs
[2024-06-23T07:16:10.862+0000] {logging_mixin.py:154} INFO - [2024-06-23T07:16:10.861+0000] {dag.py:3722} INFO - Setting next_dagrun for example_short_circuit_operator to 2024-06-22T07:16:10.861749+00:00, run_after=2024-06-23T07:16:10.861749+00:00
[2024-06-23T07:16:10.874+0000] {processor.py:179} INFO - Processing /home/airflow/.local/lib/python3.8/site-packages/airflow/example_dags/example_short_circuit_operator.py took 0.048 seconds
[2024-06-23T07:16:42.106+0000] {processor.py:157} INFO - Started process (PID=18431) to work on /home/airflow/.local/lib/python3.8/site-packages/airflow/example_dags/example_short_circuit_operator.py
[2024-06-23T07:16:42.108+0000] {processor.py:829} INFO - Processing file /home/airflow/.local/lib/python3.8/site-packages/airflow/example_dags/example_short_circuit_operator.py for tasks to queue
[2024-06-23T07:16:42.109+0000] {logging_mixin.py:154} INFO - [2024-06-23T07:16:42.108+0000] {dagbag.py:536} INFO - Filling up the DagBag from /home/airflow/.local/lib/python3.8/site-packages/airflow/example_dags/example_short_circuit_operator.py
[2024-06-23T07:16:42.114+0000] {processor.py:839} INFO - DAG(s) dict_keys(['example_short_circuit_operator']) retrieved from /home/airflow/.local/lib/python3.8/site-packages/airflow/example_dags/example_short_circuit_operator.py
[2024-06-23T07:16:42.126+0000] {logging_mixin.py:154} INFO - [2024-06-23T07:16:42.126+0000] {dag.py:2941} INFO - Sync 1 DAGs
[2024-06-23T07:16:42.138+0000] {logging_mixin.py:154} INFO - [2024-06-23T07:16:42.138+0000] {dag.py:3722} INFO - Setting next_dagrun for example_short_circuit_operator to 2024-06-22T07:16:42.138081+00:00, run_after=2024-06-23T07:16:42.138081+00:00
[2024-06-23T07:16:42.147+0000] {processor.py:179} INFO - Processing /home/airflow/.local/lib/python3.8/site-packages/airflow/example_dags/example_short_circuit_operator.py took 0.043 seconds
[2024-06-23T07:17:12.679+0000] {processor.py:157} INFO - Started process (PID=18675) to work on /home/airflow/.local/lib/python3.8/site-packages/airflow/example_dags/example_short_circuit_operator.py
[2024-06-23T07:17:12.680+0000] {processor.py:829} INFO - Processing file /home/airflow/.local/lib/python3.8/site-packages/airflow/example_dags/example_short_circuit_operator.py for tasks to queue
[2024-06-23T07:17:12.680+0000] {logging_mixin.py:154} INFO - [2024-06-23T07:17:12.680+0000] {dagbag.py:536} INFO - Filling up the DagBag from /home/airflow/.local/lib/python3.8/site-packages/airflow/example_dags/example_short_circuit_operator.py
[2024-06-23T07:17:12.686+0000] {processor.py:839} INFO - DAG(s) dict_keys(['example_short_circuit_operator']) retrieved from /home/airflow/.local/lib/python3.8/site-packages/airflow/example_dags/example_short_circuit_operator.py
[2024-06-23T07:17:12.703+0000] {logging_mixin.py:154} INFO - [2024-06-23T07:17:12.703+0000] {dag.py:2941} INFO - Sync 1 DAGs
[2024-06-23T07:17:12.718+0000] {logging_mixin.py:154} INFO - [2024-06-23T07:17:12.718+0000] {dag.py:3722} INFO - Setting next_dagrun for example_short_circuit_operator to 2024-06-22T07:17:12.717921+00:00, run_after=2024-06-23T07:17:12.717921+00:00
[2024-06-23T07:17:12.733+0000] {processor.py:179} INFO - Processing /home/airflow/.local/lib/python3.8/site-packages/airflow/example_dags/example_short_circuit_operator.py took 0.057 seconds
[2024-06-23T07:17:43.007+0000] {processor.py:157} INFO - Started process (PID=18919) to work on /home/airflow/.local/lib/python3.8/site-packages/airflow/example_dags/example_short_circuit_operator.py
[2024-06-23T07:17:43.008+0000] {processor.py:829} INFO - Processing file /home/airflow/.local/lib/python3.8/site-packages/airflow/example_dags/example_short_circuit_operator.py for tasks to queue
[2024-06-23T07:17:43.008+0000] {logging_mixin.py:154} INFO - [2024-06-23T07:17:43.008+0000] {dagbag.py:536} INFO - Filling up the DagBag from /home/airflow/.local/lib/python3.8/site-packages/airflow/example_dags/example_short_circuit_operator.py
[2024-06-23T07:17:43.013+0000] {processor.py:839} INFO - DAG(s) dict_keys(['example_short_circuit_operator']) retrieved from /home/airflow/.local/lib/python3.8/site-packages/airflow/example_dags/example_short_circuit_operator.py
[2024-06-23T07:17:43.025+0000] {logging_mixin.py:154} INFO - [2024-06-23T07:17:43.025+0000] {dag.py:2941} INFO - Sync 1 DAGs
[2024-06-23T07:17:43.036+0000] {logging_mixin.py:154} INFO - [2024-06-23T07:17:43.036+0000] {dag.py:3722} INFO - Setting next_dagrun for example_short_circuit_operator to 2024-06-22T07:17:43.035997+00:00, run_after=2024-06-23T07:17:43.035997+00:00
[2024-06-23T07:17:43.045+0000] {processor.py:179} INFO - Processing /home/airflow/.local/lib/python3.8/site-packages/airflow/example_dags/example_short_circuit_operator.py took 0.040 seconds
[2024-06-23T07:18:13.241+0000] {processor.py:157} INFO - Started process (PID=19163) to work on /home/airflow/.local/lib/python3.8/site-packages/airflow/example_dags/example_short_circuit_operator.py
[2024-06-23T07:18:13.243+0000] {processor.py:829} INFO - Processing file /home/airflow/.local/lib/python3.8/site-packages/airflow/example_dags/example_short_circuit_operator.py for tasks to queue
[2024-06-23T07:18:13.243+0000] {logging_mixin.py:154} INFO - [2024-06-23T07:18:13.243+0000] {dagbag.py:536} INFO - Filling up the DagBag from /home/airflow/.local/lib/python3.8/site-packages/airflow/example_dags/example_short_circuit_operator.py
[2024-06-23T07:18:13.248+0000] {processor.py:839} INFO - DAG(s) dict_keys(['example_short_circuit_operator']) retrieved from /home/airflow/.local/lib/python3.8/site-packages/airflow/example_dags/example_short_circuit_operator.py
[2024-06-23T07:18:13.260+0000] {logging_mixin.py:154} INFO - [2024-06-23T07:18:13.259+0000] {dag.py:2941} INFO - Sync 1 DAGs
[2024-06-23T07:18:13.270+0000] {logging_mixin.py:154} INFO - [2024-06-23T07:18:13.270+0000] {dag.py:3722} INFO - Setting next_dagrun for example_short_circuit_operator to 2024-06-22T07:18:13.270636+00:00, run_after=2024-06-23T07:18:13.270636+00:00
[2024-06-23T07:18:13.283+0000] {processor.py:179} INFO - Processing /home/airflow/.local/lib/python3.8/site-packages/airflow/example_dags/example_short_circuit_operator.py took 0.044 seconds
[2024-06-23T07:18:44.246+0000] {processor.py:157} INFO - Started process (PID=19407) to work on /home/airflow/.local/lib/python3.8/site-packages/airflow/example_dags/example_short_circuit_operator.py
[2024-06-23T07:18:44.246+0000] {processor.py:829} INFO - Processing file /home/airflow/.local/lib/python3.8/site-packages/airflow/example_dags/example_short_circuit_operator.py for tasks to queue
[2024-06-23T07:18:44.247+0000] {logging_mixin.py:154} INFO - [2024-06-23T07:18:44.247+0000] {dagbag.py:536} INFO - Filling up the DagBag from /home/airflow/.local/lib/python3.8/site-packages/airflow/example_dags/example_short_circuit_operator.py
[2024-06-23T07:18:44.251+0000] {processor.py:839} INFO - DAG(s) dict_keys(['example_short_circuit_operator']) retrieved from /home/airflow/.local/lib/python3.8/site-packages/airflow/example_dags/example_short_circuit_operator.py
[2024-06-23T07:18:44.263+0000] {logging_mixin.py:154} INFO - [2024-06-23T07:18:44.263+0000] {dag.py:2941} INFO - Sync 1 DAGs
[2024-06-23T07:18:44.275+0000] {logging_mixin.py:154} INFO - [2024-06-23T07:18:44.275+0000] {dag.py:3722} INFO - Setting next_dagrun for example_short_circuit_operator to 2024-06-22T07:18:44.275020+00:00, run_after=2024-06-23T07:18:44.275020+00:00
[2024-06-23T07:18:44.283+0000] {processor.py:179} INFO - Processing /home/airflow/.local/lib/python3.8/site-packages/airflow/example_dags/example_short_circuit_operator.py took 0.040 seconds
[2024-06-23T07:19:14.411+0000] {processor.py:157} INFO - Started process (PID=19650) to work on /home/airflow/.local/lib/python3.8/site-packages/airflow/example_dags/example_short_circuit_operator.py
[2024-06-23T07:19:14.412+0000] {processor.py:829} INFO - Processing file /home/airflow/.local/lib/python3.8/site-packages/airflow/example_dags/example_short_circuit_operator.py for tasks to queue
[2024-06-23T07:19:14.412+0000] {logging_mixin.py:154} INFO - [2024-06-23T07:19:14.412+0000] {dagbag.py:536} INFO - Filling up the DagBag from /home/airflow/.local/lib/python3.8/site-packages/airflow/example_dags/example_short_circuit_operator.py
[2024-06-23T07:19:14.417+0000] {processor.py:839} INFO - DAG(s) dict_keys(['example_short_circuit_operator']) retrieved from /home/airflow/.local/lib/python3.8/site-packages/airflow/example_dags/example_short_circuit_operator.py
[2024-06-23T07:19:14.429+0000] {logging_mixin.py:154} INFO - [2024-06-23T07:19:14.428+0000] {dag.py:2941} INFO - Sync 1 DAGs
[2024-06-23T07:19:14.442+0000] {logging_mixin.py:154} INFO - [2024-06-23T07:19:14.442+0000] {dag.py:3722} INFO - Setting next_dagrun for example_short_circuit_operator to 2024-06-22T07:19:14.442640+00:00, run_after=2024-06-23T07:19:14.442640+00:00
[2024-06-23T07:19:14.453+0000] {processor.py:179} INFO - Processing /home/airflow/.local/lib/python3.8/site-packages/airflow/example_dags/example_short_circuit_operator.py took 0.044 seconds
[2024-06-23T07:19:45.182+0000] {processor.py:157} INFO - Started process (PID=19894) to work on /home/airflow/.local/lib/python3.8/site-packages/airflow/example_dags/example_short_circuit_operator.py
[2024-06-23T07:19:45.183+0000] {processor.py:829} INFO - Processing file /home/airflow/.local/lib/python3.8/site-packages/airflow/example_dags/example_short_circuit_operator.py for tasks to queue
[2024-06-23T07:19:45.184+0000] {logging_mixin.py:154} INFO - [2024-06-23T07:19:45.184+0000] {dagbag.py:536} INFO - Filling up the DagBag from /home/airflow/.local/lib/python3.8/site-packages/airflow/example_dags/example_short_circuit_operator.py
[2024-06-23T07:19:45.189+0000] {processor.py:839} INFO - DAG(s) dict_keys(['example_short_circuit_operator']) retrieved from /home/airflow/.local/lib/python3.8/site-packages/airflow/example_dags/example_short_circuit_operator.py
[2024-06-23T07:19:45.203+0000] {logging_mixin.py:154} INFO - [2024-06-23T07:19:45.203+0000] {dag.py:2941} INFO - Sync 1 DAGs
[2024-06-23T07:19:45.216+0000] {logging_mixin.py:154} INFO - [2024-06-23T07:19:45.216+0000] {dag.py:3722} INFO - Setting next_dagrun for example_short_circuit_operator to 2024-06-22T07:19:45.215981+00:00, run_after=2024-06-23T07:19:45.215981+00:00
[2024-06-23T07:19:45.225+0000] {processor.py:179} INFO - Processing /home/airflow/.local/lib/python3.8/site-packages/airflow/example_dags/example_short_circuit_operator.py took 0.045 seconds
[2024-06-23T07:20:15.908+0000] {processor.py:157} INFO - Started process (PID=20137) to work on /home/airflow/.local/lib/python3.8/site-packages/airflow/example_dags/example_short_circuit_operator.py
[2024-06-23T07:20:15.910+0000] {processor.py:829} INFO - Processing file /home/airflow/.local/lib/python3.8/site-packages/airflow/example_dags/example_short_circuit_operator.py for tasks to queue
[2024-06-23T07:20:15.910+0000] {logging_mixin.py:154} INFO - [2024-06-23T07:20:15.910+0000] {dagbag.py:536} INFO - Filling up the DagBag from /home/airflow/.local/lib/python3.8/site-packages/airflow/example_dags/example_short_circuit_operator.py
[2024-06-23T07:20:15.916+0000] {processor.py:839} INFO - DAG(s) dict_keys(['example_short_circuit_operator']) retrieved from /home/airflow/.local/lib/python3.8/site-packages/airflow/example_dags/example_short_circuit_operator.py
[2024-06-23T07:20:15.929+0000] {logging_mixin.py:154} INFO - [2024-06-23T07:20:15.929+0000] {dag.py:2941} INFO - Sync 1 DAGs
[2024-06-23T07:20:15.940+0000] {logging_mixin.py:154} INFO - [2024-06-23T07:20:15.940+0000] {dag.py:3722} INFO - Setting next_dagrun for example_short_circuit_operator to 2024-06-22T07:20:15.940474+00:00, run_after=2024-06-23T07:20:15.940474+00:00
[2024-06-23T07:20:15.951+0000] {processor.py:179} INFO - Processing /home/airflow/.local/lib/python3.8/site-packages/airflow/example_dags/example_short_circuit_operator.py took 0.045 seconds
[2024-06-23T07:20:46.684+0000] {processor.py:157} INFO - Started process (PID=20380) to work on /home/airflow/.local/lib/python3.8/site-packages/airflow/example_dags/example_short_circuit_operator.py
[2024-06-23T07:20:46.685+0000] {processor.py:829} INFO - Processing file /home/airflow/.local/lib/python3.8/site-packages/airflow/example_dags/example_short_circuit_operator.py for tasks to queue
[2024-06-23T07:20:46.685+0000] {logging_mixin.py:154} INFO - [2024-06-23T07:20:46.685+0000] {dagbag.py:536} INFO - Filling up the DagBag from /home/airflow/.local/lib/python3.8/site-packages/airflow/example_dags/example_short_circuit_operator.py
[2024-06-23T07:20:46.689+0000] {processor.py:839} INFO - DAG(s) dict_keys(['example_short_circuit_operator']) retrieved from /home/airflow/.local/lib/python3.8/site-packages/airflow/example_dags/example_short_circuit_operator.py
[2024-06-23T07:20:46.701+0000] {logging_mixin.py:154} INFO - [2024-06-23T07:20:46.701+0000] {dag.py:2941} INFO - Sync 1 DAGs
[2024-06-23T07:20:46.711+0000] {logging_mixin.py:154} INFO - [2024-06-23T07:20:46.711+0000] {dag.py:3722} INFO - Setting next_dagrun for example_short_circuit_operator to 2024-06-22T07:20:46.710943+00:00, run_after=2024-06-23T07:20:46.710943+00:00
[2024-06-23T07:20:46.719+0000] {processor.py:179} INFO - Processing /home/airflow/.local/lib/python3.8/site-packages/airflow/example_dags/example_short_circuit_operator.py took 0.036 seconds
[2024-06-23T07:21:17.200+0000] {processor.py:157} INFO - Started process (PID=20624) to work on /home/airflow/.local/lib/python3.8/site-packages/airflow/example_dags/example_short_circuit_operator.py
[2024-06-23T07:21:17.202+0000] {processor.py:829} INFO - Processing file /home/airflow/.local/lib/python3.8/site-packages/airflow/example_dags/example_short_circuit_operator.py for tasks to queue
[2024-06-23T07:21:17.202+0000] {logging_mixin.py:154} INFO - [2024-06-23T07:21:17.202+0000] {dagbag.py:536} INFO - Filling up the DagBag from /home/airflow/.local/lib/python3.8/site-packages/airflow/example_dags/example_short_circuit_operator.py
[2024-06-23T07:21:17.208+0000] {processor.py:839} INFO - DAG(s) dict_keys(['example_short_circuit_operator']) retrieved from /home/airflow/.local/lib/python3.8/site-packages/airflow/example_dags/example_short_circuit_operator.py
[2024-06-23T07:21:17.223+0000] {logging_mixin.py:154} INFO - [2024-06-23T07:21:17.222+0000] {dag.py:2941} INFO - Sync 1 DAGs
[2024-06-23T07:21:17.235+0000] {logging_mixin.py:154} INFO - [2024-06-23T07:21:17.235+0000] {dag.py:3722} INFO - Setting next_dagrun for example_short_circuit_operator to 2024-06-22T07:21:17.235167+00:00, run_after=2024-06-23T07:21:17.235167+00:00
[2024-06-23T07:21:17.245+0000] {processor.py:179} INFO - Processing /home/airflow/.local/lib/python3.8/site-packages/airflow/example_dags/example_short_circuit_operator.py took 0.048 seconds
[2024-06-23T07:21:48.175+0000] {processor.py:157} INFO - Started process (PID=20868) to work on /home/airflow/.local/lib/python3.8/site-packages/airflow/example_dags/example_short_circuit_operator.py
[2024-06-23T07:21:48.176+0000] {processor.py:829} INFO - Processing file /home/airflow/.local/lib/python3.8/site-packages/airflow/example_dags/example_short_circuit_operator.py for tasks to queue
[2024-06-23T07:21:48.176+0000] {logging_mixin.py:154} INFO - [2024-06-23T07:21:48.176+0000] {dagbag.py:536} INFO - Filling up the DagBag from /home/airflow/.local/lib/python3.8/site-packages/airflow/example_dags/example_short_circuit_operator.py
[2024-06-23T07:21:48.181+0000] {processor.py:839} INFO - DAG(s) dict_keys(['example_short_circuit_operator']) retrieved from /home/airflow/.local/lib/python3.8/site-packages/airflow/example_dags/example_short_circuit_operator.py
[2024-06-23T07:21:48.192+0000] {logging_mixin.py:154} INFO - [2024-06-23T07:21:48.192+0000] {dag.py:2941} INFO - Sync 1 DAGs
[2024-06-23T07:21:48.203+0000] {logging_mixin.py:154} INFO - [2024-06-23T07:21:48.203+0000] {dag.py:3722} INFO - Setting next_dagrun for example_short_circuit_operator to 2024-06-22T07:21:48.203475+00:00, run_after=2024-06-23T07:21:48.203475+00:00
[2024-06-23T07:21:48.212+0000] {processor.py:179} INFO - Processing /home/airflow/.local/lib/python3.8/site-packages/airflow/example_dags/example_short_circuit_operator.py took 0.039 seconds
[2024-06-23T07:22:18.873+0000] {processor.py:157} INFO - Started process (PID=21112) to work on /home/airflow/.local/lib/python3.8/site-packages/airflow/example_dags/example_short_circuit_operator.py
[2024-06-23T07:22:18.873+0000] {processor.py:829} INFO - Processing file /home/airflow/.local/lib/python3.8/site-packages/airflow/example_dags/example_short_circuit_operator.py for tasks to queue
[2024-06-23T07:22:18.874+0000] {logging_mixin.py:154} INFO - [2024-06-23T07:22:18.874+0000] {dagbag.py:536} INFO - Filling up the DagBag from /home/airflow/.local/lib/python3.8/site-packages/airflow/example_dags/example_short_circuit_operator.py
[2024-06-23T07:22:18.878+0000] {processor.py:839} INFO - DAG(s) dict_keys(['example_short_circuit_operator']) retrieved from /home/airflow/.local/lib/python3.8/site-packages/airflow/example_dags/example_short_circuit_operator.py
[2024-06-23T07:22:18.890+0000] {logging_mixin.py:154} INFO - [2024-06-23T07:22:18.890+0000] {dag.py:2941} INFO - Sync 1 DAGs
[2024-06-23T07:22:18.900+0000] {logging_mixin.py:154} INFO - [2024-06-23T07:22:18.900+0000] {dag.py:3722} INFO - Setting next_dagrun for example_short_circuit_operator to 2024-06-22T07:22:18.900554+00:00, run_after=2024-06-23T07:22:18.900554+00:00
[2024-06-23T07:22:18.910+0000] {processor.py:179} INFO - Processing /home/airflow/.local/lib/python3.8/site-packages/airflow/example_dags/example_short_circuit_operator.py took 0.039 seconds
[2024-06-23T07:22:49.770+0000] {processor.py:157} INFO - Started process (PID=21356) to work on /home/airflow/.local/lib/python3.8/site-packages/airflow/example_dags/example_short_circuit_operator.py
[2024-06-23T07:22:49.771+0000] {processor.py:829} INFO - Processing file /home/airflow/.local/lib/python3.8/site-packages/airflow/example_dags/example_short_circuit_operator.py for tasks to queue
[2024-06-23T07:22:49.771+0000] {logging_mixin.py:154} INFO - [2024-06-23T07:22:49.771+0000] {dagbag.py:536} INFO - Filling up the DagBag from /home/airflow/.local/lib/python3.8/site-packages/airflow/example_dags/example_short_circuit_operator.py
[2024-06-23T07:22:49.775+0000] {processor.py:839} INFO - DAG(s) dict_keys(['example_short_circuit_operator']) retrieved from /home/airflow/.local/lib/python3.8/site-packages/airflow/example_dags/example_short_circuit_operator.py
[2024-06-23T07:22:49.787+0000] {logging_mixin.py:154} INFO - [2024-06-23T07:22:49.787+0000] {dag.py:2941} INFO - Sync 1 DAGs
[2024-06-23T07:22:49.797+0000] {logging_mixin.py:154} INFO - [2024-06-23T07:22:49.796+0000] {dag.py:3722} INFO - Setting next_dagrun for example_short_circuit_operator to 2024-06-22T07:22:49.796878+00:00, run_after=2024-06-23T07:22:49.796878+00:00
[2024-06-23T07:22:49.805+0000] {processor.py:179} INFO - Processing /home/airflow/.local/lib/python3.8/site-packages/airflow/example_dags/example_short_circuit_operator.py took 0.037 seconds
[2024-06-23T07:23:20.492+0000] {processor.py:157} INFO - Started process (PID=21600) to work on /home/airflow/.local/lib/python3.8/site-packages/airflow/example_dags/example_short_circuit_operator.py
[2024-06-23T07:23:20.493+0000] {processor.py:829} INFO - Processing file /home/airflow/.local/lib/python3.8/site-packages/airflow/example_dags/example_short_circuit_operator.py for tasks to queue
[2024-06-23T07:23:20.494+0000] {logging_mixin.py:154} INFO - [2024-06-23T07:23:20.494+0000] {dagbag.py:536} INFO - Filling up the DagBag from /home/airflow/.local/lib/python3.8/site-packages/airflow/example_dags/example_short_circuit_operator.py
[2024-06-23T07:23:20.499+0000] {processor.py:839} INFO - DAG(s) dict_keys(['example_short_circuit_operator']) retrieved from /home/airflow/.local/lib/python3.8/site-packages/airflow/example_dags/example_short_circuit_operator.py
[2024-06-23T07:23:20.513+0000] {logging_mixin.py:154} INFO - [2024-06-23T07:23:20.513+0000] {dag.py:2941} INFO - Sync 1 DAGs
[2024-06-23T07:23:20.526+0000] {logging_mixin.py:154} INFO - [2024-06-23T07:23:20.526+0000] {dag.py:3722} INFO - Setting next_dagrun for example_short_circuit_operator to 2024-06-22T07:23:20.526040+00:00, run_after=2024-06-23T07:23:20.526040+00:00
[2024-06-23T07:23:20.537+0000] {processor.py:179} INFO - Processing /home/airflow/.local/lib/python3.8/site-packages/airflow/example_dags/example_short_circuit_operator.py took 0.047 seconds
[2024-06-23T07:23:51.380+0000] {processor.py:157} INFO - Started process (PID=21844) to work on /home/airflow/.local/lib/python3.8/site-packages/airflow/example_dags/example_short_circuit_operator.py
[2024-06-23T07:23:51.381+0000] {processor.py:829} INFO - Processing file /home/airflow/.local/lib/python3.8/site-packages/airflow/example_dags/example_short_circuit_operator.py for tasks to queue
[2024-06-23T07:23:51.381+0000] {logging_mixin.py:154} INFO - [2024-06-23T07:23:51.381+0000] {dagbag.py:536} INFO - Filling up the DagBag from /home/airflow/.local/lib/python3.8/site-packages/airflow/example_dags/example_short_circuit_operator.py
[2024-06-23T07:23:51.386+0000] {processor.py:839} INFO - DAG(s) dict_keys(['example_short_circuit_operator']) retrieved from /home/airflow/.local/lib/python3.8/site-packages/airflow/example_dags/example_short_circuit_operator.py
[2024-06-23T07:23:51.398+0000] {logging_mixin.py:154} INFO - [2024-06-23T07:23:51.398+0000] {dag.py:2941} INFO - Sync 1 DAGs
[2024-06-23T07:23:51.409+0000] {logging_mixin.py:154} INFO - [2024-06-23T07:23:51.409+0000] {dag.py:3722} INFO - Setting next_dagrun for example_short_circuit_operator to 2024-06-22T07:23:51.408957+00:00, run_after=2024-06-23T07:23:51.408957+00:00
[2024-06-23T07:23:51.418+0000] {processor.py:179} INFO - Processing /home/airflow/.local/lib/python3.8/site-packages/airflow/example_dags/example_short_circuit_operator.py took 0.039 seconds
[2024-06-23T07:24:22.421+0000] {processor.py:157} INFO - Started process (PID=22088) to work on /home/airflow/.local/lib/python3.8/site-packages/airflow/example_dags/example_short_circuit_operator.py
[2024-06-23T07:24:22.421+0000] {processor.py:829} INFO - Processing file /home/airflow/.local/lib/python3.8/site-packages/airflow/example_dags/example_short_circuit_operator.py for tasks to queue
[2024-06-23T07:24:22.422+0000] {logging_mixin.py:154} INFO - [2024-06-23T07:24:22.422+0000] {dagbag.py:536} INFO - Filling up the DagBag from /home/airflow/.local/lib/python3.8/site-packages/airflow/example_dags/example_short_circuit_operator.py
[2024-06-23T07:24:22.427+0000] {processor.py:839} INFO - DAG(s) dict_keys(['example_short_circuit_operator']) retrieved from /home/airflow/.local/lib/python3.8/site-packages/airflow/example_dags/example_short_circuit_operator.py
[2024-06-23T07:24:22.439+0000] {logging_mixin.py:154} INFO - [2024-06-23T07:24:22.439+0000] {dag.py:2941} INFO - Sync 1 DAGs
[2024-06-23T07:24:22.451+0000] {logging_mixin.py:154} INFO - [2024-06-23T07:24:22.450+0000] {dag.py:3722} INFO - Setting next_dagrun for example_short_circuit_operator to 2024-06-22T07:24:22.450780+00:00, run_after=2024-06-23T07:24:22.450780+00:00
[2024-06-23T07:24:22.459+0000] {processor.py:179} INFO - Processing /home/airflow/.local/lib/python3.8/site-packages/airflow/example_dags/example_short_circuit_operator.py took 0.041 seconds
[2024-06-23T07:24:53.369+0000] {processor.py:157} INFO - Started process (PID=22332) to work on /home/airflow/.local/lib/python3.8/site-packages/airflow/example_dags/example_short_circuit_operator.py
[2024-06-23T07:24:53.370+0000] {processor.py:829} INFO - Processing file /home/airflow/.local/lib/python3.8/site-packages/airflow/example_dags/example_short_circuit_operator.py for tasks to queue
[2024-06-23T07:24:53.371+0000] {logging_mixin.py:154} INFO - [2024-06-23T07:24:53.371+0000] {dagbag.py:536} INFO - Filling up the DagBag from /home/airflow/.local/lib/python3.8/site-packages/airflow/example_dags/example_short_circuit_operator.py
[2024-06-23T07:24:53.375+0000] {processor.py:839} INFO - DAG(s) dict_keys(['example_short_circuit_operator']) retrieved from /home/airflow/.local/lib/python3.8/site-packages/airflow/example_dags/example_short_circuit_operator.py
[2024-06-23T07:24:53.386+0000] {logging_mixin.py:154} INFO - [2024-06-23T07:24:53.386+0000] {dag.py:2941} INFO - Sync 1 DAGs
[2024-06-23T07:24:53.398+0000] {logging_mixin.py:154} INFO - [2024-06-23T07:24:53.398+0000] {dag.py:3722} INFO - Setting next_dagrun for example_short_circuit_operator to 2024-06-22T07:24:53.397940+00:00, run_after=2024-06-23T07:24:53.397940+00:00
[2024-06-23T07:24:53.406+0000] {processor.py:179} INFO - Processing /home/airflow/.local/lib/python3.8/site-packages/airflow/example_dags/example_short_circuit_operator.py took 0.039 seconds
[2024-06-23T07:25:23.807+0000] {processor.py:157} INFO - Started process (PID=22576) to work on /home/airflow/.local/lib/python3.8/site-packages/airflow/example_dags/example_short_circuit_operator.py
[2024-06-23T07:25:23.808+0000] {processor.py:829} INFO - Processing file /home/airflow/.local/lib/python3.8/site-packages/airflow/example_dags/example_short_circuit_operator.py for tasks to queue
[2024-06-23T07:25:23.808+0000] {logging_mixin.py:154} INFO - [2024-06-23T07:25:23.808+0000] {dagbag.py:536} INFO - Filling up the DagBag from /home/airflow/.local/lib/python3.8/site-packages/airflow/example_dags/example_short_circuit_operator.py
[2024-06-23T07:25:23.815+0000] {processor.py:839} INFO - DAG(s) dict_keys(['example_short_circuit_operator']) retrieved from /home/airflow/.local/lib/python3.8/site-packages/airflow/example_dags/example_short_circuit_operator.py
[2024-06-23T07:25:23.826+0000] {logging_mixin.py:154} INFO - [2024-06-23T07:25:23.825+0000] {dag.py:2941} INFO - Sync 1 DAGs
[2024-06-23T07:25:23.839+0000] {logging_mixin.py:154} INFO - [2024-06-23T07:25:23.839+0000] {dag.py:3722} INFO - Setting next_dagrun for example_short_circuit_operator to 2024-06-22T07:25:23.839619+00:00, run_after=2024-06-23T07:25:23.839619+00:00
[2024-06-23T07:25:23.851+0000] {processor.py:179} INFO - Processing /home/airflow/.local/lib/python3.8/site-packages/airflow/example_dags/example_short_circuit_operator.py took 0.047 seconds
[2024-06-23T07:25:54.647+0000] {processor.py:157} INFO - Started process (PID=22820) to work on /home/airflow/.local/lib/python3.8/site-packages/airflow/example_dags/example_short_circuit_operator.py
[2024-06-23T07:25:54.648+0000] {processor.py:829} INFO - Processing file /home/airflow/.local/lib/python3.8/site-packages/airflow/example_dags/example_short_circuit_operator.py for tasks to queue
[2024-06-23T07:25:54.648+0000] {logging_mixin.py:154} INFO - [2024-06-23T07:25:54.648+0000] {dagbag.py:536} INFO - Filling up the DagBag from /home/airflow/.local/lib/python3.8/site-packages/airflow/example_dags/example_short_circuit_operator.py
[2024-06-23T07:25:54.653+0000] {processor.py:839} INFO - DAG(s) dict_keys(['example_short_circuit_operator']) retrieved from /home/airflow/.local/lib/python3.8/site-packages/airflow/example_dags/example_short_circuit_operator.py
[2024-06-23T07:25:54.664+0000] {logging_mixin.py:154} INFO - [2024-06-23T07:25:54.664+0000] {dag.py:2941} INFO - Sync 1 DAGs
[2024-06-23T07:25:54.674+0000] {logging_mixin.py:154} INFO - [2024-06-23T07:25:54.674+0000] {dag.py:3722} INFO - Setting next_dagrun for example_short_circuit_operator to 2024-06-22T07:25:54.674202+00:00, run_after=2024-06-23T07:25:54.674202+00:00
[2024-06-23T07:25:54.683+0000] {processor.py:179} INFO - Processing /home/airflow/.local/lib/python3.8/site-packages/airflow/example_dags/example_short_circuit_operator.py took 0.038 seconds
[2024-06-23T07:26:25.547+0000] {processor.py:157} INFO - Started process (PID=23064) to work on /home/airflow/.local/lib/python3.8/site-packages/airflow/example_dags/example_short_circuit_operator.py
[2024-06-23T07:26:25.548+0000] {processor.py:829} INFO - Processing file /home/airflow/.local/lib/python3.8/site-packages/airflow/example_dags/example_short_circuit_operator.py for tasks to queue
[2024-06-23T07:26:25.549+0000] {logging_mixin.py:154} INFO - [2024-06-23T07:26:25.549+0000] {dagbag.py:536} INFO - Filling up the DagBag from /home/airflow/.local/lib/python3.8/site-packages/airflow/example_dags/example_short_circuit_operator.py
[2024-06-23T07:26:25.556+0000] {processor.py:839} INFO - DAG(s) dict_keys(['example_short_circuit_operator']) retrieved from /home/airflow/.local/lib/python3.8/site-packages/airflow/example_dags/example_short_circuit_operator.py
[2024-06-23T07:26:25.568+0000] {logging_mixin.py:154} INFO - [2024-06-23T07:26:25.568+0000] {dag.py:2941} INFO - Sync 1 DAGs
[2024-06-23T07:26:25.580+0000] {logging_mixin.py:154} INFO - [2024-06-23T07:26:25.580+0000] {dag.py:3722} INFO - Setting next_dagrun for example_short_circuit_operator to 2024-06-22T07:26:25.580269+00:00, run_after=2024-06-23T07:26:25.580269+00:00
[2024-06-23T07:26:25.589+0000] {processor.py:179} INFO - Processing /home/airflow/.local/lib/python3.8/site-packages/airflow/example_dags/example_short_circuit_operator.py took 0.045 seconds
[2024-06-23T07:26:56.360+0000] {processor.py:157} INFO - Started process (PID=23308) to work on /home/airflow/.local/lib/python3.8/site-packages/airflow/example_dags/example_short_circuit_operator.py
[2024-06-23T07:26:56.361+0000] {processor.py:829} INFO - Processing file /home/airflow/.local/lib/python3.8/site-packages/airflow/example_dags/example_short_circuit_operator.py for tasks to queue
[2024-06-23T07:26:56.362+0000] {logging_mixin.py:154} INFO - [2024-06-23T07:26:56.362+0000] {dagbag.py:536} INFO - Filling up the DagBag from /home/airflow/.local/lib/python3.8/site-packages/airflow/example_dags/example_short_circuit_operator.py
[2024-06-23T07:26:56.366+0000] {processor.py:839} INFO - DAG(s) dict_keys(['example_short_circuit_operator']) retrieved from /home/airflow/.local/lib/python3.8/site-packages/airflow/example_dags/example_short_circuit_operator.py
[2024-06-23T07:26:56.377+0000] {logging_mixin.py:154} INFO - [2024-06-23T07:26:56.377+0000] {dag.py:2941} INFO - Sync 1 DAGs
[2024-06-23T07:26:56.386+0000] {logging_mixin.py:154} INFO - [2024-06-23T07:26:56.386+0000] {dag.py:3722} INFO - Setting next_dagrun for example_short_circuit_operator to 2024-06-22T07:26:56.386522+00:00, run_after=2024-06-23T07:26:56.386522+00:00
[2024-06-23T07:26:56.394+0000] {processor.py:179} INFO - Processing /home/airflow/.local/lib/python3.8/site-packages/airflow/example_dags/example_short_circuit_operator.py took 0.035 seconds
[2024-06-23T07:27:27.344+0000] {processor.py:157} INFO - Started process (PID=23551) to work on /home/airflow/.local/lib/python3.8/site-packages/airflow/example_dags/example_short_circuit_operator.py
[2024-06-23T07:27:27.344+0000] {processor.py:829} INFO - Processing file /home/airflow/.local/lib/python3.8/site-packages/airflow/example_dags/example_short_circuit_operator.py for tasks to queue
[2024-06-23T07:27:27.345+0000] {logging_mixin.py:154} INFO - [2024-06-23T07:27:27.345+0000] {dagbag.py:536} INFO - Filling up the DagBag from /home/airflow/.local/lib/python3.8/site-packages/airflow/example_dags/example_short_circuit_operator.py
[2024-06-23T07:27:27.350+0000] {processor.py:839} INFO - DAG(s) dict_keys(['example_short_circuit_operator']) retrieved from /home/airflow/.local/lib/python3.8/site-packages/airflow/example_dags/example_short_circuit_operator.py
[2024-06-23T07:27:27.362+0000] {logging_mixin.py:154} INFO - [2024-06-23T07:27:27.362+0000] {dag.py:2941} INFO - Sync 1 DAGs
[2024-06-23T07:27:27.373+0000] {logging_mixin.py:154} INFO - [2024-06-23T07:27:27.373+0000] {dag.py:3722} INFO - Setting next_dagrun for example_short_circuit_operator to 2024-06-22T07:27:27.372872+00:00, run_after=2024-06-23T07:27:27.372872+00:00
[2024-06-23T07:27:27.382+0000] {processor.py:179} INFO - Processing /home/airflow/.local/lib/python3.8/site-packages/airflow/example_dags/example_short_circuit_operator.py took 0.040 seconds
[2024-06-23T07:27:58.142+0000] {processor.py:157} INFO - Started process (PID=23795) to work on /home/airflow/.local/lib/python3.8/site-packages/airflow/example_dags/example_short_circuit_operator.py
[2024-06-23T07:27:58.143+0000] {processor.py:829} INFO - Processing file /home/airflow/.local/lib/python3.8/site-packages/airflow/example_dags/example_short_circuit_operator.py for tasks to queue
[2024-06-23T07:27:58.143+0000] {logging_mixin.py:154} INFO - [2024-06-23T07:27:58.143+0000] {dagbag.py:536} INFO - Filling up the DagBag from /home/airflow/.local/lib/python3.8/site-packages/airflow/example_dags/example_short_circuit_operator.py
[2024-06-23T07:27:58.149+0000] {processor.py:839} INFO - DAG(s) dict_keys(['example_short_circuit_operator']) retrieved from /home/airflow/.local/lib/python3.8/site-packages/airflow/example_dags/example_short_circuit_operator.py
[2024-06-23T07:27:58.162+0000] {logging_mixin.py:154} INFO - [2024-06-23T07:27:58.162+0000] {dag.py:2941} INFO - Sync 1 DAGs
[2024-06-23T07:27:58.173+0000] {logging_mixin.py:154} INFO - [2024-06-23T07:27:58.173+0000] {dag.py:3722} INFO - Setting next_dagrun for example_short_circuit_operator to 2024-06-22T07:27:58.173747+00:00, run_after=2024-06-23T07:27:58.173747+00:00
[2024-06-23T07:27:58.184+0000] {processor.py:179} INFO - Processing /home/airflow/.local/lib/python3.8/site-packages/airflow/example_dags/example_short_circuit_operator.py took 0.044 seconds
[2024-06-23T07:28:29.240+0000] {processor.py:157} INFO - Started process (PID=24039) to work on /home/airflow/.local/lib/python3.8/site-packages/airflow/example_dags/example_short_circuit_operator.py
[2024-06-23T07:28:29.241+0000] {processor.py:829} INFO - Processing file /home/airflow/.local/lib/python3.8/site-packages/airflow/example_dags/example_short_circuit_operator.py for tasks to queue
[2024-06-23T07:28:29.242+0000] {logging_mixin.py:154} INFO - [2024-06-23T07:28:29.242+0000] {dagbag.py:536} INFO - Filling up the DagBag from /home/airflow/.local/lib/python3.8/site-packages/airflow/example_dags/example_short_circuit_operator.py
[2024-06-23T07:28:29.247+0000] {processor.py:839} INFO - DAG(s) dict_keys(['example_short_circuit_operator']) retrieved from /home/airflow/.local/lib/python3.8/site-packages/airflow/example_dags/example_short_circuit_operator.py
[2024-06-23T07:28:29.260+0000] {logging_mixin.py:154} INFO - [2024-06-23T07:28:29.260+0000] {dag.py:2941} INFO - Sync 1 DAGs
[2024-06-23T07:28:29.273+0000] {logging_mixin.py:154} INFO - [2024-06-23T07:28:29.273+0000] {dag.py:3722} INFO - Setting next_dagrun for example_short_circuit_operator to 2024-06-22T07:28:29.273664+00:00, run_after=2024-06-23T07:28:29.273664+00:00
[2024-06-23T07:28:29.286+0000] {processor.py:179} INFO - Processing /home/airflow/.local/lib/python3.8/site-packages/airflow/example_dags/example_short_circuit_operator.py took 0.048 seconds
[2024-06-23T07:29:00.348+0000] {processor.py:157} INFO - Started process (PID=24283) to work on /home/airflow/.local/lib/python3.8/site-packages/airflow/example_dags/example_short_circuit_operator.py
[2024-06-23T07:29:00.349+0000] {processor.py:829} INFO - Processing file /home/airflow/.local/lib/python3.8/site-packages/airflow/example_dags/example_short_circuit_operator.py for tasks to queue
[2024-06-23T07:29:00.350+0000] {logging_mixin.py:154} INFO - [2024-06-23T07:29:00.349+0000] {dagbag.py:536} INFO - Filling up the DagBag from /home/airflow/.local/lib/python3.8/site-packages/airflow/example_dags/example_short_circuit_operator.py
[2024-06-23T07:29:00.355+0000] {processor.py:839} INFO - DAG(s) dict_keys(['example_short_circuit_operator']) retrieved from /home/airflow/.local/lib/python3.8/site-packages/airflow/example_dags/example_short_circuit_operator.py
[2024-06-23T07:29:00.369+0000] {logging_mixin.py:154} INFO - [2024-06-23T07:29:00.369+0000] {dag.py:2941} INFO - Sync 1 DAGs
[2024-06-23T07:29:00.382+0000] {logging_mixin.py:154} INFO - [2024-06-23T07:29:00.382+0000] {dag.py:3722} INFO - Setting next_dagrun for example_short_circuit_operator to 2024-06-22T07:29:00.381904+00:00, run_after=2024-06-23T07:29:00.381904+00:00
[2024-06-23T07:29:00.394+0000] {processor.py:179} INFO - Processing /home/airflow/.local/lib/python3.8/site-packages/airflow/example_dags/example_short_circuit_operator.py took 0.048 seconds
[2024-06-23T07:29:30.539+0000] {processor.py:157} INFO - Started process (PID=24521) to work on /home/airflow/.local/lib/python3.8/site-packages/airflow/example_dags/example_short_circuit_operator.py
[2024-06-23T07:29:30.540+0000] {processor.py:829} INFO - Processing file /home/airflow/.local/lib/python3.8/site-packages/airflow/example_dags/example_short_circuit_operator.py for tasks to queue
[2024-06-23T07:29:30.540+0000] {logging_mixin.py:154} INFO - [2024-06-23T07:29:30.540+0000] {dagbag.py:536} INFO - Filling up the DagBag from /home/airflow/.local/lib/python3.8/site-packages/airflow/example_dags/example_short_circuit_operator.py
[2024-06-23T07:29:30.545+0000] {processor.py:839} INFO - DAG(s) dict_keys(['example_short_circuit_operator']) retrieved from /home/airflow/.local/lib/python3.8/site-packages/airflow/example_dags/example_short_circuit_operator.py
[2024-06-23T07:29:30.556+0000] {logging_mixin.py:154} INFO - [2024-06-23T07:29:30.556+0000] {dag.py:2941} INFO - Sync 1 DAGs
[2024-06-23T07:29:30.567+0000] {logging_mixin.py:154} INFO - [2024-06-23T07:29:30.566+0000] {dag.py:3722} INFO - Setting next_dagrun for example_short_circuit_operator to 2024-06-22T07:29:30.566793+00:00, run_after=2024-06-23T07:29:30.566793+00:00
[2024-06-23T07:29:30.575+0000] {processor.py:179} INFO - Processing /home/airflow/.local/lib/python3.8/site-packages/airflow/example_dags/example_short_circuit_operator.py took 0.038 seconds
[2024-06-23T07:30:00.672+0000] {processor.py:157} INFO - Started process (PID=24765) to work on /home/airflow/.local/lib/python3.8/site-packages/airflow/example_dags/example_short_circuit_operator.py
[2024-06-23T07:30:00.672+0000] {processor.py:829} INFO - Processing file /home/airflow/.local/lib/python3.8/site-packages/airflow/example_dags/example_short_circuit_operator.py for tasks to queue
[2024-06-23T07:30:00.673+0000] {logging_mixin.py:154} INFO - [2024-06-23T07:30:00.673+0000] {dagbag.py:536} INFO - Filling up the DagBag from /home/airflow/.local/lib/python3.8/site-packages/airflow/example_dags/example_short_circuit_operator.py
[2024-06-23T07:30:00.677+0000] {processor.py:839} INFO - DAG(s) dict_keys(['example_short_circuit_operator']) retrieved from /home/airflow/.local/lib/python3.8/site-packages/airflow/example_dags/example_short_circuit_operator.py
[2024-06-23T07:30:00.689+0000] {logging_mixin.py:154} INFO - [2024-06-23T07:30:00.689+0000] {dag.py:2941} INFO - Sync 1 DAGs
[2024-06-23T07:30:00.699+0000] {logging_mixin.py:154} INFO - [2024-06-23T07:30:00.699+0000] {dag.py:3722} INFO - Setting next_dagrun for example_short_circuit_operator to 2024-06-22T07:30:00.699750+00:00, run_after=2024-06-23T07:30:00.699750+00:00
[2024-06-23T07:30:00.711+0000] {processor.py:179} INFO - Processing /home/airflow/.local/lib/python3.8/site-packages/airflow/example_dags/example_short_circuit_operator.py took 0.041 seconds
[2024-06-23T07:30:31.609+0000] {processor.py:157} INFO - Started process (PID=25009) to work on /home/airflow/.local/lib/python3.8/site-packages/airflow/example_dags/example_short_circuit_operator.py
[2024-06-23T07:30:31.610+0000] {processor.py:829} INFO - Processing file /home/airflow/.local/lib/python3.8/site-packages/airflow/example_dags/example_short_circuit_operator.py for tasks to queue
[2024-06-23T07:30:31.611+0000] {logging_mixin.py:154} INFO - [2024-06-23T07:30:31.611+0000] {dagbag.py:536} INFO - Filling up the DagBag from /home/airflow/.local/lib/python3.8/site-packages/airflow/example_dags/example_short_circuit_operator.py
[2024-06-23T07:30:31.616+0000] {processor.py:839} INFO - DAG(s) dict_keys(['example_short_circuit_operator']) retrieved from /home/airflow/.local/lib/python3.8/site-packages/airflow/example_dags/example_short_circuit_operator.py
[2024-06-23T07:30:31.628+0000] {logging_mixin.py:154} INFO - [2024-06-23T07:30:31.627+0000] {dag.py:2941} INFO - Sync 1 DAGs
[2024-06-23T07:30:31.639+0000] {logging_mixin.py:154} INFO - [2024-06-23T07:30:31.639+0000] {dag.py:3722} INFO - Setting next_dagrun for example_short_circuit_operator to 2024-06-22T07:30:31.638951+00:00, run_after=2024-06-23T07:30:31.638951+00:00
[2024-06-23T07:30:31.648+0000] {processor.py:179} INFO - Processing /home/airflow/.local/lib/python3.8/site-packages/airflow/example_dags/example_short_circuit_operator.py took 0.040 seconds
