[2024-06-23T01:24:24.278+0000] {processor.py:157} INFO - Started process (PID=13168) to work on /home/airflow/.local/lib/python3.8/site-packages/airflow/example_dags/example_branch_operator.py
[2024-06-23T01:24:24.280+0000] {processor.py:829} INFO - Processing file /home/airflow/.local/lib/python3.8/site-packages/airflow/example_dags/example_branch_operator.py for tasks to queue
[2024-06-23T01:24:24.281+0000] {logging_mixin.py:154} INFO - [2024-06-23T01:24:24.280+0000] {dagbag.py:536} INFO - Filling up the DagBag from /home/airflow/.local/lib/python3.8/site-packages/airflow/example_dags/example_branch_operator.py
[2024-06-23T01:24:24.287+0000] {processor.py:839} INFO - DAG(s) dict_keys(['example_branch_operator']) retrieved from /home/airflow/.local/lib/python3.8/site-packages/airflow/example_dags/example_branch_operator.py
[2024-06-23T01:24:24.312+0000] {logging_mixin.py:154} INFO - [2024-06-23T01:24:24.312+0000] {dag.py:2941} INFO - Sync 1 DAGs
[2024-06-23T01:24:24.332+0000] {logging_mixin.py:154} INFO - [2024-06-23T01:24:24.332+0000] {dag.py:3722} INFO - Setting next_dagrun for example_branch_operator to 2024-06-22T00:00:00+00:00, run_after=2024-06-23T00:00:00+00:00
[2024-06-23T01:24:24.349+0000] {processor.py:179} INFO - Processing /home/airflow/.local/lib/python3.8/site-packages/airflow/example_dags/example_branch_operator.py took 0.074 seconds
[2024-06-23T02:48:33.112+0000] {processor.py:157} INFO - Started process (PID=13411) to work on /home/airflow/.local/lib/python3.8/site-packages/airflow/example_dags/example_branch_operator.py
[2024-06-23T02:48:33.113+0000] {processor.py:829} INFO - Processing file /home/airflow/.local/lib/python3.8/site-packages/airflow/example_dags/example_branch_operator.py for tasks to queue
[2024-06-23T02:48:33.113+0000] {logging_mixin.py:154} INFO - [2024-06-23T02:48:33.113+0000] {dagbag.py:536} INFO - Filling up the DagBag from /home/airflow/.local/lib/python3.8/site-packages/airflow/example_dags/example_branch_operator.py
[2024-06-23T02:48:33.119+0000] {processor.py:839} INFO - DAG(s) dict_keys(['example_branch_operator']) retrieved from /home/airflow/.local/lib/python3.8/site-packages/airflow/example_dags/example_branch_operator.py
[2024-06-23T02:48:33.133+0000] {logging_mixin.py:154} INFO - [2024-06-23T02:48:33.133+0000] {dag.py:2941} INFO - Sync 1 DAGs
[2024-06-23T02:48:33.147+0000] {logging_mixin.py:154} INFO - [2024-06-23T02:48:33.146+0000] {dag.py:3722} INFO - Setting next_dagrun for example_branch_operator to 2024-06-22T00:00:00+00:00, run_after=2024-06-23T00:00:00+00:00
[2024-06-23T02:48:33.159+0000] {processor.py:179} INFO - Processing /home/airflow/.local/lib/python3.8/site-packages/airflow/example_dags/example_branch_operator.py took 0.050 seconds
[2024-06-23T04:09:04.099+0000] {processor.py:157} INFO - Started process (PID=13657) to work on /home/airflow/.local/lib/python3.8/site-packages/airflow/example_dags/example_branch_operator.py
[2024-06-23T04:09:04.100+0000] {processor.py:829} INFO - Processing file /home/airflow/.local/lib/python3.8/site-packages/airflow/example_dags/example_branch_operator.py for tasks to queue
[2024-06-23T04:09:04.100+0000] {logging_mixin.py:154} INFO - [2024-06-23T04:09:04.100+0000] {dagbag.py:536} INFO - Filling up the DagBag from /home/airflow/.local/lib/python3.8/site-packages/airflow/example_dags/example_branch_operator.py
[2024-06-23T04:09:04.106+0000] {processor.py:839} INFO - DAG(s) dict_keys(['example_branch_operator']) retrieved from /home/airflow/.local/lib/python3.8/site-packages/airflow/example_dags/example_branch_operator.py
[2024-06-23T04:09:04.120+0000] {logging_mixin.py:154} INFO - [2024-06-23T04:09:04.120+0000] {dag.py:2941} INFO - Sync 1 DAGs
[2024-06-23T04:09:04.133+0000] {logging_mixin.py:154} INFO - [2024-06-23T04:09:04.133+0000] {dag.py:3722} INFO - Setting next_dagrun for example_branch_operator to 2024-06-22T00:00:00+00:00, run_after=2024-06-23T00:00:00+00:00
[2024-06-23T04:09:04.144+0000] {processor.py:179} INFO - Processing /home/airflow/.local/lib/python3.8/site-packages/airflow/example_dags/example_branch_operator.py took 0.047 seconds
[2024-06-23T05:49:42.948+0000] {processor.py:157} INFO - Started process (PID=13903) to work on /home/airflow/.local/lib/python3.8/site-packages/airflow/example_dags/example_branch_operator.py
[2024-06-23T05:49:42.949+0000] {processor.py:829} INFO - Processing file /home/airflow/.local/lib/python3.8/site-packages/airflow/example_dags/example_branch_operator.py for tasks to queue
[2024-06-23T05:49:42.950+0000] {logging_mixin.py:154} INFO - [2024-06-23T05:49:42.950+0000] {dagbag.py:536} INFO - Filling up the DagBag from /home/airflow/.local/lib/python3.8/site-packages/airflow/example_dags/example_branch_operator.py
[2024-06-23T05:49:42.956+0000] {processor.py:839} INFO - DAG(s) dict_keys(['example_branch_operator']) retrieved from /home/airflow/.local/lib/python3.8/site-packages/airflow/example_dags/example_branch_operator.py
[2024-06-23T05:49:42.974+0000] {logging_mixin.py:154} INFO - [2024-06-23T05:49:42.974+0000] {dag.py:2941} INFO - Sync 1 DAGs
[2024-06-23T05:49:42.988+0000] {logging_mixin.py:154} INFO - [2024-06-23T05:49:42.988+0000] {dag.py:3722} INFO - Setting next_dagrun for example_branch_operator to 2024-06-22T00:00:00+00:00, run_after=2024-06-23T00:00:00+00:00
[2024-06-23T05:49:43.004+0000] {processor.py:179} INFO - Processing /home/airflow/.local/lib/python3.8/site-packages/airflow/example_dags/example_branch_operator.py took 0.057 seconds
[2024-06-23T07:07:59.035+0000] {processor.py:157} INFO - Started process (PID=14156) to work on /home/airflow/.local/lib/python3.8/site-packages/airflow/example_dags/example_branch_operator.py
[2024-06-23T07:07:59.037+0000] {processor.py:829} INFO - Processing file /home/airflow/.local/lib/python3.8/site-packages/airflow/example_dags/example_branch_operator.py for tasks to queue
[2024-06-23T07:07:59.038+0000] {logging_mixin.py:154} INFO - [2024-06-23T07:07:59.038+0000] {dagbag.py:536} INFO - Filling up the DagBag from /home/airflow/.local/lib/python3.8/site-packages/airflow/example_dags/example_branch_operator.py
[2024-06-23T07:07:59.045+0000] {processor.py:839} INFO - DAG(s) dict_keys(['example_branch_operator']) retrieved from /home/airflow/.local/lib/python3.8/site-packages/airflow/example_dags/example_branch_operator.py
[2024-06-23T07:07:59.063+0000] {logging_mixin.py:154} INFO - [2024-06-23T07:07:59.063+0000] {dag.py:2941} INFO - Sync 1 DAGs
[2024-06-23T07:07:59.078+0000] {logging_mixin.py:154} INFO - [2024-06-23T07:07:59.078+0000] {dag.py:3722} INFO - Setting next_dagrun for example_branch_operator to 2024-06-22T00:00:00+00:00, run_after=2024-06-23T00:00:00+00:00
[2024-06-23T07:07:59.099+0000] {processor.py:179} INFO - Processing /home/airflow/.local/lib/python3.8/site-packages/airflow/example_dags/example_branch_operator.py took 0.066 seconds
[2024-06-23T07:08:30.041+0000] {processor.py:157} INFO - Started process (PID=14402) to work on /home/airflow/.local/lib/python3.8/site-packages/airflow/example_dags/example_branch_operator.py
[2024-06-23T07:08:30.043+0000] {processor.py:829} INFO - Processing file /home/airflow/.local/lib/python3.8/site-packages/airflow/example_dags/example_branch_operator.py for tasks to queue
[2024-06-23T07:08:30.045+0000] {logging_mixin.py:154} INFO - [2024-06-23T07:08:30.045+0000] {dagbag.py:536} INFO - Filling up the DagBag from /home/airflow/.local/lib/python3.8/site-packages/airflow/example_dags/example_branch_operator.py
[2024-06-23T07:08:30.055+0000] {processor.py:839} INFO - DAG(s) dict_keys(['example_branch_operator']) retrieved from /home/airflow/.local/lib/python3.8/site-packages/airflow/example_dags/example_branch_operator.py
[2024-06-23T07:08:30.094+0000] {logging_mixin.py:154} INFO - [2024-06-23T07:08:30.094+0000] {dag.py:2941} INFO - Sync 1 DAGs
[2024-06-23T07:08:30.115+0000] {logging_mixin.py:154} INFO - [2024-06-23T07:08:30.115+0000] {dag.py:3722} INFO - Setting next_dagrun for example_branch_operator to 2024-06-22T00:00:00+00:00, run_after=2024-06-23T00:00:00+00:00
[2024-06-23T07:08:30.133+0000] {processor.py:179} INFO - Processing /home/airflow/.local/lib/python3.8/site-packages/airflow/example_dags/example_branch_operator.py took 0.095 seconds
[2024-06-23T07:09:00.441+0000] {processor.py:157} INFO - Started process (PID=14646) to work on /home/airflow/.local/lib/python3.8/site-packages/airflow/example_dags/example_branch_operator.py
[2024-06-23T07:09:00.443+0000] {processor.py:829} INFO - Processing file /home/airflow/.local/lib/python3.8/site-packages/airflow/example_dags/example_branch_operator.py for tasks to queue
[2024-06-23T07:09:00.444+0000] {logging_mixin.py:154} INFO - [2024-06-23T07:09:00.444+0000] {dagbag.py:536} INFO - Filling up the DagBag from /home/airflow/.local/lib/python3.8/site-packages/airflow/example_dags/example_branch_operator.py
[2024-06-23T07:09:00.452+0000] {processor.py:839} INFO - DAG(s) dict_keys(['example_branch_operator']) retrieved from /home/airflow/.local/lib/python3.8/site-packages/airflow/example_dags/example_branch_operator.py
[2024-06-23T07:09:00.472+0000] {logging_mixin.py:154} INFO - [2024-06-23T07:09:00.472+0000] {dag.py:2941} INFO - Sync 1 DAGs
[2024-06-23T07:09:00.490+0000] {logging_mixin.py:154} INFO - [2024-06-23T07:09:00.490+0000] {dag.py:3722} INFO - Setting next_dagrun for example_branch_operator to 2024-06-22T00:00:00+00:00, run_after=2024-06-23T00:00:00+00:00
[2024-06-23T07:09:00.507+0000] {processor.py:179} INFO - Processing /home/airflow/.local/lib/python3.8/site-packages/airflow/example_dags/example_branch_operator.py took 0.068 seconds
[2024-06-23T07:09:30.567+0000] {processor.py:157} INFO - Started process (PID=14890) to work on /home/airflow/.local/lib/python3.8/site-packages/airflow/example_dags/example_branch_operator.py
[2024-06-23T07:09:30.567+0000] {processor.py:829} INFO - Processing file /home/airflow/.local/lib/python3.8/site-packages/airflow/example_dags/example_branch_operator.py for tasks to queue
[2024-06-23T07:09:30.568+0000] {logging_mixin.py:154} INFO - [2024-06-23T07:09:30.568+0000] {dagbag.py:536} INFO - Filling up the DagBag from /home/airflow/.local/lib/python3.8/site-packages/airflow/example_dags/example_branch_operator.py
[2024-06-23T07:09:30.575+0000] {processor.py:839} INFO - DAG(s) dict_keys(['example_branch_operator']) retrieved from /home/airflow/.local/lib/python3.8/site-packages/airflow/example_dags/example_branch_operator.py
[2024-06-23T07:09:30.589+0000] {logging_mixin.py:154} INFO - [2024-06-23T07:09:30.589+0000] {dag.py:2941} INFO - Sync 1 DAGs
[2024-06-23T07:09:30.601+0000] {logging_mixin.py:154} INFO - [2024-06-23T07:09:30.601+0000] {dag.py:3722} INFO - Setting next_dagrun for example_branch_operator to 2024-06-22T00:00:00+00:00, run_after=2024-06-23T00:00:00+00:00
[2024-06-23T07:09:30.610+0000] {processor.py:179} INFO - Processing /home/airflow/.local/lib/python3.8/site-packages/airflow/example_dags/example_branch_operator.py took 0.046 seconds
[2024-06-23T07:10:00.735+0000] {processor.py:157} INFO - Started process (PID=15132) to work on /home/airflow/.local/lib/python3.8/site-packages/airflow/example_dags/example_branch_operator.py
[2024-06-23T07:10:00.736+0000] {processor.py:829} INFO - Processing file /home/airflow/.local/lib/python3.8/site-packages/airflow/example_dags/example_branch_operator.py for tasks to queue
[2024-06-23T07:10:00.736+0000] {logging_mixin.py:154} INFO - [2024-06-23T07:10:00.736+0000] {dagbag.py:536} INFO - Filling up the DagBag from /home/airflow/.local/lib/python3.8/site-packages/airflow/example_dags/example_branch_operator.py
[2024-06-23T07:10:00.743+0000] {processor.py:839} INFO - DAG(s) dict_keys(['example_branch_operator']) retrieved from /home/airflow/.local/lib/python3.8/site-packages/airflow/example_dags/example_branch_operator.py
[2024-06-23T07:10:00.761+0000] {logging_mixin.py:154} INFO - [2024-06-23T07:10:00.761+0000] {dag.py:2941} INFO - Sync 1 DAGs
[2024-06-23T07:10:00.776+0000] {logging_mixin.py:154} INFO - [2024-06-23T07:10:00.776+0000] {dag.py:3722} INFO - Setting next_dagrun for example_branch_operator to 2024-06-22T00:00:00+00:00, run_after=2024-06-23T00:00:00+00:00
[2024-06-23T07:10:00.788+0000] {processor.py:179} INFO - Processing /home/airflow/.local/lib/python3.8/site-packages/airflow/example_dags/example_branch_operator.py took 0.056 seconds
[2024-06-23T07:10:32.585+0000] {processor.py:157} INFO - Started process (PID=15385) to work on /home/airflow/.local/lib/python3.8/site-packages/airflow/example_dags/example_branch_operator.py
[2024-06-23T07:10:32.597+0000] {processor.py:829} INFO - Processing file /home/airflow/.local/lib/python3.8/site-packages/airflow/example_dags/example_branch_operator.py for tasks to queue
[2024-06-23T07:10:32.602+0000] {logging_mixin.py:154} INFO - [2024-06-23T07:10:32.601+0000] {dagbag.py:536} INFO - Filling up the DagBag from /home/airflow/.local/lib/python3.8/site-packages/airflow/example_dags/example_branch_operator.py
[2024-06-23T07:10:32.639+0000] {processor.py:839} INFO - DAG(s) dict_keys(['example_branch_operator']) retrieved from /home/airflow/.local/lib/python3.8/site-packages/airflow/example_dags/example_branch_operator.py
[2024-06-23T07:10:32.674+0000] {logging_mixin.py:154} INFO - [2024-06-23T07:10:32.673+0000] {dag.py:2941} INFO - Sync 1 DAGs
[2024-06-23T07:10:32.708+0000] {logging_mixin.py:154} INFO - [2024-06-23T07:10:32.708+0000] {dag.py:3722} INFO - Setting next_dagrun for example_branch_operator to 2024-06-22T00:00:00+00:00, run_after=2024-06-23T00:00:00+00:00
[2024-06-23T07:10:32.726+0000] {processor.py:179} INFO - Processing /home/airflow/.local/lib/python3.8/site-packages/airflow/example_dags/example_branch_operator.py took 0.172 seconds
[2024-06-23T07:11:03.210+0000] {processor.py:157} INFO - Started process (PID=15629) to work on /home/airflow/.local/lib/python3.8/site-packages/airflow/example_dags/example_branch_operator.py
[2024-06-23T07:11:03.212+0000] {processor.py:829} INFO - Processing file /home/airflow/.local/lib/python3.8/site-packages/airflow/example_dags/example_branch_operator.py for tasks to queue
[2024-06-23T07:11:03.213+0000] {logging_mixin.py:154} INFO - [2024-06-23T07:11:03.213+0000] {dagbag.py:536} INFO - Filling up the DagBag from /home/airflow/.local/lib/python3.8/site-packages/airflow/example_dags/example_branch_operator.py
[2024-06-23T07:11:03.222+0000] {processor.py:839} INFO - DAG(s) dict_keys(['example_branch_operator']) retrieved from /home/airflow/.local/lib/python3.8/site-packages/airflow/example_dags/example_branch_operator.py
[2024-06-23T07:11:03.246+0000] {logging_mixin.py:154} INFO - [2024-06-23T07:11:03.245+0000] {dag.py:2941} INFO - Sync 1 DAGs
[2024-06-23T07:11:03.265+0000] {logging_mixin.py:154} INFO - [2024-06-23T07:11:03.265+0000] {dag.py:3722} INFO - Setting next_dagrun for example_branch_operator to 2024-06-22T00:00:00+00:00, run_after=2024-06-23T00:00:00+00:00
[2024-06-23T07:11:03.287+0000] {processor.py:179} INFO - Processing /home/airflow/.local/lib/python3.8/site-packages/airflow/example_dags/example_branch_operator.py took 0.081 seconds
[2024-06-23T07:11:33.807+0000] {processor.py:157} INFO - Started process (PID=15871) to work on /home/airflow/.local/lib/python3.8/site-packages/airflow/example_dags/example_branch_operator.py
[2024-06-23T07:11:33.808+0000] {processor.py:829} INFO - Processing file /home/airflow/.local/lib/python3.8/site-packages/airflow/example_dags/example_branch_operator.py for tasks to queue
[2024-06-23T07:11:33.809+0000] {logging_mixin.py:154} INFO - [2024-06-23T07:11:33.809+0000] {dagbag.py:536} INFO - Filling up the DagBag from /home/airflow/.local/lib/python3.8/site-packages/airflow/example_dags/example_branch_operator.py
[2024-06-23T07:11:33.815+0000] {processor.py:839} INFO - DAG(s) dict_keys(['example_branch_operator']) retrieved from /home/airflow/.local/lib/python3.8/site-packages/airflow/example_dags/example_branch_operator.py
[2024-06-23T07:11:33.830+0000] {logging_mixin.py:154} INFO - [2024-06-23T07:11:33.830+0000] {dag.py:2941} INFO - Sync 1 DAGs
[2024-06-23T07:11:33.844+0000] {logging_mixin.py:154} INFO - [2024-06-23T07:11:33.844+0000] {dag.py:3722} INFO - Setting next_dagrun for example_branch_operator to 2024-06-22T00:00:00+00:00, run_after=2024-06-23T00:00:00+00:00
[2024-06-23T07:11:33.857+0000] {processor.py:179} INFO - Processing /home/airflow/.local/lib/python3.8/site-packages/airflow/example_dags/example_branch_operator.py took 0.051 seconds
[2024-06-23T07:12:04.258+0000] {processor.py:157} INFO - Started process (PID=16117) to work on /home/airflow/.local/lib/python3.8/site-packages/airflow/example_dags/example_branch_operator.py
[2024-06-23T07:12:04.260+0000] {processor.py:829} INFO - Processing file /home/airflow/.local/lib/python3.8/site-packages/airflow/example_dags/example_branch_operator.py for tasks to queue
[2024-06-23T07:12:04.263+0000] {logging_mixin.py:154} INFO - [2024-06-23T07:12:04.262+0000] {dagbag.py:536} INFO - Filling up the DagBag from /home/airflow/.local/lib/python3.8/site-packages/airflow/example_dags/example_branch_operator.py
[2024-06-23T07:12:04.270+0000] {processor.py:839} INFO - DAG(s) dict_keys(['example_branch_operator']) retrieved from /home/airflow/.local/lib/python3.8/site-packages/airflow/example_dags/example_branch_operator.py
[2024-06-23T07:12:04.293+0000] {logging_mixin.py:154} INFO - [2024-06-23T07:12:04.292+0000] {dag.py:2941} INFO - Sync 1 DAGs
[2024-06-23T07:12:04.322+0000] {logging_mixin.py:154} INFO - [2024-06-23T07:12:04.322+0000] {dag.py:3722} INFO - Setting next_dagrun for example_branch_operator to 2024-06-22T00:00:00+00:00, run_after=2024-06-23T00:00:00+00:00
[2024-06-23T07:12:04.336+0000] {processor.py:179} INFO - Processing /home/airflow/.local/lib/python3.8/site-packages/airflow/example_dags/example_branch_operator.py took 0.081 seconds
[2024-06-23T07:12:35.018+0000] {processor.py:157} INFO - Started process (PID=16359) to work on /home/airflow/.local/lib/python3.8/site-packages/airflow/example_dags/example_branch_operator.py
[2024-06-23T07:12:35.019+0000] {processor.py:829} INFO - Processing file /home/airflow/.local/lib/python3.8/site-packages/airflow/example_dags/example_branch_operator.py for tasks to queue
[2024-06-23T07:12:35.020+0000] {logging_mixin.py:154} INFO - [2024-06-23T07:12:35.020+0000] {dagbag.py:536} INFO - Filling up the DagBag from /home/airflow/.local/lib/python3.8/site-packages/airflow/example_dags/example_branch_operator.py
[2024-06-23T07:12:35.028+0000] {processor.py:839} INFO - DAG(s) dict_keys(['example_branch_operator']) retrieved from /home/airflow/.local/lib/python3.8/site-packages/airflow/example_dags/example_branch_operator.py
[2024-06-23T07:12:35.046+0000] {logging_mixin.py:154} INFO - [2024-06-23T07:12:35.046+0000] {dag.py:2941} INFO - Sync 1 DAGs
[2024-06-23T07:12:35.068+0000] {logging_mixin.py:154} INFO - [2024-06-23T07:12:35.068+0000] {dag.py:3722} INFO - Setting next_dagrun for example_branch_operator to 2024-06-22T00:00:00+00:00, run_after=2024-06-23T00:00:00+00:00
[2024-06-23T07:12:35.092+0000] {processor.py:179} INFO - Processing /home/airflow/.local/lib/python3.8/site-packages/airflow/example_dags/example_branch_operator.py took 0.077 seconds
[2024-06-23T07:13:05.231+0000] {processor.py:157} INFO - Started process (PID=16603) to work on /home/airflow/.local/lib/python3.8/site-packages/airflow/example_dags/example_branch_operator.py
[2024-06-23T07:13:05.232+0000] {processor.py:829} INFO - Processing file /home/airflow/.local/lib/python3.8/site-packages/airflow/example_dags/example_branch_operator.py for tasks to queue
[2024-06-23T07:13:05.233+0000] {logging_mixin.py:154} INFO - [2024-06-23T07:13:05.232+0000] {dagbag.py:536} INFO - Filling up the DagBag from /home/airflow/.local/lib/python3.8/site-packages/airflow/example_dags/example_branch_operator.py
[2024-06-23T07:13:05.238+0000] {processor.py:839} INFO - DAG(s) dict_keys(['example_branch_operator']) retrieved from /home/airflow/.local/lib/python3.8/site-packages/airflow/example_dags/example_branch_operator.py
[2024-06-23T07:13:05.253+0000] {logging_mixin.py:154} INFO - [2024-06-23T07:13:05.252+0000] {dag.py:2941} INFO - Sync 1 DAGs
[2024-06-23T07:13:05.266+0000] {logging_mixin.py:154} INFO - [2024-06-23T07:13:05.265+0000] {dag.py:3722} INFO - Setting next_dagrun for example_branch_operator to 2024-06-22T00:00:00+00:00, run_after=2024-06-23T00:00:00+00:00
[2024-06-23T07:13:05.276+0000] {processor.py:179} INFO - Processing /home/airflow/.local/lib/python3.8/site-packages/airflow/example_dags/example_branch_operator.py took 0.047 seconds
[2024-06-23T07:13:36.025+0000] {processor.py:157} INFO - Started process (PID=16847) to work on /home/airflow/.local/lib/python3.8/site-packages/airflow/example_dags/example_branch_operator.py
[2024-06-23T07:13:36.027+0000] {processor.py:829} INFO - Processing file /home/airflow/.local/lib/python3.8/site-packages/airflow/example_dags/example_branch_operator.py for tasks to queue
[2024-06-23T07:13:36.030+0000] {logging_mixin.py:154} INFO - [2024-06-23T07:13:36.030+0000] {dagbag.py:536} INFO - Filling up the DagBag from /home/airflow/.local/lib/python3.8/site-packages/airflow/example_dags/example_branch_operator.py
[2024-06-23T07:13:36.038+0000] {processor.py:839} INFO - DAG(s) dict_keys(['example_branch_operator']) retrieved from /home/airflow/.local/lib/python3.8/site-packages/airflow/example_dags/example_branch_operator.py
[2024-06-23T07:13:36.054+0000] {logging_mixin.py:154} INFO - [2024-06-23T07:13:36.054+0000] {dag.py:2941} INFO - Sync 1 DAGs
[2024-06-23T07:13:36.068+0000] {logging_mixin.py:154} INFO - [2024-06-23T07:13:36.068+0000] {dag.py:3722} INFO - Setting next_dagrun for example_branch_operator to 2024-06-22T00:00:00+00:00, run_after=2024-06-23T00:00:00+00:00
[2024-06-23T07:13:36.081+0000] {processor.py:179} INFO - Processing /home/airflow/.local/lib/python3.8/site-packages/airflow/example_dags/example_branch_operator.py took 0.059 seconds
[2024-06-23T07:14:07.147+0000] {processor.py:157} INFO - Started process (PID=17092) to work on /home/airflow/.local/lib/python3.8/site-packages/airflow/example_dags/example_branch_operator.py
[2024-06-23T07:14:07.148+0000] {processor.py:829} INFO - Processing file /home/airflow/.local/lib/python3.8/site-packages/airflow/example_dags/example_branch_operator.py for tasks to queue
[2024-06-23T07:14:07.150+0000] {logging_mixin.py:154} INFO - [2024-06-23T07:14:07.150+0000] {dagbag.py:536} INFO - Filling up the DagBag from /home/airflow/.local/lib/python3.8/site-packages/airflow/example_dags/example_branch_operator.py
[2024-06-23T07:14:07.157+0000] {processor.py:839} INFO - DAG(s) dict_keys(['example_branch_operator']) retrieved from /home/airflow/.local/lib/python3.8/site-packages/airflow/example_dags/example_branch_operator.py
[2024-06-23T07:14:07.175+0000] {logging_mixin.py:154} INFO - [2024-06-23T07:14:07.175+0000] {dag.py:2941} INFO - Sync 1 DAGs
[2024-06-23T07:14:07.190+0000] {logging_mixin.py:154} INFO - [2024-06-23T07:14:07.190+0000] {dag.py:3722} INFO - Setting next_dagrun for example_branch_operator to 2024-06-22T00:00:00+00:00, run_after=2024-06-23T00:00:00+00:00
[2024-06-23T07:14:07.202+0000] {processor.py:179} INFO - Processing /home/airflow/.local/lib/python3.8/site-packages/airflow/example_dags/example_branch_operator.py took 0.058 seconds
[2024-06-23T07:14:37.340+0000] {processor.py:157} INFO - Started process (PID=17335) to work on /home/airflow/.local/lib/python3.8/site-packages/airflow/example_dags/example_branch_operator.py
[2024-06-23T07:14:37.341+0000] {processor.py:829} INFO - Processing file /home/airflow/.local/lib/python3.8/site-packages/airflow/example_dags/example_branch_operator.py for tasks to queue
[2024-06-23T07:14:37.342+0000] {logging_mixin.py:154} INFO - [2024-06-23T07:14:37.342+0000] {dagbag.py:536} INFO - Filling up the DagBag from /home/airflow/.local/lib/python3.8/site-packages/airflow/example_dags/example_branch_operator.py
[2024-06-23T07:14:37.349+0000] {processor.py:839} INFO - DAG(s) dict_keys(['example_branch_operator']) retrieved from /home/airflow/.local/lib/python3.8/site-packages/airflow/example_dags/example_branch_operator.py
[2024-06-23T07:14:37.371+0000] {logging_mixin.py:154} INFO - [2024-06-23T07:14:37.371+0000] {dag.py:2941} INFO - Sync 1 DAGs
[2024-06-23T07:14:37.393+0000] {logging_mixin.py:154} INFO - [2024-06-23T07:14:37.392+0000] {dag.py:3722} INFO - Setting next_dagrun for example_branch_operator to 2024-06-22T00:00:00+00:00, run_after=2024-06-23T00:00:00+00:00
[2024-06-23T07:14:37.415+0000] {processor.py:179} INFO - Processing /home/airflow/.local/lib/python3.8/site-packages/airflow/example_dags/example_branch_operator.py took 0.077 seconds
[2024-06-23T07:15:08.078+0000] {processor.py:157} INFO - Started process (PID=17579) to work on /home/airflow/.local/lib/python3.8/site-packages/airflow/example_dags/example_branch_operator.py
[2024-06-23T07:15:08.079+0000] {processor.py:829} INFO - Processing file /home/airflow/.local/lib/python3.8/site-packages/airflow/example_dags/example_branch_operator.py for tasks to queue
[2024-06-23T07:15:08.081+0000] {logging_mixin.py:154} INFO - [2024-06-23T07:15:08.081+0000] {dagbag.py:536} INFO - Filling up the DagBag from /home/airflow/.local/lib/python3.8/site-packages/airflow/example_dags/example_branch_operator.py
[2024-06-23T07:15:08.089+0000] {processor.py:839} INFO - DAG(s) dict_keys(['example_branch_operator']) retrieved from /home/airflow/.local/lib/python3.8/site-packages/airflow/example_dags/example_branch_operator.py
[2024-06-23T07:15:08.113+0000] {logging_mixin.py:154} INFO - [2024-06-23T07:15:08.113+0000] {dag.py:2941} INFO - Sync 1 DAGs
[2024-06-23T07:15:08.129+0000] {logging_mixin.py:154} INFO - [2024-06-23T07:15:08.128+0000] {dag.py:3722} INFO - Setting next_dagrun for example_branch_operator to 2024-06-22T00:00:00+00:00, run_after=2024-06-23T00:00:00+00:00
[2024-06-23T07:15:08.144+0000] {processor.py:179} INFO - Processing /home/airflow/.local/lib/python3.8/site-packages/airflow/example_dags/example_branch_operator.py took 0.070 seconds
[2024-06-23T07:15:39.173+0000] {processor.py:157} INFO - Started process (PID=17823) to work on /home/airflow/.local/lib/python3.8/site-packages/airflow/example_dags/example_branch_operator.py
[2024-06-23T07:15:39.174+0000] {processor.py:829} INFO - Processing file /home/airflow/.local/lib/python3.8/site-packages/airflow/example_dags/example_branch_operator.py for tasks to queue
[2024-06-23T07:15:39.175+0000] {logging_mixin.py:154} INFO - [2024-06-23T07:15:39.175+0000] {dagbag.py:536} INFO - Filling up the DagBag from /home/airflow/.local/lib/python3.8/site-packages/airflow/example_dags/example_branch_operator.py
[2024-06-23T07:15:39.192+0000] {processor.py:839} INFO - DAG(s) dict_keys(['example_branch_operator']) retrieved from /home/airflow/.local/lib/python3.8/site-packages/airflow/example_dags/example_branch_operator.py
[2024-06-23T07:15:39.212+0000] {logging_mixin.py:154} INFO - [2024-06-23T07:15:39.212+0000] {dag.py:2941} INFO - Sync 1 DAGs
[2024-06-23T07:15:39.228+0000] {logging_mixin.py:154} INFO - [2024-06-23T07:15:39.228+0000] {dag.py:3722} INFO - Setting next_dagrun for example_branch_operator to 2024-06-22T00:00:00+00:00, run_after=2024-06-23T00:00:00+00:00
[2024-06-23T07:15:39.240+0000] {processor.py:179} INFO - Processing /home/airflow/.local/lib/python3.8/site-packages/airflow/example_dags/example_branch_operator.py took 0.070 seconds
[2024-06-23T07:16:09.856+0000] {processor.py:157} INFO - Started process (PID=18067) to work on /home/airflow/.local/lib/python3.8/site-packages/airflow/example_dags/example_branch_operator.py
[2024-06-23T07:16:09.858+0000] {processor.py:829} INFO - Processing file /home/airflow/.local/lib/python3.8/site-packages/airflow/example_dags/example_branch_operator.py for tasks to queue
[2024-06-23T07:16:09.859+0000] {logging_mixin.py:154} INFO - [2024-06-23T07:16:09.859+0000] {dagbag.py:536} INFO - Filling up the DagBag from /home/airflow/.local/lib/python3.8/site-packages/airflow/example_dags/example_branch_operator.py
[2024-06-23T07:16:09.866+0000] {processor.py:839} INFO - DAG(s) dict_keys(['example_branch_operator']) retrieved from /home/airflow/.local/lib/python3.8/site-packages/airflow/example_dags/example_branch_operator.py
[2024-06-23T07:16:09.893+0000] {logging_mixin.py:154} INFO - [2024-06-23T07:16:09.893+0000] {dag.py:2941} INFO - Sync 1 DAGs
[2024-06-23T07:16:09.918+0000] {logging_mixin.py:154} INFO - [2024-06-23T07:16:09.918+0000] {dag.py:3722} INFO - Setting next_dagrun for example_branch_operator to 2024-06-22T00:00:00+00:00, run_after=2024-06-23T00:00:00+00:00
[2024-06-23T07:16:09.933+0000] {processor.py:179} INFO - Processing /home/airflow/.local/lib/python3.8/site-packages/airflow/example_dags/example_branch_operator.py took 0.080 seconds
[2024-06-23T07:16:40.914+0000] {processor.py:157} INFO - Started process (PID=18311) to work on /home/airflow/.local/lib/python3.8/site-packages/airflow/example_dags/example_branch_operator.py
[2024-06-23T07:16:40.915+0000] {processor.py:829} INFO - Processing file /home/airflow/.local/lib/python3.8/site-packages/airflow/example_dags/example_branch_operator.py for tasks to queue
[2024-06-23T07:16:40.916+0000] {logging_mixin.py:154} INFO - [2024-06-23T07:16:40.916+0000] {dagbag.py:536} INFO - Filling up the DagBag from /home/airflow/.local/lib/python3.8/site-packages/airflow/example_dags/example_branch_operator.py
[2024-06-23T07:16:40.921+0000] {processor.py:839} INFO - DAG(s) dict_keys(['example_branch_operator']) retrieved from /home/airflow/.local/lib/python3.8/site-packages/airflow/example_dags/example_branch_operator.py
[2024-06-23T07:16:40.936+0000] {logging_mixin.py:154} INFO - [2024-06-23T07:16:40.936+0000] {dag.py:2941} INFO - Sync 1 DAGs
[2024-06-23T07:16:40.950+0000] {logging_mixin.py:154} INFO - [2024-06-23T07:16:40.949+0000] {dag.py:3722} INFO - Setting next_dagrun for example_branch_operator to 2024-06-22T00:00:00+00:00, run_after=2024-06-23T00:00:00+00:00
[2024-06-23T07:16:40.962+0000] {processor.py:179} INFO - Processing /home/airflow/.local/lib/python3.8/site-packages/airflow/example_dags/example_branch_operator.py took 0.050 seconds
[2024-06-23T07:17:11.157+0000] {processor.py:157} INFO - Started process (PID=18549) to work on /home/airflow/.local/lib/python3.8/site-packages/airflow/example_dags/example_branch_operator.py
[2024-06-23T07:17:11.158+0000] {processor.py:829} INFO - Processing file /home/airflow/.local/lib/python3.8/site-packages/airflow/example_dags/example_branch_operator.py for tasks to queue
[2024-06-23T07:17:11.159+0000] {logging_mixin.py:154} INFO - [2024-06-23T07:17:11.159+0000] {dagbag.py:536} INFO - Filling up the DagBag from /home/airflow/.local/lib/python3.8/site-packages/airflow/example_dags/example_branch_operator.py
[2024-06-23T07:17:11.168+0000] {processor.py:839} INFO - DAG(s) dict_keys(['example_branch_operator']) retrieved from /home/airflow/.local/lib/python3.8/site-packages/airflow/example_dags/example_branch_operator.py
[2024-06-23T07:17:11.187+0000] {logging_mixin.py:154} INFO - [2024-06-23T07:17:11.187+0000] {dag.py:2941} INFO - Sync 1 DAGs
[2024-06-23T07:17:11.201+0000] {logging_mixin.py:154} INFO - [2024-06-23T07:17:11.200+0000] {dag.py:3722} INFO - Setting next_dagrun for example_branch_operator to 2024-06-22T00:00:00+00:00, run_after=2024-06-23T00:00:00+00:00
[2024-06-23T07:17:11.214+0000] {processor.py:179} INFO - Processing /home/airflow/.local/lib/python3.8/site-packages/airflow/example_dags/example_branch_operator.py took 0.060 seconds
[2024-06-23T07:17:41.681+0000] {processor.py:157} INFO - Started process (PID=18793) to work on /home/airflow/.local/lib/python3.8/site-packages/airflow/example_dags/example_branch_operator.py
[2024-06-23T07:17:41.681+0000] {processor.py:829} INFO - Processing file /home/airflow/.local/lib/python3.8/site-packages/airflow/example_dags/example_branch_operator.py for tasks to queue
[2024-06-23T07:17:41.682+0000] {logging_mixin.py:154} INFO - [2024-06-23T07:17:41.682+0000] {dagbag.py:536} INFO - Filling up the DagBag from /home/airflow/.local/lib/python3.8/site-packages/airflow/example_dags/example_branch_operator.py
[2024-06-23T07:17:41.691+0000] {processor.py:839} INFO - DAG(s) dict_keys(['example_branch_operator']) retrieved from /home/airflow/.local/lib/python3.8/site-packages/airflow/example_dags/example_branch_operator.py
[2024-06-23T07:17:41.714+0000] {logging_mixin.py:154} INFO - [2024-06-23T07:17:41.714+0000] {dag.py:2941} INFO - Sync 1 DAGs
[2024-06-23T07:17:41.730+0000] {logging_mixin.py:154} INFO - [2024-06-23T07:17:41.729+0000] {dag.py:3722} INFO - Setting next_dagrun for example_branch_operator to 2024-06-22T00:00:00+00:00, run_after=2024-06-23T00:00:00+00:00
[2024-06-23T07:17:41.740+0000] {processor.py:179} INFO - Processing /home/airflow/.local/lib/python3.8/site-packages/airflow/example_dags/example_branch_operator.py took 0.062 seconds
[2024-06-23T07:18:11.860+0000] {processor.py:157} INFO - Started process (PID=19037) to work on /home/airflow/.local/lib/python3.8/site-packages/airflow/example_dags/example_branch_operator.py
[2024-06-23T07:18:11.861+0000] {processor.py:829} INFO - Processing file /home/airflow/.local/lib/python3.8/site-packages/airflow/example_dags/example_branch_operator.py for tasks to queue
[2024-06-23T07:18:11.862+0000] {logging_mixin.py:154} INFO - [2024-06-23T07:18:11.862+0000] {dagbag.py:536} INFO - Filling up the DagBag from /home/airflow/.local/lib/python3.8/site-packages/airflow/example_dags/example_branch_operator.py
[2024-06-23T07:18:11.868+0000] {processor.py:839} INFO - DAG(s) dict_keys(['example_branch_operator']) retrieved from /home/airflow/.local/lib/python3.8/site-packages/airflow/example_dags/example_branch_operator.py
[2024-06-23T07:18:11.883+0000] {logging_mixin.py:154} INFO - [2024-06-23T07:18:11.883+0000] {dag.py:2941} INFO - Sync 1 DAGs
[2024-06-23T07:18:11.900+0000] {logging_mixin.py:154} INFO - [2024-06-23T07:18:11.900+0000] {dag.py:3722} INFO - Setting next_dagrun for example_branch_operator to 2024-06-22T00:00:00+00:00, run_after=2024-06-23T00:00:00+00:00
[2024-06-23T07:18:11.913+0000] {processor.py:179} INFO - Processing /home/airflow/.local/lib/python3.8/site-packages/airflow/example_dags/example_branch_operator.py took 0.055 seconds
[2024-06-23T07:18:42.130+0000] {processor.py:157} INFO - Started process (PID=19281) to work on /home/airflow/.local/lib/python3.8/site-packages/airflow/example_dags/example_branch_operator.py
[2024-06-23T07:18:42.132+0000] {processor.py:829} INFO - Processing file /home/airflow/.local/lib/python3.8/site-packages/airflow/example_dags/example_branch_operator.py for tasks to queue
[2024-06-23T07:18:42.132+0000] {logging_mixin.py:154} INFO - [2024-06-23T07:18:42.132+0000] {dagbag.py:536} INFO - Filling up the DagBag from /home/airflow/.local/lib/python3.8/site-packages/airflow/example_dags/example_branch_operator.py
[2024-06-23T07:18:42.139+0000] {processor.py:839} INFO - DAG(s) dict_keys(['example_branch_operator']) retrieved from /home/airflow/.local/lib/python3.8/site-packages/airflow/example_dags/example_branch_operator.py
[2024-06-23T07:18:42.153+0000] {logging_mixin.py:154} INFO - [2024-06-23T07:18:42.153+0000] {dag.py:2941} INFO - Sync 1 DAGs
[2024-06-23T07:18:42.169+0000] {logging_mixin.py:154} INFO - [2024-06-23T07:18:42.169+0000] {dag.py:3722} INFO - Setting next_dagrun for example_branch_operator to 2024-06-22T00:00:00+00:00, run_after=2024-06-23T00:00:00+00:00
[2024-06-23T07:18:42.180+0000] {processor.py:179} INFO - Processing /home/airflow/.local/lib/python3.8/site-packages/airflow/example_dags/example_branch_operator.py took 0.052 seconds
[2024-06-23T07:19:12.302+0000] {processor.py:157} INFO - Started process (PID=19524) to work on /home/airflow/.local/lib/python3.8/site-packages/airflow/example_dags/example_branch_operator.py
[2024-06-23T07:19:12.303+0000] {processor.py:829} INFO - Processing file /home/airflow/.local/lib/python3.8/site-packages/airflow/example_dags/example_branch_operator.py for tasks to queue
[2024-06-23T07:19:12.304+0000] {logging_mixin.py:154} INFO - [2024-06-23T07:19:12.303+0000] {dagbag.py:536} INFO - Filling up the DagBag from /home/airflow/.local/lib/python3.8/site-packages/airflow/example_dags/example_branch_operator.py
[2024-06-23T07:19:12.309+0000] {processor.py:839} INFO - DAG(s) dict_keys(['example_branch_operator']) retrieved from /home/airflow/.local/lib/python3.8/site-packages/airflow/example_dags/example_branch_operator.py
[2024-06-23T07:19:12.322+0000] {logging_mixin.py:154} INFO - [2024-06-23T07:19:12.322+0000] {dag.py:2941} INFO - Sync 1 DAGs
[2024-06-23T07:19:12.335+0000] {logging_mixin.py:154} INFO - [2024-06-23T07:19:12.335+0000] {dag.py:3722} INFO - Setting next_dagrun for example_branch_operator to 2024-06-22T00:00:00+00:00, run_after=2024-06-23T00:00:00+00:00
[2024-06-23T07:19:12.346+0000] {processor.py:179} INFO - Processing /home/airflow/.local/lib/python3.8/site-packages/airflow/example_dags/example_branch_operator.py took 0.046 seconds
[2024-06-23T07:19:42.669+0000] {processor.py:157} INFO - Started process (PID=19768) to work on /home/airflow/.local/lib/python3.8/site-packages/airflow/example_dags/example_branch_operator.py
[2024-06-23T07:19:42.670+0000] {processor.py:829} INFO - Processing file /home/airflow/.local/lib/python3.8/site-packages/airflow/example_dags/example_branch_operator.py for tasks to queue
[2024-06-23T07:19:42.670+0000] {logging_mixin.py:154} INFO - [2024-06-23T07:19:42.670+0000] {dagbag.py:536} INFO - Filling up the DagBag from /home/airflow/.local/lib/python3.8/site-packages/airflow/example_dags/example_branch_operator.py
[2024-06-23T07:19:42.676+0000] {processor.py:839} INFO - DAG(s) dict_keys(['example_branch_operator']) retrieved from /home/airflow/.local/lib/python3.8/site-packages/airflow/example_dags/example_branch_operator.py
[2024-06-23T07:19:42.690+0000] {logging_mixin.py:154} INFO - [2024-06-23T07:19:42.690+0000] {dag.py:2941} INFO - Sync 1 DAGs
[2024-06-23T07:19:42.707+0000] {logging_mixin.py:154} INFO - [2024-06-23T07:19:42.707+0000] {dag.py:3722} INFO - Setting next_dagrun for example_branch_operator to 2024-06-22T00:00:00+00:00, run_after=2024-06-23T00:00:00+00:00
[2024-06-23T07:19:42.717+0000] {processor.py:179} INFO - Processing /home/airflow/.local/lib/python3.8/site-packages/airflow/example_dags/example_branch_operator.py took 0.050 seconds
[2024-06-23T07:20:13.030+0000] {processor.py:157} INFO - Started process (PID=20011) to work on /home/airflow/.local/lib/python3.8/site-packages/airflow/example_dags/example_branch_operator.py
[2024-06-23T07:20:13.031+0000] {processor.py:829} INFO - Processing file /home/airflow/.local/lib/python3.8/site-packages/airflow/example_dags/example_branch_operator.py for tasks to queue
[2024-06-23T07:20:13.032+0000] {logging_mixin.py:154} INFO - [2024-06-23T07:20:13.032+0000] {dagbag.py:536} INFO - Filling up the DagBag from /home/airflow/.local/lib/python3.8/site-packages/airflow/example_dags/example_branch_operator.py
[2024-06-23T07:20:13.043+0000] {processor.py:839} INFO - DAG(s) dict_keys(['example_branch_operator']) retrieved from /home/airflow/.local/lib/python3.8/site-packages/airflow/example_dags/example_branch_operator.py
[2024-06-23T07:20:13.062+0000] {logging_mixin.py:154} INFO - [2024-06-23T07:20:13.062+0000] {dag.py:2941} INFO - Sync 1 DAGs
[2024-06-23T07:20:13.076+0000] {logging_mixin.py:154} INFO - [2024-06-23T07:20:13.076+0000] {dag.py:3722} INFO - Setting next_dagrun for example_branch_operator to 2024-06-22T00:00:00+00:00, run_after=2024-06-23T00:00:00+00:00
[2024-06-23T07:20:13.085+0000] {processor.py:179} INFO - Processing /home/airflow/.local/lib/python3.8/site-packages/airflow/example_dags/example_branch_operator.py took 0.060 seconds
[2024-06-23T07:20:43.784+0000] {processor.py:157} INFO - Started process (PID=20254) to work on /home/airflow/.local/lib/python3.8/site-packages/airflow/example_dags/example_branch_operator.py
[2024-06-23T07:20:43.785+0000] {processor.py:829} INFO - Processing file /home/airflow/.local/lib/python3.8/site-packages/airflow/example_dags/example_branch_operator.py for tasks to queue
[2024-06-23T07:20:43.786+0000] {logging_mixin.py:154} INFO - [2024-06-23T07:20:43.786+0000] {dagbag.py:536} INFO - Filling up the DagBag from /home/airflow/.local/lib/python3.8/site-packages/airflow/example_dags/example_branch_operator.py
[2024-06-23T07:20:43.792+0000] {processor.py:839} INFO - DAG(s) dict_keys(['example_branch_operator']) retrieved from /home/airflow/.local/lib/python3.8/site-packages/airflow/example_dags/example_branch_operator.py
[2024-06-23T07:20:43.806+0000] {logging_mixin.py:154} INFO - [2024-06-23T07:20:43.806+0000] {dag.py:2941} INFO - Sync 1 DAGs
[2024-06-23T07:20:43.821+0000] {logging_mixin.py:154} INFO - [2024-06-23T07:20:43.820+0000] {dag.py:3722} INFO - Setting next_dagrun for example_branch_operator to 2024-06-22T00:00:00+00:00, run_after=2024-06-23T00:00:00+00:00
[2024-06-23T07:20:43.833+0000] {processor.py:179} INFO - Processing /home/airflow/.local/lib/python3.8/site-packages/airflow/example_dags/example_branch_operator.py took 0.051 seconds
[2024-06-23T07:21:13.948+0000] {processor.py:157} INFO - Started process (PID=20498) to work on /home/airflow/.local/lib/python3.8/site-packages/airflow/example_dags/example_branch_operator.py
[2024-06-23T07:21:13.950+0000] {processor.py:829} INFO - Processing file /home/airflow/.local/lib/python3.8/site-packages/airflow/example_dags/example_branch_operator.py for tasks to queue
[2024-06-23T07:21:13.951+0000] {logging_mixin.py:154} INFO - [2024-06-23T07:21:13.950+0000] {dagbag.py:536} INFO - Filling up the DagBag from /home/airflow/.local/lib/python3.8/site-packages/airflow/example_dags/example_branch_operator.py
[2024-06-23T07:21:13.963+0000] {processor.py:839} INFO - DAG(s) dict_keys(['example_branch_operator']) retrieved from /home/airflow/.local/lib/python3.8/site-packages/airflow/example_dags/example_branch_operator.py
[2024-06-23T07:21:13.986+0000] {logging_mixin.py:154} INFO - [2024-06-23T07:21:13.986+0000] {dag.py:2941} INFO - Sync 1 DAGs
[2024-06-23T07:21:14.004+0000] {logging_mixin.py:154} INFO - [2024-06-23T07:21:14.004+0000] {dag.py:3722} INFO - Setting next_dagrun for example_branch_operator to 2024-06-22T00:00:00+00:00, run_after=2024-06-23T00:00:00+00:00
[2024-06-23T07:21:14.016+0000] {processor.py:179} INFO - Processing /home/airflow/.local/lib/python3.8/site-packages/airflow/example_dags/example_branch_operator.py took 0.072 seconds
[2024-06-23T07:21:44.122+0000] {processor.py:157} INFO - Started process (PID=20742) to work on /home/airflow/.local/lib/python3.8/site-packages/airflow/example_dags/example_branch_operator.py
[2024-06-23T07:21:44.123+0000] {processor.py:829} INFO - Processing file /home/airflow/.local/lib/python3.8/site-packages/airflow/example_dags/example_branch_operator.py for tasks to queue
[2024-06-23T07:21:44.124+0000] {logging_mixin.py:154} INFO - [2024-06-23T07:21:44.124+0000] {dagbag.py:536} INFO - Filling up the DagBag from /home/airflow/.local/lib/python3.8/site-packages/airflow/example_dags/example_branch_operator.py
[2024-06-23T07:21:44.133+0000] {processor.py:839} INFO - DAG(s) dict_keys(['example_branch_operator']) retrieved from /home/airflow/.local/lib/python3.8/site-packages/airflow/example_dags/example_branch_operator.py
[2024-06-23T07:21:44.149+0000] {logging_mixin.py:154} INFO - [2024-06-23T07:21:44.149+0000] {dag.py:2941} INFO - Sync 1 DAGs
[2024-06-23T07:21:44.163+0000] {logging_mixin.py:154} INFO - [2024-06-23T07:21:44.163+0000] {dag.py:3722} INFO - Setting next_dagrun for example_branch_operator to 2024-06-22T00:00:00+00:00, run_after=2024-06-23T00:00:00+00:00
[2024-06-23T07:21:44.172+0000] {processor.py:179} INFO - Processing /home/airflow/.local/lib/python3.8/site-packages/airflow/example_dags/example_branch_operator.py took 0.054 seconds
[2024-06-23T07:22:14.962+0000] {processor.py:157} INFO - Started process (PID=20986) to work on /home/airflow/.local/lib/python3.8/site-packages/airflow/example_dags/example_branch_operator.py
[2024-06-23T07:22:14.963+0000] {processor.py:829} INFO - Processing file /home/airflow/.local/lib/python3.8/site-packages/airflow/example_dags/example_branch_operator.py for tasks to queue
[2024-06-23T07:22:14.964+0000] {logging_mixin.py:154} INFO - [2024-06-23T07:22:14.963+0000] {dagbag.py:536} INFO - Filling up the DagBag from /home/airflow/.local/lib/python3.8/site-packages/airflow/example_dags/example_branch_operator.py
[2024-06-23T07:22:14.970+0000] {processor.py:839} INFO - DAG(s) dict_keys(['example_branch_operator']) retrieved from /home/airflow/.local/lib/python3.8/site-packages/airflow/example_dags/example_branch_operator.py
[2024-06-23T07:22:14.984+0000] {logging_mixin.py:154} INFO - [2024-06-23T07:22:14.984+0000] {dag.py:2941} INFO - Sync 1 DAGs
[2024-06-23T07:22:14.997+0000] {logging_mixin.py:154} INFO - [2024-06-23T07:22:14.997+0000] {dag.py:3722} INFO - Setting next_dagrun for example_branch_operator to 2024-06-22T00:00:00+00:00, run_after=2024-06-23T00:00:00+00:00
[2024-06-23T07:22:15.008+0000] {processor.py:179} INFO - Processing /home/airflow/.local/lib/python3.8/site-packages/airflow/example_dags/example_branch_operator.py took 0.048 seconds
[2024-06-23T07:22:45.772+0000] {processor.py:157} INFO - Started process (PID=21230) to work on /home/airflow/.local/lib/python3.8/site-packages/airflow/example_dags/example_branch_operator.py
[2024-06-23T07:22:45.773+0000] {processor.py:829} INFO - Processing file /home/airflow/.local/lib/python3.8/site-packages/airflow/example_dags/example_branch_operator.py for tasks to queue
[2024-06-23T07:22:45.774+0000] {logging_mixin.py:154} INFO - [2024-06-23T07:22:45.774+0000] {dagbag.py:536} INFO - Filling up the DagBag from /home/airflow/.local/lib/python3.8/site-packages/airflow/example_dags/example_branch_operator.py
[2024-06-23T07:22:45.784+0000] {processor.py:839} INFO - DAG(s) dict_keys(['example_branch_operator']) retrieved from /home/airflow/.local/lib/python3.8/site-packages/airflow/example_dags/example_branch_operator.py
[2024-06-23T07:22:45.801+0000] {logging_mixin.py:154} INFO - [2024-06-23T07:22:45.801+0000] {dag.py:2941} INFO - Sync 1 DAGs
[2024-06-23T07:22:45.814+0000] {logging_mixin.py:154} INFO - [2024-06-23T07:22:45.814+0000] {dag.py:3722} INFO - Setting next_dagrun for example_branch_operator to 2024-06-22T00:00:00+00:00, run_after=2024-06-23T00:00:00+00:00
[2024-06-23T07:22:45.823+0000] {processor.py:179} INFO - Processing /home/airflow/.local/lib/python3.8/site-packages/airflow/example_dags/example_branch_operator.py took 0.054 seconds
[2024-06-23T07:23:16.711+0000] {processor.py:157} INFO - Started process (PID=21474) to work on /home/airflow/.local/lib/python3.8/site-packages/airflow/example_dags/example_branch_operator.py
[2024-06-23T07:23:16.713+0000] {processor.py:829} INFO - Processing file /home/airflow/.local/lib/python3.8/site-packages/airflow/example_dags/example_branch_operator.py for tasks to queue
[2024-06-23T07:23:16.713+0000] {logging_mixin.py:154} INFO - [2024-06-23T07:23:16.713+0000] {dagbag.py:536} INFO - Filling up the DagBag from /home/airflow/.local/lib/python3.8/site-packages/airflow/example_dags/example_branch_operator.py
[2024-06-23T07:23:16.720+0000] {processor.py:839} INFO - DAG(s) dict_keys(['example_branch_operator']) retrieved from /home/airflow/.local/lib/python3.8/site-packages/airflow/example_dags/example_branch_operator.py
[2024-06-23T07:23:16.737+0000] {logging_mixin.py:154} INFO - [2024-06-23T07:23:16.737+0000] {dag.py:2941} INFO - Sync 1 DAGs
[2024-06-23T07:23:16.757+0000] {logging_mixin.py:154} INFO - [2024-06-23T07:23:16.757+0000] {dag.py:3722} INFO - Setting next_dagrun for example_branch_operator to 2024-06-22T00:00:00+00:00, run_after=2024-06-23T00:00:00+00:00
[2024-06-23T07:23:16.795+0000] {processor.py:179} INFO - Processing /home/airflow/.local/lib/python3.8/site-packages/airflow/example_dags/example_branch_operator.py took 0.087 seconds
[2024-06-23T07:23:47.358+0000] {processor.py:157} INFO - Started process (PID=21718) to work on /home/airflow/.local/lib/python3.8/site-packages/airflow/example_dags/example_branch_operator.py
[2024-06-23T07:23:47.359+0000] {processor.py:829} INFO - Processing file /home/airflow/.local/lib/python3.8/site-packages/airflow/example_dags/example_branch_operator.py for tasks to queue
[2024-06-23T07:23:47.360+0000] {logging_mixin.py:154} INFO - [2024-06-23T07:23:47.360+0000] {dagbag.py:536} INFO - Filling up the DagBag from /home/airflow/.local/lib/python3.8/site-packages/airflow/example_dags/example_branch_operator.py
[2024-06-23T07:23:47.372+0000] {processor.py:839} INFO - DAG(s) dict_keys(['example_branch_operator']) retrieved from /home/airflow/.local/lib/python3.8/site-packages/airflow/example_dags/example_branch_operator.py
[2024-06-23T07:23:47.398+0000] {logging_mixin.py:154} INFO - [2024-06-23T07:23:47.398+0000] {dag.py:2941} INFO - Sync 1 DAGs
[2024-06-23T07:23:47.416+0000] {logging_mixin.py:154} INFO - [2024-06-23T07:23:47.416+0000] {dag.py:3722} INFO - Setting next_dagrun for example_branch_operator to 2024-06-22T00:00:00+00:00, run_after=2024-06-23T00:00:00+00:00
[2024-06-23T07:23:47.434+0000] {processor.py:179} INFO - Processing /home/airflow/.local/lib/python3.8/site-packages/airflow/example_dags/example_branch_operator.py took 0.080 seconds
[2024-06-23T07:24:18.417+0000] {processor.py:157} INFO - Started process (PID=21962) to work on /home/airflow/.local/lib/python3.8/site-packages/airflow/example_dags/example_branch_operator.py
[2024-06-23T07:24:18.418+0000] {processor.py:829} INFO - Processing file /home/airflow/.local/lib/python3.8/site-packages/airflow/example_dags/example_branch_operator.py for tasks to queue
[2024-06-23T07:24:18.419+0000] {logging_mixin.py:154} INFO - [2024-06-23T07:24:18.419+0000] {dagbag.py:536} INFO - Filling up the DagBag from /home/airflow/.local/lib/python3.8/site-packages/airflow/example_dags/example_branch_operator.py
[2024-06-23T07:24:18.429+0000] {processor.py:839} INFO - DAG(s) dict_keys(['example_branch_operator']) retrieved from /home/airflow/.local/lib/python3.8/site-packages/airflow/example_dags/example_branch_operator.py
[2024-06-23T07:24:18.447+0000] {logging_mixin.py:154} INFO - [2024-06-23T07:24:18.447+0000] {dag.py:2941} INFO - Sync 1 DAGs
[2024-06-23T07:24:18.461+0000] {logging_mixin.py:154} INFO - [2024-06-23T07:24:18.461+0000] {dag.py:3722} INFO - Setting next_dagrun for example_branch_operator to 2024-06-22T00:00:00+00:00, run_after=2024-06-23T00:00:00+00:00
[2024-06-23T07:24:18.470+0000] {processor.py:179} INFO - Processing /home/airflow/.local/lib/python3.8/site-packages/airflow/example_dags/example_branch_operator.py took 0.057 seconds
[2024-06-23T07:24:49.418+0000] {processor.py:157} INFO - Started process (PID=22206) to work on /home/airflow/.local/lib/python3.8/site-packages/airflow/example_dags/example_branch_operator.py
[2024-06-23T07:24:49.419+0000] {processor.py:829} INFO - Processing file /home/airflow/.local/lib/python3.8/site-packages/airflow/example_dags/example_branch_operator.py for tasks to queue
[2024-06-23T07:24:49.420+0000] {logging_mixin.py:154} INFO - [2024-06-23T07:24:49.420+0000] {dagbag.py:536} INFO - Filling up the DagBag from /home/airflow/.local/lib/python3.8/site-packages/airflow/example_dags/example_branch_operator.py
[2024-06-23T07:24:49.431+0000] {processor.py:839} INFO - DAG(s) dict_keys(['example_branch_operator']) retrieved from /home/airflow/.local/lib/python3.8/site-packages/airflow/example_dags/example_branch_operator.py
[2024-06-23T07:24:49.450+0000] {logging_mixin.py:154} INFO - [2024-06-23T07:24:49.450+0000] {dag.py:2941} INFO - Sync 1 DAGs
[2024-06-23T07:24:49.464+0000] {logging_mixin.py:154} INFO - [2024-06-23T07:24:49.464+0000] {dag.py:3722} INFO - Setting next_dagrun for example_branch_operator to 2024-06-22T00:00:00+00:00, run_after=2024-06-23T00:00:00+00:00
[2024-06-23T07:24:49.474+0000] {processor.py:179} INFO - Processing /home/airflow/.local/lib/python3.8/site-packages/airflow/example_dags/example_branch_operator.py took 0.060 seconds
[2024-06-23T07:25:19.545+0000] {processor.py:157} INFO - Started process (PID=22452) to work on /home/airflow/.local/lib/python3.8/site-packages/airflow/example_dags/example_branch_operator.py
[2024-06-23T07:25:19.546+0000] {processor.py:829} INFO - Processing file /home/airflow/.local/lib/python3.8/site-packages/airflow/example_dags/example_branch_operator.py for tasks to queue
[2024-06-23T07:25:19.546+0000] {logging_mixin.py:154} INFO - [2024-06-23T07:25:19.546+0000] {dagbag.py:536} INFO - Filling up the DagBag from /home/airflow/.local/lib/python3.8/site-packages/airflow/example_dags/example_branch_operator.py
[2024-06-23T07:25:19.551+0000] {processor.py:839} INFO - DAG(s) dict_keys(['example_branch_operator']) retrieved from /home/airflow/.local/lib/python3.8/site-packages/airflow/example_dags/example_branch_operator.py
[2024-06-23T07:25:19.564+0000] {logging_mixin.py:154} INFO - [2024-06-23T07:25:19.564+0000] {dag.py:2941} INFO - Sync 1 DAGs
[2024-06-23T07:25:19.576+0000] {logging_mixin.py:154} INFO - [2024-06-23T07:25:19.576+0000] {dag.py:3722} INFO - Setting next_dagrun for example_branch_operator to 2024-06-22T00:00:00+00:00, run_after=2024-06-23T00:00:00+00:00
[2024-06-23T07:25:19.585+0000] {processor.py:179} INFO - Processing /home/airflow/.local/lib/python3.8/site-packages/airflow/example_dags/example_branch_operator.py took 0.042 seconds
[2024-06-23T07:25:49.669+0000] {processor.py:157} INFO - Started process (PID=22694) to work on /home/airflow/.local/lib/python3.8/site-packages/airflow/example_dags/example_branch_operator.py
[2024-06-23T07:25:49.670+0000] {processor.py:829} INFO - Processing file /home/airflow/.local/lib/python3.8/site-packages/airflow/example_dags/example_branch_operator.py for tasks to queue
[2024-06-23T07:25:49.671+0000] {logging_mixin.py:154} INFO - [2024-06-23T07:25:49.671+0000] {dagbag.py:536} INFO - Filling up the DagBag from /home/airflow/.local/lib/python3.8/site-packages/airflow/example_dags/example_branch_operator.py
[2024-06-23T07:25:49.678+0000] {processor.py:839} INFO - DAG(s) dict_keys(['example_branch_operator']) retrieved from /home/airflow/.local/lib/python3.8/site-packages/airflow/example_dags/example_branch_operator.py
[2024-06-23T07:25:49.701+0000] {logging_mixin.py:154} INFO - [2024-06-23T07:25:49.701+0000] {dag.py:2941} INFO - Sync 1 DAGs
[2024-06-23T07:25:49.716+0000] {logging_mixin.py:154} INFO - [2024-06-23T07:25:49.716+0000] {dag.py:3722} INFO - Setting next_dagrun for example_branch_operator to 2024-06-22T00:00:00+00:00, run_after=2024-06-23T00:00:00+00:00
[2024-06-23T07:25:49.725+0000] {processor.py:179} INFO - Processing /home/airflow/.local/lib/python3.8/site-packages/airflow/example_dags/example_branch_operator.py took 0.058 seconds
[2024-06-23T07:26:20.463+0000] {processor.py:157} INFO - Started process (PID=22938) to work on /home/airflow/.local/lib/python3.8/site-packages/airflow/example_dags/example_branch_operator.py
[2024-06-23T07:26:20.464+0000] {processor.py:829} INFO - Processing file /home/airflow/.local/lib/python3.8/site-packages/airflow/example_dags/example_branch_operator.py for tasks to queue
[2024-06-23T07:26:20.465+0000] {logging_mixin.py:154} INFO - [2024-06-23T07:26:20.465+0000] {dagbag.py:536} INFO - Filling up the DagBag from /home/airflow/.local/lib/python3.8/site-packages/airflow/example_dags/example_branch_operator.py
[2024-06-23T07:26:20.474+0000] {processor.py:839} INFO - DAG(s) dict_keys(['example_branch_operator']) retrieved from /home/airflow/.local/lib/python3.8/site-packages/airflow/example_dags/example_branch_operator.py
[2024-06-23T07:26:20.492+0000] {logging_mixin.py:154} INFO - [2024-06-23T07:26:20.492+0000] {dag.py:2941} INFO - Sync 1 DAGs
[2024-06-23T07:26:20.509+0000] {logging_mixin.py:154} INFO - [2024-06-23T07:26:20.509+0000] {dag.py:3722} INFO - Setting next_dagrun for example_branch_operator to 2024-06-22T00:00:00+00:00, run_after=2024-06-23T00:00:00+00:00
[2024-06-23T07:26:20.520+0000] {processor.py:179} INFO - Processing /home/airflow/.local/lib/python3.8/site-packages/airflow/example_dags/example_branch_operator.py took 0.062 seconds
[2024-06-23T07:26:51.421+0000] {processor.py:157} INFO - Started process (PID=23182) to work on /home/airflow/.local/lib/python3.8/site-packages/airflow/example_dags/example_branch_operator.py
[2024-06-23T07:26:51.423+0000] {processor.py:829} INFO - Processing file /home/airflow/.local/lib/python3.8/site-packages/airflow/example_dags/example_branch_operator.py for tasks to queue
[2024-06-23T07:26:51.424+0000] {logging_mixin.py:154} INFO - [2024-06-23T07:26:51.424+0000] {dagbag.py:536} INFO - Filling up the DagBag from /home/airflow/.local/lib/python3.8/site-packages/airflow/example_dags/example_branch_operator.py
[2024-06-23T07:26:51.435+0000] {processor.py:839} INFO - DAG(s) dict_keys(['example_branch_operator']) retrieved from /home/airflow/.local/lib/python3.8/site-packages/airflow/example_dags/example_branch_operator.py
[2024-06-23T07:26:51.452+0000] {logging_mixin.py:154} INFO - [2024-06-23T07:26:51.452+0000] {dag.py:2941} INFO - Sync 1 DAGs
[2024-06-23T07:26:51.465+0000] {logging_mixin.py:154} INFO - [2024-06-23T07:26:51.465+0000] {dag.py:3722} INFO - Setting next_dagrun for example_branch_operator to 2024-06-22T00:00:00+00:00, run_after=2024-06-23T00:00:00+00:00
[2024-06-23T07:26:51.473+0000] {processor.py:179} INFO - Processing /home/airflow/.local/lib/python3.8/site-packages/airflow/example_dags/example_branch_operator.py took 0.058 seconds
[2024-06-23T07:27:22.366+0000] {processor.py:157} INFO - Started process (PID=23425) to work on /home/airflow/.local/lib/python3.8/site-packages/airflow/example_dags/example_branch_operator.py
[2024-06-23T07:27:22.367+0000] {processor.py:829} INFO - Processing file /home/airflow/.local/lib/python3.8/site-packages/airflow/example_dags/example_branch_operator.py for tasks to queue
[2024-06-23T07:27:22.368+0000] {logging_mixin.py:154} INFO - [2024-06-23T07:27:22.368+0000] {dagbag.py:536} INFO - Filling up the DagBag from /home/airflow/.local/lib/python3.8/site-packages/airflow/example_dags/example_branch_operator.py
[2024-06-23T07:27:22.376+0000] {processor.py:839} INFO - DAG(s) dict_keys(['example_branch_operator']) retrieved from /home/airflow/.local/lib/python3.8/site-packages/airflow/example_dags/example_branch_operator.py
[2024-06-23T07:27:22.392+0000] {logging_mixin.py:154} INFO - [2024-06-23T07:27:22.392+0000] {dag.py:2941} INFO - Sync 1 DAGs
[2024-06-23T07:27:22.404+0000] {logging_mixin.py:154} INFO - [2024-06-23T07:27:22.404+0000] {dag.py:3722} INFO - Setting next_dagrun for example_branch_operator to 2024-06-22T00:00:00+00:00, run_after=2024-06-23T00:00:00+00:00
[2024-06-23T07:27:22.413+0000] {processor.py:179} INFO - Processing /home/airflow/.local/lib/python3.8/site-packages/airflow/example_dags/example_branch_operator.py took 0.051 seconds
[2024-06-23T07:27:53.111+0000] {processor.py:157} INFO - Started process (PID=23669) to work on /home/airflow/.local/lib/python3.8/site-packages/airflow/example_dags/example_branch_operator.py
[2024-06-23T07:27:53.113+0000] {processor.py:829} INFO - Processing file /home/airflow/.local/lib/python3.8/site-packages/airflow/example_dags/example_branch_operator.py for tasks to queue
[2024-06-23T07:27:53.114+0000] {logging_mixin.py:154} INFO - [2024-06-23T07:27:53.114+0000] {dagbag.py:536} INFO - Filling up the DagBag from /home/airflow/.local/lib/python3.8/site-packages/airflow/example_dags/example_branch_operator.py
[2024-06-23T07:27:53.125+0000] {processor.py:839} INFO - DAG(s) dict_keys(['example_branch_operator']) retrieved from /home/airflow/.local/lib/python3.8/site-packages/airflow/example_dags/example_branch_operator.py
[2024-06-23T07:27:53.143+0000] {logging_mixin.py:154} INFO - [2024-06-23T07:27:53.143+0000] {dag.py:2941} INFO - Sync 1 DAGs
[2024-06-23T07:27:53.157+0000] {logging_mixin.py:154} INFO - [2024-06-23T07:27:53.157+0000] {dag.py:3722} INFO - Setting next_dagrun for example_branch_operator to 2024-06-22T00:00:00+00:00, run_after=2024-06-23T00:00:00+00:00
[2024-06-23T07:27:53.166+0000] {processor.py:179} INFO - Processing /home/airflow/.local/lib/python3.8/site-packages/airflow/example_dags/example_branch_operator.py took 0.060 seconds
[2024-06-23T07:28:24.153+0000] {processor.py:157} INFO - Started process (PID=23913) to work on /home/airflow/.local/lib/python3.8/site-packages/airflow/example_dags/example_branch_operator.py
[2024-06-23T07:28:24.154+0000] {processor.py:829} INFO - Processing file /home/airflow/.local/lib/python3.8/site-packages/airflow/example_dags/example_branch_operator.py for tasks to queue
[2024-06-23T07:28:24.156+0000] {logging_mixin.py:154} INFO - [2024-06-23T07:28:24.155+0000] {dagbag.py:536} INFO - Filling up the DagBag from /home/airflow/.local/lib/python3.8/site-packages/airflow/example_dags/example_branch_operator.py
[2024-06-23T07:28:24.163+0000] {processor.py:839} INFO - DAG(s) dict_keys(['example_branch_operator']) retrieved from /home/airflow/.local/lib/python3.8/site-packages/airflow/example_dags/example_branch_operator.py
[2024-06-23T07:28:24.176+0000] {logging_mixin.py:154} INFO - [2024-06-23T07:28:24.176+0000] {dag.py:2941} INFO - Sync 1 DAGs
[2024-06-23T07:28:24.190+0000] {logging_mixin.py:154} INFO - [2024-06-23T07:28:24.190+0000] {dag.py:3722} INFO - Setting next_dagrun for example_branch_operator to 2024-06-22T00:00:00+00:00, run_after=2024-06-23T00:00:00+00:00
[2024-06-23T07:28:24.200+0000] {processor.py:179} INFO - Processing /home/airflow/.local/lib/python3.8/site-packages/airflow/example_dags/example_branch_operator.py took 0.050 seconds
[2024-06-23T07:28:54.238+0000] {processor.py:157} INFO - Started process (PID=24157) to work on /home/airflow/.local/lib/python3.8/site-packages/airflow/example_dags/example_branch_operator.py
[2024-06-23T07:28:54.240+0000] {processor.py:829} INFO - Processing file /home/airflow/.local/lib/python3.8/site-packages/airflow/example_dags/example_branch_operator.py for tasks to queue
[2024-06-23T07:28:54.241+0000] {logging_mixin.py:154} INFO - [2024-06-23T07:28:54.240+0000] {dagbag.py:536} INFO - Filling up the DagBag from /home/airflow/.local/lib/python3.8/site-packages/airflow/example_dags/example_branch_operator.py
[2024-06-23T07:28:54.247+0000] {processor.py:839} INFO - DAG(s) dict_keys(['example_branch_operator']) retrieved from /home/airflow/.local/lib/python3.8/site-packages/airflow/example_dags/example_branch_operator.py
[2024-06-23T07:28:54.262+0000] {logging_mixin.py:154} INFO - [2024-06-23T07:28:54.262+0000] {dag.py:2941} INFO - Sync 1 DAGs
[2024-06-23T07:28:54.275+0000] {logging_mixin.py:154} INFO - [2024-06-23T07:28:54.275+0000] {dag.py:3722} INFO - Setting next_dagrun for example_branch_operator to 2024-06-22T00:00:00+00:00, run_after=2024-06-23T00:00:00+00:00
[2024-06-23T07:28:54.286+0000] {processor.py:179} INFO - Processing /home/airflow/.local/lib/python3.8/site-packages/airflow/example_dags/example_branch_operator.py took 0.050 seconds
[2024-06-23T07:29:24.481+0000] {processor.py:157} INFO - Started process (PID=24401) to work on /home/airflow/.local/lib/python3.8/site-packages/airflow/example_dags/example_branch_operator.py
[2024-06-23T07:29:24.482+0000] {processor.py:829} INFO - Processing file /home/airflow/.local/lib/python3.8/site-packages/airflow/example_dags/example_branch_operator.py for tasks to queue
[2024-06-23T07:29:24.483+0000] {logging_mixin.py:154} INFO - [2024-06-23T07:29:24.482+0000] {dagbag.py:536} INFO - Filling up the DagBag from /home/airflow/.local/lib/python3.8/site-packages/airflow/example_dags/example_branch_operator.py
[2024-06-23T07:29:24.491+0000] {processor.py:839} INFO - DAG(s) dict_keys(['example_branch_operator']) retrieved from /home/airflow/.local/lib/python3.8/site-packages/airflow/example_dags/example_branch_operator.py
[2024-06-23T07:29:24.512+0000] {logging_mixin.py:154} INFO - [2024-06-23T07:29:24.511+0000] {dag.py:2941} INFO - Sync 1 DAGs
[2024-06-23T07:29:24.527+0000] {logging_mixin.py:154} INFO - [2024-06-23T07:29:24.527+0000] {dag.py:3722} INFO - Setting next_dagrun for example_branch_operator to 2024-06-22T00:00:00+00:00, run_after=2024-06-23T00:00:00+00:00
[2024-06-23T07:29:24.538+0000] {processor.py:179} INFO - Processing /home/airflow/.local/lib/python3.8/site-packages/airflow/example_dags/example_branch_operator.py took 0.061 seconds
[2024-06-23T07:29:54.869+0000] {processor.py:157} INFO - Started process (PID=24645) to work on /home/airflow/.local/lib/python3.8/site-packages/airflow/example_dags/example_branch_operator.py
[2024-06-23T07:29:54.871+0000] {processor.py:829} INFO - Processing file /home/airflow/.local/lib/python3.8/site-packages/airflow/example_dags/example_branch_operator.py for tasks to queue
[2024-06-23T07:29:54.872+0000] {logging_mixin.py:154} INFO - [2024-06-23T07:29:54.872+0000] {dagbag.py:536} INFO - Filling up the DagBag from /home/airflow/.local/lib/python3.8/site-packages/airflow/example_dags/example_branch_operator.py
[2024-06-23T07:29:54.882+0000] {processor.py:839} INFO - DAG(s) dict_keys(['example_branch_operator']) retrieved from /home/airflow/.local/lib/python3.8/site-packages/airflow/example_dags/example_branch_operator.py
[2024-06-23T07:29:54.900+0000] {logging_mixin.py:154} INFO - [2024-06-23T07:29:54.899+0000] {dag.py:2941} INFO - Sync 1 DAGs
[2024-06-23T07:29:54.913+0000] {logging_mixin.py:154} INFO - [2024-06-23T07:29:54.913+0000] {dag.py:3722} INFO - Setting next_dagrun for example_branch_operator to 2024-06-22T00:00:00+00:00, run_after=2024-06-23T00:00:00+00:00
[2024-06-23T07:29:54.922+0000] {processor.py:179} INFO - Processing /home/airflow/.local/lib/python3.8/site-packages/airflow/example_dags/example_branch_operator.py took 0.057 seconds
[2024-06-23T07:30:25.530+0000] {processor.py:157} INFO - Started process (PID=24889) to work on /home/airflow/.local/lib/python3.8/site-packages/airflow/example_dags/example_branch_operator.py
[2024-06-23T07:30:25.533+0000] {processor.py:829} INFO - Processing file /home/airflow/.local/lib/python3.8/site-packages/airflow/example_dags/example_branch_operator.py for tasks to queue
[2024-06-23T07:30:25.534+0000] {logging_mixin.py:154} INFO - [2024-06-23T07:30:25.534+0000] {dagbag.py:536} INFO - Filling up the DagBag from /home/airflow/.local/lib/python3.8/site-packages/airflow/example_dags/example_branch_operator.py
[2024-06-23T07:30:25.545+0000] {processor.py:839} INFO - DAG(s) dict_keys(['example_branch_operator']) retrieved from /home/airflow/.local/lib/python3.8/site-packages/airflow/example_dags/example_branch_operator.py
[2024-06-23T07:30:25.570+0000] {logging_mixin.py:154} INFO - [2024-06-23T07:30:25.570+0000] {dag.py:2941} INFO - Sync 1 DAGs
[2024-06-23T07:30:25.588+0000] {logging_mixin.py:154} INFO - [2024-06-23T07:30:25.587+0000] {dag.py:3722} INFO - Setting next_dagrun for example_branch_operator to 2024-06-22T00:00:00+00:00, run_after=2024-06-23T00:00:00+00:00
[2024-06-23T07:30:25.603+0000] {processor.py:179} INFO - Processing /home/airflow/.local/lib/python3.8/site-packages/airflow/example_dags/example_branch_operator.py took 0.077 seconds
[2024-06-23T07:30:55.632+0000] {processor.py:157} INFO - Started process (PID=25133) to work on /home/airflow/.local/lib/python3.8/site-packages/airflow/example_dags/example_branch_operator.py
[2024-06-23T07:30:55.633+0000] {processor.py:829} INFO - Processing file /home/airflow/.local/lib/python3.8/site-packages/airflow/example_dags/example_branch_operator.py for tasks to queue
[2024-06-23T07:30:55.633+0000] {logging_mixin.py:154} INFO - [2024-06-23T07:30:55.633+0000] {dagbag.py:536} INFO - Filling up the DagBag from /home/airflow/.local/lib/python3.8/site-packages/airflow/example_dags/example_branch_operator.py
[2024-06-23T07:30:55.639+0000] {processor.py:839} INFO - DAG(s) dict_keys(['example_branch_operator']) retrieved from /home/airflow/.local/lib/python3.8/site-packages/airflow/example_dags/example_branch_operator.py
[2024-06-23T07:30:55.652+0000] {logging_mixin.py:154} INFO - [2024-06-23T07:30:55.652+0000] {dag.py:2941} INFO - Sync 1 DAGs
[2024-06-23T07:30:55.665+0000] {logging_mixin.py:154} INFO - [2024-06-23T07:30:55.665+0000] {dag.py:3722} INFO - Setting next_dagrun for example_branch_operator to 2024-06-22T00:00:00+00:00, run_after=2024-06-23T00:00:00+00:00
[2024-06-23T07:30:55.674+0000] {processor.py:179} INFO - Processing /home/airflow/.local/lib/python3.8/site-packages/airflow/example_dags/example_branch_operator.py took 0.045 seconds
