[2024-06-23T01:24:25.267+0000] {processor.py:157} INFO - Started process (PID=13278) to work on /home/airflow/.local/lib/python3.8/site-packages/airflow/example_dags/example_branch_operator_decorator.py
[2024-06-23T01:24:25.268+0000] {processor.py:829} INFO - Processing file /home/airflow/.local/lib/python3.8/site-packages/airflow/example_dags/example_branch_operator_decorator.py for tasks to queue
[2024-06-23T01:24:25.269+0000] {logging_mixin.py:154} INFO - [2024-06-23T01:24:25.269+0000] {dagbag.py:536} INFO - Filling up the DagBag from /home/airflow/.local/lib/python3.8/site-packages/airflow/example_dags/example_branch_operator_decorator.py
[2024-06-23T01:24:25.275+0000] {processor.py:839} INFO - DAG(s) dict_keys(['example_branch_python_operator_decorator']) retrieved from /home/airflow/.local/lib/python3.8/site-packages/airflow/example_dags/example_branch_operator_decorator.py
[2024-06-23T01:24:25.294+0000] {logging_mixin.py:154} INFO - [2024-06-23T01:24:25.294+0000] {dag.py:2941} INFO - Sync 1 DAGs
[2024-06-23T01:24:25.308+0000] {logging_mixin.py:154} INFO - [2024-06-23T01:24:25.308+0000] {dag.py:3722} INFO - Setting next_dagrun for example_branch_python_operator_decorator to 2024-06-22T00:00:00+00:00, run_after=2024-06-23T00:00:00+00:00
[2024-06-23T01:24:25.321+0000] {processor.py:179} INFO - Processing /home/airflow/.local/lib/python3.8/site-packages/airflow/example_dags/example_branch_operator_decorator.py took 0.056 seconds
[2024-06-23T02:48:34.557+0000] {processor.py:157} INFO - Started process (PID=13521) to work on /home/airflow/.local/lib/python3.8/site-packages/airflow/example_dags/example_branch_operator_decorator.py
[2024-06-23T02:48:34.558+0000] {processor.py:829} INFO - Processing file /home/airflow/.local/lib/python3.8/site-packages/airflow/example_dags/example_branch_operator_decorator.py for tasks to queue
[2024-06-23T02:48:34.559+0000] {logging_mixin.py:154} INFO - [2024-06-23T02:48:34.559+0000] {dagbag.py:536} INFO - Filling up the DagBag from /home/airflow/.local/lib/python3.8/site-packages/airflow/example_dags/example_branch_operator_decorator.py
[2024-06-23T02:48:34.569+0000] {processor.py:839} INFO - DAG(s) dict_keys(['example_branch_python_operator_decorator']) retrieved from /home/airflow/.local/lib/python3.8/site-packages/airflow/example_dags/example_branch_operator_decorator.py
[2024-06-23T02:48:34.582+0000] {logging_mixin.py:154} INFO - [2024-06-23T02:48:34.582+0000] {dag.py:2941} INFO - Sync 1 DAGs
[2024-06-23T02:48:34.595+0000] {logging_mixin.py:154} INFO - [2024-06-23T02:48:34.595+0000] {dag.py:3722} INFO - Setting next_dagrun for example_branch_python_operator_decorator to 2024-06-22T00:00:00+00:00, run_after=2024-06-23T00:00:00+00:00
[2024-06-23T02:48:34.609+0000] {processor.py:179} INFO - Processing /home/airflow/.local/lib/python3.8/site-packages/airflow/example_dags/example_branch_operator_decorator.py took 0.053 seconds
[2024-06-23T04:09:05.056+0000] {processor.py:157} INFO - Started process (PID=13767) to work on /home/airflow/.local/lib/python3.8/site-packages/airflow/example_dags/example_branch_operator_decorator.py
[2024-06-23T04:09:05.057+0000] {processor.py:829} INFO - Processing file /home/airflow/.local/lib/python3.8/site-packages/airflow/example_dags/example_branch_operator_decorator.py for tasks to queue
[2024-06-23T04:09:05.057+0000] {logging_mixin.py:154} INFO - [2024-06-23T04:09:05.057+0000] {dagbag.py:536} INFO - Filling up the DagBag from /home/airflow/.local/lib/python3.8/site-packages/airflow/example_dags/example_branch_operator_decorator.py
[2024-06-23T04:09:05.064+0000] {processor.py:839} INFO - DAG(s) dict_keys(['example_branch_python_operator_decorator']) retrieved from /home/airflow/.local/lib/python3.8/site-packages/airflow/example_dags/example_branch_operator_decorator.py
[2024-06-23T04:09:05.080+0000] {logging_mixin.py:154} INFO - [2024-06-23T04:09:05.079+0000] {dag.py:2941} INFO - Sync 1 DAGs
[2024-06-23T04:09:05.097+0000] {logging_mixin.py:154} INFO - [2024-06-23T04:09:05.097+0000] {dag.py:3722} INFO - Setting next_dagrun for example_branch_python_operator_decorator to 2024-06-22T00:00:00+00:00, run_after=2024-06-23T00:00:00+00:00
[2024-06-23T04:09:05.111+0000] {processor.py:179} INFO - Processing /home/airflow/.local/lib/python3.8/site-packages/airflow/example_dags/example_branch_operator_decorator.py took 0.057 seconds
[2024-06-23T05:49:43.985+0000] {processor.py:157} INFO - Started process (PID=14014) to work on /home/airflow/.local/lib/python3.8/site-packages/airflow/example_dags/example_branch_operator_decorator.py
[2024-06-23T05:49:43.986+0000] {processor.py:829} INFO - Processing file /home/airflow/.local/lib/python3.8/site-packages/airflow/example_dags/example_branch_operator_decorator.py for tasks to queue
[2024-06-23T05:49:43.987+0000] {logging_mixin.py:154} INFO - [2024-06-23T05:49:43.987+0000] {dagbag.py:536} INFO - Filling up the DagBag from /home/airflow/.local/lib/python3.8/site-packages/airflow/example_dags/example_branch_operator_decorator.py
[2024-06-23T05:49:43.993+0000] {processor.py:839} INFO - DAG(s) dict_keys(['example_branch_python_operator_decorator']) retrieved from /home/airflow/.local/lib/python3.8/site-packages/airflow/example_dags/example_branch_operator_decorator.py
[2024-06-23T05:49:44.009+0000] {logging_mixin.py:154} INFO - [2024-06-23T05:49:44.009+0000] {dag.py:2941} INFO - Sync 1 DAGs
[2024-06-23T05:49:44.023+0000] {logging_mixin.py:154} INFO - [2024-06-23T05:49:44.022+0000] {dag.py:3722} INFO - Setting next_dagrun for example_branch_python_operator_decorator to 2024-06-22T00:00:00+00:00, run_after=2024-06-23T00:00:00+00:00
[2024-06-23T05:49:44.034+0000] {processor.py:179} INFO - Processing /home/airflow/.local/lib/python3.8/site-packages/airflow/example_dags/example_branch_operator_decorator.py took 0.051 seconds
[2024-06-23T07:08:00.571+0000] {processor.py:157} INFO - Started process (PID=14265) to work on /home/airflow/.local/lib/python3.8/site-packages/airflow/example_dags/example_branch_operator_decorator.py
[2024-06-23T07:08:00.574+0000] {processor.py:829} INFO - Processing file /home/airflow/.local/lib/python3.8/site-packages/airflow/example_dags/example_branch_operator_decorator.py for tasks to queue
[2024-06-23T07:08:00.575+0000] {logging_mixin.py:154} INFO - [2024-06-23T07:08:00.575+0000] {dagbag.py:536} INFO - Filling up the DagBag from /home/airflow/.local/lib/python3.8/site-packages/airflow/example_dags/example_branch_operator_decorator.py
[2024-06-23T07:08:00.583+0000] {processor.py:839} INFO - DAG(s) dict_keys(['example_branch_python_operator_decorator']) retrieved from /home/airflow/.local/lib/python3.8/site-packages/airflow/example_dags/example_branch_operator_decorator.py
[2024-06-23T07:08:00.606+0000] {logging_mixin.py:154} INFO - [2024-06-23T07:08:00.606+0000] {dag.py:2941} INFO - Sync 1 DAGs
[2024-06-23T07:08:00.624+0000] {logging_mixin.py:154} INFO - [2024-06-23T07:08:00.624+0000] {dag.py:3722} INFO - Setting next_dagrun for example_branch_python_operator_decorator to 2024-06-22T00:00:00+00:00, run_after=2024-06-23T00:00:00+00:00
[2024-06-23T07:08:00.639+0000] {processor.py:179} INFO - Processing /home/airflow/.local/lib/python3.8/site-packages/airflow/example_dags/example_branch_operator_decorator.py took 0.070 seconds
[2024-06-23T07:08:31.337+0000] {processor.py:157} INFO - Started process (PID=14510) to work on /home/airflow/.local/lib/python3.8/site-packages/airflow/example_dags/example_branch_operator_decorator.py
[2024-06-23T07:08:31.338+0000] {processor.py:829} INFO - Processing file /home/airflow/.local/lib/python3.8/site-packages/airflow/example_dags/example_branch_operator_decorator.py for tasks to queue
[2024-06-23T07:08:31.338+0000] {logging_mixin.py:154} INFO - [2024-06-23T07:08:31.338+0000] {dagbag.py:536} INFO - Filling up the DagBag from /home/airflow/.local/lib/python3.8/site-packages/airflow/example_dags/example_branch_operator_decorator.py
[2024-06-23T07:08:31.346+0000] {processor.py:839} INFO - DAG(s) dict_keys(['example_branch_python_operator_decorator']) retrieved from /home/airflow/.local/lib/python3.8/site-packages/airflow/example_dags/example_branch_operator_decorator.py
[2024-06-23T07:08:31.360+0000] {logging_mixin.py:154} INFO - [2024-06-23T07:08:31.360+0000] {dag.py:2941} INFO - Sync 1 DAGs
[2024-06-23T07:08:31.374+0000] {logging_mixin.py:154} INFO - [2024-06-23T07:08:31.374+0000] {dag.py:3722} INFO - Setting next_dagrun for example_branch_python_operator_decorator to 2024-06-22T00:00:00+00:00, run_after=2024-06-23T00:00:00+00:00
[2024-06-23T07:08:31.389+0000] {processor.py:179} INFO - Processing /home/airflow/.local/lib/python3.8/site-packages/airflow/example_dags/example_branch_operator_decorator.py took 0.055 seconds
[2024-06-23T07:09:01.849+0000] {processor.py:157} INFO - Started process (PID=14754) to work on /home/airflow/.local/lib/python3.8/site-packages/airflow/example_dags/example_branch_operator_decorator.py
[2024-06-23T07:09:01.852+0000] {processor.py:829} INFO - Processing file /home/airflow/.local/lib/python3.8/site-packages/airflow/example_dags/example_branch_operator_decorator.py for tasks to queue
[2024-06-23T07:09:01.854+0000] {logging_mixin.py:154} INFO - [2024-06-23T07:09:01.853+0000] {dagbag.py:536} INFO - Filling up the DagBag from /home/airflow/.local/lib/python3.8/site-packages/airflow/example_dags/example_branch_operator_decorator.py
[2024-06-23T07:09:01.866+0000] {processor.py:839} INFO - DAG(s) dict_keys(['example_branch_python_operator_decorator']) retrieved from /home/airflow/.local/lib/python3.8/site-packages/airflow/example_dags/example_branch_operator_decorator.py
[2024-06-23T07:09:01.892+0000] {logging_mixin.py:154} INFO - [2024-06-23T07:09:01.892+0000] {dag.py:2941} INFO - Sync 1 DAGs
[2024-06-23T07:09:01.915+0000] {logging_mixin.py:154} INFO - [2024-06-23T07:09:01.914+0000] {dag.py:3722} INFO - Setting next_dagrun for example_branch_python_operator_decorator to 2024-06-22T00:00:00+00:00, run_after=2024-06-23T00:00:00+00:00
[2024-06-23T07:09:01.931+0000] {processor.py:179} INFO - Processing /home/airflow/.local/lib/python3.8/site-packages/airflow/example_dags/example_branch_operator_decorator.py took 0.085 seconds
[2024-06-23T07:09:33.089+0000] {processor.py:157} INFO - Started process (PID=15005) to work on /home/airflow/.local/lib/python3.8/site-packages/airflow/example_dags/example_branch_operator_decorator.py
[2024-06-23T07:09:33.090+0000] {processor.py:829} INFO - Processing file /home/airflow/.local/lib/python3.8/site-packages/airflow/example_dags/example_branch_operator_decorator.py for tasks to queue
[2024-06-23T07:09:33.091+0000] {logging_mixin.py:154} INFO - [2024-06-23T07:09:33.090+0000] {dagbag.py:536} INFO - Filling up the DagBag from /home/airflow/.local/lib/python3.8/site-packages/airflow/example_dags/example_branch_operator_decorator.py
[2024-06-23T07:09:33.105+0000] {processor.py:839} INFO - DAG(s) dict_keys(['example_branch_python_operator_decorator']) retrieved from /home/airflow/.local/lib/python3.8/site-packages/airflow/example_dags/example_branch_operator_decorator.py
[2024-06-23T07:09:33.136+0000] {logging_mixin.py:154} INFO - [2024-06-23T07:09:33.136+0000] {dag.py:2941} INFO - Sync 1 DAGs
[2024-06-23T07:09:33.201+0000] {logging_mixin.py:154} INFO - [2024-06-23T07:09:33.199+0000] {dag.py:3722} INFO - Setting next_dagrun for example_branch_python_operator_decorator to 2024-06-22T00:00:00+00:00, run_after=2024-06-23T00:00:00+00:00
[2024-06-23T07:09:33.247+0000] {processor.py:179} INFO - Processing /home/airflow/.local/lib/python3.8/site-packages/airflow/example_dags/example_branch_operator_decorator.py took 0.161 seconds
[2024-06-23T07:10:03.586+0000] {processor.py:157} INFO - Started process (PID=15249) to work on /home/airflow/.local/lib/python3.8/site-packages/airflow/example_dags/example_branch_operator_decorator.py
[2024-06-23T07:10:03.587+0000] {processor.py:829} INFO - Processing file /home/airflow/.local/lib/python3.8/site-packages/airflow/example_dags/example_branch_operator_decorator.py for tasks to queue
[2024-06-23T07:10:03.587+0000] {logging_mixin.py:154} INFO - [2024-06-23T07:10:03.587+0000] {dagbag.py:536} INFO - Filling up the DagBag from /home/airflow/.local/lib/python3.8/site-packages/airflow/example_dags/example_branch_operator_decorator.py
[2024-06-23T07:10:03.594+0000] {processor.py:839} INFO - DAG(s) dict_keys(['example_branch_python_operator_decorator']) retrieved from /home/airflow/.local/lib/python3.8/site-packages/airflow/example_dags/example_branch_operator_decorator.py
[2024-06-23T07:10:03.610+0000] {logging_mixin.py:154} INFO - [2024-06-23T07:10:03.610+0000] {dag.py:2941} INFO - Sync 1 DAGs
[2024-06-23T07:10:03.630+0000] {logging_mixin.py:154} INFO - [2024-06-23T07:10:03.629+0000] {dag.py:3722} INFO - Setting next_dagrun for example_branch_python_operator_decorator to 2024-06-22T00:00:00+00:00, run_after=2024-06-23T00:00:00+00:00
[2024-06-23T07:10:03.649+0000] {processor.py:179} INFO - Processing /home/airflow/.local/lib/python3.8/site-packages/airflow/example_dags/example_branch_operator_decorator.py took 0.065 seconds
[2024-06-23T07:10:34.141+0000] {processor.py:157} INFO - Started process (PID=15493) to work on /home/airflow/.local/lib/python3.8/site-packages/airflow/example_dags/example_branch_operator_decorator.py
[2024-06-23T07:10:34.142+0000] {processor.py:829} INFO - Processing file /home/airflow/.local/lib/python3.8/site-packages/airflow/example_dags/example_branch_operator_decorator.py for tasks to queue
[2024-06-23T07:10:34.143+0000] {logging_mixin.py:154} INFO - [2024-06-23T07:10:34.143+0000] {dagbag.py:536} INFO - Filling up the DagBag from /home/airflow/.local/lib/python3.8/site-packages/airflow/example_dags/example_branch_operator_decorator.py
[2024-06-23T07:10:34.151+0000] {processor.py:839} INFO - DAG(s) dict_keys(['example_branch_python_operator_decorator']) retrieved from /home/airflow/.local/lib/python3.8/site-packages/airflow/example_dags/example_branch_operator_decorator.py
[2024-06-23T07:10:34.169+0000] {logging_mixin.py:154} INFO - [2024-06-23T07:10:34.169+0000] {dag.py:2941} INFO - Sync 1 DAGs
[2024-06-23T07:10:34.184+0000] {logging_mixin.py:154} INFO - [2024-06-23T07:10:34.184+0000] {dag.py:3722} INFO - Setting next_dagrun for example_branch_python_operator_decorator to 2024-06-22T00:00:00+00:00, run_after=2024-06-23T00:00:00+00:00
[2024-06-23T07:10:34.197+0000] {processor.py:179} INFO - Processing /home/airflow/.local/lib/python3.8/site-packages/airflow/example_dags/example_branch_operator_decorator.py took 0.059 seconds
[2024-06-23T07:11:04.261+0000] {processor.py:157} INFO - Started process (PID=15737) to work on /home/airflow/.local/lib/python3.8/site-packages/airflow/example_dags/example_branch_operator_decorator.py
[2024-06-23T07:11:04.265+0000] {processor.py:829} INFO - Processing file /home/airflow/.local/lib/python3.8/site-packages/airflow/example_dags/example_branch_operator_decorator.py for tasks to queue
[2024-06-23T07:11:04.266+0000] {logging_mixin.py:154} INFO - [2024-06-23T07:11:04.266+0000] {dagbag.py:536} INFO - Filling up the DagBag from /home/airflow/.local/lib/python3.8/site-packages/airflow/example_dags/example_branch_operator_decorator.py
[2024-06-23T07:11:04.275+0000] {processor.py:839} INFO - DAG(s) dict_keys(['example_branch_python_operator_decorator']) retrieved from /home/airflow/.local/lib/python3.8/site-packages/airflow/example_dags/example_branch_operator_decorator.py
[2024-06-23T07:11:04.290+0000] {logging_mixin.py:154} INFO - [2024-06-23T07:11:04.290+0000] {dag.py:2941} INFO - Sync 1 DAGs
[2024-06-23T07:11:04.304+0000] {logging_mixin.py:154} INFO - [2024-06-23T07:11:04.303+0000] {dag.py:3722} INFO - Setting next_dagrun for example_branch_python_operator_decorator to 2024-06-22T00:00:00+00:00, run_after=2024-06-23T00:00:00+00:00
[2024-06-23T07:11:04.314+0000] {processor.py:179} INFO - Processing /home/airflow/.local/lib/python3.8/site-packages/airflow/example_dags/example_branch_operator_decorator.py took 0.056 seconds
[2024-06-23T07:11:34.656+0000] {processor.py:157} INFO - Started process (PID=15981) to work on /home/airflow/.local/lib/python3.8/site-packages/airflow/example_dags/example_branch_operator_decorator.py
[2024-06-23T07:11:34.658+0000] {processor.py:829} INFO - Processing file /home/airflow/.local/lib/python3.8/site-packages/airflow/example_dags/example_branch_operator_decorator.py for tasks to queue
[2024-06-23T07:11:34.658+0000] {logging_mixin.py:154} INFO - [2024-06-23T07:11:34.658+0000] {dagbag.py:536} INFO - Filling up the DagBag from /home/airflow/.local/lib/python3.8/site-packages/airflow/example_dags/example_branch_operator_decorator.py
[2024-06-23T07:11:34.666+0000] {processor.py:839} INFO - DAG(s) dict_keys(['example_branch_python_operator_decorator']) retrieved from /home/airflow/.local/lib/python3.8/site-packages/airflow/example_dags/example_branch_operator_decorator.py
[2024-06-23T07:11:34.675+0000] {logging_mixin.py:154} INFO - [2024-06-23T07:11:34.675+0000] {dag.py:2941} INFO - Sync 1 DAGs
[2024-06-23T07:11:34.690+0000] {logging_mixin.py:154} INFO - [2024-06-23T07:11:34.690+0000] {dag.py:3722} INFO - Setting next_dagrun for example_branch_python_operator_decorator to 2024-06-22T00:00:00+00:00, run_after=2024-06-23T00:00:00+00:00
[2024-06-23T07:11:34.700+0000] {processor.py:179} INFO - Processing /home/airflow/.local/lib/python3.8/site-packages/airflow/example_dags/example_branch_operator_decorator.py took 0.046 seconds
[2024-06-23T07:12:05.291+0000] {processor.py:157} INFO - Started process (PID=16225) to work on /home/airflow/.local/lib/python3.8/site-packages/airflow/example_dags/example_branch_operator_decorator.py
[2024-06-23T07:12:05.292+0000] {processor.py:829} INFO - Processing file /home/airflow/.local/lib/python3.8/site-packages/airflow/example_dags/example_branch_operator_decorator.py for tasks to queue
[2024-06-23T07:12:05.293+0000] {logging_mixin.py:154} INFO - [2024-06-23T07:12:05.292+0000] {dagbag.py:536} INFO - Filling up the DagBag from /home/airflow/.local/lib/python3.8/site-packages/airflow/example_dags/example_branch_operator_decorator.py
[2024-06-23T07:12:05.301+0000] {processor.py:839} INFO - DAG(s) dict_keys(['example_branch_python_operator_decorator']) retrieved from /home/airflow/.local/lib/python3.8/site-packages/airflow/example_dags/example_branch_operator_decorator.py
[2024-06-23T07:12:05.316+0000] {logging_mixin.py:154} INFO - [2024-06-23T07:12:05.316+0000] {dag.py:2941} INFO - Sync 1 DAGs
[2024-06-23T07:12:05.332+0000] {logging_mixin.py:154} INFO - [2024-06-23T07:12:05.332+0000] {dag.py:3722} INFO - Setting next_dagrun for example_branch_python_operator_decorator to 2024-06-22T00:00:00+00:00, run_after=2024-06-23T00:00:00+00:00
[2024-06-23T07:12:05.346+0000] {processor.py:179} INFO - Processing /home/airflow/.local/lib/python3.8/site-packages/airflow/example_dags/example_branch_operator_decorator.py took 0.057 seconds
[2024-06-23T07:12:35.773+0000] {processor.py:157} INFO - Started process (PID=16469) to work on /home/airflow/.local/lib/python3.8/site-packages/airflow/example_dags/example_branch_operator_decorator.py
[2024-06-23T07:12:35.775+0000] {processor.py:829} INFO - Processing file /home/airflow/.local/lib/python3.8/site-packages/airflow/example_dags/example_branch_operator_decorator.py for tasks to queue
[2024-06-23T07:12:35.775+0000] {logging_mixin.py:154} INFO - [2024-06-23T07:12:35.775+0000] {dagbag.py:536} INFO - Filling up the DagBag from /home/airflow/.local/lib/python3.8/site-packages/airflow/example_dags/example_branch_operator_decorator.py
[2024-06-23T07:12:35.783+0000] {processor.py:839} INFO - DAG(s) dict_keys(['example_branch_python_operator_decorator']) retrieved from /home/airflow/.local/lib/python3.8/site-packages/airflow/example_dags/example_branch_operator_decorator.py
[2024-06-23T07:12:35.799+0000] {logging_mixin.py:154} INFO - [2024-06-23T07:12:35.799+0000] {dag.py:2941} INFO - Sync 1 DAGs
[2024-06-23T07:12:35.814+0000] {logging_mixin.py:154} INFO - [2024-06-23T07:12:35.813+0000] {dag.py:3722} INFO - Setting next_dagrun for example_branch_python_operator_decorator to 2024-06-22T00:00:00+00:00, run_after=2024-06-23T00:00:00+00:00
[2024-06-23T07:12:35.825+0000] {processor.py:179} INFO - Processing /home/airflow/.local/lib/python3.8/site-packages/airflow/example_dags/example_branch_operator_decorator.py took 0.054 seconds
[2024-06-23T07:13:06.187+0000] {processor.py:157} INFO - Started process (PID=16713) to work on /home/airflow/.local/lib/python3.8/site-packages/airflow/example_dags/example_branch_operator_decorator.py
[2024-06-23T07:13:06.188+0000] {processor.py:829} INFO - Processing file /home/airflow/.local/lib/python3.8/site-packages/airflow/example_dags/example_branch_operator_decorator.py for tasks to queue
[2024-06-23T07:13:06.189+0000] {logging_mixin.py:154} INFO - [2024-06-23T07:13:06.188+0000] {dagbag.py:536} INFO - Filling up the DagBag from /home/airflow/.local/lib/python3.8/site-packages/airflow/example_dags/example_branch_operator_decorator.py
[2024-06-23T07:13:06.195+0000] {processor.py:839} INFO - DAG(s) dict_keys(['example_branch_python_operator_decorator']) retrieved from /home/airflow/.local/lib/python3.8/site-packages/airflow/example_dags/example_branch_operator_decorator.py
[2024-06-23T07:13:06.210+0000] {logging_mixin.py:154} INFO - [2024-06-23T07:13:06.210+0000] {dag.py:2941} INFO - Sync 1 DAGs
[2024-06-23T07:13:06.230+0000] {logging_mixin.py:154} INFO - [2024-06-23T07:13:06.230+0000] {dag.py:3722} INFO - Setting next_dagrun for example_branch_python_operator_decorator to 2024-06-22T00:00:00+00:00, run_after=2024-06-23T00:00:00+00:00
[2024-06-23T07:13:06.241+0000] {processor.py:179} INFO - Processing /home/airflow/.local/lib/python3.8/site-packages/airflow/example_dags/example_branch_operator_decorator.py took 0.056 seconds
[2024-06-23T07:13:37.290+0000] {processor.py:157} INFO - Started process (PID=16957) to work on /home/airflow/.local/lib/python3.8/site-packages/airflow/example_dags/example_branch_operator_decorator.py
[2024-06-23T07:13:37.291+0000] {processor.py:829} INFO - Processing file /home/airflow/.local/lib/python3.8/site-packages/airflow/example_dags/example_branch_operator_decorator.py for tasks to queue
[2024-06-23T07:13:37.292+0000] {logging_mixin.py:154} INFO - [2024-06-23T07:13:37.292+0000] {dagbag.py:536} INFO - Filling up the DagBag from /home/airflow/.local/lib/python3.8/site-packages/airflow/example_dags/example_branch_operator_decorator.py
[2024-06-23T07:13:37.300+0000] {processor.py:839} INFO - DAG(s) dict_keys(['example_branch_python_operator_decorator']) retrieved from /home/airflow/.local/lib/python3.8/site-packages/airflow/example_dags/example_branch_operator_decorator.py
[2024-06-23T07:13:37.320+0000] {logging_mixin.py:154} INFO - [2024-06-23T07:13:37.320+0000] {dag.py:2941} INFO - Sync 1 DAGs
[2024-06-23T07:13:37.334+0000] {logging_mixin.py:154} INFO - [2024-06-23T07:13:37.333+0000] {dag.py:3722} INFO - Setting next_dagrun for example_branch_python_operator_decorator to 2024-06-22T00:00:00+00:00, run_after=2024-06-23T00:00:00+00:00
[2024-06-23T07:13:37.345+0000] {processor.py:179} INFO - Processing /home/airflow/.local/lib/python3.8/site-packages/airflow/example_dags/example_branch_operator_decorator.py took 0.058 seconds
[2024-06-23T07:14:08.082+0000] {processor.py:157} INFO - Started process (PID=17201) to work on /home/airflow/.local/lib/python3.8/site-packages/airflow/example_dags/example_branch_operator_decorator.py
[2024-06-23T07:14:08.082+0000] {processor.py:829} INFO - Processing file /home/airflow/.local/lib/python3.8/site-packages/airflow/example_dags/example_branch_operator_decorator.py for tasks to queue
[2024-06-23T07:14:08.083+0000] {logging_mixin.py:154} INFO - [2024-06-23T07:14:08.083+0000] {dagbag.py:536} INFO - Filling up the DagBag from /home/airflow/.local/lib/python3.8/site-packages/airflow/example_dags/example_branch_operator_decorator.py
[2024-06-23T07:14:08.089+0000] {processor.py:839} INFO - DAG(s) dict_keys(['example_branch_python_operator_decorator']) retrieved from /home/airflow/.local/lib/python3.8/site-packages/airflow/example_dags/example_branch_operator_decorator.py
[2024-06-23T07:14:08.103+0000] {logging_mixin.py:154} INFO - [2024-06-23T07:14:08.103+0000] {dag.py:2941} INFO - Sync 1 DAGs
[2024-06-23T07:14:08.116+0000] {logging_mixin.py:154} INFO - [2024-06-23T07:14:08.116+0000] {dag.py:3722} INFO - Setting next_dagrun for example_branch_python_operator_decorator to 2024-06-22T00:00:00+00:00, run_after=2024-06-23T00:00:00+00:00
[2024-06-23T07:14:08.127+0000] {processor.py:179} INFO - Processing /home/airflow/.local/lib/python3.8/site-packages/airflow/example_dags/example_branch_operator_decorator.py took 0.048 seconds
[2024-06-23T07:14:38.794+0000] {processor.py:157} INFO - Started process (PID=17445) to work on /home/airflow/.local/lib/python3.8/site-packages/airflow/example_dags/example_branch_operator_decorator.py
[2024-06-23T07:14:38.795+0000] {processor.py:829} INFO - Processing file /home/airflow/.local/lib/python3.8/site-packages/airflow/example_dags/example_branch_operator_decorator.py for tasks to queue
[2024-06-23T07:14:38.796+0000] {logging_mixin.py:154} INFO - [2024-06-23T07:14:38.796+0000] {dagbag.py:536} INFO - Filling up the DagBag from /home/airflow/.local/lib/python3.8/site-packages/airflow/example_dags/example_branch_operator_decorator.py
[2024-06-23T07:14:38.804+0000] {processor.py:839} INFO - DAG(s) dict_keys(['example_branch_python_operator_decorator']) retrieved from /home/airflow/.local/lib/python3.8/site-packages/airflow/example_dags/example_branch_operator_decorator.py
[2024-06-23T07:14:38.822+0000] {logging_mixin.py:154} INFO - [2024-06-23T07:14:38.822+0000] {dag.py:2941} INFO - Sync 1 DAGs
[2024-06-23T07:14:38.842+0000] {logging_mixin.py:154} INFO - [2024-06-23T07:14:38.841+0000] {dag.py:3722} INFO - Setting next_dagrun for example_branch_python_operator_decorator to 2024-06-22T00:00:00+00:00, run_after=2024-06-23T00:00:00+00:00
[2024-06-23T07:14:38.858+0000] {processor.py:179} INFO - Processing /home/airflow/.local/lib/python3.8/site-packages/airflow/example_dags/example_branch_operator_decorator.py took 0.067 seconds
[2024-06-23T07:15:09.002+0000] {processor.py:157} INFO - Started process (PID=17689) to work on /home/airflow/.local/lib/python3.8/site-packages/airflow/example_dags/example_branch_operator_decorator.py
[2024-06-23T07:15:09.003+0000] {processor.py:829} INFO - Processing file /home/airflow/.local/lib/python3.8/site-packages/airflow/example_dags/example_branch_operator_decorator.py for tasks to queue
[2024-06-23T07:15:09.004+0000] {logging_mixin.py:154} INFO - [2024-06-23T07:15:09.003+0000] {dagbag.py:536} INFO - Filling up the DagBag from /home/airflow/.local/lib/python3.8/site-packages/airflow/example_dags/example_branch_operator_decorator.py
[2024-06-23T07:15:09.010+0000] {processor.py:839} INFO - DAG(s) dict_keys(['example_branch_python_operator_decorator']) retrieved from /home/airflow/.local/lib/python3.8/site-packages/airflow/example_dags/example_branch_operator_decorator.py
[2024-06-23T07:15:09.023+0000] {logging_mixin.py:154} INFO - [2024-06-23T07:15:09.023+0000] {dag.py:2941} INFO - Sync 1 DAGs
[2024-06-23T07:15:09.036+0000] {logging_mixin.py:154} INFO - [2024-06-23T07:15:09.036+0000] {dag.py:3722} INFO - Setting next_dagrun for example_branch_python_operator_decorator to 2024-06-22T00:00:00+00:00, run_after=2024-06-23T00:00:00+00:00
[2024-06-23T07:15:09.046+0000] {processor.py:179} INFO - Processing /home/airflow/.local/lib/python3.8/site-packages/airflow/example_dags/example_branch_operator_decorator.py took 0.046 seconds
[2024-06-23T07:15:40.126+0000] {processor.py:157} INFO - Started process (PID=17933) to work on /home/airflow/.local/lib/python3.8/site-packages/airflow/example_dags/example_branch_operator_decorator.py
[2024-06-23T07:15:40.128+0000] {processor.py:829} INFO - Processing file /home/airflow/.local/lib/python3.8/site-packages/airflow/example_dags/example_branch_operator_decorator.py for tasks to queue
[2024-06-23T07:15:40.128+0000] {logging_mixin.py:154} INFO - [2024-06-23T07:15:40.128+0000] {dagbag.py:536} INFO - Filling up the DagBag from /home/airflow/.local/lib/python3.8/site-packages/airflow/example_dags/example_branch_operator_decorator.py
[2024-06-23T07:15:40.134+0000] {processor.py:839} INFO - DAG(s) dict_keys(['example_branch_python_operator_decorator']) retrieved from /home/airflow/.local/lib/python3.8/site-packages/airflow/example_dags/example_branch_operator_decorator.py
[2024-06-23T07:15:40.146+0000] {logging_mixin.py:154} INFO - [2024-06-23T07:15:40.146+0000] {dag.py:2941} INFO - Sync 1 DAGs
[2024-06-23T07:15:40.159+0000] {logging_mixin.py:154} INFO - [2024-06-23T07:15:40.159+0000] {dag.py:3722} INFO - Setting next_dagrun for example_branch_python_operator_decorator to 2024-06-22T00:00:00+00:00, run_after=2024-06-23T00:00:00+00:00
[2024-06-23T07:15:40.169+0000] {processor.py:179} INFO - Processing /home/airflow/.local/lib/python3.8/site-packages/airflow/example_dags/example_branch_operator_decorator.py took 0.045 seconds
[2024-06-23T07:16:10.765+0000] {processor.py:157} INFO - Started process (PID=18177) to work on /home/airflow/.local/lib/python3.8/site-packages/airflow/example_dags/example_branch_operator_decorator.py
[2024-06-23T07:16:10.766+0000] {processor.py:829} INFO - Processing file /home/airflow/.local/lib/python3.8/site-packages/airflow/example_dags/example_branch_operator_decorator.py for tasks to queue
[2024-06-23T07:16:10.767+0000] {logging_mixin.py:154} INFO - [2024-06-23T07:16:10.767+0000] {dagbag.py:536} INFO - Filling up the DagBag from /home/airflow/.local/lib/python3.8/site-packages/airflow/example_dags/example_branch_operator_decorator.py
[2024-06-23T07:16:10.773+0000] {processor.py:839} INFO - DAG(s) dict_keys(['example_branch_python_operator_decorator']) retrieved from /home/airflow/.local/lib/python3.8/site-packages/airflow/example_dags/example_branch_operator_decorator.py
[2024-06-23T07:16:10.789+0000] {logging_mixin.py:154} INFO - [2024-06-23T07:16:10.789+0000] {dag.py:2941} INFO - Sync 1 DAGs
[2024-06-23T07:16:10.803+0000] {logging_mixin.py:154} INFO - [2024-06-23T07:16:10.803+0000] {dag.py:3722} INFO - Setting next_dagrun for example_branch_python_operator_decorator to 2024-06-22T00:00:00+00:00, run_after=2024-06-23T00:00:00+00:00
[2024-06-23T07:16:10.814+0000] {processor.py:179} INFO - Processing /home/airflow/.local/lib/python3.8/site-packages/airflow/example_dags/example_branch_operator_decorator.py took 0.052 seconds
[2024-06-23T07:16:42.017+0000] {processor.py:157} INFO - Started process (PID=18421) to work on /home/airflow/.local/lib/python3.8/site-packages/airflow/example_dags/example_branch_operator_decorator.py
[2024-06-23T07:16:42.019+0000] {processor.py:829} INFO - Processing file /home/airflow/.local/lib/python3.8/site-packages/airflow/example_dags/example_branch_operator_decorator.py for tasks to queue
[2024-06-23T07:16:42.020+0000] {logging_mixin.py:154} INFO - [2024-06-23T07:16:42.020+0000] {dagbag.py:536} INFO - Filling up the DagBag from /home/airflow/.local/lib/python3.8/site-packages/airflow/example_dags/example_branch_operator_decorator.py
[2024-06-23T07:16:42.033+0000] {processor.py:839} INFO - DAG(s) dict_keys(['example_branch_python_operator_decorator']) retrieved from /home/airflow/.local/lib/python3.8/site-packages/airflow/example_dags/example_branch_operator_decorator.py
[2024-06-23T07:16:42.050+0000] {logging_mixin.py:154} INFO - [2024-06-23T07:16:42.050+0000] {dag.py:2941} INFO - Sync 1 DAGs
[2024-06-23T07:16:42.066+0000] {logging_mixin.py:154} INFO - [2024-06-23T07:16:42.066+0000] {dag.py:3722} INFO - Setting next_dagrun for example_branch_python_operator_decorator to 2024-06-22T00:00:00+00:00, run_after=2024-06-23T00:00:00+00:00
[2024-06-23T07:16:42.079+0000] {processor.py:179} INFO - Processing /home/airflow/.local/lib/python3.8/site-packages/airflow/example_dags/example_branch_operator_decorator.py took 0.065 seconds
[2024-06-23T07:17:12.588+0000] {processor.py:157} INFO - Started process (PID=18667) to work on /home/airflow/.local/lib/python3.8/site-packages/airflow/example_dags/example_branch_operator_decorator.py
[2024-06-23T07:17:12.589+0000] {processor.py:829} INFO - Processing file /home/airflow/.local/lib/python3.8/site-packages/airflow/example_dags/example_branch_operator_decorator.py for tasks to queue
[2024-06-23T07:17:12.590+0000] {logging_mixin.py:154} INFO - [2024-06-23T07:17:12.590+0000] {dagbag.py:536} INFO - Filling up the DagBag from /home/airflow/.local/lib/python3.8/site-packages/airflow/example_dags/example_branch_operator_decorator.py
[2024-06-23T07:17:12.598+0000] {processor.py:839} INFO - DAG(s) dict_keys(['example_branch_python_operator_decorator']) retrieved from /home/airflow/.local/lib/python3.8/site-packages/airflow/example_dags/example_branch_operator_decorator.py
[2024-06-23T07:17:12.618+0000] {logging_mixin.py:154} INFO - [2024-06-23T07:17:12.618+0000] {dag.py:2941} INFO - Sync 1 DAGs
[2024-06-23T07:17:12.643+0000] {logging_mixin.py:154} INFO - [2024-06-23T07:17:12.643+0000] {dag.py:3722} INFO - Setting next_dagrun for example_branch_python_operator_decorator to 2024-06-22T00:00:00+00:00, run_after=2024-06-23T00:00:00+00:00
[2024-06-23T07:17:12.662+0000] {processor.py:179} INFO - Processing /home/airflow/.local/lib/python3.8/site-packages/airflow/example_dags/example_branch_operator_decorator.py took 0.076 seconds
[2024-06-23T07:17:42.953+0000] {processor.py:157} INFO - Started process (PID=18911) to work on /home/airflow/.local/lib/python3.8/site-packages/airflow/example_dags/example_branch_operator_decorator.py
[2024-06-23T07:17:42.954+0000] {processor.py:829} INFO - Processing file /home/airflow/.local/lib/python3.8/site-packages/airflow/example_dags/example_branch_operator_decorator.py for tasks to queue
[2024-06-23T07:17:42.955+0000] {logging_mixin.py:154} INFO - [2024-06-23T07:17:42.955+0000] {dagbag.py:536} INFO - Filling up the DagBag from /home/airflow/.local/lib/python3.8/site-packages/airflow/example_dags/example_branch_operator_decorator.py
[2024-06-23T07:17:42.961+0000] {processor.py:839} INFO - DAG(s) dict_keys(['example_branch_python_operator_decorator']) retrieved from /home/airflow/.local/lib/python3.8/site-packages/airflow/example_dags/example_branch_operator_decorator.py
[2024-06-23T07:17:42.973+0000] {logging_mixin.py:154} INFO - [2024-06-23T07:17:42.973+0000] {dag.py:2941} INFO - Sync 1 DAGs
[2024-06-23T07:17:42.984+0000] {logging_mixin.py:154} INFO - [2024-06-23T07:17:42.984+0000] {dag.py:3722} INFO - Setting next_dagrun for example_branch_python_operator_decorator to 2024-06-22T00:00:00+00:00, run_after=2024-06-23T00:00:00+00:00
[2024-06-23T07:17:42.993+0000] {processor.py:179} INFO - Processing /home/airflow/.local/lib/python3.8/site-packages/airflow/example_dags/example_branch_operator_decorator.py took 0.042 seconds
[2024-06-23T07:18:13.170+0000] {processor.py:157} INFO - Started process (PID=19153) to work on /home/airflow/.local/lib/python3.8/site-packages/airflow/example_dags/example_branch_operator_decorator.py
[2024-06-23T07:18:13.171+0000] {processor.py:829} INFO - Processing file /home/airflow/.local/lib/python3.8/site-packages/airflow/example_dags/example_branch_operator_decorator.py for tasks to queue
[2024-06-23T07:18:13.171+0000] {logging_mixin.py:154} INFO - [2024-06-23T07:18:13.171+0000] {dagbag.py:536} INFO - Filling up the DagBag from /home/airflow/.local/lib/python3.8/site-packages/airflow/example_dags/example_branch_operator_decorator.py
[2024-06-23T07:18:13.179+0000] {processor.py:839} INFO - DAG(s) dict_keys(['example_branch_python_operator_decorator']) retrieved from /home/airflow/.local/lib/python3.8/site-packages/airflow/example_dags/example_branch_operator_decorator.py
[2024-06-23T07:18:13.196+0000] {logging_mixin.py:154} INFO - [2024-06-23T07:18:13.196+0000] {dag.py:2941} INFO - Sync 1 DAGs
[2024-06-23T07:18:13.212+0000] {logging_mixin.py:154} INFO - [2024-06-23T07:18:13.212+0000] {dag.py:3722} INFO - Setting next_dagrun for example_branch_python_operator_decorator to 2024-06-22T00:00:00+00:00, run_after=2024-06-23T00:00:00+00:00
[2024-06-23T07:18:13.225+0000] {processor.py:179} INFO - Processing /home/airflow/.local/lib/python3.8/site-packages/airflow/example_dags/example_branch_operator_decorator.py took 0.057 seconds
[2024-06-23T07:18:44.188+0000] {processor.py:157} INFO - Started process (PID=19397) to work on /home/airflow/.local/lib/python3.8/site-packages/airflow/example_dags/example_branch_operator_decorator.py
[2024-06-23T07:18:44.189+0000] {processor.py:829} INFO - Processing file /home/airflow/.local/lib/python3.8/site-packages/airflow/example_dags/example_branch_operator_decorator.py for tasks to queue
[2024-06-23T07:18:44.190+0000] {logging_mixin.py:154} INFO - [2024-06-23T07:18:44.189+0000] {dagbag.py:536} INFO - Filling up the DagBag from /home/airflow/.local/lib/python3.8/site-packages/airflow/example_dags/example_branch_operator_decorator.py
[2024-06-23T07:18:44.197+0000] {processor.py:839} INFO - DAG(s) dict_keys(['example_branch_python_operator_decorator']) retrieved from /home/airflow/.local/lib/python3.8/site-packages/airflow/example_dags/example_branch_operator_decorator.py
[2024-06-23T07:18:44.210+0000] {logging_mixin.py:154} INFO - [2024-06-23T07:18:44.210+0000] {dag.py:2941} INFO - Sync 1 DAGs
[2024-06-23T07:18:44.222+0000] {logging_mixin.py:154} INFO - [2024-06-23T07:18:44.222+0000] {dag.py:3722} INFO - Setting next_dagrun for example_branch_python_operator_decorator to 2024-06-22T00:00:00+00:00, run_after=2024-06-23T00:00:00+00:00
[2024-06-23T07:18:44.232+0000] {processor.py:179} INFO - Processing /home/airflow/.local/lib/python3.8/site-packages/airflow/example_dags/example_branch_operator_decorator.py took 0.046 seconds
[2024-06-23T07:19:14.356+0000] {processor.py:157} INFO - Started process (PID=19640) to work on /home/airflow/.local/lib/python3.8/site-packages/airflow/example_dags/example_branch_operator_decorator.py
[2024-06-23T07:19:14.356+0000] {processor.py:829} INFO - Processing file /home/airflow/.local/lib/python3.8/site-packages/airflow/example_dags/example_branch_operator_decorator.py for tasks to queue
[2024-06-23T07:19:14.357+0000] {logging_mixin.py:154} INFO - [2024-06-23T07:19:14.357+0000] {dagbag.py:536} INFO - Filling up the DagBag from /home/airflow/.local/lib/python3.8/site-packages/airflow/example_dags/example_branch_operator_decorator.py
[2024-06-23T07:19:14.363+0000] {processor.py:839} INFO - DAG(s) dict_keys(['example_branch_python_operator_decorator']) retrieved from /home/airflow/.local/lib/python3.8/site-packages/airflow/example_dags/example_branch_operator_decorator.py
[2024-06-23T07:19:14.376+0000] {logging_mixin.py:154} INFO - [2024-06-23T07:19:14.376+0000] {dag.py:2941} INFO - Sync 1 DAGs
[2024-06-23T07:19:14.388+0000] {logging_mixin.py:154} INFO - [2024-06-23T07:19:14.388+0000] {dag.py:3722} INFO - Setting next_dagrun for example_branch_python_operator_decorator to 2024-06-22T00:00:00+00:00, run_after=2024-06-23T00:00:00+00:00
[2024-06-23T07:19:14.397+0000] {processor.py:179} INFO - Processing /home/airflow/.local/lib/python3.8/site-packages/airflow/example_dags/example_branch_operator_decorator.py took 0.044 seconds
[2024-06-23T07:19:45.108+0000] {processor.py:157} INFO - Started process (PID=19886) to work on /home/airflow/.local/lib/python3.8/site-packages/airflow/example_dags/example_branch_operator_decorator.py
[2024-06-23T07:19:45.109+0000] {processor.py:829} INFO - Processing file /home/airflow/.local/lib/python3.8/site-packages/airflow/example_dags/example_branch_operator_decorator.py for tasks to queue
[2024-06-23T07:19:45.110+0000] {logging_mixin.py:154} INFO - [2024-06-23T07:19:45.110+0000] {dagbag.py:536} INFO - Filling up the DagBag from /home/airflow/.local/lib/python3.8/site-packages/airflow/example_dags/example_branch_operator_decorator.py
[2024-06-23T07:19:45.118+0000] {processor.py:839} INFO - DAG(s) dict_keys(['example_branch_python_operator_decorator']) retrieved from /home/airflow/.local/lib/python3.8/site-packages/airflow/example_dags/example_branch_operator_decorator.py
[2024-06-23T07:19:45.137+0000] {logging_mixin.py:154} INFO - [2024-06-23T07:19:45.136+0000] {dag.py:2941} INFO - Sync 1 DAGs
[2024-06-23T07:19:45.156+0000] {logging_mixin.py:154} INFO - [2024-06-23T07:19:45.155+0000] {dag.py:3722} INFO - Setting next_dagrun for example_branch_python_operator_decorator to 2024-06-22T00:00:00+00:00, run_after=2024-06-23T00:00:00+00:00
[2024-06-23T07:19:45.167+0000] {processor.py:179} INFO - Processing /home/airflow/.local/lib/python3.8/site-packages/airflow/example_dags/example_branch_operator_decorator.py took 0.062 seconds
[2024-06-23T07:20:15.844+0000] {processor.py:157} INFO - Started process (PID=20127) to work on /home/airflow/.local/lib/python3.8/site-packages/airflow/example_dags/example_branch_operator_decorator.py
[2024-06-23T07:20:15.846+0000] {processor.py:829} INFO - Processing file /home/airflow/.local/lib/python3.8/site-packages/airflow/example_dags/example_branch_operator_decorator.py for tasks to queue
[2024-06-23T07:20:15.847+0000] {logging_mixin.py:154} INFO - [2024-06-23T07:20:15.846+0000] {dagbag.py:536} INFO - Filling up the DagBag from /home/airflow/.local/lib/python3.8/site-packages/airflow/example_dags/example_branch_operator_decorator.py
[2024-06-23T07:20:15.853+0000] {processor.py:839} INFO - DAG(s) dict_keys(['example_branch_python_operator_decorator']) retrieved from /home/airflow/.local/lib/python3.8/site-packages/airflow/example_dags/example_branch_operator_decorator.py
[2024-06-23T07:20:15.867+0000] {logging_mixin.py:154} INFO - [2024-06-23T07:20:15.866+0000] {dag.py:2941} INFO - Sync 1 DAGs
[2024-06-23T07:20:15.881+0000] {logging_mixin.py:154} INFO - [2024-06-23T07:20:15.881+0000] {dag.py:3722} INFO - Setting next_dagrun for example_branch_python_operator_decorator to 2024-06-22T00:00:00+00:00, run_after=2024-06-23T00:00:00+00:00
[2024-06-23T07:20:15.892+0000] {processor.py:179} INFO - Processing /home/airflow/.local/lib/python3.8/site-packages/airflow/example_dags/example_branch_operator_decorator.py took 0.050 seconds
[2024-06-23T07:20:46.633+0000] {processor.py:157} INFO - Started process (PID=20370) to work on /home/airflow/.local/lib/python3.8/site-packages/airflow/example_dags/example_branch_operator_decorator.py
[2024-06-23T07:20:46.634+0000] {processor.py:829} INFO - Processing file /home/airflow/.local/lib/python3.8/site-packages/airflow/example_dags/example_branch_operator_decorator.py for tasks to queue
[2024-06-23T07:20:46.635+0000] {logging_mixin.py:154} INFO - [2024-06-23T07:20:46.634+0000] {dagbag.py:536} INFO - Filling up the DagBag from /home/airflow/.local/lib/python3.8/site-packages/airflow/example_dags/example_branch_operator_decorator.py
[2024-06-23T07:20:46.640+0000] {processor.py:839} INFO - DAG(s) dict_keys(['example_branch_python_operator_decorator']) retrieved from /home/airflow/.local/lib/python3.8/site-packages/airflow/example_dags/example_branch_operator_decorator.py
[2024-06-23T07:20:46.651+0000] {logging_mixin.py:154} INFO - [2024-06-23T07:20:46.651+0000] {dag.py:2941} INFO - Sync 1 DAGs
[2024-06-23T07:20:46.661+0000] {logging_mixin.py:154} INFO - [2024-06-23T07:20:46.661+0000] {dag.py:3722} INFO - Setting next_dagrun for example_branch_python_operator_decorator to 2024-06-22T00:00:00+00:00, run_after=2024-06-23T00:00:00+00:00
[2024-06-23T07:20:46.669+0000] {processor.py:179} INFO - Processing /home/airflow/.local/lib/python3.8/site-packages/airflow/example_dags/example_branch_operator_decorator.py took 0.037 seconds
[2024-06-23T07:21:17.109+0000] {processor.py:157} INFO - Started process (PID=20614) to work on /home/airflow/.local/lib/python3.8/site-packages/airflow/example_dags/example_branch_operator_decorator.py
[2024-06-23T07:21:17.111+0000] {processor.py:829} INFO - Processing file /home/airflow/.local/lib/python3.8/site-packages/airflow/example_dags/example_branch_operator_decorator.py for tasks to queue
[2024-06-23T07:21:17.112+0000] {logging_mixin.py:154} INFO - [2024-06-23T07:21:17.112+0000] {dagbag.py:536} INFO - Filling up the DagBag from /home/airflow/.local/lib/python3.8/site-packages/airflow/example_dags/example_branch_operator_decorator.py
[2024-06-23T07:21:17.122+0000] {processor.py:839} INFO - DAG(s) dict_keys(['example_branch_python_operator_decorator']) retrieved from /home/airflow/.local/lib/python3.8/site-packages/airflow/example_dags/example_branch_operator_decorator.py
[2024-06-23T07:21:17.144+0000] {logging_mixin.py:154} INFO - [2024-06-23T07:21:17.144+0000] {dag.py:2941} INFO - Sync 1 DAGs
[2024-06-23T07:21:17.167+0000] {logging_mixin.py:154} INFO - [2024-06-23T07:21:17.167+0000] {dag.py:3722} INFO - Setting next_dagrun for example_branch_python_operator_decorator to 2024-06-22T00:00:00+00:00, run_after=2024-06-23T00:00:00+00:00
[2024-06-23T07:21:17.182+0000] {processor.py:179} INFO - Processing /home/airflow/.local/lib/python3.8/site-packages/airflow/example_dags/example_branch_operator_decorator.py took 0.075 seconds
[2024-06-23T07:21:48.121+0000] {processor.py:157} INFO - Started process (PID=20858) to work on /home/airflow/.local/lib/python3.8/site-packages/airflow/example_dags/example_branch_operator_decorator.py
[2024-06-23T07:21:48.122+0000] {processor.py:829} INFO - Processing file /home/airflow/.local/lib/python3.8/site-packages/airflow/example_dags/example_branch_operator_decorator.py for tasks to queue
[2024-06-23T07:21:48.123+0000] {logging_mixin.py:154} INFO - [2024-06-23T07:21:48.123+0000] {dagbag.py:536} INFO - Filling up the DagBag from /home/airflow/.local/lib/python3.8/site-packages/airflow/example_dags/example_branch_operator_decorator.py
[2024-06-23T07:21:48.129+0000] {processor.py:839} INFO - DAG(s) dict_keys(['example_branch_python_operator_decorator']) retrieved from /home/airflow/.local/lib/python3.8/site-packages/airflow/example_dags/example_branch_operator_decorator.py
[2024-06-23T07:21:48.141+0000] {logging_mixin.py:154} INFO - [2024-06-23T07:21:48.141+0000] {dag.py:2941} INFO - Sync 1 DAGs
[2024-06-23T07:21:48.154+0000] {logging_mixin.py:154} INFO - [2024-06-23T07:21:48.153+0000] {dag.py:3722} INFO - Setting next_dagrun for example_branch_python_operator_decorator to 2024-06-22T00:00:00+00:00, run_after=2024-06-23T00:00:00+00:00
[2024-06-23T07:21:48.162+0000] {processor.py:179} INFO - Processing /home/airflow/.local/lib/python3.8/site-packages/airflow/example_dags/example_branch_operator_decorator.py took 0.044 seconds
[2024-06-23T07:22:18.817+0000] {processor.py:157} INFO - Started process (PID=21102) to work on /home/airflow/.local/lib/python3.8/site-packages/airflow/example_dags/example_branch_operator_decorator.py
[2024-06-23T07:22:18.818+0000] {processor.py:829} INFO - Processing file /home/airflow/.local/lib/python3.8/site-packages/airflow/example_dags/example_branch_operator_decorator.py for tasks to queue
[2024-06-23T07:22:18.819+0000] {logging_mixin.py:154} INFO - [2024-06-23T07:22:18.818+0000] {dagbag.py:536} INFO - Filling up the DagBag from /home/airflow/.local/lib/python3.8/site-packages/airflow/example_dags/example_branch_operator_decorator.py
[2024-06-23T07:22:18.824+0000] {processor.py:839} INFO - DAG(s) dict_keys(['example_branch_python_operator_decorator']) retrieved from /home/airflow/.local/lib/python3.8/site-packages/airflow/example_dags/example_branch_operator_decorator.py
[2024-06-23T07:22:18.837+0000] {logging_mixin.py:154} INFO - [2024-06-23T07:22:18.837+0000] {dag.py:2941} INFO - Sync 1 DAGs
[2024-06-23T07:22:18.849+0000] {logging_mixin.py:154} INFO - [2024-06-23T07:22:18.849+0000] {dag.py:3722} INFO - Setting next_dagrun for example_branch_python_operator_decorator to 2024-06-22T00:00:00+00:00, run_after=2024-06-23T00:00:00+00:00
[2024-06-23T07:22:18.859+0000] {processor.py:179} INFO - Processing /home/airflow/.local/lib/python3.8/site-packages/airflow/example_dags/example_branch_operator_decorator.py took 0.044 seconds
[2024-06-23T07:22:49.717+0000] {processor.py:157} INFO - Started process (PID=21346) to work on /home/airflow/.local/lib/python3.8/site-packages/airflow/example_dags/example_branch_operator_decorator.py
[2024-06-23T07:22:49.718+0000] {processor.py:829} INFO - Processing file /home/airflow/.local/lib/python3.8/site-packages/airflow/example_dags/example_branch_operator_decorator.py for tasks to queue
[2024-06-23T07:22:49.718+0000] {logging_mixin.py:154} INFO - [2024-06-23T07:22:49.718+0000] {dagbag.py:536} INFO - Filling up the DagBag from /home/airflow/.local/lib/python3.8/site-packages/airflow/example_dags/example_branch_operator_decorator.py
[2024-06-23T07:22:49.725+0000] {processor.py:839} INFO - DAG(s) dict_keys(['example_branch_python_operator_decorator']) retrieved from /home/airflow/.local/lib/python3.8/site-packages/airflow/example_dags/example_branch_operator_decorator.py
[2024-06-23T07:22:49.738+0000] {logging_mixin.py:154} INFO - [2024-06-23T07:22:49.738+0000] {dag.py:2941} INFO - Sync 1 DAGs
[2024-06-23T07:22:49.749+0000] {logging_mixin.py:154} INFO - [2024-06-23T07:22:49.749+0000] {dag.py:3722} INFO - Setting next_dagrun for example_branch_python_operator_decorator to 2024-06-22T00:00:00+00:00, run_after=2024-06-23T00:00:00+00:00
[2024-06-23T07:22:49.757+0000] {processor.py:179} INFO - Processing /home/airflow/.local/lib/python3.8/site-packages/airflow/example_dags/example_branch_operator_decorator.py took 0.042 seconds
[2024-06-23T07:23:20.435+0000] {processor.py:157} INFO - Started process (PID=21592) to work on /home/airflow/.local/lib/python3.8/site-packages/airflow/example_dags/example_branch_operator_decorator.py
[2024-06-23T07:23:20.436+0000] {processor.py:829} INFO - Processing file /home/airflow/.local/lib/python3.8/site-packages/airflow/example_dags/example_branch_operator_decorator.py for tasks to queue
[2024-06-23T07:23:20.437+0000] {logging_mixin.py:154} INFO - [2024-06-23T07:23:20.436+0000] {dagbag.py:536} INFO - Filling up the DagBag from /home/airflow/.local/lib/python3.8/site-packages/airflow/example_dags/example_branch_operator_decorator.py
[2024-06-23T07:23:20.442+0000] {processor.py:839} INFO - DAG(s) dict_keys(['example_branch_python_operator_decorator']) retrieved from /home/airflow/.local/lib/python3.8/site-packages/airflow/example_dags/example_branch_operator_decorator.py
[2024-06-23T07:23:20.454+0000] {logging_mixin.py:154} INFO - [2024-06-23T07:23:20.454+0000] {dag.py:2941} INFO - Sync 1 DAGs
[2024-06-23T07:23:20.466+0000] {logging_mixin.py:154} INFO - [2024-06-23T07:23:20.465+0000] {dag.py:3722} INFO - Setting next_dagrun for example_branch_python_operator_decorator to 2024-06-22T00:00:00+00:00, run_after=2024-06-23T00:00:00+00:00
[2024-06-23T07:23:20.474+0000] {processor.py:179} INFO - Processing /home/airflow/.local/lib/python3.8/site-packages/airflow/example_dags/example_branch_operator_decorator.py took 0.041 seconds
[2024-06-23T07:23:51.319+0000] {processor.py:157} INFO - Started process (PID=21834) to work on /home/airflow/.local/lib/python3.8/site-packages/airflow/example_dags/example_branch_operator_decorator.py
[2024-06-23T07:23:51.320+0000] {processor.py:829} INFO - Processing file /home/airflow/.local/lib/python3.8/site-packages/airflow/example_dags/example_branch_operator_decorator.py for tasks to queue
[2024-06-23T07:23:51.321+0000] {logging_mixin.py:154} INFO - [2024-06-23T07:23:51.321+0000] {dagbag.py:536} INFO - Filling up the DagBag from /home/airflow/.local/lib/python3.8/site-packages/airflow/example_dags/example_branch_operator_decorator.py
[2024-06-23T07:23:51.327+0000] {processor.py:839} INFO - DAG(s) dict_keys(['example_branch_python_operator_decorator']) retrieved from /home/airflow/.local/lib/python3.8/site-packages/airflow/example_dags/example_branch_operator_decorator.py
[2024-06-23T07:23:51.342+0000] {logging_mixin.py:154} INFO - [2024-06-23T07:23:51.342+0000] {dag.py:2941} INFO - Sync 1 DAGs
[2024-06-23T07:23:51.355+0000] {logging_mixin.py:154} INFO - [2024-06-23T07:23:51.355+0000] {dag.py:3722} INFO - Setting next_dagrun for example_branch_python_operator_decorator to 2024-06-22T00:00:00+00:00, run_after=2024-06-23T00:00:00+00:00
[2024-06-23T07:23:51.366+0000] {processor.py:179} INFO - Processing /home/airflow/.local/lib/python3.8/site-packages/airflow/example_dags/example_branch_operator_decorator.py took 0.049 seconds
[2024-06-23T07:24:22.364+0000] {processor.py:157} INFO - Started process (PID=22080) to work on /home/airflow/.local/lib/python3.8/site-packages/airflow/example_dags/example_branch_operator_decorator.py
[2024-06-23T07:24:22.365+0000] {processor.py:829} INFO - Processing file /home/airflow/.local/lib/python3.8/site-packages/airflow/example_dags/example_branch_operator_decorator.py for tasks to queue
[2024-06-23T07:24:22.366+0000] {logging_mixin.py:154} INFO - [2024-06-23T07:24:22.366+0000] {dagbag.py:536} INFO - Filling up the DagBag from /home/airflow/.local/lib/python3.8/site-packages/airflow/example_dags/example_branch_operator_decorator.py
[2024-06-23T07:24:22.373+0000] {processor.py:839} INFO - DAG(s) dict_keys(['example_branch_python_operator_decorator']) retrieved from /home/airflow/.local/lib/python3.8/site-packages/airflow/example_dags/example_branch_operator_decorator.py
[2024-06-23T07:24:22.385+0000] {logging_mixin.py:154} INFO - [2024-06-23T07:24:22.384+0000] {dag.py:2941} INFO - Sync 1 DAGs
[2024-06-23T07:24:22.396+0000] {logging_mixin.py:154} INFO - [2024-06-23T07:24:22.395+0000] {dag.py:3722} INFO - Setting next_dagrun for example_branch_python_operator_decorator to 2024-06-22T00:00:00+00:00, run_after=2024-06-23T00:00:00+00:00
[2024-06-23T07:24:22.404+0000] {processor.py:179} INFO - Processing /home/airflow/.local/lib/python3.8/site-packages/airflow/example_dags/example_branch_operator_decorator.py took 0.044 seconds
[2024-06-23T07:24:53.317+0000] {processor.py:157} INFO - Started process (PID=22322) to work on /home/airflow/.local/lib/python3.8/site-packages/airflow/example_dags/example_branch_operator_decorator.py
[2024-06-23T07:24:53.317+0000] {processor.py:829} INFO - Processing file /home/airflow/.local/lib/python3.8/site-packages/airflow/example_dags/example_branch_operator_decorator.py for tasks to queue
[2024-06-23T07:24:53.318+0000] {logging_mixin.py:154} INFO - [2024-06-23T07:24:53.318+0000] {dagbag.py:536} INFO - Filling up the DagBag from /home/airflow/.local/lib/python3.8/site-packages/airflow/example_dags/example_branch_operator_decorator.py
[2024-06-23T07:24:53.324+0000] {processor.py:839} INFO - DAG(s) dict_keys(['example_branch_python_operator_decorator']) retrieved from /home/airflow/.local/lib/python3.8/site-packages/airflow/example_dags/example_branch_operator_decorator.py
[2024-06-23T07:24:53.336+0000] {logging_mixin.py:154} INFO - [2024-06-23T07:24:53.336+0000] {dag.py:2941} INFO - Sync 1 DAGs
[2024-06-23T07:24:53.348+0000] {logging_mixin.py:154} INFO - [2024-06-23T07:24:53.348+0000] {dag.py:3722} INFO - Setting next_dagrun for example_branch_python_operator_decorator to 2024-06-22T00:00:00+00:00, run_after=2024-06-23T00:00:00+00:00
[2024-06-23T07:24:53.356+0000] {processor.py:179} INFO - Processing /home/airflow/.local/lib/python3.8/site-packages/airflow/example_dags/example_branch_operator_decorator.py took 0.042 seconds
[2024-06-23T07:25:23.621+0000] {processor.py:157} INFO - Started process (PID=22566) to work on /home/airflow/.local/lib/python3.8/site-packages/airflow/example_dags/example_branch_operator_decorator.py
[2024-06-23T07:25:23.623+0000] {processor.py:829} INFO - Processing file /home/airflow/.local/lib/python3.8/site-packages/airflow/example_dags/example_branch_operator_decorator.py for tasks to queue
[2024-06-23T07:25:23.623+0000] {logging_mixin.py:154} INFO - [2024-06-23T07:25:23.623+0000] {dagbag.py:536} INFO - Filling up the DagBag from /home/airflow/.local/lib/python3.8/site-packages/airflow/example_dags/example_branch_operator_decorator.py
[2024-06-23T07:25:23.631+0000] {processor.py:839} INFO - DAG(s) dict_keys(['example_branch_python_operator_decorator']) retrieved from /home/airflow/.local/lib/python3.8/site-packages/airflow/example_dags/example_branch_operator_decorator.py
[2024-06-23T07:25:23.648+0000] {logging_mixin.py:154} INFO - [2024-06-23T07:25:23.648+0000] {dag.py:2941} INFO - Sync 1 DAGs
[2024-06-23T07:25:23.661+0000] {logging_mixin.py:154} INFO - [2024-06-23T07:25:23.661+0000] {dag.py:3722} INFO - Setting next_dagrun for example_branch_python_operator_decorator to 2024-06-22T00:00:00+00:00, run_after=2024-06-23T00:00:00+00:00
[2024-06-23T07:25:23.672+0000] {processor.py:179} INFO - Processing /home/airflow/.local/lib/python3.8/site-packages/airflow/example_dags/example_branch_operator_decorator.py took 0.055 seconds
[2024-06-23T07:25:54.594+0000] {processor.py:157} INFO - Started process (PID=22810) to work on /home/airflow/.local/lib/python3.8/site-packages/airflow/example_dags/example_branch_operator_decorator.py
[2024-06-23T07:25:54.595+0000] {processor.py:829} INFO - Processing file /home/airflow/.local/lib/python3.8/site-packages/airflow/example_dags/example_branch_operator_decorator.py for tasks to queue
[2024-06-23T07:25:54.595+0000] {logging_mixin.py:154} INFO - [2024-06-23T07:25:54.595+0000] {dagbag.py:536} INFO - Filling up the DagBag from /home/airflow/.local/lib/python3.8/site-packages/airflow/example_dags/example_branch_operator_decorator.py
[2024-06-23T07:25:54.601+0000] {processor.py:839} INFO - DAG(s) dict_keys(['example_branch_python_operator_decorator']) retrieved from /home/airflow/.local/lib/python3.8/site-packages/airflow/example_dags/example_branch_operator_decorator.py
[2024-06-23T07:25:54.613+0000] {logging_mixin.py:154} INFO - [2024-06-23T07:25:54.613+0000] {dag.py:2941} INFO - Sync 1 DAGs
[2024-06-23T07:25:54.625+0000] {logging_mixin.py:154} INFO - [2024-06-23T07:25:54.625+0000] {dag.py:3722} INFO - Setting next_dagrun for example_branch_python_operator_decorator to 2024-06-22T00:00:00+00:00, run_after=2024-06-23T00:00:00+00:00
[2024-06-23T07:25:54.634+0000] {processor.py:179} INFO - Processing /home/airflow/.local/lib/python3.8/site-packages/airflow/example_dags/example_branch_operator_decorator.py took 0.042 seconds
[2024-06-23T07:26:25.471+0000] {processor.py:157} INFO - Started process (PID=23054) to work on /home/airflow/.local/lib/python3.8/site-packages/airflow/example_dags/example_branch_operator_decorator.py
[2024-06-23T07:26:25.472+0000] {processor.py:829} INFO - Processing file /home/airflow/.local/lib/python3.8/site-packages/airflow/example_dags/example_branch_operator_decorator.py for tasks to queue
[2024-06-23T07:26:25.472+0000] {logging_mixin.py:154} INFO - [2024-06-23T07:26:25.472+0000] {dagbag.py:536} INFO - Filling up the DagBag from /home/airflow/.local/lib/python3.8/site-packages/airflow/example_dags/example_branch_operator_decorator.py
[2024-06-23T07:26:25.479+0000] {processor.py:839} INFO - DAG(s) dict_keys(['example_branch_python_operator_decorator']) retrieved from /home/airflow/.local/lib/python3.8/site-packages/airflow/example_dags/example_branch_operator_decorator.py
[2024-06-23T07:26:25.493+0000] {logging_mixin.py:154} INFO - [2024-06-23T07:26:25.493+0000] {dag.py:2941} INFO - Sync 1 DAGs
[2024-06-23T07:26:25.513+0000] {logging_mixin.py:154} INFO - [2024-06-23T07:26:25.512+0000] {dag.py:3722} INFO - Setting next_dagrun for example_branch_python_operator_decorator to 2024-06-22T00:00:00+00:00, run_after=2024-06-23T00:00:00+00:00
[2024-06-23T07:26:25.527+0000] {processor.py:179} INFO - Processing /home/airflow/.local/lib/python3.8/site-packages/airflow/example_dags/example_branch_operator_decorator.py took 0.058 seconds
[2024-06-23T07:26:56.300+0000] {processor.py:157} INFO - Started process (PID=23298) to work on /home/airflow/.local/lib/python3.8/site-packages/airflow/example_dags/example_branch_operator_decorator.py
[2024-06-23T07:26:56.301+0000] {processor.py:829} INFO - Processing file /home/airflow/.local/lib/python3.8/site-packages/airflow/example_dags/example_branch_operator_decorator.py for tasks to queue
[2024-06-23T07:26:56.301+0000] {logging_mixin.py:154} INFO - [2024-06-23T07:26:56.301+0000] {dagbag.py:536} INFO - Filling up the DagBag from /home/airflow/.local/lib/python3.8/site-packages/airflow/example_dags/example_branch_operator_decorator.py
[2024-06-23T07:26:56.307+0000] {processor.py:839} INFO - DAG(s) dict_keys(['example_branch_python_operator_decorator']) retrieved from /home/airflow/.local/lib/python3.8/site-packages/airflow/example_dags/example_branch_operator_decorator.py
[2024-06-23T07:26:56.319+0000] {logging_mixin.py:154} INFO - [2024-06-23T07:26:56.319+0000] {dag.py:2941} INFO - Sync 1 DAGs
[2024-06-23T07:26:56.331+0000] {logging_mixin.py:154} INFO - [2024-06-23T07:26:56.331+0000] {dag.py:3722} INFO - Setting next_dagrun for example_branch_python_operator_decorator to 2024-06-22T00:00:00+00:00, run_after=2024-06-23T00:00:00+00:00
[2024-06-23T07:26:56.340+0000] {processor.py:179} INFO - Processing /home/airflow/.local/lib/python3.8/site-packages/airflow/example_dags/example_branch_operator_decorator.py took 0.041 seconds
[2024-06-23T07:27:27.289+0000] {processor.py:157} INFO - Started process (PID=23541) to work on /home/airflow/.local/lib/python3.8/site-packages/airflow/example_dags/example_branch_operator_decorator.py
[2024-06-23T07:27:27.290+0000] {processor.py:829} INFO - Processing file /home/airflow/.local/lib/python3.8/site-packages/airflow/example_dags/example_branch_operator_decorator.py for tasks to queue
[2024-06-23T07:27:27.290+0000] {logging_mixin.py:154} INFO - [2024-06-23T07:27:27.290+0000] {dagbag.py:536} INFO - Filling up the DagBag from /home/airflow/.local/lib/python3.8/site-packages/airflow/example_dags/example_branch_operator_decorator.py
[2024-06-23T07:27:27.296+0000] {processor.py:839} INFO - DAG(s) dict_keys(['example_branch_python_operator_decorator']) retrieved from /home/airflow/.local/lib/python3.8/site-packages/airflow/example_dags/example_branch_operator_decorator.py
[2024-06-23T07:27:27.309+0000] {logging_mixin.py:154} INFO - [2024-06-23T07:27:27.308+0000] {dag.py:2941} INFO - Sync 1 DAGs
[2024-06-23T07:27:27.321+0000] {logging_mixin.py:154} INFO - [2024-06-23T07:27:27.321+0000] {dag.py:3722} INFO - Setting next_dagrun for example_branch_python_operator_decorator to 2024-06-22T00:00:00+00:00, run_after=2024-06-23T00:00:00+00:00
[2024-06-23T07:27:27.329+0000] {processor.py:179} INFO - Processing /home/airflow/.local/lib/python3.8/site-packages/airflow/example_dags/example_branch_operator_decorator.py took 0.042 seconds
[2024-06-23T07:27:58.077+0000] {processor.py:157} INFO - Started process (PID=23787) to work on /home/airflow/.local/lib/python3.8/site-packages/airflow/example_dags/example_branch_operator_decorator.py
[2024-06-23T07:27:58.078+0000] {processor.py:829} INFO - Processing file /home/airflow/.local/lib/python3.8/site-packages/airflow/example_dags/example_branch_operator_decorator.py for tasks to queue
[2024-06-23T07:27:58.078+0000] {logging_mixin.py:154} INFO - [2024-06-23T07:27:58.078+0000] {dagbag.py:536} INFO - Filling up the DagBag from /home/airflow/.local/lib/python3.8/site-packages/airflow/example_dags/example_branch_operator_decorator.py
[2024-06-23T07:27:58.084+0000] {processor.py:839} INFO - DAG(s) dict_keys(['example_branch_python_operator_decorator']) retrieved from /home/airflow/.local/lib/python3.8/site-packages/airflow/example_dags/example_branch_operator_decorator.py
[2024-06-23T07:27:58.097+0000] {logging_mixin.py:154} INFO - [2024-06-23T07:27:58.097+0000] {dag.py:2941} INFO - Sync 1 DAGs
[2024-06-23T07:27:58.110+0000] {logging_mixin.py:154} INFO - [2024-06-23T07:27:58.110+0000] {dag.py:3722} INFO - Setting next_dagrun for example_branch_python_operator_decorator to 2024-06-22T00:00:00+00:00, run_after=2024-06-23T00:00:00+00:00
[2024-06-23T07:27:58.121+0000] {processor.py:179} INFO - Processing /home/airflow/.local/lib/python3.8/site-packages/airflow/example_dags/example_branch_operator_decorator.py took 0.046 seconds
[2024-06-23T07:28:29.150+0000] {processor.py:157} INFO - Started process (PID=24029) to work on /home/airflow/.local/lib/python3.8/site-packages/airflow/example_dags/example_branch_operator_decorator.py
[2024-06-23T07:28:29.151+0000] {processor.py:829} INFO - Processing file /home/airflow/.local/lib/python3.8/site-packages/airflow/example_dags/example_branch_operator_decorator.py for tasks to queue
[2024-06-23T07:28:29.153+0000] {logging_mixin.py:154} INFO - [2024-06-23T07:28:29.153+0000] {dagbag.py:536} INFO - Filling up the DagBag from /home/airflow/.local/lib/python3.8/site-packages/airflow/example_dags/example_branch_operator_decorator.py
[2024-06-23T07:28:29.163+0000] {processor.py:839} INFO - DAG(s) dict_keys(['example_branch_python_operator_decorator']) retrieved from /home/airflow/.local/lib/python3.8/site-packages/airflow/example_dags/example_branch_operator_decorator.py
[2024-06-23T07:28:29.186+0000] {logging_mixin.py:154} INFO - [2024-06-23T07:28:29.185+0000] {dag.py:2941} INFO - Sync 1 DAGs
[2024-06-23T07:28:29.211+0000] {logging_mixin.py:154} INFO - [2024-06-23T07:28:29.210+0000] {dag.py:3722} INFO - Setting next_dagrun for example_branch_python_operator_decorator to 2024-06-22T00:00:00+00:00, run_after=2024-06-23T00:00:00+00:00
[2024-06-23T07:28:29.223+0000] {processor.py:179} INFO - Processing /home/airflow/.local/lib/python3.8/site-packages/airflow/example_dags/example_branch_operator_decorator.py took 0.076 seconds
[2024-06-23T07:29:00.207+0000] {processor.py:157} INFO - Started process (PID=24273) to work on /home/airflow/.local/lib/python3.8/site-packages/airflow/example_dags/example_branch_operator_decorator.py
[2024-06-23T07:29:00.209+0000] {processor.py:829} INFO - Processing file /home/airflow/.local/lib/python3.8/site-packages/airflow/example_dags/example_branch_operator_decorator.py for tasks to queue
[2024-06-23T07:29:00.209+0000] {logging_mixin.py:154} INFO - [2024-06-23T07:29:00.209+0000] {dagbag.py:536} INFO - Filling up the DagBag from /home/airflow/.local/lib/python3.8/site-packages/airflow/example_dags/example_branch_operator_decorator.py
[2024-06-23T07:29:00.216+0000] {processor.py:839} INFO - DAG(s) dict_keys(['example_branch_python_operator_decorator']) retrieved from /home/airflow/.local/lib/python3.8/site-packages/airflow/example_dags/example_branch_operator_decorator.py
[2024-06-23T07:29:00.234+0000] {logging_mixin.py:154} INFO - [2024-06-23T07:29:00.234+0000] {dag.py:2941} INFO - Sync 1 DAGs
[2024-06-23T07:29:00.250+0000] {logging_mixin.py:154} INFO - [2024-06-23T07:29:00.250+0000] {dag.py:3722} INFO - Setting next_dagrun for example_branch_python_operator_decorator to 2024-06-22T00:00:00+00:00, run_after=2024-06-23T00:00:00+00:00
[2024-06-23T07:29:00.261+0000] {processor.py:179} INFO - Processing /home/airflow/.local/lib/python3.8/site-packages/airflow/example_dags/example_branch_operator_decorator.py took 0.056 seconds
[2024-06-23T07:29:30.488+0000] {processor.py:157} INFO - Started process (PID=24513) to work on /home/airflow/.local/lib/python3.8/site-packages/airflow/example_dags/example_branch_operator_decorator.py
[2024-06-23T07:29:30.489+0000] {processor.py:829} INFO - Processing file /home/airflow/.local/lib/python3.8/site-packages/airflow/example_dags/example_branch_operator_decorator.py for tasks to queue
[2024-06-23T07:29:30.489+0000] {logging_mixin.py:154} INFO - [2024-06-23T07:29:30.489+0000] {dagbag.py:536} INFO - Filling up the DagBag from /home/airflow/.local/lib/python3.8/site-packages/airflow/example_dags/example_branch_operator_decorator.py
[2024-06-23T07:29:30.494+0000] {processor.py:839} INFO - DAG(s) dict_keys(['example_branch_python_operator_decorator']) retrieved from /home/airflow/.local/lib/python3.8/site-packages/airflow/example_dags/example_branch_operator_decorator.py
[2024-06-23T07:29:30.505+0000] {logging_mixin.py:154} INFO - [2024-06-23T07:29:30.505+0000] {dag.py:2941} INFO - Sync 1 DAGs
[2024-06-23T07:29:30.516+0000] {logging_mixin.py:154} INFO - [2024-06-23T07:29:30.516+0000] {dag.py:3722} INFO - Setting next_dagrun for example_branch_python_operator_decorator to 2024-06-22T00:00:00+00:00, run_after=2024-06-23T00:00:00+00:00
[2024-06-23T07:29:30.524+0000] {processor.py:179} INFO - Processing /home/airflow/.local/lib/python3.8/site-packages/airflow/example_dags/example_branch_operator_decorator.py took 0.038 seconds
[2024-06-23T07:30:00.621+0000] {processor.py:157} INFO - Started process (PID=24757) to work on /home/airflow/.local/lib/python3.8/site-packages/airflow/example_dags/example_branch_operator_decorator.py
[2024-06-23T07:30:00.622+0000] {processor.py:829} INFO - Processing file /home/airflow/.local/lib/python3.8/site-packages/airflow/example_dags/example_branch_operator_decorator.py for tasks to queue
[2024-06-23T07:30:00.622+0000] {logging_mixin.py:154} INFO - [2024-06-23T07:30:00.622+0000] {dagbag.py:536} INFO - Filling up the DagBag from /home/airflow/.local/lib/python3.8/site-packages/airflow/example_dags/example_branch_operator_decorator.py
[2024-06-23T07:30:00.628+0000] {processor.py:839} INFO - DAG(s) dict_keys(['example_branch_python_operator_decorator']) retrieved from /home/airflow/.local/lib/python3.8/site-packages/airflow/example_dags/example_branch_operator_decorator.py
[2024-06-23T07:30:00.639+0000] {logging_mixin.py:154} INFO - [2024-06-23T07:30:00.639+0000] {dag.py:2941} INFO - Sync 1 DAGs
[2024-06-23T07:30:00.649+0000] {logging_mixin.py:154} INFO - [2024-06-23T07:30:00.649+0000] {dag.py:3722} INFO - Setting next_dagrun for example_branch_python_operator_decorator to 2024-06-22T00:00:00+00:00, run_after=2024-06-23T00:00:00+00:00
[2024-06-23T07:30:00.657+0000] {processor.py:179} INFO - Processing /home/airflow/.local/lib/python3.8/site-packages/airflow/example_dags/example_branch_operator_decorator.py took 0.038 seconds
[2024-06-23T07:30:31.556+0000] {processor.py:157} INFO - Started process (PID=25001) to work on /home/airflow/.local/lib/python3.8/site-packages/airflow/example_dags/example_branch_operator_decorator.py
[2024-06-23T07:30:31.557+0000] {processor.py:829} INFO - Processing file /home/airflow/.local/lib/python3.8/site-packages/airflow/example_dags/example_branch_operator_decorator.py for tasks to queue
[2024-06-23T07:30:31.557+0000] {logging_mixin.py:154} INFO - [2024-06-23T07:30:31.557+0000] {dagbag.py:536} INFO - Filling up the DagBag from /home/airflow/.local/lib/python3.8/site-packages/airflow/example_dags/example_branch_operator_decorator.py
[2024-06-23T07:30:31.563+0000] {processor.py:839} INFO - DAG(s) dict_keys(['example_branch_python_operator_decorator']) retrieved from /home/airflow/.local/lib/python3.8/site-packages/airflow/example_dags/example_branch_operator_decorator.py
[2024-06-23T07:30:31.576+0000] {logging_mixin.py:154} INFO - [2024-06-23T07:30:31.575+0000] {dag.py:2941} INFO - Sync 1 DAGs
[2024-06-23T07:30:31.587+0000] {logging_mixin.py:154} INFO - [2024-06-23T07:30:31.587+0000] {dag.py:3722} INFO - Setting next_dagrun for example_branch_python_operator_decorator to 2024-06-22T00:00:00+00:00, run_after=2024-06-23T00:00:00+00:00
[2024-06-23T07:30:31.595+0000] {processor.py:179} INFO - Processing /home/airflow/.local/lib/python3.8/site-packages/airflow/example_dags/example_branch_operator_decorator.py took 0.041 seconds
