[2024-06-23T01:24:24.146+0000] {processor.py:157} INFO - Started process (PID=13153) to work on /home/airflow/.local/lib/python3.8/site-packages/airflow/example_dags/example_kubernetes_executor.py
[2024-06-23T01:24:24.147+0000] {processor.py:829} INFO - Processing file /home/airflow/.local/lib/python3.8/site-packages/airflow/example_dags/example_kubernetes_executor.py for tasks to queue
[2024-06-23T01:24:24.148+0000] {logging_mixin.py:154} INFO - [2024-06-23T01:24:24.147+0000] {dagbag.py:536} INFO - Filling up the DagBag from /home/airflow/.local/lib/python3.8/site-packages/airflow/example_dags/example_kubernetes_executor.py
[2024-06-23T01:24:24.161+0000] {processor.py:839} INFO - DAG(s) dict_keys(['example_kubernetes_executor']) retrieved from /home/airflow/.local/lib/python3.8/site-packages/airflow/example_dags/example_kubernetes_executor.py
[2024-06-23T01:24:24.230+0000] {logging_mixin.py:154} INFO - [2024-06-23T01:24:24.229+0000] {dag.py:2941} INFO - Sync 1 DAGs
[2024-06-23T01:24:24.238+0000] {logging_mixin.py:154} INFO - [2024-06-23T01:24:24.238+0000] {dag.py:3722} INFO - Setting next_dagrun for example_kubernetes_executor to None, run_after=None
[2024-06-23T01:24:24.252+0000] {processor.py:179} INFO - Processing /home/airflow/.local/lib/python3.8/site-packages/airflow/example_dags/example_kubernetes_executor.py took 0.109 seconds
[2024-06-23T02:48:32.930+0000] {processor.py:157} INFO - Started process (PID=13396) to work on /home/airflow/.local/lib/python3.8/site-packages/airflow/example_dags/example_kubernetes_executor.py
[2024-06-23T02:48:32.931+0000] {processor.py:829} INFO - Processing file /home/airflow/.local/lib/python3.8/site-packages/airflow/example_dags/example_kubernetes_executor.py for tasks to queue
[2024-06-23T02:48:32.932+0000] {logging_mixin.py:154} INFO - [2024-06-23T02:48:32.932+0000] {dagbag.py:536} INFO - Filling up the DagBag from /home/airflow/.local/lib/python3.8/site-packages/airflow/example_dags/example_kubernetes_executor.py
[2024-06-23T02:48:32.943+0000] {processor.py:839} INFO - DAG(s) dict_keys(['example_kubernetes_executor']) retrieved from /home/airflow/.local/lib/python3.8/site-packages/airflow/example_dags/example_kubernetes_executor.py
[2024-06-23T02:48:32.972+0000] {logging_mixin.py:154} INFO - [2024-06-23T02:48:32.972+0000] {dag.py:2941} INFO - Sync 1 DAGs
[2024-06-23T02:48:32.985+0000] {logging_mixin.py:154} INFO - [2024-06-23T02:48:32.985+0000] {dag.py:3722} INFO - Setting next_dagrun for example_kubernetes_executor to None, run_after=None
[2024-06-23T02:48:33.009+0000] {processor.py:179} INFO - Processing /home/airflow/.local/lib/python3.8/site-packages/airflow/example_dags/example_kubernetes_executor.py took 0.081 seconds
[2024-06-23T04:09:03.927+0000] {processor.py:157} INFO - Started process (PID=13642) to work on /home/airflow/.local/lib/python3.8/site-packages/airflow/example_dags/example_kubernetes_executor.py
[2024-06-23T04:09:03.930+0000] {processor.py:829} INFO - Processing file /home/airflow/.local/lib/python3.8/site-packages/airflow/example_dags/example_kubernetes_executor.py for tasks to queue
[2024-06-23T04:09:03.931+0000] {logging_mixin.py:154} INFO - [2024-06-23T04:09:03.930+0000] {dagbag.py:536} INFO - Filling up the DagBag from /home/airflow/.local/lib/python3.8/site-packages/airflow/example_dags/example_kubernetes_executor.py
[2024-06-23T04:09:03.940+0000] {processor.py:839} INFO - DAG(s) dict_keys(['example_kubernetes_executor']) retrieved from /home/airflow/.local/lib/python3.8/site-packages/airflow/example_dags/example_kubernetes_executor.py
[2024-06-23T04:09:04.014+0000] {logging_mixin.py:154} INFO - [2024-06-23T04:09:04.014+0000] {dag.py:2941} INFO - Sync 1 DAGs
[2024-06-23T04:09:04.021+0000] {logging_mixin.py:154} INFO - [2024-06-23T04:09:04.021+0000] {dag.py:3722} INFO - Setting next_dagrun for example_kubernetes_executor to None, run_after=None
[2024-06-23T04:09:04.252+0000] {logging_mixin.py:154} INFO - [2024-06-23T04:09:04.251+0000] {dagbag.py:644} ERROR - Failed to write serialized DAG: /home/airflow/.local/lib/python3.8/site-packages/airflow/example_dags/example_kubernetes_executor.py
Traceback (most recent call last):
  File "/home/airflow/.local/lib/python3.8/site-packages/airflow/models/dagbag.py", line 633, in _serialize_dag_capturing_errors
    dag_was_updated = SerializedDagModel.write_dag(
  File "/home/airflow/.local/lib/python3.8/site-packages/airflow/utils/session.py", line 76, in wrapper
    return func(*args, **kwargs)
  File "/home/airflow/.local/lib/python3.8/site-packages/airflow/models/serialized_dag.py", line 147, in write_dag
    if session.scalar(
  File "/home/airflow/.local/lib/python3.8/site-packages/sqlalchemy/orm/session.py", line 1747, in scalar
    return self.execute(
  File "/home/airflow/.local/lib/python3.8/site-packages/sqlalchemy/orm/session.py", line 1716, in execute
    conn = self._connection_for_bind(bind)
  File "/home/airflow/.local/lib/python3.8/site-packages/sqlalchemy/orm/session.py", line 1555, in _connection_for_bind
    return self._transaction._connection_for_bind(
  File "/home/airflow/.local/lib/python3.8/site-packages/sqlalchemy/orm/session.py", line 724, in _connection_for_bind
    self._assert_active()
  File "/home/airflow/.local/lib/python3.8/site-packages/sqlalchemy/orm/session.py", line 604, in _assert_active
    raise sa_exc.PendingRollbackError(
sqlalchemy.exc.PendingRollbackError: This Session's transaction has been rolled back due to a previous exception during flush. To begin a new transaction with this Session, first issue Session.rollback(). Original exception was: (psycopg2.errors.UniqueViolation) duplicate key value violates unique constraint "serialized_dag_pkey"
DETAIL:  Key (dag_id)=(example_kubernetes_executor) already exists.

[SQL: INSERT INTO serialized_dag (dag_id, fileloc, fileloc_hash, data, data_compressed, last_updated, dag_hash, processor_subdir) VALUES (%(dag_id)s, %(fileloc)s, %(fileloc_hash)s, %(data)s, %(data_compressed)s, %(last_updated)s, %(dag_hash)s, %(processor_subdir)s)]
[parameters: {'dag_id': 'example_kubernetes_executor', 'fileloc': '/home/airflow/.local/lib/python3.8/site-packages/airflow/example_dags/example_kubernetes_executor.py', 'fileloc_hash': 1524494627119274, 'data': '{"__version": 1, "dag": {"schedule_interval": null, "fileloc": "/home/airflow/.local/lib/python3.8/site-packages/airflow/example_dags/example_kuberne ... (6956 characters truncated) ...  "airflow.decorators.python", "_operator_name": "@task", "_is_empty": false, "op_args": [], "op_kwargs": {}}], "dag_dependencies": [], "params": {}}}', 'data_compressed': None, 'last_updated': datetime.datetime(2024, 6, 23, 4, 9, 3, 950262, tzinfo=Timezone('UTC')), 'dag_hash': '2fe39bc88f8d0c82e7f062ea846d37f9', 'processor_subdir': None}]
(Background on this error at: https://sqlalche.me/e/14/gkpj) (Background on this error at: https://sqlalche.me/e/14/7s2a)
[2024-06-23T04:09:04.253+0000] {logging_mixin.py:154} INFO - [2024-06-23T04:09:04.253+0000] {dag.py:2941} INFO - Sync 1 DAGs
[2024-06-23T04:09:04.254+0000] {processor.py:182} ERROR - Got an exception! Propagating...
Traceback (most recent call last):
  File "/home/airflow/.local/lib/python3.8/site-packages/airflow/dag_processing/processor.py", line 178, in _run_file_processor
    _handle_dag_file_processing()
  File "/home/airflow/.local/lib/python3.8/site-packages/airflow/dag_processing/processor.py", line 159, in _handle_dag_file_processing
    result: tuple[int, int] = dag_file_processor.process_file(
  File "/home/airflow/.local/lib/python3.8/site-packages/airflow/utils/session.py", line 79, in wrapper
    return func(*args, session=session, **kwargs)
  File "/home/airflow/.local/lib/python3.8/site-packages/airflow/dag_processing/processor.py", line 857, in process_file
    serialize_errors = DagFileProcessor.save_dag_to_db(
  File "/home/airflow/.local/lib/python3.8/site-packages/airflow/api_internal/internal_api_call.py", line 114, in wrapper
    return func(*args, **kwargs)
  File "/home/airflow/.local/lib/python3.8/site-packages/airflow/utils/session.py", line 79, in wrapper
    return func(*args, session=session, **kwargs)
  File "/home/airflow/.local/lib/python3.8/site-packages/airflow/dag_processing/processor.py", line 893, in save_dag_to_db
    import_errors = DagBag._sync_to_db(dags=dags, processor_subdir=dag_directory, session=session)
  File "/home/airflow/.local/lib/python3.8/site-packages/airflow/utils/session.py", line 76, in wrapper
    return func(*args, **kwargs)
  File "/home/airflow/.local/lib/python3.8/site-packages/airflow/models/dagbag.py", line 654, in _sync_to_db
    for attempt in run_with_db_retries(logger=log):
  File "/home/airflow/.local/lib/python3.8/site-packages/tenacity/__init__.py", line 347, in __iter__
    do = self.iter(retry_state=retry_state)
  File "/home/airflow/.local/lib/python3.8/site-packages/tenacity/__init__.py", line 314, in iter
    return fut.result()
  File "/usr/local/lib/python3.8/concurrent/futures/_base.py", line 437, in result
    return self.__get_result()
  File "/usr/local/lib/python3.8/concurrent/futures/_base.py", line 389, in __get_result
    raise self._exception
  File "/home/airflow/.local/lib/python3.8/site-packages/airflow/models/dagbag.py", line 668, in _sync_to_db
    DAG.bulk_write_to_db(dags.values(), processor_subdir=processor_subdir, session=session)
  File "/home/airflow/.local/lib/python3.8/site-packages/airflow/utils/session.py", line 76, in wrapper
    return func(*args, **kwargs)
  File "/home/airflow/.local/lib/python3.8/site-packages/airflow/models/dag.py", line 2953, in bulk_write_to_db
    orm_dags: list[DagModel] = session.scalars(query).unique().all()
  File "/home/airflow/.local/lib/python3.8/site-packages/sqlalchemy/orm/session.py", line 1778, in scalars
    return self.execute(
  File "/home/airflow/.local/lib/python3.8/site-packages/sqlalchemy/orm/session.py", line 1716, in execute
    conn = self._connection_for_bind(bind)
  File "/home/airflow/.local/lib/python3.8/site-packages/sqlalchemy/orm/session.py", line 1555, in _connection_for_bind
    return self._transaction._connection_for_bind(
  File "/home/airflow/.local/lib/python3.8/site-packages/sqlalchemy/orm/session.py", line 724, in _connection_for_bind
    self._assert_active()
  File "/home/airflow/.local/lib/python3.8/site-packages/sqlalchemy/orm/session.py", line 604, in _assert_active
    raise sa_exc.PendingRollbackError(
sqlalchemy.exc.PendingRollbackError: This Session's transaction has been rolled back due to a previous exception during flush. To begin a new transaction with this Session, first issue Session.rollback(). Original exception was: (psycopg2.errors.UniqueViolation) duplicate key value violates unique constraint "serialized_dag_pkey"
DETAIL:  Key (dag_id)=(example_kubernetes_executor) already exists.

[SQL: INSERT INTO serialized_dag (dag_id, fileloc, fileloc_hash, data, data_compressed, last_updated, dag_hash, processor_subdir) VALUES (%(dag_id)s, %(fileloc)s, %(fileloc_hash)s, %(data)s, %(data_compressed)s, %(last_updated)s, %(dag_hash)s, %(processor_subdir)s)]
[parameters: {'dag_id': 'example_kubernetes_executor', 'fileloc': '/home/airflow/.local/lib/python3.8/site-packages/airflow/example_dags/example_kubernetes_executor.py', 'fileloc_hash': 1524494627119274, 'data': '{"__version": 1, "dag": {"schedule_interval": null, "fileloc": "/home/airflow/.local/lib/python3.8/site-packages/airflow/example_dags/example_kuberne ... (6956 characters truncated) ...  "airflow.decorators.python", "_operator_name": "@task", "_is_empty": false, "op_args": [], "op_kwargs": {}}], "dag_dependencies": [], "params": {}}}', 'data_compressed': None, 'last_updated': datetime.datetime(2024, 6, 23, 4, 9, 3, 950262, tzinfo=Timezone('UTC')), 'dag_hash': '2fe39bc88f8d0c82e7f062ea846d37f9', 'processor_subdir': None}]
(Background on this error at: https://sqlalche.me/e/14/gkpj) (Background on this error at: https://sqlalche.me/e/14/7s2a)
[2024-06-23T05:49:42.843+0000] {processor.py:157} INFO - Started process (PID=13888) to work on /home/airflow/.local/lib/python3.8/site-packages/airflow/example_dags/example_kubernetes_executor.py
[2024-06-23T05:49:42.844+0000] {processor.py:829} INFO - Processing file /home/airflow/.local/lib/python3.8/site-packages/airflow/example_dags/example_kubernetes_executor.py for tasks to queue
[2024-06-23T05:49:42.845+0000] {logging_mixin.py:154} INFO - [2024-06-23T05:49:42.844+0000] {dagbag.py:536} INFO - Filling up the DagBag from /home/airflow/.local/lib/python3.8/site-packages/airflow/example_dags/example_kubernetes_executor.py
[2024-06-23T05:49:42.855+0000] {processor.py:839} INFO - DAG(s) dict_keys(['example_kubernetes_executor']) retrieved from /home/airflow/.local/lib/python3.8/site-packages/airflow/example_dags/example_kubernetes_executor.py
[2024-06-23T05:49:42.881+0000] {logging_mixin.py:154} INFO - [2024-06-23T05:49:42.881+0000] {dag.py:2941} INFO - Sync 1 DAGs
[2024-06-23T05:49:42.890+0000] {logging_mixin.py:154} INFO - [2024-06-23T05:49:42.890+0000] {dag.py:3722} INFO - Setting next_dagrun for example_kubernetes_executor to None, run_after=None
[2024-06-23T05:49:42.908+0000] {processor.py:179} INFO - Processing /home/airflow/.local/lib/python3.8/site-packages/airflow/example_dags/example_kubernetes_executor.py took 0.068 seconds
[2024-06-23T07:07:58.741+0000] {processor.py:157} INFO - Started process (PID=14143) to work on /home/airflow/.local/lib/python3.8/site-packages/airflow/example_dags/example_kubernetes_executor.py
[2024-06-23T07:07:58.742+0000] {processor.py:829} INFO - Processing file /home/airflow/.local/lib/python3.8/site-packages/airflow/example_dags/example_kubernetes_executor.py for tasks to queue
[2024-06-23T07:07:58.743+0000] {logging_mixin.py:154} INFO - [2024-06-23T07:07:58.743+0000] {dagbag.py:536} INFO - Filling up the DagBag from /home/airflow/.local/lib/python3.8/site-packages/airflow/example_dags/example_kubernetes_executor.py
[2024-06-23T07:07:58.756+0000] {processor.py:839} INFO - DAG(s) dict_keys(['example_kubernetes_executor']) retrieved from /home/airflow/.local/lib/python3.8/site-packages/airflow/example_dags/example_kubernetes_executor.py
[2024-06-23T07:07:58.868+0000] {logging_mixin.py:154} INFO - [2024-06-23T07:07:58.868+0000] {dag.py:2941} INFO - Sync 1 DAGs
[2024-06-23T07:07:58.877+0000] {logging_mixin.py:154} INFO - [2024-06-23T07:07:58.877+0000] {dag.py:3722} INFO - Setting next_dagrun for example_kubernetes_executor to None, run_after=None
[2024-06-23T07:07:58.893+0000] {processor.py:179} INFO - Processing /home/airflow/.local/lib/python3.8/site-packages/airflow/example_dags/example_kubernetes_executor.py took 0.160 seconds
[2024-06-23T07:08:29.829+0000] {processor.py:157} INFO - Started process (PID=14387) to work on /home/airflow/.local/lib/python3.8/site-packages/airflow/example_dags/example_kubernetes_executor.py
[2024-06-23T07:08:29.831+0000] {processor.py:829} INFO - Processing file /home/airflow/.local/lib/python3.8/site-packages/airflow/example_dags/example_kubernetes_executor.py for tasks to queue
[2024-06-23T07:08:29.832+0000] {logging_mixin.py:154} INFO - [2024-06-23T07:08:29.832+0000] {dagbag.py:536} INFO - Filling up the DagBag from /home/airflow/.local/lib/python3.8/site-packages/airflow/example_dags/example_kubernetes_executor.py
[2024-06-23T07:08:29.847+0000] {processor.py:839} INFO - DAG(s) dict_keys(['example_kubernetes_executor']) retrieved from /home/airflow/.local/lib/python3.8/site-packages/airflow/example_dags/example_kubernetes_executor.py
[2024-06-23T07:08:29.878+0000] {logging_mixin.py:154} INFO - [2024-06-23T07:08:29.878+0000] {dag.py:2941} INFO - Sync 1 DAGs
[2024-06-23T07:08:29.889+0000] {logging_mixin.py:154} INFO - [2024-06-23T07:08:29.888+0000] {dag.py:3722} INFO - Setting next_dagrun for example_kubernetes_executor to None, run_after=None
[2024-06-23T07:08:29.908+0000] {processor.py:179} INFO - Processing /home/airflow/.local/lib/python3.8/site-packages/airflow/example_dags/example_kubernetes_executor.py took 0.082 seconds
[2024-06-23T07:09:00.198+0000] {processor.py:157} INFO - Started process (PID=14631) to work on /home/airflow/.local/lib/python3.8/site-packages/airflow/example_dags/example_kubernetes_executor.py
[2024-06-23T07:09:00.200+0000] {processor.py:829} INFO - Processing file /home/airflow/.local/lib/python3.8/site-packages/airflow/example_dags/example_kubernetes_executor.py for tasks to queue
[2024-06-23T07:09:00.202+0000] {logging_mixin.py:154} INFO - [2024-06-23T07:09:00.201+0000] {dagbag.py:536} INFO - Filling up the DagBag from /home/airflow/.local/lib/python3.8/site-packages/airflow/example_dags/example_kubernetes_executor.py
[2024-06-23T07:09:00.214+0000] {processor.py:839} INFO - DAG(s) dict_keys(['example_kubernetes_executor']) retrieved from /home/airflow/.local/lib/python3.8/site-packages/airflow/example_dags/example_kubernetes_executor.py
[2024-06-23T07:09:00.242+0000] {logging_mixin.py:154} INFO - [2024-06-23T07:09:00.241+0000] {dag.py:2941} INFO - Sync 1 DAGs
[2024-06-23T07:09:00.253+0000] {logging_mixin.py:154} INFO - [2024-06-23T07:09:00.253+0000] {dag.py:3722} INFO - Setting next_dagrun for example_kubernetes_executor to None, run_after=None
[2024-06-23T07:09:00.270+0000] {processor.py:179} INFO - Processing /home/airflow/.local/lib/python3.8/site-packages/airflow/example_dags/example_kubernetes_executor.py took 0.075 seconds
[2024-06-23T07:09:30.453+0000] {processor.py:157} INFO - Started process (PID=14875) to work on /home/airflow/.local/lib/python3.8/site-packages/airflow/example_dags/example_kubernetes_executor.py
[2024-06-23T07:09:30.454+0000] {processor.py:829} INFO - Processing file /home/airflow/.local/lib/python3.8/site-packages/airflow/example_dags/example_kubernetes_executor.py for tasks to queue
[2024-06-23T07:09:30.455+0000] {logging_mixin.py:154} INFO - [2024-06-23T07:09:30.455+0000] {dagbag.py:536} INFO - Filling up the DagBag from /home/airflow/.local/lib/python3.8/site-packages/airflow/example_dags/example_kubernetes_executor.py
[2024-06-23T07:09:30.467+0000] {processor.py:839} INFO - DAG(s) dict_keys(['example_kubernetes_executor']) retrieved from /home/airflow/.local/lib/python3.8/site-packages/airflow/example_dags/example_kubernetes_executor.py
[2024-06-23T07:09:30.488+0000] {logging_mixin.py:154} INFO - [2024-06-23T07:09:30.488+0000] {dag.py:2941} INFO - Sync 1 DAGs
[2024-06-23T07:09:30.494+0000] {logging_mixin.py:154} INFO - [2024-06-23T07:09:30.494+0000] {dag.py:3722} INFO - Setting next_dagrun for example_kubernetes_executor to None, run_after=None
[2024-06-23T07:09:30.503+0000] {processor.py:179} INFO - Processing /home/airflow/.local/lib/python3.8/site-packages/airflow/example_dags/example_kubernetes_executor.py took 0.052 seconds
[2024-06-23T07:10:00.557+0000] {processor.py:157} INFO - Started process (PID=15117) to work on /home/airflow/.local/lib/python3.8/site-packages/airflow/example_dags/example_kubernetes_executor.py
[2024-06-23T07:10:00.558+0000] {processor.py:829} INFO - Processing file /home/airflow/.local/lib/python3.8/site-packages/airflow/example_dags/example_kubernetes_executor.py for tasks to queue
[2024-06-23T07:10:00.559+0000] {logging_mixin.py:154} INFO - [2024-06-23T07:10:00.559+0000] {dagbag.py:536} INFO - Filling up the DagBag from /home/airflow/.local/lib/python3.8/site-packages/airflow/example_dags/example_kubernetes_executor.py
[2024-06-23T07:10:00.567+0000] {processor.py:839} INFO - DAG(s) dict_keys(['example_kubernetes_executor']) retrieved from /home/airflow/.local/lib/python3.8/site-packages/airflow/example_dags/example_kubernetes_executor.py
[2024-06-23T07:10:00.596+0000] {logging_mixin.py:154} INFO - [2024-06-23T07:10:00.596+0000] {dag.py:2941} INFO - Sync 1 DAGs
[2024-06-23T07:10:00.605+0000] {logging_mixin.py:154} INFO - [2024-06-23T07:10:00.605+0000] {dag.py:3722} INFO - Setting next_dagrun for example_kubernetes_executor to None, run_after=None
[2024-06-23T07:10:00.621+0000] {processor.py:179} INFO - Processing /home/airflow/.local/lib/python3.8/site-packages/airflow/example_dags/example_kubernetes_executor.py took 0.067 seconds
[2024-06-23T07:10:31.610+0000] {processor.py:157} INFO - Started process (PID=15361) to work on /home/airflow/.local/lib/python3.8/site-packages/airflow/example_dags/example_kubernetes_executor.py
[2024-06-23T07:10:31.612+0000] {processor.py:829} INFO - Processing file /home/airflow/.local/lib/python3.8/site-packages/airflow/example_dags/example_kubernetes_executor.py for tasks to queue
[2024-06-23T07:10:31.616+0000] {logging_mixin.py:154} INFO - [2024-06-23T07:10:31.615+0000] {dagbag.py:536} INFO - Filling up the DagBag from /home/airflow/.local/lib/python3.8/site-packages/airflow/example_dags/example_kubernetes_executor.py
[2024-06-23T07:10:31.680+0000] {processor.py:839} INFO - DAG(s) dict_keys(['example_kubernetes_executor']) retrieved from /home/airflow/.local/lib/python3.8/site-packages/airflow/example_dags/example_kubernetes_executor.py
[2024-06-23T07:10:31.734+0000] {logging_mixin.py:154} INFO - [2024-06-23T07:10:31.734+0000] {dag.py:2941} INFO - Sync 1 DAGs
[2024-06-23T07:10:31.765+0000] {logging_mixin.py:154} INFO - [2024-06-23T07:10:31.765+0000] {dag.py:3722} INFO - Setting next_dagrun for example_kubernetes_executor to None, run_after=None
[2024-06-23T07:10:31.812+0000] {processor.py:179} INFO - Processing /home/airflow/.local/lib/python3.8/site-packages/airflow/example_dags/example_kubernetes_executor.py took 0.212 seconds
[2024-06-23T07:11:02.893+0000] {processor.py:157} INFO - Started process (PID=15612) to work on /home/airflow/.local/lib/python3.8/site-packages/airflow/example_dags/example_kubernetes_executor.py
[2024-06-23T07:11:02.895+0000] {processor.py:829} INFO - Processing file /home/airflow/.local/lib/python3.8/site-packages/airflow/example_dags/example_kubernetes_executor.py for tasks to queue
[2024-06-23T07:11:02.896+0000] {logging_mixin.py:154} INFO - [2024-06-23T07:11:02.896+0000] {dagbag.py:536} INFO - Filling up the DagBag from /home/airflow/.local/lib/python3.8/site-packages/airflow/example_dags/example_kubernetes_executor.py
[2024-06-23T07:11:02.914+0000] {processor.py:839} INFO - DAG(s) dict_keys(['example_kubernetes_executor']) retrieved from /home/airflow/.local/lib/python3.8/site-packages/airflow/example_dags/example_kubernetes_executor.py
[2024-06-23T07:11:02.954+0000] {logging_mixin.py:154} INFO - [2024-06-23T07:11:02.954+0000] {dag.py:2941} INFO - Sync 1 DAGs
[2024-06-23T07:11:02.971+0000] {logging_mixin.py:154} INFO - [2024-06-23T07:11:02.971+0000] {dag.py:3722} INFO - Setting next_dagrun for example_kubernetes_executor to None, run_after=None
[2024-06-23T07:11:03.007+0000] {processor.py:179} INFO - Processing /home/airflow/.local/lib/python3.8/site-packages/airflow/example_dags/example_kubernetes_executor.py took 0.118 seconds
[2024-06-23T07:11:33.642+0000] {processor.py:157} INFO - Started process (PID=15856) to work on /home/airflow/.local/lib/python3.8/site-packages/airflow/example_dags/example_kubernetes_executor.py
[2024-06-23T07:11:33.643+0000] {processor.py:829} INFO - Processing file /home/airflow/.local/lib/python3.8/site-packages/airflow/example_dags/example_kubernetes_executor.py for tasks to queue
[2024-06-23T07:11:33.647+0000] {logging_mixin.py:154} INFO - [2024-06-23T07:11:33.647+0000] {dagbag.py:536} INFO - Filling up the DagBag from /home/airflow/.local/lib/python3.8/site-packages/airflow/example_dags/example_kubernetes_executor.py
[2024-06-23T07:11:33.660+0000] {processor.py:839} INFO - DAG(s) dict_keys(['example_kubernetes_executor']) retrieved from /home/airflow/.local/lib/python3.8/site-packages/airflow/example_dags/example_kubernetes_executor.py
[2024-06-23T07:11:33.682+0000] {logging_mixin.py:154} INFO - [2024-06-23T07:11:33.682+0000] {dag.py:2941} INFO - Sync 1 DAGs
[2024-06-23T07:11:33.690+0000] {logging_mixin.py:154} INFO - [2024-06-23T07:11:33.690+0000] {dag.py:3722} INFO - Setting next_dagrun for example_kubernetes_executor to None, run_after=None
[2024-06-23T07:11:33.703+0000] {processor.py:179} INFO - Processing /home/airflow/.local/lib/python3.8/site-packages/airflow/example_dags/example_kubernetes_executor.py took 0.063 seconds
[2024-06-23T07:12:04.009+0000] {processor.py:157} INFO - Started process (PID=16100) to work on /home/airflow/.local/lib/python3.8/site-packages/airflow/example_dags/example_kubernetes_executor.py
[2024-06-23T07:12:04.011+0000] {processor.py:829} INFO - Processing file /home/airflow/.local/lib/python3.8/site-packages/airflow/example_dags/example_kubernetes_executor.py for tasks to queue
[2024-06-23T07:12:04.012+0000] {logging_mixin.py:154} INFO - [2024-06-23T07:12:04.012+0000] {dagbag.py:536} INFO - Filling up the DagBag from /home/airflow/.local/lib/python3.8/site-packages/airflow/example_dags/example_kubernetes_executor.py
[2024-06-23T07:12:04.022+0000] {processor.py:839} INFO - DAG(s) dict_keys(['example_kubernetes_executor']) retrieved from /home/airflow/.local/lib/python3.8/site-packages/airflow/example_dags/example_kubernetes_executor.py
[2024-06-23T07:12:04.043+0000] {logging_mixin.py:154} INFO - [2024-06-23T07:12:04.043+0000] {dag.py:2941} INFO - Sync 1 DAGs
[2024-06-23T07:12:04.051+0000] {logging_mixin.py:154} INFO - [2024-06-23T07:12:04.050+0000] {dag.py:3722} INFO - Setting next_dagrun for example_kubernetes_executor to None, run_after=None
[2024-06-23T07:12:04.061+0000] {processor.py:179} INFO - Processing /home/airflow/.local/lib/python3.8/site-packages/airflow/example_dags/example_kubernetes_executor.py took 0.054 seconds
[2024-06-23T07:12:34.759+0000] {processor.py:157} INFO - Started process (PID=16344) to work on /home/airflow/.local/lib/python3.8/site-packages/airflow/example_dags/example_kubernetes_executor.py
[2024-06-23T07:12:34.760+0000] {processor.py:829} INFO - Processing file /home/airflow/.local/lib/python3.8/site-packages/airflow/example_dags/example_kubernetes_executor.py for tasks to queue
[2024-06-23T07:12:34.761+0000] {logging_mixin.py:154} INFO - [2024-06-23T07:12:34.761+0000] {dagbag.py:536} INFO - Filling up the DagBag from /home/airflow/.local/lib/python3.8/site-packages/airflow/example_dags/example_kubernetes_executor.py
[2024-06-23T07:12:34.774+0000] {processor.py:839} INFO - DAG(s) dict_keys(['example_kubernetes_executor']) retrieved from /home/airflow/.local/lib/python3.8/site-packages/airflow/example_dags/example_kubernetes_executor.py
[2024-06-23T07:12:34.800+0000] {logging_mixin.py:154} INFO - [2024-06-23T07:12:34.800+0000] {dag.py:2941} INFO - Sync 1 DAGs
[2024-06-23T07:12:34.809+0000] {logging_mixin.py:154} INFO - [2024-06-23T07:12:34.809+0000] {dag.py:3722} INFO - Setting next_dagrun for example_kubernetes_executor to None, run_after=None
[2024-06-23T07:12:34.824+0000] {processor.py:179} INFO - Processing /home/airflow/.local/lib/python3.8/site-packages/airflow/example_dags/example_kubernetes_executor.py took 0.069 seconds
[2024-06-23T07:13:04.941+0000] {processor.py:157} INFO - Started process (PID=16584) to work on /home/airflow/.local/lib/python3.8/site-packages/airflow/example_dags/example_kubernetes_executor.py
[2024-06-23T07:13:04.942+0000] {processor.py:829} INFO - Processing file /home/airflow/.local/lib/python3.8/site-packages/airflow/example_dags/example_kubernetes_executor.py for tasks to queue
[2024-06-23T07:13:04.942+0000] {logging_mixin.py:154} INFO - [2024-06-23T07:13:04.942+0000] {dagbag.py:536} INFO - Filling up the DagBag from /home/airflow/.local/lib/python3.8/site-packages/airflow/example_dags/example_kubernetes_executor.py
[2024-06-23T07:13:04.962+0000] {processor.py:839} INFO - DAG(s) dict_keys(['example_kubernetes_executor']) retrieved from /home/airflow/.local/lib/python3.8/site-packages/airflow/example_dags/example_kubernetes_executor.py
[2024-06-23T07:13:04.989+0000] {logging_mixin.py:154} INFO - [2024-06-23T07:13:04.989+0000] {dag.py:2941} INFO - Sync 1 DAGs
[2024-06-23T07:13:04.999+0000] {logging_mixin.py:154} INFO - [2024-06-23T07:13:04.998+0000] {dag.py:3722} INFO - Setting next_dagrun for example_kubernetes_executor to None, run_after=None
[2024-06-23T07:13:05.015+0000] {processor.py:179} INFO - Processing /home/airflow/.local/lib/python3.8/site-packages/airflow/example_dags/example_kubernetes_executor.py took 0.076 seconds
[2024-06-23T07:13:35.809+0000] {processor.py:157} INFO - Started process (PID=16832) to work on /home/airflow/.local/lib/python3.8/site-packages/airflow/example_dags/example_kubernetes_executor.py
[2024-06-23T07:13:35.810+0000] {processor.py:829} INFO - Processing file /home/airflow/.local/lib/python3.8/site-packages/airflow/example_dags/example_kubernetes_executor.py for tasks to queue
[2024-06-23T07:13:35.812+0000] {logging_mixin.py:154} INFO - [2024-06-23T07:13:35.811+0000] {dagbag.py:536} INFO - Filling up the DagBag from /home/airflow/.local/lib/python3.8/site-packages/airflow/example_dags/example_kubernetes_executor.py
[2024-06-23T07:13:35.834+0000] {processor.py:839} INFO - DAG(s) dict_keys(['example_kubernetes_executor']) retrieved from /home/airflow/.local/lib/python3.8/site-packages/airflow/example_dags/example_kubernetes_executor.py
[2024-06-23T07:13:35.866+0000] {logging_mixin.py:154} INFO - [2024-06-23T07:13:35.866+0000] {dag.py:2941} INFO - Sync 1 DAGs
[2024-06-23T07:13:35.873+0000] {logging_mixin.py:154} INFO - [2024-06-23T07:13:35.873+0000] {dag.py:3722} INFO - Setting next_dagrun for example_kubernetes_executor to None, run_after=None
[2024-06-23T07:13:35.884+0000] {processor.py:179} INFO - Processing /home/airflow/.local/lib/python3.8/site-packages/airflow/example_dags/example_kubernetes_executor.py took 0.078 seconds
[2024-06-23T07:14:06.866+0000] {processor.py:157} INFO - Started process (PID=17076) to work on /home/airflow/.local/lib/python3.8/site-packages/airflow/example_dags/example_kubernetes_executor.py
[2024-06-23T07:14:06.867+0000] {processor.py:829} INFO - Processing file /home/airflow/.local/lib/python3.8/site-packages/airflow/example_dags/example_kubernetes_executor.py for tasks to queue
[2024-06-23T07:14:06.869+0000] {logging_mixin.py:154} INFO - [2024-06-23T07:14:06.868+0000] {dagbag.py:536} INFO - Filling up the DagBag from /home/airflow/.local/lib/python3.8/site-packages/airflow/example_dags/example_kubernetes_executor.py
[2024-06-23T07:14:06.881+0000] {processor.py:839} INFO - DAG(s) dict_keys(['example_kubernetes_executor']) retrieved from /home/airflow/.local/lib/python3.8/site-packages/airflow/example_dags/example_kubernetes_executor.py
[2024-06-23T07:14:06.906+0000] {logging_mixin.py:154} INFO - [2024-06-23T07:14:06.906+0000] {dag.py:2941} INFO - Sync 1 DAGs
[2024-06-23T07:14:06.917+0000] {logging_mixin.py:154} INFO - [2024-06-23T07:14:06.917+0000] {dag.py:3722} INFO - Setting next_dagrun for example_kubernetes_executor to None, run_after=None
[2024-06-23T07:14:06.946+0000] {processor.py:179} INFO - Processing /home/airflow/.local/lib/python3.8/site-packages/airflow/example_dags/example_kubernetes_executor.py took 0.083 seconds
[2024-06-23T07:14:37.077+0000] {processor.py:157} INFO - Started process (PID=17314) to work on /home/airflow/.local/lib/python3.8/site-packages/airflow/example_dags/example_kubernetes_executor.py
[2024-06-23T07:14:37.078+0000] {processor.py:829} INFO - Processing file /home/airflow/.local/lib/python3.8/site-packages/airflow/example_dags/example_kubernetes_executor.py for tasks to queue
[2024-06-23T07:14:37.079+0000] {logging_mixin.py:154} INFO - [2024-06-23T07:14:37.079+0000] {dagbag.py:536} INFO - Filling up the DagBag from /home/airflow/.local/lib/python3.8/site-packages/airflow/example_dags/example_kubernetes_executor.py
[2024-06-23T07:14:37.095+0000] {processor.py:839} INFO - DAG(s) dict_keys(['example_kubernetes_executor']) retrieved from /home/airflow/.local/lib/python3.8/site-packages/airflow/example_dags/example_kubernetes_executor.py
[2024-06-23T07:14:37.135+0000] {logging_mixin.py:154} INFO - [2024-06-23T07:14:37.135+0000] {dag.py:2941} INFO - Sync 1 DAGs
[2024-06-23T07:14:37.143+0000] {logging_mixin.py:154} INFO - [2024-06-23T07:14:37.143+0000] {dag.py:3722} INFO - Setting next_dagrun for example_kubernetes_executor to None, run_after=None
[2024-06-23T07:14:37.159+0000] {processor.py:179} INFO - Processing /home/airflow/.local/lib/python3.8/site-packages/airflow/example_dags/example_kubernetes_executor.py took 0.085 seconds
[2024-06-23T07:15:07.871+0000] {processor.py:157} INFO - Started process (PID=17563) to work on /home/airflow/.local/lib/python3.8/site-packages/airflow/example_dags/example_kubernetes_executor.py
[2024-06-23T07:15:07.872+0000] {processor.py:829} INFO - Processing file /home/airflow/.local/lib/python3.8/site-packages/airflow/example_dags/example_kubernetes_executor.py for tasks to queue
[2024-06-23T07:15:07.873+0000] {logging_mixin.py:154} INFO - [2024-06-23T07:15:07.873+0000] {dagbag.py:536} INFO - Filling up the DagBag from /home/airflow/.local/lib/python3.8/site-packages/airflow/example_dags/example_kubernetes_executor.py
[2024-06-23T07:15:07.885+0000] {processor.py:839} INFO - DAG(s) dict_keys(['example_kubernetes_executor']) retrieved from /home/airflow/.local/lib/python3.8/site-packages/airflow/example_dags/example_kubernetes_executor.py
[2024-06-23T07:15:07.906+0000] {logging_mixin.py:154} INFO - [2024-06-23T07:15:07.906+0000] {dag.py:2941} INFO - Sync 1 DAGs
[2024-06-23T07:15:07.914+0000] {logging_mixin.py:154} INFO - [2024-06-23T07:15:07.914+0000] {dag.py:3722} INFO - Setting next_dagrun for example_kubernetes_executor to None, run_after=None
[2024-06-23T07:15:07.926+0000] {processor.py:179} INFO - Processing /home/airflow/.local/lib/python3.8/site-packages/airflow/example_dags/example_kubernetes_executor.py took 0.057 seconds
[2024-06-23T07:15:38.915+0000] {processor.py:157} INFO - Started process (PID=17807) to work on /home/airflow/.local/lib/python3.8/site-packages/airflow/example_dags/example_kubernetes_executor.py
[2024-06-23T07:15:38.916+0000] {processor.py:829} INFO - Processing file /home/airflow/.local/lib/python3.8/site-packages/airflow/example_dags/example_kubernetes_executor.py for tasks to queue
[2024-06-23T07:15:38.917+0000] {logging_mixin.py:154} INFO - [2024-06-23T07:15:38.917+0000] {dagbag.py:536} INFO - Filling up the DagBag from /home/airflow/.local/lib/python3.8/site-packages/airflow/example_dags/example_kubernetes_executor.py
[2024-06-23T07:15:38.935+0000] {processor.py:839} INFO - DAG(s) dict_keys(['example_kubernetes_executor']) retrieved from /home/airflow/.local/lib/python3.8/site-packages/airflow/example_dags/example_kubernetes_executor.py
[2024-06-23T07:15:38.965+0000] {logging_mixin.py:154} INFO - [2024-06-23T07:15:38.965+0000] {dag.py:2941} INFO - Sync 1 DAGs
[2024-06-23T07:15:38.980+0000] {logging_mixin.py:154} INFO - [2024-06-23T07:15:38.980+0000] {dag.py:3722} INFO - Setting next_dagrun for example_kubernetes_executor to None, run_after=None
[2024-06-23T07:15:39.007+0000] {processor.py:179} INFO - Processing /home/airflow/.local/lib/python3.8/site-packages/airflow/example_dags/example_kubernetes_executor.py took 0.095 seconds
[2024-06-23T07:16:09.373+0000] {processor.py:157} INFO - Started process (PID=18051) to work on /home/airflow/.local/lib/python3.8/site-packages/airflow/example_dags/example_kubernetes_executor.py
[2024-06-23T07:16:09.374+0000] {processor.py:829} INFO - Processing file /home/airflow/.local/lib/python3.8/site-packages/airflow/example_dags/example_kubernetes_executor.py for tasks to queue
[2024-06-23T07:16:09.375+0000] {logging_mixin.py:154} INFO - [2024-06-23T07:16:09.375+0000] {dagbag.py:536} INFO - Filling up the DagBag from /home/airflow/.local/lib/python3.8/site-packages/airflow/example_dags/example_kubernetes_executor.py
[2024-06-23T07:16:09.390+0000] {processor.py:839} INFO - DAG(s) dict_keys(['example_kubernetes_executor']) retrieved from /home/airflow/.local/lib/python3.8/site-packages/airflow/example_dags/example_kubernetes_executor.py
[2024-06-23T07:16:09.455+0000] {logging_mixin.py:154} INFO - [2024-06-23T07:16:09.455+0000] {dag.py:2941} INFO - Sync 1 DAGs
[2024-06-23T07:16:09.479+0000] {logging_mixin.py:154} INFO - [2024-06-23T07:16:09.479+0000] {dag.py:3722} INFO - Setting next_dagrun for example_kubernetes_executor to None, run_after=None
[2024-06-23T07:16:09.514+0000] {processor.py:179} INFO - Processing /home/airflow/.local/lib/python3.8/site-packages/airflow/example_dags/example_kubernetes_executor.py took 0.144 seconds
[2024-06-23T07:16:39.707+0000] {processor.py:157} INFO - Started process (PID=18292) to work on /home/airflow/.local/lib/python3.8/site-packages/airflow/example_dags/example_kubernetes_executor.py
[2024-06-23T07:16:39.708+0000] {processor.py:829} INFO - Processing file /home/airflow/.local/lib/python3.8/site-packages/airflow/example_dags/example_kubernetes_executor.py for tasks to queue
[2024-06-23T07:16:39.709+0000] {logging_mixin.py:154} INFO - [2024-06-23T07:16:39.709+0000] {dagbag.py:536} INFO - Filling up the DagBag from /home/airflow/.local/lib/python3.8/site-packages/airflow/example_dags/example_kubernetes_executor.py
[2024-06-23T07:16:39.720+0000] {processor.py:839} INFO - DAG(s) dict_keys(['example_kubernetes_executor']) retrieved from /home/airflow/.local/lib/python3.8/site-packages/airflow/example_dags/example_kubernetes_executor.py
[2024-06-23T07:16:39.760+0000] {logging_mixin.py:154} INFO - [2024-06-23T07:16:39.760+0000] {dag.py:2941} INFO - Sync 1 DAGs
[2024-06-23T07:16:39.770+0000] {logging_mixin.py:154} INFO - [2024-06-23T07:16:39.770+0000] {dag.py:3722} INFO - Setting next_dagrun for example_kubernetes_executor to None, run_after=None
[2024-06-23T07:16:39.789+0000] {processor.py:179} INFO - Processing /home/airflow/.local/lib/python3.8/site-packages/airflow/example_dags/example_kubernetes_executor.py took 0.085 seconds
[2024-06-23T07:17:10.055+0000] {processor.py:157} INFO - Started process (PID=18536) to work on /home/airflow/.local/lib/python3.8/site-packages/airflow/example_dags/example_kubernetes_executor.py
[2024-06-23T07:17:10.057+0000] {processor.py:829} INFO - Processing file /home/airflow/.local/lib/python3.8/site-packages/airflow/example_dags/example_kubernetes_executor.py for tasks to queue
[2024-06-23T07:17:10.058+0000] {logging_mixin.py:154} INFO - [2024-06-23T07:17:10.057+0000] {dagbag.py:536} INFO - Filling up the DagBag from /home/airflow/.local/lib/python3.8/site-packages/airflow/example_dags/example_kubernetes_executor.py
[2024-06-23T07:17:10.069+0000] {processor.py:839} INFO - DAG(s) dict_keys(['example_kubernetes_executor']) retrieved from /home/airflow/.local/lib/python3.8/site-packages/airflow/example_dags/example_kubernetes_executor.py
[2024-06-23T07:17:10.096+0000] {logging_mixin.py:154} INFO - [2024-06-23T07:17:10.096+0000] {dag.py:2941} INFO - Sync 1 DAGs
[2024-06-23T07:17:10.106+0000] {logging_mixin.py:154} INFO - [2024-06-23T07:17:10.105+0000] {dag.py:3722} INFO - Setting next_dagrun for example_kubernetes_executor to None, run_after=None
[2024-06-23T07:17:10.119+0000] {processor.py:179} INFO - Processing /home/airflow/.local/lib/python3.8/site-packages/airflow/example_dags/example_kubernetes_executor.py took 0.066 seconds
[2024-06-23T07:17:40.637+0000] {processor.py:157} INFO - Started process (PID=18780) to work on /home/airflow/.local/lib/python3.8/site-packages/airflow/example_dags/example_kubernetes_executor.py
[2024-06-23T07:17:40.639+0000] {processor.py:829} INFO - Processing file /home/airflow/.local/lib/python3.8/site-packages/airflow/example_dags/example_kubernetes_executor.py for tasks to queue
[2024-06-23T07:17:40.640+0000] {logging_mixin.py:154} INFO - [2024-06-23T07:17:40.640+0000] {dagbag.py:536} INFO - Filling up the DagBag from /home/airflow/.local/lib/python3.8/site-packages/airflow/example_dags/example_kubernetes_executor.py
[2024-06-23T07:17:40.657+0000] {processor.py:839} INFO - DAG(s) dict_keys(['example_kubernetes_executor']) retrieved from /home/airflow/.local/lib/python3.8/site-packages/airflow/example_dags/example_kubernetes_executor.py
[2024-06-23T07:17:40.687+0000] {logging_mixin.py:154} INFO - [2024-06-23T07:17:40.687+0000] {dag.py:2941} INFO - Sync 1 DAGs
[2024-06-23T07:17:40.694+0000] {logging_mixin.py:154} INFO - [2024-06-23T07:17:40.694+0000] {dag.py:3722} INFO - Setting next_dagrun for example_kubernetes_executor to None, run_after=None
[2024-06-23T07:17:40.704+0000] {processor.py:179} INFO - Processing /home/airflow/.local/lib/python3.8/site-packages/airflow/example_dags/example_kubernetes_executor.py took 0.074 seconds
[2024-06-23T07:18:10.823+0000] {processor.py:157} INFO - Started process (PID=19024) to work on /home/airflow/.local/lib/python3.8/site-packages/airflow/example_dags/example_kubernetes_executor.py
[2024-06-23T07:18:10.824+0000] {processor.py:829} INFO - Processing file /home/airflow/.local/lib/python3.8/site-packages/airflow/example_dags/example_kubernetes_executor.py for tasks to queue
[2024-06-23T07:18:10.825+0000] {logging_mixin.py:154} INFO - [2024-06-23T07:18:10.824+0000] {dagbag.py:536} INFO - Filling up the DagBag from /home/airflow/.local/lib/python3.8/site-packages/airflow/example_dags/example_kubernetes_executor.py
[2024-06-23T07:18:10.835+0000] {processor.py:839} INFO - DAG(s) dict_keys(['example_kubernetes_executor']) retrieved from /home/airflow/.local/lib/python3.8/site-packages/airflow/example_dags/example_kubernetes_executor.py
[2024-06-23T07:18:10.856+0000] {logging_mixin.py:154} INFO - [2024-06-23T07:18:10.855+0000] {dag.py:2941} INFO - Sync 1 DAGs
[2024-06-23T07:18:10.863+0000] {logging_mixin.py:154} INFO - [2024-06-23T07:18:10.863+0000] {dag.py:3722} INFO - Setting next_dagrun for example_kubernetes_executor to None, run_after=None
[2024-06-23T07:18:10.876+0000] {processor.py:179} INFO - Processing /home/airflow/.local/lib/python3.8/site-packages/airflow/example_dags/example_kubernetes_executor.py took 0.055 seconds
[2024-06-23T07:18:41.032+0000] {processor.py:157} INFO - Started process (PID=19268) to work on /home/airflow/.local/lib/python3.8/site-packages/airflow/example_dags/example_kubernetes_executor.py
[2024-06-23T07:18:41.033+0000] {processor.py:829} INFO - Processing file /home/airflow/.local/lib/python3.8/site-packages/airflow/example_dags/example_kubernetes_executor.py for tasks to queue
[2024-06-23T07:18:41.035+0000] {logging_mixin.py:154} INFO - [2024-06-23T07:18:41.035+0000] {dagbag.py:536} INFO - Filling up the DagBag from /home/airflow/.local/lib/python3.8/site-packages/airflow/example_dags/example_kubernetes_executor.py
[2024-06-23T07:18:41.047+0000] {processor.py:839} INFO - DAG(s) dict_keys(['example_kubernetes_executor']) retrieved from /home/airflow/.local/lib/python3.8/site-packages/airflow/example_dags/example_kubernetes_executor.py
[2024-06-23T07:18:41.071+0000] {logging_mixin.py:154} INFO - [2024-06-23T07:18:41.070+0000] {dag.py:2941} INFO - Sync 1 DAGs
[2024-06-23T07:18:41.079+0000] {logging_mixin.py:154} INFO - [2024-06-23T07:18:41.079+0000] {dag.py:3722} INFO - Setting next_dagrun for example_kubernetes_executor to None, run_after=None
[2024-06-23T07:18:41.091+0000] {processor.py:179} INFO - Processing /home/airflow/.local/lib/python3.8/site-packages/airflow/example_dags/example_kubernetes_executor.py took 0.061 seconds
[2024-06-23T07:19:11.172+0000] {processor.py:157} INFO - Started process (PID=19511) to work on /home/airflow/.local/lib/python3.8/site-packages/airflow/example_dags/example_kubernetes_executor.py
[2024-06-23T07:19:11.175+0000] {processor.py:829} INFO - Processing file /home/airflow/.local/lib/python3.8/site-packages/airflow/example_dags/example_kubernetes_executor.py for tasks to queue
[2024-06-23T07:19:11.176+0000] {logging_mixin.py:154} INFO - [2024-06-23T07:19:11.176+0000] {dagbag.py:536} INFO - Filling up the DagBag from /home/airflow/.local/lib/python3.8/site-packages/airflow/example_dags/example_kubernetes_executor.py
[2024-06-23T07:19:11.187+0000] {processor.py:839} INFO - DAG(s) dict_keys(['example_kubernetes_executor']) retrieved from /home/airflow/.local/lib/python3.8/site-packages/airflow/example_dags/example_kubernetes_executor.py
[2024-06-23T07:19:11.266+0000] {logging_mixin.py:154} INFO - [2024-06-23T07:19:11.266+0000] {dag.py:2941} INFO - Sync 1 DAGs
[2024-06-23T07:19:11.272+0000] {logging_mixin.py:154} INFO - [2024-06-23T07:19:11.272+0000] {dag.py:3722} INFO - Setting next_dagrun for example_kubernetes_executor to None, run_after=None
[2024-06-23T07:19:11.284+0000] {processor.py:179} INFO - Processing /home/airflow/.local/lib/python3.8/site-packages/airflow/example_dags/example_kubernetes_executor.py took 0.115 seconds
[2024-06-23T07:19:41.639+0000] {processor.py:157} INFO - Started process (PID=19755) to work on /home/airflow/.local/lib/python3.8/site-packages/airflow/example_dags/example_kubernetes_executor.py
[2024-06-23T07:19:41.641+0000] {processor.py:829} INFO - Processing file /home/airflow/.local/lib/python3.8/site-packages/airflow/example_dags/example_kubernetes_executor.py for tasks to queue
[2024-06-23T07:19:41.642+0000] {logging_mixin.py:154} INFO - [2024-06-23T07:19:41.641+0000] {dagbag.py:536} INFO - Filling up the DagBag from /home/airflow/.local/lib/python3.8/site-packages/airflow/example_dags/example_kubernetes_executor.py
[2024-06-23T07:19:41.654+0000] {processor.py:839} INFO - DAG(s) dict_keys(['example_kubernetes_executor']) retrieved from /home/airflow/.local/lib/python3.8/site-packages/airflow/example_dags/example_kubernetes_executor.py
[2024-06-23T07:19:41.681+0000] {logging_mixin.py:154} INFO - [2024-06-23T07:19:41.681+0000] {dag.py:2941} INFO - Sync 1 DAGs
[2024-06-23T07:19:41.693+0000] {logging_mixin.py:154} INFO - [2024-06-23T07:19:41.693+0000] {dag.py:3722} INFO - Setting next_dagrun for example_kubernetes_executor to None, run_after=None
[2024-06-23T07:19:41.712+0000] {processor.py:179} INFO - Processing /home/airflow/.local/lib/python3.8/site-packages/airflow/example_dags/example_kubernetes_executor.py took 0.076 seconds
[2024-06-23T07:20:11.968+0000] {processor.py:157} INFO - Started process (PID=19998) to work on /home/airflow/.local/lib/python3.8/site-packages/airflow/example_dags/example_kubernetes_executor.py
[2024-06-23T07:20:11.970+0000] {processor.py:829} INFO - Processing file /home/airflow/.local/lib/python3.8/site-packages/airflow/example_dags/example_kubernetes_executor.py for tasks to queue
[2024-06-23T07:20:11.970+0000] {logging_mixin.py:154} INFO - [2024-06-23T07:20:11.970+0000] {dagbag.py:536} INFO - Filling up the DagBag from /home/airflow/.local/lib/python3.8/site-packages/airflow/example_dags/example_kubernetes_executor.py
[2024-06-23T07:20:11.985+0000] {processor.py:839} INFO - DAG(s) dict_keys(['example_kubernetes_executor']) retrieved from /home/airflow/.local/lib/python3.8/site-packages/airflow/example_dags/example_kubernetes_executor.py
[2024-06-23T07:20:12.007+0000] {logging_mixin.py:154} INFO - [2024-06-23T07:20:12.007+0000] {dag.py:2941} INFO - Sync 1 DAGs
[2024-06-23T07:20:12.015+0000] {logging_mixin.py:154} INFO - [2024-06-23T07:20:12.015+0000] {dag.py:3722} INFO - Setting next_dagrun for example_kubernetes_executor to None, run_after=None
[2024-06-23T07:20:12.026+0000] {processor.py:179} INFO - Processing /home/airflow/.local/lib/python3.8/site-packages/airflow/example_dags/example_kubernetes_executor.py took 0.062 seconds
[2024-06-23T07:20:42.755+0000] {processor.py:157} INFO - Started process (PID=20241) to work on /home/airflow/.local/lib/python3.8/site-packages/airflow/example_dags/example_kubernetes_executor.py
[2024-06-23T07:20:42.756+0000] {processor.py:829} INFO - Processing file /home/airflow/.local/lib/python3.8/site-packages/airflow/example_dags/example_kubernetes_executor.py for tasks to queue
[2024-06-23T07:20:42.757+0000] {logging_mixin.py:154} INFO - [2024-06-23T07:20:42.757+0000] {dagbag.py:536} INFO - Filling up the DagBag from /home/airflow/.local/lib/python3.8/site-packages/airflow/example_dags/example_kubernetes_executor.py
[2024-06-23T07:20:42.767+0000] {processor.py:839} INFO - DAG(s) dict_keys(['example_kubernetes_executor']) retrieved from /home/airflow/.local/lib/python3.8/site-packages/airflow/example_dags/example_kubernetes_executor.py
[2024-06-23T07:20:42.794+0000] {logging_mixin.py:154} INFO - [2024-06-23T07:20:42.794+0000] {dag.py:2941} INFO - Sync 1 DAGs
[2024-06-23T07:20:42.803+0000] {logging_mixin.py:154} INFO - [2024-06-23T07:20:42.803+0000] {dag.py:3722} INFO - Setting next_dagrun for example_kubernetes_executor to None, run_after=None
[2024-06-23T07:20:42.817+0000] {processor.py:179} INFO - Processing /home/airflow/.local/lib/python3.8/site-packages/airflow/example_dags/example_kubernetes_executor.py took 0.064 seconds
[2024-06-23T07:21:12.905+0000] {processor.py:157} INFO - Started process (PID=20485) to work on /home/airflow/.local/lib/python3.8/site-packages/airflow/example_dags/example_kubernetes_executor.py
[2024-06-23T07:21:12.906+0000] {processor.py:829} INFO - Processing file /home/airflow/.local/lib/python3.8/site-packages/airflow/example_dags/example_kubernetes_executor.py for tasks to queue
[2024-06-23T07:21:12.907+0000] {logging_mixin.py:154} INFO - [2024-06-23T07:21:12.907+0000] {dagbag.py:536} INFO - Filling up the DagBag from /home/airflow/.local/lib/python3.8/site-packages/airflow/example_dags/example_kubernetes_executor.py
[2024-06-23T07:21:12.918+0000] {processor.py:839} INFO - DAG(s) dict_keys(['example_kubernetes_executor']) retrieved from /home/airflow/.local/lib/python3.8/site-packages/airflow/example_dags/example_kubernetes_executor.py
[2024-06-23T07:21:12.945+0000] {logging_mixin.py:154} INFO - [2024-06-23T07:21:12.944+0000] {dag.py:2941} INFO - Sync 1 DAGs
[2024-06-23T07:21:12.953+0000] {logging_mixin.py:154} INFO - [2024-06-23T07:21:12.953+0000] {dag.py:3722} INFO - Setting next_dagrun for example_kubernetes_executor to None, run_after=None
[2024-06-23T07:21:12.967+0000] {processor.py:179} INFO - Processing /home/airflow/.local/lib/python3.8/site-packages/airflow/example_dags/example_kubernetes_executor.py took 0.065 seconds
[2024-06-23T07:21:43.043+0000] {processor.py:157} INFO - Started process (PID=20732) to work on /home/airflow/.local/lib/python3.8/site-packages/airflow/example_dags/example_kubernetes_executor.py
[2024-06-23T07:21:43.044+0000] {processor.py:829} INFO - Processing file /home/airflow/.local/lib/python3.8/site-packages/airflow/example_dags/example_kubernetes_executor.py for tasks to queue
[2024-06-23T07:21:43.044+0000] {logging_mixin.py:154} INFO - [2024-06-23T07:21:43.044+0000] {dagbag.py:536} INFO - Filling up the DagBag from /home/airflow/.local/lib/python3.8/site-packages/airflow/example_dags/example_kubernetes_executor.py
[2024-06-23T07:21:43.054+0000] {processor.py:839} INFO - DAG(s) dict_keys(['example_kubernetes_executor']) retrieved from /home/airflow/.local/lib/python3.8/site-packages/airflow/example_dags/example_kubernetes_executor.py
[2024-06-23T07:21:43.075+0000] {logging_mixin.py:154} INFO - [2024-06-23T07:21:43.074+0000] {dag.py:2941} INFO - Sync 1 DAGs
[2024-06-23T07:21:43.082+0000] {logging_mixin.py:154} INFO - [2024-06-23T07:21:43.082+0000] {dag.py:3722} INFO - Setting next_dagrun for example_kubernetes_executor to None, run_after=None
[2024-06-23T07:21:43.092+0000] {processor.py:179} INFO - Processing /home/airflow/.local/lib/python3.8/site-packages/airflow/example_dags/example_kubernetes_executor.py took 0.052 seconds
[2024-06-23T07:22:13.870+0000] {processor.py:157} INFO - Started process (PID=20973) to work on /home/airflow/.local/lib/python3.8/site-packages/airflow/example_dags/example_kubernetes_executor.py
[2024-06-23T07:22:13.870+0000] {processor.py:829} INFO - Processing file /home/airflow/.local/lib/python3.8/site-packages/airflow/example_dags/example_kubernetes_executor.py for tasks to queue
[2024-06-23T07:22:13.871+0000] {logging_mixin.py:154} INFO - [2024-06-23T07:22:13.871+0000] {dagbag.py:536} INFO - Filling up the DagBag from /home/airflow/.local/lib/python3.8/site-packages/airflow/example_dags/example_kubernetes_executor.py
[2024-06-23T07:22:13.882+0000] {processor.py:839} INFO - DAG(s) dict_keys(['example_kubernetes_executor']) retrieved from /home/airflow/.local/lib/python3.8/site-packages/airflow/example_dags/example_kubernetes_executor.py
[2024-06-23T07:22:13.904+0000] {logging_mixin.py:154} INFO - [2024-06-23T07:22:13.904+0000] {dag.py:2941} INFO - Sync 1 DAGs
[2024-06-23T07:22:13.913+0000] {logging_mixin.py:154} INFO - [2024-06-23T07:22:13.913+0000] {dag.py:3722} INFO - Setting next_dagrun for example_kubernetes_executor to None, run_after=None
[2024-06-23T07:22:13.927+0000] {processor.py:179} INFO - Processing /home/airflow/.local/lib/python3.8/site-packages/airflow/example_dags/example_kubernetes_executor.py took 0.059 seconds
[2024-06-23T07:22:44.656+0000] {processor.py:157} INFO - Started process (PID=21217) to work on /home/airflow/.local/lib/python3.8/site-packages/airflow/example_dags/example_kubernetes_executor.py
[2024-06-23T07:22:44.657+0000] {processor.py:829} INFO - Processing file /home/airflow/.local/lib/python3.8/site-packages/airflow/example_dags/example_kubernetes_executor.py for tasks to queue
[2024-06-23T07:22:44.657+0000] {logging_mixin.py:154} INFO - [2024-06-23T07:22:44.657+0000] {dagbag.py:536} INFO - Filling up the DagBag from /home/airflow/.local/lib/python3.8/site-packages/airflow/example_dags/example_kubernetes_executor.py
[2024-06-23T07:22:44.672+0000] {processor.py:839} INFO - DAG(s) dict_keys(['example_kubernetes_executor']) retrieved from /home/airflow/.local/lib/python3.8/site-packages/airflow/example_dags/example_kubernetes_executor.py
[2024-06-23T07:22:44.707+0000] {logging_mixin.py:154} INFO - [2024-06-23T07:22:44.707+0000] {dag.py:2941} INFO - Sync 1 DAGs
[2024-06-23T07:22:44.715+0000] {logging_mixin.py:154} INFO - [2024-06-23T07:22:44.715+0000] {dag.py:3722} INFO - Setting next_dagrun for example_kubernetes_executor to None, run_after=None
[2024-06-23T07:22:44.726+0000] {processor.py:179} INFO - Processing /home/airflow/.local/lib/python3.8/site-packages/airflow/example_dags/example_kubernetes_executor.py took 0.073 seconds
[2024-06-23T07:23:15.696+0000] {processor.py:157} INFO - Started process (PID=21461) to work on /home/airflow/.local/lib/python3.8/site-packages/airflow/example_dags/example_kubernetes_executor.py
[2024-06-23T07:23:15.697+0000] {processor.py:829} INFO - Processing file /home/airflow/.local/lib/python3.8/site-packages/airflow/example_dags/example_kubernetes_executor.py for tasks to queue
[2024-06-23T07:23:15.699+0000] {logging_mixin.py:154} INFO - [2024-06-23T07:23:15.699+0000] {dagbag.py:536} INFO - Filling up the DagBag from /home/airflow/.local/lib/python3.8/site-packages/airflow/example_dags/example_kubernetes_executor.py
[2024-06-23T07:23:15.714+0000] {processor.py:839} INFO - DAG(s) dict_keys(['example_kubernetes_executor']) retrieved from /home/airflow/.local/lib/python3.8/site-packages/airflow/example_dags/example_kubernetes_executor.py
[2024-06-23T07:23:15.745+0000] {logging_mixin.py:154} INFO - [2024-06-23T07:23:15.745+0000] {dag.py:2941} INFO - Sync 1 DAGs
[2024-06-23T07:23:15.757+0000] {logging_mixin.py:154} INFO - [2024-06-23T07:23:15.757+0000] {dag.py:3722} INFO - Setting next_dagrun for example_kubernetes_executor to None, run_after=None
[2024-06-23T07:23:15.779+0000] {processor.py:179} INFO - Processing /home/airflow/.local/lib/python3.8/site-packages/airflow/example_dags/example_kubernetes_executor.py took 0.085 seconds
[2024-06-23T07:23:46.260+0000] {processor.py:157} INFO - Started process (PID=21705) to work on /home/airflow/.local/lib/python3.8/site-packages/airflow/example_dags/example_kubernetes_executor.py
[2024-06-23T07:23:46.261+0000] {processor.py:829} INFO - Processing file /home/airflow/.local/lib/python3.8/site-packages/airflow/example_dags/example_kubernetes_executor.py for tasks to queue
[2024-06-23T07:23:46.262+0000] {logging_mixin.py:154} INFO - [2024-06-23T07:23:46.261+0000] {dagbag.py:536} INFO - Filling up the DagBag from /home/airflow/.local/lib/python3.8/site-packages/airflow/example_dags/example_kubernetes_executor.py
[2024-06-23T07:23:46.271+0000] {processor.py:839} INFO - DAG(s) dict_keys(['example_kubernetes_executor']) retrieved from /home/airflow/.local/lib/python3.8/site-packages/airflow/example_dags/example_kubernetes_executor.py
[2024-06-23T07:23:46.292+0000] {logging_mixin.py:154} INFO - [2024-06-23T07:23:46.292+0000] {dag.py:2941} INFO - Sync 1 DAGs
[2024-06-23T07:23:46.301+0000] {logging_mixin.py:154} INFO - [2024-06-23T07:23:46.301+0000] {dag.py:3722} INFO - Setting next_dagrun for example_kubernetes_executor to None, run_after=None
[2024-06-23T07:23:46.313+0000] {processor.py:179} INFO - Processing /home/airflow/.local/lib/python3.8/site-packages/airflow/example_dags/example_kubernetes_executor.py took 0.055 seconds
[2024-06-23T07:24:17.309+0000] {processor.py:157} INFO - Started process (PID=21949) to work on /home/airflow/.local/lib/python3.8/site-packages/airflow/example_dags/example_kubernetes_executor.py
[2024-06-23T07:24:17.311+0000] {processor.py:829} INFO - Processing file /home/airflow/.local/lib/python3.8/site-packages/airflow/example_dags/example_kubernetes_executor.py for tasks to queue
[2024-06-23T07:24:17.313+0000] {logging_mixin.py:154} INFO - [2024-06-23T07:24:17.312+0000] {dagbag.py:536} INFO - Filling up the DagBag from /home/airflow/.local/lib/python3.8/site-packages/airflow/example_dags/example_kubernetes_executor.py
[2024-06-23T07:24:17.324+0000] {processor.py:839} INFO - DAG(s) dict_keys(['example_kubernetes_executor']) retrieved from /home/airflow/.local/lib/python3.8/site-packages/airflow/example_dags/example_kubernetes_executor.py
[2024-06-23T07:24:17.344+0000] {logging_mixin.py:154} INFO - [2024-06-23T07:24:17.344+0000] {dag.py:2941} INFO - Sync 1 DAGs
[2024-06-23T07:24:17.354+0000] {logging_mixin.py:154} INFO - [2024-06-23T07:24:17.354+0000] {dag.py:3722} INFO - Setting next_dagrun for example_kubernetes_executor to None, run_after=None
[2024-06-23T07:24:17.366+0000] {processor.py:179} INFO - Processing /home/airflow/.local/lib/python3.8/site-packages/airflow/example_dags/example_kubernetes_executor.py took 0.061 seconds
[2024-06-23T07:24:48.318+0000] {processor.py:157} INFO - Started process (PID=22193) to work on /home/airflow/.local/lib/python3.8/site-packages/airflow/example_dags/example_kubernetes_executor.py
[2024-06-23T07:24:48.320+0000] {processor.py:829} INFO - Processing file /home/airflow/.local/lib/python3.8/site-packages/airflow/example_dags/example_kubernetes_executor.py for tasks to queue
[2024-06-23T07:24:48.322+0000] {logging_mixin.py:154} INFO - [2024-06-23T07:24:48.321+0000] {dagbag.py:536} INFO - Filling up the DagBag from /home/airflow/.local/lib/python3.8/site-packages/airflow/example_dags/example_kubernetes_executor.py
[2024-06-23T07:24:48.337+0000] {processor.py:839} INFO - DAG(s) dict_keys(['example_kubernetes_executor']) retrieved from /home/airflow/.local/lib/python3.8/site-packages/airflow/example_dags/example_kubernetes_executor.py
[2024-06-23T07:24:48.360+0000] {logging_mixin.py:154} INFO - [2024-06-23T07:24:48.360+0000] {dag.py:2941} INFO - Sync 1 DAGs
[2024-06-23T07:24:48.367+0000] {logging_mixin.py:154} INFO - [2024-06-23T07:24:48.367+0000] {dag.py:3722} INFO - Setting next_dagrun for example_kubernetes_executor to None, run_after=None
[2024-06-23T07:24:48.380+0000] {processor.py:179} INFO - Processing /home/airflow/.local/lib/python3.8/site-packages/airflow/example_dags/example_kubernetes_executor.py took 0.067 seconds
[2024-06-23T07:25:18.424+0000] {processor.py:157} INFO - Started process (PID=22437) to work on /home/airflow/.local/lib/python3.8/site-packages/airflow/example_dags/example_kubernetes_executor.py
[2024-06-23T07:25:18.425+0000] {processor.py:829} INFO - Processing file /home/airflow/.local/lib/python3.8/site-packages/airflow/example_dags/example_kubernetes_executor.py for tasks to queue
[2024-06-23T07:25:18.425+0000] {logging_mixin.py:154} INFO - [2024-06-23T07:25:18.425+0000] {dagbag.py:536} INFO - Filling up the DagBag from /home/airflow/.local/lib/python3.8/site-packages/airflow/example_dags/example_kubernetes_executor.py
[2024-06-23T07:25:18.437+0000] {processor.py:839} INFO - DAG(s) dict_keys(['example_kubernetes_executor']) retrieved from /home/airflow/.local/lib/python3.8/site-packages/airflow/example_dags/example_kubernetes_executor.py
[2024-06-23T07:25:18.455+0000] {logging_mixin.py:154} INFO - [2024-06-23T07:25:18.454+0000] {dag.py:2941} INFO - Sync 1 DAGs
[2024-06-23T07:25:18.461+0000] {logging_mixin.py:154} INFO - [2024-06-23T07:25:18.461+0000] {dag.py:3722} INFO - Setting next_dagrun for example_kubernetes_executor to None, run_after=None
[2024-06-23T07:25:18.470+0000] {processor.py:179} INFO - Processing /home/airflow/.local/lib/python3.8/site-packages/airflow/example_dags/example_kubernetes_executor.py took 0.049 seconds
[2024-06-23T07:25:48.638+0000] {processor.py:157} INFO - Started process (PID=22681) to work on /home/airflow/.local/lib/python3.8/site-packages/airflow/example_dags/example_kubernetes_executor.py
[2024-06-23T07:25:48.639+0000] {processor.py:829} INFO - Processing file /home/airflow/.local/lib/python3.8/site-packages/airflow/example_dags/example_kubernetes_executor.py for tasks to queue
[2024-06-23T07:25:48.639+0000] {logging_mixin.py:154} INFO - [2024-06-23T07:25:48.639+0000] {dagbag.py:536} INFO - Filling up the DagBag from /home/airflow/.local/lib/python3.8/site-packages/airflow/example_dags/example_kubernetes_executor.py
[2024-06-23T07:25:48.650+0000] {processor.py:839} INFO - DAG(s) dict_keys(['example_kubernetes_executor']) retrieved from /home/airflow/.local/lib/python3.8/site-packages/airflow/example_dags/example_kubernetes_executor.py
[2024-06-23T07:25:48.666+0000] {logging_mixin.py:154} INFO - [2024-06-23T07:25:48.666+0000] {dag.py:2941} INFO - Sync 1 DAGs
[2024-06-23T07:25:48.671+0000] {logging_mixin.py:154} INFO - [2024-06-23T07:25:48.671+0000] {dag.py:3722} INFO - Setting next_dagrun for example_kubernetes_executor to None, run_after=None
[2024-06-23T07:25:48.679+0000] {processor.py:179} INFO - Processing /home/airflow/.local/lib/python3.8/site-packages/airflow/example_dags/example_kubernetes_executor.py took 0.044 seconds
[2024-06-23T07:26:19.413+0000] {processor.py:157} INFO - Started process (PID=22925) to work on /home/airflow/.local/lib/python3.8/site-packages/airflow/example_dags/example_kubernetes_executor.py
[2024-06-23T07:26:19.415+0000] {processor.py:829} INFO - Processing file /home/airflow/.local/lib/python3.8/site-packages/airflow/example_dags/example_kubernetes_executor.py for tasks to queue
[2024-06-23T07:26:19.416+0000] {logging_mixin.py:154} INFO - [2024-06-23T07:26:19.416+0000] {dagbag.py:536} INFO - Filling up the DagBag from /home/airflow/.local/lib/python3.8/site-packages/airflow/example_dags/example_kubernetes_executor.py
[2024-06-23T07:26:19.428+0000] {processor.py:839} INFO - DAG(s) dict_keys(['example_kubernetes_executor']) retrieved from /home/airflow/.local/lib/python3.8/site-packages/airflow/example_dags/example_kubernetes_executor.py
[2024-06-23T07:26:19.453+0000] {logging_mixin.py:154} INFO - [2024-06-23T07:26:19.453+0000] {dag.py:2941} INFO - Sync 1 DAGs
[2024-06-23T07:26:19.461+0000] {logging_mixin.py:154} INFO - [2024-06-23T07:26:19.461+0000] {dag.py:3722} INFO - Setting next_dagrun for example_kubernetes_executor to None, run_after=None
[2024-06-23T07:26:19.484+0000] {processor.py:179} INFO - Processing /home/airflow/.local/lib/python3.8/site-packages/airflow/example_dags/example_kubernetes_executor.py took 0.074 seconds
[2024-06-23T07:26:50.379+0000] {processor.py:157} INFO - Started process (PID=23169) to work on /home/airflow/.local/lib/python3.8/site-packages/airflow/example_dags/example_kubernetes_executor.py
[2024-06-23T07:26:50.382+0000] {processor.py:829} INFO - Processing file /home/airflow/.local/lib/python3.8/site-packages/airflow/example_dags/example_kubernetes_executor.py for tasks to queue
[2024-06-23T07:26:50.383+0000] {logging_mixin.py:154} INFO - [2024-06-23T07:26:50.383+0000] {dagbag.py:536} INFO - Filling up the DagBag from /home/airflow/.local/lib/python3.8/site-packages/airflow/example_dags/example_kubernetes_executor.py
[2024-06-23T07:26:50.402+0000] {processor.py:839} INFO - DAG(s) dict_keys(['example_kubernetes_executor']) retrieved from /home/airflow/.local/lib/python3.8/site-packages/airflow/example_dags/example_kubernetes_executor.py
[2024-06-23T07:26:50.426+0000] {logging_mixin.py:154} INFO - [2024-06-23T07:26:50.426+0000] {dag.py:2941} INFO - Sync 1 DAGs
[2024-06-23T07:26:50.433+0000] {logging_mixin.py:154} INFO - [2024-06-23T07:26:50.433+0000] {dag.py:3722} INFO - Setting next_dagrun for example_kubernetes_executor to None, run_after=None
[2024-06-23T07:26:50.442+0000] {processor.py:179} INFO - Processing /home/airflow/.local/lib/python3.8/site-packages/airflow/example_dags/example_kubernetes_executor.py took 0.068 seconds
[2024-06-23T07:27:21.248+0000] {processor.py:157} INFO - Started process (PID=23412) to work on /home/airflow/.local/lib/python3.8/site-packages/airflow/example_dags/example_kubernetes_executor.py
[2024-06-23T07:27:21.250+0000] {processor.py:829} INFO - Processing file /home/airflow/.local/lib/python3.8/site-packages/airflow/example_dags/example_kubernetes_executor.py for tasks to queue
[2024-06-23T07:27:21.252+0000] {logging_mixin.py:154} INFO - [2024-06-23T07:27:21.251+0000] {dagbag.py:536} INFO - Filling up the DagBag from /home/airflow/.local/lib/python3.8/site-packages/airflow/example_dags/example_kubernetes_executor.py
[2024-06-23T07:27:21.267+0000] {processor.py:839} INFO - DAG(s) dict_keys(['example_kubernetes_executor']) retrieved from /home/airflow/.local/lib/python3.8/site-packages/airflow/example_dags/example_kubernetes_executor.py
[2024-06-23T07:27:21.288+0000] {logging_mixin.py:154} INFO - [2024-06-23T07:27:21.287+0000] {dag.py:2941} INFO - Sync 1 DAGs
[2024-06-23T07:27:21.294+0000] {logging_mixin.py:154} INFO - [2024-06-23T07:27:21.294+0000] {dag.py:3722} INFO - Setting next_dagrun for example_kubernetes_executor to None, run_after=None
[2024-06-23T07:27:21.303+0000] {processor.py:179} INFO - Processing /home/airflow/.local/lib/python3.8/site-packages/airflow/example_dags/example_kubernetes_executor.py took 0.060 seconds
[2024-06-23T07:27:52.048+0000] {processor.py:157} INFO - Started process (PID=23656) to work on /home/airflow/.local/lib/python3.8/site-packages/airflow/example_dags/example_kubernetes_executor.py
[2024-06-23T07:27:52.051+0000] {processor.py:829} INFO - Processing file /home/airflow/.local/lib/python3.8/site-packages/airflow/example_dags/example_kubernetes_executor.py for tasks to queue
[2024-06-23T07:27:52.052+0000] {logging_mixin.py:154} INFO - [2024-06-23T07:27:52.051+0000] {dagbag.py:536} INFO - Filling up the DagBag from /home/airflow/.local/lib/python3.8/site-packages/airflow/example_dags/example_kubernetes_executor.py
[2024-06-23T07:27:52.062+0000] {processor.py:839} INFO - DAG(s) dict_keys(['example_kubernetes_executor']) retrieved from /home/airflow/.local/lib/python3.8/site-packages/airflow/example_dags/example_kubernetes_executor.py
[2024-06-23T07:27:52.084+0000] {logging_mixin.py:154} INFO - [2024-06-23T07:27:52.083+0000] {dag.py:2941} INFO - Sync 1 DAGs
[2024-06-23T07:27:52.091+0000] {logging_mixin.py:154} INFO - [2024-06-23T07:27:52.091+0000] {dag.py:3722} INFO - Setting next_dagrun for example_kubernetes_executor to None, run_after=None
[2024-06-23T07:27:52.103+0000] {processor.py:179} INFO - Processing /home/airflow/.local/lib/python3.8/site-packages/airflow/example_dags/example_kubernetes_executor.py took 0.058 seconds
[2024-06-23T07:28:23.067+0000] {processor.py:157} INFO - Started process (PID=23900) to work on /home/airflow/.local/lib/python3.8/site-packages/airflow/example_dags/example_kubernetes_executor.py
[2024-06-23T07:28:23.069+0000] {processor.py:829} INFO - Processing file /home/airflow/.local/lib/python3.8/site-packages/airflow/example_dags/example_kubernetes_executor.py for tasks to queue
[2024-06-23T07:28:23.070+0000] {logging_mixin.py:154} INFO - [2024-06-23T07:28:23.070+0000] {dagbag.py:536} INFO - Filling up the DagBag from /home/airflow/.local/lib/python3.8/site-packages/airflow/example_dags/example_kubernetes_executor.py
[2024-06-23T07:28:23.088+0000] {processor.py:839} INFO - DAG(s) dict_keys(['example_kubernetes_executor']) retrieved from /home/airflow/.local/lib/python3.8/site-packages/airflow/example_dags/example_kubernetes_executor.py
[2024-06-23T07:28:23.112+0000] {logging_mixin.py:154} INFO - [2024-06-23T07:28:23.112+0000] {dag.py:2941} INFO - Sync 1 DAGs
[2024-06-23T07:28:23.120+0000] {logging_mixin.py:154} INFO - [2024-06-23T07:28:23.119+0000] {dag.py:3722} INFO - Setting next_dagrun for example_kubernetes_executor to None, run_after=None
[2024-06-23T07:28:23.129+0000] {processor.py:179} INFO - Processing /home/airflow/.local/lib/python3.8/site-packages/airflow/example_dags/example_kubernetes_executor.py took 0.065 seconds
[2024-06-23T07:28:53.219+0000] {processor.py:157} INFO - Started process (PID=24144) to work on /home/airflow/.local/lib/python3.8/site-packages/airflow/example_dags/example_kubernetes_executor.py
[2024-06-23T07:28:53.222+0000] {processor.py:829} INFO - Processing file /home/airflow/.local/lib/python3.8/site-packages/airflow/example_dags/example_kubernetes_executor.py for tasks to queue
[2024-06-23T07:28:53.223+0000] {logging_mixin.py:154} INFO - [2024-06-23T07:28:53.222+0000] {dagbag.py:536} INFO - Filling up the DagBag from /home/airflow/.local/lib/python3.8/site-packages/airflow/example_dags/example_kubernetes_executor.py
[2024-06-23T07:28:53.239+0000] {processor.py:839} INFO - DAG(s) dict_keys(['example_kubernetes_executor']) retrieved from /home/airflow/.local/lib/python3.8/site-packages/airflow/example_dags/example_kubernetes_executor.py
[2024-06-23T07:28:53.261+0000] {logging_mixin.py:154} INFO - [2024-06-23T07:28:53.261+0000] {dag.py:2941} INFO - Sync 1 DAGs
[2024-06-23T07:28:53.268+0000] {logging_mixin.py:154} INFO - [2024-06-23T07:28:53.268+0000] {dag.py:3722} INFO - Setting next_dagrun for example_kubernetes_executor to None, run_after=None
[2024-06-23T07:28:53.277+0000] {processor.py:179} INFO - Processing /home/airflow/.local/lib/python3.8/site-packages/airflow/example_dags/example_kubernetes_executor.py took 0.062 seconds
[2024-06-23T07:29:23.440+0000] {processor.py:157} INFO - Started process (PID=24388) to work on /home/airflow/.local/lib/python3.8/site-packages/airflow/example_dags/example_kubernetes_executor.py
[2024-06-23T07:29:23.442+0000] {processor.py:829} INFO - Processing file /home/airflow/.local/lib/python3.8/site-packages/airflow/example_dags/example_kubernetes_executor.py for tasks to queue
[2024-06-23T07:29:23.443+0000] {logging_mixin.py:154} INFO - [2024-06-23T07:29:23.442+0000] {dagbag.py:536} INFO - Filling up the DagBag from /home/airflow/.local/lib/python3.8/site-packages/airflow/example_dags/example_kubernetes_executor.py
[2024-06-23T07:29:23.475+0000] {processor.py:839} INFO - DAG(s) dict_keys(['example_kubernetes_executor']) retrieved from /home/airflow/.local/lib/python3.8/site-packages/airflow/example_dags/example_kubernetes_executor.py
[2024-06-23T07:29:23.504+0000] {logging_mixin.py:154} INFO - [2024-06-23T07:29:23.504+0000] {dag.py:2941} INFO - Sync 1 DAGs
[2024-06-23T07:29:23.511+0000] {logging_mixin.py:154} INFO - [2024-06-23T07:29:23.511+0000] {dag.py:3722} INFO - Setting next_dagrun for example_kubernetes_executor to None, run_after=None
[2024-06-23T07:29:23.523+0000] {processor.py:179} INFO - Processing /home/airflow/.local/lib/python3.8/site-packages/airflow/example_dags/example_kubernetes_executor.py took 0.088 seconds
[2024-06-23T07:29:53.809+0000] {processor.py:157} INFO - Started process (PID=24632) to work on /home/airflow/.local/lib/python3.8/site-packages/airflow/example_dags/example_kubernetes_executor.py
[2024-06-23T07:29:53.810+0000] {processor.py:829} INFO - Processing file /home/airflow/.local/lib/python3.8/site-packages/airflow/example_dags/example_kubernetes_executor.py for tasks to queue
[2024-06-23T07:29:53.812+0000] {logging_mixin.py:154} INFO - [2024-06-23T07:29:53.811+0000] {dagbag.py:536} INFO - Filling up the DagBag from /home/airflow/.local/lib/python3.8/site-packages/airflow/example_dags/example_kubernetes_executor.py
[2024-06-23T07:29:53.828+0000] {processor.py:839} INFO - DAG(s) dict_keys(['example_kubernetes_executor']) retrieved from /home/airflow/.local/lib/python3.8/site-packages/airflow/example_dags/example_kubernetes_executor.py
[2024-06-23T07:29:53.851+0000] {logging_mixin.py:154} INFO - [2024-06-23T07:29:53.850+0000] {dag.py:2941} INFO - Sync 1 DAGs
[2024-06-23T07:29:53.857+0000] {logging_mixin.py:154} INFO - [2024-06-23T07:29:53.857+0000] {dag.py:3722} INFO - Setting next_dagrun for example_kubernetes_executor to None, run_after=None
[2024-06-23T07:29:53.866+0000] {processor.py:179} INFO - Processing /home/airflow/.local/lib/python3.8/site-packages/airflow/example_dags/example_kubernetes_executor.py took 0.062 seconds
[2024-06-23T07:30:24.435+0000] {processor.py:157} INFO - Started process (PID=24876) to work on /home/airflow/.local/lib/python3.8/site-packages/airflow/example_dags/example_kubernetes_executor.py
[2024-06-23T07:30:24.436+0000] {processor.py:829} INFO - Processing file /home/airflow/.local/lib/python3.8/site-packages/airflow/example_dags/example_kubernetes_executor.py for tasks to queue
[2024-06-23T07:30:24.437+0000] {logging_mixin.py:154} INFO - [2024-06-23T07:30:24.437+0000] {dagbag.py:536} INFO - Filling up the DagBag from /home/airflow/.local/lib/python3.8/site-packages/airflow/example_dags/example_kubernetes_executor.py
[2024-06-23T07:30:24.447+0000] {processor.py:839} INFO - DAG(s) dict_keys(['example_kubernetes_executor']) retrieved from /home/airflow/.local/lib/python3.8/site-packages/airflow/example_dags/example_kubernetes_executor.py
[2024-06-23T07:30:24.466+0000] {logging_mixin.py:154} INFO - [2024-06-23T07:30:24.465+0000] {dag.py:2941} INFO - Sync 1 DAGs
[2024-06-23T07:30:24.474+0000] {logging_mixin.py:154} INFO - [2024-06-23T07:30:24.474+0000] {dag.py:3722} INFO - Setting next_dagrun for example_kubernetes_executor to None, run_after=None
[2024-06-23T07:30:24.485+0000] {processor.py:179} INFO - Processing /home/airflow/.local/lib/python3.8/site-packages/airflow/example_dags/example_kubernetes_executor.py took 0.052 seconds
[2024-06-23T07:30:54.550+0000] {processor.py:157} INFO - Started process (PID=25120) to work on /home/airflow/.local/lib/python3.8/site-packages/airflow/example_dags/example_kubernetes_executor.py
[2024-06-23T07:30:54.551+0000] {processor.py:829} INFO - Processing file /home/airflow/.local/lib/python3.8/site-packages/airflow/example_dags/example_kubernetes_executor.py for tasks to queue
[2024-06-23T07:30:54.552+0000] {logging_mixin.py:154} INFO - [2024-06-23T07:30:54.552+0000] {dagbag.py:536} INFO - Filling up the DagBag from /home/airflow/.local/lib/python3.8/site-packages/airflow/example_dags/example_kubernetes_executor.py
[2024-06-23T07:30:54.562+0000] {processor.py:839} INFO - DAG(s) dict_keys(['example_kubernetes_executor']) retrieved from /home/airflow/.local/lib/python3.8/site-packages/airflow/example_dags/example_kubernetes_executor.py
[2024-06-23T07:30:54.586+0000] {logging_mixin.py:154} INFO - [2024-06-23T07:30:54.586+0000] {dag.py:2941} INFO - Sync 1 DAGs
[2024-06-23T07:30:54.592+0000] {logging_mixin.py:154} INFO - [2024-06-23T07:30:54.592+0000] {dag.py:3722} INFO - Setting next_dagrun for example_kubernetes_executor to None, run_after=None
[2024-06-23T07:30:54.604+0000] {processor.py:179} INFO - Processing /home/airflow/.local/lib/python3.8/site-packages/airflow/example_dags/example_kubernetes_executor.py took 0.056 seconds
