[2024-06-23T01:24:24.921+0000] {processor.py:157} INFO - Started process (PID=13228) to work on /home/airflow/.local/lib/python3.8/site-packages/airflow/example_dags/example_latest_only_with_trigger.py
[2024-06-23T01:24:24.922+0000] {processor.py:829} INFO - Processing file /home/airflow/.local/lib/python3.8/site-packages/airflow/example_dags/example_latest_only_with_trigger.py for tasks to queue
[2024-06-23T01:24:24.922+0000] {logging_mixin.py:154} INFO - [2024-06-23T01:24:24.922+0000] {dagbag.py:536} INFO - Filling up the DagBag from /home/airflow/.local/lib/python3.8/site-packages/airflow/example_dags/example_latest_only_with_trigger.py
[2024-06-23T01:24:24.927+0000] {processor.py:839} INFO - DAG(s) dict_keys(['latest_only_with_trigger']) retrieved from /home/airflow/.local/lib/python3.8/site-packages/airflow/example_dags/example_latest_only_with_trigger.py
[2024-06-23T01:24:24.941+0000] {logging_mixin.py:154} INFO - [2024-06-23T01:24:24.941+0000] {dag.py:2941} INFO - Sync 1 DAGs
[2024-06-23T01:24:24.954+0000] {logging_mixin.py:154} INFO - [2024-06-23T01:24:24.954+0000] {dag.py:3722} INFO - Setting next_dagrun for latest_only_with_trigger to 2024-06-22T21:24:24.954162+00:00, run_after=2024-06-23T01:24:24.954162+00:00
[2024-06-23T01:24:24.966+0000] {processor.py:179} INFO - Processing /home/airflow/.local/lib/python3.8/site-packages/airflow/example_dags/example_latest_only_with_trigger.py took 0.047 seconds
[2024-06-23T02:48:33.676+0000] {processor.py:157} INFO - Started process (PID=13471) to work on /home/airflow/.local/lib/python3.8/site-packages/airflow/example_dags/example_latest_only_with_trigger.py
[2024-06-23T02:48:33.677+0000] {processor.py:829} INFO - Processing file /home/airflow/.local/lib/python3.8/site-packages/airflow/example_dags/example_latest_only_with_trigger.py for tasks to queue
[2024-06-23T02:48:33.678+0000] {logging_mixin.py:154} INFO - [2024-06-23T02:48:33.678+0000] {dagbag.py:536} INFO - Filling up the DagBag from /home/airflow/.local/lib/python3.8/site-packages/airflow/example_dags/example_latest_only_with_trigger.py
[2024-06-23T02:48:33.683+0000] {processor.py:839} INFO - DAG(s) dict_keys(['latest_only_with_trigger']) retrieved from /home/airflow/.local/lib/python3.8/site-packages/airflow/example_dags/example_latest_only_with_trigger.py
[2024-06-23T02:48:33.697+0000] {logging_mixin.py:154} INFO - [2024-06-23T02:48:33.697+0000] {dag.py:2941} INFO - Sync 1 DAGs
[2024-06-23T02:48:33.710+0000] {logging_mixin.py:154} INFO - [2024-06-23T02:48:33.710+0000] {dag.py:3722} INFO - Setting next_dagrun for latest_only_with_trigger to 2024-06-22T22:48:33.710231+00:00, run_after=2024-06-23T02:48:33.710231+00:00
[2024-06-23T02:48:33.722+0000] {processor.py:179} INFO - Processing /home/airflow/.local/lib/python3.8/site-packages/airflow/example_dags/example_latest_only_with_trigger.py took 0.048 seconds
[2024-06-23T04:09:04.730+0000] {processor.py:157} INFO - Started process (PID=13717) to work on /home/airflow/.local/lib/python3.8/site-packages/airflow/example_dags/example_latest_only_with_trigger.py
[2024-06-23T04:09:04.731+0000] {processor.py:829} INFO - Processing file /home/airflow/.local/lib/python3.8/site-packages/airflow/example_dags/example_latest_only_with_trigger.py for tasks to queue
[2024-06-23T04:09:04.732+0000] {logging_mixin.py:154} INFO - [2024-06-23T04:09:04.732+0000] {dagbag.py:536} INFO - Filling up the DagBag from /home/airflow/.local/lib/python3.8/site-packages/airflow/example_dags/example_latest_only_with_trigger.py
[2024-06-23T04:09:04.738+0000] {processor.py:839} INFO - DAG(s) dict_keys(['latest_only_with_trigger']) retrieved from /home/airflow/.local/lib/python3.8/site-packages/airflow/example_dags/example_latest_only_with_trigger.py
[2024-06-23T04:09:04.752+0000] {logging_mixin.py:154} INFO - [2024-06-23T04:09:04.752+0000] {dag.py:2941} INFO - Sync 1 DAGs
[2024-06-23T04:09:04.767+0000] {logging_mixin.py:154} INFO - [2024-06-23T04:09:04.767+0000] {dag.py:3722} INFO - Setting next_dagrun for latest_only_with_trigger to 2024-06-23T00:09:04.766943+00:00, run_after=2024-06-23T04:09:04.766943+00:00
[2024-06-23T04:09:04.780+0000] {processor.py:179} INFO - Processing /home/airflow/.local/lib/python3.8/site-packages/airflow/example_dags/example_latest_only_with_trigger.py took 0.052 seconds
[2024-06-23T05:49:43.643+0000] {processor.py:157} INFO - Started process (PID=13964) to work on /home/airflow/.local/lib/python3.8/site-packages/airflow/example_dags/example_latest_only_with_trigger.py
[2024-06-23T05:49:43.644+0000] {processor.py:829} INFO - Processing file /home/airflow/.local/lib/python3.8/site-packages/airflow/example_dags/example_latest_only_with_trigger.py for tasks to queue
[2024-06-23T05:49:43.645+0000] {logging_mixin.py:154} INFO - [2024-06-23T05:49:43.644+0000] {dagbag.py:536} INFO - Filling up the DagBag from /home/airflow/.local/lib/python3.8/site-packages/airflow/example_dags/example_latest_only_with_trigger.py
[2024-06-23T05:49:43.649+0000] {processor.py:839} INFO - DAG(s) dict_keys(['latest_only_with_trigger']) retrieved from /home/airflow/.local/lib/python3.8/site-packages/airflow/example_dags/example_latest_only_with_trigger.py
[2024-06-23T05:49:43.655+0000] {logging_mixin.py:154} INFO - [2024-06-23T05:49:43.655+0000] {dag.py:2941} INFO - Sync 1 DAGs
[2024-06-23T05:49:43.669+0000] {logging_mixin.py:154} INFO - [2024-06-23T05:49:43.669+0000] {dag.py:3722} INFO - Setting next_dagrun for latest_only_with_trigger to 2024-06-23T01:49:43.669392+00:00, run_after=2024-06-23T05:49:43.669392+00:00
[2024-06-23T05:49:43.682+0000] {processor.py:179} INFO - Processing /home/airflow/.local/lib/python3.8/site-packages/airflow/example_dags/example_latest_only_with_trigger.py took 0.041 seconds
[2024-06-23T07:07:59.934+0000] {processor.py:157} INFO - Started process (PID=14216) to work on /home/airflow/.local/lib/python3.8/site-packages/airflow/example_dags/example_latest_only_with_trigger.py
[2024-06-23T07:07:59.935+0000] {processor.py:829} INFO - Processing file /home/airflow/.local/lib/python3.8/site-packages/airflow/example_dags/example_latest_only_with_trigger.py for tasks to queue
[2024-06-23T07:07:59.936+0000] {logging_mixin.py:154} INFO - [2024-06-23T07:07:59.935+0000] {dagbag.py:536} INFO - Filling up the DagBag from /home/airflow/.local/lib/python3.8/site-packages/airflow/example_dags/example_latest_only_with_trigger.py
[2024-06-23T07:07:59.941+0000] {processor.py:839} INFO - DAG(s) dict_keys(['latest_only_with_trigger']) retrieved from /home/airflow/.local/lib/python3.8/site-packages/airflow/example_dags/example_latest_only_with_trigger.py
[2024-06-23T07:08:00.016+0000] {logging_mixin.py:154} INFO - [2024-06-23T07:08:00.015+0000] {dag.py:2941} INFO - Sync 1 DAGs
[2024-06-23T07:08:00.060+0000] {logging_mixin.py:154} INFO - [2024-06-23T07:08:00.059+0000] {dag.py:3722} INFO - Setting next_dagrun for latest_only_with_trigger to 2024-06-23T03:08:00.059512+00:00, run_after=2024-06-23T07:08:00.059512+00:00
[2024-06-23T07:08:00.109+0000] {processor.py:179} INFO - Processing /home/airflow/.local/lib/python3.8/site-packages/airflow/example_dags/example_latest_only_with_trigger.py took 0.178 seconds
[2024-06-23T07:08:30.803+0000] {processor.py:157} INFO - Started process (PID=14460) to work on /home/airflow/.local/lib/python3.8/site-packages/airflow/example_dags/example_latest_only_with_trigger.py
[2024-06-23T07:08:30.808+0000] {processor.py:829} INFO - Processing file /home/airflow/.local/lib/python3.8/site-packages/airflow/example_dags/example_latest_only_with_trigger.py for tasks to queue
[2024-06-23T07:08:30.810+0000] {logging_mixin.py:154} INFO - [2024-06-23T07:08:30.810+0000] {dagbag.py:536} INFO - Filling up the DagBag from /home/airflow/.local/lib/python3.8/site-packages/airflow/example_dags/example_latest_only_with_trigger.py
[2024-06-23T07:08:30.818+0000] {processor.py:839} INFO - DAG(s) dict_keys(['latest_only_with_trigger']) retrieved from /home/airflow/.local/lib/python3.8/site-packages/airflow/example_dags/example_latest_only_with_trigger.py
[2024-06-23T07:08:30.839+0000] {logging_mixin.py:154} INFO - [2024-06-23T07:08:30.839+0000] {dag.py:2941} INFO - Sync 1 DAGs
[2024-06-23T07:08:30.855+0000] {logging_mixin.py:154} INFO - [2024-06-23T07:08:30.855+0000] {dag.py:3722} INFO - Setting next_dagrun for latest_only_with_trigger to 2024-06-23T03:08:30.855024+00:00, run_after=2024-06-23T07:08:30.855024+00:00
[2024-06-23T07:08:30.876+0000] {processor.py:179} INFO - Processing /home/airflow/.local/lib/python3.8/site-packages/airflow/example_dags/example_latest_only_with_trigger.py took 0.080 seconds
[2024-06-23T07:09:01.336+0000] {processor.py:157} INFO - Started process (PID=14704) to work on /home/airflow/.local/lib/python3.8/site-packages/airflow/example_dags/example_latest_only_with_trigger.py
[2024-06-23T07:09:01.339+0000] {processor.py:829} INFO - Processing file /home/airflow/.local/lib/python3.8/site-packages/airflow/example_dags/example_latest_only_with_trigger.py for tasks to queue
[2024-06-23T07:09:01.341+0000] {logging_mixin.py:154} INFO - [2024-06-23T07:09:01.340+0000] {dagbag.py:536} INFO - Filling up the DagBag from /home/airflow/.local/lib/python3.8/site-packages/airflow/example_dags/example_latest_only_with_trigger.py
[2024-06-23T07:09:01.348+0000] {processor.py:839} INFO - DAG(s) dict_keys(['latest_only_with_trigger']) retrieved from /home/airflow/.local/lib/python3.8/site-packages/airflow/example_dags/example_latest_only_with_trigger.py
[2024-06-23T07:09:01.373+0000] {logging_mixin.py:154} INFO - [2024-06-23T07:09:01.373+0000] {dag.py:2941} INFO - Sync 1 DAGs
[2024-06-23T07:09:01.396+0000] {logging_mixin.py:154} INFO - [2024-06-23T07:09:01.396+0000] {dag.py:3722} INFO - Setting next_dagrun for latest_only_with_trigger to 2024-06-23T03:09:01.395820+00:00, run_after=2024-06-23T07:09:01.395820+00:00
[2024-06-23T07:09:01.415+0000] {processor.py:179} INFO - Processing /home/airflow/.local/lib/python3.8/site-packages/airflow/example_dags/example_latest_only_with_trigger.py took 0.083 seconds
[2024-06-23T07:09:32.364+0000] {processor.py:157} INFO - Started process (PID=14955) to work on /home/airflow/.local/lib/python3.8/site-packages/airflow/example_dags/example_latest_only_with_trigger.py
[2024-06-23T07:09:32.366+0000] {processor.py:829} INFO - Processing file /home/airflow/.local/lib/python3.8/site-packages/airflow/example_dags/example_latest_only_with_trigger.py for tasks to queue
[2024-06-23T07:09:32.368+0000] {logging_mixin.py:154} INFO - [2024-06-23T07:09:32.367+0000] {dagbag.py:536} INFO - Filling up the DagBag from /home/airflow/.local/lib/python3.8/site-packages/airflow/example_dags/example_latest_only_with_trigger.py
[2024-06-23T07:09:32.380+0000] {processor.py:839} INFO - DAG(s) dict_keys(['latest_only_with_trigger']) retrieved from /home/airflow/.local/lib/python3.8/site-packages/airflow/example_dags/example_latest_only_with_trigger.py
[2024-06-23T07:09:32.499+0000] {logging_mixin.py:154} INFO - [2024-06-23T07:09:32.499+0000] {dag.py:2941} INFO - Sync 1 DAGs
[2024-06-23T07:09:32.601+0000] {logging_mixin.py:154} INFO - [2024-06-23T07:09:32.601+0000] {dag.py:3722} INFO - Setting next_dagrun for latest_only_with_trigger to 2024-06-23T03:09:32.600651+00:00, run_after=2024-06-23T07:09:32.600651+00:00
[2024-06-23T07:09:32.625+0000] {processor.py:179} INFO - Processing /home/airflow/.local/lib/python3.8/site-packages/airflow/example_dags/example_latest_only_with_trigger.py took 0.267 seconds
[2024-06-23T07:10:03.245+0000] {processor.py:157} INFO - Started process (PID=15199) to work on /home/airflow/.local/lib/python3.8/site-packages/airflow/example_dags/example_latest_only_with_trigger.py
[2024-06-23T07:10:03.246+0000] {processor.py:829} INFO - Processing file /home/airflow/.local/lib/python3.8/site-packages/airflow/example_dags/example_latest_only_with_trigger.py for tasks to queue
[2024-06-23T07:10:03.246+0000] {logging_mixin.py:154} INFO - [2024-06-23T07:10:03.246+0000] {dagbag.py:536} INFO - Filling up the DagBag from /home/airflow/.local/lib/python3.8/site-packages/airflow/example_dags/example_latest_only_with_trigger.py
[2024-06-23T07:10:03.250+0000] {processor.py:839} INFO - DAG(s) dict_keys(['latest_only_with_trigger']) retrieved from /home/airflow/.local/lib/python3.8/site-packages/airflow/example_dags/example_latest_only_with_trigger.py
[2024-06-23T07:10:03.263+0000] {logging_mixin.py:154} INFO - [2024-06-23T07:10:03.263+0000] {dag.py:2941} INFO - Sync 1 DAGs
[2024-06-23T07:10:03.278+0000] {logging_mixin.py:154} INFO - [2024-06-23T07:10:03.278+0000] {dag.py:3722} INFO - Setting next_dagrun for latest_only_with_trigger to 2024-06-23T03:10:03.277975+00:00, run_after=2024-06-23T07:10:03.277975+00:00
[2024-06-23T07:10:03.291+0000] {processor.py:179} INFO - Processing /home/airflow/.local/lib/python3.8/site-packages/airflow/example_dags/example_latest_only_with_trigger.py took 0.048 seconds
[2024-06-23T07:10:33.571+0000] {processor.py:157} INFO - Started process (PID=15443) to work on /home/airflow/.local/lib/python3.8/site-packages/airflow/example_dags/example_latest_only_with_trigger.py
[2024-06-23T07:10:33.574+0000] {processor.py:829} INFO - Processing file /home/airflow/.local/lib/python3.8/site-packages/airflow/example_dags/example_latest_only_with_trigger.py for tasks to queue
[2024-06-23T07:10:33.577+0000] {logging_mixin.py:154} INFO - [2024-06-23T07:10:33.576+0000] {dagbag.py:536} INFO - Filling up the DagBag from /home/airflow/.local/lib/python3.8/site-packages/airflow/example_dags/example_latest_only_with_trigger.py
[2024-06-23T07:10:33.587+0000] {processor.py:839} INFO - DAG(s) dict_keys(['latest_only_with_trigger']) retrieved from /home/airflow/.local/lib/python3.8/site-packages/airflow/example_dags/example_latest_only_with_trigger.py
[2024-06-23T07:10:33.624+0000] {logging_mixin.py:154} INFO - [2024-06-23T07:10:33.624+0000] {dag.py:2941} INFO - Sync 1 DAGs
[2024-06-23T07:10:33.667+0000] {logging_mixin.py:154} INFO - [2024-06-23T07:10:33.667+0000] {dag.py:3722} INFO - Setting next_dagrun for latest_only_with_trigger to 2024-06-23T03:10:33.666410+00:00, run_after=2024-06-23T07:10:33.666410+00:00
[2024-06-23T07:10:33.699+0000] {processor.py:179} INFO - Processing /home/airflow/.local/lib/python3.8/site-packages/airflow/example_dags/example_latest_only_with_trigger.py took 0.130 seconds
[2024-06-23T07:11:03.777+0000] {processor.py:157} INFO - Started process (PID=15687) to work on /home/airflow/.local/lib/python3.8/site-packages/airflow/example_dags/example_latest_only_with_trigger.py
[2024-06-23T07:11:03.777+0000] {processor.py:829} INFO - Processing file /home/airflow/.local/lib/python3.8/site-packages/airflow/example_dags/example_latest_only_with_trigger.py for tasks to queue
[2024-06-23T07:11:03.778+0000] {logging_mixin.py:154} INFO - [2024-06-23T07:11:03.778+0000] {dagbag.py:536} INFO - Filling up the DagBag from /home/airflow/.local/lib/python3.8/site-packages/airflow/example_dags/example_latest_only_with_trigger.py
[2024-06-23T07:11:03.782+0000] {processor.py:839} INFO - DAG(s) dict_keys(['latest_only_with_trigger']) retrieved from /home/airflow/.local/lib/python3.8/site-packages/airflow/example_dags/example_latest_only_with_trigger.py
[2024-06-23T07:11:03.793+0000] {logging_mixin.py:154} INFO - [2024-06-23T07:11:03.793+0000] {dag.py:2941} INFO - Sync 1 DAGs
[2024-06-23T07:11:03.804+0000] {logging_mixin.py:154} INFO - [2024-06-23T07:11:03.804+0000] {dag.py:3722} INFO - Setting next_dagrun for latest_only_with_trigger to 2024-06-23T03:11:03.804210+00:00, run_after=2024-06-23T07:11:03.804210+00:00
[2024-06-23T07:11:03.826+0000] {processor.py:179} INFO - Processing /home/airflow/.local/lib/python3.8/site-packages/airflow/example_dags/example_latest_only_with_trigger.py took 0.051 seconds
[2024-06-23T07:11:34.262+0000] {processor.py:157} INFO - Started process (PID=15931) to work on /home/airflow/.local/lib/python3.8/site-packages/airflow/example_dags/example_latest_only_with_trigger.py
[2024-06-23T07:11:34.262+0000] {processor.py:829} INFO - Processing file /home/airflow/.local/lib/python3.8/site-packages/airflow/example_dags/example_latest_only_with_trigger.py for tasks to queue
[2024-06-23T07:11:34.263+0000] {logging_mixin.py:154} INFO - [2024-06-23T07:11:34.263+0000] {dagbag.py:536} INFO - Filling up the DagBag from /home/airflow/.local/lib/python3.8/site-packages/airflow/example_dags/example_latest_only_with_trigger.py
[2024-06-23T07:11:34.269+0000] {processor.py:839} INFO - DAG(s) dict_keys(['latest_only_with_trigger']) retrieved from /home/airflow/.local/lib/python3.8/site-packages/airflow/example_dags/example_latest_only_with_trigger.py
[2024-06-23T07:11:34.290+0000] {logging_mixin.py:154} INFO - [2024-06-23T07:11:34.290+0000] {dag.py:2941} INFO - Sync 1 DAGs
[2024-06-23T07:11:34.308+0000] {logging_mixin.py:154} INFO - [2024-06-23T07:11:34.308+0000] {dag.py:3722} INFO - Setting next_dagrun for latest_only_with_trigger to 2024-06-23T03:11:34.308364+00:00, run_after=2024-06-23T07:11:34.308364+00:00
[2024-06-23T07:11:34.323+0000] {processor.py:179} INFO - Processing /home/airflow/.local/lib/python3.8/site-packages/airflow/example_dags/example_latest_only_with_trigger.py took 0.064 seconds
[2024-06-23T07:12:04.915+0000] {processor.py:157} INFO - Started process (PID=16175) to work on /home/airflow/.local/lib/python3.8/site-packages/airflow/example_dags/example_latest_only_with_trigger.py
[2024-06-23T07:12:04.916+0000] {processor.py:829} INFO - Processing file /home/airflow/.local/lib/python3.8/site-packages/airflow/example_dags/example_latest_only_with_trigger.py for tasks to queue
[2024-06-23T07:12:04.917+0000] {logging_mixin.py:154} INFO - [2024-06-23T07:12:04.917+0000] {dagbag.py:536} INFO - Filling up the DagBag from /home/airflow/.local/lib/python3.8/site-packages/airflow/example_dags/example_latest_only_with_trigger.py
[2024-06-23T07:12:04.921+0000] {processor.py:839} INFO - DAG(s) dict_keys(['latest_only_with_trigger']) retrieved from /home/airflow/.local/lib/python3.8/site-packages/airflow/example_dags/example_latest_only_with_trigger.py
[2024-06-23T07:12:04.934+0000] {logging_mixin.py:154} INFO - [2024-06-23T07:12:04.934+0000] {dag.py:2941} INFO - Sync 1 DAGs
[2024-06-23T07:12:04.949+0000] {logging_mixin.py:154} INFO - [2024-06-23T07:12:04.949+0000] {dag.py:3722} INFO - Setting next_dagrun for latest_only_with_trigger to 2024-06-23T03:12:04.948853+00:00, run_after=2024-06-23T07:12:04.948853+00:00
[2024-06-23T07:12:04.965+0000] {processor.py:179} INFO - Processing /home/airflow/.local/lib/python3.8/site-packages/airflow/example_dags/example_latest_only_with_trigger.py took 0.052 seconds
[2024-06-23T07:12:35.500+0000] {processor.py:157} INFO - Started process (PID=16419) to work on /home/airflow/.local/lib/python3.8/site-packages/airflow/example_dags/example_latest_only_with_trigger.py
[2024-06-23T07:12:35.501+0000] {processor.py:829} INFO - Processing file /home/airflow/.local/lib/python3.8/site-packages/airflow/example_dags/example_latest_only_with_trigger.py for tasks to queue
[2024-06-23T07:12:35.502+0000] {logging_mixin.py:154} INFO - [2024-06-23T07:12:35.502+0000] {dagbag.py:536} INFO - Filling up the DagBag from /home/airflow/.local/lib/python3.8/site-packages/airflow/example_dags/example_latest_only_with_trigger.py
[2024-06-23T07:12:35.505+0000] {processor.py:839} INFO - DAG(s) dict_keys(['latest_only_with_trigger']) retrieved from /home/airflow/.local/lib/python3.8/site-packages/airflow/example_dags/example_latest_only_with_trigger.py
[2024-06-23T07:12:35.516+0000] {logging_mixin.py:154} INFO - [2024-06-23T07:12:35.516+0000] {dag.py:2941} INFO - Sync 1 DAGs
[2024-06-23T07:12:35.527+0000] {logging_mixin.py:154} INFO - [2024-06-23T07:12:35.527+0000] {dag.py:3722} INFO - Setting next_dagrun for latest_only_with_trigger to 2024-06-23T03:12:35.526939+00:00, run_after=2024-06-23T07:12:35.526939+00:00
[2024-06-23T07:12:35.537+0000] {processor.py:179} INFO - Processing /home/airflow/.local/lib/python3.8/site-packages/airflow/example_dags/example_latest_only_with_trigger.py took 0.039 seconds
[2024-06-23T07:13:05.892+0000] {processor.py:157} INFO - Started process (PID=16663) to work on /home/airflow/.local/lib/python3.8/site-packages/airflow/example_dags/example_latest_only_with_trigger.py
[2024-06-23T07:13:05.893+0000] {processor.py:829} INFO - Processing file /home/airflow/.local/lib/python3.8/site-packages/airflow/example_dags/example_latest_only_with_trigger.py for tasks to queue
[2024-06-23T07:13:05.895+0000] {logging_mixin.py:154} INFO - [2024-06-23T07:13:05.895+0000] {dagbag.py:536} INFO - Filling up the DagBag from /home/airflow/.local/lib/python3.8/site-packages/airflow/example_dags/example_latest_only_with_trigger.py
[2024-06-23T07:13:05.900+0000] {processor.py:839} INFO - DAG(s) dict_keys(['latest_only_with_trigger']) retrieved from /home/airflow/.local/lib/python3.8/site-packages/airflow/example_dags/example_latest_only_with_trigger.py
[2024-06-23T07:13:05.915+0000] {logging_mixin.py:154} INFO - [2024-06-23T07:13:05.914+0000] {dag.py:2941} INFO - Sync 1 DAGs
[2024-06-23T07:13:05.929+0000] {logging_mixin.py:154} INFO - [2024-06-23T07:13:05.929+0000] {dag.py:3722} INFO - Setting next_dagrun for latest_only_with_trigger to 2024-06-23T03:13:05.929034+00:00, run_after=2024-06-23T07:13:05.929034+00:00
[2024-06-23T07:13:05.938+0000] {processor.py:179} INFO - Processing /home/airflow/.local/lib/python3.8/site-packages/airflow/example_dags/example_latest_only_with_trigger.py took 0.050 seconds
[2024-06-23T07:13:36.890+0000] {processor.py:157} INFO - Started process (PID=16907) to work on /home/airflow/.local/lib/python3.8/site-packages/airflow/example_dags/example_latest_only_with_trigger.py
[2024-06-23T07:13:36.892+0000] {processor.py:829} INFO - Processing file /home/airflow/.local/lib/python3.8/site-packages/airflow/example_dags/example_latest_only_with_trigger.py for tasks to queue
[2024-06-23T07:13:36.894+0000] {logging_mixin.py:154} INFO - [2024-06-23T07:13:36.894+0000] {dagbag.py:536} INFO - Filling up the DagBag from /home/airflow/.local/lib/python3.8/site-packages/airflow/example_dags/example_latest_only_with_trigger.py
[2024-06-23T07:13:36.899+0000] {processor.py:839} INFO - DAG(s) dict_keys(['latest_only_with_trigger']) retrieved from /home/airflow/.local/lib/python3.8/site-packages/airflow/example_dags/example_latest_only_with_trigger.py
[2024-06-23T07:13:36.914+0000] {logging_mixin.py:154} INFO - [2024-06-23T07:13:36.914+0000] {dag.py:2941} INFO - Sync 1 DAGs
[2024-06-23T07:13:36.925+0000] {logging_mixin.py:154} INFO - [2024-06-23T07:13:36.925+0000] {dag.py:3722} INFO - Setting next_dagrun for latest_only_with_trigger to 2024-06-23T03:13:36.925494+00:00, run_after=2024-06-23T07:13:36.925494+00:00
[2024-06-23T07:13:36.935+0000] {processor.py:179} INFO - Processing /home/airflow/.local/lib/python3.8/site-packages/airflow/example_dags/example_latest_only_with_trigger.py took 0.048 seconds
[2024-06-23T07:14:07.680+0000] {processor.py:157} INFO - Started process (PID=17151) to work on /home/airflow/.local/lib/python3.8/site-packages/airflow/example_dags/example_latest_only_with_trigger.py
[2024-06-23T07:14:07.681+0000] {processor.py:829} INFO - Processing file /home/airflow/.local/lib/python3.8/site-packages/airflow/example_dags/example_latest_only_with_trigger.py for tasks to queue
[2024-06-23T07:14:07.681+0000] {logging_mixin.py:154} INFO - [2024-06-23T07:14:07.681+0000] {dagbag.py:536} INFO - Filling up the DagBag from /home/airflow/.local/lib/python3.8/site-packages/airflow/example_dags/example_latest_only_with_trigger.py
[2024-06-23T07:14:07.685+0000] {processor.py:839} INFO - DAG(s) dict_keys(['latest_only_with_trigger']) retrieved from /home/airflow/.local/lib/python3.8/site-packages/airflow/example_dags/example_latest_only_with_trigger.py
[2024-06-23T07:14:07.697+0000] {logging_mixin.py:154} INFO - [2024-06-23T07:14:07.697+0000] {dag.py:2941} INFO - Sync 1 DAGs
[2024-06-23T07:14:07.709+0000] {logging_mixin.py:154} INFO - [2024-06-23T07:14:07.709+0000] {dag.py:3722} INFO - Setting next_dagrun for latest_only_with_trigger to 2024-06-23T03:14:07.709224+00:00, run_after=2024-06-23T07:14:07.709224+00:00
[2024-06-23T07:14:07.719+0000] {processor.py:179} INFO - Processing /home/airflow/.local/lib/python3.8/site-packages/airflow/example_dags/example_latest_only_with_trigger.py took 0.041 seconds
[2024-06-23T07:14:38.363+0000] {processor.py:157} INFO - Started process (PID=17395) to work on /home/airflow/.local/lib/python3.8/site-packages/airflow/example_dags/example_latest_only_with_trigger.py
[2024-06-23T07:14:38.364+0000] {processor.py:829} INFO - Processing file /home/airflow/.local/lib/python3.8/site-packages/airflow/example_dags/example_latest_only_with_trigger.py for tasks to queue
[2024-06-23T07:14:38.365+0000] {logging_mixin.py:154} INFO - [2024-06-23T07:14:38.364+0000] {dagbag.py:536} INFO - Filling up the DagBag from /home/airflow/.local/lib/python3.8/site-packages/airflow/example_dags/example_latest_only_with_trigger.py
[2024-06-23T07:14:38.369+0000] {processor.py:839} INFO - DAG(s) dict_keys(['latest_only_with_trigger']) retrieved from /home/airflow/.local/lib/python3.8/site-packages/airflow/example_dags/example_latest_only_with_trigger.py
[2024-06-23T07:14:38.385+0000] {logging_mixin.py:154} INFO - [2024-06-23T07:14:38.385+0000] {dag.py:2941} INFO - Sync 1 DAGs
[2024-06-23T07:14:38.406+0000] {logging_mixin.py:154} INFO - [2024-06-23T07:14:38.405+0000] {dag.py:3722} INFO - Setting next_dagrun for latest_only_with_trigger to 2024-06-23T03:14:38.405625+00:00, run_after=2024-06-23T07:14:38.405625+00:00
[2024-06-23T07:14:38.436+0000] {processor.py:179} INFO - Processing /home/airflow/.local/lib/python3.8/site-packages/airflow/example_dags/example_latest_only_with_trigger.py took 0.075 seconds
[2024-06-23T07:15:08.681+0000] {processor.py:157} INFO - Started process (PID=17639) to work on /home/airflow/.local/lib/python3.8/site-packages/airflow/example_dags/example_latest_only_with_trigger.py
[2024-06-23T07:15:08.682+0000] {processor.py:829} INFO - Processing file /home/airflow/.local/lib/python3.8/site-packages/airflow/example_dags/example_latest_only_with_trigger.py for tasks to queue
[2024-06-23T07:15:08.683+0000] {logging_mixin.py:154} INFO - [2024-06-23T07:15:08.682+0000] {dagbag.py:536} INFO - Filling up the DagBag from /home/airflow/.local/lib/python3.8/site-packages/airflow/example_dags/example_latest_only_with_trigger.py
[2024-06-23T07:15:08.687+0000] {processor.py:839} INFO - DAG(s) dict_keys(['latest_only_with_trigger']) retrieved from /home/airflow/.local/lib/python3.8/site-packages/airflow/example_dags/example_latest_only_with_trigger.py
[2024-06-23T07:15:08.708+0000] {logging_mixin.py:154} INFO - [2024-06-23T07:15:08.708+0000] {dag.py:2941} INFO - Sync 1 DAGs
[2024-06-23T07:15:08.727+0000] {logging_mixin.py:154} INFO - [2024-06-23T07:15:08.727+0000] {dag.py:3722} INFO - Setting next_dagrun for latest_only_with_trigger to 2024-06-23T03:15:08.727510+00:00, run_after=2024-06-23T07:15:08.727510+00:00
[2024-06-23T07:15:08.741+0000] {processor.py:179} INFO - Processing /home/airflow/.local/lib/python3.8/site-packages/airflow/example_dags/example_latest_only_with_trigger.py took 0.063 seconds
[2024-06-23T07:15:39.812+0000] {processor.py:157} INFO - Started process (PID=17883) to work on /home/airflow/.local/lib/python3.8/site-packages/airflow/example_dags/example_latest_only_with_trigger.py
[2024-06-23T07:15:39.813+0000] {processor.py:829} INFO - Processing file /home/airflow/.local/lib/python3.8/site-packages/airflow/example_dags/example_latest_only_with_trigger.py for tasks to queue
[2024-06-23T07:15:39.814+0000] {logging_mixin.py:154} INFO - [2024-06-23T07:15:39.813+0000] {dagbag.py:536} INFO - Filling up the DagBag from /home/airflow/.local/lib/python3.8/site-packages/airflow/example_dags/example_latest_only_with_trigger.py
[2024-06-23T07:15:39.818+0000] {processor.py:839} INFO - DAG(s) dict_keys(['latest_only_with_trigger']) retrieved from /home/airflow/.local/lib/python3.8/site-packages/airflow/example_dags/example_latest_only_with_trigger.py
[2024-06-23T07:15:39.830+0000] {logging_mixin.py:154} INFO - [2024-06-23T07:15:39.830+0000] {dag.py:2941} INFO - Sync 1 DAGs
[2024-06-23T07:15:39.842+0000] {logging_mixin.py:154} INFO - [2024-06-23T07:15:39.842+0000] {dag.py:3722} INFO - Setting next_dagrun for latest_only_with_trigger to 2024-06-23T03:15:39.842415+00:00, run_after=2024-06-23T07:15:39.842415+00:00
[2024-06-23T07:15:39.858+0000] {processor.py:179} INFO - Processing /home/airflow/.local/lib/python3.8/site-packages/airflow/example_dags/example_latest_only_with_trigger.py took 0.048 seconds
[2024-06-23T07:16:10.403+0000] {processor.py:157} INFO - Started process (PID=18127) to work on /home/airflow/.local/lib/python3.8/site-packages/airflow/example_dags/example_latest_only_with_trigger.py
[2024-06-23T07:16:10.405+0000] {processor.py:829} INFO - Processing file /home/airflow/.local/lib/python3.8/site-packages/airflow/example_dags/example_latest_only_with_trigger.py for tasks to queue
[2024-06-23T07:16:10.405+0000] {logging_mixin.py:154} INFO - [2024-06-23T07:16:10.405+0000] {dagbag.py:536} INFO - Filling up the DagBag from /home/airflow/.local/lib/python3.8/site-packages/airflow/example_dags/example_latest_only_with_trigger.py
[2024-06-23T07:16:10.410+0000] {processor.py:839} INFO - DAG(s) dict_keys(['latest_only_with_trigger']) retrieved from /home/airflow/.local/lib/python3.8/site-packages/airflow/example_dags/example_latest_only_with_trigger.py
[2024-06-23T07:16:10.423+0000] {logging_mixin.py:154} INFO - [2024-06-23T07:16:10.423+0000] {dag.py:2941} INFO - Sync 1 DAGs
[2024-06-23T07:16:10.438+0000] {logging_mixin.py:154} INFO - [2024-06-23T07:16:10.438+0000] {dag.py:3722} INFO - Setting next_dagrun for latest_only_with_trigger to 2024-06-23T03:16:10.438438+00:00, run_after=2024-06-23T07:16:10.438438+00:00
[2024-06-23T07:16:10.453+0000] {processor.py:179} INFO - Processing /home/airflow/.local/lib/python3.8/site-packages/airflow/example_dags/example_latest_only_with_trigger.py took 0.052 seconds
[2024-06-23T07:16:41.620+0000] {processor.py:157} INFO - Started process (PID=18371) to work on /home/airflow/.local/lib/python3.8/site-packages/airflow/example_dags/example_latest_only_with_trigger.py
[2024-06-23T07:16:41.621+0000] {processor.py:829} INFO - Processing file /home/airflow/.local/lib/python3.8/site-packages/airflow/example_dags/example_latest_only_with_trigger.py for tasks to queue
[2024-06-23T07:16:41.622+0000] {logging_mixin.py:154} INFO - [2024-06-23T07:16:41.622+0000] {dagbag.py:536} INFO - Filling up the DagBag from /home/airflow/.local/lib/python3.8/site-packages/airflow/example_dags/example_latest_only_with_trigger.py
[2024-06-23T07:16:41.631+0000] {processor.py:839} INFO - DAG(s) dict_keys(['latest_only_with_trigger']) retrieved from /home/airflow/.local/lib/python3.8/site-packages/airflow/example_dags/example_latest_only_with_trigger.py
[2024-06-23T07:16:41.655+0000] {logging_mixin.py:154} INFO - [2024-06-23T07:16:41.655+0000] {dag.py:2941} INFO - Sync 1 DAGs
[2024-06-23T07:16:41.675+0000] {logging_mixin.py:154} INFO - [2024-06-23T07:16:41.674+0000] {dag.py:3722} INFO - Setting next_dagrun for latest_only_with_trigger to 2024-06-23T03:16:41.674829+00:00, run_after=2024-06-23T07:16:41.674829+00:00
[2024-06-23T07:16:41.692+0000] {processor.py:179} INFO - Processing /home/airflow/.local/lib/python3.8/site-packages/airflow/example_dags/example_latest_only_with_trigger.py took 0.074 seconds
[2024-06-23T07:17:12.057+0000] {processor.py:157} INFO - Started process (PID=18615) to work on /home/airflow/.local/lib/python3.8/site-packages/airflow/example_dags/example_latest_only_with_trigger.py
[2024-06-23T07:17:12.058+0000] {processor.py:829} INFO - Processing file /home/airflow/.local/lib/python3.8/site-packages/airflow/example_dags/example_latest_only_with_trigger.py for tasks to queue
[2024-06-23T07:17:12.059+0000] {logging_mixin.py:154} INFO - [2024-06-23T07:17:12.059+0000] {dagbag.py:536} INFO - Filling up the DagBag from /home/airflow/.local/lib/python3.8/site-packages/airflow/example_dags/example_latest_only_with_trigger.py
[2024-06-23T07:17:12.063+0000] {processor.py:839} INFO - DAG(s) dict_keys(['latest_only_with_trigger']) retrieved from /home/airflow/.local/lib/python3.8/site-packages/airflow/example_dags/example_latest_only_with_trigger.py
[2024-06-23T07:17:12.085+0000] {logging_mixin.py:154} INFO - [2024-06-23T07:17:12.085+0000] {dag.py:2941} INFO - Sync 1 DAGs
[2024-06-23T07:17:12.107+0000] {logging_mixin.py:154} INFO - [2024-06-23T07:17:12.107+0000] {dag.py:3722} INFO - Setting next_dagrun for latest_only_with_trigger to 2024-06-23T03:17:12.106936+00:00, run_after=2024-06-23T07:17:12.106936+00:00
[2024-06-23T07:17:12.132+0000] {processor.py:179} INFO - Processing /home/airflow/.local/lib/python3.8/site-packages/airflow/example_dags/example_latest_only_with_trigger.py took 0.078 seconds
[2024-06-23T07:17:42.482+0000] {processor.py:157} INFO - Started process (PID=18859) to work on /home/airflow/.local/lib/python3.8/site-packages/airflow/example_dags/example_latest_only_with_trigger.py
[2024-06-23T07:17:42.483+0000] {processor.py:829} INFO - Processing file /home/airflow/.local/lib/python3.8/site-packages/airflow/example_dags/example_latest_only_with_trigger.py for tasks to queue
[2024-06-23T07:17:42.484+0000] {logging_mixin.py:154} INFO - [2024-06-23T07:17:42.484+0000] {dagbag.py:536} INFO - Filling up the DagBag from /home/airflow/.local/lib/python3.8/site-packages/airflow/example_dags/example_latest_only_with_trigger.py
[2024-06-23T07:17:42.490+0000] {processor.py:839} INFO - DAG(s) dict_keys(['latest_only_with_trigger']) retrieved from /home/airflow/.local/lib/python3.8/site-packages/airflow/example_dags/example_latest_only_with_trigger.py
[2024-06-23T07:17:42.507+0000] {logging_mixin.py:154} INFO - [2024-06-23T07:17:42.507+0000] {dag.py:2941} INFO - Sync 1 DAGs
[2024-06-23T07:17:42.523+0000] {logging_mixin.py:154} INFO - [2024-06-23T07:17:42.522+0000] {dag.py:3722} INFO - Setting next_dagrun for latest_only_with_trigger to 2024-06-23T03:17:42.522744+00:00, run_after=2024-06-23T07:17:42.522744+00:00
[2024-06-23T07:17:42.545+0000] {processor.py:179} INFO - Processing /home/airflow/.local/lib/python3.8/site-packages/airflow/example_dags/example_latest_only_with_trigger.py took 0.066 seconds
[2024-06-23T07:18:12.841+0000] {processor.py:157} INFO - Started process (PID=19103) to work on /home/airflow/.local/lib/python3.8/site-packages/airflow/example_dags/example_latest_only_with_trigger.py
[2024-06-23T07:18:12.843+0000] {processor.py:829} INFO - Processing file /home/airflow/.local/lib/python3.8/site-packages/airflow/example_dags/example_latest_only_with_trigger.py for tasks to queue
[2024-06-23T07:18:12.845+0000] {logging_mixin.py:154} INFO - [2024-06-23T07:18:12.844+0000] {dagbag.py:536} INFO - Filling up the DagBag from /home/airflow/.local/lib/python3.8/site-packages/airflow/example_dags/example_latest_only_with_trigger.py
[2024-06-23T07:18:12.854+0000] {processor.py:839} INFO - DAG(s) dict_keys(['latest_only_with_trigger']) retrieved from /home/airflow/.local/lib/python3.8/site-packages/airflow/example_dags/example_latest_only_with_trigger.py
[2024-06-23T07:18:12.871+0000] {logging_mixin.py:154} INFO - [2024-06-23T07:18:12.871+0000] {dag.py:2941} INFO - Sync 1 DAGs
[2024-06-23T07:18:12.886+0000] {logging_mixin.py:154} INFO - [2024-06-23T07:18:12.886+0000] {dag.py:3722} INFO - Setting next_dagrun for latest_only_with_trigger to 2024-06-23T03:18:12.886439+00:00, run_after=2024-06-23T07:18:12.886439+00:00
[2024-06-23T07:18:12.899+0000] {processor.py:179} INFO - Processing /home/airflow/.local/lib/python3.8/site-packages/airflow/example_dags/example_latest_only_with_trigger.py took 0.062 seconds
[2024-06-23T07:18:43.839+0000] {processor.py:157} INFO - Started process (PID=19347) to work on /home/airflow/.local/lib/python3.8/site-packages/airflow/example_dags/example_latest_only_with_trigger.py
[2024-06-23T07:18:43.840+0000] {processor.py:829} INFO - Processing file /home/airflow/.local/lib/python3.8/site-packages/airflow/example_dags/example_latest_only_with_trigger.py for tasks to queue
[2024-06-23T07:18:43.841+0000] {logging_mixin.py:154} INFO - [2024-06-23T07:18:43.841+0000] {dagbag.py:536} INFO - Filling up the DagBag from /home/airflow/.local/lib/python3.8/site-packages/airflow/example_dags/example_latest_only_with_trigger.py
[2024-06-23T07:18:43.846+0000] {processor.py:839} INFO - DAG(s) dict_keys(['latest_only_with_trigger']) retrieved from /home/airflow/.local/lib/python3.8/site-packages/airflow/example_dags/example_latest_only_with_trigger.py
[2024-06-23T07:18:43.858+0000] {logging_mixin.py:154} INFO - [2024-06-23T07:18:43.858+0000] {dag.py:2941} INFO - Sync 1 DAGs
[2024-06-23T07:18:43.870+0000] {logging_mixin.py:154} INFO - [2024-06-23T07:18:43.870+0000] {dag.py:3722} INFO - Setting next_dagrun for latest_only_with_trigger to 2024-06-23T03:18:43.870368+00:00, run_after=2024-06-23T07:18:43.870368+00:00
[2024-06-23T07:18:43.881+0000] {processor.py:179} INFO - Processing /home/airflow/.local/lib/python3.8/site-packages/airflow/example_dags/example_latest_only_with_trigger.py took 0.044 seconds
[2024-06-23T07:19:13.998+0000] {processor.py:157} INFO - Started process (PID=19589) to work on /home/airflow/.local/lib/python3.8/site-packages/airflow/example_dags/example_latest_only_with_trigger.py
[2024-06-23T07:19:13.999+0000] {processor.py:829} INFO - Processing file /home/airflow/.local/lib/python3.8/site-packages/airflow/example_dags/example_latest_only_with_trigger.py for tasks to queue
[2024-06-23T07:19:14.000+0000] {logging_mixin.py:154} INFO - [2024-06-23T07:19:14.000+0000] {dagbag.py:536} INFO - Filling up the DagBag from /home/airflow/.local/lib/python3.8/site-packages/airflow/example_dags/example_latest_only_with_trigger.py
[2024-06-23T07:19:14.004+0000] {processor.py:839} INFO - DAG(s) dict_keys(['latest_only_with_trigger']) retrieved from /home/airflow/.local/lib/python3.8/site-packages/airflow/example_dags/example_latest_only_with_trigger.py
[2024-06-23T07:19:14.018+0000] {logging_mixin.py:154} INFO - [2024-06-23T07:19:14.018+0000] {dag.py:2941} INFO - Sync 1 DAGs
[2024-06-23T07:19:14.029+0000] {logging_mixin.py:154} INFO - [2024-06-23T07:19:14.029+0000] {dag.py:3722} INFO - Setting next_dagrun for latest_only_with_trigger to 2024-06-23T03:19:14.029053+00:00, run_after=2024-06-23T07:19:14.029053+00:00
[2024-06-23T07:19:14.038+0000] {processor.py:179} INFO - Processing /home/airflow/.local/lib/python3.8/site-packages/airflow/example_dags/example_latest_only_with_trigger.py took 0.041 seconds
[2024-06-23T07:19:44.413+0000] {processor.py:157} INFO - Started process (PID=19828) to work on /home/airflow/.local/lib/python3.8/site-packages/airflow/example_dags/example_latest_only_with_trigger.py
[2024-06-23T07:19:44.415+0000] {processor.py:829} INFO - Processing file /home/airflow/.local/lib/python3.8/site-packages/airflow/example_dags/example_latest_only_with_trigger.py for tasks to queue
[2024-06-23T07:19:44.416+0000] {logging_mixin.py:154} INFO - [2024-06-23T07:19:44.416+0000] {dagbag.py:536} INFO - Filling up the DagBag from /home/airflow/.local/lib/python3.8/site-packages/airflow/example_dags/example_latest_only_with_trigger.py
[2024-06-23T07:19:44.423+0000] {processor.py:839} INFO - DAG(s) dict_keys(['latest_only_with_trigger']) retrieved from /home/airflow/.local/lib/python3.8/site-packages/airflow/example_dags/example_latest_only_with_trigger.py
[2024-06-23T07:19:44.443+0000] {logging_mixin.py:154} INFO - [2024-06-23T07:19:44.443+0000] {dag.py:2941} INFO - Sync 1 DAGs
[2024-06-23T07:19:44.463+0000] {logging_mixin.py:154} INFO - [2024-06-23T07:19:44.463+0000] {dag.py:3722} INFO - Setting next_dagrun for latest_only_with_trigger to 2024-06-23T03:19:44.462834+00:00, run_after=2024-06-23T07:19:44.462834+00:00
[2024-06-23T07:19:44.488+0000] {processor.py:179} INFO - Processing /home/airflow/.local/lib/python3.8/site-packages/airflow/example_dags/example_latest_only_with_trigger.py took 0.078 seconds
[2024-06-23T07:20:15.547+0000] {processor.py:157} INFO - Started process (PID=20077) to work on /home/airflow/.local/lib/python3.8/site-packages/airflow/example_dags/example_latest_only_with_trigger.py
[2024-06-23T07:20:15.548+0000] {processor.py:829} INFO - Processing file /home/airflow/.local/lib/python3.8/site-packages/airflow/example_dags/example_latest_only_with_trigger.py for tasks to queue
[2024-06-23T07:20:15.549+0000] {logging_mixin.py:154} INFO - [2024-06-23T07:20:15.549+0000] {dagbag.py:536} INFO - Filling up the DagBag from /home/airflow/.local/lib/python3.8/site-packages/airflow/example_dags/example_latest_only_with_trigger.py
[2024-06-23T07:20:15.553+0000] {processor.py:839} INFO - DAG(s) dict_keys(['latest_only_with_trigger']) retrieved from /home/airflow/.local/lib/python3.8/site-packages/airflow/example_dags/example_latest_only_with_trigger.py
[2024-06-23T07:20:15.564+0000] {logging_mixin.py:154} INFO - [2024-06-23T07:20:15.564+0000] {dag.py:2941} INFO - Sync 1 DAGs
[2024-06-23T07:20:15.576+0000] {logging_mixin.py:154} INFO - [2024-06-23T07:20:15.576+0000] {dag.py:3722} INFO - Setting next_dagrun for latest_only_with_trigger to 2024-06-23T03:20:15.576052+00:00, run_after=2024-06-23T07:20:15.576052+00:00
[2024-06-23T07:20:15.587+0000] {processor.py:179} INFO - Processing /home/airflow/.local/lib/python3.8/site-packages/airflow/example_dags/example_latest_only_with_trigger.py took 0.041 seconds
[2024-06-23T07:20:46.360+0000] {processor.py:157} INFO - Started process (PID=20320) to work on /home/airflow/.local/lib/python3.8/site-packages/airflow/example_dags/example_latest_only_with_trigger.py
[2024-06-23T07:20:46.361+0000] {processor.py:829} INFO - Processing file /home/airflow/.local/lib/python3.8/site-packages/airflow/example_dags/example_latest_only_with_trigger.py for tasks to queue
[2024-06-23T07:20:46.361+0000] {logging_mixin.py:154} INFO - [2024-06-23T07:20:46.361+0000] {dagbag.py:536} INFO - Filling up the DagBag from /home/airflow/.local/lib/python3.8/site-packages/airflow/example_dags/example_latest_only_with_trigger.py
[2024-06-23T07:20:46.365+0000] {processor.py:839} INFO - DAG(s) dict_keys(['latest_only_with_trigger']) retrieved from /home/airflow/.local/lib/python3.8/site-packages/airflow/example_dags/example_latest_only_with_trigger.py
[2024-06-23T07:20:46.376+0000] {logging_mixin.py:154} INFO - [2024-06-23T07:20:46.376+0000] {dag.py:2941} INFO - Sync 1 DAGs
[2024-06-23T07:20:46.386+0000] {logging_mixin.py:154} INFO - [2024-06-23T07:20:46.386+0000] {dag.py:3722} INFO - Setting next_dagrun for latest_only_with_trigger to 2024-06-23T03:20:46.386303+00:00, run_after=2024-06-23T07:20:46.386303+00:00
[2024-06-23T07:20:46.394+0000] {processor.py:179} INFO - Processing /home/airflow/.local/lib/python3.8/site-packages/airflow/example_dags/example_latest_only_with_trigger.py took 0.036 seconds
[2024-06-23T07:21:16.713+0000] {processor.py:157} INFO - Started process (PID=20564) to work on /home/airflow/.local/lib/python3.8/site-packages/airflow/example_dags/example_latest_only_with_trigger.py
[2024-06-23T07:21:16.715+0000] {processor.py:829} INFO - Processing file /home/airflow/.local/lib/python3.8/site-packages/airflow/example_dags/example_latest_only_with_trigger.py for tasks to queue
[2024-06-23T07:21:16.715+0000] {logging_mixin.py:154} INFO - [2024-06-23T07:21:16.715+0000] {dagbag.py:536} INFO - Filling up the DagBag from /home/airflow/.local/lib/python3.8/site-packages/airflow/example_dags/example_latest_only_with_trigger.py
[2024-06-23T07:21:16.720+0000] {processor.py:839} INFO - DAG(s) dict_keys(['latest_only_with_trigger']) retrieved from /home/airflow/.local/lib/python3.8/site-packages/airflow/example_dags/example_latest_only_with_trigger.py
[2024-06-23T07:21:16.735+0000] {logging_mixin.py:154} INFO - [2024-06-23T07:21:16.735+0000] {dag.py:2941} INFO - Sync 1 DAGs
[2024-06-23T07:21:16.749+0000] {logging_mixin.py:154} INFO - [2024-06-23T07:21:16.749+0000] {dag.py:3722} INFO - Setting next_dagrun for latest_only_with_trigger to 2024-06-23T03:21:16.749474+00:00, run_after=2024-06-23T07:21:16.749474+00:00
[2024-06-23T07:21:16.760+0000] {processor.py:179} INFO - Processing /home/airflow/.local/lib/python3.8/site-packages/airflow/example_dags/example_latest_only_with_trigger.py took 0.050 seconds
[2024-06-23T07:21:47.696+0000] {processor.py:157} INFO - Started process (PID=20808) to work on /home/airflow/.local/lib/python3.8/site-packages/airflow/example_dags/example_latest_only_with_trigger.py
[2024-06-23T07:21:47.697+0000] {processor.py:829} INFO - Processing file /home/airflow/.local/lib/python3.8/site-packages/airflow/example_dags/example_latest_only_with_trigger.py for tasks to queue
[2024-06-23T07:21:47.698+0000] {logging_mixin.py:154} INFO - [2024-06-23T07:21:47.698+0000] {dagbag.py:536} INFO - Filling up the DagBag from /home/airflow/.local/lib/python3.8/site-packages/airflow/example_dags/example_latest_only_with_trigger.py
[2024-06-23T07:21:47.703+0000] {processor.py:839} INFO - DAG(s) dict_keys(['latest_only_with_trigger']) retrieved from /home/airflow/.local/lib/python3.8/site-packages/airflow/example_dags/example_latest_only_with_trigger.py
[2024-06-23T07:21:47.716+0000] {logging_mixin.py:154} INFO - [2024-06-23T07:21:47.716+0000] {dag.py:2941} INFO - Sync 1 DAGs
[2024-06-23T07:21:47.734+0000] {logging_mixin.py:154} INFO - [2024-06-23T07:21:47.734+0000] {dag.py:3722} INFO - Setting next_dagrun for latest_only_with_trigger to 2024-06-23T03:21:47.734073+00:00, run_after=2024-06-23T07:21:47.734073+00:00
[2024-06-23T07:21:47.747+0000] {processor.py:179} INFO - Processing /home/airflow/.local/lib/python3.8/site-packages/airflow/example_dags/example_latest_only_with_trigger.py took 0.054 seconds
[2024-06-23T07:22:18.568+0000] {processor.py:157} INFO - Started process (PID=21052) to work on /home/airflow/.local/lib/python3.8/site-packages/airflow/example_dags/example_latest_only_with_trigger.py
[2024-06-23T07:22:18.569+0000] {processor.py:829} INFO - Processing file /home/airflow/.local/lib/python3.8/site-packages/airflow/example_dags/example_latest_only_with_trigger.py for tasks to queue
[2024-06-23T07:22:18.569+0000] {logging_mixin.py:154} INFO - [2024-06-23T07:22:18.569+0000] {dagbag.py:536} INFO - Filling up the DagBag from /home/airflow/.local/lib/python3.8/site-packages/airflow/example_dags/example_latest_only_with_trigger.py
[2024-06-23T07:22:18.573+0000] {processor.py:839} INFO - DAG(s) dict_keys(['latest_only_with_trigger']) retrieved from /home/airflow/.local/lib/python3.8/site-packages/airflow/example_dags/example_latest_only_with_trigger.py
[2024-06-23T07:22:18.584+0000] {logging_mixin.py:154} INFO - [2024-06-23T07:22:18.583+0000] {dag.py:2941} INFO - Sync 1 DAGs
[2024-06-23T07:22:18.595+0000] {logging_mixin.py:154} INFO - [2024-06-23T07:22:18.595+0000] {dag.py:3722} INFO - Setting next_dagrun for latest_only_with_trigger to 2024-06-23T03:22:18.595008+00:00, run_after=2024-06-23T07:22:18.595008+00:00
[2024-06-23T07:22:18.605+0000] {processor.py:179} INFO - Processing /home/airflow/.local/lib/python3.8/site-packages/airflow/example_dags/example_latest_only_with_trigger.py took 0.039 seconds
[2024-06-23T07:22:49.330+0000] {processor.py:157} INFO - Started process (PID=21296) to work on /home/airflow/.local/lib/python3.8/site-packages/airflow/example_dags/example_latest_only_with_trigger.py
[2024-06-23T07:22:49.331+0000] {processor.py:829} INFO - Processing file /home/airflow/.local/lib/python3.8/site-packages/airflow/example_dags/example_latest_only_with_trigger.py for tasks to queue
[2024-06-23T07:22:49.331+0000] {logging_mixin.py:154} INFO - [2024-06-23T07:22:49.331+0000] {dagbag.py:536} INFO - Filling up the DagBag from /home/airflow/.local/lib/python3.8/site-packages/airflow/example_dags/example_latest_only_with_trigger.py
[2024-06-23T07:22:49.335+0000] {processor.py:839} INFO - DAG(s) dict_keys(['latest_only_with_trigger']) retrieved from /home/airflow/.local/lib/python3.8/site-packages/airflow/example_dags/example_latest_only_with_trigger.py
[2024-06-23T07:22:49.345+0000] {logging_mixin.py:154} INFO - [2024-06-23T07:22:49.345+0000] {dag.py:2941} INFO - Sync 1 DAGs
[2024-06-23T07:22:49.355+0000] {logging_mixin.py:154} INFO - [2024-06-23T07:22:49.355+0000] {dag.py:3722} INFO - Setting next_dagrun for latest_only_with_trigger to 2024-06-23T03:22:49.354997+00:00, run_after=2024-06-23T07:22:49.354997+00:00
[2024-06-23T07:22:49.363+0000] {processor.py:179} INFO - Processing /home/airflow/.local/lib/python3.8/site-packages/airflow/example_dags/example_latest_only_with_trigger.py took 0.035 seconds
[2024-06-23T07:23:19.515+0000] {processor.py:157} INFO - Started process (PID=21534) to work on /home/airflow/.local/lib/python3.8/site-packages/airflow/example_dags/example_latest_only_with_trigger.py
[2024-06-23T07:23:19.517+0000] {processor.py:829} INFO - Processing file /home/airflow/.local/lib/python3.8/site-packages/airflow/example_dags/example_latest_only_with_trigger.py for tasks to queue
[2024-06-23T07:23:19.519+0000] {logging_mixin.py:154} INFO - [2024-06-23T07:23:19.518+0000] {dagbag.py:536} INFO - Filling up the DagBag from /home/airflow/.local/lib/python3.8/site-packages/airflow/example_dags/example_latest_only_with_trigger.py
[2024-06-23T07:23:19.531+0000] {processor.py:839} INFO - DAG(s) dict_keys(['latest_only_with_trigger']) retrieved from /home/airflow/.local/lib/python3.8/site-packages/airflow/example_dags/example_latest_only_with_trigger.py
[2024-06-23T07:23:19.558+0000] {logging_mixin.py:154} INFO - [2024-06-23T07:23:19.558+0000] {dag.py:2941} INFO - Sync 1 DAGs
[2024-06-23T07:23:19.580+0000] {logging_mixin.py:154} INFO - [2024-06-23T07:23:19.580+0000] {dag.py:3722} INFO - Setting next_dagrun for latest_only_with_trigger to 2024-06-23T03:23:19.580462+00:00, run_after=2024-06-23T07:23:19.580462+00:00
[2024-06-23T07:23:19.605+0000] {processor.py:179} INFO - Processing /home/airflow/.local/lib/python3.8/site-packages/airflow/example_dags/example_latest_only_with_trigger.py took 0.095 seconds
[2024-06-23T07:23:49.846+0000] {processor.py:157} INFO - Started process (PID=21778) to work on /home/airflow/.local/lib/python3.8/site-packages/airflow/example_dags/example_latest_only_with_trigger.py
[2024-06-23T07:23:49.847+0000] {processor.py:829} INFO - Processing file /home/airflow/.local/lib/python3.8/site-packages/airflow/example_dags/example_latest_only_with_trigger.py for tasks to queue
[2024-06-23T07:23:49.847+0000] {logging_mixin.py:154} INFO - [2024-06-23T07:23:49.847+0000] {dagbag.py:536} INFO - Filling up the DagBag from /home/airflow/.local/lib/python3.8/site-packages/airflow/example_dags/example_latest_only_with_trigger.py
[2024-06-23T07:23:49.852+0000] {processor.py:839} INFO - DAG(s) dict_keys(['latest_only_with_trigger']) retrieved from /home/airflow/.local/lib/python3.8/site-packages/airflow/example_dags/example_latest_only_with_trigger.py
[2024-06-23T07:23:49.866+0000] {logging_mixin.py:154} INFO - [2024-06-23T07:23:49.866+0000] {dag.py:2941} INFO - Sync 1 DAGs
[2024-06-23T07:23:49.880+0000] {logging_mixin.py:154} INFO - [2024-06-23T07:23:49.880+0000] {dag.py:3722} INFO - Setting next_dagrun for latest_only_with_trigger to 2024-06-23T03:23:49.880518+00:00, run_after=2024-06-23T07:23:49.880518+00:00
[2024-06-23T07:23:49.895+0000] {processor.py:179} INFO - Processing /home/airflow/.local/lib/python3.8/site-packages/airflow/example_dags/example_latest_only_with_trigger.py took 0.051 seconds
[2024-06-23T07:24:20.915+0000] {processor.py:157} INFO - Started process (PID=22022) to work on /home/airflow/.local/lib/python3.8/site-packages/airflow/example_dags/example_latest_only_with_trigger.py
[2024-06-23T07:24:20.916+0000] {processor.py:829} INFO - Processing file /home/airflow/.local/lib/python3.8/site-packages/airflow/example_dags/example_latest_only_with_trigger.py for tasks to queue
[2024-06-23T07:24:20.916+0000] {logging_mixin.py:154} INFO - [2024-06-23T07:24:20.916+0000] {dagbag.py:536} INFO - Filling up the DagBag from /home/airflow/.local/lib/python3.8/site-packages/airflow/example_dags/example_latest_only_with_trigger.py
[2024-06-23T07:24:20.920+0000] {processor.py:839} INFO - DAG(s) dict_keys(['latest_only_with_trigger']) retrieved from /home/airflow/.local/lib/python3.8/site-packages/airflow/example_dags/example_latest_only_with_trigger.py
[2024-06-23T07:24:20.931+0000] {logging_mixin.py:154} INFO - [2024-06-23T07:24:20.931+0000] {dag.py:2941} INFO - Sync 1 DAGs
[2024-06-23T07:24:20.942+0000] {logging_mixin.py:154} INFO - [2024-06-23T07:24:20.942+0000] {dag.py:3722} INFO - Setting next_dagrun for latest_only_with_trigger to 2024-06-23T03:24:20.942230+00:00, run_after=2024-06-23T07:24:20.942230+00:00
[2024-06-23T07:24:20.951+0000] {processor.py:179} INFO - Processing /home/airflow/.local/lib/python3.8/site-packages/airflow/example_dags/example_latest_only_with_trigger.py took 0.038 seconds
[2024-06-23T07:24:51.909+0000] {processor.py:157} INFO - Started process (PID=22266) to work on /home/airflow/.local/lib/python3.8/site-packages/airflow/example_dags/example_latest_only_with_trigger.py
[2024-06-23T07:24:51.909+0000] {processor.py:829} INFO - Processing file /home/airflow/.local/lib/python3.8/site-packages/airflow/example_dags/example_latest_only_with_trigger.py for tasks to queue
[2024-06-23T07:24:51.910+0000] {logging_mixin.py:154} INFO - [2024-06-23T07:24:51.910+0000] {dagbag.py:536} INFO - Filling up the DagBag from /home/airflow/.local/lib/python3.8/site-packages/airflow/example_dags/example_latest_only_with_trigger.py
[2024-06-23T07:24:51.914+0000] {processor.py:839} INFO - DAG(s) dict_keys(['latest_only_with_trigger']) retrieved from /home/airflow/.local/lib/python3.8/site-packages/airflow/example_dags/example_latest_only_with_trigger.py
[2024-06-23T07:24:51.924+0000] {logging_mixin.py:154} INFO - [2024-06-23T07:24:51.924+0000] {dag.py:2941} INFO - Sync 1 DAGs
[2024-06-23T07:24:51.935+0000] {logging_mixin.py:154} INFO - [2024-06-23T07:24:51.935+0000] {dag.py:3722} INFO - Setting next_dagrun for latest_only_with_trigger to 2024-06-23T03:24:51.935069+00:00, run_after=2024-06-23T07:24:51.935069+00:00
[2024-06-23T07:24:51.944+0000] {processor.py:179} INFO - Processing /home/airflow/.local/lib/python3.8/site-packages/airflow/example_dags/example_latest_only_with_trigger.py took 0.037 seconds
[2024-06-23T07:25:21.967+0000] {processor.py:157} INFO - Started process (PID=22510) to work on /home/airflow/.local/lib/python3.8/site-packages/airflow/example_dags/example_latest_only_with_trigger.py
[2024-06-23T07:25:21.968+0000] {processor.py:829} INFO - Processing file /home/airflow/.local/lib/python3.8/site-packages/airflow/example_dags/example_latest_only_with_trigger.py for tasks to queue
[2024-06-23T07:25:21.968+0000] {logging_mixin.py:154} INFO - [2024-06-23T07:25:21.968+0000] {dagbag.py:536} INFO - Filling up the DagBag from /home/airflow/.local/lib/python3.8/site-packages/airflow/example_dags/example_latest_only_with_trigger.py
[2024-06-23T07:25:21.973+0000] {processor.py:839} INFO - DAG(s) dict_keys(['latest_only_with_trigger']) retrieved from /home/airflow/.local/lib/python3.8/site-packages/airflow/example_dags/example_latest_only_with_trigger.py
[2024-06-23T07:25:21.984+0000] {logging_mixin.py:154} INFO - [2024-06-23T07:25:21.984+0000] {dag.py:2941} INFO - Sync 1 DAGs
[2024-06-23T07:25:21.996+0000] {logging_mixin.py:154} INFO - [2024-06-23T07:25:21.996+0000] {dag.py:3722} INFO - Setting next_dagrun for latest_only_with_trigger to 2024-06-23T03:25:21.996708+00:00, run_after=2024-06-23T07:25:21.996708+00:00
[2024-06-23T07:25:22.006+0000] {processor.py:179} INFO - Processing /home/airflow/.local/lib/python3.8/site-packages/airflow/example_dags/example_latest_only_with_trigger.py took 0.042 seconds
[2024-06-23T07:25:52.061+0000] {processor.py:157} INFO - Started process (PID=22751) to work on /home/airflow/.local/lib/python3.8/site-packages/airflow/example_dags/example_latest_only_with_trigger.py
[2024-06-23T07:25:52.062+0000] {processor.py:829} INFO - Processing file /home/airflow/.local/lib/python3.8/site-packages/airflow/example_dags/example_latest_only_with_trigger.py for tasks to queue
[2024-06-23T07:25:52.063+0000] {logging_mixin.py:154} INFO - [2024-06-23T07:25:52.062+0000] {dagbag.py:536} INFO - Filling up the DagBag from /home/airflow/.local/lib/python3.8/site-packages/airflow/example_dags/example_latest_only_with_trigger.py
[2024-06-23T07:25:52.067+0000] {processor.py:839} INFO - DAG(s) dict_keys(['latest_only_with_trigger']) retrieved from /home/airflow/.local/lib/python3.8/site-packages/airflow/example_dags/example_latest_only_with_trigger.py
[2024-06-23T07:25:52.086+0000] {logging_mixin.py:154} INFO - [2024-06-23T07:25:52.086+0000] {dag.py:2941} INFO - Sync 1 DAGs
[2024-06-23T07:25:52.106+0000] {logging_mixin.py:154} INFO - [2024-06-23T07:25:52.106+0000] {dag.py:3722} INFO - Setting next_dagrun for latest_only_with_trigger to 2024-06-23T03:25:52.105916+00:00, run_after=2024-06-23T07:25:52.105916+00:00
[2024-06-23T07:25:52.121+0000] {processor.py:179} INFO - Processing /home/airflow/.local/lib/python3.8/site-packages/airflow/example_dags/example_latest_only_with_trigger.py took 0.062 seconds
[2024-06-23T07:26:22.978+0000] {processor.py:157} INFO - Started process (PID=22998) to work on /home/airflow/.local/lib/python3.8/site-packages/airflow/example_dags/example_latest_only_with_trigger.py
[2024-06-23T07:26:22.979+0000] {processor.py:829} INFO - Processing file /home/airflow/.local/lib/python3.8/site-packages/airflow/example_dags/example_latest_only_with_trigger.py for tasks to queue
[2024-06-23T07:26:22.980+0000] {logging_mixin.py:154} INFO - [2024-06-23T07:26:22.980+0000] {dagbag.py:536} INFO - Filling up the DagBag from /home/airflow/.local/lib/python3.8/site-packages/airflow/example_dags/example_latest_only_with_trigger.py
[2024-06-23T07:26:22.984+0000] {processor.py:839} INFO - DAG(s) dict_keys(['latest_only_with_trigger']) retrieved from /home/airflow/.local/lib/python3.8/site-packages/airflow/example_dags/example_latest_only_with_trigger.py
[2024-06-23T07:26:22.995+0000] {logging_mixin.py:154} INFO - [2024-06-23T07:26:22.995+0000] {dag.py:2941} INFO - Sync 1 DAGs
[2024-06-23T07:26:23.006+0000] {logging_mixin.py:154} INFO - [2024-06-23T07:26:23.006+0000] {dag.py:3722} INFO - Setting next_dagrun for latest_only_with_trigger to 2024-06-23T03:26:23.006377+00:00, run_after=2024-06-23T07:26:23.006377+00:00
[2024-06-23T07:26:23.016+0000] {processor.py:179} INFO - Processing /home/airflow/.local/lib/python3.8/site-packages/airflow/example_dags/example_latest_only_with_trigger.py took 0.039 seconds
[2024-06-23T07:26:53.873+0000] {processor.py:157} INFO - Started process (PID=23242) to work on /home/airflow/.local/lib/python3.8/site-packages/airflow/example_dags/example_latest_only_with_trigger.py
[2024-06-23T07:26:53.874+0000] {processor.py:829} INFO - Processing file /home/airflow/.local/lib/python3.8/site-packages/airflow/example_dags/example_latest_only_with_trigger.py for tasks to queue
[2024-06-23T07:26:53.874+0000] {logging_mixin.py:154} INFO - [2024-06-23T07:26:53.874+0000] {dagbag.py:536} INFO - Filling up the DagBag from /home/airflow/.local/lib/python3.8/site-packages/airflow/example_dags/example_latest_only_with_trigger.py
[2024-06-23T07:26:53.878+0000] {processor.py:839} INFO - DAG(s) dict_keys(['latest_only_with_trigger']) retrieved from /home/airflow/.local/lib/python3.8/site-packages/airflow/example_dags/example_latest_only_with_trigger.py
[2024-06-23T07:26:53.888+0000] {logging_mixin.py:154} INFO - [2024-06-23T07:26:53.888+0000] {dag.py:2941} INFO - Sync 1 DAGs
[2024-06-23T07:26:53.899+0000] {logging_mixin.py:154} INFO - [2024-06-23T07:26:53.899+0000] {dag.py:3722} INFO - Setting next_dagrun for latest_only_with_trigger to 2024-06-23T03:26:53.899266+00:00, run_after=2024-06-23T07:26:53.899266+00:00
[2024-06-23T07:26:53.908+0000] {processor.py:179} INFO - Processing /home/airflow/.local/lib/python3.8/site-packages/airflow/example_dags/example_latest_only_with_trigger.py took 0.037 seconds
[2024-06-23T07:27:24.782+0000] {processor.py:157} INFO - Started process (PID=23485) to work on /home/airflow/.local/lib/python3.8/site-packages/airflow/example_dags/example_latest_only_with_trigger.py
[2024-06-23T07:27:24.783+0000] {processor.py:829} INFO - Processing file /home/airflow/.local/lib/python3.8/site-packages/airflow/example_dags/example_latest_only_with_trigger.py for tasks to queue
[2024-06-23T07:27:24.783+0000] {logging_mixin.py:154} INFO - [2024-06-23T07:27:24.783+0000] {dagbag.py:536} INFO - Filling up the DagBag from /home/airflow/.local/lib/python3.8/site-packages/airflow/example_dags/example_latest_only_with_trigger.py
[2024-06-23T07:27:24.787+0000] {processor.py:839} INFO - DAG(s) dict_keys(['latest_only_with_trigger']) retrieved from /home/airflow/.local/lib/python3.8/site-packages/airflow/example_dags/example_latest_only_with_trigger.py
[2024-06-23T07:27:24.799+0000] {logging_mixin.py:154} INFO - [2024-06-23T07:27:24.799+0000] {dag.py:2941} INFO - Sync 1 DAGs
[2024-06-23T07:27:24.810+0000] {logging_mixin.py:154} INFO - [2024-06-23T07:27:24.810+0000] {dag.py:3722} INFO - Setting next_dagrun for latest_only_with_trigger to 2024-06-23T03:27:24.810296+00:00, run_after=2024-06-23T07:27:24.810296+00:00
[2024-06-23T07:27:24.819+0000] {processor.py:179} INFO - Processing /home/airflow/.local/lib/python3.8/site-packages/airflow/example_dags/example_latest_only_with_trigger.py took 0.038 seconds
[2024-06-23T07:27:55.595+0000] {processor.py:157} INFO - Started process (PID=23729) to work on /home/airflow/.local/lib/python3.8/site-packages/airflow/example_dags/example_latest_only_with_trigger.py
[2024-06-23T07:27:55.596+0000] {processor.py:829} INFO - Processing file /home/airflow/.local/lib/python3.8/site-packages/airflow/example_dags/example_latest_only_with_trigger.py for tasks to queue
[2024-06-23T07:27:55.597+0000] {logging_mixin.py:154} INFO - [2024-06-23T07:27:55.597+0000] {dagbag.py:536} INFO - Filling up the DagBag from /home/airflow/.local/lib/python3.8/site-packages/airflow/example_dags/example_latest_only_with_trigger.py
[2024-06-23T07:27:55.602+0000] {processor.py:839} INFO - DAG(s) dict_keys(['latest_only_with_trigger']) retrieved from /home/airflow/.local/lib/python3.8/site-packages/airflow/example_dags/example_latest_only_with_trigger.py
[2024-06-23T07:27:55.615+0000] {logging_mixin.py:154} INFO - [2024-06-23T07:27:55.615+0000] {dag.py:2941} INFO - Sync 1 DAGs
[2024-06-23T07:27:55.632+0000] {logging_mixin.py:154} INFO - [2024-06-23T07:27:55.632+0000] {dag.py:3722} INFO - Setting next_dagrun for latest_only_with_trigger to 2024-06-23T03:27:55.632362+00:00, run_after=2024-06-23T07:27:55.632362+00:00
[2024-06-23T07:27:55.650+0000] {processor.py:179} INFO - Processing /home/airflow/.local/lib/python3.8/site-packages/airflow/example_dags/example_latest_only_with_trigger.py took 0.056 seconds
[2024-06-23T07:28:26.637+0000] {processor.py:157} INFO - Started process (PID=23973) to work on /home/airflow/.local/lib/python3.8/site-packages/airflow/example_dags/example_latest_only_with_trigger.py
[2024-06-23T07:28:26.638+0000] {processor.py:829} INFO - Processing file /home/airflow/.local/lib/python3.8/site-packages/airflow/example_dags/example_latest_only_with_trigger.py for tasks to queue
[2024-06-23T07:28:26.639+0000] {logging_mixin.py:154} INFO - [2024-06-23T07:28:26.638+0000] {dagbag.py:536} INFO - Filling up the DagBag from /home/airflow/.local/lib/python3.8/site-packages/airflow/example_dags/example_latest_only_with_trigger.py
[2024-06-23T07:28:26.644+0000] {processor.py:839} INFO - DAG(s) dict_keys(['latest_only_with_trigger']) retrieved from /home/airflow/.local/lib/python3.8/site-packages/airflow/example_dags/example_latest_only_with_trigger.py
[2024-06-23T07:28:26.662+0000] {logging_mixin.py:154} INFO - [2024-06-23T07:28:26.661+0000] {dag.py:2941} INFO - Sync 1 DAGs
[2024-06-23T07:28:26.674+0000] {logging_mixin.py:154} INFO - [2024-06-23T07:28:26.674+0000] {dag.py:3722} INFO - Setting next_dagrun for latest_only_with_trigger to 2024-06-23T03:28:26.674287+00:00, run_after=2024-06-23T07:28:26.674287+00:00
[2024-06-23T07:28:26.683+0000] {processor.py:179} INFO - Processing /home/airflow/.local/lib/python3.8/site-packages/airflow/example_dags/example_latest_only_with_trigger.py took 0.050 seconds
[2024-06-23T07:28:56.749+0000] {processor.py:157} INFO - Started process (PID=24217) to work on /home/airflow/.local/lib/python3.8/site-packages/airflow/example_dags/example_latest_only_with_trigger.py
[2024-06-23T07:28:56.750+0000] {processor.py:829} INFO - Processing file /home/airflow/.local/lib/python3.8/site-packages/airflow/example_dags/example_latest_only_with_trigger.py for tasks to queue
[2024-06-23T07:28:56.751+0000] {logging_mixin.py:154} INFO - [2024-06-23T07:28:56.750+0000] {dagbag.py:536} INFO - Filling up the DagBag from /home/airflow/.local/lib/python3.8/site-packages/airflow/example_dags/example_latest_only_with_trigger.py
[2024-06-23T07:28:56.755+0000] {processor.py:839} INFO - DAG(s) dict_keys(['latest_only_with_trigger']) retrieved from /home/airflow/.local/lib/python3.8/site-packages/airflow/example_dags/example_latest_only_with_trigger.py
[2024-06-23T07:28:56.769+0000] {logging_mixin.py:154} INFO - [2024-06-23T07:28:56.769+0000] {dag.py:2941} INFO - Sync 1 DAGs
[2024-06-23T07:28:56.784+0000] {logging_mixin.py:154} INFO - [2024-06-23T07:28:56.784+0000] {dag.py:3722} INFO - Setting next_dagrun for latest_only_with_trigger to 2024-06-23T03:28:56.784153+00:00, run_after=2024-06-23T07:28:56.784153+00:00
[2024-06-23T07:28:56.795+0000] {processor.py:179} INFO - Processing /home/airflow/.local/lib/python3.8/site-packages/airflow/example_dags/example_latest_only_with_trigger.py took 0.048 seconds
[2024-06-23T07:29:27.122+0000] {processor.py:157} INFO - Started process (PID=24461) to work on /home/airflow/.local/lib/python3.8/site-packages/airflow/example_dags/example_latest_only_with_trigger.py
[2024-06-23T07:29:27.123+0000] {processor.py:829} INFO - Processing file /home/airflow/.local/lib/python3.8/site-packages/airflow/example_dags/example_latest_only_with_trigger.py for tasks to queue
[2024-06-23T07:29:27.123+0000] {logging_mixin.py:154} INFO - [2024-06-23T07:29:27.123+0000] {dagbag.py:536} INFO - Filling up the DagBag from /home/airflow/.local/lib/python3.8/site-packages/airflow/example_dags/example_latest_only_with_trigger.py
[2024-06-23T07:29:27.127+0000] {processor.py:839} INFO - DAG(s) dict_keys(['latest_only_with_trigger']) retrieved from /home/airflow/.local/lib/python3.8/site-packages/airflow/example_dags/example_latest_only_with_trigger.py
[2024-06-23T07:29:27.139+0000] {logging_mixin.py:154} INFO - [2024-06-23T07:29:27.139+0000] {dag.py:2941} INFO - Sync 1 DAGs
[2024-06-23T07:29:27.152+0000] {logging_mixin.py:154} INFO - [2024-06-23T07:29:27.152+0000] {dag.py:3722} INFO - Setting next_dagrun for latest_only_with_trigger to 2024-06-23T03:29:27.152448+00:00, run_after=2024-06-23T07:29:27.152448+00:00
[2024-06-23T07:29:27.162+0000] {processor.py:179} INFO - Processing /home/airflow/.local/lib/python3.8/site-packages/airflow/example_dags/example_latest_only_with_trigger.py took 0.042 seconds
[2024-06-23T07:29:57.280+0000] {processor.py:157} INFO - Started process (PID=24705) to work on /home/airflow/.local/lib/python3.8/site-packages/airflow/example_dags/example_latest_only_with_trigger.py
[2024-06-23T07:29:57.281+0000] {processor.py:829} INFO - Processing file /home/airflow/.local/lib/python3.8/site-packages/airflow/example_dags/example_latest_only_with_trigger.py for tasks to queue
[2024-06-23T07:29:57.281+0000] {logging_mixin.py:154} INFO - [2024-06-23T07:29:57.281+0000] {dagbag.py:536} INFO - Filling up the DagBag from /home/airflow/.local/lib/python3.8/site-packages/airflow/example_dags/example_latest_only_with_trigger.py
[2024-06-23T07:29:57.285+0000] {processor.py:839} INFO - DAG(s) dict_keys(['latest_only_with_trigger']) retrieved from /home/airflow/.local/lib/python3.8/site-packages/airflow/example_dags/example_latest_only_with_trigger.py
[2024-06-23T07:29:57.295+0000] {logging_mixin.py:154} INFO - [2024-06-23T07:29:57.295+0000] {dag.py:2941} INFO - Sync 1 DAGs
[2024-06-23T07:29:57.306+0000] {logging_mixin.py:154} INFO - [2024-06-23T07:29:57.306+0000] {dag.py:3722} INFO - Setting next_dagrun for latest_only_with_trigger to 2024-06-23T03:29:57.306094+00:00, run_after=2024-06-23T07:29:57.306094+00:00
[2024-06-23T07:29:57.314+0000] {processor.py:179} INFO - Processing /home/airflow/.local/lib/python3.8/site-packages/airflow/example_dags/example_latest_only_with_trigger.py took 0.036 seconds
[2024-06-23T07:30:28.218+0000] {processor.py:157} INFO - Started process (PID=24949) to work on /home/airflow/.local/lib/python3.8/site-packages/airflow/example_dags/example_latest_only_with_trigger.py
[2024-06-23T07:30:28.219+0000] {processor.py:829} INFO - Processing file /home/airflow/.local/lib/python3.8/site-packages/airflow/example_dags/example_latest_only_with_trigger.py for tasks to queue
[2024-06-23T07:30:28.219+0000] {logging_mixin.py:154} INFO - [2024-06-23T07:30:28.219+0000] {dagbag.py:536} INFO - Filling up the DagBag from /home/airflow/.local/lib/python3.8/site-packages/airflow/example_dags/example_latest_only_with_trigger.py
[2024-06-23T07:30:28.223+0000] {processor.py:839} INFO - DAG(s) dict_keys(['latest_only_with_trigger']) retrieved from /home/airflow/.local/lib/python3.8/site-packages/airflow/example_dags/example_latest_only_with_trigger.py
[2024-06-23T07:30:28.235+0000] {logging_mixin.py:154} INFO - [2024-06-23T07:30:28.235+0000] {dag.py:2941} INFO - Sync 1 DAGs
[2024-06-23T07:30:28.246+0000] {logging_mixin.py:154} INFO - [2024-06-23T07:30:28.246+0000] {dag.py:3722} INFO - Setting next_dagrun for latest_only_with_trigger to 2024-06-23T03:30:28.246444+00:00, run_after=2024-06-23T07:30:28.246444+00:00
[2024-06-23T07:30:28.255+0000] {processor.py:179} INFO - Processing /home/airflow/.local/lib/python3.8/site-packages/airflow/example_dags/example_latest_only_with_trigger.py took 0.039 seconds
