[2024-06-23T01:24:24.043+0000] {processor.py:157} INFO - Started process (PID=13138) to work on /home/airflow/.local/lib/python3.8/site-packages/airflow/example_dags/example_complex.py
[2024-06-23T01:24:24.044+0000] {processor.py:829} INFO - Processing file /home/airflow/.local/lib/python3.8/site-packages/airflow/example_dags/example_complex.py for tasks to queue
[2024-06-23T01:24:24.045+0000] {logging_mixin.py:154} INFO - [2024-06-23T01:24:24.045+0000] {dagbag.py:536} INFO - Filling up the DagBag from /home/airflow/.local/lib/python3.8/site-packages/airflow/example_dags/example_complex.py
[2024-06-23T01:24:24.052+0000] {processor.py:839} INFO - DAG(s) dict_keys(['example_complex']) retrieved from /home/airflow/.local/lib/python3.8/site-packages/airflow/example_dags/example_complex.py
[2024-06-23T01:24:24.073+0000] {logging_mixin.py:154} INFO - [2024-06-23T01:24:24.073+0000] {dag.py:2941} INFO - Sync 1 DAGs
[2024-06-23T01:24:24.083+0000] {logging_mixin.py:154} INFO - [2024-06-23T01:24:24.083+0000] {dag.py:3722} INFO - Setting next_dagrun for example_complex to None, run_after=None
[2024-06-23T01:24:24.101+0000] {processor.py:179} INFO - Processing /home/airflow/.local/lib/python3.8/site-packages/airflow/example_dags/example_complex.py took 0.060 seconds
[2024-06-23T02:48:32.788+0000] {processor.py:157} INFO - Started process (PID=13381) to work on /home/airflow/.local/lib/python3.8/site-packages/airflow/example_dags/example_complex.py
[2024-06-23T02:48:32.789+0000] {processor.py:829} INFO - Processing file /home/airflow/.local/lib/python3.8/site-packages/airflow/example_dags/example_complex.py for tasks to queue
[2024-06-23T02:48:32.789+0000] {logging_mixin.py:154} INFO - [2024-06-23T02:48:32.789+0000] {dagbag.py:536} INFO - Filling up the DagBag from /home/airflow/.local/lib/python3.8/site-packages/airflow/example_dags/example_complex.py
[2024-06-23T02:48:32.796+0000] {processor.py:839} INFO - DAG(s) dict_keys(['example_complex']) retrieved from /home/airflow/.local/lib/python3.8/site-packages/airflow/example_dags/example_complex.py
[2024-06-23T02:48:32.820+0000] {logging_mixin.py:154} INFO - [2024-06-23T02:48:32.820+0000] {dag.py:2941} INFO - Sync 1 DAGs
[2024-06-23T02:48:32.830+0000] {logging_mixin.py:154} INFO - [2024-06-23T02:48:32.830+0000] {dag.py:3722} INFO - Setting next_dagrun for example_complex to None, run_after=None
[2024-06-23T02:48:32.845+0000] {processor.py:179} INFO - Processing /home/airflow/.local/lib/python3.8/site-packages/airflow/example_dags/example_complex.py took 0.059 seconds
[2024-06-23T04:09:03.736+0000] {processor.py:157} INFO - Started process (PID=13627) to work on /home/airflow/.local/lib/python3.8/site-packages/airflow/example_dags/example_complex.py
[2024-06-23T04:09:03.738+0000] {processor.py:829} INFO - Processing file /home/airflow/.local/lib/python3.8/site-packages/airflow/example_dags/example_complex.py for tasks to queue
[2024-06-23T04:09:03.739+0000] {logging_mixin.py:154} INFO - [2024-06-23T04:09:03.739+0000] {dagbag.py:536} INFO - Filling up the DagBag from /home/airflow/.local/lib/python3.8/site-packages/airflow/example_dags/example_complex.py
[2024-06-23T04:09:03.753+0000] {processor.py:839} INFO - DAG(s) dict_keys(['example_complex']) retrieved from /home/airflow/.local/lib/python3.8/site-packages/airflow/example_dags/example_complex.py
[2024-06-23T04:09:03.781+0000] {logging_mixin.py:154} INFO - [2024-06-23T04:09:03.781+0000] {dag.py:2941} INFO - Sync 1 DAGs
[2024-06-23T04:09:03.791+0000] {logging_mixin.py:154} INFO - [2024-06-23T04:09:03.791+0000] {dag.py:3722} INFO - Setting next_dagrun for example_complex to None, run_after=None
[2024-06-23T04:09:03.805+0000] {processor.py:179} INFO - Processing /home/airflow/.local/lib/python3.8/site-packages/airflow/example_dags/example_complex.py took 0.079 seconds
[2024-06-23T05:49:42.644+0000] {processor.py:157} INFO - Started process (PID=13873) to work on /home/airflow/.local/lib/python3.8/site-packages/airflow/example_dags/example_complex.py
[2024-06-23T05:49:42.645+0000] {processor.py:829} INFO - Processing file /home/airflow/.local/lib/python3.8/site-packages/airflow/example_dags/example_complex.py for tasks to queue
[2024-06-23T05:49:42.646+0000] {logging_mixin.py:154} INFO - [2024-06-23T05:49:42.646+0000] {dagbag.py:536} INFO - Filling up the DagBag from /home/airflow/.local/lib/python3.8/site-packages/airflow/example_dags/example_complex.py
[2024-06-23T05:49:42.655+0000] {processor.py:839} INFO - DAG(s) dict_keys(['example_complex']) retrieved from /home/airflow/.local/lib/python3.8/site-packages/airflow/example_dags/example_complex.py
[2024-06-23T05:49:42.683+0000] {logging_mixin.py:154} INFO - [2024-06-23T05:49:42.683+0000] {dag.py:2941} INFO - Sync 1 DAGs
[2024-06-23T05:49:42.694+0000] {logging_mixin.py:154} INFO - [2024-06-23T05:49:42.694+0000] {dag.py:3722} INFO - Setting next_dagrun for example_complex to None, run_after=None
[2024-06-23T05:49:42.713+0000] {processor.py:179} INFO - Processing /home/airflow/.local/lib/python3.8/site-packages/airflow/example_dags/example_complex.py took 0.073 seconds
[2024-06-23T07:07:58.544+0000] {processor.py:157} INFO - Started process (PID=14128) to work on /home/airflow/.local/lib/python3.8/site-packages/airflow/example_dags/example_complex.py
[2024-06-23T07:07:58.545+0000] {processor.py:829} INFO - Processing file /home/airflow/.local/lib/python3.8/site-packages/airflow/example_dags/example_complex.py for tasks to queue
[2024-06-23T07:07:58.546+0000] {logging_mixin.py:154} INFO - [2024-06-23T07:07:58.546+0000] {dagbag.py:536} INFO - Filling up the DagBag from /home/airflow/.local/lib/python3.8/site-packages/airflow/example_dags/example_complex.py
[2024-06-23T07:07:58.555+0000] {processor.py:839} INFO - DAG(s) dict_keys(['example_complex']) retrieved from /home/airflow/.local/lib/python3.8/site-packages/airflow/example_dags/example_complex.py
[2024-06-23T07:07:58.564+0000] {logging_mixin.py:154} INFO - [2024-06-23T07:07:58.564+0000] {dag.py:2941} INFO - Sync 1 DAGs
[2024-06-23T07:07:58.573+0000] {logging_mixin.py:154} INFO - [2024-06-23T07:07:58.573+0000] {dag.py:3722} INFO - Setting next_dagrun for example_complex to None, run_after=None
[2024-06-23T07:07:58.589+0000] {processor.py:179} INFO - Processing /home/airflow/.local/lib/python3.8/site-packages/airflow/example_dags/example_complex.py took 0.048 seconds
[2024-06-23T07:08:28.666+0000] {processor.py:157} INFO - Started process (PID=14370) to work on /home/airflow/.local/lib/python3.8/site-packages/airflow/example_dags/example_complex.py
[2024-06-23T07:08:28.667+0000] {processor.py:829} INFO - Processing file /home/airflow/.local/lib/python3.8/site-packages/airflow/example_dags/example_complex.py for tasks to queue
[2024-06-23T07:08:28.668+0000] {logging_mixin.py:154} INFO - [2024-06-23T07:08:28.668+0000] {dagbag.py:536} INFO - Filling up the DagBag from /home/airflow/.local/lib/python3.8/site-packages/airflow/example_dags/example_complex.py
[2024-06-23T07:08:28.676+0000] {processor.py:839} INFO - DAG(s) dict_keys(['example_complex']) retrieved from /home/airflow/.local/lib/python3.8/site-packages/airflow/example_dags/example_complex.py
[2024-06-23T07:08:28.705+0000] {logging_mixin.py:154} INFO - [2024-06-23T07:08:28.705+0000] {dag.py:2941} INFO - Sync 1 DAGs
[2024-06-23T07:08:28.714+0000] {logging_mixin.py:154} INFO - [2024-06-23T07:08:28.714+0000] {dag.py:3722} INFO - Setting next_dagrun for example_complex to None, run_after=None
[2024-06-23T07:08:28.723+0000] {processor.py:179} INFO - Processing /home/airflow/.local/lib/python3.8/site-packages/airflow/example_dags/example_complex.py took 0.059 seconds
[2024-06-23T07:08:59.097+0000] {processor.py:157} INFO - Started process (PID=14614) to work on /home/airflow/.local/lib/python3.8/site-packages/airflow/example_dags/example_complex.py
[2024-06-23T07:08:59.099+0000] {processor.py:829} INFO - Processing file /home/airflow/.local/lib/python3.8/site-packages/airflow/example_dags/example_complex.py for tasks to queue
[2024-06-23T07:08:59.100+0000] {logging_mixin.py:154} INFO - [2024-06-23T07:08:59.100+0000] {dagbag.py:536} INFO - Filling up the DagBag from /home/airflow/.local/lib/python3.8/site-packages/airflow/example_dags/example_complex.py
[2024-06-23T07:08:59.108+0000] {processor.py:839} INFO - DAG(s) dict_keys(['example_complex']) retrieved from /home/airflow/.local/lib/python3.8/site-packages/airflow/example_dags/example_complex.py
[2024-06-23T07:08:59.129+0000] {logging_mixin.py:154} INFO - [2024-06-23T07:08:59.128+0000] {dag.py:2941} INFO - Sync 1 DAGs
[2024-06-23T07:08:59.137+0000] {logging_mixin.py:154} INFO - [2024-06-23T07:08:59.137+0000] {dag.py:3722} INFO - Setting next_dagrun for example_complex to None, run_after=None
[2024-06-23T07:08:59.147+0000] {processor.py:179} INFO - Processing /home/airflow/.local/lib/python3.8/site-packages/airflow/example_dags/example_complex.py took 0.053 seconds
[2024-06-23T07:09:29.281+0000] {processor.py:157} INFO - Started process (PID=14858) to work on /home/airflow/.local/lib/python3.8/site-packages/airflow/example_dags/example_complex.py
[2024-06-23T07:09:29.281+0000] {processor.py:829} INFO - Processing file /home/airflow/.local/lib/python3.8/site-packages/airflow/example_dags/example_complex.py for tasks to queue
[2024-06-23T07:09:29.282+0000] {logging_mixin.py:154} INFO - [2024-06-23T07:09:29.282+0000] {dagbag.py:536} INFO - Filling up the DagBag from /home/airflow/.local/lib/python3.8/site-packages/airflow/example_dags/example_complex.py
[2024-06-23T07:09:29.288+0000] {processor.py:839} INFO - DAG(s) dict_keys(['example_complex']) retrieved from /home/airflow/.local/lib/python3.8/site-packages/airflow/example_dags/example_complex.py
[2024-06-23T07:09:29.303+0000] {logging_mixin.py:154} INFO - [2024-06-23T07:09:29.303+0000] {dag.py:2941} INFO - Sync 1 DAGs
[2024-06-23T07:09:29.313+0000] {logging_mixin.py:154} INFO - [2024-06-23T07:09:29.313+0000] {dag.py:3722} INFO - Setting next_dagrun for example_complex to None, run_after=None
[2024-06-23T07:09:29.346+0000] {processor.py:179} INFO - Processing /home/airflow/.local/lib/python3.8/site-packages/airflow/example_dags/example_complex.py took 0.067 seconds
[2024-06-23T07:10:00.317+0000] {processor.py:157} INFO - Started process (PID=15102) to work on /home/airflow/.local/lib/python3.8/site-packages/airflow/example_dags/example_complex.py
[2024-06-23T07:10:00.319+0000] {processor.py:829} INFO - Processing file /home/airflow/.local/lib/python3.8/site-packages/airflow/example_dags/example_complex.py for tasks to queue
[2024-06-23T07:10:00.321+0000] {logging_mixin.py:154} INFO - [2024-06-23T07:10:00.320+0000] {dagbag.py:536} INFO - Filling up the DagBag from /home/airflow/.local/lib/python3.8/site-packages/airflow/example_dags/example_complex.py
[2024-06-23T07:10:00.328+0000] {processor.py:839} INFO - DAG(s) dict_keys(['example_complex']) retrieved from /home/airflow/.local/lib/python3.8/site-packages/airflow/example_dags/example_complex.py
[2024-06-23T07:10:00.349+0000] {logging_mixin.py:154} INFO - [2024-06-23T07:10:00.349+0000] {dag.py:2941} INFO - Sync 1 DAGs
[2024-06-23T07:10:00.356+0000] {logging_mixin.py:154} INFO - [2024-06-23T07:10:00.356+0000] {dag.py:3722} INFO - Setting next_dagrun for example_complex to None, run_after=None
[2024-06-23T07:10:00.367+0000] {processor.py:179} INFO - Processing /home/airflow/.local/lib/python3.8/site-packages/airflow/example_dags/example_complex.py took 0.053 seconds
[2024-06-23T07:10:31.230+0000] {processor.py:157} INFO - Started process (PID=15345) to work on /home/airflow/.local/lib/python3.8/site-packages/airflow/example_dags/example_complex.py
[2024-06-23T07:10:31.231+0000] {processor.py:829} INFO - Processing file /home/airflow/.local/lib/python3.8/site-packages/airflow/example_dags/example_complex.py for tasks to queue
[2024-06-23T07:10:31.231+0000] {logging_mixin.py:154} INFO - [2024-06-23T07:10:31.231+0000] {dagbag.py:536} INFO - Filling up the DagBag from /home/airflow/.local/lib/python3.8/site-packages/airflow/example_dags/example_complex.py
[2024-06-23T07:10:31.239+0000] {processor.py:839} INFO - DAG(s) dict_keys(['example_complex']) retrieved from /home/airflow/.local/lib/python3.8/site-packages/airflow/example_dags/example_complex.py
[2024-06-23T07:10:31.259+0000] {logging_mixin.py:154} INFO - [2024-06-23T07:10:31.259+0000] {dag.py:2941} INFO - Sync 1 DAGs
[2024-06-23T07:10:31.268+0000] {logging_mixin.py:154} INFO - [2024-06-23T07:10:31.268+0000] {dag.py:3722} INFO - Setting next_dagrun for example_complex to None, run_after=None
[2024-06-23T07:10:31.285+0000] {processor.py:179} INFO - Processing /home/airflow/.local/lib/python3.8/site-packages/airflow/example_dags/example_complex.py took 0.057 seconds
[2024-06-23T07:11:01.316+0000] {processor.py:157} INFO - Started process (PID=15584) to work on /home/airflow/.local/lib/python3.8/site-packages/airflow/example_dags/example_complex.py
[2024-06-23T07:11:01.317+0000] {processor.py:829} INFO - Processing file /home/airflow/.local/lib/python3.8/site-packages/airflow/example_dags/example_complex.py for tasks to queue
[2024-06-23T07:11:01.319+0000] {logging_mixin.py:154} INFO - [2024-06-23T07:11:01.318+0000] {dagbag.py:536} INFO - Filling up the DagBag from /home/airflow/.local/lib/python3.8/site-packages/airflow/example_dags/example_complex.py
[2024-06-23T07:11:01.329+0000] {processor.py:839} INFO - DAG(s) dict_keys(['example_complex']) retrieved from /home/airflow/.local/lib/python3.8/site-packages/airflow/example_dags/example_complex.py
[2024-06-23T07:11:01.355+0000] {logging_mixin.py:154} INFO - [2024-06-23T07:11:01.355+0000] {dag.py:2941} INFO - Sync 1 DAGs
[2024-06-23T07:11:01.366+0000] {logging_mixin.py:154} INFO - [2024-06-23T07:11:01.366+0000] {dag.py:3722} INFO - Setting next_dagrun for example_complex to None, run_after=None
[2024-06-23T07:11:01.379+0000] {processor.py:179} INFO - Processing /home/airflow/.local/lib/python3.8/site-packages/airflow/example_dags/example_complex.py took 0.066 seconds
[2024-06-23T07:11:31.429+0000] {processor.py:157} INFO - Started process (PID=15828) to work on /home/airflow/.local/lib/python3.8/site-packages/airflow/example_dags/example_complex.py
[2024-06-23T07:11:31.430+0000] {processor.py:829} INFO - Processing file /home/airflow/.local/lib/python3.8/site-packages/airflow/example_dags/example_complex.py for tasks to queue
[2024-06-23T07:11:31.431+0000] {logging_mixin.py:154} INFO - [2024-06-23T07:11:31.431+0000] {dagbag.py:536} INFO - Filling up the DagBag from /home/airflow/.local/lib/python3.8/site-packages/airflow/example_dags/example_complex.py
[2024-06-23T07:11:31.436+0000] {processor.py:839} INFO - DAG(s) dict_keys(['example_complex']) retrieved from /home/airflow/.local/lib/python3.8/site-packages/airflow/example_dags/example_complex.py
[2024-06-23T07:11:31.455+0000] {logging_mixin.py:154} INFO - [2024-06-23T07:11:31.455+0000] {dag.py:2941} INFO - Sync 1 DAGs
[2024-06-23T07:11:31.461+0000] {logging_mixin.py:154} INFO - [2024-06-23T07:11:31.461+0000] {dag.py:3722} INFO - Setting next_dagrun for example_complex to None, run_after=None
[2024-06-23T07:11:31.471+0000] {processor.py:179} INFO - Processing /home/airflow/.local/lib/python3.8/site-packages/airflow/example_dags/example_complex.py took 0.043 seconds
[2024-06-23T07:12:01.765+0000] {processor.py:157} INFO - Started process (PID=16072) to work on /home/airflow/.local/lib/python3.8/site-packages/airflow/example_dags/example_complex.py
[2024-06-23T07:12:01.766+0000] {processor.py:829} INFO - Processing file /home/airflow/.local/lib/python3.8/site-packages/airflow/example_dags/example_complex.py for tasks to queue
[2024-06-23T07:12:01.767+0000] {logging_mixin.py:154} INFO - [2024-06-23T07:12:01.767+0000] {dagbag.py:536} INFO - Filling up the DagBag from /home/airflow/.local/lib/python3.8/site-packages/airflow/example_dags/example_complex.py
[2024-06-23T07:12:01.773+0000] {processor.py:839} INFO - DAG(s) dict_keys(['example_complex']) retrieved from /home/airflow/.local/lib/python3.8/site-packages/airflow/example_dags/example_complex.py
[2024-06-23T07:12:01.791+0000] {logging_mixin.py:154} INFO - [2024-06-23T07:12:01.791+0000] {dag.py:2941} INFO - Sync 1 DAGs
[2024-06-23T07:12:01.799+0000] {logging_mixin.py:154} INFO - [2024-06-23T07:12:01.799+0000] {dag.py:3722} INFO - Setting next_dagrun for example_complex to None, run_after=None
[2024-06-23T07:12:01.814+0000] {processor.py:179} INFO - Processing /home/airflow/.local/lib/python3.8/site-packages/airflow/example_dags/example_complex.py took 0.051 seconds
[2024-06-23T07:12:32.503+0000] {processor.py:157} INFO - Started process (PID=16316) to work on /home/airflow/.local/lib/python3.8/site-packages/airflow/example_dags/example_complex.py
[2024-06-23T07:12:32.504+0000] {processor.py:829} INFO - Processing file /home/airflow/.local/lib/python3.8/site-packages/airflow/example_dags/example_complex.py for tasks to queue
[2024-06-23T07:12:32.505+0000] {logging_mixin.py:154} INFO - [2024-06-23T07:12:32.505+0000] {dagbag.py:536} INFO - Filling up the DagBag from /home/airflow/.local/lib/python3.8/site-packages/airflow/example_dags/example_complex.py
[2024-06-23T07:12:32.511+0000] {processor.py:839} INFO - DAG(s) dict_keys(['example_complex']) retrieved from /home/airflow/.local/lib/python3.8/site-packages/airflow/example_dags/example_complex.py
[2024-06-23T07:12:32.525+0000] {logging_mixin.py:154} INFO - [2024-06-23T07:12:32.525+0000] {dag.py:2941} INFO - Sync 1 DAGs
[2024-06-23T07:12:32.531+0000] {logging_mixin.py:154} INFO - [2024-06-23T07:12:32.531+0000] {dag.py:3722} INFO - Setting next_dagrun for example_complex to None, run_after=None
[2024-06-23T07:12:32.540+0000] {processor.py:179} INFO - Processing /home/airflow/.local/lib/python3.8/site-packages/airflow/example_dags/example_complex.py took 0.039 seconds
[2024-06-23T07:13:02.796+0000] {processor.py:157} INFO - Started process (PID=16560) to work on /home/airflow/.local/lib/python3.8/site-packages/airflow/example_dags/example_complex.py
[2024-06-23T07:13:02.797+0000] {processor.py:829} INFO - Processing file /home/airflow/.local/lib/python3.8/site-packages/airflow/example_dags/example_complex.py for tasks to queue
[2024-06-23T07:13:02.798+0000] {logging_mixin.py:154} INFO - [2024-06-23T07:13:02.797+0000] {dagbag.py:536} INFO - Filling up the DagBag from /home/airflow/.local/lib/python3.8/site-packages/airflow/example_dags/example_complex.py
[2024-06-23T07:13:02.805+0000] {processor.py:839} INFO - DAG(s) dict_keys(['example_complex']) retrieved from /home/airflow/.local/lib/python3.8/site-packages/airflow/example_dags/example_complex.py
[2024-06-23T07:13:02.825+0000] {logging_mixin.py:154} INFO - [2024-06-23T07:13:02.825+0000] {dag.py:2941} INFO - Sync 1 DAGs
[2024-06-23T07:13:02.832+0000] {logging_mixin.py:154} INFO - [2024-06-23T07:13:02.832+0000] {dag.py:3722} INFO - Setting next_dagrun for example_complex to None, run_after=None
[2024-06-23T07:13:02.845+0000] {processor.py:179} INFO - Processing /home/airflow/.local/lib/python3.8/site-packages/airflow/example_dags/example_complex.py took 0.051 seconds
[2024-06-23T07:13:33.444+0000] {processor.py:157} INFO - Started process (PID=16811) to work on /home/airflow/.local/lib/python3.8/site-packages/airflow/example_dags/example_complex.py
[2024-06-23T07:13:33.445+0000] {processor.py:829} INFO - Processing file /home/airflow/.local/lib/python3.8/site-packages/airflow/example_dags/example_complex.py for tasks to queue
[2024-06-23T07:13:33.446+0000] {logging_mixin.py:154} INFO - [2024-06-23T07:13:33.445+0000] {dagbag.py:536} INFO - Filling up the DagBag from /home/airflow/.local/lib/python3.8/site-packages/airflow/example_dags/example_complex.py
[2024-06-23T07:13:33.453+0000] {processor.py:839} INFO - DAG(s) dict_keys(['example_complex']) retrieved from /home/airflow/.local/lib/python3.8/site-packages/airflow/example_dags/example_complex.py
[2024-06-23T07:13:33.470+0000] {logging_mixin.py:154} INFO - [2024-06-23T07:13:33.469+0000] {dag.py:2941} INFO - Sync 1 DAGs
[2024-06-23T07:13:33.477+0000] {logging_mixin.py:154} INFO - [2024-06-23T07:13:33.477+0000] {dag.py:3722} INFO - Setting next_dagrun for example_complex to None, run_after=None
[2024-06-23T07:13:33.486+0000] {processor.py:179} INFO - Processing /home/airflow/.local/lib/python3.8/site-packages/airflow/example_dags/example_complex.py took 0.044 seconds
[2024-06-23T07:14:03.676+0000] {processor.py:157} INFO - Started process (PID=17055) to work on /home/airflow/.local/lib/python3.8/site-packages/airflow/example_dags/example_complex.py
[2024-06-23T07:14:03.677+0000] {processor.py:829} INFO - Processing file /home/airflow/.local/lib/python3.8/site-packages/airflow/example_dags/example_complex.py for tasks to queue
[2024-06-23T07:14:03.678+0000] {logging_mixin.py:154} INFO - [2024-06-23T07:14:03.678+0000] {dagbag.py:536} INFO - Filling up the DagBag from /home/airflow/.local/lib/python3.8/site-packages/airflow/example_dags/example_complex.py
[2024-06-23T07:14:03.684+0000] {processor.py:839} INFO - DAG(s) dict_keys(['example_complex']) retrieved from /home/airflow/.local/lib/python3.8/site-packages/airflow/example_dags/example_complex.py
[2024-06-23T07:14:03.702+0000] {logging_mixin.py:154} INFO - [2024-06-23T07:14:03.701+0000] {dag.py:2941} INFO - Sync 1 DAGs
[2024-06-23T07:14:03.708+0000] {logging_mixin.py:154} INFO - [2024-06-23T07:14:03.708+0000] {dag.py:3722} INFO - Setting next_dagrun for example_complex to None, run_after=None
[2024-06-23T07:14:03.718+0000] {processor.py:179} INFO - Processing /home/airflow/.local/lib/python3.8/site-packages/airflow/example_dags/example_complex.py took 0.044 seconds
[2024-06-23T07:14:33.956+0000] {processor.py:157} INFO - Started process (PID=17299) to work on /home/airflow/.local/lib/python3.8/site-packages/airflow/example_dags/example_complex.py
[2024-06-23T07:14:33.958+0000] {processor.py:829} INFO - Processing file /home/airflow/.local/lib/python3.8/site-packages/airflow/example_dags/example_complex.py for tasks to queue
[2024-06-23T07:14:33.959+0000] {logging_mixin.py:154} INFO - [2024-06-23T07:14:33.959+0000] {dagbag.py:536} INFO - Filling up the DagBag from /home/airflow/.local/lib/python3.8/site-packages/airflow/example_dags/example_complex.py
[2024-06-23T07:14:33.968+0000] {processor.py:839} INFO - DAG(s) dict_keys(['example_complex']) retrieved from /home/airflow/.local/lib/python3.8/site-packages/airflow/example_dags/example_complex.py
[2024-06-23T07:14:33.990+0000] {logging_mixin.py:154} INFO - [2024-06-23T07:14:33.990+0000] {dag.py:2941} INFO - Sync 1 DAGs
[2024-06-23T07:14:33.996+0000] {logging_mixin.py:154} INFO - [2024-06-23T07:14:33.996+0000] {dag.py:3722} INFO - Setting next_dagrun for example_complex to None, run_after=None
[2024-06-23T07:14:34.005+0000] {processor.py:179} INFO - Processing /home/airflow/.local/lib/python3.8/site-packages/airflow/example_dags/example_complex.py took 0.052 seconds
[2024-06-23T07:15:04.667+0000] {processor.py:157} INFO - Started process (PID=17543) to work on /home/airflow/.local/lib/python3.8/site-packages/airflow/example_dags/example_complex.py
[2024-06-23T07:15:04.668+0000] {processor.py:829} INFO - Processing file /home/airflow/.local/lib/python3.8/site-packages/airflow/example_dags/example_complex.py for tasks to queue
[2024-06-23T07:15:04.668+0000] {logging_mixin.py:154} INFO - [2024-06-23T07:15:04.668+0000] {dagbag.py:536} INFO - Filling up the DagBag from /home/airflow/.local/lib/python3.8/site-packages/airflow/example_dags/example_complex.py
[2024-06-23T07:15:04.674+0000] {processor.py:839} INFO - DAG(s) dict_keys(['example_complex']) retrieved from /home/airflow/.local/lib/python3.8/site-packages/airflow/example_dags/example_complex.py
[2024-06-23T07:15:04.692+0000] {logging_mixin.py:154} INFO - [2024-06-23T07:15:04.691+0000] {dag.py:2941} INFO - Sync 1 DAGs
[2024-06-23T07:15:04.699+0000] {logging_mixin.py:154} INFO - [2024-06-23T07:15:04.699+0000] {dag.py:3722} INFO - Setting next_dagrun for example_complex to None, run_after=None
[2024-06-23T07:15:04.709+0000] {processor.py:179} INFO - Processing /home/airflow/.local/lib/python3.8/site-packages/airflow/example_dags/example_complex.py took 0.044 seconds
[2024-06-23T07:15:34.809+0000] {processor.py:157} INFO - Started process (PID=17787) to work on /home/airflow/.local/lib/python3.8/site-packages/airflow/example_dags/example_complex.py
[2024-06-23T07:15:34.811+0000] {processor.py:829} INFO - Processing file /home/airflow/.local/lib/python3.8/site-packages/airflow/example_dags/example_complex.py for tasks to queue
[2024-06-23T07:15:34.811+0000] {logging_mixin.py:154} INFO - [2024-06-23T07:15:34.811+0000] {dagbag.py:536} INFO - Filling up the DagBag from /home/airflow/.local/lib/python3.8/site-packages/airflow/example_dags/example_complex.py
[2024-06-23T07:15:34.819+0000] {processor.py:839} INFO - DAG(s) dict_keys(['example_complex']) retrieved from /home/airflow/.local/lib/python3.8/site-packages/airflow/example_dags/example_complex.py
[2024-06-23T07:15:34.834+0000] {logging_mixin.py:154} INFO - [2024-06-23T07:15:34.834+0000] {dag.py:2941} INFO - Sync 1 DAGs
[2024-06-23T07:15:34.841+0000] {logging_mixin.py:154} INFO - [2024-06-23T07:15:34.840+0000] {dag.py:3722} INFO - Setting next_dagrun for example_complex to None, run_after=None
[2024-06-23T07:15:34.848+0000] {processor.py:179} INFO - Processing /home/airflow/.local/lib/python3.8/site-packages/airflow/example_dags/example_complex.py took 0.041 seconds
[2024-06-23T07:16:05.213+0000] {processor.py:157} INFO - Started process (PID=18031) to work on /home/airflow/.local/lib/python3.8/site-packages/airflow/example_dags/example_complex.py
[2024-06-23T07:16:05.214+0000] {processor.py:829} INFO - Processing file /home/airflow/.local/lib/python3.8/site-packages/airflow/example_dags/example_complex.py for tasks to queue
[2024-06-23T07:16:05.215+0000] {logging_mixin.py:154} INFO - [2024-06-23T07:16:05.215+0000] {dagbag.py:536} INFO - Filling up the DagBag from /home/airflow/.local/lib/python3.8/site-packages/airflow/example_dags/example_complex.py
[2024-06-23T07:16:05.224+0000] {processor.py:839} INFO - DAG(s) dict_keys(['example_complex']) retrieved from /home/airflow/.local/lib/python3.8/site-packages/airflow/example_dags/example_complex.py
[2024-06-23T07:16:05.262+0000] {logging_mixin.py:154} INFO - [2024-06-23T07:16:05.261+0000] {dag.py:2941} INFO - Sync 1 DAGs
[2024-06-23T07:16:05.271+0000] {logging_mixin.py:154} INFO - [2024-06-23T07:16:05.271+0000] {dag.py:3722} INFO - Setting next_dagrun for example_complex to None, run_after=None
[2024-06-23T07:16:05.291+0000] {processor.py:179} INFO - Processing /home/airflow/.local/lib/python3.8/site-packages/airflow/example_dags/example_complex.py took 0.082 seconds
[2024-06-23T07:16:35.592+0000] {processor.py:157} INFO - Started process (PID=18275) to work on /home/airflow/.local/lib/python3.8/site-packages/airflow/example_dags/example_complex.py
[2024-06-23T07:16:35.593+0000] {processor.py:829} INFO - Processing file /home/airflow/.local/lib/python3.8/site-packages/airflow/example_dags/example_complex.py for tasks to queue
[2024-06-23T07:16:35.594+0000] {logging_mixin.py:154} INFO - [2024-06-23T07:16:35.593+0000] {dagbag.py:536} INFO - Filling up the DagBag from /home/airflow/.local/lib/python3.8/site-packages/airflow/example_dags/example_complex.py
[2024-06-23T07:16:35.600+0000] {processor.py:839} INFO - DAG(s) dict_keys(['example_complex']) retrieved from /home/airflow/.local/lib/python3.8/site-packages/airflow/example_dags/example_complex.py
[2024-06-23T07:16:35.617+0000] {logging_mixin.py:154} INFO - [2024-06-23T07:16:35.617+0000] {dag.py:2941} INFO - Sync 1 DAGs
[2024-06-23T07:16:35.624+0000] {logging_mixin.py:154} INFO - [2024-06-23T07:16:35.624+0000] {dag.py:3722} INFO - Setting next_dagrun for example_complex to None, run_after=None
[2024-06-23T07:16:35.634+0000] {processor.py:179} INFO - Processing /home/airflow/.local/lib/python3.8/site-packages/airflow/example_dags/example_complex.py took 0.044 seconds
[2024-06-23T07:17:05.946+0000] {processor.py:157} INFO - Started process (PID=18519) to work on /home/airflow/.local/lib/python3.8/site-packages/airflow/example_dags/example_complex.py
[2024-06-23T07:17:05.947+0000] {processor.py:829} INFO - Processing file /home/airflow/.local/lib/python3.8/site-packages/airflow/example_dags/example_complex.py for tasks to queue
[2024-06-23T07:17:05.947+0000] {logging_mixin.py:154} INFO - [2024-06-23T07:17:05.947+0000] {dagbag.py:536} INFO - Filling up the DagBag from /home/airflow/.local/lib/python3.8/site-packages/airflow/example_dags/example_complex.py
[2024-06-23T07:17:05.954+0000] {processor.py:839} INFO - DAG(s) dict_keys(['example_complex']) retrieved from /home/airflow/.local/lib/python3.8/site-packages/airflow/example_dags/example_complex.py
[2024-06-23T07:17:05.974+0000] {logging_mixin.py:154} INFO - [2024-06-23T07:17:05.974+0000] {dag.py:2941} INFO - Sync 1 DAGs
[2024-06-23T07:17:05.983+0000] {logging_mixin.py:154} INFO - [2024-06-23T07:17:05.983+0000] {dag.py:3722} INFO - Setting next_dagrun for example_complex to None, run_after=None
[2024-06-23T07:17:05.997+0000] {processor.py:179} INFO - Processing /home/airflow/.local/lib/python3.8/site-packages/airflow/example_dags/example_complex.py took 0.053 seconds
[2024-06-23T07:17:36.491+0000] {processor.py:157} INFO - Started process (PID=18763) to work on /home/airflow/.local/lib/python3.8/site-packages/airflow/example_dags/example_complex.py
[2024-06-23T07:17:36.492+0000] {processor.py:829} INFO - Processing file /home/airflow/.local/lib/python3.8/site-packages/airflow/example_dags/example_complex.py for tasks to queue
[2024-06-23T07:17:36.492+0000] {logging_mixin.py:154} INFO - [2024-06-23T07:17:36.492+0000] {dagbag.py:536} INFO - Filling up the DagBag from /home/airflow/.local/lib/python3.8/site-packages/airflow/example_dags/example_complex.py
[2024-06-23T07:17:36.499+0000] {processor.py:839} INFO - DAG(s) dict_keys(['example_complex']) retrieved from /home/airflow/.local/lib/python3.8/site-packages/airflow/example_dags/example_complex.py
[2024-06-23T07:17:36.516+0000] {logging_mixin.py:154} INFO - [2024-06-23T07:17:36.516+0000] {dag.py:2941} INFO - Sync 1 DAGs
[2024-06-23T07:17:36.522+0000] {logging_mixin.py:154} INFO - [2024-06-23T07:17:36.522+0000] {dag.py:3722} INFO - Setting next_dagrun for example_complex to None, run_after=None
[2024-06-23T07:17:36.530+0000] {processor.py:179} INFO - Processing /home/airflow/.local/lib/python3.8/site-packages/airflow/example_dags/example_complex.py took 0.042 seconds
[2024-06-23T07:18:06.692+0000] {processor.py:157} INFO - Started process (PID=19007) to work on /home/airflow/.local/lib/python3.8/site-packages/airflow/example_dags/example_complex.py
[2024-06-23T07:18:06.693+0000] {processor.py:829} INFO - Processing file /home/airflow/.local/lib/python3.8/site-packages/airflow/example_dags/example_complex.py for tasks to queue
[2024-06-23T07:18:06.694+0000] {logging_mixin.py:154} INFO - [2024-06-23T07:18:06.693+0000] {dagbag.py:536} INFO - Filling up the DagBag from /home/airflow/.local/lib/python3.8/site-packages/airflow/example_dags/example_complex.py
[2024-06-23T07:18:06.700+0000] {processor.py:839} INFO - DAG(s) dict_keys(['example_complex']) retrieved from /home/airflow/.local/lib/python3.8/site-packages/airflow/example_dags/example_complex.py
[2024-06-23T07:18:06.717+0000] {logging_mixin.py:154} INFO - [2024-06-23T07:18:06.717+0000] {dag.py:2941} INFO - Sync 1 DAGs
[2024-06-23T07:18:06.724+0000] {logging_mixin.py:154} INFO - [2024-06-23T07:18:06.724+0000] {dag.py:3722} INFO - Setting next_dagrun for example_complex to None, run_after=None
[2024-06-23T07:18:06.733+0000] {processor.py:179} INFO - Processing /home/airflow/.local/lib/python3.8/site-packages/airflow/example_dags/example_complex.py took 0.044 seconds
[2024-06-23T07:18:36.912+0000] {processor.py:157} INFO - Started process (PID=19251) to work on /home/airflow/.local/lib/python3.8/site-packages/airflow/example_dags/example_complex.py
[2024-06-23T07:18:36.914+0000] {processor.py:829} INFO - Processing file /home/airflow/.local/lib/python3.8/site-packages/airflow/example_dags/example_complex.py for tasks to queue
[2024-06-23T07:18:36.915+0000] {logging_mixin.py:154} INFO - [2024-06-23T07:18:36.915+0000] {dagbag.py:536} INFO - Filling up the DagBag from /home/airflow/.local/lib/python3.8/site-packages/airflow/example_dags/example_complex.py
[2024-06-23T07:18:36.923+0000] {processor.py:839} INFO - DAG(s) dict_keys(['example_complex']) retrieved from /home/airflow/.local/lib/python3.8/site-packages/airflow/example_dags/example_complex.py
[2024-06-23T07:18:36.941+0000] {logging_mixin.py:154} INFO - [2024-06-23T07:18:36.941+0000] {dag.py:2941} INFO - Sync 1 DAGs
[2024-06-23T07:18:36.947+0000] {logging_mixin.py:154} INFO - [2024-06-23T07:18:36.947+0000] {dag.py:3722} INFO - Setting next_dagrun for example_complex to None, run_after=None
[2024-06-23T07:18:36.957+0000] {processor.py:179} INFO - Processing /home/airflow/.local/lib/python3.8/site-packages/airflow/example_dags/example_complex.py took 0.047 seconds
[2024-06-23T07:19:07.050+0000] {processor.py:157} INFO - Started process (PID=19494) to work on /home/airflow/.local/lib/python3.8/site-packages/airflow/example_dags/example_complex.py
[2024-06-23T07:19:07.052+0000] {processor.py:829} INFO - Processing file /home/airflow/.local/lib/python3.8/site-packages/airflow/example_dags/example_complex.py for tasks to queue
[2024-06-23T07:19:07.052+0000] {logging_mixin.py:154} INFO - [2024-06-23T07:19:07.052+0000] {dagbag.py:536} INFO - Filling up the DagBag from /home/airflow/.local/lib/python3.8/site-packages/airflow/example_dags/example_complex.py
[2024-06-23T07:19:07.058+0000] {processor.py:839} INFO - DAG(s) dict_keys(['example_complex']) retrieved from /home/airflow/.local/lib/python3.8/site-packages/airflow/example_dags/example_complex.py
[2024-06-23T07:19:07.072+0000] {logging_mixin.py:154} INFO - [2024-06-23T07:19:07.072+0000] {dag.py:2941} INFO - Sync 1 DAGs
[2024-06-23T07:19:07.077+0000] {logging_mixin.py:154} INFO - [2024-06-23T07:19:07.077+0000] {dag.py:3722} INFO - Setting next_dagrun for example_complex to None, run_after=None
[2024-06-23T07:19:07.085+0000] {processor.py:179} INFO - Processing /home/airflow/.local/lib/python3.8/site-packages/airflow/example_dags/example_complex.py took 0.037 seconds
[2024-06-23T07:19:37.473+0000] {processor.py:157} INFO - Started process (PID=19738) to work on /home/airflow/.local/lib/python3.8/site-packages/airflow/example_dags/example_complex.py
[2024-06-23T07:19:37.474+0000] {processor.py:829} INFO - Processing file /home/airflow/.local/lib/python3.8/site-packages/airflow/example_dags/example_complex.py for tasks to queue
[2024-06-23T07:19:37.475+0000] {logging_mixin.py:154} INFO - [2024-06-23T07:19:37.474+0000] {dagbag.py:536} INFO - Filling up the DagBag from /home/airflow/.local/lib/python3.8/site-packages/airflow/example_dags/example_complex.py
[2024-06-23T07:19:37.481+0000] {processor.py:839} INFO - DAG(s) dict_keys(['example_complex']) retrieved from /home/airflow/.local/lib/python3.8/site-packages/airflow/example_dags/example_complex.py
[2024-06-23T07:19:37.499+0000] {logging_mixin.py:154} INFO - [2024-06-23T07:19:37.499+0000] {dag.py:2941} INFO - Sync 1 DAGs
[2024-06-23T07:19:37.507+0000] {logging_mixin.py:154} INFO - [2024-06-23T07:19:37.506+0000] {dag.py:3722} INFO - Setting next_dagrun for example_complex to None, run_after=None
[2024-06-23T07:19:37.517+0000] {processor.py:179} INFO - Processing /home/airflow/.local/lib/python3.8/site-packages/airflow/example_dags/example_complex.py took 0.046 seconds
[2024-06-23T07:20:07.815+0000] {processor.py:157} INFO - Started process (PID=19981) to work on /home/airflow/.local/lib/python3.8/site-packages/airflow/example_dags/example_complex.py
[2024-06-23T07:20:07.815+0000] {processor.py:829} INFO - Processing file /home/airflow/.local/lib/python3.8/site-packages/airflow/example_dags/example_complex.py for tasks to queue
[2024-06-23T07:20:07.816+0000] {logging_mixin.py:154} INFO - [2024-06-23T07:20:07.816+0000] {dagbag.py:536} INFO - Filling up the DagBag from /home/airflow/.local/lib/python3.8/site-packages/airflow/example_dags/example_complex.py
[2024-06-23T07:20:07.821+0000] {processor.py:839} INFO - DAG(s) dict_keys(['example_complex']) retrieved from /home/airflow/.local/lib/python3.8/site-packages/airflow/example_dags/example_complex.py
[2024-06-23T07:20:07.837+0000] {logging_mixin.py:154} INFO - [2024-06-23T07:20:07.837+0000] {dag.py:2941} INFO - Sync 1 DAGs
[2024-06-23T07:20:07.842+0000] {logging_mixin.py:154} INFO - [2024-06-23T07:20:07.842+0000] {dag.py:3722} INFO - Setting next_dagrun for example_complex to None, run_after=None
[2024-06-23T07:20:07.850+0000] {processor.py:179} INFO - Processing /home/airflow/.local/lib/python3.8/site-packages/airflow/example_dags/example_complex.py took 0.037 seconds
[2024-06-23T07:20:38.630+0000] {processor.py:157} INFO - Started process (PID=20224) to work on /home/airflow/.local/lib/python3.8/site-packages/airflow/example_dags/example_complex.py
[2024-06-23T07:20:38.631+0000] {processor.py:829} INFO - Processing file /home/airflow/.local/lib/python3.8/site-packages/airflow/example_dags/example_complex.py for tasks to queue
[2024-06-23T07:20:38.631+0000] {logging_mixin.py:154} INFO - [2024-06-23T07:20:38.631+0000] {dagbag.py:536} INFO - Filling up the DagBag from /home/airflow/.local/lib/python3.8/site-packages/airflow/example_dags/example_complex.py
[2024-06-23T07:20:38.640+0000] {processor.py:839} INFO - DAG(s) dict_keys(['example_complex']) retrieved from /home/airflow/.local/lib/python3.8/site-packages/airflow/example_dags/example_complex.py
[2024-06-23T07:20:38.656+0000] {logging_mixin.py:154} INFO - [2024-06-23T07:20:38.655+0000] {dag.py:2941} INFO - Sync 1 DAGs
[2024-06-23T07:20:38.663+0000] {logging_mixin.py:154} INFO - [2024-06-23T07:20:38.663+0000] {dag.py:3722} INFO - Setting next_dagrun for example_complex to None, run_after=None
[2024-06-23T07:20:38.671+0000] {processor.py:179} INFO - Processing /home/airflow/.local/lib/python3.8/site-packages/airflow/example_dags/example_complex.py took 0.044 seconds
[2024-06-23T07:21:09.618+0000] {processor.py:157} INFO - Started process (PID=20468) to work on /home/airflow/.local/lib/python3.8/site-packages/airflow/example_dags/example_complex.py
[2024-06-23T07:21:09.620+0000] {processor.py:829} INFO - Processing file /home/airflow/.local/lib/python3.8/site-packages/airflow/example_dags/example_complex.py for tasks to queue
[2024-06-23T07:21:09.625+0000] {logging_mixin.py:154} INFO - [2024-06-23T07:21:09.625+0000] {dagbag.py:536} INFO - Filling up the DagBag from /home/airflow/.local/lib/python3.8/site-packages/airflow/example_dags/example_complex.py
[2024-06-23T07:21:09.641+0000] {processor.py:839} INFO - DAG(s) dict_keys(['example_complex']) retrieved from /home/airflow/.local/lib/python3.8/site-packages/airflow/example_dags/example_complex.py
[2024-06-23T07:21:09.668+0000] {logging_mixin.py:154} INFO - [2024-06-23T07:21:09.668+0000] {dag.py:2941} INFO - Sync 1 DAGs
[2024-06-23T07:21:09.680+0000] {logging_mixin.py:154} INFO - [2024-06-23T07:21:09.680+0000] {dag.py:3722} INFO - Setting next_dagrun for example_complex to None, run_after=None
[2024-06-23T07:21:09.698+0000] {processor.py:179} INFO - Processing /home/airflow/.local/lib/python3.8/site-packages/airflow/example_dags/example_complex.py took 0.083 seconds
[2024-06-23T07:21:39.906+0000] {processor.py:157} INFO - Started process (PID=20712) to work on /home/airflow/.local/lib/python3.8/site-packages/airflow/example_dags/example_complex.py
[2024-06-23T07:21:39.907+0000] {processor.py:829} INFO - Processing file /home/airflow/.local/lib/python3.8/site-packages/airflow/example_dags/example_complex.py for tasks to queue
[2024-06-23T07:21:39.908+0000] {logging_mixin.py:154} INFO - [2024-06-23T07:21:39.908+0000] {dagbag.py:536} INFO - Filling up the DagBag from /home/airflow/.local/lib/python3.8/site-packages/airflow/example_dags/example_complex.py
[2024-06-23T07:21:39.914+0000] {processor.py:839} INFO - DAG(s) dict_keys(['example_complex']) retrieved from /home/airflow/.local/lib/python3.8/site-packages/airflow/example_dags/example_complex.py
[2024-06-23T07:21:39.930+0000] {logging_mixin.py:154} INFO - [2024-06-23T07:21:39.929+0000] {dag.py:2941} INFO - Sync 1 DAGs
[2024-06-23T07:21:39.936+0000] {logging_mixin.py:154} INFO - [2024-06-23T07:21:39.936+0000] {dag.py:3722} INFO - Setting next_dagrun for example_complex to None, run_after=None
[2024-06-23T07:21:39.944+0000] {processor.py:179} INFO - Processing /home/airflow/.local/lib/python3.8/site-packages/airflow/example_dags/example_complex.py took 0.040 seconds
[2024-06-23T07:22:10.798+0000] {processor.py:157} INFO - Started process (PID=20956) to work on /home/airflow/.local/lib/python3.8/site-packages/airflow/example_dags/example_complex.py
[2024-06-23T07:22:10.798+0000] {processor.py:829} INFO - Processing file /home/airflow/.local/lib/python3.8/site-packages/airflow/example_dags/example_complex.py for tasks to queue
[2024-06-23T07:22:10.799+0000] {logging_mixin.py:154} INFO - [2024-06-23T07:22:10.799+0000] {dagbag.py:536} INFO - Filling up the DagBag from /home/airflow/.local/lib/python3.8/site-packages/airflow/example_dags/example_complex.py
[2024-06-23T07:22:10.806+0000] {processor.py:839} INFO - DAG(s) dict_keys(['example_complex']) retrieved from /home/airflow/.local/lib/python3.8/site-packages/airflow/example_dags/example_complex.py
[2024-06-23T07:22:10.823+0000] {logging_mixin.py:154} INFO - [2024-06-23T07:22:10.823+0000] {dag.py:2941} INFO - Sync 1 DAGs
[2024-06-23T07:22:10.829+0000] {logging_mixin.py:154} INFO - [2024-06-23T07:22:10.828+0000] {dag.py:3722} INFO - Setting next_dagrun for example_complex to None, run_after=None
[2024-06-23T07:22:10.836+0000] {processor.py:179} INFO - Processing /home/airflow/.local/lib/python3.8/site-packages/airflow/example_dags/example_complex.py took 0.041 seconds
[2024-06-23T07:22:41.571+0000] {processor.py:157} INFO - Started process (PID=21200) to work on /home/airflow/.local/lib/python3.8/site-packages/airflow/example_dags/example_complex.py
[2024-06-23T07:22:41.571+0000] {processor.py:829} INFO - Processing file /home/airflow/.local/lib/python3.8/site-packages/airflow/example_dags/example_complex.py for tasks to queue
[2024-06-23T07:22:41.572+0000] {logging_mixin.py:154} INFO - [2024-06-23T07:22:41.572+0000] {dagbag.py:536} INFO - Filling up the DagBag from /home/airflow/.local/lib/python3.8/site-packages/airflow/example_dags/example_complex.py
[2024-06-23T07:22:41.577+0000] {processor.py:839} INFO - DAG(s) dict_keys(['example_complex']) retrieved from /home/airflow/.local/lib/python3.8/site-packages/airflow/example_dags/example_complex.py
[2024-06-23T07:22:41.591+0000] {logging_mixin.py:154} INFO - [2024-06-23T07:22:41.590+0000] {dag.py:2941} INFO - Sync 1 DAGs
[2024-06-23T07:22:41.599+0000] {logging_mixin.py:154} INFO - [2024-06-23T07:22:41.599+0000] {dag.py:3722} INFO - Setting next_dagrun for example_complex to None, run_after=None
[2024-06-23T07:22:41.607+0000] {processor.py:179} INFO - Processing /home/airflow/.local/lib/python3.8/site-packages/airflow/example_dags/example_complex.py took 0.039 seconds
[2024-06-23T07:23:12.514+0000] {processor.py:157} INFO - Started process (PID=21444) to work on /home/airflow/.local/lib/python3.8/site-packages/airflow/example_dags/example_complex.py
[2024-06-23T07:23:12.515+0000] {processor.py:829} INFO - Processing file /home/airflow/.local/lib/python3.8/site-packages/airflow/example_dags/example_complex.py for tasks to queue
[2024-06-23T07:23:12.515+0000] {logging_mixin.py:154} INFO - [2024-06-23T07:23:12.515+0000] {dagbag.py:536} INFO - Filling up the DagBag from /home/airflow/.local/lib/python3.8/site-packages/airflow/example_dags/example_complex.py
[2024-06-23T07:23:12.521+0000] {processor.py:839} INFO - DAG(s) dict_keys(['example_complex']) retrieved from /home/airflow/.local/lib/python3.8/site-packages/airflow/example_dags/example_complex.py
[2024-06-23T07:23:12.536+0000] {logging_mixin.py:154} INFO - [2024-06-23T07:23:12.536+0000] {dag.py:2941} INFO - Sync 1 DAGs
[2024-06-23T07:23:12.542+0000] {logging_mixin.py:154} INFO - [2024-06-23T07:23:12.542+0000] {dag.py:3722} INFO - Setting next_dagrun for example_complex to None, run_after=None
[2024-06-23T07:23:12.550+0000] {processor.py:179} INFO - Processing /home/airflow/.local/lib/python3.8/site-packages/airflow/example_dags/example_complex.py took 0.037 seconds
[2024-06-23T07:23:43.163+0000] {processor.py:157} INFO - Started process (PID=21688) to work on /home/airflow/.local/lib/python3.8/site-packages/airflow/example_dags/example_complex.py
[2024-06-23T07:23:43.164+0000] {processor.py:829} INFO - Processing file /home/airflow/.local/lib/python3.8/site-packages/airflow/example_dags/example_complex.py for tasks to queue
[2024-06-23T07:23:43.164+0000] {logging_mixin.py:154} INFO - [2024-06-23T07:23:43.164+0000] {dagbag.py:536} INFO - Filling up the DagBag from /home/airflow/.local/lib/python3.8/site-packages/airflow/example_dags/example_complex.py
[2024-06-23T07:23:43.171+0000] {processor.py:839} INFO - DAG(s) dict_keys(['example_complex']) retrieved from /home/airflow/.local/lib/python3.8/site-packages/airflow/example_dags/example_complex.py
[2024-06-23T07:23:43.188+0000] {logging_mixin.py:154} INFO - [2024-06-23T07:23:43.188+0000] {dag.py:2941} INFO - Sync 1 DAGs
[2024-06-23T07:23:43.194+0000] {logging_mixin.py:154} INFO - [2024-06-23T07:23:43.194+0000] {dag.py:3722} INFO - Setting next_dagrun for example_complex to None, run_after=None
[2024-06-23T07:23:43.203+0000] {processor.py:179} INFO - Processing /home/airflow/.local/lib/python3.8/site-packages/airflow/example_dags/example_complex.py took 0.043 seconds
[2024-06-23T07:24:14.216+0000] {processor.py:157} INFO - Started process (PID=21932) to work on /home/airflow/.local/lib/python3.8/site-packages/airflow/example_dags/example_complex.py
[2024-06-23T07:24:14.217+0000] {processor.py:829} INFO - Processing file /home/airflow/.local/lib/python3.8/site-packages/airflow/example_dags/example_complex.py for tasks to queue
[2024-06-23T07:24:14.218+0000] {logging_mixin.py:154} INFO - [2024-06-23T07:24:14.218+0000] {dagbag.py:536} INFO - Filling up the DagBag from /home/airflow/.local/lib/python3.8/site-packages/airflow/example_dags/example_complex.py
[2024-06-23T07:24:14.225+0000] {processor.py:839} INFO - DAG(s) dict_keys(['example_complex']) retrieved from /home/airflow/.local/lib/python3.8/site-packages/airflow/example_dags/example_complex.py
[2024-06-23T07:24:14.243+0000] {logging_mixin.py:154} INFO - [2024-06-23T07:24:14.243+0000] {dag.py:2941} INFO - Sync 1 DAGs
[2024-06-23T07:24:14.251+0000] {logging_mixin.py:154} INFO - [2024-06-23T07:24:14.251+0000] {dag.py:3722} INFO - Setting next_dagrun for example_complex to None, run_after=None
[2024-06-23T07:24:14.262+0000] {processor.py:179} INFO - Processing /home/airflow/.local/lib/python3.8/site-packages/airflow/example_dags/example_complex.py took 0.048 seconds
[2024-06-23T07:24:45.240+0000] {processor.py:157} INFO - Started process (PID=22178) to work on /home/airflow/.local/lib/python3.8/site-packages/airflow/example_dags/example_complex.py
[2024-06-23T07:24:45.241+0000] {processor.py:829} INFO - Processing file /home/airflow/.local/lib/python3.8/site-packages/airflow/example_dags/example_complex.py for tasks to queue
[2024-06-23T07:24:45.241+0000] {logging_mixin.py:154} INFO - [2024-06-23T07:24:45.241+0000] {dagbag.py:536} INFO - Filling up the DagBag from /home/airflow/.local/lib/python3.8/site-packages/airflow/example_dags/example_complex.py
[2024-06-23T07:24:45.247+0000] {processor.py:839} INFO - DAG(s) dict_keys(['example_complex']) retrieved from /home/airflow/.local/lib/python3.8/site-packages/airflow/example_dags/example_complex.py
[2024-06-23T07:24:45.262+0000] {logging_mixin.py:154} INFO - [2024-06-23T07:24:45.262+0000] {dag.py:2941} INFO - Sync 1 DAGs
[2024-06-23T07:24:45.268+0000] {logging_mixin.py:154} INFO - [2024-06-23T07:24:45.267+0000] {dag.py:3722} INFO - Setting next_dagrun for example_complex to None, run_after=None
[2024-06-23T07:24:45.276+0000] {processor.py:179} INFO - Processing /home/airflow/.local/lib/python3.8/site-packages/airflow/example_dags/example_complex.py took 0.037 seconds
[2024-06-23T07:25:16.291+0000] {processor.py:157} INFO - Started process (PID=22420) to work on /home/airflow/.local/lib/python3.8/site-packages/airflow/example_dags/example_complex.py
[2024-06-23T07:25:16.291+0000] {processor.py:829} INFO - Processing file /home/airflow/.local/lib/python3.8/site-packages/airflow/example_dags/example_complex.py for tasks to queue
[2024-06-23T07:25:16.293+0000] {logging_mixin.py:154} INFO - [2024-06-23T07:25:16.292+0000] {dagbag.py:536} INFO - Filling up the DagBag from /home/airflow/.local/lib/python3.8/site-packages/airflow/example_dags/example_complex.py
[2024-06-23T07:25:16.298+0000] {processor.py:839} INFO - DAG(s) dict_keys(['example_complex']) retrieved from /home/airflow/.local/lib/python3.8/site-packages/airflow/example_dags/example_complex.py
[2024-06-23T07:25:16.314+0000] {logging_mixin.py:154} INFO - [2024-06-23T07:25:16.314+0000] {dag.py:2941} INFO - Sync 1 DAGs
[2024-06-23T07:25:16.321+0000] {logging_mixin.py:154} INFO - [2024-06-23T07:25:16.321+0000] {dag.py:3722} INFO - Setting next_dagrun for example_complex to None, run_after=None
[2024-06-23T07:25:16.331+0000] {processor.py:179} INFO - Processing /home/airflow/.local/lib/python3.8/site-packages/airflow/example_dags/example_complex.py took 0.042 seconds
[2024-06-23T07:25:46.573+0000] {processor.py:157} INFO - Started process (PID=22664) to work on /home/airflow/.local/lib/python3.8/site-packages/airflow/example_dags/example_complex.py
[2024-06-23T07:25:46.574+0000] {processor.py:829} INFO - Processing file /home/airflow/.local/lib/python3.8/site-packages/airflow/example_dags/example_complex.py for tasks to queue
[2024-06-23T07:25:46.574+0000] {logging_mixin.py:154} INFO - [2024-06-23T07:25:46.574+0000] {dagbag.py:536} INFO - Filling up the DagBag from /home/airflow/.local/lib/python3.8/site-packages/airflow/example_dags/example_complex.py
[2024-06-23T07:25:46.580+0000] {processor.py:839} INFO - DAG(s) dict_keys(['example_complex']) retrieved from /home/airflow/.local/lib/python3.8/site-packages/airflow/example_dags/example_complex.py
[2024-06-23T07:25:46.594+0000] {logging_mixin.py:154} INFO - [2024-06-23T07:25:46.593+0000] {dag.py:2941} INFO - Sync 1 DAGs
[2024-06-23T07:25:46.599+0000] {logging_mixin.py:154} INFO - [2024-06-23T07:25:46.599+0000] {dag.py:3722} INFO - Setting next_dagrun for example_complex to None, run_after=None
[2024-06-23T07:25:46.607+0000] {processor.py:179} INFO - Processing /home/airflow/.local/lib/python3.8/site-packages/airflow/example_dags/example_complex.py took 0.036 seconds
[2024-06-23T07:26:17.343+0000] {processor.py:157} INFO - Started process (PID=22908) to work on /home/airflow/.local/lib/python3.8/site-packages/airflow/example_dags/example_complex.py
[2024-06-23T07:26:17.344+0000] {processor.py:829} INFO - Processing file /home/airflow/.local/lib/python3.8/site-packages/airflow/example_dags/example_complex.py for tasks to queue
[2024-06-23T07:26:17.344+0000] {logging_mixin.py:154} INFO - [2024-06-23T07:26:17.344+0000] {dagbag.py:536} INFO - Filling up the DagBag from /home/airflow/.local/lib/python3.8/site-packages/airflow/example_dags/example_complex.py
[2024-06-23T07:26:17.350+0000] {processor.py:839} INFO - DAG(s) dict_keys(['example_complex']) retrieved from /home/airflow/.local/lib/python3.8/site-packages/airflow/example_dags/example_complex.py
[2024-06-23T07:26:17.364+0000] {logging_mixin.py:154} INFO - [2024-06-23T07:26:17.364+0000] {dag.py:2941} INFO - Sync 1 DAGs
[2024-06-23T07:26:17.369+0000] {logging_mixin.py:154} INFO - [2024-06-23T07:26:17.369+0000] {dag.py:3722} INFO - Setting next_dagrun for example_complex to None, run_after=None
[2024-06-23T07:26:17.377+0000] {processor.py:179} INFO - Processing /home/airflow/.local/lib/python3.8/site-packages/airflow/example_dags/example_complex.py took 0.036 seconds
[2024-06-23T07:26:48.220+0000] {processor.py:157} INFO - Started process (PID=23152) to work on /home/airflow/.local/lib/python3.8/site-packages/airflow/example_dags/example_complex.py
[2024-06-23T07:26:48.221+0000] {processor.py:829} INFO - Processing file /home/airflow/.local/lib/python3.8/site-packages/airflow/example_dags/example_complex.py for tasks to queue
[2024-06-23T07:26:48.221+0000] {logging_mixin.py:154} INFO - [2024-06-23T07:26:48.221+0000] {dagbag.py:536} INFO - Filling up the DagBag from /home/airflow/.local/lib/python3.8/site-packages/airflow/example_dags/example_complex.py
[2024-06-23T07:26:48.227+0000] {processor.py:839} INFO - DAG(s) dict_keys(['example_complex']) retrieved from /home/airflow/.local/lib/python3.8/site-packages/airflow/example_dags/example_complex.py
[2024-06-23T07:26:48.244+0000] {logging_mixin.py:154} INFO - [2024-06-23T07:26:48.244+0000] {dag.py:2941} INFO - Sync 1 DAGs
[2024-06-23T07:26:48.252+0000] {logging_mixin.py:154} INFO - [2024-06-23T07:26:48.252+0000] {dag.py:3722} INFO - Setting next_dagrun for example_complex to None, run_after=None
[2024-06-23T07:26:48.262+0000] {processor.py:179} INFO - Processing /home/airflow/.local/lib/python3.8/site-packages/airflow/example_dags/example_complex.py took 0.045 seconds
[2024-06-23T07:27:19.112+0000] {processor.py:157} INFO - Started process (PID=23395) to work on /home/airflow/.local/lib/python3.8/site-packages/airflow/example_dags/example_complex.py
[2024-06-23T07:27:19.112+0000] {processor.py:829} INFO - Processing file /home/airflow/.local/lib/python3.8/site-packages/airflow/example_dags/example_complex.py for tasks to queue
[2024-06-23T07:27:19.113+0000] {logging_mixin.py:154} INFO - [2024-06-23T07:27:19.113+0000] {dagbag.py:536} INFO - Filling up the DagBag from /home/airflow/.local/lib/python3.8/site-packages/airflow/example_dags/example_complex.py
[2024-06-23T07:27:19.119+0000] {processor.py:839} INFO - DAG(s) dict_keys(['example_complex']) retrieved from /home/airflow/.local/lib/python3.8/site-packages/airflow/example_dags/example_complex.py
[2024-06-23T07:27:19.180+0000] {logging_mixin.py:154} INFO - [2024-06-23T07:27:19.180+0000] {dag.py:2941} INFO - Sync 1 DAGs
[2024-06-23T07:27:19.186+0000] {logging_mixin.py:154} INFO - [2024-06-23T07:27:19.186+0000] {dag.py:3722} INFO - Setting next_dagrun for example_complex to None, run_after=None
[2024-06-23T07:27:19.197+0000] {processor.py:179} INFO - Processing /home/airflow/.local/lib/python3.8/site-packages/airflow/example_dags/example_complex.py took 0.087 seconds
[2024-06-23T07:27:49.971+0000] {processor.py:157} INFO - Started process (PID=23639) to work on /home/airflow/.local/lib/python3.8/site-packages/airflow/example_dags/example_complex.py
[2024-06-23T07:27:49.972+0000] {processor.py:829} INFO - Processing file /home/airflow/.local/lib/python3.8/site-packages/airflow/example_dags/example_complex.py for tasks to queue
[2024-06-23T07:27:49.973+0000] {logging_mixin.py:154} INFO - [2024-06-23T07:27:49.972+0000] {dagbag.py:536} INFO - Filling up the DagBag from /home/airflow/.local/lib/python3.8/site-packages/airflow/example_dags/example_complex.py
[2024-06-23T07:27:49.979+0000] {processor.py:839} INFO - DAG(s) dict_keys(['example_complex']) retrieved from /home/airflow/.local/lib/python3.8/site-packages/airflow/example_dags/example_complex.py
[2024-06-23T07:27:49.996+0000] {logging_mixin.py:154} INFO - [2024-06-23T07:27:49.996+0000] {dag.py:2941} INFO - Sync 1 DAGs
[2024-06-23T07:27:50.002+0000] {logging_mixin.py:154} INFO - [2024-06-23T07:27:50.002+0000] {dag.py:3722} INFO - Setting next_dagrun for example_complex to None, run_after=None
[2024-06-23T07:27:50.010+0000] {processor.py:179} INFO - Processing /home/airflow/.local/lib/python3.8/site-packages/airflow/example_dags/example_complex.py took 0.042 seconds
[2024-06-23T07:28:20.978+0000] {processor.py:157} INFO - Started process (PID=23883) to work on /home/airflow/.local/lib/python3.8/site-packages/airflow/example_dags/example_complex.py
[2024-06-23T07:28:20.981+0000] {processor.py:829} INFO - Processing file /home/airflow/.local/lib/python3.8/site-packages/airflow/example_dags/example_complex.py for tasks to queue
[2024-06-23T07:28:20.982+0000] {logging_mixin.py:154} INFO - [2024-06-23T07:28:20.982+0000] {dagbag.py:536} INFO - Filling up the DagBag from /home/airflow/.local/lib/python3.8/site-packages/airflow/example_dags/example_complex.py
[2024-06-23T07:28:20.988+0000] {processor.py:839} INFO - DAG(s) dict_keys(['example_complex']) retrieved from /home/airflow/.local/lib/python3.8/site-packages/airflow/example_dags/example_complex.py
[2024-06-23T07:28:21.005+0000] {logging_mixin.py:154} INFO - [2024-06-23T07:28:21.005+0000] {dag.py:2941} INFO - Sync 1 DAGs
[2024-06-23T07:28:21.012+0000] {logging_mixin.py:154} INFO - [2024-06-23T07:28:21.012+0000] {dag.py:3722} INFO - Setting next_dagrun for example_complex to None, run_after=None
[2024-06-23T07:28:21.020+0000] {processor.py:179} INFO - Processing /home/airflow/.local/lib/python3.8/site-packages/airflow/example_dags/example_complex.py took 0.045 seconds
[2024-06-23T07:28:51.136+0000] {processor.py:157} INFO - Started process (PID=24127) to work on /home/airflow/.local/lib/python3.8/site-packages/airflow/example_dags/example_complex.py
[2024-06-23T07:28:51.137+0000] {processor.py:829} INFO - Processing file /home/airflow/.local/lib/python3.8/site-packages/airflow/example_dags/example_complex.py for tasks to queue
[2024-06-23T07:28:51.137+0000] {logging_mixin.py:154} INFO - [2024-06-23T07:28:51.137+0000] {dagbag.py:536} INFO - Filling up the DagBag from /home/airflow/.local/lib/python3.8/site-packages/airflow/example_dags/example_complex.py
[2024-06-23T07:28:51.143+0000] {processor.py:839} INFO - DAG(s) dict_keys(['example_complex']) retrieved from /home/airflow/.local/lib/python3.8/site-packages/airflow/example_dags/example_complex.py
[2024-06-23T07:28:51.157+0000] {logging_mixin.py:154} INFO - [2024-06-23T07:28:51.157+0000] {dag.py:2941} INFO - Sync 1 DAGs
[2024-06-23T07:28:51.163+0000] {logging_mixin.py:154} INFO - [2024-06-23T07:28:51.163+0000] {dag.py:3722} INFO - Setting next_dagrun for example_complex to None, run_after=None
[2024-06-23T07:28:51.171+0000] {processor.py:179} INFO - Processing /home/airflow/.local/lib/python3.8/site-packages/airflow/example_dags/example_complex.py took 0.037 seconds
[2024-06-23T07:29:21.332+0000] {processor.py:157} INFO - Started process (PID=24371) to work on /home/airflow/.local/lib/python3.8/site-packages/airflow/example_dags/example_complex.py
[2024-06-23T07:29:21.333+0000] {processor.py:829} INFO - Processing file /home/airflow/.local/lib/python3.8/site-packages/airflow/example_dags/example_complex.py for tasks to queue
[2024-06-23T07:29:21.334+0000] {logging_mixin.py:154} INFO - [2024-06-23T07:29:21.334+0000] {dagbag.py:536} INFO - Filling up the DagBag from /home/airflow/.local/lib/python3.8/site-packages/airflow/example_dags/example_complex.py
[2024-06-23T07:29:21.340+0000] {processor.py:839} INFO - DAG(s) dict_keys(['example_complex']) retrieved from /home/airflow/.local/lib/python3.8/site-packages/airflow/example_dags/example_complex.py
[2024-06-23T07:29:21.357+0000] {logging_mixin.py:154} INFO - [2024-06-23T07:29:21.357+0000] {dag.py:2941} INFO - Sync 1 DAGs
[2024-06-23T07:29:21.365+0000] {logging_mixin.py:154} INFO - [2024-06-23T07:29:21.365+0000] {dag.py:3722} INFO - Setting next_dagrun for example_complex to None, run_after=None
[2024-06-23T07:29:21.376+0000] {processor.py:179} INFO - Processing /home/airflow/.local/lib/python3.8/site-packages/airflow/example_dags/example_complex.py took 0.046 seconds
[2024-06-23T07:29:51.720+0000] {processor.py:157} INFO - Started process (PID=24617) to work on /home/airflow/.local/lib/python3.8/site-packages/airflow/example_dags/example_complex.py
[2024-06-23T07:29:51.720+0000] {processor.py:829} INFO - Processing file /home/airflow/.local/lib/python3.8/site-packages/airflow/example_dags/example_complex.py for tasks to queue
[2024-06-23T07:29:51.721+0000] {logging_mixin.py:154} INFO - [2024-06-23T07:29:51.720+0000] {dagbag.py:536} INFO - Filling up the DagBag from /home/airflow/.local/lib/python3.8/site-packages/airflow/example_dags/example_complex.py
[2024-06-23T07:29:51.726+0000] {processor.py:839} INFO - DAG(s) dict_keys(['example_complex']) retrieved from /home/airflow/.local/lib/python3.8/site-packages/airflow/example_dags/example_complex.py
[2024-06-23T07:29:51.740+0000] {logging_mixin.py:154} INFO - [2024-06-23T07:29:51.740+0000] {dag.py:2941} INFO - Sync 1 DAGs
[2024-06-23T07:29:51.746+0000] {logging_mixin.py:154} INFO - [2024-06-23T07:29:51.746+0000] {dag.py:3722} INFO - Setting next_dagrun for example_complex to None, run_after=None
[2024-06-23T07:29:51.754+0000] {processor.py:179} INFO - Processing /home/airflow/.local/lib/python3.8/site-packages/airflow/example_dags/example_complex.py took 0.036 seconds
[2024-06-23T07:30:22.372+0000] {processor.py:157} INFO - Started process (PID=24859) to work on /home/airflow/.local/lib/python3.8/site-packages/airflow/example_dags/example_complex.py
[2024-06-23T07:30:22.373+0000] {processor.py:829} INFO - Processing file /home/airflow/.local/lib/python3.8/site-packages/airflow/example_dags/example_complex.py for tasks to queue
[2024-06-23T07:30:22.374+0000] {logging_mixin.py:154} INFO - [2024-06-23T07:30:22.374+0000] {dagbag.py:536} INFO - Filling up the DagBag from /home/airflow/.local/lib/python3.8/site-packages/airflow/example_dags/example_complex.py
[2024-06-23T07:30:22.380+0000] {processor.py:839} INFO - DAG(s) dict_keys(['example_complex']) retrieved from /home/airflow/.local/lib/python3.8/site-packages/airflow/example_dags/example_complex.py
[2024-06-23T07:30:22.394+0000] {logging_mixin.py:154} INFO - [2024-06-23T07:30:22.394+0000] {dag.py:2941} INFO - Sync 1 DAGs
[2024-06-23T07:30:22.400+0000] {logging_mixin.py:154} INFO - [2024-06-23T07:30:22.399+0000] {dag.py:3722} INFO - Setting next_dagrun for example_complex to None, run_after=None
[2024-06-23T07:30:22.407+0000] {processor.py:179} INFO - Processing /home/airflow/.local/lib/python3.8/site-packages/airflow/example_dags/example_complex.py took 0.037 seconds
[2024-06-23T07:30:53.387+0000] {processor.py:157} INFO - Started process (PID=25103) to work on /home/airflow/.local/lib/python3.8/site-packages/airflow/example_dags/example_complex.py
[2024-06-23T07:30:53.388+0000] {processor.py:829} INFO - Processing file /home/airflow/.local/lib/python3.8/site-packages/airflow/example_dags/example_complex.py for tasks to queue
[2024-06-23T07:30:53.388+0000] {logging_mixin.py:154} INFO - [2024-06-23T07:30:53.388+0000] {dagbag.py:536} INFO - Filling up the DagBag from /home/airflow/.local/lib/python3.8/site-packages/airflow/example_dags/example_complex.py
[2024-06-23T07:30:53.395+0000] {processor.py:839} INFO - DAG(s) dict_keys(['example_complex']) retrieved from /home/airflow/.local/lib/python3.8/site-packages/airflow/example_dags/example_complex.py
[2024-06-23T07:30:53.411+0000] {logging_mixin.py:154} INFO - [2024-06-23T07:30:53.411+0000] {dag.py:2941} INFO - Sync 1 DAGs
[2024-06-23T07:30:53.418+0000] {logging_mixin.py:154} INFO - [2024-06-23T07:30:53.418+0000] {dag.py:3722} INFO - Setting next_dagrun for example_complex to None, run_after=None
[2024-06-23T07:30:53.426+0000] {processor.py:179} INFO - Processing /home/airflow/.local/lib/python3.8/site-packages/airflow/example_dags/example_complex.py took 0.040 seconds
