[2024-06-19T06:06:39.728+0000] {taskinstance.py:1159} INFO - Dependencies all met for dep_context=non-requeueable deps ti=<TaskInstance: kafka_spark_dag.pyspark_consumer scheduled__2024-06-19T06:01:35.085845+00:00 [queued]>
[2024-06-19T06:06:39.732+0000] {taskinstance.py:1159} INFO - Dependencies all met for dep_context=requeueable deps ti=<TaskInstance: kafka_spark_dag.pyspark_consumer scheduled__2024-06-19T06:01:35.085845+00:00 [queued]>
[2024-06-19T06:06:39.733+0000] {taskinstance.py:1361} INFO - Starting attempt 1 of 2
[2024-06-19T06:06:39.739+0000] {taskinstance.py:1382} INFO - Executing <Task(DockerOperator): pyspark_consumer> on 2024-06-19 06:01:35.085845+00:00
[2024-06-19T06:06:39.742+0000] {standard_task_runner.py:57} INFO - Started process 3451 to run task
[2024-06-19T06:06:39.744+0000] {standard_task_runner.py:84} INFO - Running: ['***', 'tasks', 'run', 'kafka_spark_dag', 'pyspark_consumer', 'scheduled__2024-06-19T06:01:35.085845+00:00', '--job-id', '67', '--raw', '--subdir', 'DAGS_FOLDER/dag_kafka_spark.py', '--cfg-path', '/tmp/tmppiiymwhd']
[2024-06-19T06:06:39.745+0000] {standard_task_runner.py:85} INFO - Job 67: Subtask pyspark_consumer
[2024-06-19T06:06:39.767+0000] {task_command.py:416} INFO - Running <TaskInstance: kafka_spark_dag.pyspark_consumer scheduled__2024-06-19T06:01:35.085845+00:00 [running]> on host 2ad9230613d5
[2024-06-19T06:06:39.799+0000] {taskinstance.py:1662} INFO - Exporting env vars: AIRFLOW_CTX_DAG_OWNER='***' AIRFLOW_CTX_DAG_ID='kafka_spark_dag' AIRFLOW_CTX_TASK_ID='pyspark_consumer' AIRFLOW_CTX_EXECUTION_DATE='2024-06-19T06:01:35.085845+00:00' AIRFLOW_CTX_TRY_NUMBER='1' AIRFLOW_CTX_DAG_RUN_ID='scheduled__2024-06-19T06:01:35.085845+00:00'
[2024-06-19T06:06:39.880+0000] {docker.py:343} INFO - Starting docker container from image rappel-conso/spark:latest
[2024-06-19T06:06:39.907+0000] {docker.py:351} WARNING - Using remote engine or docker-in-docker and mounting temporary volume from host is not supported. Falling back to `mount_tmp_dir=False` mode. You can set `mount_tmp_dir` parameter to False to disable mounting and remove the warning
[2024-06-19T06:06:40.207+0000] {docker.py:413} INFO - [38;5;6mspark [38;5;5m06:06:40.20 [0m[38;5;2mINFO [0m ==>
[2024-06-19T06:06:40.208+0000] {docker.py:413} INFO - [38;5;6mspark [38;5;5m06:06:40.20 [0m[38;5;2mINFO [0m ==> [1mWelcome to the Bitnami spark container[0m
[2024-06-19T06:06:40.210+0000] {docker.py:413} INFO - [38;5;6mspark [38;5;5m06:06:40.20 [0m[38;5;2mINFO [0m ==> Subscribe to project updates by watching [1mhttps://github.com/bitnami/containers[0m
[2024-06-19T06:06:40.211+0000] {docker.py:413} INFO - [38;5;6mspark [38;5;5m06:06:40.20 [0m[38;5;2mINFO [0m ==> Submit issues and feature requests at [1mhttps://github.com/bitnami/containers/issues[0m
[2024-06-19T06:06:40.211+0000] {docker.py:413} INFO - [38;5;6mspark [38;5;5m06:06:40.21 [0m[38;5;2mINFO [0m ==>
[2024-06-19T06:06:40.217+0000] {docker.py:413} INFO - 
[2024-06-19T06:06:41.130+0000] {docker.py:413} INFO - :: loading settings :: url = jar:file:/opt/bitnami/spark/jars/ivy-2.5.1.jar!/org/apache/ivy/core/settings/ivysettings.xml
[2024-06-19T06:06:41.174+0000] {docker.py:413} INFO - Ivy Default Cache set to: /opt/bitnami/spark/.ivy2/cache
The jars for the packages stored in: /opt/bitnami/spark/.ivy2/jars
[2024-06-19T06:06:41.176+0000] {docker.py:413} INFO - org.postgresql#postgresql added as a dependency
org.apache.spark#spark-sql-kafka-0-10_2.12 added as a dependency
[2024-06-19T06:06:41.177+0000] {docker.py:413} INFO - :: resolving dependencies :: org.apache.spark#spark-submit-parent-8546d123-c850-4b67-894e-cf168006257a;1.0
	confs: [default]
[2024-06-19T06:06:43.234+0000] {docker.py:413} INFO - found org.postgresql#postgresql;42.5.4 in central
[2024-06-19T06:06:43.977+0000] {docker.py:413} INFO - found org.checkerframework#checker-qual;3.5.0 in central
[2024-06-19T06:06:49.861+0000] {docker.py:413} INFO - found org.apache.spark#spark-sql-kafka-0-10_2.12;3.5.0 in central
[2024-06-19T06:06:50.706+0000] {docker.py:413} INFO - found org.apache.spark#spark-token-provider-kafka-0-10_2.12;3.5.0 in central
[2024-06-19T06:06:51.378+0000] {docker.py:413} INFO - found org.apache.kafka#kafka-clients;3.4.1 in central
[2024-06-19T06:06:52.057+0000] {docker.py:413} INFO - found org.lz4#lz4-java;1.8.0 in central
[2024-06-19T06:06:52.569+0000] {docker.py:413} INFO - found org.xerial.snappy#snappy-java;1.1.10.3 in central
[2024-06-19T06:06:54.709+0000] {docker.py:413} INFO - found org.slf4j#slf4j-api;2.0.7 in central
[2024-06-19T06:06:57.730+0000] {docker.py:413} INFO - found org.apache.hadoop#hadoop-client-runtime;3.3.4 in central
[2024-06-19T06:06:58.231+0000] {docker.py:413} INFO - found org.apache.hadoop#hadoop-client-api;3.3.4 in central
[2024-06-19T06:07:00.357+0000] {docker.py:413} INFO - found commons-logging#commons-logging;1.1.3 in central
[2024-06-19T06:07:00.813+0000] {docker.py:413} INFO - found com.google.code.findbugs#jsr305;3.0.0 in central
[2024-06-19T06:07:03.458+0000] {docker.py:413} INFO - found org.apache.commons#commons-pool2;2.11.1 in central
[2024-06-19T06:07:03.675+0000] {docker.py:413} INFO - downloading https://repo1.maven.org/maven2/org/postgresql/postgresql/42.5.4/postgresql-42.5.4.jar ...
[2024-06-19T06:07:05.013+0000] {docker.py:413} INFO - [SUCCESSFUL ] org.postgresql#postgresql;42.5.4!postgresql.jar (1536ms)
[2024-06-19T06:07:05.221+0000] {docker.py:413} INFO - downloading https://repo1.maven.org/maven2/org/apache/spark/spark-sql-kafka-0-10_2.12/3.5.0/spark-sql-kafka-0-10_2.12-3.5.0.jar ...
[2024-06-19T06:07:05.791+0000] {docker.py:413} INFO - [SUCCESSFUL ] org.apache.spark#spark-sql-kafka-0-10_2.12;3.5.0!spark-sql-kafka-0-10_2.12.jar (777ms)
[2024-06-19T06:07:05.995+0000] {docker.py:413} INFO - downloading https://repo1.maven.org/maven2/org/checkerframework/checker-qual/3.5.0/checker-qual-3.5.0.jar ...
[2024-06-19T06:07:06.431+0000] {docker.py:413} INFO - [SUCCESSFUL ] org.checkerframework#checker-qual;3.5.0!checker-qual.jar (640ms)
[2024-06-19T06:07:06.640+0000] {docker.py:413} INFO - downloading https://repo1.maven.org/maven2/org/apache/spark/spark-token-provider-kafka-0-10_2.12/3.5.0/spark-token-provider-kafka-0-10_2.12-3.5.0.jar ...
[2024-06-19T06:07:06.891+0000] {docker.py:413} INFO - [SUCCESSFUL ] org.apache.spark#spark-token-provider-kafka-0-10_2.12;3.5.0!spark-token-provider-kafka-0-10_2.12.jar (456ms)
[2024-06-19T06:07:07.511+0000] {docker.py:413} INFO - downloading https://repo1.maven.org/maven2/org/apache/kafka/kafka-clients/3.4.1/kafka-clients-3.4.1.jar ...
[2024-06-19T06:07:20.665+0000] {docker.py:413} INFO - [SUCCESSFUL ] org.apache.kafka#kafka-clients;3.4.1!kafka-clients.jar (13767ms)
[2024-06-19T06:07:20.890+0000] {docker.py:413} INFO - downloading https://repo1.maven.org/maven2/com/google/code/findbugs/jsr305/3.0.0/jsr305-3.0.0.jar ...
[2024-06-19T06:07:21.187+0000] {docker.py:413} INFO - [SUCCESSFUL ] com.google.code.findbugs#jsr305;3.0.0!jsr305.jar (521ms)
[2024-06-19T06:07:21.459+0000] {docker.py:413} INFO - downloading https://repo1.maven.org/maven2/org/apache/commons/commons-pool2/2.11.1/commons-pool2-2.11.1.jar ...
[2024-06-19T06:07:21.841+0000] {docker.py:413} INFO - [SUCCESSFUL ] org.apache.commons#commons-pool2;2.11.1!commons-pool2.jar (649ms)
[2024-06-19T06:07:22.084+0000] {docker.py:413} INFO - downloading https://repo1.maven.org/maven2/org/apache/hadoop/hadoop-client-runtime/3.3.4/hadoop-client-runtime-3.3.4.jar ...
[2024-06-19T06:07:34.158+0000] {docker.py:413} INFO - [SUCCESSFUL ] org.apache.hadoop#hadoop-client-runtime;3.3.4!hadoop-client-runtime.jar (12301ms)
[2024-06-19T06:07:34.485+0000] {docker.py:413} INFO - downloading https://repo1.maven.org/maven2/org/lz4/lz4-java/1.8.0/lz4-java-1.8.0.jar ...
[2024-06-19T06:07:34.987+0000] {docker.py:413} INFO - [SUCCESSFUL ] org.lz4#lz4-java;1.8.0!lz4-java.jar (821ms)
[2024-06-19T06:07:35.243+0000] {docker.py:413} INFO - downloading https://repo1.maven.org/maven2/org/xerial/snappy/snappy-java/1.1.10.3/snappy-java-1.1.10.3.jar ...
[2024-06-19T06:07:36.050+0000] {docker.py:413} INFO - [SUCCESSFUL ] org.xerial.snappy#snappy-java;1.1.10.3!snappy-java.jar(bundle) (1061ms)
[2024-06-19T06:07:36.283+0000] {docker.py:413} INFO - downloading https://repo1.maven.org/maven2/org/slf4j/slf4j-api/2.0.7/slf4j-api-2.0.7.jar ...
[2024-06-19T06:07:36.554+0000] {docker.py:413} INFO - [SUCCESSFUL ] org.slf4j#slf4j-api;2.0.7!slf4j-api.jar (505ms)
[2024-06-19T06:07:36.781+0000] {docker.py:413} INFO - downloading https://repo1.maven.org/maven2/org/apache/hadoop/hadoop-client-api/3.3.4/hadoop-client-api-3.3.4.jar ...
[2024-06-19T06:07:50.117+0000] {docker.py:413} INFO - [SUCCESSFUL ] org.apache.hadoop#hadoop-client-api;3.3.4!hadoop-client-api.jar (13554ms)
[2024-06-19T06:07:50.433+0000] {docker.py:413} INFO - downloading https://repo1.maven.org/maven2/commons-logging/commons-logging/1.1.3/commons-logging-1.1.3.jar ...
[2024-06-19T06:07:50.782+0000] {docker.py:413} INFO - [SUCCESSFUL ] commons-logging#commons-logging;1.1.3!commons-logging.jar (662ms)
[2024-06-19T06:07:50.785+0000] {docker.py:413} INFO - :: resolution report :: resolve 22294ms :: artifacts dl 47312ms
[2024-06-19T06:07:50.790+0000] {docker.py:413} INFO - :: modules in use:
[2024-06-19T06:07:50.796+0000] {docker.py:413} INFO - com.google.code.findbugs#jsr305;3.0.0 from central in [default]
	commons-logging#commons-logging;1.1.3 from central in [default]
	org.apache.commons#commons-pool2;2.11.1 from central in [default]
	org.apache.hadoop#hadoop-client-api;3.3.4 from central in [default]
	org.apache.hadoop#hadoop-client-runtime;3.3.4 from central in [default]
[2024-06-19T06:07:50.797+0000] {docker.py:413} INFO - org.apache.kafka#kafka-clients;3.4.1 from central in [default]
[2024-06-19T06:07:50.798+0000] {docker.py:413} INFO - org.apache.spark#spark-sql-kafka-0-10_2.12;3.5.0 from central in [default]
	org.apache.spark#spark-token-provider-kafka-0-10_2.12;3.5.0 from central in [default]
	org.checkerframework#checker-qual;3.5.0 from central in [default]
	org.lz4#lz4-java;1.8.0 from central in [default]
[2024-06-19T06:07:50.799+0000] {docker.py:413} INFO - org.postgresql#postgresql;42.5.4 from central in [default]
	org.slf4j#slf4j-api;2.0.7 from central in [default]
[2024-06-19T06:07:50.799+0000] {docker.py:413} INFO - org.xerial.snappy#snappy-java;1.1.10.3 from central in [default]
[2024-06-19T06:07:50.804+0000] {docker.py:413} INFO - ---------------------------------------------------------------------
[2024-06-19T06:07:50.806+0000] {docker.py:413} INFO - |                  |            modules            ||   artifacts   |
	|       conf       | number| search|dwnlded|evicted|| number|dwnlded|
	---------------------------------------------------------------------
[2024-06-19T06:07:50.807+0000] {docker.py:413} INFO - |      default     |   13  |   13  |   13  |   0   ||   13  |   13  |
	---------------------------------------------------------------------
[2024-06-19T06:07:50.812+0000] {docker.py:413} INFO - :: retrieving :: org.apache.spark#spark-submit-parent-8546d123-c850-4b67-894e-cf168006257a
	confs: [default]
[2024-06-19T06:07:50.912+0000] {docker.py:413} INFO - 13 artifacts copied, 0 already retrieved (58001kB/100ms)
[2024-06-19T06:07:51.049+0000] {docker.py:413} INFO - 24/06/19 06:07:51 WARN NativeCodeLoader: Unable to load native-hadoop library for your platform... using builtin-java classes where applicable
[2024-06-19T06:07:51.701+0000] {docker.py:413} INFO - 24/06/19 06:07:51 INFO SparkContext: Running Spark version 3.5.0
[2024-06-19T06:07:51.703+0000] {docker.py:413} INFO - 24/06/19 06:07:51 INFO SparkContext: OS info Linux, 6.6.12-linuxkit, aarch64
[2024-06-19T06:07:51.705+0000] {docker.py:413} INFO - 24/06/19 06:07:51 INFO SparkContext: Java version 17.0.10
[2024-06-19T06:07:51.725+0000] {docker.py:413} INFO - 24/06/19 06:07:51 INFO ResourceUtils: ==============================================================
[2024-06-19T06:07:51.726+0000] {docker.py:413} INFO - 24/06/19 06:07:51 INFO ResourceUtils: No custom resources configured for spark.driver.
[2024-06-19T06:07:51.727+0000] {docker.py:413} INFO - 24/06/19 06:07:51 INFO ResourceUtils: ==============================================================
[2024-06-19T06:07:51.728+0000] {docker.py:413} INFO - 24/06/19 06:07:51 INFO SparkContext: Submitted application: PostgreSQL Connection with PySpark
[2024-06-19T06:07:51.749+0000] {docker.py:413} INFO - 24/06/19 06:07:51 INFO ResourceProfile: Default ResourceProfile created, executor resources: Map(cores -> name: cores, amount: 1, script: , vendor: , memory -> name: memory, amount: 1024, script: , vendor: , offHeap -> name: offHeap, amount: 0, script: , vendor: ), task resources: Map(cpus -> name: cpus, amount: 1.0)
[2024-06-19T06:07:51.755+0000] {docker.py:413} INFO - 24/06/19 06:07:51 INFO ResourceProfile: Limiting resource is cpu
[2024-06-19T06:07:51.756+0000] {docker.py:413} INFO - 24/06/19 06:07:51 INFO ResourceProfileManager: Added ResourceProfile id: 0
[2024-06-19T06:07:51.785+0000] {docker.py:413} INFO - 24/06/19 06:07:51 INFO SecurityManager: Changing view acls to: spark
[2024-06-19T06:07:51.786+0000] {docker.py:413} INFO - 24/06/19 06:07:51 INFO SecurityManager: Changing modify acls to: spark
[2024-06-19T06:07:51.786+0000] {docker.py:413} INFO - 24/06/19 06:07:51 INFO SecurityManager: Changing view acls groups to:
[2024-06-19T06:07:51.786+0000] {docker.py:413} INFO - 24/06/19 06:07:51 INFO SecurityManager: Changing modify acls groups to:
[2024-06-19T06:07:51.787+0000] {docker.py:413} INFO - 24/06/19 06:07:51 INFO SecurityManager: SecurityManager: authentication disabled; ui acls disabled; users with view permissions: spark; groups with view permissions: EMPTY; users with modify permissions: spark; groups with modify permissions: EMPTY
[2024-06-19T06:07:51.907+0000] {docker.py:413} INFO - 24/06/19 06:07:51 INFO Utils: Successfully started service 'sparkDriver' on port 37845.
[2024-06-19T06:07:51.921+0000] {docker.py:413} INFO - 24/06/19 06:07:51 INFO SparkEnv: Registering MapOutputTracker
[2024-06-19T06:07:51.939+0000] {docker.py:413} INFO - 24/06/19 06:07:51 INFO SparkEnv: Registering BlockManagerMaster
[2024-06-19T06:07:51.948+0000] {docker.py:413} INFO - 24/06/19 06:07:51 INFO BlockManagerMasterEndpoint: Using org.apache.spark.storage.DefaultTopologyMapper for getting topology information
[2024-06-19T06:07:51.948+0000] {docker.py:413} INFO - 24/06/19 06:07:51 INFO BlockManagerMasterEndpoint: BlockManagerMasterEndpoint up
[2024-06-19T06:07:51.950+0000] {docker.py:413} INFO - 24/06/19 06:07:51 INFO SparkEnv: Registering BlockManagerMasterHeartbeat
[2024-06-19T06:07:51.961+0000] {docker.py:413} INFO - 24/06/19 06:07:51 INFO DiskBlockManager: Created local directory at /tmp/blockmgr-8059c21c-0963-4569-8208-56405338c812
[2024-06-19T06:07:51.968+0000] {docker.py:413} INFO - 24/06/19 06:07:51 INFO MemoryStore: MemoryStore started with capacity 434.4 MiB
[2024-06-19T06:07:51.975+0000] {docker.py:413} INFO - 24/06/19 06:07:51 INFO SparkEnv: Registering OutputCommitCoordinator
[2024-06-19T06:07:52.043+0000] {docker.py:413} INFO - 24/06/19 06:07:52 INFO JettyUtils: Start Jetty 0.0.0.0:4040 for SparkUI
[2024-06-19T06:07:52.082+0000] {docker.py:413} INFO - 24/06/19 06:07:52 INFO Utils: Successfully started service 'SparkUI' on port 4040.
[2024-06-19T06:07:52.106+0000] {docker.py:413} INFO - 24/06/19 06:07:52 INFO SparkContext: Added JAR file:///opt/bitnami/spark/.ivy2/jars/org.postgresql_postgresql-42.5.4.jar at spark://localhost:37845/jars/org.postgresql_postgresql-42.5.4.jar with timestamp 1718777271687
[2024-06-19T06:07:52.107+0000] {docker.py:413} INFO - 24/06/19 06:07:52 INFO SparkContext: Added JAR file:///opt/bitnami/spark/.ivy2/jars/org.apache.spark_spark-sql-kafka-0-10_2.12-3.5.0.jar at spark://localhost:37845/jars/org.apache.spark_spark-sql-kafka-0-10_2.12-3.5.0.jar with timestamp 1718777271687
24/06/19 06:07:52 INFO SparkContext: Added JAR file:///opt/bitnami/spark/.ivy2/jars/org.checkerframework_checker-qual-3.5.0.jar at spark://localhost:37845/jars/org.checkerframework_checker-qual-3.5.0.jar with timestamp 1718777271687
24/06/19 06:07:52 INFO SparkContext: Added JAR file:///opt/bitnami/spark/.ivy2/jars/org.apache.spark_spark-token-provider-kafka-0-10_2.12-3.5.0.jar at spark://localhost:37845/jars/org.apache.spark_spark-token-provider-kafka-0-10_2.12-3.5.0.jar with timestamp 1718777271687
24/06/19 06:07:52 INFO SparkContext: Added JAR file:///opt/bitnami/spark/.ivy2/jars/org.apache.kafka_kafka-clients-3.4.1.jar at spark://localhost:37845/jars/org.apache.kafka_kafka-clients-3.4.1.jar with timestamp 1718777271687
24/06/19 06:07:52 INFO SparkContext: Added JAR file:///opt/bitnami/spark/.ivy2/jars/com.google.code.findbugs_jsr305-3.0.0.jar at spark://localhost:37845/jars/com.google.code.findbugs_jsr305-3.0.0.jar with timestamp 1718777271687
24/06/19 06:07:52 INFO SparkContext: Added JAR file:///opt/bitnami/spark/.ivy2/jars/org.apache.commons_commons-pool2-2.11.1.jar at spark://localhost:37845/jars/org.apache.commons_commons-pool2-2.11.1.jar with timestamp 1718777271687
[2024-06-19T06:07:52.108+0000] {docker.py:413} INFO - 24/06/19 06:07:52 INFO SparkContext: Added JAR file:///opt/bitnami/spark/.ivy2/jars/org.apache.hadoop_hadoop-client-runtime-3.3.4.jar at spark://localhost:37845/jars/org.apache.hadoop_hadoop-client-runtime-3.3.4.jar with timestamp 1718777271687
[2024-06-19T06:07:52.109+0000] {docker.py:413} INFO - 24/06/19 06:07:52 INFO SparkContext: Added JAR file:///opt/bitnami/spark/.ivy2/jars/org.lz4_lz4-java-1.8.0.jar at spark://localhost:37845/jars/org.lz4_lz4-java-1.8.0.jar with timestamp 1718777271687
[2024-06-19T06:07:52.109+0000] {docker.py:413} INFO - 24/06/19 06:07:52 INFO SparkContext: Added JAR file:///opt/bitnami/spark/.ivy2/jars/org.xerial.snappy_snappy-java-1.1.10.3.jar at spark://localhost:37845/jars/org.xerial.snappy_snappy-java-1.1.10.3.jar with timestamp 1718777271687
24/06/19 06:07:52 INFO SparkContext: Added JAR file:///opt/bitnami/spark/.ivy2/jars/org.slf4j_slf4j-api-2.0.7.jar at spark://localhost:37845/jars/org.slf4j_slf4j-api-2.0.7.jar with timestamp 1718777271687
24/06/19 06:07:52 INFO SparkContext: Added JAR file:///opt/bitnami/spark/.ivy2/jars/org.apache.hadoop_hadoop-client-api-3.3.4.jar at spark://localhost:37845/jars/org.apache.hadoop_hadoop-client-api-3.3.4.jar with timestamp 1718777271687
24/06/19 06:07:52 INFO SparkContext: Added JAR file:///opt/bitnami/spark/.ivy2/jars/commons-logging_commons-logging-1.1.3.jar at spark://localhost:37845/jars/commons-logging_commons-logging-1.1.3.jar with timestamp 1718777271687
[2024-06-19T06:07:52.110+0000] {docker.py:413} INFO - 24/06/19 06:07:52 INFO SparkContext: Added file file:///opt/bitnami/spark/.ivy2/jars/org.postgresql_postgresql-42.5.4.jar at file:///opt/bitnami/spark/.ivy2/jars/org.postgresql_postgresql-42.5.4.jar with timestamp 1718777271687
[2024-06-19T06:07:52.110+0000] {docker.py:413} INFO - 24/06/19 06:07:52 INFO Utils: Copying /opt/bitnami/spark/.ivy2/jars/org.postgresql_postgresql-42.5.4.jar to /tmp/spark-ee4d3053-7b1c-4f14-b08b-b19754a8afa8/userFiles-e00e8209-a928-4570-a62b-9503def9debd/org.postgresql_postgresql-42.5.4.jar
[2024-06-19T06:07:52.123+0000] {docker.py:413} INFO - 24/06/19 06:07:52 INFO SparkContext: Added file file:///opt/bitnami/spark/.ivy2/jars/org.apache.spark_spark-sql-kafka-0-10_2.12-3.5.0.jar at file:///opt/bitnami/spark/.ivy2/jars/org.apache.spark_spark-sql-kafka-0-10_2.12-3.5.0.jar with timestamp 1718777271687
[2024-06-19T06:07:52.123+0000] {docker.py:413} INFO - 24/06/19 06:07:52 INFO Utils: Copying /opt/bitnami/spark/.ivy2/jars/org.apache.spark_spark-sql-kafka-0-10_2.12-3.5.0.jar to /tmp/spark-ee4d3053-7b1c-4f14-b08b-b19754a8afa8/userFiles-e00e8209-a928-4570-a62b-9503def9debd/org.apache.spark_spark-sql-kafka-0-10_2.12-3.5.0.jar
[2024-06-19T06:07:52.127+0000] {docker.py:413} INFO - 24/06/19 06:07:52 INFO SparkContext: Added file file:///opt/bitnami/spark/.ivy2/jars/org.checkerframework_checker-qual-3.5.0.jar at file:///opt/bitnami/spark/.ivy2/jars/org.checkerframework_checker-qual-3.5.0.jar with timestamp 1718777271687
24/06/19 06:07:52 INFO Utils: Copying /opt/bitnami/spark/.ivy2/jars/org.checkerframework_checker-qual-3.5.0.jar to /tmp/spark-ee4d3053-7b1c-4f14-b08b-b19754a8afa8/userFiles-e00e8209-a928-4570-a62b-9503def9debd/org.checkerframework_checker-qual-3.5.0.jar
[2024-06-19T06:07:52.128+0000] {docker.py:413} INFO - 24/06/19 06:07:52 INFO SparkContext: Added file file:///opt/bitnami/spark/.ivy2/jars/org.apache.spark_spark-token-provider-kafka-0-10_2.12-3.5.0.jar at file:///opt/bitnami/spark/.ivy2/jars/org.apache.spark_spark-token-provider-kafka-0-10_2.12-3.5.0.jar with timestamp 1718777271687
[2024-06-19T06:07:52.129+0000] {docker.py:413} INFO - 24/06/19 06:07:52 INFO Utils: Copying /opt/bitnami/spark/.ivy2/jars/org.apache.spark_spark-token-provider-kafka-0-10_2.12-3.5.0.jar to /tmp/spark-ee4d3053-7b1c-4f14-b08b-b19754a8afa8/userFiles-e00e8209-a928-4570-a62b-9503def9debd/org.apache.spark_spark-token-provider-kafka-0-10_2.12-3.5.0.jar
[2024-06-19T06:07:52.130+0000] {docker.py:413} INFO - 24/06/19 06:07:52 INFO SparkContext: Added file file:///opt/bitnami/spark/.ivy2/jars/org.apache.kafka_kafka-clients-3.4.1.jar at file:///opt/bitnami/spark/.ivy2/jars/org.apache.kafka_kafka-clients-3.4.1.jar with timestamp 1718777271687
[2024-06-19T06:07:52.131+0000] {docker.py:413} INFO - 24/06/19 06:07:52 INFO Utils: Copying /opt/bitnami/spark/.ivy2/jars/org.apache.kafka_kafka-clients-3.4.1.jar to /tmp/spark-ee4d3053-7b1c-4f14-b08b-b19754a8afa8/userFiles-e00e8209-a928-4570-a62b-9503def9debd/org.apache.kafka_kafka-clients-3.4.1.jar
[2024-06-19T06:07:52.137+0000] {docker.py:413} INFO - 24/06/19 06:07:52 INFO SparkContext: Added file file:///opt/bitnami/spark/.ivy2/jars/com.google.code.findbugs_jsr305-3.0.0.jar at file:///opt/bitnami/spark/.ivy2/jars/com.google.code.findbugs_jsr305-3.0.0.jar with timestamp 1718777271687
[2024-06-19T06:07:52.137+0000] {docker.py:413} INFO - 24/06/19 06:07:52 INFO Utils: Copying /opt/bitnami/spark/.ivy2/jars/com.google.code.findbugs_jsr305-3.0.0.jar to /tmp/spark-ee4d3053-7b1c-4f14-b08b-b19754a8afa8/userFiles-e00e8209-a928-4570-a62b-9503def9debd/com.google.code.findbugs_jsr305-3.0.0.jar
[2024-06-19T06:07:52.140+0000] {docker.py:413} INFO - 24/06/19 06:07:52 INFO SparkContext: Added file file:///opt/bitnami/spark/.ivy2/jars/org.apache.commons_commons-pool2-2.11.1.jar at file:///opt/bitnami/spark/.ivy2/jars/org.apache.commons_commons-pool2-2.11.1.jar with timestamp 1718777271687
[2024-06-19T06:07:52.140+0000] {docker.py:413} INFO - 24/06/19 06:07:52 INFO Utils: Copying /opt/bitnami/spark/.ivy2/jars/org.apache.commons_commons-pool2-2.11.1.jar to /tmp/spark-ee4d3053-7b1c-4f14-b08b-b19754a8afa8/userFiles-e00e8209-a928-4570-a62b-9503def9debd/org.apache.commons_commons-pool2-2.11.1.jar
[2024-06-19T06:07:52.142+0000] {docker.py:413} INFO - 24/06/19 06:07:52 INFO SparkContext: Added file file:///opt/bitnami/spark/.ivy2/jars/org.apache.hadoop_hadoop-client-runtime-3.3.4.jar at file:///opt/bitnami/spark/.ivy2/jars/org.apache.hadoop_hadoop-client-runtime-3.3.4.jar with timestamp 1718777271687
[2024-06-19T06:07:52.143+0000] {docker.py:413} INFO - 24/06/19 06:07:52 INFO Utils: Copying /opt/bitnami/spark/.ivy2/jars/org.apache.hadoop_hadoop-client-runtime-3.3.4.jar to /tmp/spark-ee4d3053-7b1c-4f14-b08b-b19754a8afa8/userFiles-e00e8209-a928-4570-a62b-9503def9debd/org.apache.hadoop_hadoop-client-runtime-3.3.4.jar
[2024-06-19T06:07:52.180+0000] {docker.py:413} INFO - 24/06/19 06:07:52 INFO SparkContext: Added file file:///opt/bitnami/spark/.ivy2/jars/org.lz4_lz4-java-1.8.0.jar at file:///opt/bitnami/spark/.ivy2/jars/org.lz4_lz4-java-1.8.0.jar with timestamp 1718777271687
[2024-06-19T06:07:52.181+0000] {docker.py:413} INFO - 24/06/19 06:07:52 INFO Utils: Copying /opt/bitnami/spark/.ivy2/jars/org.lz4_lz4-java-1.8.0.jar to /tmp/spark-ee4d3053-7b1c-4f14-b08b-b19754a8afa8/userFiles-e00e8209-a928-4570-a62b-9503def9debd/org.lz4_lz4-java-1.8.0.jar
[2024-06-19T06:07:52.182+0000] {docker.py:413} INFO - 24/06/19 06:07:52 INFO SparkContext: Added file file:///opt/bitnami/spark/.ivy2/jars/org.xerial.snappy_snappy-java-1.1.10.3.jar at file:///opt/bitnami/spark/.ivy2/jars/org.xerial.snappy_snappy-java-1.1.10.3.jar with timestamp 1718777271687
[2024-06-19T06:07:52.182+0000] {docker.py:413} INFO - 24/06/19 06:07:52 INFO Utils: Copying /opt/bitnami/spark/.ivy2/jars/org.xerial.snappy_snappy-java-1.1.10.3.jar to /tmp/spark-ee4d3053-7b1c-4f14-b08b-b19754a8afa8/userFiles-e00e8209-a928-4570-a62b-9503def9debd/org.xerial.snappy_snappy-java-1.1.10.3.jar
[2024-06-19T06:07:52.186+0000] {docker.py:413} INFO - 24/06/19 06:07:52 INFO SparkContext: Added file file:///opt/bitnami/spark/.ivy2/jars/org.slf4j_slf4j-api-2.0.7.jar at file:///opt/bitnami/spark/.ivy2/jars/org.slf4j_slf4j-api-2.0.7.jar with timestamp 1718777271687
[2024-06-19T06:07:52.186+0000] {docker.py:413} INFO - 24/06/19 06:07:52 INFO Utils: Copying /opt/bitnami/spark/.ivy2/jars/org.slf4j_slf4j-api-2.0.7.jar to /tmp/spark-ee4d3053-7b1c-4f14-b08b-b19754a8afa8/userFiles-e00e8209-a928-4570-a62b-9503def9debd/org.slf4j_slf4j-api-2.0.7.jar
[2024-06-19T06:07:52.189+0000] {docker.py:413} INFO - 24/06/19 06:07:52 INFO SparkContext: Added file file:///opt/bitnami/spark/.ivy2/jars/org.apache.hadoop_hadoop-client-api-3.3.4.jar at file:///opt/bitnami/spark/.ivy2/jars/org.apache.hadoop_hadoop-client-api-3.3.4.jar with timestamp 1718777271687
24/06/19 06:07:52 INFO Utils: Copying /opt/bitnami/spark/.ivy2/jars/org.apache.hadoop_hadoop-client-api-3.3.4.jar to /tmp/spark-ee4d3053-7b1c-4f14-b08b-b19754a8afa8/userFiles-e00e8209-a928-4570-a62b-9503def9debd/org.apache.hadoop_hadoop-client-api-3.3.4.jar
[2024-06-19T06:07:52.205+0000] {docker.py:413} INFO - 24/06/19 06:07:52 INFO SparkContext: Added file file:///opt/bitnami/spark/.ivy2/jars/commons-logging_commons-logging-1.1.3.jar at file:///opt/bitnami/spark/.ivy2/jars/commons-logging_commons-logging-1.1.3.jar with timestamp 1718777271687
[2024-06-19T06:07:52.206+0000] {docker.py:413} INFO - 24/06/19 06:07:52 INFO Utils: Copying /opt/bitnami/spark/.ivy2/jars/commons-logging_commons-logging-1.1.3.jar to /tmp/spark-ee4d3053-7b1c-4f14-b08b-b19754a8afa8/userFiles-e00e8209-a928-4570-a62b-9503def9debd/commons-logging_commons-logging-1.1.3.jar
[2024-06-19T06:07:52.246+0000] {docker.py:413} INFO - 24/06/19 06:07:52 INFO Executor: Starting executor ID driver on host localhost
[2024-06-19T06:07:52.246+0000] {docker.py:413} INFO - 24/06/19 06:07:52 INFO Executor: OS info Linux, 6.6.12-linuxkit, aarch64
[2024-06-19T06:07:52.247+0000] {docker.py:413} INFO - 24/06/19 06:07:52 INFO Executor: Java version 17.0.10
[2024-06-19T06:07:52.249+0000] {docker.py:413} INFO - 24/06/19 06:07:52 INFO Executor: Starting executor with user classpath (userClassPathFirst = false): ''
[2024-06-19T06:07:52.250+0000] {docker.py:413} INFO - 24/06/19 06:07:52 INFO Executor: Created or updated repl class loader org.apache.spark.util.MutableURLClassLoader@5cc52b1 for default.
[2024-06-19T06:07:52.256+0000] {docker.py:413} INFO - 24/06/19 06:07:52 INFO Executor: Fetching file:///opt/bitnami/spark/.ivy2/jars/org.apache.spark_spark-token-provider-kafka-0-10_2.12-3.5.0.jar with timestamp 1718777271687
[2024-06-19T06:07:52.266+0000] {docker.py:413} INFO - 24/06/19 06:07:52 INFO Utils: /opt/bitnami/spark/.ivy2/jars/org.apache.spark_spark-token-provider-kafka-0-10_2.12-3.5.0.jar has been previously copied to /tmp/spark-ee4d3053-7b1c-4f14-b08b-b19754a8afa8/userFiles-e00e8209-a928-4570-a62b-9503def9debd/org.apache.spark_spark-token-provider-kafka-0-10_2.12-3.5.0.jar
[2024-06-19T06:07:52.267+0000] {docker.py:413} INFO - 24/06/19 06:07:52 INFO Executor: Fetching file:///opt/bitnami/spark/.ivy2/jars/org.apache.hadoop_hadoop-client-runtime-3.3.4.jar with timestamp 1718777271687
[2024-06-19T06:07:52.281+0000] {docker.py:413} INFO - 24/06/19 06:07:52 INFO Utils: /opt/bitnami/spark/.ivy2/jars/org.apache.hadoop_hadoop-client-runtime-3.3.4.jar has been previously copied to /tmp/spark-ee4d3053-7b1c-4f14-b08b-b19754a8afa8/userFiles-e00e8209-a928-4570-a62b-9503def9debd/org.apache.hadoop_hadoop-client-runtime-3.3.4.jar
[2024-06-19T06:07:52.282+0000] {docker.py:413} INFO - 24/06/19 06:07:52 INFO Executor: Fetching file:///opt/bitnami/spark/.ivy2/jars/org.apache.commons_commons-pool2-2.11.1.jar with timestamp 1718777271687
[2024-06-19T06:07:52.283+0000] {docker.py:413} INFO - 24/06/19 06:07:52 INFO Utils: /opt/bitnami/spark/.ivy2/jars/org.apache.commons_commons-pool2-2.11.1.jar has been previously copied to /tmp/spark-ee4d3053-7b1c-4f14-b08b-b19754a8afa8/userFiles-e00e8209-a928-4570-a62b-9503def9debd/org.apache.commons_commons-pool2-2.11.1.jar
[2024-06-19T06:07:52.285+0000] {docker.py:413} INFO - 24/06/19 06:07:52 INFO Executor: Fetching file:///opt/bitnami/spark/.ivy2/jars/org.postgresql_postgresql-42.5.4.jar with timestamp 1718777271687
[2024-06-19T06:07:52.285+0000] {docker.py:413} INFO - 24/06/19 06:07:52 INFO Utils: /opt/bitnami/spark/.ivy2/jars/org.postgresql_postgresql-42.5.4.jar has been previously copied to /tmp/spark-ee4d3053-7b1c-4f14-b08b-b19754a8afa8/userFiles-e00e8209-a928-4570-a62b-9503def9debd/org.postgresql_postgresql-42.5.4.jar
[2024-06-19T06:07:52.287+0000] {docker.py:413} INFO - 24/06/19 06:07:52 INFO Executor: Fetching file:///opt/bitnami/spark/.ivy2/jars/org.slf4j_slf4j-api-2.0.7.jar with timestamp 1718777271687
[2024-06-19T06:07:52.288+0000] {docker.py:413} INFO - 24/06/19 06:07:52 INFO Utils: /opt/bitnami/spark/.ivy2/jars/org.slf4j_slf4j-api-2.0.7.jar has been previously copied to /tmp/spark-ee4d3053-7b1c-4f14-b08b-b19754a8afa8/userFiles-e00e8209-a928-4570-a62b-9503def9debd/org.slf4j_slf4j-api-2.0.7.jar
[2024-06-19T06:07:52.289+0000] {docker.py:413} INFO - 24/06/19 06:07:52 INFO Executor: Fetching file:///opt/bitnami/spark/.ivy2/jars/org.apache.kafka_kafka-clients-3.4.1.jar with timestamp 1718777271687
[2024-06-19T06:07:52.291+0000] {docker.py:413} INFO - 24/06/19 06:07:52 INFO Utils: /opt/bitnami/spark/.ivy2/jars/org.apache.kafka_kafka-clients-3.4.1.jar has been previously copied to /tmp/spark-ee4d3053-7b1c-4f14-b08b-b19754a8afa8/userFiles-e00e8209-a928-4570-a62b-9503def9debd/org.apache.kafka_kafka-clients-3.4.1.jar
[2024-06-19T06:07:52.294+0000] {docker.py:413} INFO - 24/06/19 06:07:52 INFO Executor: Fetching file:///opt/bitnami/spark/.ivy2/jars/com.google.code.findbugs_jsr305-3.0.0.jar with timestamp 1718777271687
[2024-06-19T06:07:52.294+0000] {docker.py:413} INFO - 24/06/19 06:07:52 INFO Utils: /opt/bitnami/spark/.ivy2/jars/com.google.code.findbugs_jsr305-3.0.0.jar has been previously copied to /tmp/spark-ee4d3053-7b1c-4f14-b08b-b19754a8afa8/userFiles-e00e8209-a928-4570-a62b-9503def9debd/com.google.code.findbugs_jsr305-3.0.0.jar
[2024-06-19T06:07:52.296+0000] {docker.py:413} INFO - 24/06/19 06:07:52 INFO Executor: Fetching file:///opt/bitnami/spark/.ivy2/jars/org.lz4_lz4-java-1.8.0.jar with timestamp 1718777271687
[2024-06-19T06:07:52.296+0000] {docker.py:413} INFO - 24/06/19 06:07:52 INFO Utils: /opt/bitnami/spark/.ivy2/jars/org.lz4_lz4-java-1.8.0.jar has been previously copied to /tmp/spark-ee4d3053-7b1c-4f14-b08b-b19754a8afa8/userFiles-e00e8209-a928-4570-a62b-9503def9debd/org.lz4_lz4-java-1.8.0.jar
[2024-06-19T06:07:52.298+0000] {docker.py:413} INFO - 24/06/19 06:07:52 INFO Executor: Fetching file:///opt/bitnami/spark/.ivy2/jars/org.apache.spark_spark-sql-kafka-0-10_2.12-3.5.0.jar with timestamp 1718777271687
[2024-06-19T06:07:52.303+0000] {docker.py:413} INFO - 24/06/19 06:07:52 INFO Utils: /opt/bitnami/spark/.ivy2/jars/org.apache.spark_spark-sql-kafka-0-10_2.12-3.5.0.jar has been previously copied to /tmp/spark-ee4d3053-7b1c-4f14-b08b-b19754a8afa8/userFiles-e00e8209-a928-4570-a62b-9503def9debd/org.apache.spark_spark-sql-kafka-0-10_2.12-3.5.0.jar
[2024-06-19T06:07:52.304+0000] {docker.py:413} INFO - 24/06/19 06:07:52 INFO Executor: Fetching file:///opt/bitnami/spark/.ivy2/jars/org.apache.hadoop_hadoop-client-api-3.3.4.jar with timestamp 1718777271687
[2024-06-19T06:07:52.313+0000] {docker.py:413} INFO - 24/06/19 06:07:52 INFO Utils: /opt/bitnami/spark/.ivy2/jars/org.apache.hadoop_hadoop-client-api-3.3.4.jar has been previously copied to /tmp/spark-ee4d3053-7b1c-4f14-b08b-b19754a8afa8/userFiles-e00e8209-a928-4570-a62b-9503def9debd/org.apache.hadoop_hadoop-client-api-3.3.4.jar
[2024-06-19T06:07:52.319+0000] {docker.py:413} INFO - 24/06/19 06:07:52 INFO Executor: Fetching file:///opt/bitnami/spark/.ivy2/jars/commons-logging_commons-logging-1.1.3.jar with timestamp 1718777271687
[2024-06-19T06:07:52.320+0000] {docker.py:413} INFO - 24/06/19 06:07:52 INFO Utils: /opt/bitnami/spark/.ivy2/jars/commons-logging_commons-logging-1.1.3.jar has been previously copied to /tmp/spark-ee4d3053-7b1c-4f14-b08b-b19754a8afa8/userFiles-e00e8209-a928-4570-a62b-9503def9debd/commons-logging_commons-logging-1.1.3.jar
[2024-06-19T06:07:52.323+0000] {docker.py:413} INFO - 24/06/19 06:07:52 INFO Executor: Fetching file:///opt/bitnami/spark/.ivy2/jars/org.checkerframework_checker-qual-3.5.0.jar with timestamp 1718777271687
[2024-06-19T06:07:52.325+0000] {docker.py:413} INFO - 24/06/19 06:07:52 INFO Utils: /opt/bitnami/spark/.ivy2/jars/org.checkerframework_checker-qual-3.5.0.jar has been previously copied to /tmp/spark-ee4d3053-7b1c-4f14-b08b-b19754a8afa8/userFiles-e00e8209-a928-4570-a62b-9503def9debd/org.checkerframework_checker-qual-3.5.0.jar
[2024-06-19T06:07:52.328+0000] {docker.py:413} INFO - 24/06/19 06:07:52 INFO Executor: Fetching file:///opt/bitnami/spark/.ivy2/jars/org.xerial.snappy_snappy-java-1.1.10.3.jar with timestamp 1718777271687
[2024-06-19T06:07:52.330+0000] {docker.py:413} INFO - 24/06/19 06:07:52 INFO Utils: /opt/bitnami/spark/.ivy2/jars/org.xerial.snappy_snappy-java-1.1.10.3.jar has been previously copied to /tmp/spark-ee4d3053-7b1c-4f14-b08b-b19754a8afa8/userFiles-e00e8209-a928-4570-a62b-9503def9debd/org.xerial.snappy_snappy-java-1.1.10.3.jar
[2024-06-19T06:07:52.335+0000] {docker.py:413} INFO - 24/06/19 06:07:52 INFO Executor: Fetching spark://localhost:37845/jars/org.apache.kafka_kafka-clients-3.4.1.jar with timestamp 1718777271687
[2024-06-19T06:07:52.355+0000] {docker.py:413} INFO - 24/06/19 06:07:52 INFO TransportClientFactory: Successfully created connection to localhost/127.0.0.1:37845 after 13 ms (0 ms spent in bootstraps)
[2024-06-19T06:07:52.358+0000] {docker.py:413} INFO - 24/06/19 06:07:52 INFO Utils: Fetching spark://localhost:37845/jars/org.apache.kafka_kafka-clients-3.4.1.jar to /tmp/spark-ee4d3053-7b1c-4f14-b08b-b19754a8afa8/userFiles-e00e8209-a928-4570-a62b-9503def9debd/fetchFileTemp8284232133669948282.tmp
[2024-06-19T06:07:52.384+0000] {docker.py:413} INFO - 24/06/19 06:07:52 INFO Utils: /tmp/spark-ee4d3053-7b1c-4f14-b08b-b19754a8afa8/userFiles-e00e8209-a928-4570-a62b-9503def9debd/fetchFileTemp8284232133669948282.tmp has been previously copied to /tmp/spark-ee4d3053-7b1c-4f14-b08b-b19754a8afa8/userFiles-e00e8209-a928-4570-a62b-9503def9debd/org.apache.kafka_kafka-clients-3.4.1.jar
[2024-06-19T06:07:52.387+0000] {docker.py:413} INFO - 24/06/19 06:07:52 INFO Executor: Adding file:/tmp/spark-ee4d3053-7b1c-4f14-b08b-b19754a8afa8/userFiles-e00e8209-a928-4570-a62b-9503def9debd/org.apache.kafka_kafka-clients-3.4.1.jar to class loader default
[2024-06-19T06:07:52.387+0000] {docker.py:413} INFO - 24/06/19 06:07:52 INFO Executor: Fetching spark://localhost:37845/jars/org.apache.commons_commons-pool2-2.11.1.jar with timestamp 1718777271687
[2024-06-19T06:07:52.388+0000] {docker.py:413} INFO - 24/06/19 06:07:52 INFO Utils: Fetching spark://localhost:37845/jars/org.apache.commons_commons-pool2-2.11.1.jar to /tmp/spark-ee4d3053-7b1c-4f14-b08b-b19754a8afa8/userFiles-e00e8209-a928-4570-a62b-9503def9debd/fetchFileTemp5016854662945638530.tmp
[2024-06-19T06:07:52.389+0000] {docker.py:413} INFO - 24/06/19 06:07:52 INFO Utils: /tmp/spark-ee4d3053-7b1c-4f14-b08b-b19754a8afa8/userFiles-e00e8209-a928-4570-a62b-9503def9debd/fetchFileTemp5016854662945638530.tmp has been previously copied to /tmp/spark-ee4d3053-7b1c-4f14-b08b-b19754a8afa8/userFiles-e00e8209-a928-4570-a62b-9503def9debd/org.apache.commons_commons-pool2-2.11.1.jar
[2024-06-19T06:07:52.391+0000] {docker.py:413} INFO - 24/06/19 06:07:52 INFO Executor: Adding file:/tmp/spark-ee4d3053-7b1c-4f14-b08b-b19754a8afa8/userFiles-e00e8209-a928-4570-a62b-9503def9debd/org.apache.commons_commons-pool2-2.11.1.jar to class loader default
[2024-06-19T06:07:52.392+0000] {docker.py:413} INFO - 24/06/19 06:07:52 INFO Executor: Fetching spark://localhost:37845/jars/org.apache.hadoop_hadoop-client-runtime-3.3.4.jar with timestamp 1718777271687
[2024-06-19T06:07:52.392+0000] {docker.py:413} INFO - 24/06/19 06:07:52 INFO Utils: Fetching spark://localhost:37845/jars/org.apache.hadoop_hadoop-client-runtime-3.3.4.jar to /tmp/spark-ee4d3053-7b1c-4f14-b08b-b19754a8afa8/userFiles-e00e8209-a928-4570-a62b-9503def9debd/fetchFileTemp7230266652927744620.tmp
[2024-06-19T06:07:52.464+0000] {docker.py:413} INFO - 24/06/19 06:07:52 INFO Utils: /tmp/spark-ee4d3053-7b1c-4f14-b08b-b19754a8afa8/userFiles-e00e8209-a928-4570-a62b-9503def9debd/fetchFileTemp7230266652927744620.tmp has been previously copied to /tmp/spark-ee4d3053-7b1c-4f14-b08b-b19754a8afa8/userFiles-e00e8209-a928-4570-a62b-9503def9debd/org.apache.hadoop_hadoop-client-runtime-3.3.4.jar
[2024-06-19T06:07:52.467+0000] {docker.py:413} INFO - 24/06/19 06:07:52 INFO Executor: Adding file:/tmp/spark-ee4d3053-7b1c-4f14-b08b-b19754a8afa8/userFiles-e00e8209-a928-4570-a62b-9503def9debd/org.apache.hadoop_hadoop-client-runtime-3.3.4.jar to class loader default
24/06/19 06:07:52 INFO Executor: Fetching spark://localhost:37845/jars/org.postgresql_postgresql-42.5.4.jar with timestamp 1718777271687
[2024-06-19T06:07:52.468+0000] {docker.py:413} INFO - 24/06/19 06:07:52 INFO Utils: Fetching spark://localhost:37845/jars/org.postgresql_postgresql-42.5.4.jar to /tmp/spark-ee4d3053-7b1c-4f14-b08b-b19754a8afa8/userFiles-e00e8209-a928-4570-a62b-9503def9debd/fetchFileTemp10568112005994214871.tmp
[2024-06-19T06:07:52.470+0000] {docker.py:413} INFO - 24/06/19 06:07:52 INFO Utils: /tmp/spark-ee4d3053-7b1c-4f14-b08b-b19754a8afa8/userFiles-e00e8209-a928-4570-a62b-9503def9debd/fetchFileTemp10568112005994214871.tmp has been previously copied to /tmp/spark-ee4d3053-7b1c-4f14-b08b-b19754a8afa8/userFiles-e00e8209-a928-4570-a62b-9503def9debd/org.postgresql_postgresql-42.5.4.jar
[2024-06-19T06:07:52.471+0000] {docker.py:413} INFO - 24/06/19 06:07:52 INFO Executor: Adding file:/tmp/spark-ee4d3053-7b1c-4f14-b08b-b19754a8afa8/userFiles-e00e8209-a928-4570-a62b-9503def9debd/org.postgresql_postgresql-42.5.4.jar to class loader default
[2024-06-19T06:07:52.472+0000] {docker.py:413} INFO - 24/06/19 06:07:52 INFO Executor: Fetching spark://localhost:37845/jars/org.apache.hadoop_hadoop-client-api-3.3.4.jar with timestamp 1718777271687
[2024-06-19T06:07:52.473+0000] {docker.py:413} INFO - 24/06/19 06:07:52 INFO Utils: Fetching spark://localhost:37845/jars/org.apache.hadoop_hadoop-client-api-3.3.4.jar to /tmp/spark-ee4d3053-7b1c-4f14-b08b-b19754a8afa8/userFiles-e00e8209-a928-4570-a62b-9503def9debd/fetchFileTemp129356768892586456.tmp
[2024-06-19T06:07:52.507+0000] {docker.py:413} INFO - 24/06/19 06:07:52 INFO Utils: /tmp/spark-ee4d3053-7b1c-4f14-b08b-b19754a8afa8/userFiles-e00e8209-a928-4570-a62b-9503def9debd/fetchFileTemp129356768892586456.tmp has been previously copied to /tmp/spark-ee4d3053-7b1c-4f14-b08b-b19754a8afa8/userFiles-e00e8209-a928-4570-a62b-9503def9debd/org.apache.hadoop_hadoop-client-api-3.3.4.jar
[2024-06-19T06:07:52.510+0000] {docker.py:413} INFO - 24/06/19 06:07:52 INFO Executor: Adding file:/tmp/spark-ee4d3053-7b1c-4f14-b08b-b19754a8afa8/userFiles-e00e8209-a928-4570-a62b-9503def9debd/org.apache.hadoop_hadoop-client-api-3.3.4.jar to class loader default
[2024-06-19T06:07:52.511+0000] {docker.py:413} INFO - 24/06/19 06:07:52 INFO Executor: Fetching spark://localhost:37845/jars/commons-logging_commons-logging-1.1.3.jar with timestamp 1718777271687
[2024-06-19T06:07:52.511+0000] {docker.py:413} INFO - 24/06/19 06:07:52 INFO Utils: Fetching spark://localhost:37845/jars/commons-logging_commons-logging-1.1.3.jar to /tmp/spark-ee4d3053-7b1c-4f14-b08b-b19754a8afa8/userFiles-e00e8209-a928-4570-a62b-9503def9debd/fetchFileTemp345531072332497532.tmp
[2024-06-19T06:07:52.511+0000] {docker.py:413} INFO - 24/06/19 06:07:52 INFO Utils: /tmp/spark-ee4d3053-7b1c-4f14-b08b-b19754a8afa8/userFiles-e00e8209-a928-4570-a62b-9503def9debd/fetchFileTemp345531072332497532.tmp has been previously copied to /tmp/spark-ee4d3053-7b1c-4f14-b08b-b19754a8afa8/userFiles-e00e8209-a928-4570-a62b-9503def9debd/commons-logging_commons-logging-1.1.3.jar
[2024-06-19T06:07:52.514+0000] {docker.py:413} INFO - 24/06/19 06:07:52 INFO Executor: Adding file:/tmp/spark-ee4d3053-7b1c-4f14-b08b-b19754a8afa8/userFiles-e00e8209-a928-4570-a62b-9503def9debd/commons-logging_commons-logging-1.1.3.jar to class loader default
[2024-06-19T06:07:52.514+0000] {docker.py:413} INFO - 24/06/19 06:07:52 INFO Executor: Fetching spark://localhost:37845/jars/org.checkerframework_checker-qual-3.5.0.jar with timestamp 1718777271687
[2024-06-19T06:07:52.514+0000] {docker.py:413} INFO - 24/06/19 06:07:52 INFO Utils: Fetching spark://localhost:37845/jars/org.checkerframework_checker-qual-3.5.0.jar to /tmp/spark-ee4d3053-7b1c-4f14-b08b-b19754a8afa8/userFiles-e00e8209-a928-4570-a62b-9503def9debd/fetchFileTemp16710727085206286744.tmp
[2024-06-19T06:07:52.515+0000] {docker.py:413} INFO - 24/06/19 06:07:52 INFO Utils: /tmp/spark-ee4d3053-7b1c-4f14-b08b-b19754a8afa8/userFiles-e00e8209-a928-4570-a62b-9503def9debd/fetchFileTemp16710727085206286744.tmp has been previously copied to /tmp/spark-ee4d3053-7b1c-4f14-b08b-b19754a8afa8/userFiles-e00e8209-a928-4570-a62b-9503def9debd/org.checkerframework_checker-qual-3.5.0.jar
[2024-06-19T06:07:52.517+0000] {docker.py:413} INFO - 24/06/19 06:07:52 INFO Executor: Adding file:/tmp/spark-ee4d3053-7b1c-4f14-b08b-b19754a8afa8/userFiles-e00e8209-a928-4570-a62b-9503def9debd/org.checkerframework_checker-qual-3.5.0.jar to class loader default
[2024-06-19T06:07:52.518+0000] {docker.py:413} INFO - 24/06/19 06:07:52 INFO Executor: Fetching spark://localhost:37845/jars/org.lz4_lz4-java-1.8.0.jar with timestamp 1718777271687
[2024-06-19T06:07:52.518+0000] {docker.py:413} INFO - 24/06/19 06:07:52 INFO Utils: Fetching spark://localhost:37845/jars/org.lz4_lz4-java-1.8.0.jar to /tmp/spark-ee4d3053-7b1c-4f14-b08b-b19754a8afa8/userFiles-e00e8209-a928-4570-a62b-9503def9debd/fetchFileTemp16660112614131335378.tmp
[2024-06-19T06:07:52.519+0000] {docker.py:413} INFO - 24/06/19 06:07:52 INFO Utils: /tmp/spark-ee4d3053-7b1c-4f14-b08b-b19754a8afa8/userFiles-e00e8209-a928-4570-a62b-9503def9debd/fetchFileTemp16660112614131335378.tmp has been previously copied to /tmp/spark-ee4d3053-7b1c-4f14-b08b-b19754a8afa8/userFiles-e00e8209-a928-4570-a62b-9503def9debd/org.lz4_lz4-java-1.8.0.jar
[2024-06-19T06:07:52.521+0000] {docker.py:413} INFO - 24/06/19 06:07:52 INFO Executor: Adding file:/tmp/spark-ee4d3053-7b1c-4f14-b08b-b19754a8afa8/userFiles-e00e8209-a928-4570-a62b-9503def9debd/org.lz4_lz4-java-1.8.0.jar to class loader default
[2024-06-19T06:07:52.522+0000] {docker.py:413} INFO - 24/06/19 06:07:52 INFO Executor: Fetching spark://localhost:37845/jars/com.google.code.findbugs_jsr305-3.0.0.jar with timestamp 1718777271687
[2024-06-19T06:07:52.522+0000] {docker.py:413} INFO - 24/06/19 06:07:52 INFO Utils: Fetching spark://localhost:37845/jars/com.google.code.findbugs_jsr305-3.0.0.jar to /tmp/spark-ee4d3053-7b1c-4f14-b08b-b19754a8afa8/userFiles-e00e8209-a928-4570-a62b-9503def9debd/fetchFileTemp646511285281467312.tmp
[2024-06-19T06:07:52.522+0000] {docker.py:413} INFO - 24/06/19 06:07:52 INFO Utils: /tmp/spark-ee4d3053-7b1c-4f14-b08b-b19754a8afa8/userFiles-e00e8209-a928-4570-a62b-9503def9debd/fetchFileTemp646511285281467312.tmp has been previously copied to /tmp/spark-ee4d3053-7b1c-4f14-b08b-b19754a8afa8/userFiles-e00e8209-a928-4570-a62b-9503def9debd/com.google.code.findbugs_jsr305-3.0.0.jar
[2024-06-19T06:07:52.525+0000] {docker.py:413} INFO - 24/06/19 06:07:52 INFO Executor: Adding file:/tmp/spark-ee4d3053-7b1c-4f14-b08b-b19754a8afa8/userFiles-e00e8209-a928-4570-a62b-9503def9debd/com.google.code.findbugs_jsr305-3.0.0.jar to class loader default
[2024-06-19T06:07:52.525+0000] {docker.py:413} INFO - 24/06/19 06:07:52 INFO Executor: Fetching spark://localhost:37845/jars/org.xerial.snappy_snappy-java-1.1.10.3.jar with timestamp 1718777271687
[2024-06-19T06:07:52.526+0000] {docker.py:413} INFO - 24/06/19 06:07:52 INFO Utils: Fetching spark://localhost:37845/jars/org.xerial.snappy_snappy-java-1.1.10.3.jar to /tmp/spark-ee4d3053-7b1c-4f14-b08b-b19754a8afa8/userFiles-e00e8209-a928-4570-a62b-9503def9debd/fetchFileTemp8271699403399784232.tmp
[2024-06-19T06:07:52.529+0000] {docker.py:413} INFO - 24/06/19 06:07:52 INFO Utils: /tmp/spark-ee4d3053-7b1c-4f14-b08b-b19754a8afa8/userFiles-e00e8209-a928-4570-a62b-9503def9debd/fetchFileTemp8271699403399784232.tmp has been previously copied to /tmp/spark-ee4d3053-7b1c-4f14-b08b-b19754a8afa8/userFiles-e00e8209-a928-4570-a62b-9503def9debd/org.xerial.snappy_snappy-java-1.1.10.3.jar
[2024-06-19T06:07:52.531+0000] {docker.py:413} INFO - 24/06/19 06:07:52 INFO Executor: Adding file:/tmp/spark-ee4d3053-7b1c-4f14-b08b-b19754a8afa8/userFiles-e00e8209-a928-4570-a62b-9503def9debd/org.xerial.snappy_snappy-java-1.1.10.3.jar to class loader default
[2024-06-19T06:07:52.531+0000] {docker.py:413} INFO - 24/06/19 06:07:52 INFO Executor: Fetching spark://localhost:37845/jars/org.apache.spark_spark-sql-kafka-0-10_2.12-3.5.0.jar with timestamp 1718777271687
[2024-06-19T06:07:52.532+0000] {docker.py:413} INFO - 24/06/19 06:07:52 INFO Utils: Fetching spark://localhost:37845/jars/org.apache.spark_spark-sql-kafka-0-10_2.12-3.5.0.jar to /tmp/spark-ee4d3053-7b1c-4f14-b08b-b19754a8afa8/userFiles-e00e8209-a928-4570-a62b-9503def9debd/fetchFileTemp13762886328069200162.tmp
[2024-06-19T06:07:52.532+0000] {docker.py:413} INFO - 24/06/19 06:07:52 INFO Utils: /tmp/spark-ee4d3053-7b1c-4f14-b08b-b19754a8afa8/userFiles-e00e8209-a928-4570-a62b-9503def9debd/fetchFileTemp13762886328069200162.tmp has been previously copied to /tmp/spark-ee4d3053-7b1c-4f14-b08b-b19754a8afa8/userFiles-e00e8209-a928-4570-a62b-9503def9debd/org.apache.spark_spark-sql-kafka-0-10_2.12-3.5.0.jar
[2024-06-19T06:07:52.534+0000] {docker.py:413} INFO - 24/06/19 06:07:52 INFO Executor: Adding file:/tmp/spark-ee4d3053-7b1c-4f14-b08b-b19754a8afa8/userFiles-e00e8209-a928-4570-a62b-9503def9debd/org.apache.spark_spark-sql-kafka-0-10_2.12-3.5.0.jar to class loader default
[2024-06-19T06:07:52.534+0000] {docker.py:413} INFO - 24/06/19 06:07:52 INFO Executor: Fetching spark://localhost:37845/jars/org.apache.spark_spark-token-provider-kafka-0-10_2.12-3.5.0.jar with timestamp 1718777271687
[2024-06-19T06:07:52.535+0000] {docker.py:413} INFO - 24/06/19 06:07:52 INFO Utils: Fetching spark://localhost:37845/jars/org.apache.spark_spark-token-provider-kafka-0-10_2.12-3.5.0.jar to /tmp/spark-ee4d3053-7b1c-4f14-b08b-b19754a8afa8/userFiles-e00e8209-a928-4570-a62b-9503def9debd/fetchFileTemp7778942035825399821.tmp
[2024-06-19T06:07:52.535+0000] {docker.py:413} INFO - 24/06/19 06:07:52 INFO Utils: /tmp/spark-ee4d3053-7b1c-4f14-b08b-b19754a8afa8/userFiles-e00e8209-a928-4570-a62b-9503def9debd/fetchFileTemp7778942035825399821.tmp has been previously copied to /tmp/spark-ee4d3053-7b1c-4f14-b08b-b19754a8afa8/userFiles-e00e8209-a928-4570-a62b-9503def9debd/org.apache.spark_spark-token-provider-kafka-0-10_2.12-3.5.0.jar
[2024-06-19T06:07:52.537+0000] {docker.py:413} INFO - 24/06/19 06:07:52 INFO Executor: Adding file:/tmp/spark-ee4d3053-7b1c-4f14-b08b-b19754a8afa8/userFiles-e00e8209-a928-4570-a62b-9503def9debd/org.apache.spark_spark-token-provider-kafka-0-10_2.12-3.5.0.jar to class loader default
[2024-06-19T06:07:52.538+0000] {docker.py:413} INFO - 24/06/19 06:07:52 INFO Executor: Fetching spark://localhost:37845/jars/org.slf4j_slf4j-api-2.0.7.jar with timestamp 1718777271687
[2024-06-19T06:07:52.538+0000] {docker.py:413} INFO - 24/06/19 06:07:52 INFO Utils: Fetching spark://localhost:37845/jars/org.slf4j_slf4j-api-2.0.7.jar to /tmp/spark-ee4d3053-7b1c-4f14-b08b-b19754a8afa8/userFiles-e00e8209-a928-4570-a62b-9503def9debd/fetchFileTemp726782648224539899.tmp
[2024-06-19T06:07:52.539+0000] {docker.py:413} INFO - 24/06/19 06:07:52 INFO Utils: /tmp/spark-ee4d3053-7b1c-4f14-b08b-b19754a8afa8/userFiles-e00e8209-a928-4570-a62b-9503def9debd/fetchFileTemp726782648224539899.tmp has been previously copied to /tmp/spark-ee4d3053-7b1c-4f14-b08b-b19754a8afa8/userFiles-e00e8209-a928-4570-a62b-9503def9debd/org.slf4j_slf4j-api-2.0.7.jar
[2024-06-19T06:07:52.541+0000] {docker.py:413} INFO - 24/06/19 06:07:52 INFO Executor: Adding file:/tmp/spark-ee4d3053-7b1c-4f14-b08b-b19754a8afa8/userFiles-e00e8209-a928-4570-a62b-9503def9debd/org.slf4j_slf4j-api-2.0.7.jar to class loader default
[2024-06-19T06:07:52.545+0000] {docker.py:413} INFO - 24/06/19 06:07:52 INFO Utils: Successfully started service 'org.apache.spark.network.netty.NettyBlockTransferService' on port 35227.
24/06/19 06:07:52 INFO NettyBlockTransferService: Server created on localhost:35227
[2024-06-19T06:07:52.546+0000] {docker.py:413} INFO - 24/06/19 06:07:52 INFO BlockManager: Using org.apache.spark.storage.RandomBlockReplicationPolicy for block replication policy
[2024-06-19T06:07:52.549+0000] {docker.py:413} INFO - 24/06/19 06:07:52 INFO BlockManagerMaster: Registering BlockManager BlockManagerId(driver, localhost, 35227, None)
[2024-06-19T06:07:52.551+0000] {docker.py:413} INFO - 24/06/19 06:07:52 INFO BlockManagerMasterEndpoint: Registering block manager localhost:35227 with 434.4 MiB RAM, BlockManagerId(driver, localhost, 35227, None)
[2024-06-19T06:07:52.553+0000] {docker.py:413} INFO - 24/06/19 06:07:52 INFO BlockManagerMaster: Registered BlockManager BlockManagerId(driver, localhost, 35227, None)
[2024-06-19T06:07:52.553+0000] {docker.py:413} INFO - 24/06/19 06:07:52 INFO BlockManager: Initialized BlockManager: BlockManagerId(driver, localhost, 35227, None)
[2024-06-19T06:07:52.780+0000] {docker.py:413} INFO - 2024-06-19 06:07:52,778:create_spark_session:INFO:Spark session created successfully
[2024-06-19T06:07:52.783+0000] {docker.py:413} INFO - 24/06/19 06:07:52 INFO SharedState: Setting hive.metastore.warehouse.dir ('null') to the value of spark.sql.warehouse.dir.
[2024-06-19T06:07:52.785+0000] {docker.py:413} INFO - 24/06/19 06:07:52 INFO SharedState: Warehouse path is 'file:/opt/bitnami/spark/spark-warehouse'.
[2024-06-19T06:07:53.547+0000] {docker.py:413} INFO - 2024-06-19 06:07:53,546:create_initial_dataframe:INFO:Initial dataframe created successfully
[2024-06-19T06:07:53.562+0000] {docker.py:413} INFO - 2024-06-19 06:07:53,561:create_initial_dataframe:INFO:Initial dataframe created successfully
[2024-06-19T06:07:53.576+0000] {docker.py:413} INFO - 2024-06-19 06:07:53,575:create_initial_dataframe:INFO:Initial dataframe created successfully
[2024-06-19T06:07:53.765+0000] {docker.py:413} INFO - 24/06/19 06:07:53 WARN SparkStringUtils: Truncated the string representation of a plan since it was too large. This behavior can be adjusted by setting 'spark.sql.debug.maxToStringFields'.
[2024-06-19T06:07:53.834+0000] {docker.py:413} INFO - Traceback (most recent call last):
  File "/opt/bitnami/spark/spark_streaming.py", line 153, in <module>
    write_to_postgres()
  File "/opt/bitnami/spark/spark_streaming.py", line 148, in write_to_postgres
    df_final = create_final_dataframe(df)
               ^^^^^^^^^^^^^^^^^^^^^^^^^^
  File "/opt/bitnami/spark/spark_streaming.py", line 100, in create_final_dataframe
    df_out.update(df1)
TypeError: cannot convert dictionary update sequence element #0 to a sequence
2024-06-19 06:07:53,826:close:INFO:Closing down clientserver connection
[2024-06-19T06:07:53.863+0000] {docker.py:413} INFO - 24/06/19 06:07:53 INFO SparkContext: Invoking stop() from shutdown hook
[2024-06-19T06:07:53.864+0000] {docker.py:413} INFO - 24/06/19 06:07:53 INFO SparkContext: SparkContext is stopping with exitCode 0.
[2024-06-19T06:07:53.871+0000] {docker.py:413} INFO - 24/06/19 06:07:53 INFO SparkUI: Stopped Spark web UI at http://localhost:4040
[2024-06-19T06:07:53.878+0000] {docker.py:413} INFO - 24/06/19 06:07:53 INFO MapOutputTrackerMasterEndpoint: MapOutputTrackerMasterEndpoint stopped!
[2024-06-19T06:07:53.885+0000] {docker.py:413} INFO - 24/06/19 06:07:53 INFO MemoryStore: MemoryStore cleared
[2024-06-19T06:07:53.887+0000] {docker.py:413} INFO - 24/06/19 06:07:53 INFO BlockManager: BlockManager stopped
[2024-06-19T06:07:53.895+0000] {docker.py:413} INFO - 24/06/19 06:07:53 INFO BlockManagerMaster: BlockManagerMaster stopped
[2024-06-19T06:07:53.898+0000] {docker.py:413} INFO - 24/06/19 06:07:53 INFO OutputCommitCoordinator$OutputCommitCoordinatorEndpoint: OutputCommitCoordinator stopped!
[2024-06-19T06:07:53.912+0000] {docker.py:413} INFO - 24/06/19 06:07:53 INFO SparkContext: Successfully stopped SparkContext
[2024-06-19T06:07:53.913+0000] {docker.py:413} INFO - 24/06/19 06:07:53 INFO ShutdownHookManager: Shutdown hook called
[2024-06-19T06:07:53.914+0000] {docker.py:413} INFO - 24/06/19 06:07:53 INFO ShutdownHookManager: Deleting directory /tmp/spark-af00b5dc-5c5d-4acc-99da-6479c1a1432d
[2024-06-19T06:07:53.914+0000] {docker.py:413} INFO - 24/06/19 06:07:53 INFO ShutdownHookManager: Deleting directory /tmp/spark-ee4d3053-7b1c-4f14-b08b-b19754a8afa8
[2024-06-19T06:07:53.916+0000] {docker.py:413} INFO - 24/06/19 06:07:53 INFO ShutdownHookManager: Deleting directory /tmp/spark-ee4d3053-7b1c-4f14-b08b-b19754a8afa8/pyspark-86ea840f-fe3f-4590-982c-3f46d57abb6e
[2024-06-19T06:07:54.292+0000] {taskinstance.py:1937} ERROR - Task failed with exception
Traceback (most recent call last):
  File "/home/airflow/.local/lib/python3.8/site-packages/docker/api/client.py", line 268, in _raise_for_status
    response.raise_for_status()
  File "/home/airflow/.local/lib/python3.8/site-packages/requests/models.py", line 1021, in raise_for_status
    raise HTTPError(http_error_msg, response=self)
requests.exceptions.HTTPError: 400 Client Error: Bad Request for url: http://docker-proxy:2375/v1.44/containers/create

The above exception was the direct cause of the following exception:

Traceback (most recent call last):
  File "/home/airflow/.local/lib/python3.8/site-packages/airflow/providers/docker/operators/docker.py", line 348, in _run_image
    return self._run_image_with_mounts([*self.mounts, tmp_mount], add_tmp_variable=True)
  File "/home/airflow/.local/lib/python3.8/site-packages/airflow/providers/docker/operators/docker.py", line 375, in _run_image_with_mounts
    self.container = self.cli.create_container(
  File "/home/airflow/.local/lib/python3.8/site-packages/docker/api/container.py", line 431, in create_container
    return self.create_container_from_config(config, name, platform)
  File "/home/airflow/.local/lib/python3.8/site-packages/docker/api/container.py", line 448, in create_container_from_config
    return self._result(res, True)
  File "/home/airflow/.local/lib/python3.8/site-packages/docker/api/client.py", line 274, in _result
    self._raise_for_status(response)
  File "/home/airflow/.local/lib/python3.8/site-packages/docker/api/client.py", line 270, in _raise_for_status
    raise create_api_error_from_http_exception(e) from e
  File "/home/airflow/.local/lib/python3.8/site-packages/docker/errors.py", line 39, in create_api_error_from_http_exception
    raise cls(e, response=response, explanation=explanation) from e
docker.errors.APIError: 400 Client Error for http://docker-proxy:2375/v1.44/containers/create: Bad Request ("invalid mount config for type "bind": bind source path does not exist: /host_mnt/private/tmp/airflowtmp2r313nle")

During handling of the above exception, another exception occurred:

Traceback (most recent call last):
  File "/home/airflow/.local/lib/python3.8/site-packages/airflow/providers/docker/operators/docker.py", line 486, in execute
    return self._run_image()
  File "/home/airflow/.local/lib/python3.8/site-packages/airflow/providers/docker/operators/docker.py", line 357, in _run_image
    return self._run_image_with_mounts(self.mounts, add_tmp_variable=False)
  File "/home/airflow/.local/lib/python3.8/site-packages/airflow/providers/docker/operators/docker.py", line 421, in _run_image_with_mounts
    raise DockerContainerFailedException(f"Docker container failed: {result!r}", logs=log_lines)
airflow.providers.docker.exceptions.DockerContainerFailedException: Docker container failed: {'StatusCode': 1}
[2024-06-19T06:07:54.330+0000] {taskinstance.py:1400} INFO - Marking task as UP_FOR_RETRY. dag_id=kafka_spark_dag, task_id=pyspark_consumer, execution_date=20240619T060135, start_date=20240619T060639, end_date=20240619T060754
[2024-06-19T06:07:54.346+0000] {standard_task_runner.py:104} ERROR - Failed to execute job 67 for task pyspark_consumer (Docker container failed: {'StatusCode': 1}; 3451)
[2024-06-19T06:07:54.372+0000] {local_task_job_runner.py:228} INFO - Task exited with return code 1
[2024-06-19T06:07:54.431+0000] {taskinstance.py:2778} INFO - 0 downstream tasks scheduled from follow-on schedule check
